[1.751s] Invoking command in '/Pav-S_ws/src/navigation2-humble/nav2_simple_commander': CMAKE_PREFIX_PATH=/Pav-S_ws/install/nav2_msgs:/Pav-S_ws/install/nav2_common:/ws_livox/install/pointcloud_to_laserscan:/ws_livox/install/livox_ros_driver2:/Pav-S_ws/install/wheeltec_robot_urdf:/Pav-S_ws/install/turn_on_wheeltec_robot:/Pav-S_ws/install/wheeltec_robot_msg:/Pav-S_ws/install/usb_cam:/Pav-S_ws/install/serial:/Pav-S_ws/install/robot_kcf:/Pav-S_ws/install/dwb_msgs:/Pav-S_ws/install/nav_2d_msgs:/Pav-S_ws/install/nav2_voxel_grid:/Pav-S_ws/install/nav2_util:/Pav-S_ws/install/libuvc:/Pav-S_ws/install/fast_lio:/Pav-S_ws/install/astra_camera:/Pav-S_ws/install/astra_camera_msgs LD_LIBRARY_PATH=/Pav-S_ws/install/nav2_msgs/lib:/usr/local/cuda-12.2/lib64:/ws_livox/install/pointcloud_to_laserscan/lib:/ws_livox/install/livox_ros_driver2/lib:/Pav-S_ws/install/turn_on_wheeltec_robot/lib:/Pav-S_ws/install/wheeltec_robot_msg/lib:/Pav-S_ws/install/usb_cam/lib:/Pav-S_ws/install/serial/lib:/Pav-S_ws/install/dwb_msgs/lib:/Pav-S_ws/install/nav_2d_msgs/lib:/Pav-S_ws/install/nav2_voxel_grid/lib:/Pav-S_ws/install/nav2_util/lib:/Pav-S_ws/install/libuvc/lib:/Pav-S_ws/install/fast_lio/lib:/Pav-S_ws/install/astra_camera/lib:/Pav-S_ws/install/astra_camera_msgs/lib:/opt/ros/humble/opt/rviz_ogre_vendor/lib:/opt/ros/humble/lib/aarch64-linux-gnu:/opt/ros/humble/lib:/usr/local/cuda-12.2/lib64 PYTHONPATH=/Pav-S_ws/build/nav2_simple_commander/prefix_override:/usr/lib/python3/dist-packages/colcon_core/task/python/colcon_distutils_commands:/Pav-S_ws/install/nav2_simple_commander/lib/python3.10/site-packages:${PYTHONPATH} /usr/bin/python3 -W ignore:setup.py install is deprecated -W ignore:easy_install command is deprecated setup.py egg_info --egg-base ../../../build/nav2_simple_commander build --build-base /Pav-S_ws/build/nav2_simple_commander/build install --record /Pav-S_ws/build/nav2_simple_commander/install.log --single-version-externally-managed install_data
[2.375s] running egg_info
[2.377s] writing ../../../build/nav2_simple_commander/nav2_simple_commander.egg-info/PKG-INFO
[2.377s] writing dependency_links to ../../../build/nav2_simple_commander/nav2_simple_commander.egg-info/dependency_links.txt
[2.378s] writing entry points to ../../../build/nav2_simple_commander/nav2_simple_commander.egg-info/entry_points.txt
[2.378s] writing requirements to ../../../build/nav2_simple_commander/nav2_simple_commander.egg-info/requires.txt
[2.379s] writing top-level names to ../../../build/nav2_simple_commander/nav2_simple_commander.egg-info/top_level.txt
[2.383s] reading manifest file '../../../build/nav2_simple_commander/nav2_simple_commander.egg-info/SOURCES.txt'
[2.386s] writing manifest file '../../../build/nav2_simple_commander/nav2_simple_commander.egg-info/SOURCES.txt'
[2.386s] running build
[2.386s] running build_py
[2.388s] running install
[2.389s] running install_lib
[2.393s] running install_data
[2.394s] running install_egg_info
[2.398s] removing '/Pav-S_ws/install/nav2_simple_commander/lib/python3.10/site-packages/nav2_simple_commander-1.0.0-py3.10.egg-info' (and everything under it)
[2.399s] Copying ../../../build/nav2_simple_commander/nav2_simple_commander.egg-info to /Pav-S_ws/install/nav2_simple_commander/lib/python3.10/site-packages/nav2_simple_commander-1.0.0-py3.10.egg-info
[2.401s] running install_scripts
[2.447s] Installing demo_inspection script to /Pav-S_ws/install/nav2_simple_commander/lib/nav2_simple_commander
[2.448s] Installing demo_picking script to /Pav-S_ws/install/nav2_simple_commander/lib/nav2_simple_commander
[2.448s] Installing demo_recoveries script to /Pav-S_ws/install/nav2_simple_commander/lib/nav2_simple_commander
[2.448s] Installing demo_security script to /Pav-S_ws/install/nav2_simple_commander/lib/nav2_simple_commander
[2.449s] Installing example_assisted_teleop script to /Pav-S_ws/install/nav2_simple_commander/lib/nav2_simple_commander
[2.449s] Installing example_follow_path script to /Pav-S_ws/install/nav2_simple_commander/lib/nav2_simple_commander
[2.449s] Installing example_nav_through_poses script to /Pav-S_ws/install/nav2_simple_commander/lib/nav2_simple_commander
[2.449s] Installing example_nav_to_pose script to /Pav-S_ws/install/nav2_simple_commander/lib/nav2_simple_commander
[2.449s] Installing example_waypoint_follower script to /Pav-S_ws/install/nav2_simple_commander/lib/nav2_simple_commander
[2.451s] writing list of installed files to '/Pav-S_ws/build/nav2_simple_commander/install.log'
