[0.056s] Invoking command in '/Pav-S_ws/build/wheeltec_robot_msg': CMAKE_PREFIX_PATH=${CMAKE_PREFIX_PATH}:/Pav-S_ws/install/yolo_detector:/Pav-S_ws/install/yolov5_lib:/Pav-S_ws/install/nav2_simple_commander:/opt/ros/humble /usr/bin/cmake --build /Pav-S_ws/build/wheeltec_robot_msg -- -j6 -l6
[0.132s] -- Found ament_cmake: 1.3.12 (/opt/ros/humble/share/ament_cmake/cmake)
[0.605s] -- Found rosidl_default_generators: 1.2.0 (/opt/ros/humble/share/rosidl_default_generators/cmake)
[0.613s] -- Using all available rosidl_typesupport_c: rosidl_typesupport_fastrtps_c;rosidl_typesupport_introspection_c
[0.629s] -- Found rosidl_adapter: 3.1.7 (/opt/ros/humble/share/rosidl_adapter/cmake)
[0.724s] -- Using all available rosidl_typesupport_cpp: rosidl_typesupport_fastrtps_cpp;rosidl_typesupport_introspection_cpp
[0.774s] -- Found std_msgs: 4.9.0 (/opt/ros/humble/share/std_msgs/cmake)
[1.600s] -- Found ament_cmake_cppcheck: 0.12.14 (/opt/ros/humble/share/ament_cmake_cppcheck/cmake)
[1.601s] -- Found ament_cmake_cpplint: 0.12.14 (/opt/ros/humble/share/ament_cmake_cpplint/cmake)
[1.602s] -- Found ament_cmake_uncrustify: 0.12.14 (/opt/ros/humble/share/ament_cmake_uncrustify/cmake)
[1.609s] -- Found ament_cmake_ros: 0.10.0 (/opt/ros/humble/share/ament_cmake_ros/cmake)
[2.569s] -- Using all available rosidl_typesupport_c: rosidl_typesupport_fastrtps_c;rosidl_typesupport_introspection_c
[3.383s] -- Using all available rosidl_typesupport_cpp: rosidl_typesupport_fastrtps_cpp;rosidl_typesupport_introspection_cpp
[3.452s] -- Found python_cmake_module: 0.10.0 (/opt/ros/humble/share/python_cmake_module/cmake)
[3.509s] -- Using PYTHON_EXECUTABLE: /usr/bin/python3
[3.509s] -- Using PYTHON_INCLUDE_DIRS: /usr/include/python3.10
[3.509s] -- Using PYTHON_LIBRARIES: /usr/lib/aarch64-linux-gnu/libpython3.10.so
[3.579s] -- Found ament_cmake_flake8: 0.12.14 (/opt/ros/humble/share/ament_cmake_flake8/cmake)
[3.580s] -- Found ament_cmake_pep257: 0.12.14 (/opt/ros/humble/share/ament_cmake_pep257/cmake)
[3.593s] -- Configuring done
[3.678s] -- Generating done
[3.706s] -- Build files have been written to: /Pav-S_ws/build/wheeltec_robot_msg
[3.798s] [35m[1mConsolidate compiler generated dependencies of target wheeltec_robot_msg__rosidl_generator_c[0m
[3.868s] [  2%] Built target wheeltec_robot_msg__cpp
[3.870s] [ 12%] Built target wheeltec_robot_msg__rosidl_generator_c
[3.900s] [35m[1mConsolidate compiler generated dependencies of target wheeltec_robot_msg__rosidl_typesupport_fastrtps_cpp[0m
[3.915s] [ 12%] Built target ament_cmake_python_copy_wheeltec_robot_msg
[3.922s] [35m[1mConsolidate compiler generated dependencies of target wheeltec_robot_msg__rosidl_typesupport_fastrtps_c[0m
[3.928s] [35m[1mConsolidate compiler generated dependencies of target wheeltec_robot_msg__rosidl_typesupport_cpp[0m
[3.934s] [35m[1mConsolidate compiler generated dependencies of target wheeltec_robot_msg__rosidl_typesupport_introspection_cpp[0m
[3.968s] [35m[1mConsolidate compiler generated dependencies of target wheeltec_robot_msg__rosidl_typesupport_introspection_c[0m
[3.983s] [ 23%] Built target wheeltec_robot_msg__rosidl_typesupport_fastrtps_cpp
[3.990s] [35m[1mConsolidate compiler generated dependencies of target wheeltec_robot_msg__rosidl_typesupport_c[0m
[4.007s] [ 33%] Built target wheeltec_robot_msg__rosidl_typesupport_introspection_cpp
[4.016s] [ 43%] Built target wheeltec_robot_msg__rosidl_typesupport_cpp
[4.041s] [ 53%] Built target wheeltec_robot_msg__rosidl_typesupport_introspection_c
[4.044s] [ 64%] Built target wheeltec_robot_msg__rosidl_typesupport_fastrtps_c
[4.060s] [ 74%] Built target wheeltec_robot_msg__rosidl_typesupport_c
[4.161s] [ 74%] Built target wheeltec_robot_msg
[4.299s] [ 76%] Built target wheeltec_robot_msg__py
[4.367s] [35m[1mConsolidate compiler generated dependencies of target wheeltec_robot_msg__rosidl_generator_py[0m
[4.470s] [ 84%] Built target wheeltec_robot_msg__rosidl_generator_py
[4.513s] [35m[1mConsolidate compiler generated dependencies of target wheeltec_robot_msg__rosidl_typesupport_c__pyext[0m
[4.513s] [35m[1mConsolidate compiler generated dependencies of target wheeltec_robot_msg__rosidl_typesupport_fastrtps_c__pyext[0m
[4.554s] [ 89%] Built target wheeltec_robot_msg__rosidl_typesupport_c__pyext
[4.558s] [35m[1mConsolidate compiler generated dependencies of target wheeltec_robot_msg__rosidl_typesupport_introspection_c__pyext[0m
[4.604s] [ 94%] Built target wheeltec_robot_msg__rosidl_typesupport_fastrtps_c__pyext
[4.613s] [100%] Built target wheeltec_robot_msg__rosidl_typesupport_introspection_c__pyext
[4.922s] running egg_info
[4.924s] writing wheeltec_robot_msg.egg-info/PKG-INFO
[4.924s] writing dependency_links to wheeltec_robot_msg.egg-info/dependency_links.txt
[4.925s] writing top-level names to wheeltec_robot_msg.egg-info/top_level.txt
[4.931s] reading manifest file 'wheeltec_robot_msg.egg-info/SOURCES.txt'
[4.933s] writing manifest file 'wheeltec_robot_msg.egg-info/SOURCES.txt'
[5.074s] [100%] Built target ament_cmake_python_build_wheeltec_robot_msg_egg
[5.128s] Invoked command in '/Pav-S_ws/build/wheeltec_robot_msg' returned '0': CMAKE_PREFIX_PATH=${CMAKE_PREFIX_PATH}:/Pav-S_ws/install/yolo_detector:/Pav-S_ws/install/yolov5_lib:/Pav-S_ws/install/nav2_simple_commander:/opt/ros/humble /usr/bin/cmake --build /Pav-S_ws/build/wheeltec_robot_msg -- -j6 -l6
[5.130s] Invoking command in '/Pav-S_ws/build/wheeltec_robot_msg': CMAKE_PREFIX_PATH=${CMAKE_PREFIX_PATH}:/Pav-S_ws/install/yolo_detector:/Pav-S_ws/install/yolov5_lib:/Pav-S_ws/install/nav2_simple_commander:/opt/ros/humble /usr/bin/cmake --install /Pav-S_ws/build/wheeltec_robot_msg
[5.383s] -- Install configuration: "Release"
[5.384s] -- Up-to-date: /Pav-S_ws/install/wheeltec_robot_msg/share/ament_index/resource_index/rosidl_interfaces/wheeltec_robot_msg
[5.384s] -- Up-to-date: /Pav-S_ws/install/wheeltec_robot_msg/include/wheeltec_robot_msg/wheeltec_robot_msg
[5.384s] -- Up-to-date: /Pav-S_ws/install/wheeltec_robot_msg/include/wheeltec_robot_msg/wheeltec_robot_msg/msg
[5.384s] -- Up-to-date: /Pav-S_ws/install/wheeltec_robot_msg/include/wheeltec_robot_msg/wheeltec_robot_msg/msg/rosidl_generator_c__visibility_control.h
[5.384s] -- Up-to-date: /Pav-S_ws/install/wheeltec_robot_msg/include/wheeltec_robot_msg/wheeltec_robot_msg/msg/detail
[5.384s] -- Up-to-date: /Pav-S_ws/install/wheeltec_robot_msg/include/wheeltec_robot_msg/wheeltec_robot_msg/msg/detail/data__functions.c
[5.385s] -- Up-to-date: /Pav-S_ws/install/wheeltec_robot_msg/include/wheeltec_robot_msg/wheeltec_robot_msg/msg/detail/supersonic__type_support.h
[5.385s] -- Up-to-date: /Pav-S_ws/install/wheeltec_robot_msg/include/wheeltec_robot_msg/wheeltec_robot_msg/msg/detail/supersonic__functions.c
[5.385s] -- Up-to-date: /Pav-S_ws/install/wheeltec_robot_msg/include/wheeltec_robot_msg/wheeltec_robot_msg/msg/detail/supersonic__functions.h
[5.385s] -- Up-to-date: /Pav-S_ws/install/wheeltec_robot_msg/include/wheeltec_robot_msg/wheeltec_robot_msg/msg/detail/data__type_support.h
[5.398s] -- Up-to-date: /Pav-S_ws/install/wheeltec_robot_msg/include/wheeltec_robot_msg/wheeltec_robot_msg/msg/detail/supersonic__struct.h
[5.398s] -- Up-to-date: /Pav-S_ws/install/wheeltec_robot_msg/include/wheeltec_robot_msg/wheeltec_robot_msg/msg/detail/data__functions.h
[5.398s] -- Up-to-date: /Pav-S_ws/install/wheeltec_robot_msg/include/wheeltec_robot_msg/wheeltec_robot_msg/msg/detail/data__struct.h
[5.398s] -- Up-to-date: /Pav-S_ws/install/wheeltec_robot_msg/include/wheeltec_robot_msg/wheeltec_robot_msg/msg/supersonic.h
[5.398s] -- Up-to-date: /Pav-S_ws/install/wheeltec_robot_msg/include/wheeltec_robot_msg/wheeltec_robot_msg/msg/data.h
[5.398s] -- Up-to-date: /Pav-S_ws/install/wheeltec_robot_msg/share/wheeltec_robot_msg/environment/library_path.sh
[5.399s] -- Installing: /Pav-S_ws/install/wheeltec_robot_msg/share/wheeltec_robot_msg/environment/library_path.dsv
[5.399s] -- Up-to-date: /Pav-S_ws/install/wheeltec_robot_msg/lib/libwheeltec_robot_msg__rosidl_generator_c.so
[5.399s] -- Up-to-date: /Pav-S_ws/install/wheeltec_robot_msg/include/wheeltec_robot_msg/wheeltec_robot_msg
[5.399s] -- Up-to-date: /Pav-S_ws/install/wheeltec_robot_msg/include/wheeltec_robot_msg/wheeltec_robot_msg/msg
[5.399s] -- Up-to-date: /Pav-S_ws/install/wheeltec_robot_msg/include/wheeltec_robot_msg/wheeltec_robot_msg/msg/rosidl_typesupport_fastrtps_c__visibility_control.h
[5.399s] -- Up-to-date: /Pav-S_ws/install/wheeltec_robot_msg/include/wheeltec_robot_msg/wheeltec_robot_msg/msg/detail
[5.399s] -- Up-to-date: /Pav-S_ws/install/wheeltec_robot_msg/include/wheeltec_robot_msg/wheeltec_robot_msg/msg/detail/supersonic__rosidl_typesupport_fastrtps_c.h
[5.400s] -- Up-to-date: /Pav-S_ws/install/wheeltec_robot_msg/include/wheeltec_robot_msg/wheeltec_robot_msg/msg/detail/data__rosidl_typesupport_fastrtps_c.h
[5.400s] -- Up-to-date: /Pav-S_ws/install/wheeltec_robot_msg/lib/libwheeltec_robot_msg__rosidl_typesupport_fastrtps_c.so
[5.400s] -- Up-to-date: /Pav-S_ws/install/wheeltec_robot_msg/include/wheeltec_robot_msg/wheeltec_robot_msg
[5.400s] -- Up-to-date: /Pav-S_ws/install/wheeltec_robot_msg/include/wheeltec_robot_msg/wheeltec_robot_msg/msg
[5.400s] -- Up-to-date: /Pav-S_ws/install/wheeltec_robot_msg/include/wheeltec_robot_msg/wheeltec_robot_msg/msg/rosidl_typesupport_introspection_c__visibility_control.h
[5.400s] -- Up-to-date: /Pav-S_ws/install/wheeltec_robot_msg/include/wheeltec_robot_msg/wheeltec_robot_msg/msg/detail
[5.400s] -- Up-to-date: /Pav-S_ws/install/wheeltec_robot_msg/include/wheeltec_robot_msg/wheeltec_robot_msg/msg/detail/data__type_support.c
[5.400s] -- Up-to-date: /Pav-S_ws/install/wheeltec_robot_msg/include/wheeltec_robot_msg/wheeltec_robot_msg/msg/detail/supersonic__rosidl_typesupport_introspection_c.h
[5.400s] -- Up-to-date: /Pav-S_ws/install/wheeltec_robot_msg/include/wheeltec_robot_msg/wheeltec_robot_msg/msg/detail/data__rosidl_typesupport_introspection_c.h
[5.401s] -- Up-to-date: /Pav-S_ws/install/wheeltec_robot_msg/include/wheeltec_robot_msg/wheeltec_robot_msg/msg/detail/supersonic__type_support.c
[5.401s] -- Up-to-date: /Pav-S_ws/install/wheeltec_robot_msg/lib/libwheeltec_robot_msg__rosidl_typesupport_introspection_c.so
[5.401s] -- Up-to-date: /Pav-S_ws/install/wheeltec_robot_msg/lib/libwheeltec_robot_msg__rosidl_typesupport_c.so
[5.401s] -- Up-to-date: /Pav-S_ws/install/wheeltec_robot_msg/include/wheeltec_robot_msg/wheeltec_robot_msg
[5.401s] -- Up-to-date: /Pav-S_ws/install/wheeltec_robot_msg/include/wheeltec_robot_msg/wheeltec_robot_msg/msg
[5.401s] -- Up-to-date: /Pav-S_ws/install/wheeltec_robot_msg/include/wheeltec_robot_msg/wheeltec_robot_msg/msg/rosidl_generator_cpp__visibility_control.hpp
[5.401s] -- Up-to-date: /Pav-S_ws/install/wheeltec_robot_msg/include/wheeltec_robot_msg/wheeltec_robot_msg/msg/supersonic.hpp
[5.401s] -- Up-to-date: /Pav-S_ws/install/wheeltec_robot_msg/include/wheeltec_robot_msg/wheeltec_robot_msg/msg/detail
[5.402s] -- Up-to-date: /Pav-S_ws/install/wheeltec_robot_msg/include/wheeltec_robot_msg/wheeltec_robot_msg/msg/detail/data__type_support.hpp
[5.402s] -- Up-to-date: /Pav-S_ws/install/wheeltec_robot_msg/include/wheeltec_robot_msg/wheeltec_robot_msg/msg/detail/supersonic__builder.hpp
[5.402s] -- Up-to-date: /Pav-S_ws/install/wheeltec_robot_msg/include/wheeltec_robot_msg/wheeltec_robot_msg/msg/detail/supersonic__type_support.hpp
[5.402s] -- Up-to-date: /Pav-S_ws/install/wheeltec_robot_msg/include/wheeltec_robot_msg/wheeltec_robot_msg/msg/detail/data__traits.hpp
[5.402s] -- Up-to-date: /Pav-S_ws/install/wheeltec_robot_msg/include/wheeltec_robot_msg/wheeltec_robot_msg/msg/detail/data__struct.hpp
[5.402s] -- Up-to-date: /Pav-S_ws/install/wheeltec_robot_msg/include/wheeltec_robot_msg/wheeltec_robot_msg/msg/detail/supersonic__traits.hpp
[5.402s] -- Up-to-date: /Pav-S_ws/install/wheeltec_robot_msg/include/wheeltec_robot_msg/wheeltec_robot_msg/msg/detail/supersonic__struct.hpp
[5.402s] -- Up-to-date: /Pav-S_ws/install/wheeltec_robot_msg/include/wheeltec_robot_msg/wheeltec_robot_msg/msg/detail/data__builder.hpp
[5.402s] -- Up-to-date: /Pav-S_ws/install/wheeltec_robot_msg/include/wheeltec_robot_msg/wheeltec_robot_msg/msg/data.hpp
[5.403s] -- Up-to-date: /Pav-S_ws/install/wheeltec_robot_msg/include/wheeltec_robot_msg/wheeltec_robot_msg
[5.403s] -- Up-to-date: /Pav-S_ws/install/wheeltec_robot_msg/include/wheeltec_robot_msg/wheeltec_robot_msg/msg
[5.403s] -- Up-to-date: /Pav-S_ws/install/wheeltec_robot_msg/include/wheeltec_robot_msg/wheeltec_robot_msg/msg/detail
[5.403s] -- Up-to-date: /Pav-S_ws/install/wheeltec_robot_msg/include/wheeltec_robot_msg/wheeltec_robot_msg/msg/detail/supersonic__rosidl_typesupport_fastrtps_cpp.hpp
[5.403s] -- Up-to-date: /Pav-S_ws/install/wheeltec_robot_msg/include/wheeltec_robot_msg/wheeltec_robot_msg/msg/detail/data__rosidl_typesupport_fastrtps_cpp.hpp
[5.403s] -- Up-to-date: /Pav-S_ws/install/wheeltec_robot_msg/include/wheeltec_robot_msg/wheeltec_robot_msg/msg/detail/dds_fastrtps
[5.404s] -- Up-to-date: /Pav-S_ws/install/wheeltec_robot_msg/include/wheeltec_robot_msg/wheeltec_robot_msg/msg/rosidl_typesupport_fastrtps_cpp__visibility_control.h
[5.404s] -- Up-to-date: /Pav-S_ws/install/wheeltec_robot_msg/lib/libwheeltec_robot_msg__rosidl_typesupport_fastrtps_cpp.so
[5.404s] -- Up-to-date: /Pav-S_ws/install/wheeltec_robot_msg/include/wheeltec_robot_msg/wheeltec_robot_msg
[5.404s] -- Up-to-date: /Pav-S_ws/install/wheeltec_robot_msg/include/wheeltec_robot_msg/wheeltec_robot_msg/msg
[5.404s] -- Up-to-date: /Pav-S_ws/install/wheeltec_robot_msg/include/wheeltec_robot_msg/wheeltec_robot_msg/msg/detail
[5.404s] -- Up-to-date: /Pav-S_ws/install/wheeltec_robot_msg/include/wheeltec_robot_msg/wheeltec_robot_msg/msg/detail/data__type_support.cpp
[5.404s] -- Up-to-date: /Pav-S_ws/install/wheeltec_robot_msg/include/wheeltec_robot_msg/wheeltec_robot_msg/msg/detail/data__rosidl_typesupport_introspection_cpp.hpp
[5.404s] -- Up-to-date: /Pav-S_ws/install/wheeltec_robot_msg/include/wheeltec_robot_msg/wheeltec_robot_msg/msg/detail/supersonic__rosidl_typesupport_introspection_cpp.hpp
[5.405s] -- Up-to-date: /Pav-S_ws/install/wheeltec_robot_msg/include/wheeltec_robot_msg/wheeltec_robot_msg/msg/detail/supersonic__type_support.cpp
[5.405s] -- Up-to-date: /Pav-S_ws/install/wheeltec_robot_msg/lib/libwheeltec_robot_msg__rosidl_typesupport_introspection_cpp.so
[5.406s] -- Up-to-date: /Pav-S_ws/install/wheeltec_robot_msg/lib/libwheeltec_robot_msg__rosidl_typesupport_cpp.so
[5.406s] -- Up-to-date: /Pav-S_ws/install/wheeltec_robot_msg/share/wheeltec_robot_msg/environment/pythonpath.sh
[5.407s] -- Installing: /Pav-S_ws/install/wheeltec_robot_msg/share/wheeltec_robot_msg/environment/pythonpath.dsv
[5.407s] -- Up-to-date: /Pav-S_ws/install/wheeltec_robot_msg/local/lib/python3.10/dist-packages/wheeltec_robot_msg-0.0.0-py3.10.egg-info
[5.407s] -- Installing: /Pav-S_ws/install/wheeltec_robot_msg/local/lib/python3.10/dist-packages/wheeltec_robot_msg-0.0.0-py3.10.egg-info/dependency_links.txt
[5.407s] -- Installing: /Pav-S_ws/install/wheeltec_robot_msg/local/lib/python3.10/dist-packages/wheeltec_robot_msg-0.0.0-py3.10.egg-info/SOURCES.txt
[5.407s] -- Installing: /Pav-S_ws/install/wheeltec_robot_msg/local/lib/python3.10/dist-packages/wheeltec_robot_msg-0.0.0-py3.10.egg-info/PKG-INFO
[5.407s] -- Installing: /Pav-S_ws/install/wheeltec_robot_msg/local/lib/python3.10/dist-packages/wheeltec_robot_msg-0.0.0-py3.10.egg-info/top_level.txt
[5.407s] -- Up-to-date: /Pav-S_ws/install/wheeltec_robot_msg/local/lib/python3.10/dist-packages/wheeltec_robot_msg
[5.407s] -- Up-to-date: /Pav-S_ws/install/wheeltec_robot_msg/local/lib/python3.10/dist-packages/wheeltec_robot_msg/_wheeltec_robot_msg_s.ep.rosidl_typesupport_fastrtps_c.c
[5.408s] -- Up-to-date: /Pav-S_ws/install/wheeltec_robot_msg/local/lib/python3.10/dist-packages/wheeltec_robot_msg/libwheeltec_robot_msg__rosidl_generator_py.so
[5.408s] -- Up-to-date: /Pav-S_ws/install/wheeltec_robot_msg/local/lib/python3.10/dist-packages/wheeltec_robot_msg/wheeltec_robot_msg_s__rosidl_typesupport_c.cpython-310-aarch64-linux-gnu.so
[5.408s] -- Up-to-date: /Pav-S_ws/install/wheeltec_robot_msg/local/lib/python3.10/dist-packages/wheeltec_robot_msg/_wheeltec_robot_msg_s.ep.rosidl_typesupport_c.c
[5.408s] -- Up-to-date: /Pav-S_ws/install/wheeltec_robot_msg/local/lib/python3.10/dist-packages/wheeltec_robot_msg/wheeltec_robot_msg_s__rosidl_typesupport_introspection_c.cpython-310-aarch64-linux-gnu.so
[5.408s] -- Up-to-date: /Pav-S_ws/install/wheeltec_robot_msg/local/lib/python3.10/dist-packages/wheeltec_robot_msg/msg
[5.408s] -- Up-to-date: /Pav-S_ws/install/wheeltec_robot_msg/local/lib/python3.10/dist-packages/wheeltec_robot_msg/msg/_supersonic_s.c
[5.408s] -- Up-to-date: /Pav-S_ws/install/wheeltec_robot_msg/local/lib/python3.10/dist-packages/wheeltec_robot_msg/msg/_data.py
[5.408s] -- Up-to-date: /Pav-S_ws/install/wheeltec_robot_msg/local/lib/python3.10/dist-packages/wheeltec_robot_msg/msg/_data_s.c
[5.409s] -- Up-to-date: /Pav-S_ws/install/wheeltec_robot_msg/local/lib/python3.10/dist-packages/wheeltec_robot_msg/msg/__init__.py
[5.409s] -- Up-to-date: /Pav-S_ws/install/wheeltec_robot_msg/local/lib/python3.10/dist-packages/wheeltec_robot_msg/msg/_supersonic.py
[5.409s] -- Installing: /Pav-S_ws/install/wheeltec_robot_msg/local/lib/python3.10/dist-packages/wheeltec_robot_msg/__init__.py
[5.409s] -- Up-to-date: /Pav-S_ws/install/wheeltec_robot_msg/local/lib/python3.10/dist-packages/wheeltec_robot_msg/wheeltec_robot_msg_s__rosidl_typesupport_fastrtps_c.cpython-310-aarch64-linux-gnu.so
[5.409s] -- Up-to-date: /Pav-S_ws/install/wheeltec_robot_msg/local/lib/python3.10/dist-packages/wheeltec_robot_msg/_wheeltec_robot_msg_s.ep.rosidl_typesupport_introspection_c.c
[5.409s] Listing '/Pav-S_ws/install/wheeltec_robot_msg/local/lib/python3.10/dist-packages/wheeltec_robot_msg'...
[5.409s] Compiling '/Pav-S_ws/install/wheeltec_robot_msg/local/lib/python3.10/dist-packages/wheeltec_robot_msg/__init__.py'...
[5.409s] Listing '/Pav-S_ws/install/wheeltec_robot_msg/local/lib/python3.10/dist-packages/wheeltec_robot_msg/msg'...
[5.410s] -- Up-to-date: /Pav-S_ws/install/wheeltec_robot_msg/local/lib/python3.10/dist-packages/wheeltec_robot_msg/wheeltec_robot_msg_s__rosidl_typesupport_fastrtps_c.cpython-310-aarch64-linux-gnu.so
[5.410s] -- Up-to-date: /Pav-S_ws/install/wheeltec_robot_msg/local/lib/python3.10/dist-packages/wheeltec_robot_msg/wheeltec_robot_msg_s__rosidl_typesupport_introspection_c.cpython-310-aarch64-linux-gnu.so
[5.410s] -- Up-to-date: /Pav-S_ws/install/wheeltec_robot_msg/local/lib/python3.10/dist-packages/wheeltec_robot_msg/wheeltec_robot_msg_s__rosidl_typesupport_c.cpython-310-aarch64-linux-gnu.so
[5.410s] -- Up-to-date: /Pav-S_ws/install/wheeltec_robot_msg/lib/libwheeltec_robot_msg__rosidl_generator_py.so
[5.410s] -- Up-to-date: /Pav-S_ws/install/wheeltec_robot_msg/share/wheeltec_robot_msg/msg/Data.idl
[5.410s] -- Up-to-date: /Pav-S_ws/install/wheeltec_robot_msg/share/wheeltec_robot_msg/msg/Supersonic.idl
[5.410s] -- Up-to-date: /Pav-S_ws/install/wheeltec_robot_msg/share/wheeltec_robot_msg/msg/Data.msg
[5.410s] -- Up-to-date: /Pav-S_ws/install/wheeltec_robot_msg/share/wheeltec_robot_msg/msg/Supersonic.msg
[5.411s] -- Up-to-date: /Pav-S_ws/install/wheeltec_robot_msg/share/ament_index/resource_index/package_run_dependencies/wheeltec_robot_msg
[5.411s] -- Up-to-date: /Pav-S_ws/install/wheeltec_robot_msg/share/ament_index/resource_index/parent_prefix_path/wheeltec_robot_msg
[5.411s] -- Up-to-date: /Pav-S_ws/install/wheeltec_robot_msg/share/wheeltec_robot_msg/environment/ament_prefix_path.sh
[5.411s] -- Installing: /Pav-S_ws/install/wheeltec_robot_msg/share/wheeltec_robot_msg/environment/ament_prefix_path.dsv
[5.431s] -- Up-to-date: /Pav-S_ws/install/wheeltec_robot_msg/share/wheeltec_robot_msg/environment/path.sh
[5.431s] -- Installing: /Pav-S_ws/install/wheeltec_robot_msg/share/wheeltec_robot_msg/environment/path.dsv
[5.431s] -- Up-to-date: /Pav-S_ws/install/wheeltec_robot_msg/share/wheeltec_robot_msg/local_setup.bash
[5.431s] -- Up-to-date: /Pav-S_ws/install/wheeltec_robot_msg/share/wheeltec_robot_msg/local_setup.sh
[5.432s] -- Up-to-date: /Pav-S_ws/install/wheeltec_robot_msg/share/wheeltec_robot_msg/local_setup.zsh
[5.432s] -- Installing: /Pav-S_ws/install/wheeltec_robot_msg/share/wheeltec_robot_msg/local_setup.dsv
[5.432s] -- Installing: /Pav-S_ws/install/wheeltec_robot_msg/share/wheeltec_robot_msg/package.dsv
[5.432s] -- Up-to-date: /Pav-S_ws/install/wheeltec_robot_msg/share/ament_index/resource_index/packages/wheeltec_robot_msg
[5.432s] -- Up-to-date: /Pav-S_ws/install/wheeltec_robot_msg/share/wheeltec_robot_msg/cmake/export_wheeltec_robot_msg__rosidl_generator_cExport.cmake
[5.432s] -- Up-to-date: /Pav-S_ws/install/wheeltec_robot_msg/share/wheeltec_robot_msg/cmake/export_wheeltec_robot_msg__rosidl_generator_cExport-release.cmake
[5.432s] -- Up-to-date: /Pav-S_ws/install/wheeltec_robot_msg/share/wheeltec_robot_msg/cmake/export_wheeltec_robot_msg__rosidl_typesupport_fastrtps_cExport.cmake
[5.432s] -- Up-to-date: /Pav-S_ws/install/wheeltec_robot_msg/share/wheeltec_robot_msg/cmake/export_wheeltec_robot_msg__rosidl_typesupport_fastrtps_cExport-release.cmake
[5.433s] -- Up-to-date: /Pav-S_ws/install/wheeltec_robot_msg/share/wheeltec_robot_msg/cmake/wheeltec_robot_msg__rosidl_typesupport_introspection_cExport.cmake
[5.433s] -- Up-to-date: /Pav-S_ws/install/wheeltec_robot_msg/share/wheeltec_robot_msg/cmake/wheeltec_robot_msg__rosidl_typesupport_introspection_cExport-release.cmake
[5.433s] -- Up-to-date: /Pav-S_ws/install/wheeltec_robot_msg/share/wheeltec_robot_msg/cmake/wheeltec_robot_msg__rosidl_typesupport_cExport.cmake
[5.433s] -- Up-to-date: /Pav-S_ws/install/wheeltec_robot_msg/share/wheeltec_robot_msg/cmake/wheeltec_robot_msg__rosidl_typesupport_cExport-release.cmake
[5.433s] -- Up-to-date: /Pav-S_ws/install/wheeltec_robot_msg/share/wheeltec_robot_msg/cmake/export_wheeltec_robot_msg__rosidl_generator_cppExport.cmake
[5.433s] -- Up-to-date: /Pav-S_ws/install/wheeltec_robot_msg/share/wheeltec_robot_msg/cmake/export_wheeltec_robot_msg__rosidl_typesupport_fastrtps_cppExport.cmake
[5.433s] -- Up-to-date: /Pav-S_ws/install/wheeltec_robot_msg/share/wheeltec_robot_msg/cmake/export_wheeltec_robot_msg__rosidl_typesupport_fastrtps_cppExport-release.cmake
[5.433s] -- Up-to-date: /Pav-S_ws/install/wheeltec_robot_msg/share/wheeltec_robot_msg/cmake/wheeltec_robot_msg__rosidl_typesupport_introspection_cppExport.cmake
[5.433s] -- Up-to-date: /Pav-S_ws/install/wheeltec_robot_msg/share/wheeltec_robot_msg/cmake/wheeltec_robot_msg__rosidl_typesupport_introspection_cppExport-release.cmake
[5.434s] -- Up-to-date: /Pav-S_ws/install/wheeltec_robot_msg/share/wheeltec_robot_msg/cmake/wheeltec_robot_msg__rosidl_typesupport_cppExport.cmake
[5.434s] -- Up-to-date: /Pav-S_ws/install/wheeltec_robot_msg/share/wheeltec_robot_msg/cmake/wheeltec_robot_msg__rosidl_typesupport_cppExport-release.cmake
[5.434s] -- Up-to-date: /Pav-S_ws/install/wheeltec_robot_msg/share/wheeltec_robot_msg/cmake/export_wheeltec_robot_msg__rosidl_generator_pyExport.cmake
[5.434s] -- Up-to-date: /Pav-S_ws/install/wheeltec_robot_msg/share/wheeltec_robot_msg/cmake/export_wheeltec_robot_msg__rosidl_generator_pyExport-release.cmake
[5.434s] -- Up-to-date: /Pav-S_ws/install/wheeltec_robot_msg/share/wheeltec_robot_msg/cmake/rosidl_cmake-extras.cmake
[5.434s] -- Up-to-date: /Pav-S_ws/install/wheeltec_robot_msg/share/wheeltec_robot_msg/cmake/ament_cmake_export_dependencies-extras.cmake
[5.434s] -- Up-to-date: /Pav-S_ws/install/wheeltec_robot_msg/share/wheeltec_robot_msg/cmake/ament_cmake_export_include_directories-extras.cmake
[5.434s] -- Up-to-date: /Pav-S_ws/install/wheeltec_robot_msg/share/wheeltec_robot_msg/cmake/ament_cmake_export_libraries-extras.cmake
[5.435s] -- Up-to-date: /Pav-S_ws/install/wheeltec_robot_msg/share/wheeltec_robot_msg/cmake/ament_cmake_export_targets-extras.cmake
[5.435s] -- Up-to-date: /Pav-S_ws/install/wheeltec_robot_msg/share/wheeltec_robot_msg/cmake/rosidl_cmake_export_typesupport_targets-extras.cmake
[5.435s] -- Up-to-date: /Pav-S_ws/install/wheeltec_robot_msg/share/wheeltec_robot_msg/cmake/rosidl_cmake_export_typesupport_libraries-extras.cmake
[5.435s] -- Up-to-date: /Pav-S_ws/install/wheeltec_robot_msg/share/wheeltec_robot_msg/cmake/wheeltec_robot_msgConfig.cmake
[5.435s] -- Up-to-date: /Pav-S_ws/install/wheeltec_robot_msg/share/wheeltec_robot_msg/cmake/wheeltec_robot_msgConfig-version.cmake
[5.435s] -- Up-to-date: /Pav-S_ws/install/wheeltec_robot_msg/share/wheeltec_robot_msg/package.xml
[5.457s] Invoked command in '/Pav-S_ws/build/wheeltec_robot_msg' returned '0': CMAKE_PREFIX_PATH=${CMAKE_PREFIX_PATH}:/Pav-S_ws/install/yolo_detector:/Pav-S_ws/install/yolov5_lib:/Pav-S_ws/install/nav2_simple_commander:/opt/ros/humble /usr/bin/cmake --install /Pav-S_ws/build/wheeltec_robot_msg
