/Pav-S_ws/install/nav2_simple_commander/lib/python3.10/site-packages/nav2_simple_commander/example_follow_path.py
/Pav-S_ws/install/nav2_simple_commander/lib/python3.10/site-packages/nav2_simple_commander/demo_inspection.py
/Pav-S_ws/install/nav2_simple_commander/lib/python3.10/site-packages/nav2_simple_commander/example_nav_through_poses.py
/Pav-S_ws/install/nav2_simple_commander/lib/python3.10/site-packages/nav2_simple_commander/example_waypoint_follower.py
/Pav-S_ws/install/nav2_simple_commander/lib/python3.10/site-packages/nav2_simple_commander/footprint_collision_checker.py
/Pav-S_ws/install/nav2_simple_commander/lib/python3.10/site-packages/nav2_simple_commander/robot_navigator.py
/Pav-S_ws/install/nav2_simple_commander/lib/python3.10/site-packages/nav2_simple_commander/example_assisted_teleop.py
/Pav-S_ws/install/nav2_simple_commander/lib/python3.10/site-packages/nav2_simple_commander/demo_picking.py
/Pav-S_ws/install/nav2_simple_commander/lib/python3.10/site-packages/nav2_simple_commander/line_iterator.py
/Pav-S_ws/install/nav2_simple_commander/lib/python3.10/site-packages/nav2_simple_commander/demo_recoveries.py
/Pav-S_ws/install/nav2_simple_commander/lib/python3.10/site-packages/nav2_simple_commander/__init__.py
/Pav-S_ws/install/nav2_simple_commander/lib/python3.10/site-packages/nav2_simple_commander/costmap_2d.py
/Pav-S_ws/install/nav2_simple_commander/lib/python3.10/site-packages/nav2_simple_commander/example_nav_to_pose.py
/Pav-S_ws/install/nav2_simple_commander/lib/python3.10/site-packages/nav2_simple_commander/demo_security.py
/Pav-S_ws/install/nav2_simple_commander/lib/python3.10/site-packages/nav2_simple_commander/__pycache__/example_follow_path.cpython-310.pyc
/Pav-S_ws/install/nav2_simple_commander/lib/python3.10/site-packages/nav2_simple_commander/__pycache__/demo_inspection.cpython-310.pyc
/Pav-S_ws/install/nav2_simple_commander/lib/python3.10/site-packages/nav2_simple_commander/__pycache__/example_nav_through_poses.cpython-310.pyc
/Pav-S_ws/install/nav2_simple_commander/lib/python3.10/site-packages/nav2_simple_commander/__pycache__/example_waypoint_follower.cpython-310.pyc
/Pav-S_ws/install/nav2_simple_commander/lib/python3.10/site-packages/nav2_simple_commander/__pycache__/footprint_collision_checker.cpython-310.pyc
/Pav-S_ws/install/nav2_simple_commander/lib/python3.10/site-packages/nav2_simple_commander/__pycache__/robot_navigator.cpython-310.pyc
/Pav-S_ws/install/nav2_simple_commander/lib/python3.10/site-packages/nav2_simple_commander/__pycache__/example_assisted_teleop.cpython-310.pyc
/Pav-S_ws/install/nav2_simple_commander/lib/python3.10/site-packages/nav2_simple_commander/__pycache__/demo_picking.cpython-310.pyc
/Pav-S_ws/install/nav2_simple_commander/lib/python3.10/site-packages/nav2_simple_commander/__pycache__/line_iterator.cpython-310.pyc
/Pav-S_ws/install/nav2_simple_commander/lib/python3.10/site-packages/nav2_simple_commander/__pycache__/demo_recoveries.cpython-310.pyc
/Pav-S_ws/install/nav2_simple_commander/lib/python3.10/site-packages/nav2_simple_commander/__pycache__/__init__.cpython-310.pyc
/Pav-S_ws/install/nav2_simple_commander/lib/python3.10/site-packages/nav2_simple_commander/__pycache__/costmap_2d.cpython-310.pyc
/Pav-S_ws/install/nav2_simple_commander/lib/python3.10/site-packages/nav2_simple_commander/__pycache__/example_nav_to_pose.cpython-310.pyc
/Pav-S_ws/install/nav2_simple_commander/lib/python3.10/site-packages/nav2_simple_commander/__pycache__/demo_security.cpython-310.pyc
/Pav-S_ws/install/nav2_simple_commander/share/ament_index/resource_index/packages/nav2_simple_commander
/Pav-S_ws/install/nav2_simple_commander/share/nav2_simple_commander/package.xml
/Pav-S_ws/install/nav2_simple_commander/share/nav2_simple_commander/waypoint_follower_example_launch.py
/Pav-S_ws/install/nav2_simple_commander/share/nav2_simple_commander/follow_path_example_launch.py
/Pav-S_ws/install/nav2_simple_commander/share/nav2_simple_commander/security_demo_launch.py
/Pav-S_ws/install/nav2_simple_commander/share/nav2_simple_commander/nav_to_pose_example_launch.py
/Pav-S_ws/install/nav2_simple_commander/share/nav2_simple_commander/picking_demo_launch.py
/Pav-S_ws/install/nav2_simple_commander/share/nav2_simple_commander/nav_through_poses_example_launch.py
/Pav-S_ws/install/nav2_simple_commander/share/nav2_simple_commander/warehouse.world
/Pav-S_ws/install/nav2_simple_commander/share/nav2_simple_commander/inspection_demo_launch.py
/Pav-S_ws/install/nav2_simple_commander/share/nav2_simple_commander/recoveries_example_launch.py
/Pav-S_ws/install/nav2_simple_commander/share/nav2_simple_commander/assisted_teleop_example_launch.py
/Pav-S_ws/install/nav2_simple_commander/lib/python3.10/site-packages/nav2_simple_commander-1.0.0-py3.10.egg-info/requires.txt
/Pav-S_ws/install/nav2_simple_commander/lib/python3.10/site-packages/nav2_simple_commander-1.0.0-py3.10.egg-info/dependency_links.txt
/Pav-S_ws/install/nav2_simple_commander/lib/python3.10/site-packages/nav2_simple_commander-1.0.0-py3.10.egg-info/zip-safe
/Pav-S_ws/install/nav2_simple_commander/lib/python3.10/site-packages/nav2_simple_commander-1.0.0-py3.10.egg-info/SOURCES.txt
/Pav-S_ws/install/nav2_simple_commander/lib/python3.10/site-packages/nav2_simple_commander-1.0.0-py3.10.egg-info/entry_points.txt
/Pav-S_ws/install/nav2_simple_commander/lib/python3.10/site-packages/nav2_simple_commander-1.0.0-py3.10.egg-info/PKG-INFO
/Pav-S_ws/install/nav2_simple_commander/lib/python3.10/site-packages/nav2_simple_commander-1.0.0-py3.10.egg-info/top_level.txt
/Pav-S_ws/install/nav2_simple_commander/lib/nav2_simple_commander/demo_inspection
/Pav-S_ws/install/nav2_simple_commander/lib/nav2_simple_commander/demo_picking
/Pav-S_ws/install/nav2_simple_commander/lib/nav2_simple_commander/demo_recoveries
/Pav-S_ws/install/nav2_simple_commander/lib/nav2_simple_commander/demo_security
/Pav-S_ws/install/nav2_simple_commander/lib/nav2_simple_commander/example_assisted_teleop
/Pav-S_ws/install/nav2_simple_commander/lib/nav2_simple_commander/example_follow_path
/Pav-S_ws/install/nav2_simple_commander/lib/nav2_simple_commander/example_nav_through_poses
/Pav-S_ws/install/nav2_simple_commander/lib/nav2_simple_commander/example_nav_to_pose
/Pav-S_ws/install/nav2_simple_commander/lib/nav2_simple_commander/example_waypoint_follower
