[0.078s] Invoking command in '/Pav-S_ws/build/nav_2d_msgs': CMAKE_PREFIX_PATH=${CMAKE_PREFIX_PATH}:/Pav-S_ws/install/yolo_detector:/Pav-S_ws/install/yolov5_lib:/Pav-S_ws/install/nav2_simple_commander:/opt/ros/humble /usr/bin/cmake /Pav-S_ws/src/navigation2-humble/nav2_dwb_controller/nav_2d_msgs -DCMAKE_INSTALL_PREFIX=/Pav-S_ws/install/nav_2d_msgs
[0.140s] -- Found geometry_msgs: 4.9.0 (/opt/ros/humble/share/geometry_msgs/cmake)
[0.706s] -- Found rosidl_generator_c: 3.1.7 (/opt/ros/humble/share/rosidl_generator_c/cmake)
[0.711s] -- Found rosidl_adapter: 3.1.7 (/opt/ros/humble/share/rosidl_adapter/cmake)
[0.736s] -- Found rosidl_generator_cpp: 3.1.7 (/opt/ros/humble/share/rosidl_generator_cpp/cmake)
[0.782s] -- Using all available rosidl_typesupport_c: rosidl_typesupport_fastrtps_c;rosidl_typesupport_introspection_c
[0.809s] -- Using all available rosidl_typesupport_cpp: rosidl_typesupport_fastrtps_cpp;rosidl_typesupport_introspection_cpp
[0.919s] -- Found rosidl_default_generators: 1.2.0 (/opt/ros/humble/share/rosidl_default_generators/cmake)
[1.891s] -- Found ament_cmake_ros: 0.10.0 (/opt/ros/humble/share/ament_cmake_ros/cmake)
[3.194s] -- Using all available rosidl_typesupport_c: rosidl_typesupport_fastrtps_c;rosidl_typesupport_introspection_c
[3.675s] -- Using all available rosidl_typesupport_cpp: rosidl_typesupport_fastrtps_cpp;rosidl_typesupport_introspection_cpp
[3.770s] -- Found python_cmake_module: 0.10.0 (/opt/ros/humble/share/python_cmake_module/cmake)
[3.827s] -- Using PYTHON_EXECUTABLE: /usr/bin/python3
[3.827s] -- Using PYTHON_INCLUDE_DIRS: /usr/include/python3.10
[3.827s] -- Using PYTHON_LIBRARIES: /usr/lib/aarch64-linux-gnu/libpython3.10.so
[3.963s] -- Configuring done
[4.081s] -- Generating done
[4.108s] -- Build files have been written to: /Pav-S_ws/build/nav_2d_msgs
[4.137s] Invoked command in '/Pav-S_ws/build/nav_2d_msgs' returned '0': CMAKE_PREFIX_PATH=${CMAKE_PREFIX_PATH}:/Pav-S_ws/install/yolo_detector:/Pav-S_ws/install/yolov5_lib:/Pav-S_ws/install/nav2_simple_commander:/opt/ros/humble /usr/bin/cmake /Pav-S_ws/src/navigation2-humble/nav2_dwb_controller/nav_2d_msgs -DCMAKE_INSTALL_PREFIX=/Pav-S_ws/install/nav_2d_msgs
[4.144s] Invoking command in '/Pav-S_ws/build/nav_2d_msgs': CMAKE_PREFIX_PATH=${CMAKE_PREFIX_PATH}:/Pav-S_ws/install/yolo_detector:/Pav-S_ws/install/yolov5_lib:/Pav-S_ws/install/nav2_simple_commander:/opt/ros/humble /usr/bin/cmake --build /Pav-S_ws/build/nav_2d_msgs -- -j6 -l6
[4.232s] -- Found geometry_msgs: 4.9.0 (/opt/ros/humble/share/geometry_msgs/cmake)
[4.650s] -- Found rosidl_generator_c: 3.1.7 (/opt/ros/humble/share/rosidl_generator_c/cmake)
[4.656s] -- Found rosidl_adapter: 3.1.7 (/opt/ros/humble/share/rosidl_adapter/cmake)
[4.669s] -- Found rosidl_generator_cpp: 3.1.7 (/opt/ros/humble/share/rosidl_generator_cpp/cmake)
[4.712s] -- Using all available rosidl_typesupport_c: rosidl_typesupport_fastrtps_c;rosidl_typesupport_introspection_c
[4.759s] -- Using all available rosidl_typesupport_cpp: rosidl_typesupport_fastrtps_cpp;rosidl_typesupport_introspection_cpp
[4.865s] -- Found rosidl_default_generators: 1.2.0 (/opt/ros/humble/share/rosidl_default_generators/cmake)
[5.716s] -- Found ament_cmake_ros: 0.10.0 (/opt/ros/humble/share/ament_cmake_ros/cmake)
[7.139s] -- Using all available rosidl_typesupport_c: rosidl_typesupport_fastrtps_c;rosidl_typesupport_introspection_c
[7.605s] -- Using all available rosidl_typesupport_cpp: rosidl_typesupport_fastrtps_cpp;rosidl_typesupport_introspection_cpp
[7.692s] -- Found python_cmake_module: 0.10.0 (/opt/ros/humble/share/python_cmake_module/cmake)
[7.756s] -- Using PYTHON_EXECUTABLE: /usr/bin/python3
[7.756s] -- Using PYTHON_INCLUDE_DIRS: /usr/include/python3.10
[7.757s] -- Using PYTHON_LIBRARIES: /usr/lib/aarch64-linux-gnu/libpython3.10.so
[7.873s] -- Configuring done
[7.988s] -- Generating done
[8.023s] -- Build files have been written to: /Pav-S_ws/build/nav_2d_msgs
[8.109s] gmake[2]: Warning: File 'CMakeFiles/nav_2d_msgs__cpp.dir/compiler_depend.make' has modification time 1759584928 s in the future
[8.121s] gmake[2]: Warning: File 'CMakeFiles/nav_2d_msgs__rosidl_generator_c.dir/flags.make' has modification time 1759584928 s in the future
[8.130s] gmake[2]: Warning: File 'CMakeFiles/ament_cmake_python_copy_nav_2d_msgs.dir/compiler_depend.make' has modification time 1759584928 s in the future
[8.168s] gmake[2]: warning:  Clock skew detected.  Your build may be incomplete.
[8.168s] [35m[1mConsolidate compiler generated dependencies of target nav_2d_msgs__rosidl_generator_c[0m
[8.176s] gmake[2]: warning:  Clock skew detected.  Your build may be incomplete.
[8.177s] gmake[2]: Warning: File 'CMakeFiles/nav_2d_msgs__cpp.dir/compiler_depend.make' has modification time 1759584928 s in the future
[8.179s] gmake[2]: warning:  Clock skew detected.  Your build may be incomplete.
[8.186s] gmake[2]: Warning: File 'CMakeFiles/nav_2d_msgs__rosidl_generator_c.dir/flags.make' has modification time 1759584928 s in the future
[8.187s] gmake[2]: warning:  Clock skew detected.  Your build may be incomplete.
[8.193s] gmake[2]: warning:  Clock skew detected.  Your build may be incomplete.
[8.203s] gmake[2]: Warning: File 'CMakeFiles/ament_cmake_python_copy_nav_2d_msgs.dir/compiler_depend.make' has modification time 1759584928 s in the future
[8.219s] [ 11%] Built target nav_2d_msgs__rosidl_generator_c
[8.227s] [ 12%] Built target nav_2d_msgs__cpp
[8.233s] gmake[2]: Warning: File 'CMakeFiles/nav_2d_msgs__rosidl_typesupport_fastrtps_c.dir/flags.make' has modification time 1759584928 s in the future
[8.241s] gmake[2]: warning:  Clock skew detected.  Your build may be incomplete.
[8.245s] gmake[2]: Warning: File 'CMakeFiles/nav_2d_msgs__rosidl_typesupport_introspection_c.dir/flags.make' has modification time 1759584928 s in the future
[8.266s] gmake[2]: Warning: File 'CMakeFiles/nav_2d_msgs__rosidl_typesupport_c.dir/flags.make' has modification time 1759584928 s in the future
[8.267s] gmake[2]: Warning: File 'CMakeFiles/nav_2d_msgs__rosidl_typesupport_introspection_cpp.dir/flags.make' has modification time 1759584928 s in the future
[8.287s] [ 12%] Built target ament_cmake_python_copy_nav_2d_msgs
[8.302s] [35m[1mConsolidate compiler generated dependencies of target nav_2d_msgs__rosidl_typesupport_fastrtps_c[0m
[8.302s] [35m[1mConsolidate compiler generated dependencies of target nav_2d_msgs__rosidl_typesupport_introspection_c[0m
[8.303s] gmake[2]: Warning: File 'CMakeFiles/nav_2d_msgs__rosidl_typesupport_cpp.dir/flags.make' has modification time 1759584928 s in the future
[8.304s] [35m[1mConsolidate compiler generated dependencies of target nav_2d_msgs__rosidl_typesupport_introspection_cpp[0m
[8.308s] gmake[2]: warning:  Clock skew detected.  Your build may be incomplete.
[8.313s] gmake[2]: warning:  Clock skew detected.  Your build may be incomplete.
[8.314s] [35m[1mConsolidate compiler generated dependencies of target nav_2d_msgs__rosidl_typesupport_c[0m
[8.318s] gmake[2]: warning:  Clock skew detected.  Your build may be incomplete.
[8.319s] gmake[2]: warning:  Clock skew detected.  Your build may be incomplete.
[8.319s] gmake[2]: Warning: File 'CMakeFiles/nav_2d_msgs__rosidl_typesupport_fastrtps_cpp.dir/flags.make' has modification time 1759584928 s in the future
[8.325s] gmake[2]: Warning: File 'CMakeFiles/nav_2d_msgs__rosidl_typesupport_introspection_c.dir/flags.make' has modification time 1759584928 s in the future
[8.327s] gmake[2]: warning:  Clock skew detected.  Your build may be incomplete.
[8.343s] gmake[2]: Warning: File 'CMakeFiles/nav_2d_msgs__rosidl_typesupport_c.dir/flags.make' has modification time 1759584928 s in the future
[8.352s] gmake[2]: warning:  Clock skew detected.  Your build may be incomplete.
[8.353s] gmake[2]: Warning: File 'CMakeFiles/nav_2d_msgs__rosidl_typesupport_fastrtps_c.dir/flags.make' has modification time 1759584928 s in the future
[8.358s] gmake[2]: warning:  Clock skew detected.  Your build may be incomplete.
[8.358s] [35m[1mConsolidate compiler generated dependencies of target nav_2d_msgs__rosidl_typesupport_cpp[0m
[8.366s] gmake[2]: Warning: File 'CMakeFiles/nav_2d_msgs__rosidl_typesupport_introspection_cpp.dir/flags.make' has modification time 1759584928 s in the future
[8.367s] gmake[2]: warning:  Clock skew detected.  Your build may be incomplete.
[8.369s] gmake[2]: warning:  Clock skew detected.  Your build may be incomplete.
[8.377s] gmake[2]: Warning: File 'CMakeFiles/nav_2d_msgs__rosidl_typesupport_cpp.dir/flags.make' has modification time 1759584928 s in the future
[8.380s] gmake[2]: warning:  Clock skew detected.  Your build may be incomplete.
[8.386s] [35m[1mConsolidate compiler generated dependencies of target nav_2d_msgs__rosidl_typesupport_fastrtps_cpp[0m
[8.397s] gmake[2]: warning:  Clock skew detected.  Your build may be incomplete.
[8.406s] [ 23%] Built target nav_2d_msgs__rosidl_typesupport_c
[8.419s] gmake[2]: Warning: File 'CMakeFiles/nav_2d_msgs__rosidl_typesupport_fastrtps_cpp.dir/flags.make' has modification time 1759584928 s in the future
[8.421s] [ 35%] Built target nav_2d_msgs__rosidl_typesupport_introspection_c
[8.423s] gmake[2]: warning:  Clock skew detected.  Your build may be incomplete.
[8.424s] [ 46%] Built target nav_2d_msgs__rosidl_typesupport_fastrtps_c
[8.424s] gmake[2]: Warning: File 'CMakeFiles/ament_cmake_python_build_nav_2d_msgs_egg.dir/compiler_depend.make' has modification time 1759584928 s in the future
[8.433s] [ 57%] Built target nav_2d_msgs__rosidl_typesupport_cpp
[8.434s] [ 69%] Built target nav_2d_msgs__rosidl_typesupport_introspection_cpp
[8.466s] [ 80%] Built target nav_2d_msgs__rosidl_typesupport_fastrtps_cpp
[8.477s] gmake[2]: warning:  Clock skew detected.  Your build may be incomplete.
[8.487s] gmake[2]: Warning: File 'CMakeFiles/nav_2d_msgs.dir/compiler_depend.make' has modification time 1759584928 s in the future
[8.489s] gmake[2]: Warning: File 'CMakeFiles/ament_cmake_python_build_nav_2d_msgs_egg.dir/compiler_depend.make' has modification time 1759584928 s in the future
[8.546s] gmake[2]: warning:  Clock skew detected.  Your build may be incomplete.
[8.562s] gmake[2]: Warning: File 'CMakeFiles/nav_2d_msgs.dir/compiler_depend.make' has modification time 1759584928 s in the future
[8.562s] gmake[2]: warning:  Clock skew detected.  Your build may be incomplete.
[8.627s] [ 80%] Built target nav_2d_msgs
[8.646s] gmake[2]: Warning: File 'nav_2d_msgs__py/CMakeFiles/nav_2d_msgs__py.dir/compiler_depend.make' has modification time 1759584928 s in the future
[8.709s] gmake[2]: warning:  Clock skew detected.  Your build may be incomplete.
[8.730s] gmake[2]: Warning: File 'nav_2d_msgs__py/CMakeFiles/nav_2d_msgs__py.dir/compiler_depend.make' has modification time 1759584928 s in the future
[8.731s] gmake[2]: warning:  Clock skew detected.  Your build may be incomplete.
[8.782s] [ 81%] Built target nav_2d_msgs__py
[8.787s] gmake[2]: Warning: File 'CMakeFiles/nav_2d_msgs__rosidl_generator_py.dir/flags.make' has modification time 1759584928 s in the future
[8.819s] [35m[1mConsolidate compiler generated dependencies of target nav_2d_msgs__rosidl_generator_py[0m
[8.829s] gmake[2]: warning:  Clock skew detected.  Your build may be incomplete.
[8.852s] gmake[2]: Warning: File 'CMakeFiles/nav_2d_msgs__rosidl_generator_py.dir/flags.make' has modification time 1759584928 s in the future
[8.854s] gmake[2]: warning:  Clock skew detected.  Your build may be incomplete.
[8.879s] [ 91%] Built target nav_2d_msgs__rosidl_generator_py
[8.894s] gmake[2]: Warning: File 'CMakeFiles/nav_2d_msgs__rosidl_typesupport_fastrtps_c__pyext.dir/flags.make' has modification time 1759584928 s in the future
[8.909s] gmake[2]: Warning: File 'CMakeFiles/nav_2d_msgs__rosidl_typesupport_introspection_c__pyext.dir/flags.make' has modification time 1759584928 s in the future
[8.922s] gmake[2]: Warning: File 'CMakeFiles/nav_2d_msgs__rosidl_typesupport_c__pyext.dir/flags.make' has modification time 1759584928 s in the future
[8.955s] [35m[1mConsolidate compiler generated dependencies of target nav_2d_msgs__rosidl_typesupport_introspection_c__pyext[0m
[8.960s] gmake[2]: warning:  Clock skew detected.  Your build may be incomplete.
[8.975s] gmake[2]: Warning: File 'CMakeFiles/nav_2d_msgs__rosidl_typesupport_introspection_c__pyext.dir/flags.make' has modification time 1759584928 s in the future
[8.976s] gmake[2]: warning:  Clock skew detected.  Your build may be incomplete.
[8.977s] [35m[1mConsolidate compiler generated dependencies of target nav_2d_msgs__rosidl_typesupport_fastrtps_c__pyext[0m
[8.979s] [35m[1mConsolidate compiler generated dependencies of target nav_2d_msgs__rosidl_typesupport_c__pyext[0m
[8.984s] gmake[2]: warning:  Clock skew detected.  Your build may be incomplete.
[9.004s] gmake[2]: warning:  Clock skew detected.  Your build may be incomplete.
[9.006s] gmake[2]: Warning: File 'CMakeFiles/nav_2d_msgs__rosidl_typesupport_c__pyext.dir/flags.make' has modification time 1759584928 s in the future
[9.011s] gmake[2]: warning:  Clock skew detected.  Your build may be incomplete.
[9.025s] gmake[2]: Warning: File 'CMakeFiles/nav_2d_msgs__rosidl_typesupport_fastrtps_c__pyext.dir/flags.make' has modification time 1759584928 s in the future
[9.026s] gmake[2]: warning:  Clock skew detected.  Your build may be incomplete.
[9.026s] [ 94%] Built target nav_2d_msgs__rosidl_typesupport_introspection_c__pyext
[9.049s] [ 97%] Built target nav_2d_msgs__rosidl_typesupport_c__pyext
[9.084s] [100%] Built target nav_2d_msgs__rosidl_typesupport_fastrtps_c__pyext
[9.488s] running egg_info
[9.488s] writing nav_2d_msgs.egg-info/PKG-INFO
[9.489s] writing dependency_links to nav_2d_msgs.egg-info/dependency_links.txt
[9.489s] writing top-level names to nav_2d_msgs.egg-info/top_level.txt
[9.492s] reading manifest file 'nav_2d_msgs.egg-info/SOURCES.txt'
[9.495s] writing manifest file 'nav_2d_msgs.egg-info/SOURCES.txt'
[9.601s] gmake[2]: warning:  Clock skew detected.  Your build may be incomplete.
[9.663s] [100%] Built target ament_cmake_python_build_nav_2d_msgs_egg
[9.699s] Invoked command in '/Pav-S_ws/build/nav_2d_msgs' returned '0': CMAKE_PREFIX_PATH=${CMAKE_PREFIX_PATH}:/Pav-S_ws/install/yolo_detector:/Pav-S_ws/install/yolov5_lib:/Pav-S_ws/install/nav2_simple_commander:/opt/ros/humble /usr/bin/cmake --build /Pav-S_ws/build/nav_2d_msgs -- -j6 -l6
[9.703s] Invoking command in '/Pav-S_ws/build/nav_2d_msgs': CMAKE_PREFIX_PATH=${CMAKE_PREFIX_PATH}:/Pav-S_ws/install/yolo_detector:/Pav-S_ws/install/yolov5_lib:/Pav-S_ws/install/nav2_simple_commander:/opt/ros/humble /usr/bin/cmake --install /Pav-S_ws/build/nav_2d_msgs
[10.243s] -- Install configuration: "Release"
[10.243s] -- Up-to-date: /Pav-S_ws/install/nav_2d_msgs/share/ament_index/resource_index/rosidl_interfaces/nav_2d_msgs
[10.243s] -- Up-to-date: /Pav-S_ws/install/nav_2d_msgs/include/nav_2d_msgs/nav_2d_msgs
[10.243s] -- Up-to-date: /Pav-S_ws/install/nav_2d_msgs/include/nav_2d_msgs/nav_2d_msgs/msg
[10.244s] -- Up-to-date: /Pav-S_ws/install/nav_2d_msgs/include/nav_2d_msgs/nav_2d_msgs/msg/rosidl_generator_c__visibility_control.h
[10.244s] -- Up-to-date: /Pav-S_ws/install/nav_2d_msgs/include/nav_2d_msgs/nav_2d_msgs/msg/twist2_d.h
[10.244s] -- Up-to-date: /Pav-S_ws/install/nav_2d_msgs/include/nav_2d_msgs/nav_2d_msgs/msg/twist2_d32.h
[10.244s] -- Up-to-date: /Pav-S_ws/install/nav_2d_msgs/include/nav_2d_msgs/nav_2d_msgs/msg/detail
[10.244s] -- Up-to-date: /Pav-S_ws/install/nav_2d_msgs/include/nav_2d_msgs/nav_2d_msgs/msg/detail/twist2_d__functions.h
[10.244s] -- Up-to-date: /Pav-S_ws/install/nav_2d_msgs/include/nav_2d_msgs/nav_2d_msgs/msg/detail/pose2_d_stamped__functions.h
[10.244s] -- Up-to-date: /Pav-S_ws/install/nav_2d_msgs/include/nav_2d_msgs/nav_2d_msgs/msg/detail/path2_d__functions.c
[10.244s] -- Up-to-date: /Pav-S_ws/install/nav_2d_msgs/include/nav_2d_msgs/nav_2d_msgs/msg/detail/path2_d__functions.h
[10.245s] -- Up-to-date: /Pav-S_ws/install/nav_2d_msgs/include/nav_2d_msgs/nav_2d_msgs/msg/detail/twist2_d_stamped__struct.h
[10.245s] -- Up-to-date: /Pav-S_ws/install/nav_2d_msgs/include/nav_2d_msgs/nav_2d_msgs/msg/detail/pose2_d32__functions.c
[10.245s] -- Up-to-date: /Pav-S_ws/install/nav_2d_msgs/include/nav_2d_msgs/nav_2d_msgs/msg/detail/path2_d__struct.h
[10.245s] -- Up-to-date: /Pav-S_ws/install/nav_2d_msgs/include/nav_2d_msgs/nav_2d_msgs/msg/detail/twist2_d_stamped__type_support.h
[10.245s] -- Up-to-date: /Pav-S_ws/install/nav_2d_msgs/include/nav_2d_msgs/nav_2d_msgs/msg/detail/pose2_d_stamped__functions.c
[10.245s] -- Up-to-date: /Pav-S_ws/install/nav_2d_msgs/include/nav_2d_msgs/nav_2d_msgs/msg/detail/twist2_d__struct.h
[10.245s] -- Up-to-date: /Pav-S_ws/install/nav_2d_msgs/include/nav_2d_msgs/nav_2d_msgs/msg/detail/pose2_d32__functions.h
[10.245s] -- Up-to-date: /Pav-S_ws/install/nav_2d_msgs/include/nav_2d_msgs/nav_2d_msgs/msg/detail/twist2_d32__functions.c
[10.246s] -- Up-to-date: /Pav-S_ws/install/nav_2d_msgs/include/nav_2d_msgs/nav_2d_msgs/msg/detail/pose2_d32__struct.h
[10.246s] -- Up-to-date: /Pav-S_ws/install/nav_2d_msgs/include/nav_2d_msgs/nav_2d_msgs/msg/detail/pose2_d_stamped__struct.h
[10.246s] -- Up-to-date: /Pav-S_ws/install/nav_2d_msgs/include/nav_2d_msgs/nav_2d_msgs/msg/detail/twist2_d32__type_support.h
[10.246s] -- Up-to-date: /Pav-S_ws/install/nav_2d_msgs/include/nav_2d_msgs/nav_2d_msgs/msg/detail/pose2_d_stamped__type_support.h
[10.246s] -- Up-to-date: /Pav-S_ws/install/nav_2d_msgs/include/nav_2d_msgs/nav_2d_msgs/msg/detail/twist2_d_stamped__functions.h
[10.246s] -- Up-to-date: /Pav-S_ws/install/nav_2d_msgs/include/nav_2d_msgs/nav_2d_msgs/msg/detail/twist2_d32__functions.h
[10.246s] -- Up-to-date: /Pav-S_ws/install/nav_2d_msgs/include/nav_2d_msgs/nav_2d_msgs/msg/detail/path2_d__type_support.h
[10.246s] -- Up-to-date: /Pav-S_ws/install/nav_2d_msgs/include/nav_2d_msgs/nav_2d_msgs/msg/detail/twist2_d_stamped__functions.c
[10.246s] -- Up-to-date: /Pav-S_ws/install/nav_2d_msgs/include/nav_2d_msgs/nav_2d_msgs/msg/detail/twist2_d32__struct.h
[10.247s] -- Up-to-date: /Pav-S_ws/install/nav_2d_msgs/include/nav_2d_msgs/nav_2d_msgs/msg/detail/twist2_d__functions.c
[10.247s] -- Up-to-date: /Pav-S_ws/install/nav_2d_msgs/include/nav_2d_msgs/nav_2d_msgs/msg/detail/twist2_d__type_support.h
[10.247s] -- Up-to-date: /Pav-S_ws/install/nav_2d_msgs/include/nav_2d_msgs/nav_2d_msgs/msg/detail/pose2_d32__type_support.h
[10.247s] -- Up-to-date: /Pav-S_ws/install/nav_2d_msgs/include/nav_2d_msgs/nav_2d_msgs/msg/path2_d.h
[10.247s] -- Up-to-date: /Pav-S_ws/install/nav_2d_msgs/include/nav_2d_msgs/nav_2d_msgs/msg/twist2_d_stamped.h
[10.247s] -- Up-to-date: /Pav-S_ws/install/nav_2d_msgs/include/nav_2d_msgs/nav_2d_msgs/msg/pose2_d_stamped.h
[10.247s] -- Up-to-date: /Pav-S_ws/install/nav_2d_msgs/include/nav_2d_msgs/nav_2d_msgs/msg/pose2_d32.h
[10.247s] -- Up-to-date: /Pav-S_ws/install/nav_2d_msgs/share/nav_2d_msgs/environment/library_path.sh
[10.248s] -- Installing: /Pav-S_ws/install/nav_2d_msgs/share/nav_2d_msgs/environment/library_path.dsv
[10.248s] -- Up-to-date: /Pav-S_ws/install/nav_2d_msgs/lib/libnav_2d_msgs__rosidl_generator_c.so
[10.248s] -- Up-to-date: /Pav-S_ws/install/nav_2d_msgs/include/nav_2d_msgs/nav_2d_msgs
[10.248s] -- Up-to-date: /Pav-S_ws/install/nav_2d_msgs/include/nav_2d_msgs/nav_2d_msgs/msg
[10.248s] -- Up-to-date: /Pav-S_ws/install/nav_2d_msgs/include/nav_2d_msgs/nav_2d_msgs/msg/rosidl_typesupport_fastrtps_c__visibility_control.h
[10.248s] -- Up-to-date: /Pav-S_ws/install/nav_2d_msgs/include/nav_2d_msgs/nav_2d_msgs/msg/detail
[10.248s] -- Up-to-date: /Pav-S_ws/install/nav_2d_msgs/include/nav_2d_msgs/nav_2d_msgs/msg/detail/pose2_d32__rosidl_typesupport_fastrtps_c.h
[10.248s] -- Up-to-date: /Pav-S_ws/install/nav_2d_msgs/include/nav_2d_msgs/nav_2d_msgs/msg/detail/twist2_d_stamped__rosidl_typesupport_fastrtps_c.h
[10.248s] -- Up-to-date: /Pav-S_ws/install/nav_2d_msgs/include/nav_2d_msgs/nav_2d_msgs/msg/detail/twist2_d32__rosidl_typesupport_fastrtps_c.h
[10.249s] -- Up-to-date: /Pav-S_ws/install/nav_2d_msgs/include/nav_2d_msgs/nav_2d_msgs/msg/detail/path2_d__rosidl_typesupport_fastrtps_c.h
[10.249s] -- Up-to-date: /Pav-S_ws/install/nav_2d_msgs/include/nav_2d_msgs/nav_2d_msgs/msg/detail/pose2_d_stamped__rosidl_typesupport_fastrtps_c.h
[10.249s] -- Up-to-date: /Pav-S_ws/install/nav_2d_msgs/include/nav_2d_msgs/nav_2d_msgs/msg/detail/twist2_d__rosidl_typesupport_fastrtps_c.h
[10.249s] -- Up-to-date: /Pav-S_ws/install/nav_2d_msgs/lib/libnav_2d_msgs__rosidl_typesupport_fastrtps_c.so
[10.249s] -- Up-to-date: /Pav-S_ws/install/nav_2d_msgs/include/nav_2d_msgs/nav_2d_msgs
[10.249s] -- Up-to-date: /Pav-S_ws/install/nav_2d_msgs/include/nav_2d_msgs/nav_2d_msgs/msg
[10.249s] -- Up-to-date: /Pav-S_ws/install/nav_2d_msgs/include/nav_2d_msgs/nav_2d_msgs/msg/twist2_d_stamped.hpp
[10.249s] -- Up-to-date: /Pav-S_ws/install/nav_2d_msgs/include/nav_2d_msgs/nav_2d_msgs/msg/rosidl_generator_cpp__visibility_control.hpp
[10.250s] -- Up-to-date: /Pav-S_ws/install/nav_2d_msgs/include/nav_2d_msgs/nav_2d_msgs/msg/pose2_d32.hpp
[10.250s] -- Up-to-date: /Pav-S_ws/install/nav_2d_msgs/include/nav_2d_msgs/nav_2d_msgs/msg/pose2_d_stamped.hpp
[10.253s] -- Up-to-date: /Pav-S_ws/install/nav_2d_msgs/include/nav_2d_msgs/nav_2d_msgs/msg/path2_d.hpp
[10.253s] -- Up-to-date: /Pav-S_ws/install/nav_2d_msgs/include/nav_2d_msgs/nav_2d_msgs/msg/detail
[10.253s] -- Up-to-date: /Pav-S_ws/install/nav_2d_msgs/include/nav_2d_msgs/nav_2d_msgs/msg/detail/pose2_d_stamped__builder.hpp
[10.253s] -- Up-to-date: /Pav-S_ws/install/nav_2d_msgs/include/nav_2d_msgs/nav_2d_msgs/msg/detail/pose2_d_stamped__type_support.hpp
[10.253s] -- Up-to-date: /Pav-S_ws/install/nav_2d_msgs/include/nav_2d_msgs/nav_2d_msgs/msg/detail/pose2_d32__traits.hpp
[10.253s] -- Up-to-date: /Pav-S_ws/install/nav_2d_msgs/include/nav_2d_msgs/nav_2d_msgs/msg/detail/path2_d__struct.hpp
[10.253s] -- Up-to-date: /Pav-S_ws/install/nav_2d_msgs/include/nav_2d_msgs/nav_2d_msgs/msg/detail/pose2_d32__type_support.hpp
[10.254s] -- Up-to-date: /Pav-S_ws/install/nav_2d_msgs/include/nav_2d_msgs/nav_2d_msgs/msg/detail/twist2_d32__type_support.hpp
[10.254s] -- Up-to-date: /Pav-S_ws/install/nav_2d_msgs/include/nav_2d_msgs/nav_2d_msgs/msg/detail/twist2_d__builder.hpp
[10.254s] -- Up-to-date: /Pav-S_ws/install/nav_2d_msgs/include/nav_2d_msgs/nav_2d_msgs/msg/detail/twist2_d__traits.hpp
[10.254s] -- Up-to-date: /Pav-S_ws/install/nav_2d_msgs/include/nav_2d_msgs/nav_2d_msgs/msg/detail/twist2_d32__struct.hpp
[10.254s] -- Up-to-date: /Pav-S_ws/install/nav_2d_msgs/include/nav_2d_msgs/nav_2d_msgs/msg/detail/twist2_d_stamped__builder.hpp
[10.254s] -- Up-to-date: /Pav-S_ws/install/nav_2d_msgs/include/nav_2d_msgs/nav_2d_msgs/msg/detail/twist2_d_stamped__traits.hpp
[10.254s] -- Up-to-date: /Pav-S_ws/install/nav_2d_msgs/include/nav_2d_msgs/nav_2d_msgs/msg/detail/path2_d__builder.hpp
[10.254s] -- Up-to-date: /Pav-S_ws/install/nav_2d_msgs/include/nav_2d_msgs/nav_2d_msgs/msg/detail/path2_d__type_support.hpp
[10.255s] -- Up-to-date: /Pav-S_ws/install/nav_2d_msgs/include/nav_2d_msgs/nav_2d_msgs/msg/detail/twist2_d_stamped__type_support.hpp
[10.255s] -- Up-to-date: /Pav-S_ws/install/nav_2d_msgs/include/nav_2d_msgs/nav_2d_msgs/msg/detail/twist2_d__type_support.hpp
[10.255s] -- Up-to-date: /Pav-S_ws/install/nav_2d_msgs/include/nav_2d_msgs/nav_2d_msgs/msg/detail/twist2_d32__builder.hpp
[10.255s] -- Up-to-date: /Pav-S_ws/install/nav_2d_msgs/include/nav_2d_msgs/nav_2d_msgs/msg/detail/twist2_d__struct.hpp
[10.255s] -- Up-to-date: /Pav-S_ws/install/nav_2d_msgs/include/nav_2d_msgs/nav_2d_msgs/msg/detail/pose2_d32__struct.hpp
[10.255s] -- Up-to-date: /Pav-S_ws/install/nav_2d_msgs/include/nav_2d_msgs/nav_2d_msgs/msg/detail/path2_d__traits.hpp
[10.255s] -- Up-to-date: /Pav-S_ws/install/nav_2d_msgs/include/nav_2d_msgs/nav_2d_msgs/msg/detail/pose2_d_stamped__traits.hpp
[10.255s] -- Up-to-date: /Pav-S_ws/install/nav_2d_msgs/include/nav_2d_msgs/nav_2d_msgs/msg/detail/pose2_d32__builder.hpp
[10.256s] -- Up-to-date: /Pav-S_ws/install/nav_2d_msgs/include/nav_2d_msgs/nav_2d_msgs/msg/detail/pose2_d_stamped__struct.hpp
[10.256s] -- Up-to-date: /Pav-S_ws/install/nav_2d_msgs/include/nav_2d_msgs/nav_2d_msgs/msg/detail/twist2_d_stamped__struct.hpp
[10.256s] -- Up-to-date: /Pav-S_ws/install/nav_2d_msgs/include/nav_2d_msgs/nav_2d_msgs/msg/detail/twist2_d32__traits.hpp
[10.256s] -- Up-to-date: /Pav-S_ws/install/nav_2d_msgs/include/nav_2d_msgs/nav_2d_msgs/msg/twist2_d32.hpp
[10.256s] -- Up-to-date: /Pav-S_ws/install/nav_2d_msgs/include/nav_2d_msgs/nav_2d_msgs/msg/twist2_d.hpp
[10.256s] -- Up-to-date: /Pav-S_ws/install/nav_2d_msgs/include/nav_2d_msgs/nav_2d_msgs
[10.256s] -- Up-to-date: /Pav-S_ws/install/nav_2d_msgs/include/nav_2d_msgs/nav_2d_msgs/msg
[10.256s] -- Up-to-date: /Pav-S_ws/install/nav_2d_msgs/include/nav_2d_msgs/nav_2d_msgs/msg/detail
[10.257s] -- Up-to-date: /Pav-S_ws/install/nav_2d_msgs/include/nav_2d_msgs/nav_2d_msgs/msg/detail/twist2_d_stamped__rosidl_typesupport_fastrtps_cpp.hpp
[10.257s] -- Up-to-date: /Pav-S_ws/install/nav_2d_msgs/include/nav_2d_msgs/nav_2d_msgs/msg/detail/pose2_d32__rosidl_typesupport_fastrtps_cpp.hpp
[10.257s] -- Up-to-date: /Pav-S_ws/install/nav_2d_msgs/include/nav_2d_msgs/nav_2d_msgs/msg/detail/pose2_d_stamped__rosidl_typesupport_fastrtps_cpp.hpp
[10.257s] -- Up-to-date: /Pav-S_ws/install/nav_2d_msgs/include/nav_2d_msgs/nav_2d_msgs/msg/detail/path2_d__rosidl_typesupport_fastrtps_cpp.hpp
[10.257s] -- Up-to-date: /Pav-S_ws/install/nav_2d_msgs/include/nav_2d_msgs/nav_2d_msgs/msg/detail/twist2_d__rosidl_typesupport_fastrtps_cpp.hpp
[10.257s] -- Up-to-date: /Pav-S_ws/install/nav_2d_msgs/include/nav_2d_msgs/nav_2d_msgs/msg/detail/dds_fastrtps
[10.257s] -- Up-to-date: /Pav-S_ws/install/nav_2d_msgs/include/nav_2d_msgs/nav_2d_msgs/msg/detail/twist2_d32__rosidl_typesupport_fastrtps_cpp.hpp
[10.257s] -- Up-to-date: /Pav-S_ws/install/nav_2d_msgs/include/nav_2d_msgs/nav_2d_msgs/msg/rosidl_typesupport_fastrtps_cpp__visibility_control.h
[10.257s] -- Up-to-date: /Pav-S_ws/install/nav_2d_msgs/lib/libnav_2d_msgs__rosidl_typesupport_fastrtps_cpp.so
[10.258s] -- Up-to-date: /Pav-S_ws/install/nav_2d_msgs/include/nav_2d_msgs/nav_2d_msgs
[10.258s] -- Up-to-date: /Pav-S_ws/install/nav_2d_msgs/include/nav_2d_msgs/nav_2d_msgs/msg
[10.258s] -- Up-to-date: /Pav-S_ws/install/nav_2d_msgs/include/nav_2d_msgs/nav_2d_msgs/msg/rosidl_typesupport_introspection_c__visibility_control.h
[10.258s] -- Up-to-date: /Pav-S_ws/install/nav_2d_msgs/include/nav_2d_msgs/nav_2d_msgs/msg/detail
[10.258s] -- Up-to-date: /Pav-S_ws/install/nav_2d_msgs/include/nav_2d_msgs/nav_2d_msgs/msg/detail/twist2_d__rosidl_typesupport_introspection_c.h
[10.270s] -- Up-to-date: /Pav-S_ws/install/nav_2d_msgs/include/nav_2d_msgs/nav_2d_msgs/msg/detail/twist2_d_stamped__type_support.c
[10.270s] -- Up-to-date: /Pav-S_ws/install/nav_2d_msgs/include/nav_2d_msgs/nav_2d_msgs/msg/detail/pose2_d32__type_support.c
[10.271s] -- Up-to-date: /Pav-S_ws/install/nav_2d_msgs/include/nav_2d_msgs/nav_2d_msgs/msg/detail/twist2_d__type_support.c
[10.271s] -- Up-to-date: /Pav-S_ws/install/nav_2d_msgs/include/nav_2d_msgs/nav_2d_msgs/msg/detail/path2_d__type_support.c
[10.271s] -- Up-to-date: /Pav-S_ws/install/nav_2d_msgs/include/nav_2d_msgs/nav_2d_msgs/msg/detail/pose2_d_stamped__type_support.c
[10.271s] -- Up-to-date: /Pav-S_ws/install/nav_2d_msgs/include/nav_2d_msgs/nav_2d_msgs/msg/detail/twist2_d_stamped__rosidl_typesupport_introspection_c.h
[10.271s] -- Up-to-date: /Pav-S_ws/install/nav_2d_msgs/include/nav_2d_msgs/nav_2d_msgs/msg/detail/pose2_d32__rosidl_typesupport_introspection_c.h
[10.271s] -- Up-to-date: /Pav-S_ws/install/nav_2d_msgs/include/nav_2d_msgs/nav_2d_msgs/msg/detail/twist2_d32__type_support.c
[10.271s] -- Up-to-date: /Pav-S_ws/install/nav_2d_msgs/include/nav_2d_msgs/nav_2d_msgs/msg/detail/twist2_d32__rosidl_typesupport_introspection_c.h
[10.271s] -- Up-to-date: /Pav-S_ws/install/nav_2d_msgs/include/nav_2d_msgs/nav_2d_msgs/msg/detail/pose2_d_stamped__rosidl_typesupport_introspection_c.h
[10.272s] -- Up-to-date: /Pav-S_ws/install/nav_2d_msgs/include/nav_2d_msgs/nav_2d_msgs/msg/detail/path2_d__rosidl_typesupport_introspection_c.h
[10.272s] -- Up-to-date: /Pav-S_ws/install/nav_2d_msgs/lib/libnav_2d_msgs__rosidl_typesupport_introspection_c.so
[10.272s] -- Up-to-date: /Pav-S_ws/install/nav_2d_msgs/lib/libnav_2d_msgs__rosidl_typesupport_c.so
[10.272s] -- Up-to-date: /Pav-S_ws/install/nav_2d_msgs/include/nav_2d_msgs/nav_2d_msgs
[10.272s] -- Up-to-date: /Pav-S_ws/install/nav_2d_msgs/include/nav_2d_msgs/nav_2d_msgs/msg
[10.272s] -- Up-to-date: /Pav-S_ws/install/nav_2d_msgs/include/nav_2d_msgs/nav_2d_msgs/msg/detail
[10.272s] -- Up-to-date: /Pav-S_ws/install/nav_2d_msgs/include/nav_2d_msgs/nav_2d_msgs/msg/detail/twist2_d32__rosidl_typesupport_introspection_cpp.hpp
[10.272s] -- Up-to-date: /Pav-S_ws/install/nav_2d_msgs/include/nav_2d_msgs/nav_2d_msgs/msg/detail/pose2_d_stamped__type_support.cpp
[10.273s] -- Up-to-date: /Pav-S_ws/install/nav_2d_msgs/include/nav_2d_msgs/nav_2d_msgs/msg/detail/path2_d__type_support.cpp
[10.273s] -- Up-to-date: /Pav-S_ws/install/nav_2d_msgs/include/nav_2d_msgs/nav_2d_msgs/msg/detail/path2_d__rosidl_typesupport_introspection_cpp.hpp
[10.273s] -- Up-to-date: /Pav-S_ws/install/nav_2d_msgs/include/nav_2d_msgs/nav_2d_msgs/msg/detail/twist2_d__type_support.cpp
[10.273s] -- Up-to-date: /Pav-S_ws/install/nav_2d_msgs/include/nav_2d_msgs/nav_2d_msgs/msg/detail/pose2_d_stamped__rosidl_typesupport_introspection_cpp.hpp
[10.273s] -- Up-to-date: /Pav-S_ws/install/nav_2d_msgs/include/nav_2d_msgs/nav_2d_msgs/msg/detail/twist2_d__rosidl_typesupport_introspection_cpp.hpp
[10.273s] -- Up-to-date: /Pav-S_ws/install/nav_2d_msgs/include/nav_2d_msgs/nav_2d_msgs/msg/detail/twist2_d32__type_support.cpp
[10.273s] -- Up-to-date: /Pav-S_ws/install/nav_2d_msgs/include/nav_2d_msgs/nav_2d_msgs/msg/detail/twist2_d_stamped__rosidl_typesupport_introspection_cpp.hpp
[10.273s] -- Up-to-date: /Pav-S_ws/install/nav_2d_msgs/include/nav_2d_msgs/nav_2d_msgs/msg/detail/pose2_d32__rosidl_typesupport_introspection_cpp.hpp
[10.273s] -- Up-to-date: /Pav-S_ws/install/nav_2d_msgs/include/nav_2d_msgs/nav_2d_msgs/msg/detail/pose2_d32__type_support.cpp
[10.274s] -- Up-to-date: /Pav-S_ws/install/nav_2d_msgs/include/nav_2d_msgs/nav_2d_msgs/msg/detail/twist2_d_stamped__type_support.cpp
[10.274s] -- Up-to-date: /Pav-S_ws/install/nav_2d_msgs/lib/libnav_2d_msgs__rosidl_typesupport_introspection_cpp.so
[10.274s] -- Up-to-date: /Pav-S_ws/install/nav_2d_msgs/lib/libnav_2d_msgs__rosidl_typesupport_cpp.so
[10.274s] -- Up-to-date: /Pav-S_ws/install/nav_2d_msgs/share/nav_2d_msgs/environment/pythonpath.sh
[10.274s] -- Installing: /Pav-S_ws/install/nav_2d_msgs/share/nav_2d_msgs/environment/pythonpath.dsv
[10.274s] -- Up-to-date: /Pav-S_ws/install/nav_2d_msgs/local/lib/python3.10/dist-packages/nav_2d_msgs-1.1.18-py3.10.egg-info
[10.274s] -- Installing: /Pav-S_ws/install/nav_2d_msgs/local/lib/python3.10/dist-packages/nav_2d_msgs-1.1.18-py3.10.egg-info/dependency_links.txt
[10.274s] -- Installing: /Pav-S_ws/install/nav_2d_msgs/local/lib/python3.10/dist-packages/nav_2d_msgs-1.1.18-py3.10.egg-info/SOURCES.txt
[10.274s] -- Installing: /Pav-S_ws/install/nav_2d_msgs/local/lib/python3.10/dist-packages/nav_2d_msgs-1.1.18-py3.10.egg-info/PKG-INFO
[10.275s] -- Installing: /Pav-S_ws/install/nav_2d_msgs/local/lib/python3.10/dist-packages/nav_2d_msgs-1.1.18-py3.10.egg-info/top_level.txt
[10.275s] -- Up-to-date: /Pav-S_ws/install/nav_2d_msgs/local/lib/python3.10/dist-packages/nav_2d_msgs
[10.275s] -- Up-to-date: /Pav-S_ws/install/nav_2d_msgs/local/lib/python3.10/dist-packages/nav_2d_msgs/nav_2d_msgs_s__rosidl_typesupport_introspection_c.cpython-310-aarch64-linux-gnu.so
[10.275s] -- Up-to-date: /Pav-S_ws/install/nav_2d_msgs/local/lib/python3.10/dist-packages/nav_2d_msgs/_nav_2d_msgs_s.ep.rosidl_typesupport_introspection_c.c
[10.275s] -- Up-to-date: /Pav-S_ws/install/nav_2d_msgs/local/lib/python3.10/dist-packages/nav_2d_msgs/nav_2d_msgs_s__rosidl_typesupport_c.cpython-310-aarch64-linux-gnu.so
[10.275s] -- Up-to-date: /Pav-S_ws/install/nav_2d_msgs/local/lib/python3.10/dist-packages/nav_2d_msgs/_nav_2d_msgs_s.ep.rosidl_typesupport_fastrtps_c.c
[10.275s] -- Up-to-date: /Pav-S_ws/install/nav_2d_msgs/local/lib/python3.10/dist-packages/nav_2d_msgs/msg
[10.275s] -- Up-to-date: /Pav-S_ws/install/nav_2d_msgs/local/lib/python3.10/dist-packages/nav_2d_msgs/msg/_path2_d_s.c
[10.276s] -- Up-to-date: /Pav-S_ws/install/nav_2d_msgs/local/lib/python3.10/dist-packages/nav_2d_msgs/msg/_twist2_d32_s.c
[10.276s] -- Up-to-date: /Pav-S_ws/install/nav_2d_msgs/local/lib/python3.10/dist-packages/nav_2d_msgs/msg/_path2_d.py
[10.276s] -- Up-to-date: /Pav-S_ws/install/nav_2d_msgs/local/lib/python3.10/dist-packages/nav_2d_msgs/msg/_twist2_d.py
[10.276s] -- Up-to-date: /Pav-S_ws/install/nav_2d_msgs/local/lib/python3.10/dist-packages/nav_2d_msgs/msg/_twist2_d_stamped.py
[10.276s] -- Up-to-date: /Pav-S_ws/install/nav_2d_msgs/local/lib/python3.10/dist-packages/nav_2d_msgs/msg/_pose2_d32_s.c
[10.276s] -- Up-to-date: /Pav-S_ws/install/nav_2d_msgs/local/lib/python3.10/dist-packages/nav_2d_msgs/msg/_pose2_d_stamped.py
[10.276s] -- Up-to-date: /Pav-S_ws/install/nav_2d_msgs/local/lib/python3.10/dist-packages/nav_2d_msgs/msg/_pose2_d_stamped_s.c
[10.276s] -- Up-to-date: /Pav-S_ws/install/nav_2d_msgs/local/lib/python3.10/dist-packages/nav_2d_msgs/msg/__init__.py
[10.276s] -- Up-to-date: /Pav-S_ws/install/nav_2d_msgs/local/lib/python3.10/dist-packages/nav_2d_msgs/msg/_pose2_d32.py
[10.277s] -- Up-to-date: /Pav-S_ws/install/nav_2d_msgs/local/lib/python3.10/dist-packages/nav_2d_msgs/msg/_twist2_d_s.c
[10.277s] -- Up-to-date: /Pav-S_ws/install/nav_2d_msgs/local/lib/python3.10/dist-packages/nav_2d_msgs/msg/_twist2_d_stamped_s.c
[10.277s] -- Up-to-date: /Pav-S_ws/install/nav_2d_msgs/local/lib/python3.10/dist-packages/nav_2d_msgs/msg/_twist2_d32.py
[10.277s] -- Up-to-date: /Pav-S_ws/install/nav_2d_msgs/local/lib/python3.10/dist-packages/nav_2d_msgs/_nav_2d_msgs_s.ep.rosidl_typesupport_c.c
[10.277s] -- Up-to-date: /Pav-S_ws/install/nav_2d_msgs/local/lib/python3.10/dist-packages/nav_2d_msgs/nav_2d_msgs_s__rosidl_typesupport_fastrtps_c.cpython-310-aarch64-linux-gnu.so
[10.277s] -- Installing: /Pav-S_ws/install/nav_2d_msgs/local/lib/python3.10/dist-packages/nav_2d_msgs/__init__.py
[10.277s] -- Up-to-date: /Pav-S_ws/install/nav_2d_msgs/local/lib/python3.10/dist-packages/nav_2d_msgs/libnav_2d_msgs__rosidl_generator_py.so
[10.368s] Listing '/Pav-S_ws/install/nav_2d_msgs/local/lib/python3.10/dist-packages/nav_2d_msgs'...
[10.369s] Compiling '/Pav-S_ws/install/nav_2d_msgs/local/lib/python3.10/dist-packages/nav_2d_msgs/__init__.py'...
[10.369s] Listing '/Pav-S_ws/install/nav_2d_msgs/local/lib/python3.10/dist-packages/nav_2d_msgs/msg'...
[10.387s] -- Up-to-date: /Pav-S_ws/install/nav_2d_msgs/local/lib/python3.10/dist-packages/nav_2d_msgs/nav_2d_msgs_s__rosidl_typesupport_fastrtps_c.cpython-310-aarch64-linux-gnu.so
[10.389s] -- Up-to-date: /Pav-S_ws/install/nav_2d_msgs/local/lib/python3.10/dist-packages/nav_2d_msgs/nav_2d_msgs_s__rosidl_typesupport_introspection_c.cpython-310-aarch64-linux-gnu.so
[10.389s] -- Up-to-date: /Pav-S_ws/install/nav_2d_msgs/local/lib/python3.10/dist-packages/nav_2d_msgs/nav_2d_msgs_s__rosidl_typesupport_c.cpython-310-aarch64-linux-gnu.so
[10.390s] -- Up-to-date: /Pav-S_ws/install/nav_2d_msgs/lib/libnav_2d_msgs__rosidl_generator_py.so
[10.391s] -- Up-to-date: /Pav-S_ws/install/nav_2d_msgs/share/nav_2d_msgs/msg/Path2D.idl
[10.391s] -- Up-to-date: /Pav-S_ws/install/nav_2d_msgs/share/nav_2d_msgs/msg/Pose2D32.idl
[10.392s] -- Up-to-date: /Pav-S_ws/install/nav_2d_msgs/share/nav_2d_msgs/msg/Pose2DStamped.idl
[10.392s] -- Up-to-date: /Pav-S_ws/install/nav_2d_msgs/share/nav_2d_msgs/msg/Twist2D.idl
[10.392s] -- Up-to-date: /Pav-S_ws/install/nav_2d_msgs/share/nav_2d_msgs/msg/Twist2D32.idl
[10.392s] -- Up-to-date: /Pav-S_ws/install/nav_2d_msgs/share/nav_2d_msgs/msg/Twist2DStamped.idl
[10.393s] -- Up-to-date: /Pav-S_ws/install/nav_2d_msgs/share/nav_2d_msgs/msg/Path2D.msg
[10.393s] -- Up-to-date: /Pav-S_ws/install/nav_2d_msgs/share/nav_2d_msgs/msg/Pose2D32.msg
[10.393s] -- Up-to-date: /Pav-S_ws/install/nav_2d_msgs/share/nav_2d_msgs/msg/Pose2DStamped.msg
[10.393s] -- Up-to-date: /Pav-S_ws/install/nav_2d_msgs/share/nav_2d_msgs/msg/Twist2D.msg
[10.393s] -- Up-to-date: /Pav-S_ws/install/nav_2d_msgs/share/nav_2d_msgs/msg/Twist2D32.msg
[10.394s] -- Up-to-date: /Pav-S_ws/install/nav_2d_msgs/share/nav_2d_msgs/msg/Twist2DStamped.msg
[10.394s] -- Up-to-date: /Pav-S_ws/install/nav_2d_msgs/share/ament_index/resource_index/package_run_dependencies/nav_2d_msgs
[10.394s] -- Installing: /Pav-S_ws/install/nav_2d_msgs/share/ament_index/resource_index/parent_prefix_path/nav_2d_msgs
[10.394s] -- Up-to-date: /Pav-S_ws/install/nav_2d_msgs/share/nav_2d_msgs/environment/ament_prefix_path.sh
[10.394s] -- Installing: /Pav-S_ws/install/nav_2d_msgs/share/nav_2d_msgs/environment/ament_prefix_path.dsv
[10.395s] -- Up-to-date: /Pav-S_ws/install/nav_2d_msgs/share/nav_2d_msgs/environment/path.sh
[10.395s] -- Installing: /Pav-S_ws/install/nav_2d_msgs/share/nav_2d_msgs/environment/path.dsv
[10.395s] -- Up-to-date: /Pav-S_ws/install/nav_2d_msgs/share/nav_2d_msgs/local_setup.bash
[10.395s] -- Up-to-date: /Pav-S_ws/install/nav_2d_msgs/share/nav_2d_msgs/local_setup.sh
[10.396s] -- Up-to-date: /Pav-S_ws/install/nav_2d_msgs/share/nav_2d_msgs/local_setup.zsh
[10.396s] -- Installing: /Pav-S_ws/install/nav_2d_msgs/share/nav_2d_msgs/local_setup.dsv
[10.396s] -- Installing: /Pav-S_ws/install/nav_2d_msgs/share/nav_2d_msgs/package.dsv
[10.396s] -- Up-to-date: /Pav-S_ws/install/nav_2d_msgs/share/ament_index/resource_index/packages/nav_2d_msgs
[10.397s] -- Up-to-date: /Pav-S_ws/install/nav_2d_msgs/share/nav_2d_msgs/cmake/export_nav_2d_msgs__rosidl_generator_cExport.cmake
[10.397s] -- Up-to-date: /Pav-S_ws/install/nav_2d_msgs/share/nav_2d_msgs/cmake/export_nav_2d_msgs__rosidl_generator_cExport-release.cmake
[10.397s] -- Up-to-date: /Pav-S_ws/install/nav_2d_msgs/share/nav_2d_msgs/cmake/export_nav_2d_msgs__rosidl_typesupport_fastrtps_cExport.cmake
[10.397s] -- Up-to-date: /Pav-S_ws/install/nav_2d_msgs/share/nav_2d_msgs/cmake/export_nav_2d_msgs__rosidl_typesupport_fastrtps_cExport-release.cmake
[10.398s] -- Up-to-date: /Pav-S_ws/install/nav_2d_msgs/share/nav_2d_msgs/cmake/export_nav_2d_msgs__rosidl_generator_cppExport.cmake
[10.399s] -- Up-to-date: /Pav-S_ws/install/nav_2d_msgs/share/nav_2d_msgs/cmake/export_nav_2d_msgs__rosidl_typesupport_fastrtps_cppExport.cmake
[10.399s] -- Up-to-date: /Pav-S_ws/install/nav_2d_msgs/share/nav_2d_msgs/cmake/export_nav_2d_msgs__rosidl_typesupport_fastrtps_cppExport-release.cmake
[10.401s] -- Up-to-date: /Pav-S_ws/install/nav_2d_msgs/share/nav_2d_msgs/cmake/nav_2d_msgs__rosidl_typesupport_introspection_cExport.cmake
[10.402s] -- Up-to-date: /Pav-S_ws/install/nav_2d_msgs/share/nav_2d_msgs/cmake/nav_2d_msgs__rosidl_typesupport_introspection_cExport-release.cmake
[10.402s] -- Up-to-date: /Pav-S_ws/install/nav_2d_msgs/share/nav_2d_msgs/cmake/nav_2d_msgs__rosidl_typesupport_cExport.cmake
[10.402s] -- Up-to-date: /Pav-S_ws/install/nav_2d_msgs/share/nav_2d_msgs/cmake/nav_2d_msgs__rosidl_typesupport_cExport-release.cmake
[10.402s] -- Up-to-date: /Pav-S_ws/install/nav_2d_msgs/share/nav_2d_msgs/cmake/nav_2d_msgs__rosidl_typesupport_introspection_cppExport.cmake
[10.402s] -- Up-to-date: /Pav-S_ws/install/nav_2d_msgs/share/nav_2d_msgs/cmake/nav_2d_msgs__rosidl_typesupport_introspection_cppExport-release.cmake
[10.403s] -- Up-to-date: /Pav-S_ws/install/nav_2d_msgs/share/nav_2d_msgs/cmake/nav_2d_msgs__rosidl_typesupport_cppExport.cmake
[10.403s] -- Up-to-date: /Pav-S_ws/install/nav_2d_msgs/share/nav_2d_msgs/cmake/nav_2d_msgs__rosidl_typesupport_cppExport-release.cmake
[10.406s] -- Up-to-date: /Pav-S_ws/install/nav_2d_msgs/share/nav_2d_msgs/cmake/export_nav_2d_msgs__rosidl_generator_pyExport.cmake
[10.406s] -- Up-to-date: /Pav-S_ws/install/nav_2d_msgs/share/nav_2d_msgs/cmake/export_nav_2d_msgs__rosidl_generator_pyExport-release.cmake
[10.407s] -- Up-to-date: /Pav-S_ws/install/nav_2d_msgs/share/nav_2d_msgs/cmake/rosidl_cmake-extras.cmake
[10.407s] -- Up-to-date: /Pav-S_ws/install/nav_2d_msgs/share/nav_2d_msgs/cmake/ament_cmake_export_dependencies-extras.cmake
[10.407s] -- Up-to-date: /Pav-S_ws/install/nav_2d_msgs/share/nav_2d_msgs/cmake/ament_cmake_export_include_directories-extras.cmake
[10.408s] -- Up-to-date: /Pav-S_ws/install/nav_2d_msgs/share/nav_2d_msgs/cmake/ament_cmake_export_libraries-extras.cmake
[10.408s] -- Up-to-date: /Pav-S_ws/install/nav_2d_msgs/share/nav_2d_msgs/cmake/ament_cmake_export_targets-extras.cmake
[10.408s] -- Up-to-date: /Pav-S_ws/install/nav_2d_msgs/share/nav_2d_msgs/cmake/rosidl_cmake_export_typesupport_targets-extras.cmake
[10.408s] -- Up-to-date: /Pav-S_ws/install/nav_2d_msgs/share/nav_2d_msgs/cmake/rosidl_cmake_export_typesupport_libraries-extras.cmake
[10.408s] -- Up-to-date: /Pav-S_ws/install/nav_2d_msgs/share/nav_2d_msgs/cmake/nav_2d_msgsConfig.cmake
[10.408s] -- Up-to-date: /Pav-S_ws/install/nav_2d_msgs/share/nav_2d_msgs/cmake/nav_2d_msgsConfig-version.cmake
[10.408s] -- Up-to-date: /Pav-S_ws/install/nav_2d_msgs/share/nav_2d_msgs/package.xml
[10.480s] Invoked command in '/Pav-S_ws/build/nav_2d_msgs' returned '0': CMAKE_PREFIX_PATH=${CMAKE_PREFIX_PATH}:/Pav-S_ws/install/yolo_detector:/Pav-S_ws/install/yolov5_lib:/Pav-S_ws/install/nav2_simple_commander:/opt/ros/humble /usr/bin/cmake --install /Pav-S_ws/build/nav_2d_msgs
