[0.064s] Invoking command in '/Pav-S_ws/build/serial': CMAKE_PREFIX_PATH=${CMAKE_PREFIX_PATH}:/Pav-S_ws/install/yolo_detector:/Pav-S_ws/install/yolov5_lib:/Pav-S_ws/install/nav2_simple_commander:/opt/ros/humble /usr/bin/cmake --build /Pav-S_ws/build/serial -- -j6 -l6
[0.268s] [100%] Built target serial
[1.075s] Invoked command in '/Pav-S_ws/build/serial' returned '0': CMAKE_PREFIX_PATH=${CMAKE_PREFIX_PATH}:/Pav-S_ws/install/yolo_detector:/Pav-S_ws/install/yolov5_lib:/Pav-S_ws/install/nav2_simple_commander:/opt/ros/humble /usr/bin/cmake --build /Pav-S_ws/build/serial -- -j6 -l6
[1.101s] Invoking command in '/Pav-S_ws/build/serial': CMAKE_PREFIX_PATH=${CMAKE_PREFIX_PATH}:/Pav-S_ws/install/yolo_detector:/Pav-S_ws/install/yolov5_lib:/Pav-S_ws/install/nav2_simple_commander:/opt/ros/humble /usr/bin/cmake --install /Pav-S_ws/build/serial
[1.136s] -- Install configuration: "Release"
[1.136s] -- Up-to-date: /Pav-S_ws/install/serial/lib/libserial.a
[1.137s] -- Up-to-date: /Pav-S_ws/install/serial/share/serial/environment/library_path.sh
[1.143s] -- Up-to-date: /Pav-S_ws/install/serial/share/serial/environment/library_path.dsv
[1.143s] -- Up-to-date: /Pav-S_ws/install/serial/include/serial
[1.143s] -- Up-to-date: /Pav-S_ws/install/serial/include/serial/serial.h
[1.143s] -- Up-to-date: /Pav-S_ws/install/serial/include/serial/v8stdint.h
[1.144s] -- Up-to-date: /Pav-S_ws/install/serial/include/serial/impl
[1.144s] -- Up-to-date: /Pav-S_ws/install/serial/include/serial/impl/unix.h
[1.144s] -- Up-to-date: /Pav-S_ws/install/serial/include/serial/impl/win.h
[1.144s] -- Up-to-date: /Pav-S_ws/install/serial/share/ament_index/resource_index/package_run_dependencies/serial
[1.144s] -- Up-to-date: /Pav-S_ws/install/serial/share/ament_index/resource_index/parent_prefix_path/serial
[1.144s] -- Up-to-date: /Pav-S_ws/install/serial/share/serial/environment/ament_prefix_path.sh
[1.144s] -- Up-to-date: /Pav-S_ws/install/serial/share/serial/environment/ament_prefix_path.dsv
[1.145s] -- Up-to-date: /Pav-S_ws/install/serial/share/serial/environment/path.sh
[1.145s] -- Up-to-date: /Pav-S_ws/install/serial/share/serial/environment/path.dsv
[1.145s] -- Up-to-date: /Pav-S_ws/install/serial/share/serial/local_setup.bash
[1.145s] -- Up-to-date: /Pav-S_ws/install/serial/share/serial/local_setup.sh
[1.145s] -- Up-to-date: /Pav-S_ws/install/serial/share/serial/local_setup.zsh
[1.145s] -- Up-to-date: /Pav-S_ws/install/serial/share/serial/local_setup.dsv
[1.145s] -- Installing: /Pav-S_ws/install/serial/share/serial/package.dsv
[1.146s] -- Up-to-date: /Pav-S_ws/install/serial/share/ament_index/resource_index/packages/serial
[1.146s] -- Up-to-date: /Pav-S_ws/install/serial/share/serial/cmake/ament_cmake_export_include_directories-extras.cmake
[1.146s] -- Up-to-date: /Pav-S_ws/install/serial/share/serial/cmake/ament_cmake_export_libraries-extras.cmake
[1.146s] -- Up-to-date: /Pav-S_ws/install/serial/share/serial/cmake/ament_cmake_export_dependencies-extras.cmake
[1.146s] -- Up-to-date: /Pav-S_ws/install/serial/share/serial/cmake/serialConfig.cmake
[1.146s] -- Up-to-date: /Pav-S_ws/install/serial/share/serial/cmake/serialConfig-version.cmake
[1.146s] -- Up-to-date: /Pav-S_ws/install/serial/share/serial/package.xml
[1.159s] Invoked command in '/Pav-S_ws/build/serial' returned '0': CMAKE_PREFIX_PATH=${CMAKE_PREFIX_PATH}:/Pav-S_ws/install/yolo_detector:/Pav-S_ws/install/yolov5_lib:/Pav-S_ws/install/nav2_simple_commander:/opt/ros/humble /usr/bin/cmake --install /Pav-S_ws/build/serial
