[  2%] Built target gtest
[  4%] Built target gtest_main
[ 21%] Built target nav2_costmap_2d_core
[ 26%] Built target filters
[ 29%] Built target nav2_costmap_2d_markers
[ 31%] Built target nav2_costmap_2d_cloud
[ 34%] Built target array_parser_test
[ 43%] Built target layers
[ 48%] Built target nav2_costmap_2d_client
[ 51%] Built target collision_footprint_test
[ 53%] Built target costmap_convesion_test
[ 56%] Built target declare_parameter_test
[ 58%] Built target keepout_filter_test
[ 60%] Built target speed_filter_test
[ 63%] Built target costmap_filter_test
[ 65%] Built target footprint_tests_exec
[ 68%] Built target binary_filter_test
[ 70%] Built target copy_window_test
[ 73%] Built target costmap_filter_service_test
[ 78%] Built target denoise_layer_test
[ 80%] Built target test_collision_checker_exec
[ 82%] Built target inflation_tests_exec
[ 85%] Built target dyn_params_tests
[ 87%] Built target costmap_bresenham_2d
[ 90%] Built target obstacle_tests_exec
[ 92%] Built target range_tests_exec
[ 95%] Built target order_layer
[ 97%] Built target plugin_api_order
[100%] Built target nav2_costmap_2d
