[0.075s] Invoking command in '/Pav-S_ws/build/nav2_costmap_2d': CMAKE_PREFIX_PATH=/Pav-S_ws/install/nav2_map_server:/Pav-S_ws/install/nav2_lifecycle_manager:/Pav-S_ws/install/nav2_util:/Pav-S_ws/install/nav2_voxel_grid:/Pav-S_ws/install/nav2_msgs:/Pav-S_ws/install/nav2_common:/Pav-S_ws/install/nav2_behavior_tree:/Pav-S_ws/install/nav2_dwb_controller:/Pav-S_ws/install/nav2_controller:/Pav-S_ws/install/nav2_planner:/Pav-S_ws/install/dwb_plugins:/Pav-S_ws/install/dwb_critics:/Pav-S_ws/install/dwb_core:/Pav-S_ws/install/nav_2d_utils:/Pav-S_ws/install/nav2_core:/Pav-S_ws/install/costmap_queue:/Pav-S_ws/install/nav2_costmap_2d:/ws_livox/install/pointcloud_to_laserscan:/ws_livox/install/livox_ros_driver2:/Pav-S_ws/install/wheeltec_robot_urdf:/Pav-S_ws/install/turn_on_wheeltec_robot:/Pav-S_ws/install/wheeltec_robot_msg:/Pav-S_ws/install/usb_cam:/Pav-S_ws/install/serial:/Pav-S_ws/install/robot_kcf:/Pav-S_ws/install/dwb_msgs:/Pav-S_ws/install/nav_2d_msgs:/Pav-S_ws/install/libuvc:/Pav-S_ws/install/fast_lio:/Pav-S_ws/install/astra_camera:/Pav-S_ws/install/astra_camera_msgs:/Pav-S_ws/install/yolo_detector:/Pav-S_ws/install/yolov5_lib:/Pav-S_ws/install/nav2_simple_commander:/opt/ros/humble LD_LIBRARY_PATH=/Pav-S_ws/install/nav2_map_server/lib:/Pav-S_ws/install/nav2_lifecycle_manager/lib:/Pav-S_ws/install/nav2_util/lib:/Pav-S_ws/install/nav2_voxel_grid/lib:/Pav-S_ws/install/nav2_msgs/lib:/Pav-S_ws/install/nav2_behavior_tree/lib:/Pav-S_ws/install/nav2_controller/lib:/Pav-S_ws/install/nav2_planner/lib:/Pav-S_ws/install/dwb_plugins/lib:/Pav-S_ws/install/dwb_critics/lib:/Pav-S_ws/install/dwb_core/lib:/Pav-S_ws/install/nav_2d_utils/lib:/Pav-S_ws/install/costmap_queue/lib:/Pav-S_ws/install/nav2_costmap_2d/lib:/usr/local/cuda-12.2/lib64:/ws_livox/install/pointcloud_to_laserscan/lib:/ws_livox/install/livox_ros_driver2/lib:/Pav-S_ws/install/turn_on_wheeltec_robot/lib:/Pav-S_ws/install/wheeltec_robot_msg/lib:/Pav-S_ws/install/usb_cam/lib:/Pav-S_ws/install/serial/lib:/Pav-S_ws/install/dwb_msgs/lib:/Pav-S_ws/install/nav_2d_msgs/lib:/Pav-S_ws/install/libuvc/lib:/Pav-S_ws/install/fast_lio/lib:/Pav-S_ws/install/astra_camera/lib:/Pav-S_ws/install/astra_camera_msgs/lib:/opt/ros/humble/opt/rviz_ogre_vendor/lib:/opt/ros/humble/lib/aarch64-linux-gnu:/opt/ros/humble/lib:/usr/local/cuda-12.2/lib64 /usr/bin/cmake --build /Pav-S_ws/build/nav2_costmap_2d -- -j6 -l6
[0.328s] [  2%] Built target gtest
[0.338s] [  4%] Built target gtest_main
[0.384s] [ 21%] Built target nav2_costmap_2d_core
[0.557s] [ 26%] Built target filters
[0.565s] [ 29%] Built target nav2_costmap_2d_markers
[0.582s] [ 31%] Built target nav2_costmap_2d_cloud
[0.587s] [ 34%] Built target array_parser_test
[0.613s] [ 43%] Built target layers
[0.671s] [ 48%] Built target nav2_costmap_2d_client
[0.722s] [ 51%] Built target collision_footprint_test
[0.750s] [ 53%] Built target costmap_convesion_test
[0.761s] [ 56%] Built target declare_parameter_test
[0.782s] [ 58%] Built target keepout_filter_test
[0.784s] [ 60%] Built target speed_filter_test
[0.791s] [ 63%] Built target costmap_filter_test
[0.910s] [ 65%] Built target footprint_tests_exec
[0.910s] [ 68%] Built target binary_filter_test
[0.932s] [ 70%] Built target copy_window_test
[0.952s] [ 73%] Built target costmap_filter_service_test
[0.965s] [ 78%] Built target denoise_layer_test
[0.983s] [ 80%] Built target test_collision_checker_exec
[1.116s] [ 82%] Built target inflation_tests_exec
[1.149s] [ 85%] Built target dyn_params_tests
[1.168s] [ 87%] Built target costmap_bresenham_2d
[1.187s] [ 90%] Built target obstacle_tests_exec
[1.187s] [ 92%] Built target range_tests_exec
[1.193s] [ 95%] Built target order_layer
[1.287s] [ 97%] Built target plugin_api_order
[1.321s] [100%] Built target nav2_costmap_2d
