[0.246s] Invoking command in '/Pav-S_ws/build/libuvc': /usr/bin/cmake --build /Pav-S_ws/build/libuvc -- -j6 -l6
[0.473s] [35m[1mConsolidate compiler generated dependencies of target uvc[0m
[0.519s] [35m[1mConsolidate compiler generated dependencies of target uvc_static[0m
[0.533s] [ 45%] Built target uvc
[0.590s] [35m[1mConsolidate compiler generated dependencies of target example[0m
[0.616s] [ 90%] Built target uvc_static
[0.686s] [100%] Built target example
[0.789s] Invoked command in '/Pav-S_ws/build/libuvc' returned '0': /usr/bin/cmake --build /Pav-S_ws/build/libuvc -- -j6 -l6
[0.798s] Invoking command in '/Pav-S_ws/build/libuvc': /usr/bin/cmake --install /Pav-S_ws/build/libuvc
[1.204s] -- Install configuration: "Release"
[1.204s] -- Up-to-date: /Pav-S_ws/install/libuvc/lib/libuvc.so.0.0.7
[1.204s] -- Up-to-date: /Pav-S_ws/install/libuvc/lib/libuvc.so.0
[1.204s] -- Up-to-date: /Pav-S_ws/install/libuvc/lib/libuvc.so
[1.205s] -- Up-to-date: /Pav-S_ws/install/libuvc/include/libuvc/libuvc.h
[1.205s] -- Up-to-date: /Pav-S_ws/install/libuvc/include/libuvc/libuvc_config.h
[1.205s] -- Up-to-date: /Pav-S_ws/install/libuvc/lib/libuvc.a
[1.206s] -- Up-to-date: /Pav-S_ws/install/libuvc/include/libuvc/libuvc.h
[1.206s] -- Up-to-date: /Pav-S_ws/install/libuvc/include/libuvc/libuvc_config.h
[1.206s] -- Up-to-date: /Pav-S_ws/install/libuvc/lib/cmake/libuvc/libuvcTargets.cmake
[1.206s] -- Up-to-date: /Pav-S_ws/install/libuvc/lib/cmake/libuvc/libuvcTargets-release.cmake
[1.206s] -- Up-to-date: /Pav-S_ws/install/libuvc/lib/cmake/libuvc/FindLibUSB.cmake
[1.206s] -- Up-to-date: /Pav-S_ws/install/libuvc/lib/cmake/libuvc/FindJpegPkg.cmake
[1.206s] -- Up-to-date: /Pav-S_ws/install/libuvc/lib/cmake/libuvc/libuvcConfigVersion.cmake
[1.206s] -- Up-to-date: /Pav-S_ws/install/libuvc/lib/pkgconfig/libuvc.pc
[1.207s] -- Up-to-date: /Pav-S_ws/install/libuvc/lib/cmake/libuvc/libuvcConfig.cmake
[1.219s] Invoked command in '/Pav-S_ws/build/libuvc' returned '0': /usr/bin/cmake --install /Pav-S_ws/build/libuvc
