[0.047s] Invoking command in '/Pav-S_ws/build/nav2_costmap_2d': CMAKE_PREFIX_PATH=/Pav-S_ws/install/nav2_map_server:/Pav-S_ws/install/nav2_lifecycle_manager:/Pav-S_ws/install/nav2_util:/Pav-S_ws/install/nav2_voxel_grid:/Pav-S_ws/install/nav2_msgs:/Pav-S_ws/install/nav2_common:/Pav-S_ws/install/nav2_costmap_2d:/ws_livox/install/pointcloud_to_laserscan:/ws_livox/install/livox_ros_driver2:/Pav-S_ws/install/wheeltec_robot_urdf:/Pav-S_ws/install/turn_on_wheeltec_robot:/Pav-S_ws/install/wheeltec_robot_msg:/Pav-S_ws/install/usb_cam:/Pav-S_ws/install/serial:/Pav-S_ws/install/robot_kcf:/Pav-S_ws/install/dwb_msgs:/Pav-S_ws/install/nav_2d_msgs:/Pav-S_ws/install/libuvc:/Pav-S_ws/install/fast_lio:/Pav-S_ws/install/astra_camera:/Pav-S_ws/install/astra_camera_msgs:/Pav-S_ws/install/yolo_detector:/Pav-S_ws/install/yolov5_lib:/Pav-S_ws/install/nav2_simple_commander:/opt/ros/humble LD_LIBRARY_PATH=/Pav-S_ws/install/nav2_map_server/lib:/Pav-S_ws/install/nav2_lifecycle_manager/lib:/Pav-S_ws/install/nav2_util/lib:/Pav-S_ws/install/nav2_voxel_grid/lib:/Pav-S_ws/install/nav2_msgs/lib:/Pav-S_ws/install/nav2_costmap_2d/lib:/usr/local/cuda-12.2/lib64:/ws_livox/install/pointcloud_to_laserscan/lib:/ws_livox/install/livox_ros_driver2/lib:/Pav-S_ws/install/turn_on_wheeltec_robot/lib:/Pav-S_ws/install/wheeltec_robot_msg/lib:/Pav-S_ws/install/usb_cam/lib:/Pav-S_ws/install/serial/lib:/Pav-S_ws/install/dwb_msgs/lib:/Pav-S_ws/install/nav_2d_msgs/lib:/Pav-S_ws/install/libuvc/lib:/Pav-S_ws/install/fast_lio/lib:/Pav-S_ws/install/astra_camera/lib:/Pav-S_ws/install/astra_camera_msgs/lib:/opt/ros/humble/opt/rviz_ogre_vendor/lib:/opt/ros/humble/lib/aarch64-linux-gnu:/opt/ros/humble/lib:/usr/local/cuda-12.2/lib64 /usr/bin/cmake --build /Pav-S_ws/build/nav2_costmap_2d -- -j6 -l6
[0.151s] [35m[1mConsolidate compiler generated dependencies of target gtest_main[0m
[0.152s] [35m[1mConsolidate compiler generated dependencies of target gtest[0m
[0.178s] [35m[1mConsolidate compiler generated dependencies of target nav2_costmap_2d_core[0m
[0.182s] [  3%] Built target gtest_main
[0.183s] [  4%] Built target gtest
[0.280s] [ 21%] Built target nav2_costmap_2d_core
[0.311s] [35m[1mConsolidate compiler generated dependencies of target nav2_costmap_2d_cloud[0m
[0.312s] [35m[1mConsolidate compiler generated dependencies of target nav2_costmap_2d_client[0m
[0.313s] [35m[1mConsolidate compiler generated dependencies of target nav2_costmap_2d_markers[0m
[0.320s] [35m[1mConsolidate compiler generated dependencies of target filters[0m
[0.329s] [35m[1mConsolidate compiler generated dependencies of target layers[0m
[0.331s] [35m[1mConsolidate compiler generated dependencies of target array_parser_test[0m
[0.371s] [ 25%] Built target nav2_costmap_2d_cloud
[0.371s] [ 26%] Built target nav2_costmap_2d_markers
[0.375s] [ 29%] Built target array_parser_test
[0.385s] [ 35%] Built target nav2_costmap_2d_client
[0.386s] [ 39%] Built target filters
[0.403s] [35m[1mConsolidate compiler generated dependencies of target costmap_convesion_test[0m
[0.414s] [35m[1mConsolidate compiler generated dependencies of target costmap_filter_test[0m
[0.414s] [35m[1mConsolidate compiler generated dependencies of target collision_footprint_test[0m
[0.419s] [35m[1mConsolidate compiler generated dependencies of target copy_window_test[0m
[0.421s] [35m[1mConsolidate compiler generated dependencies of target declare_parameter_test[0m
[0.445s] [ 48%] Built target layers
[0.462s] [ 51%] Built target costmap_convesion_test
[0.464s] [ 54%] Built target collision_footprint_test
[0.464s] [ 56%] Built target costmap_filter_test
[0.472s] [ 58%] Built target copy_window_test
[0.477s] [ 60%] Built target declare_parameter_test
[0.486s] [35m[1mConsolidate compiler generated dependencies of target costmap_filter_service_test[0m
[0.489s] [35m[1mConsolidate compiler generated dependencies of target denoise_layer_test[0m
[0.498s] [35m[1mConsolidate compiler generated dependencies of target footprint_tests_exec[0m
[0.499s] [35m[1mConsolidate compiler generated dependencies of target inflation_tests_exec[0m
[0.503s] [35m[1mConsolidate compiler generated dependencies of target test_collision_checker_exec[0m
[0.516s] [35m[1mConsolidate compiler generated dependencies of target obstacle_tests_exec[0m
[0.538s] [ 65%] Built target denoise_layer_test
[0.549s] [ 68%] Built target footprint_tests_exec
[0.554s] [ 70%] Built target costmap_filter_service_test
[0.564s] [ 73%] Built target inflation_tests_exec
[0.566s] [ 75%] Built target test_collision_checker_exec
[0.577s] [35m[1mConsolidate compiler generated dependencies of target range_tests_exec[0m
[0.578s] [ 78%] Built target obstacle_tests_exec
[0.585s] [35m[1mConsolidate compiler generated dependencies of target costmap_bresenham_2d[0m
[0.595s] [35m[1mConsolidate compiler generated dependencies of target dyn_params_tests[0m
[0.597s] [35m[1mConsolidate compiler generated dependencies of target plugin_api_order[0m
[0.605s] [35m[1mConsolidate compiler generated dependencies of target order_layer[0m
[0.611s] [35m[1mConsolidate compiler generated dependencies of target nav2_costmap_2d[0m
[0.636s] [ 80%] Built target range_tests_exec
[0.642s] [ 82%] Built target costmap_bresenham_2d
[0.650s] [ 87%] Built target dyn_params_tests
[0.651s] [ 87%] Built target order_layer
[0.661s] [ 90%] Built target plugin_api_order
[0.662s] [35m[1mConsolidate compiler generated dependencies of target keepout_filter_test[0m
[0.670s] [35m[1mConsolidate compiler generated dependencies of target speed_filter_test[0m
[0.675s] [ 92%] Built target nav2_costmap_2d
[0.681s] [35m[1mConsolidate compiler generated dependencies of target binary_filter_test[0m
[0.706s] [ 95%] Built target keepout_filter_test
[0.715s] [ 97%] Built target speed_filter_test
[0.729s] [100%] Built target binary_filter_test
[0.761s] Invoked command in '/Pav-S_ws/build/nav2_costmap_2d' returned '0': CMAKE_PREFIX_PATH=/Pav-S_ws/install/nav2_map_server:/Pav-S_ws/install/nav2_lifecycle_manager:/Pav-S_ws/install/nav2_util:/Pav-S_ws/install/nav2_voxel_grid:/Pav-S_ws/install/nav2_msgs:/Pav-S_ws/install/nav2_common:/Pav-S_ws/install/nav2_costmap_2d:/ws_livox/install/pointcloud_to_laserscan:/ws_livox/install/livox_ros_driver2:/Pav-S_ws/install/wheeltec_robot_urdf:/Pav-S_ws/install/turn_on_wheeltec_robot:/Pav-S_ws/install/wheeltec_robot_msg:/Pav-S_ws/install/usb_cam:/Pav-S_ws/install/serial:/Pav-S_ws/install/robot_kcf:/Pav-S_ws/install/dwb_msgs:/Pav-S_ws/install/nav_2d_msgs:/Pav-S_ws/install/libuvc:/Pav-S_ws/install/fast_lio:/Pav-S_ws/install/astra_camera:/Pav-S_ws/install/astra_camera_msgs:/Pav-S_ws/install/yolo_detector:/Pav-S_ws/install/yolov5_lib:/Pav-S_ws/install/nav2_simple_commander:/opt/ros/humble LD_LIBRARY_PATH=/Pav-S_ws/install/nav2_map_server/lib:/Pav-S_ws/install/nav2_lifecycle_manager/lib:/Pav-S_ws/install/nav2_util/lib:/Pav-S_ws/install/nav2_voxel_grid/lib:/Pav-S_ws/install/nav2_msgs/lib:/Pav-S_ws/install/nav2_costmap_2d/lib:/usr/local/cuda-12.2/lib64:/ws_livox/install/pointcloud_to_laserscan/lib:/ws_livox/install/livox_ros_driver2/lib:/Pav-S_ws/install/turn_on_wheeltec_robot/lib:/Pav-S_ws/install/wheeltec_robot_msg/lib:/Pav-S_ws/install/usb_cam/lib:/Pav-S_ws/install/serial/lib:/Pav-S_ws/install/dwb_msgs/lib:/Pav-S_ws/install/nav_2d_msgs/lib:/Pav-S_ws/install/libuvc/lib:/Pav-S_ws/install/fast_lio/lib:/Pav-S_ws/install/astra_camera/lib:/Pav-S_ws/install/astra_camera_msgs/lib:/opt/ros/humble/opt/rviz_ogre_vendor/lib:/opt/ros/humble/lib/aarch64-linux-gnu:/opt/ros/humble/lib:/usr/local/cuda-12.2/lib64 /usr/bin/cmake --build /Pav-S_ws/build/nav2_costmap_2d -- -j6 -l6
[0.765s] Invoking command in '/Pav-S_ws/build/nav2_costmap_2d': CMAKE_PREFIX_PATH=/Pav-S_ws/install/nav2_map_server:/Pav-S_ws/install/nav2_lifecycle_manager:/Pav-S_ws/install/nav2_util:/Pav-S_ws/install/nav2_voxel_grid:/Pav-S_ws/install/nav2_msgs:/Pav-S_ws/install/nav2_common:/Pav-S_ws/install/nav2_costmap_2d:/ws_livox/install/pointcloud_to_laserscan:/ws_livox/install/livox_ros_driver2:/Pav-S_ws/install/wheeltec_robot_urdf:/Pav-S_ws/install/turn_on_wheeltec_robot:/Pav-S_ws/install/wheeltec_robot_msg:/Pav-S_ws/install/usb_cam:/Pav-S_ws/install/serial:/Pav-S_ws/install/robot_kcf:/Pav-S_ws/install/dwb_msgs:/Pav-S_ws/install/nav_2d_msgs:/Pav-S_ws/install/libuvc:/Pav-S_ws/install/fast_lio:/Pav-S_ws/install/astra_camera:/Pav-S_ws/install/astra_camera_msgs:/Pav-S_ws/install/yolo_detector:/Pav-S_ws/install/yolov5_lib:/Pav-S_ws/install/nav2_simple_commander:/opt/ros/humble LD_LIBRARY_PATH=/Pav-S_ws/install/nav2_map_server/lib:/Pav-S_ws/install/nav2_lifecycle_manager/lib:/Pav-S_ws/install/nav2_util/lib:/Pav-S_ws/install/nav2_voxel_grid/lib:/Pav-S_ws/install/nav2_msgs/lib:/Pav-S_ws/install/nav2_costmap_2d/lib:/usr/local/cuda-12.2/lib64:/ws_livox/install/pointcloud_to_laserscan/lib:/ws_livox/install/livox_ros_driver2/lib:/Pav-S_ws/install/turn_on_wheeltec_robot/lib:/Pav-S_ws/install/wheeltec_robot_msg/lib:/Pav-S_ws/install/usb_cam/lib:/Pav-S_ws/install/serial/lib:/Pav-S_ws/install/dwb_msgs/lib:/Pav-S_ws/install/nav_2d_msgs/lib:/Pav-S_ws/install/libuvc/lib:/Pav-S_ws/install/fast_lio/lib:/Pav-S_ws/install/astra_camera/lib:/Pav-S_ws/install/astra_camera_msgs/lib:/opt/ros/humble/opt/rviz_ogre_vendor/lib:/opt/ros/humble/lib/aarch64-linux-gnu:/opt/ros/humble/lib:/usr/local/cuda-12.2/lib64 /usr/bin/cmake --install /Pav-S_ws/build/nav2_costmap_2d
[0.786s] -- Install configuration: "Release"
[0.786s] -- Up-to-date: /Pav-S_ws/install/nav2_costmap_2d/lib/liblayers.so
[0.787s] -- Up-to-date: /Pav-S_ws/install/nav2_costmap_2d/lib/libfilters.so
[0.787s] -- Up-to-date: /Pav-S_ws/install/nav2_costmap_2d/lib/libnav2_costmap_2d_core.so
[0.788s] -- Up-to-date: /Pav-S_ws/install/nav2_costmap_2d/lib/libnav2_costmap_2d_client.so
[0.789s] -- Up-to-date: /Pav-S_ws/install/nav2_costmap_2d/lib/nav2_costmap_2d/nav2_costmap_2d_markers
[0.789s] -- Up-to-date: /Pav-S_ws/install/nav2_costmap_2d/lib/nav2_costmap_2d/nav2_costmap_2d_cloud
[0.790s] -- Up-to-date: /Pav-S_ws/install/nav2_costmap_2d/lib/nav2_costmap_2d/nav2_costmap_2d
[0.790s] -- Up-to-date: /Pav-S_ws/install/nav2_costmap_2d/share/nav2_costmap_2d/costmap_plugins.xml
[0.790s] -- Up-to-date: /Pav-S_ws/install/nav2_costmap_2d/include/nav2_costmap_2d
[0.790s] -- Up-to-date: /Pav-S_ws/install/nav2_costmap_2d/include/nav2_costmap_2d/nav2_costmap_2d
[0.791s] -- Up-to-date: /Pav-S_ws/install/nav2_costmap_2d/include/nav2_costmap_2d/nav2_costmap_2d/array_parser.hpp
[0.791s] -- Up-to-date: /Pav-S_ws/install/nav2_costmap_2d/include/nav2_costmap_2d/nav2_costmap_2d/footprint_subscriber.hpp
[0.791s] -- Up-to-date: /Pav-S_ws/install/nav2_costmap_2d/include/nav2_costmap_2d/nav2_costmap_2d/exceptions.hpp
[0.791s] -- Up-to-date: /Pav-S_ws/install/nav2_costmap_2d/include/nav2_costmap_2d/nav2_costmap_2d/costmap_filters
[0.792s] -- Up-to-date: /Pav-S_ws/install/nav2_costmap_2d/include/nav2_costmap_2d/nav2_costmap_2d/costmap_filters/speed_filter.hpp
[0.792s] -- Up-to-date: /Pav-S_ws/install/nav2_costmap_2d/include/nav2_costmap_2d/nav2_costmap_2d/costmap_filters/costmap_filter.hpp
[0.792s] -- Up-to-date: /Pav-S_ws/install/nav2_costmap_2d/include/nav2_costmap_2d/nav2_costmap_2d/costmap_filters/binary_filter.hpp
[0.792s] -- Up-to-date: /Pav-S_ws/install/nav2_costmap_2d/include/nav2_costmap_2d/nav2_costmap_2d/costmap_filters/filter_values.hpp
[0.793s] -- Up-to-date: /Pav-S_ws/install/nav2_costmap_2d/include/nav2_costmap_2d/nav2_costmap_2d/costmap_filters/keepout_filter.hpp
[0.793s] -- Up-to-date: /Pav-S_ws/install/nav2_costmap_2d/include/nav2_costmap_2d/nav2_costmap_2d/costmap_layer.hpp
[0.793s] -- Up-to-date: /Pav-S_ws/install/nav2_costmap_2d/include/nav2_costmap_2d/nav2_costmap_2d/costmap_2d_ros.hpp
[0.793s] -- Up-to-date: /Pav-S_ws/install/nav2_costmap_2d/include/nav2_costmap_2d/nav2_costmap_2d/layered_costmap.hpp
[0.793s] -- Up-to-date: /Pav-S_ws/install/nav2_costmap_2d/include/nav2_costmap_2d/nav2_costmap_2d/footprint_collision_checker.hpp
[0.793s] -- Up-to-date: /Pav-S_ws/install/nav2_costmap_2d/include/nav2_costmap_2d/nav2_costmap_2d/obstacle_layer.hpp
[0.793s] -- Up-to-date: /Pav-S_ws/install/nav2_costmap_2d/include/nav2_costmap_2d/nav2_costmap_2d/costmap_math.hpp
[0.794s] -- Up-to-date: /Pav-S_ws/install/nav2_costmap_2d/include/nav2_costmap_2d/nav2_costmap_2d/denoise
[0.794s] -- Up-to-date: /Pav-S_ws/install/nav2_costmap_2d/include/nav2_costmap_2d/nav2_costmap_2d/denoise/image_processing.hpp
[0.794s] -- Up-to-date: /Pav-S_ws/install/nav2_costmap_2d/include/nav2_costmap_2d/nav2_costmap_2d/denoise/image.hpp
[0.794s] -- Up-to-date: /Pav-S_ws/install/nav2_costmap_2d/include/nav2_costmap_2d/nav2_costmap_2d/range_sensor_layer.hpp
[0.794s] -- Up-to-date: /Pav-S_ws/install/nav2_costmap_2d/include/nav2_costmap_2d/nav2_costmap_2d/denoise_layer.hpp
[0.794s] -- Up-to-date: /Pav-S_ws/install/nav2_costmap_2d/include/nav2_costmap_2d/nav2_costmap_2d/costmap_2d.hpp
[0.795s] -- Up-to-date: /Pav-S_ws/install/nav2_costmap_2d/include/nav2_costmap_2d/nav2_costmap_2d/layer.hpp
[0.795s] -- Up-to-date: /Pav-S_ws/install/nav2_costmap_2d/include/nav2_costmap_2d/nav2_costmap_2d/observation_buffer.hpp
[0.795s] -- Up-to-date: /Pav-S_ws/install/nav2_costmap_2d/include/nav2_costmap_2d/nav2_costmap_2d/static_layer.hpp
[0.795s] -- Up-to-date: /Pav-S_ws/install/nav2_costmap_2d/include/nav2_costmap_2d/nav2_costmap_2d/inflation_layer.hpp
[0.795s] -- Up-to-date: /Pav-S_ws/install/nav2_costmap_2d/include/nav2_costmap_2d/nav2_costmap_2d/observation.hpp
[0.795s] -- Up-to-date: /Pav-S_ws/install/nav2_costmap_2d/include/nav2_costmap_2d/nav2_costmap_2d/clear_costmap_service.hpp
[0.795s] -- Up-to-date: /Pav-S_ws/install/nav2_costmap_2d/include/nav2_costmap_2d/nav2_costmap_2d/footprint.hpp
[0.795s] -- Up-to-date: /Pav-S_ws/install/nav2_costmap_2d/include/nav2_costmap_2d/nav2_costmap_2d/cost_values.hpp
[0.795s] -- Up-to-date: /Pav-S_ws/install/nav2_costmap_2d/include/nav2_costmap_2d/nav2_costmap_2d/voxel_layer.hpp
[0.796s] -- Up-to-date: /Pav-S_ws/install/nav2_costmap_2d/include/nav2_costmap_2d/nav2_costmap_2d/costmap_topic_collision_checker.hpp
[0.796s] -- Up-to-date: /Pav-S_ws/install/nav2_costmap_2d/include/nav2_costmap_2d/nav2_costmap_2d/costmap_2d_publisher.hpp
[0.796s] -- Up-to-date: /Pav-S_ws/install/nav2_costmap_2d/include/nav2_costmap_2d/nav2_costmap_2d/costmap_subscriber.hpp
[0.796s] -- Up-to-date: /Pav-S_ws/install/nav2_costmap_2d/share/nav2_costmap_2d/test/regression/order_layer.xml
[0.796s] -- Up-to-date: /Pav-S_ws/install/nav2_costmap_2d/share/nav2_costmap_2d/environment/library_path.sh
[0.796s] -- Up-to-date: /Pav-S_ws/install/nav2_costmap_2d/share/nav2_costmap_2d/environment/library_path.dsv
[0.796s] -- Up-to-date: /Pav-S_ws/install/nav2_costmap_2d/share/nav2_costmap_2d/costmap_plugins.xml
[0.796s] -- Up-to-date: /Pav-S_ws/install/nav2_costmap_2d/share/ament_index/resource_index/package_run_dependencies/nav2_costmap_2d
[0.797s] -- Up-to-date: /Pav-S_ws/install/nav2_costmap_2d/share/ament_index/resource_index/parent_prefix_path/nav2_costmap_2d
[0.797s] -- Up-to-date: /Pav-S_ws/install/nav2_costmap_2d/share/nav2_costmap_2d/environment/ament_prefix_path.sh
[0.797s] -- Up-to-date: /Pav-S_ws/install/nav2_costmap_2d/share/nav2_costmap_2d/environment/ament_prefix_path.dsv
[0.797s] -- Up-to-date: /Pav-S_ws/install/nav2_costmap_2d/share/nav2_costmap_2d/environment/path.sh
[0.797s] -- Up-to-date: /Pav-S_ws/install/nav2_costmap_2d/share/nav2_costmap_2d/environment/path.dsv
[0.797s] -- Up-to-date: /Pav-S_ws/install/nav2_costmap_2d/share/nav2_costmap_2d/local_setup.bash
[0.798s] -- Up-to-date: /Pav-S_ws/install/nav2_costmap_2d/share/nav2_costmap_2d/local_setup.sh
[0.798s] -- Up-to-date: /Pav-S_ws/install/nav2_costmap_2d/share/nav2_costmap_2d/local_setup.zsh
[0.798s] -- Up-to-date: /Pav-S_ws/install/nav2_costmap_2d/share/nav2_costmap_2d/local_setup.dsv
[0.798s] -- Installing: /Pav-S_ws/install/nav2_costmap_2d/share/nav2_costmap_2d/package.dsv
[0.798s] -- Up-to-date: /Pav-S_ws/install/nav2_costmap_2d/share/ament_index/resource_index/packages/nav2_costmap_2d
[0.798s] -- Up-to-date: /Pav-S_ws/install/nav2_costmap_2d/share/ament_index/resource_index/nav2_costmap_2d__pluginlib__plugin/nav2_costmap_2d
[0.799s] -- Up-to-date: /Pav-S_ws/install/nav2_costmap_2d/share/nav2_costmap_2d/cmake/export_nav2_costmap_2dExport.cmake
[0.800s] -- Up-to-date: /Pav-S_ws/install/nav2_costmap_2d/share/nav2_costmap_2d/cmake/export_nav2_costmap_2dExport-release.cmake
[0.801s] -- Up-to-date: /Pav-S_ws/install/nav2_costmap_2d/share/nav2_costmap_2d/cmake/ament_cmake_export_targets-extras.cmake
[0.802s] -- Up-to-date: /Pav-S_ws/install/nav2_costmap_2d/share/nav2_costmap_2d/cmake/ament_cmake_export_dependencies-extras.cmake
[0.802s] -- Up-to-date: /Pav-S_ws/install/nav2_costmap_2d/share/nav2_costmap_2d/cmake/nav2_costmap_2dConfig.cmake
[0.803s] -- Up-to-date: /Pav-S_ws/install/nav2_costmap_2d/share/nav2_costmap_2d/cmake/nav2_costmap_2dConfig-version.cmake
[0.804s] -- Up-to-date: /Pav-S_ws/install/nav2_costmap_2d/share/nav2_costmap_2d/package.xml
[0.804s] -- Up-to-date: /Pav-S_ws/install/nav2_costmap_2d/lib/liborder_layer.so
[0.805s] Invoked command in '/Pav-S_ws/build/nav2_costmap_2d' returned '0': CMAKE_PREFIX_PATH=/Pav-S_ws/install/nav2_map_server:/Pav-S_ws/install/nav2_lifecycle_manager:/Pav-S_ws/install/nav2_util:/Pav-S_ws/install/nav2_voxel_grid:/Pav-S_ws/install/nav2_msgs:/Pav-S_ws/install/nav2_common:/Pav-S_ws/install/nav2_costmap_2d:/ws_livox/install/pointcloud_to_laserscan:/ws_livox/install/livox_ros_driver2:/Pav-S_ws/install/wheeltec_robot_urdf:/Pav-S_ws/install/turn_on_wheeltec_robot:/Pav-S_ws/install/wheeltec_robot_msg:/Pav-S_ws/install/usb_cam:/Pav-S_ws/install/serial:/Pav-S_ws/install/robot_kcf:/Pav-S_ws/install/dwb_msgs:/Pav-S_ws/install/nav_2d_msgs:/Pav-S_ws/install/libuvc:/Pav-S_ws/install/fast_lio:/Pav-S_ws/install/astra_camera:/Pav-S_ws/install/astra_camera_msgs:/Pav-S_ws/install/yolo_detector:/Pav-S_ws/install/yolov5_lib:/Pav-S_ws/install/nav2_simple_commander:/opt/ros/humble LD_LIBRARY_PATH=/Pav-S_ws/install/nav2_map_server/lib:/Pav-S_ws/install/nav2_lifecycle_manager/lib:/Pav-S_ws/install/nav2_util/lib:/Pav-S_ws/install/nav2_voxel_grid/lib:/Pav-S_ws/install/nav2_msgs/lib:/Pav-S_ws/install/nav2_costmap_2d/lib:/usr/local/cuda-12.2/lib64:/ws_livox/install/pointcloud_to_laserscan/lib:/ws_livox/install/livox_ros_driver2/lib:/Pav-S_ws/install/turn_on_wheeltec_robot/lib:/Pav-S_ws/install/wheeltec_robot_msg/lib:/Pav-S_ws/install/usb_cam/lib:/Pav-S_ws/install/serial/lib:/Pav-S_ws/install/dwb_msgs/lib:/Pav-S_ws/install/nav_2d_msgs/lib:/Pav-S_ws/install/libuvc/lib:/Pav-S_ws/install/fast_lio/lib:/Pav-S_ws/install/astra_camera/lib:/Pav-S_ws/install/astra_camera_msgs/lib:/opt/ros/humble/opt/rviz_ogre_vendor/lib:/opt/ros/humble/lib/aarch64-linux-gnu:/opt/ros/humble/lib:/usr/local/cuda-12.2/lib64 /usr/bin/cmake --install /Pav-S_ws/build/nav2_costmap_2d
