[0.076s] Invoking command in '/Pav-S_ws/build/libuvc': /usr/bin/cmake --build /Pav-S_ws/build/libuvc -- -j6 -l6
[0.149s] -- libusb-1.0 found using pkgconfig
[0.193s] -- Found JPEG: /usr/lib/aarch64-linux-gnu/libjpeg.so (found version "80") 
[0.193s] -- Found JPEG library using standard module
[0.194s] [33mCMake Warning (dev) at /usr/share/cmake-3.22/Modules/FindPackageHandleStandardArgs.cmake:438 (message):
[0.195s]   The package name passed to `find_package_handle_standard_args` (JPEG) does
[0.195s]   not match the name of the calling package (JpegPkg).  This can lead to
[0.195s]   problems in calling code that expects `find_package` result variables
[0.195s]   (e.g., `_FOUND`) to follow a certain pattern.
[0.195s] Call Stack (most recent call first):
[0.196s]   cmake/FindJpegPkg.cmake:58 (find_package_handle_standard_args)
[0.196s]   CMakeLists.txt:45 (find_package)
[0.196s] This warning is for project developers.  Use -Wno-dev to suppress it.
[0.196s] [0m
[0.196s] -- Found JPEG: /usr/lib/aarch64-linux-gnu/libjpeg.so  
[0.196s] -- Building libuvc with JPEG support.
[0.207s] -- Configuring done
[0.225s] -- Generating done
[0.239s] -- Build files have been written to: /Pav-S_ws/build/libuvc
[0.303s] [35m[1mConsolidate compiler generated dependencies of target uvc_static[0m
[0.316s] [35m[1mConsolidate compiler generated dependencies of target uvc[0m
[0.349s] [ 45%] Built target uvc_static
[0.353s] [ 90%] Built target uvc
[0.382s] [35m[1mConsolidate compiler generated dependencies of target example[0m
[0.408s] [100%] Built target example
[0.450s] Invoked command in '/Pav-S_ws/build/libuvc' returned '0': /usr/bin/cmake --build /Pav-S_ws/build/libuvc -- -j6 -l6
[0.451s] Invoking command in '/Pav-S_ws/build/libuvc': /usr/bin/cmake --install /Pav-S_ws/build/libuvc
[0.585s] -- Install configuration: "Release"
[0.586s] -- Up-to-date: /Pav-S_ws/install/libuvc/lib/libuvc.so.0.0.7
[0.586s] -- Up-to-date: /Pav-S_ws/install/libuvc/lib/libuvc.so.0
[0.586s] -- Up-to-date: /Pav-S_ws/install/libuvc/lib/libuvc.so
[0.587s] -- Up-to-date: /Pav-S_ws/install/libuvc/include/libuvc/libuvc.h
[0.587s] -- Up-to-date: /Pav-S_ws/install/libuvc/include/libuvc/libuvc_config.h
[0.588s] -- Up-to-date: /Pav-S_ws/install/libuvc/lib/libuvc.a
[0.588s] -- Up-to-date: /Pav-S_ws/install/libuvc/include/libuvc/libuvc.h
[0.589s] -- Up-to-date: /Pav-S_ws/install/libuvc/include/libuvc/libuvc_config.h
[0.589s] -- Up-to-date: /Pav-S_ws/install/libuvc/lib/cmake/libuvc/libuvcTargets.cmake
[0.590s] -- Up-to-date: /Pav-S_ws/install/libuvc/lib/cmake/libuvc/libuvcTargets-release.cmake
[0.591s] -- Up-to-date: /Pav-S_ws/install/libuvc/lib/cmake/libuvc/FindLibUSB.cmake
[0.592s] -- Up-to-date: /Pav-S_ws/install/libuvc/lib/cmake/libuvc/FindJpegPkg.cmake
[0.593s] -- Up-to-date: /Pav-S_ws/install/libuvc/lib/cmake/libuvc/libuvcConfigVersion.cmake
[0.594s] -- Up-to-date: /Pav-S_ws/install/libuvc/lib/pkgconfig/libuvc.pc
[0.594s] -- Up-to-date: /Pav-S_ws/install/libuvc/lib/cmake/libuvc/libuvcConfig.cmake
[0.594s] Invoked command in '/Pav-S_ws/build/libuvc' returned '0': /usr/bin/cmake --install /Pav-S_ws/build/libuvc
