[35m[1mConsolidate compiler generated dependencies of target navigation_behavior_nodes[0m
[35m[1mConsolidate compiler generated dependencies of target stop_line_detection[0m
[35m[1mConsolidate compiler generated dependencies of target cruise_perception_navigator[0m
[ 12%] [32mBuilding CXX object CMakeFiles/dynamic_speed_controller.dir/src/dynamic_speed_controller.cpp.o[0m
[ 37%] [32mBuilding CXX object CMakeFiles/stop_line_detection.dir/src/stop_line_detection.cpp.o[0m
[ 37%] [32mBuilding CXX object CMakeFiles/navigation_behavior_nodes.dir/src/navigation_behavior_nodes.cpp.o[0m
[ 50%] [32mBuilding CXX object CMakeFiles/cruise_perception_navigator.dir/src/cruise_perception_navigator.cpp.o[0m
In file included from [01m[K/Pav-S_ws/src/navigation2-humble/navigation_manager/src/cruise_perception_navigator.cpp:11[m[K:
[01m[K/opt/ros/humble/include/tf2_geometry_msgs/tf2_geometry_msgs/tf2_geometry_msgs.h:35:2:[m[K [01;35m[Kwarning: [m[K#warning This header is obsolete, please include tf2_geometry_msgs/tf2_geometry_msgs.hpp instead [[01;35m[K]8;;https://gcc.gnu.org/onlinedocs/gcc/Warning-Options.html#index-Wcpp-Wcpp]8;;[m[K]
   35 | #[01;35m[Kwarning[m[K This header is obsolete, please include tf2_geometry_msgs/tf2_geometry_msgs.hpp instead
      |  [01;35m[K^~~~~~~[m[K
[01m[K/Pav-S_ws/src/navigation2-humble/navigation_manager/src/dynamic_speed_controller.cpp:11:10:[m[K [01;31m[Kfatal error: [m[Knav2_dwb_controller/dwb_controller.hpp: No such file or directory
   11 | #include [01;31m[K<nav2_dwb_controller/dwb_controller.hpp>[m[K
      |          [01;31m[K^~~~~~~~~~~~~~~~~~~~~~~~~~~~~~~~~~~~~~~~[m[K
compilation terminated.
gmake[2]: *** [CMakeFiles/dynamic_speed_controller.dir/build.make:76: CMakeFiles/dynamic_speed_controller.dir/src/dynamic_speed_controller.cpp.o] Error 1
gmake[1]: *** [CMakeFiles/Makefile2:169: CMakeFiles/dynamic_speed_controller.dir/all] Error 2
gmake[1]: *** Waiting for unfinished jobs....
In file included from [01m[K/Pav-S_ws/src/navigation2-humble/navigation_manager/src/stop_line_detection.cpp:14[m[K:
[01m[K/opt/ros/humble/include/tf2_geometry_msgs/tf2_geometry_msgs/tf2_geometry_msgs.h:35:2:[m[K [01;35m[Kwarning: [m[K#warning This header is obsolete, please include tf2_geometry_msgs/tf2_geometry_msgs.hpp instead [[01;35m[K]8;;https://gcc.gnu.org/onlinedocs/gcc/Warning-Options.html#index-Wcpp-Wcpp]8;;[m[K]
   35 | #[01;35m[Kwarning[m[K This header is obsolete, please include tf2_geometry_msgs/tf2_geometry_msgs.hpp instead
      |  [01;35m[K^~~~~~~[m[K
