[0.191s] Invoking command in '/Pav-S_ws/build/nav2_behavior_tree': CMAKE_PREFIX_PATH=/Pav-S_ws/install/nav2_util:/Pav-S_ws/install/nav2_msgs:/Pav-S_ws/install/nav2_common:/Pav-S_ws/install/nav2_behavior_tree:/Pav-S_ws/install/nav2_dwb_controller:/Pav-S_ws/install/nav2_controller:/Pav-S_ws/install/nav2_planner:/Pav-S_ws/install/dwb_plugins:/Pav-S_ws/install/dwb_critics:/Pav-S_ws/install/dwb_core:/Pav-S_ws/install/nav_2d_utils:/Pav-S_ws/install/nav2_core:/Pav-S_ws/install/costmap_queue:/Pav-S_ws/install/nav2_costmap_2d:/Pav-S_ws/install/nav2_map_server:/Pav-S_ws/install/nav2_lifecycle_manager:/ws_livox/install/pointcloud_to_laserscan:/ws_livox/install/livox_ros_driver2:/Pav-S_ws/install/wheeltec_robot_urdf:/Pav-S_ws/install/turn_on_wheeltec_robot:/Pav-S_ws/install/wheeltec_robot_msg:/Pav-S_ws/install/usb_cam:/Pav-S_ws/install/serial:/Pav-S_ws/install/robot_kcf:/Pav-S_ws/install/dwb_msgs:/Pav-S_ws/install/nav_2d_msgs:/Pav-S_ws/install/nav2_voxel_grid:/Pav-S_ws/install/libuvc:/Pav-S_ws/install/fast_lio:/Pav-S_ws/install/astra_camera:/Pav-S_ws/install/astra_camera_msgs:/Pav-S_ws/install/yolo_detector:/Pav-S_ws/install/yolov5_lib:/Pav-S_ws/install/nav2_simple_commander:/opt/ros/humble LD_LIBRARY_PATH=/Pav-S_ws/install/nav2_util/lib:/Pav-S_ws/install/nav2_msgs/lib:/Pav-S_ws/install/nav2_behavior_tree/lib:/Pav-S_ws/install/nav2_controller/lib:/Pav-S_ws/install/nav2_planner/lib:/Pav-S_ws/install/dwb_plugins/lib:/Pav-S_ws/install/dwb_critics/lib:/Pav-S_ws/install/dwb_core/lib:/Pav-S_ws/install/nav_2d_utils/lib:/Pav-S_ws/install/costmap_queue/lib:/Pav-S_ws/install/nav2_costmap_2d/lib:/Pav-S_ws/install/nav2_map_server/lib:/Pav-S_ws/install/nav2_lifecycle_manager/lib:/usr/local/cuda-12.2/lib64:/ws_livox/install/pointcloud_to_laserscan/lib:/ws_livox/install/livox_ros_driver2/lib:/Pav-S_ws/install/turn_on_wheeltec_robot/lib:/Pav-S_ws/install/wheeltec_robot_msg/lib:/Pav-S_ws/install/usb_cam/lib:/Pav-S_ws/install/serial/lib:/Pav-S_ws/install/dwb_msgs/lib:/Pav-S_ws/install/nav_2d_msgs/lib:/Pav-S_ws/install/nav2_voxel_grid/lib:/Pav-S_ws/install/libuvc/lib:/Pav-S_ws/install/fast_lio/lib:/Pav-S_ws/install/astra_camera/lib:/Pav-S_ws/install/astra_camera_msgs/lib:/opt/ros/humble/opt/rviz_ogre_vendor/lib:/opt/ros/humble/lib/aarch64-linux-gnu:/opt/ros/humble/lib:/usr/local/cuda-12.2/lib64 /usr/bin/cmake --build /Pav-S_ws/build/nav2_behavior_tree -- -j6 -l6
[0.501s] [  1%] Built target nav2_behavior_tree
[0.508s] [  2%] Built target nav2_wait_cancel_bt_node
[0.535s] [  3%] Built target nav2_controller_cancel_bt_node
[0.539s] [  4%] Built target nav2_compute_path_through_poses_action_bt_node
[0.540s] [  5%] Built target nav2_spin_cancel_bt_node
[0.542s] [  6%] Built target nav2_compute_path_to_pose_action_bt_node
[0.651s] [  7%] Built target nav2_back_up_cancel_bt_node
[0.655s] [  8%] Built target nav2_drive_on_heading_cancel_bt_node
[0.661s] [  9%] Built target nav2_assisted_teleop_cancel_bt_node
[0.666s] [  9%] Built target nav2_smooth_path_action_bt_node
[0.672s] [ 10%] Built target nav2_follow_path_action_bt_node
[0.685s] [ 11%] Built target nav2_back_up_action_bt_node
[0.763s] [ 12%] Built target nav2_drive_on_heading_bt_node
[0.772s] [ 13%] Built target nav2_is_stuck_condition_bt_node
[0.772s] [ 14%] Built target nav2_spin_action_bt_node
[0.773s] [ 15%] Built target nav2_assisted_teleop_action_bt_node
[0.778s] [ 16%] Built target nav2_wait_action_bt_node
[0.794s] [ 17%] Built target nav2_clear_costmap_service_bt_node
[0.861s] [ 19%] Built target nav2_is_path_valid_condition_bt_node
[0.861s] [ 19%] Built target nav2_globally_updated_goal_condition_bt_node
[0.868s] [ 20%] Built target nav2_transform_available_condition_bt_node
[0.868s] [ 21%] Built target nav2_goal_reached_condition_bt_node
[0.891s] [ 21%] Built target nav2_goal_updated_condition_bt_node
[0.918s] [ 22%] Built target nav2_time_expired_condition_bt_node
[0.952s] [ 23%] Built target nav2_path_expiring_timer_condition
[0.957s] [ 24%] Built target nav2_initial_pose_received_condition_bt_node
[0.969s] [ 25%] Built target nav2_distance_traveled_condition_bt_node
[0.980s] [ 26%] Built target nav2_is_battery_low_condition_bt_node
[0.986s] [ 27%] Built target nav2_is_battery_charging_condition_bt_node
[1.031s] [ 28%] Built target nav2_rate_controller_bt_node
[1.055s] [ 29%] Built target nav2_distance_controller_bt_node
[1.064s] [ 30%] Built target nav2_reinitialize_global_localization_service_bt_node
[1.070s] [ 31%] Built target nav2_speed_controller_bt_node
[1.079s] [ 32%] Built target nav2_truncate_path_action_bt_node
[1.085s] [ 33%] Built target nav2_truncate_path_local_action_bt_node
[1.137s] [ 34%] Built target nav2_goal_updater_node_bt_node
[1.145s] [ 35%] Built target nav2_recovery_node_bt_node
[1.149s] [ 36%] Built target nav2_path_longer_on_approach_bt_node
[1.155s] [ 37%] Built target nav2_navigate_to_pose_action_bt_node
[1.171s] [ 38%] Built target nav2_remove_passed_goals_action_bt_node
[1.201s] [ 39%] Built target nav2_navigate_through_poses_action_bt_node
[1.225s] [ 40%] Built target nav2_pipeline_sequence_bt_node
[1.230s] [ 41%] Built target nav2_round_robin_node_bt_node
[1.233s] [ 42%] Built target nav2_get_pose_from_path_action_bt_node
[1.241s] [ 43%] Built target nav2_single_trigger_bt_node
[1.285s] [ 44%] Built target nav2_planner_selector_bt_node
[1.307s] [ 45%] Built target nav2_goal_updated_controller_bt_node
[1.309s] [ 46%] Built target nav2_progress_checker_selector_bt_node
[1.316s] [ 47%] Built target nav2_smoother_selector_bt_node
[1.325s] [ 48%] Built target nav2_goal_checker_selector_bt_node
[1.325s] [ 49%] Built target nav2_controller_selector_bt_node
[1.367s] [ 49%] Built target gtest
[1.376s] [ 50%] Built target gtest_main
[1.468s] [ 50%] Built target test_condition_time_expired
[1.471s] [ 51%] Built target test_condition_distance_traveled
[1.480s] [ 52%] Built target test_condition_goal_reached
[1.485s] [ 53%] Built target test_condition_goal_updated
[1.485s] [ 54%] Built target test_bt_conversions
[1.497s] [ 55%] Built target test_condition_path_expiring_timer
[1.574s] [ 56%] Built target test_condition_globally_updated_goal
[1.585s] [ 57%] Built target test_condition_is_stuck
[1.594s] [ 59%] Built target test_condition_is_battery_low
[1.594s] [ 59%] Built target test_condition_is_battery_charging
[1.600s] [ 60%] Built target test_condition_initial_pose_received
[1.606s] [ 61%] Built target test_condition_transform_available
[1.675s] [ 62%] Built target test_condition_is_path_valid
[1.698s] [ 64%] Built target test_decorator_speed_controller
[1.698s] [ 64%] Built target test_single_trigger_node
[1.699s] [ 65%] Built target test_decorator_rate_controller
[1.712s] [ 66%] Built target test_decorator_distance_controller
[1.722s] [ 67%] Built target test_goal_updater_node
[1.789s] [ 68%] Built target test_goal_updated_controller
[1.805s] [ 69%] Built target test_decorator_path_longer_on_approach
[1.813s] [ 70%] Built target test_control_recovery_node
[1.815s] [ 71%] Built target test_control_round_robin_node
[1.823s] [ 72%] Built target test_control_pipeline_sequence
[1.835s] [ 73%] Built target test_bt_action_node
[1.896s] [ 74%] Built target test_action_spin_action
[1.902s] [ 76%] Built target test_action_drive_on_heading
[1.903s] [ 76%] Built target test_action_back_up_action
[1.930s] [ 77%] Built target test_action_wait_action
[1.931s] [ 78%] Built target test_action_assisted_teleop_action
[1.949s] [ 79%] Built target test_action_controller_cancel_action
[1.996s] [ 80%] Built target test_action_wait_cancel_action
[2.015s] [ 82%] Built target test_action_spin_cancel_action
[2.016s] [ 82%] Built target test_action_back_up_cancel_action
[2.022s] [ 83%] Built target test_action_drive_on_heading_cancel_action
[2.045s] [ 84%] Built target test_action_clear_costmap_service
[2.045s] [ 85%] Built target test_action_assisted_teleop_cancel_action
[2.117s] [ 86%] Built target test_action_compute_path_through_poses_action
[2.118s] [ 87%] Built target test_action_smooth_path_action
[2.133s] [ 88%] Built target test_action_reinitialize_global_localization_service
[2.136s] [ 89%] Built target test_action_compute_path_to_pose_action
[2.147s] [ 89%] Built target test_action_follow_path_action
[2.152s] [ 90%] Built target test_action_navigate_to_pose_action
[2.212s] [ 91%] Built target test_truncate_path_action
[2.222s] [ 92%] Built target test_action_navigate_through_poses_action
[2.235s] [ 93%] Built target test_remove_passed_goals_action
[2.240s] [ 94%] Built target test_truncate_path_local_action
[2.259s] [ 96%] Built target test_planner_selector_node
[2.259s] [ 96%] Built target test_get_pose_from_path_action
[2.316s] [ 97%] Built target test_controller_selector_node
[2.318s] [ 98%] Built target test_goal_checker_selector_node
[2.318s] [ 99%] Built target test_progress_checker_selector_node
[2.319s] [100%] Built target test_smoother_selector_node
