[0.394s] Invoking command in '/Pav-S_ws/build/nav2_controller': CMAKE_PREFIX_PATH=/Pav-S_ws/install/nav2_core:/Pav-S_ws/install/nav2_costmap_2d:/Pav-S_ws/install/nav_2d_utils:/Pav-S_ws/install/nav2_map_server:/Pav-S_ws/install/nav2_lifecycle_manager:/Pav-S_ws/install/nav2_util:/Pav-S_ws/install/nav2_voxel_grid:/Pav-S_ws/install/nav2_msgs:/Pav-S_ws/install/nav_2d_msgs:/Pav-S_ws/install/nav2_common:/Pav-S_ws/install/nav2_behavior_tree:/Pav-S_ws/install/nav2_dwb_controller:/Pav-S_ws/install/nav2_controller:/Pav-S_ws/install/nav2_planner:/Pav-S_ws/install/dwb_plugins:/Pav-S_ws/install/dwb_critics:/Pav-S_ws/install/dwb_core:/Pav-S_ws/install/costmap_queue:/ws_livox/install/pointcloud_to_laserscan:/ws_livox/install/livox_ros_driver2:/Pav-S_ws/install/wheeltec_robot_urdf:/Pav-S_ws/install/turn_on_wheeltec_robot:/Pav-S_ws/install/wheeltec_robot_msg:/Pav-S_ws/install/usb_cam:/Pav-S_ws/install/serial:/Pav-S_ws/install/robot_kcf:/Pav-S_ws/install/dwb_msgs:/Pav-S_ws/install/libuvc:/Pav-S_ws/install/fast_lio:/Pav-S_ws/install/astra_camera:/Pav-S_ws/install/astra_camera_msgs:/Pav-S_ws/install/yolo_detector:/Pav-S_ws/install/yolov5_lib:/Pav-S_ws/install/nav2_simple_commander:/opt/ros/humble LD_LIBRARY_PATH=/Pav-S_ws/install/nav2_costmap_2d/lib:/Pav-S_ws/install/nav_2d_utils/lib:/Pav-S_ws/install/nav2_map_server/lib:/Pav-S_ws/install/nav2_lifecycle_manager/lib:/Pav-S_ws/install/nav2_util/lib:/Pav-S_ws/install/nav2_voxel_grid/lib:/Pav-S_ws/install/nav2_msgs/lib:/Pav-S_ws/install/nav_2d_msgs/lib:/Pav-S_ws/install/nav2_behavior_tree/lib:/Pav-S_ws/install/nav2_controller/lib:/Pav-S_ws/install/nav2_planner/lib:/Pav-S_ws/install/dwb_plugins/lib:/Pav-S_ws/install/dwb_critics/lib:/Pav-S_ws/install/dwb_core/lib:/Pav-S_ws/install/costmap_queue/lib:/usr/local/cuda-12.2/lib64:/ws_livox/install/pointcloud_to_laserscan/lib:/ws_livox/install/livox_ros_driver2/lib:/Pav-S_ws/install/turn_on_wheeltec_robot/lib:/Pav-S_ws/install/wheeltec_robot_msg/lib:/Pav-S_ws/install/usb_cam/lib:/Pav-S_ws/install/serial/lib:/Pav-S_ws/install/dwb_msgs/lib:/Pav-S_ws/install/libuvc/lib:/Pav-S_ws/install/fast_lio/lib:/Pav-S_ws/install/astra_camera/lib:/Pav-S_ws/install/astra_camera_msgs/lib:/opt/ros/humble/opt/rviz_ogre_vendor/lib:/opt/ros/humble/lib/aarch64-linux-gnu:/opt/ros/humble/lib:/usr/local/cuda-12.2/lib64 /usr/bin/cmake --build /Pav-S_ws/build/nav2_controller -- -j6 -l6
[0.668s] [35m[1mConsolidate compiler generated dependencies of target controller_server_core[0m
[0.674s] [35m[1mConsolidate compiler generated dependencies of target simple_progress_checker[0m
[0.732s] [35m[1mConsolidate compiler generated dependencies of target simple_goal_checker[0m
[0.755s] [35m[1mConsolidate compiler generated dependencies of target position_goal_checker[0m
[0.775s] [35m[1mConsolidate compiler generated dependencies of target gtest[0m
[0.787s] [35m[1mConsolidate compiler generated dependencies of target gtest_main[0m
[0.812s] [  8%] Built target controller_server_core
[0.832s] [ 16%] Built target simple_progress_checker
[0.880s] [ 25%] Built target gtest_main
[0.911s] [ 33%] Built target gtest
[0.919s] [ 41%] Built target position_goal_checker
[0.938s] [ 50%] Built target simple_goal_checker
[0.948s] [35m[1mConsolidate compiler generated dependencies of target pose_progress_checker[0m
[0.964s] [35m[1mConsolidate compiler generated dependencies of target controller_server[0m
[0.996s] [35m[1mConsolidate compiler generated dependencies of target test_dynamic_parameters[0m
[1.052s] [35m[1mConsolidate compiler generated dependencies of target stopped_goal_checker[0m
[1.070s] [ 58%] Built target pose_progress_checker
[1.095s] [ 66%] Built target controller_server
[1.131s] [ 75%] Built target test_dynamic_parameters
[1.180s] [35m[1mConsolidate compiler generated dependencies of target pctest[0m
[1.181s] [ 83%] Built target stopped_goal_checker
[1.259s] [35m[1mConsolidate compiler generated dependencies of target gctest[0m
[1.327s] [ 91%] Built target pctest
[1.389s] [100%] Built target gctest
[1.462s] Invoked command in '/Pav-S_ws/build/nav2_controller' returned '0': CMAKE_PREFIX_PATH=/Pav-S_ws/install/nav2_core:/Pav-S_ws/install/nav2_costmap_2d:/Pav-S_ws/install/nav_2d_utils:/Pav-S_ws/install/nav2_map_server:/Pav-S_ws/install/nav2_lifecycle_manager:/Pav-S_ws/install/nav2_util:/Pav-S_ws/install/nav2_voxel_grid:/Pav-S_ws/install/nav2_msgs:/Pav-S_ws/install/nav_2d_msgs:/Pav-S_ws/install/nav2_common:/Pav-S_ws/install/nav2_behavior_tree:/Pav-S_ws/install/nav2_dwb_controller:/Pav-S_ws/install/nav2_controller:/Pav-S_ws/install/nav2_planner:/Pav-S_ws/install/dwb_plugins:/Pav-S_ws/install/dwb_critics:/Pav-S_ws/install/dwb_core:/Pav-S_ws/install/costmap_queue:/ws_livox/install/pointcloud_to_laserscan:/ws_livox/install/livox_ros_driver2:/Pav-S_ws/install/wheeltec_robot_urdf:/Pav-S_ws/install/turn_on_wheeltec_robot:/Pav-S_ws/install/wheeltec_robot_msg:/Pav-S_ws/install/usb_cam:/Pav-S_ws/install/serial:/Pav-S_ws/install/robot_kcf:/Pav-S_ws/install/dwb_msgs:/Pav-S_ws/install/libuvc:/Pav-S_ws/install/fast_lio:/Pav-S_ws/install/astra_camera:/Pav-S_ws/install/astra_camera_msgs:/Pav-S_ws/install/yolo_detector:/Pav-S_ws/install/yolov5_lib:/Pav-S_ws/install/nav2_simple_commander:/opt/ros/humble LD_LIBRARY_PATH=/Pav-S_ws/install/nav2_costmap_2d/lib:/Pav-S_ws/install/nav_2d_utils/lib:/Pav-S_ws/install/nav2_map_server/lib:/Pav-S_ws/install/nav2_lifecycle_manager/lib:/Pav-S_ws/install/nav2_util/lib:/Pav-S_ws/install/nav2_voxel_grid/lib:/Pav-S_ws/install/nav2_msgs/lib:/Pav-S_ws/install/nav_2d_msgs/lib:/Pav-S_ws/install/nav2_behavior_tree/lib:/Pav-S_ws/install/nav2_controller/lib:/Pav-S_ws/install/nav2_planner/lib:/Pav-S_ws/install/dwb_plugins/lib:/Pav-S_ws/install/dwb_critics/lib:/Pav-S_ws/install/dwb_core/lib:/Pav-S_ws/install/costmap_queue/lib:/usr/local/cuda-12.2/lib64:/ws_livox/install/pointcloud_to_laserscan/lib:/ws_livox/install/livox_ros_driver2/lib:/Pav-S_ws/install/turn_on_wheeltec_robot/lib:/Pav-S_ws/install/wheeltec_robot_msg/lib:/Pav-S_ws/install/usb_cam/lib:/Pav-S_ws/install/serial/lib:/Pav-S_ws/install/dwb_msgs/lib:/Pav-S_ws/install/libuvc/lib:/Pav-S_ws/install/fast_lio/lib:/Pav-S_ws/install/astra_camera/lib:/Pav-S_ws/install/astra_camera_msgs/lib:/opt/ros/humble/opt/rviz_ogre_vendor/lib:/opt/ros/humble/lib/aarch64-linux-gnu:/opt/ros/humble/lib:/usr/local/cuda-12.2/lib64 /usr/bin/cmake --build /Pav-S_ws/build/nav2_controller -- -j6 -l6
[1.463s] Invoking command in '/Pav-S_ws/build/nav2_controller': CMAKE_PREFIX_PATH=/Pav-S_ws/install/nav2_core:/Pav-S_ws/install/nav2_costmap_2d:/Pav-S_ws/install/nav_2d_utils:/Pav-S_ws/install/nav2_map_server:/Pav-S_ws/install/nav2_lifecycle_manager:/Pav-S_ws/install/nav2_util:/Pav-S_ws/install/nav2_voxel_grid:/Pav-S_ws/install/nav2_msgs:/Pav-S_ws/install/nav_2d_msgs:/Pav-S_ws/install/nav2_common:/Pav-S_ws/install/nav2_behavior_tree:/Pav-S_ws/install/nav2_dwb_controller:/Pav-S_ws/install/nav2_controller:/Pav-S_ws/install/nav2_planner:/Pav-S_ws/install/dwb_plugins:/Pav-S_ws/install/dwb_critics:/Pav-S_ws/install/dwb_core:/Pav-S_ws/install/costmap_queue:/ws_livox/install/pointcloud_to_laserscan:/ws_livox/install/livox_ros_driver2:/Pav-S_ws/install/wheeltec_robot_urdf:/Pav-S_ws/install/turn_on_wheeltec_robot:/Pav-S_ws/install/wheeltec_robot_msg:/Pav-S_ws/install/usb_cam:/Pav-S_ws/install/serial:/Pav-S_ws/install/robot_kcf:/Pav-S_ws/install/dwb_msgs:/Pav-S_ws/install/libuvc:/Pav-S_ws/install/fast_lio:/Pav-S_ws/install/astra_camera:/Pav-S_ws/install/astra_camera_msgs:/Pav-S_ws/install/yolo_detector:/Pav-S_ws/install/yolov5_lib:/Pav-S_ws/install/nav2_simple_commander:/opt/ros/humble LD_LIBRARY_PATH=/Pav-S_ws/install/nav2_costmap_2d/lib:/Pav-S_ws/install/nav_2d_utils/lib:/Pav-S_ws/install/nav2_map_server/lib:/Pav-S_ws/install/nav2_lifecycle_manager/lib:/Pav-S_ws/install/nav2_util/lib:/Pav-S_ws/install/nav2_voxel_grid/lib:/Pav-S_ws/install/nav2_msgs/lib:/Pav-S_ws/install/nav_2d_msgs/lib:/Pav-S_ws/install/nav2_behavior_tree/lib:/Pav-S_ws/install/nav2_controller/lib:/Pav-S_ws/install/nav2_planner/lib:/Pav-S_ws/install/dwb_plugins/lib:/Pav-S_ws/install/dwb_critics/lib:/Pav-S_ws/install/dwb_core/lib:/Pav-S_ws/install/costmap_queue/lib:/usr/local/cuda-12.2/lib64:/ws_livox/install/pointcloud_to_laserscan/lib:/ws_livox/install/livox_ros_driver2/lib:/Pav-S_ws/install/turn_on_wheeltec_robot/lib:/Pav-S_ws/install/wheeltec_robot_msg/lib:/Pav-S_ws/install/usb_cam/lib:/Pav-S_ws/install/serial/lib:/Pav-S_ws/install/dwb_msgs/lib:/Pav-S_ws/install/libuvc/lib:/Pav-S_ws/install/fast_lio/lib:/Pav-S_ws/install/astra_camera/lib:/Pav-S_ws/install/astra_camera_msgs/lib:/opt/ros/humble/opt/rviz_ogre_vendor/lib:/opt/ros/humble/lib/aarch64-linux-gnu:/opt/ros/humble/lib:/usr/local/cuda-12.2/lib64 /usr/bin/cmake --install /Pav-S_ws/build/nav2_controller
[8.287s] -- Install configuration: "Release"
[8.287s] -- Up-to-date: /Pav-S_ws/install/nav2_controller/lib/libsimple_progress_checker.so
[8.287s] -- Up-to-date: /Pav-S_ws/install/nav2_controller/lib/libpose_progress_checker.so
[8.287s] -- Up-to-date: /Pav-S_ws/install/nav2_controller/lib/libsimple_goal_checker.so
[8.288s] -- Up-to-date: /Pav-S_ws/install/nav2_controller/lib/libstopped_goal_checker.so
[8.288s] -- Up-to-date: /Pav-S_ws/install/nav2_controller/lib/libposition_goal_checker.so
[8.288s] -- Up-to-date: /Pav-S_ws/install/nav2_controller/lib/libcontroller_server_core.so
[8.288s] -- Up-to-date: /Pav-S_ws/install/nav2_controller/lib/nav2_controller/controller_server
[8.288s] -- Up-to-date: /Pav-S_ws/install/nav2_controller/include/
[8.288s] -- Up-to-date: /Pav-S_ws/install/nav2_controller/include//nav2_controller
[8.288s] -- Up-to-date: /Pav-S_ws/install/nav2_controller/include//nav2_controller/controller_server.hpp
[8.288s] -- Up-to-date: /Pav-S_ws/install/nav2_controller/include//nav2_controller/plugins
[8.288s] -- Up-to-date: /Pav-S_ws/install/nav2_controller/include//nav2_controller/plugins/simple_progress_checker.hpp
[8.289s] -- Up-to-date: /Pav-S_ws/install/nav2_controller/include//nav2_controller/plugins/stopped_goal_checker.hpp
[8.289s] -- Up-to-date: /Pav-S_ws/install/nav2_controller/include//nav2_controller/plugins/simple_goal_checker.hpp
[8.289s] -- Up-to-date: /Pav-S_ws/install/nav2_controller/include//nav2_controller/plugins/pose_progress_checker.hpp
[8.289s] -- Up-to-date: /Pav-S_ws/install/nav2_controller/include//nav2_controller/plugins/position_goal_checker.hpp
[8.289s] -- Up-to-date: /Pav-S_ws/install/nav2_controller/share/nav2_controller/environment/library_path.sh
[8.289s] -- Up-to-date: /Pav-S_ws/install/nav2_controller/share/nav2_controller/environment/library_path.dsv
[8.289s] -- Up-to-date: /Pav-S_ws/install/nav2_controller/share/nav2_controller/plugins.xml
[8.289s] -- Up-to-date: /Pav-S_ws/install/nav2_controller/share/ament_index/resource_index/package_run_dependencies/nav2_controller
[8.289s] -- Up-to-date: /Pav-S_ws/install/nav2_controller/share/ament_index/resource_index/parent_prefix_path/nav2_controller
[8.290s] -- Up-to-date: /Pav-S_ws/install/nav2_controller/share/nav2_controller/environment/ament_prefix_path.sh
[8.290s] -- Up-to-date: /Pav-S_ws/install/nav2_controller/share/nav2_controller/environment/ament_prefix_path.dsv
[8.299s] -- Up-to-date: /Pav-S_ws/install/nav2_controller/share/nav2_controller/environment/path.sh
[8.300s] -- Up-to-date: /Pav-S_ws/install/nav2_controller/share/nav2_controller/environment/path.dsv
[8.300s] -- Up-to-date: /Pav-S_ws/install/nav2_controller/share/nav2_controller/local_setup.bash
[8.300s] -- Up-to-date: /Pav-S_ws/install/nav2_controller/share/nav2_controller/local_setup.sh
[8.300s] -- Up-to-date: /Pav-S_ws/install/nav2_controller/share/nav2_controller/local_setup.zsh
[8.301s] -- Up-to-date: /Pav-S_ws/install/nav2_controller/share/nav2_controller/local_setup.dsv
[8.301s] -- Installing: /Pav-S_ws/install/nav2_controller/share/nav2_controller/package.dsv
[8.301s] -- Up-to-date: /Pav-S_ws/install/nav2_controller/share/ament_index/resource_index/packages/nav2_controller
[8.301s] -- Up-to-date: /Pav-S_ws/install/nav2_controller/share/ament_index/resource_index/nav2_core__pluginlib__plugin/nav2_controller
[8.301s] -- Up-to-date: /Pav-S_ws/install/nav2_controller/share/ament_index/resource_index/rclcpp_components/nav2_controller
[8.301s] -- Up-to-date: /Pav-S_ws/install/nav2_controller/share/nav2_controller/cmake/ament_cmake_export_include_directories-extras.cmake
[8.301s] -- Up-to-date: /Pav-S_ws/install/nav2_controller/share/nav2_controller/cmake/ament_cmake_export_libraries-extras.cmake
[8.301s] -- Up-to-date: /Pav-S_ws/install/nav2_controller/share/nav2_controller/cmake/ament_cmake_export_dependencies-extras.cmake
[8.302s] -- Up-to-date: /Pav-S_ws/install/nav2_controller/share/nav2_controller/cmake/nav2_controllerConfig.cmake
[8.302s] -- Up-to-date: /Pav-S_ws/install/nav2_controller/share/nav2_controller/cmake/nav2_controllerConfig-version.cmake
[8.302s] -- Up-to-date: /Pav-S_ws/install/nav2_controller/share/nav2_controller/package.xml
[8.309s] Invoked command in '/Pav-S_ws/build/nav2_controller' returned '0': CMAKE_PREFIX_PATH=/Pav-S_ws/install/nav2_core:/Pav-S_ws/install/nav2_costmap_2d:/Pav-S_ws/install/nav_2d_utils:/Pav-S_ws/install/nav2_map_server:/Pav-S_ws/install/nav2_lifecycle_manager:/Pav-S_ws/install/nav2_util:/Pav-S_ws/install/nav2_voxel_grid:/Pav-S_ws/install/nav2_msgs:/Pav-S_ws/install/nav_2d_msgs:/Pav-S_ws/install/nav2_common:/Pav-S_ws/install/nav2_behavior_tree:/Pav-S_ws/install/nav2_dwb_controller:/Pav-S_ws/install/nav2_controller:/Pav-S_ws/install/nav2_planner:/Pav-S_ws/install/dwb_plugins:/Pav-S_ws/install/dwb_critics:/Pav-S_ws/install/dwb_core:/Pav-S_ws/install/costmap_queue:/ws_livox/install/pointcloud_to_laserscan:/ws_livox/install/livox_ros_driver2:/Pav-S_ws/install/wheeltec_robot_urdf:/Pav-S_ws/install/turn_on_wheeltec_robot:/Pav-S_ws/install/wheeltec_robot_msg:/Pav-S_ws/install/usb_cam:/Pav-S_ws/install/serial:/Pav-S_ws/install/robot_kcf:/Pav-S_ws/install/dwb_msgs:/Pav-S_ws/install/libuvc:/Pav-S_ws/install/fast_lio:/Pav-S_ws/install/astra_camera:/Pav-S_ws/install/astra_camera_msgs:/Pav-S_ws/install/yolo_detector:/Pav-S_ws/install/yolov5_lib:/Pav-S_ws/install/nav2_simple_commander:/opt/ros/humble LD_LIBRARY_PATH=/Pav-S_ws/install/nav2_costmap_2d/lib:/Pav-S_ws/install/nav_2d_utils/lib:/Pav-S_ws/install/nav2_map_server/lib:/Pav-S_ws/install/nav2_lifecycle_manager/lib:/Pav-S_ws/install/nav2_util/lib:/Pav-S_ws/install/nav2_voxel_grid/lib:/Pav-S_ws/install/nav2_msgs/lib:/Pav-S_ws/install/nav_2d_msgs/lib:/Pav-S_ws/install/nav2_behavior_tree/lib:/Pav-S_ws/install/nav2_controller/lib:/Pav-S_ws/install/nav2_planner/lib:/Pav-S_ws/install/dwb_plugins/lib:/Pav-S_ws/install/dwb_critics/lib:/Pav-S_ws/install/dwb_core/lib:/Pav-S_ws/install/costmap_queue/lib:/usr/local/cuda-12.2/lib64:/ws_livox/install/pointcloud_to_laserscan/lib:/ws_livox/install/livox_ros_driver2/lib:/Pav-S_ws/install/turn_on_wheeltec_robot/lib:/Pav-S_ws/install/wheeltec_robot_msg/lib:/Pav-S_ws/install/usb_cam/lib:/Pav-S_ws/install/serial/lib:/Pav-S_ws/install/dwb_msgs/lib:/Pav-S_ws/install/libuvc/lib:/Pav-S_ws/install/fast_lio/lib:/Pav-S_ws/install/astra_camera/lib:/Pav-S_ws/install/astra_camera_msgs/lib:/opt/ros/humble/opt/rviz_ogre_vendor/lib:/opt/ros/humble/lib/aarch64-linux-gnu:/opt/ros/humble/lib:/usr/local/cuda-12.2/lib64 /usr/bin/cmake --install /Pav-S_ws/build/nav2_controller
