[0.157s] Invoking command in '/Pav-S_ws/build/nav2_velocity_smoother': CMAKE_PREFIX_PATH=/Pav-S_ws/install/nav2_util:/Pav-S_ws/install/nav2_msgs:/Pav-S_ws/install/nav2_common:/Pav-S_ws/install/nav2_behavior_tree:/Pav-S_ws/install/nav2_dwb_controller:/Pav-S_ws/install/nav2_controller:/Pav-S_ws/install/nav2_planner:/Pav-S_ws/install/dwb_plugins:/Pav-S_ws/install/dwb_critics:/Pav-S_ws/install/dwb_core:/Pav-S_ws/install/nav_2d_utils:/Pav-S_ws/install/nav2_core:/Pav-S_ws/install/costmap_queue:/Pav-S_ws/install/nav2_costmap_2d:/Pav-S_ws/install/nav2_map_server:/Pav-S_ws/install/nav2_lifecycle_manager:/ws_livox/install/pointcloud_to_laserscan:/ws_livox/install/livox_ros_driver2:/Pav-S_ws/install/wheeltec_robot_urdf:/Pav-S_ws/install/turn_on_wheeltec_robot:/Pav-S_ws/install/wheeltec_robot_msg:/Pav-S_ws/install/usb_cam:/Pav-S_ws/install/serial:/Pav-S_ws/install/robot_kcf:/Pav-S_ws/install/dwb_msgs:/Pav-S_ws/install/nav_2d_msgs:/Pav-S_ws/install/nav2_voxel_grid:/Pav-S_ws/install/libuvc:/Pav-S_ws/install/fast_lio:/Pav-S_ws/install/astra_camera:/Pav-S_ws/install/astra_camera_msgs:/Pav-S_ws/install/yolo_detector:/Pav-S_ws/install/yolov5_lib:/Pav-S_ws/install/nav2_simple_commander:/opt/ros/humble LD_LIBRARY_PATH=/Pav-S_ws/install/nav2_util/lib:/Pav-S_ws/install/nav2_msgs/lib:/Pav-S_ws/install/nav2_behavior_tree/lib:/Pav-S_ws/install/nav2_controller/lib:/Pav-S_ws/install/nav2_planner/lib:/Pav-S_ws/install/dwb_plugins/lib:/Pav-S_ws/install/dwb_critics/lib:/Pav-S_ws/install/dwb_core/lib:/Pav-S_ws/install/nav_2d_utils/lib:/Pav-S_ws/install/costmap_queue/lib:/Pav-S_ws/install/nav2_costmap_2d/lib:/Pav-S_ws/install/nav2_map_server/lib:/Pav-S_ws/install/nav2_lifecycle_manager/lib:/usr/local/cuda-12.2/lib64:/ws_livox/install/pointcloud_to_laserscan/lib:/ws_livox/install/livox_ros_driver2/lib:/Pav-S_ws/install/turn_on_wheeltec_robot/lib:/Pav-S_ws/install/wheeltec_robot_msg/lib:/Pav-S_ws/install/usb_cam/lib:/Pav-S_ws/install/serial/lib:/Pav-S_ws/install/dwb_msgs/lib:/Pav-S_ws/install/nav_2d_msgs/lib:/Pav-S_ws/install/nav2_voxel_grid/lib:/Pav-S_ws/install/libuvc/lib:/Pav-S_ws/install/fast_lio/lib:/Pav-S_ws/install/astra_camera/lib:/Pav-S_ws/install/astra_camera_msgs/lib:/opt/ros/humble/opt/rviz_ogre_vendor/lib:/opt/ros/humble/lib/aarch64-linux-gnu:/opt/ros/humble/lib:/usr/local/cuda-12.2/lib64 /usr/bin/cmake /Pav-S_ws/src/navigation2-humble/nav2_velocity_smoother -DCMAKE_INSTALL_PREFIX=/Pav-S_ws/install/nav2_velocity_smoother
[0.328s] -- The C compiler identification is GNU 11.4.0
[0.466s] -- The CXX compiler identification is GNU 11.4.0
[0.487s] -- Detecting C compiler ABI info
[0.672s] -- Detecting C compiler ABI info - done
[0.688s] -- Check for working C compiler: /usr/bin/cc - skipped
[0.688s] -- Detecting C compile features
[0.689s] -- Detecting C compile features - done
[0.695s] -- Detecting CXX compiler ABI info
[0.966s] -- Detecting CXX compiler ABI info - done
[0.980s] -- Check for working CXX compiler: /usr/bin/c++ - skipped
[0.980s] -- Detecting CXX compile features
[0.981s] -- Detecting CXX compile features - done
[0.994s] -- Found ament_cmake: 1.3.12 (/opt/ros/humble/share/ament_cmake/cmake)
[1.455s] -- Found Python3: /usr/bin/python3 (found version "3.10.12") found components: Interpreter 
[1.776s] -- Found nav2_common: 1.1.18 (/Pav-S_ws/install/nav2_common/share/nav2_common/cmake)
[1.785s] -- Found rclcpp: 16.0.15 (/opt/ros/humble/share/rclcpp/cmake)
[1.934s] -- Found rosidl_generator_c: 3.1.7 (/opt/ros/humble/share/rosidl_generator_c/cmake)
[1.953s] -- Found rosidl_adapter: 3.1.7 (/opt/ros/humble/share/rosidl_adapter/cmake)
[1.979s] -- Found rosidl_generator_cpp: 3.1.7 (/opt/ros/humble/share/rosidl_generator_cpp/cmake)
[2.013s] -- Using all available rosidl_typesupport_c: rosidl_typesupport_fastrtps_c;rosidl_typesupport_introspection_c
[2.060s] -- Using all available rosidl_typesupport_cpp: rosidl_typesupport_fastrtps_cpp;rosidl_typesupport_introspection_cpp
[2.193s] -- Found rmw_implementation_cmake: 6.1.2 (/opt/ros/humble/share/rmw_implementation_cmake/cmake)
[2.205s] -- Found rmw_fastrtps_cpp: 6.2.8 (/opt/ros/humble/share/rmw_fastrtps_cpp/cmake)
[2.440s] -- Found OpenSSL: /usr/lib/aarch64-linux-gnu/libcrypto.so (found version "3.0.2")  
[2.525s] -- Found FastRTPS: /opt/ros/humble/include  
[2.629s] -- Using RMW implementation 'rmw_fastrtps_cpp' as default
[2.661s] -- Looking for pthread.h
[2.831s] -- Looking for pthread.h - found
[2.831s] -- Performing Test CMAKE_HAVE_LIBC_PTHREAD
[3.027s] -- Performing Test CMAKE_HAVE_LIBC_PTHREAD - Success
[3.030s] -- Found Threads: TRUE  
[3.188s] -- Found rclcpp_components: 16.0.15 (/opt/ros/humble/share/rclcpp_components/cmake)
[3.260s] -- Found geometry_msgs: 4.9.0 (/opt/ros/humble/share/geometry_msgs/cmake)
[3.282s] -- Found nav2_util: 1.1.18 (/Pav-S_ws/install/nav2_util/share/nav2_util/cmake)
[3.596s] -- Found eigen3_cmake_module: 0.1.1 (/opt/ros/humble/share/eigen3_cmake_module/cmake)
[3.598s] -- Found Eigen3: TRUE (found version "3.4.0") 
[3.598s] -- Ensuring Eigen3 include directory is part of orocos-kdl CMake target
[3.725s] -- Setting build type to Release as none was specified.
[3.839s] -- Found ament_lint_auto: 0.12.14 (/opt/ros/humble/share/ament_lint_auto/cmake)
[4.073s] -- Found gtest sources under '/opt/ros/humble/src/gtest_vendor': C++ tests using 'Google Test' will be built
[4.141s] -- Added test 'cppcheck' to perform static code analysis on C / C++ code
[4.141s] -- Configured cppcheck include dirs: /Pav-S_ws/src/navigation2-humble/nav2_velocity_smoother/include
[4.142s] -- Configured cppcheck exclude dirs and/or files: 
[4.144s] -- Added test 'cpplint' to check C / C++ code against the Google style
[4.144s] -- Configured cpplint exclude dirs and/or files: 
[4.147s] -- Added test 'lint_cmake' to check CMake code style
[4.149s] -- Added test 'uncrustify' to check C / C++ code style
[4.149s] -- Configured uncrustify additional arguments: 
[4.151s] -- Added test 'xmllint' to check XML markup files
[4.159s] -- Configuring done
[4.325s] -- Generating done
[4.352s] -- Build files have been written to: /Pav-S_ws/build/nav2_velocity_smoother
