Performing C++ SOURCE FILE Test COMPILER_SUPPORTS_AVX512 failed with the following output:
Change Dir: /Pav-S_ws/build/nav2_mppi_controller/CMakeFiles/CMakeTmp

Run Build Command(s):/usr/bin/gmake -f Makefile cmTC_a5200/fast && /usr/bin/gmake  -f CMakeFiles/cmTC_a5200.dir/build.make CMakeFiles/cmTC_a5200.dir/build
gmake[1]: Entering directory '/Pav-S_ws/build/nav2_mppi_controller/CMakeFiles/CMakeTmp'
Building CXX object CMakeFiles/cmTC_a5200.dir/src.cxx.o
/usr/bin/c++ -DCOMPILER_SUPPORTS_AVX512  -mno-avx512f -o CMakeFiles/cmTC_a5200.dir/src.cxx.o -c /Pav-S_ws/build/nav2_mppi_controller/CMakeFiles/CMakeTmp/src.cxx
c++: error: unrecognized command-line option '-mno-avx512f'
gmake[1]: *** [CMakeFiles/cmTC_a5200.dir/build.make:78: CMakeFiles/cmTC_a5200.dir/src.cxx.o] Error 1
gmake[1]: Leaving directory '/Pav-S_ws/build/nav2_mppi_controller/CMakeFiles/CMakeTmp'
gmake: *** [Makefile:127: cmTC_a5200/fast] Error 2


Source file was:
int main() { return 0; }
Performing C++ SOURCE FILE Test COMPILER_SUPPORTS_SSE4 failed with the following output:
Change Dir: /Pav-S_ws/build/nav2_mppi_controller/CMakeFiles/CMakeTmp

Run Build Command(s):/usr/bin/gmake -f Makefile cmTC_3933a/fast && /usr/bin/gmake  -f CMakeFiles/cmTC_3933a.dir/build.make CMakeFiles/cmTC_3933a.dir/build
gmake[1]: Entering directory '/Pav-S_ws/build/nav2_mppi_controller/CMakeFiles/CMakeTmp'
Building CXX object CMakeFiles/cmTC_3933a.dir/src.cxx.o
/usr/bin/c++ -DCOMPILER_SUPPORTS_SSE4  -msse4.2 -o CMakeFiles/cmTC_3933a.dir/src.cxx.o -c /Pav-S_ws/build/nav2_mppi_controller/CMakeFiles/CMakeTmp/src.cxx
c++: error: unrecognized command-line option '-msse4.2'
gmake[1]: *** [CMakeFiles/cmTC_3933a.dir/build.make:78: CMakeFiles/cmTC_3933a.dir/src.cxx.o] Error 1
gmake[1]: Leaving directory '/Pav-S_ws/build/nav2_mppi_controller/CMakeFiles/CMakeTmp'
gmake: *** [Makefile:127: cmTC_3933a/fast] Error 2


Source file was:
int main() { return 0; }
Performing C++ SOURCE FILE Test COMPILER_SUPPORTS_AVX2 failed with the following output:
Change Dir: /Pav-S_ws/build/nav2_mppi_controller/CMakeFiles/CMakeTmp

Run Build Command(s):/usr/bin/gmake -f Makefile cmTC_6a7ce/fast && /usr/bin/gmake  -f CMakeFiles/cmTC_6a7ce.dir/build.make CMakeFiles/cmTC_6a7ce.dir/build
gmake[1]: Entering directory '/Pav-S_ws/build/nav2_mppi_controller/CMakeFiles/CMakeTmp'
Building CXX object CMakeFiles/cmTC_6a7ce.dir/src.cxx.o
/usr/bin/c++ -DCOMPILER_SUPPORTS_AVX2  -mavx2 -o CMakeFiles/cmTC_6a7ce.dir/src.cxx.o -c /Pav-S_ws/build/nav2_mppi_controller/CMakeFiles/CMakeTmp/src.cxx
c++: error: unrecognized command-line option '-mavx2'
gmake[1]: *** [CMakeFiles/cmTC_6a7ce.dir/build.make:78: CMakeFiles/cmTC_6a7ce.dir/src.cxx.o] Error 1
gmake[1]: Leaving directory '/Pav-S_ws/build/nav2_mppi_controller/CMakeFiles/CMakeTmp'
gmake: *** [Makefile:127: cmTC_6a7ce/fast] Error 2


Source file was:
int main() { return 0; }
Performing C++ SOURCE FILE Test COMPILER_SUPPORTS_FMA failed with the following output:
Change Dir: /Pav-S_ws/build/nav2_mppi_controller/CMakeFiles/CMakeTmp

Run Build Command(s):/usr/bin/gmake -f Makefile cmTC_1e63f/fast && /usr/bin/gmake  -f CMakeFiles/cmTC_1e63f.dir/build.make CMakeFiles/cmTC_1e63f.dir/build
gmake[1]: Entering directory '/Pav-S_ws/build/nav2_mppi_controller/CMakeFiles/CMakeTmp'
Building CXX object CMakeFiles/cmTC_1e63f.dir/src.cxx.o
/usr/bin/c++ -DCOMPILER_SUPPORTS_FMA  -mfma -o CMakeFiles/cmTC_1e63f.dir/src.cxx.o -c /Pav-S_ws/build/nav2_mppi_controller/CMakeFiles/CMakeTmp/src.cxx
c++: error: unrecognized command-line option '-mfma'
gmake[1]: *** [CMakeFiles/cmTC_1e63f.dir/build.make:78: CMakeFiles/cmTC_1e63f.dir/src.cxx.o] Error 1
gmake[1]: Leaving directory '/Pav-S_ws/build/nav2_mppi_controller/CMakeFiles/CMakeTmp'
gmake: *** [Makefile:127: cmTC_1e63f/fast] Error 2


Source file was:
int main() { return 0; }
