[0.062s] Invoking command in '/Pav-S_ws/build/wheeltec_robot_msg': CMAKE_PREFIX_PATH=${CMAKE_PREFIX_PATH}:/Pav-S_ws/install/yolo_detector:/Pav-S_ws/install/yolov5_lib:/Pav-S_ws/install/nav2_simple_commander:/opt/ros/humble /usr/bin/cmake --build /Pav-S_ws/build/wheeltec_robot_msg -- -j6 -l6
[0.278s] [  2%] Built target wheeltec_robot_msg__cpp
[0.328s] [ 12%] Built target wheeltec_robot_msg__rosidl_generator_c
[0.375s] [ 12%] Built target ament_cmake_python_copy_wheeltec_robot_msg
[0.498s] [ 23%] Built target wheeltec_robot_msg__rosidl_typesupport_fastrtps_cpp
[0.506s] [ 33%] Built target wheeltec_robot_msg__rosidl_typesupport_cpp
[0.526s] [ 48%] Built target wheeltec_robot_msg__rosidl_typesupport_introspection_cpp
[0.530s] [ 58%] Built target wheeltec_robot_msg__rosidl_typesupport_introspection_c
[0.533s] [ 64%] Built target wheeltec_robot_msg__rosidl_typesupport_fastrtps_c
[0.548s] [ 74%] Built target wheeltec_robot_msg__rosidl_typesupport_c
[0.631s] [ 74%] Built target wheeltec_robot_msg
[0.743s] [ 76%] Built target wheeltec_robot_msg__py
[0.903s] [ 84%] Built target wheeltec_robot_msg__rosidl_generator_py
[1.059s] [ 89%] Built target wheeltec_robot_msg__rosidl_typesupport_c__pyext
[1.065s] [ 94%] Built target wheeltec_robot_msg__rosidl_typesupport_introspection_c__pyext
[1.069s] [100%] Built target wheeltec_robot_msg__rosidl_typesupport_fastrtps_c__pyext
[1.370s] running egg_info
[1.373s] writing wheeltec_robot_msg.egg-info/PKG-INFO
[1.374s] writing dependency_links to wheeltec_robot_msg.egg-info/dependency_links.txt
[1.374s] writing top-level names to wheeltec_robot_msg.egg-info/top_level.txt
[1.380s] reading manifest file 'wheeltec_robot_msg.egg-info/SOURCES.txt'
[1.382s] writing manifest file 'wheeltec_robot_msg.egg-info/SOURCES.txt'
[1.518s] [100%] Built target ament_cmake_python_build_wheeltec_robot_msg_egg
[1.581s] Invoked command in '/Pav-S_ws/build/wheeltec_robot_msg' returned '0': CMAKE_PREFIX_PATH=${CMAKE_PREFIX_PATH}:/Pav-S_ws/install/yolo_detector:/Pav-S_ws/install/yolov5_lib:/Pav-S_ws/install/nav2_simple_commander:/opt/ros/humble /usr/bin/cmake --build /Pav-S_ws/build/wheeltec_robot_msg -- -j6 -l6
[1.595s] Invoking command in '/Pav-S_ws/build/wheeltec_robot_msg': CMAKE_PREFIX_PATH=${CMAKE_PREFIX_PATH}:/Pav-S_ws/install/yolo_detector:/Pav-S_ws/install/yolov5_lib:/Pav-S_ws/install/nav2_simple_commander:/opt/ros/humble /usr/bin/cmake --install /Pav-S_ws/build/wheeltec_robot_msg
[1.633s] -- Install configuration: "Release"
[1.633s] -- Up-to-date: /Pav-S_ws/install/wheeltec_robot_msg/share/ament_index/resource_index/rosidl_interfaces/wheeltec_robot_msg
[1.633s] -- Up-to-date: /Pav-S_ws/install/wheeltec_robot_msg/include/wheeltec_robot_msg/wheeltec_robot_msg
[1.633s] -- Up-to-date: /Pav-S_ws/install/wheeltec_robot_msg/include/wheeltec_robot_msg/wheeltec_robot_msg/msg
[1.634s] -- Up-to-date: /Pav-S_ws/install/wheeltec_robot_msg/include/wheeltec_robot_msg/wheeltec_robot_msg/msg/rosidl_generator_c__visibility_control.h
[1.634s] -- Up-to-date: /Pav-S_ws/install/wheeltec_robot_msg/include/wheeltec_robot_msg/wheeltec_robot_msg/msg/detail
[1.634s] -- Up-to-date: /Pav-S_ws/install/wheeltec_robot_msg/include/wheeltec_robot_msg/wheeltec_robot_msg/msg/detail/data__functions.c
[1.634s] -- Up-to-date: /Pav-S_ws/install/wheeltec_robot_msg/include/wheeltec_robot_msg/wheeltec_robot_msg/msg/detail/supersonic__type_support.h
[1.634s] -- Up-to-date: /Pav-S_ws/install/wheeltec_robot_msg/include/wheeltec_robot_msg/wheeltec_robot_msg/msg/detail/supersonic__functions.c
[1.634s] -- Up-to-date: /Pav-S_ws/install/wheeltec_robot_msg/include/wheeltec_robot_msg/wheeltec_robot_msg/msg/detail/supersonic__functions.h
[1.634s] -- Up-to-date: /Pav-S_ws/install/wheeltec_robot_msg/include/wheeltec_robot_msg/wheeltec_robot_msg/msg/detail/data__type_support.h
[1.634s] -- Up-to-date: /Pav-S_ws/install/wheeltec_robot_msg/include/wheeltec_robot_msg/wheeltec_robot_msg/msg/detail/supersonic__struct.h
[1.635s] -- Up-to-date: /Pav-S_ws/install/wheeltec_robot_msg/include/wheeltec_robot_msg/wheeltec_robot_msg/msg/detail/data__functions.h
[1.635s] -- Up-to-date: /Pav-S_ws/install/wheeltec_robot_msg/include/wheeltec_robot_msg/wheeltec_robot_msg/msg/detail/data__struct.h
[1.635s] -- Up-to-date: /Pav-S_ws/install/wheeltec_robot_msg/include/wheeltec_robot_msg/wheeltec_robot_msg/msg/supersonic.h
[1.635s] -- Up-to-date: /Pav-S_ws/install/wheeltec_robot_msg/include/wheeltec_robot_msg/wheeltec_robot_msg/msg/data.h
[1.635s] -- Up-to-date: /Pav-S_ws/install/wheeltec_robot_msg/share/wheeltec_robot_msg/environment/library_path.sh
[1.635s] -- Up-to-date: /Pav-S_ws/install/wheeltec_robot_msg/share/wheeltec_robot_msg/environment/library_path.dsv
[1.635s] -- Up-to-date: /Pav-S_ws/install/wheeltec_robot_msg/lib/libwheeltec_robot_msg__rosidl_generator_c.so
[1.677s] -- Up-to-date: /Pav-S_ws/install/wheeltec_robot_msg/include/wheeltec_robot_msg/wheeltec_robot_msg
[1.677s] -- Up-to-date: /Pav-S_ws/install/wheeltec_robot_msg/include/wheeltec_robot_msg/wheeltec_robot_msg/msg
[1.678s] -- Up-to-date: /Pav-S_ws/install/wheeltec_robot_msg/include/wheeltec_robot_msg/wheeltec_robot_msg/msg/rosidl_typesupport_fastrtps_c__visibility_control.h
[1.678s] -- Up-to-date: /Pav-S_ws/install/wheeltec_robot_msg/include/wheeltec_robot_msg/wheeltec_robot_msg/msg/detail
[1.678s] -- Up-to-date: /Pav-S_ws/install/wheeltec_robot_msg/include/wheeltec_robot_msg/wheeltec_robot_msg/msg/detail/supersonic__rosidl_typesupport_fastrtps_c.h
[1.679s] -- Up-to-date: /Pav-S_ws/install/wheeltec_robot_msg/include/wheeltec_robot_msg/wheeltec_robot_msg/msg/detail/data__rosidl_typesupport_fastrtps_c.h
[1.679s] -- Up-to-date: /Pav-S_ws/install/wheeltec_robot_msg/lib/libwheeltec_robot_msg__rosidl_typesupport_fastrtps_c.so
[1.688s] -- Up-to-date: /Pav-S_ws/install/wheeltec_robot_msg/include/wheeltec_robot_msg/wheeltec_robot_msg
[1.708s] -- Up-to-date: /Pav-S_ws/install/wheeltec_robot_msg/include/wheeltec_robot_msg/wheeltec_robot_msg/msg
[1.708s] -- Up-to-date: /Pav-S_ws/install/wheeltec_robot_msg/include/wheeltec_robot_msg/wheeltec_robot_msg/msg/rosidl_typesupport_introspection_c__visibility_control.h
[1.708s] -- Up-to-date: /Pav-S_ws/install/wheeltec_robot_msg/include/wheeltec_robot_msg/wheeltec_robot_msg/msg/detail
[1.708s] -- Up-to-date: /Pav-S_ws/install/wheeltec_robot_msg/include/wheeltec_robot_msg/wheeltec_robot_msg/msg/detail/data__type_support.c
[1.708s] -- Up-to-date: /Pav-S_ws/install/wheeltec_robot_msg/include/wheeltec_robot_msg/wheeltec_robot_msg/msg/detail/supersonic__rosidl_typesupport_introspection_c.h
[1.708s] -- Up-to-date: /Pav-S_ws/install/wheeltec_robot_msg/include/wheeltec_robot_msg/wheeltec_robot_msg/msg/detail/data__rosidl_typesupport_introspection_c.h
[1.709s] -- Up-to-date: /Pav-S_ws/install/wheeltec_robot_msg/include/wheeltec_robot_msg/wheeltec_robot_msg/msg/detail/supersonic__type_support.c
[1.709s] -- Up-to-date: /Pav-S_ws/install/wheeltec_robot_msg/lib/libwheeltec_robot_msg__rosidl_typesupport_introspection_c.so
[1.720s] -- Up-to-date: /Pav-S_ws/install/wheeltec_robot_msg/lib/libwheeltec_robot_msg__rosidl_typesupport_c.so
[1.721s] -- Up-to-date: /Pav-S_ws/install/wheeltec_robot_msg/include/wheeltec_robot_msg/wheeltec_robot_msg
[1.721s] -- Up-to-date: /Pav-S_ws/install/wheeltec_robot_msg/include/wheeltec_robot_msg/wheeltec_robot_msg/msg
[1.721s] -- Up-to-date: /Pav-S_ws/install/wheeltec_robot_msg/include/wheeltec_robot_msg/wheeltec_robot_msg/msg/rosidl_generator_cpp__visibility_control.hpp
[1.721s] -- Up-to-date: /Pav-S_ws/install/wheeltec_robot_msg/include/wheeltec_robot_msg/wheeltec_robot_msg/msg/supersonic.hpp
[1.722s] -- Up-to-date: /Pav-S_ws/install/wheeltec_robot_msg/include/wheeltec_robot_msg/wheeltec_robot_msg/msg/detail
[1.722s] -- Up-to-date: /Pav-S_ws/install/wheeltec_robot_msg/include/wheeltec_robot_msg/wheeltec_robot_msg/msg/detail/data__type_support.hpp
[1.722s] -- Up-to-date: /Pav-S_ws/install/wheeltec_robot_msg/include/wheeltec_robot_msg/wheeltec_robot_msg/msg/detail/supersonic__builder.hpp
[1.722s] -- Up-to-date: /Pav-S_ws/install/wheeltec_robot_msg/include/wheeltec_robot_msg/wheeltec_robot_msg/msg/detail/supersonic__type_support.hpp
[1.722s] -- Up-to-date: /Pav-S_ws/install/wheeltec_robot_msg/include/wheeltec_robot_msg/wheeltec_robot_msg/msg/detail/data__traits.hpp
[1.722s] -- Up-to-date: /Pav-S_ws/install/wheeltec_robot_msg/include/wheeltec_robot_msg/wheeltec_robot_msg/msg/detail/data__struct.hpp
[1.722s] -- Up-to-date: /Pav-S_ws/install/wheeltec_robot_msg/include/wheeltec_robot_msg/wheeltec_robot_msg/msg/detail/supersonic__traits.hpp
[1.722s] -- Up-to-date: /Pav-S_ws/install/wheeltec_robot_msg/include/wheeltec_robot_msg/wheeltec_robot_msg/msg/detail/supersonic__struct.hpp
[1.723s] -- Up-to-date: /Pav-S_ws/install/wheeltec_robot_msg/include/wheeltec_robot_msg/wheeltec_robot_msg/msg/detail/data__builder.hpp
[1.723s] -- Up-to-date: /Pav-S_ws/install/wheeltec_robot_msg/include/wheeltec_robot_msg/wheeltec_robot_msg/msg/data.hpp
[1.723s] -- Up-to-date: /Pav-S_ws/install/wheeltec_robot_msg/include/wheeltec_robot_msg/wheeltec_robot_msg
[1.725s] -- Up-to-date: /Pav-S_ws/install/wheeltec_robot_msg/include/wheeltec_robot_msg/wheeltec_robot_msg/msg
[1.725s] -- Up-to-date: /Pav-S_ws/install/wheeltec_robot_msg/include/wheeltec_robot_msg/wheeltec_robot_msg/msg/detail
[1.725s] -- Up-to-date: /Pav-S_ws/install/wheeltec_robot_msg/include/wheeltec_robot_msg/wheeltec_robot_msg/msg/detail/supersonic__rosidl_typesupport_fastrtps_cpp.hpp
[1.726s] -- Up-to-date: /Pav-S_ws/install/wheeltec_robot_msg/include/wheeltec_robot_msg/wheeltec_robot_msg/msg/detail/data__rosidl_typesupport_fastrtps_cpp.hpp
[1.726s] -- Up-to-date: /Pav-S_ws/install/wheeltec_robot_msg/include/wheeltec_robot_msg/wheeltec_robot_msg/msg/detail/dds_fastrtps
[1.726s] -- Up-to-date: /Pav-S_ws/install/wheeltec_robot_msg/include/wheeltec_robot_msg/wheeltec_robot_msg/msg/rosidl_typesupport_fastrtps_cpp__visibility_control.h
[1.738s] -- Up-to-date: /Pav-S_ws/install/wheeltec_robot_msg/lib/libwheeltec_robot_msg__rosidl_typesupport_fastrtps_cpp.so
[1.738s] -- Up-to-date: /Pav-S_ws/install/wheeltec_robot_msg/include/wheeltec_robot_msg/wheeltec_robot_msg
[1.739s] -- Up-to-date: /Pav-S_ws/install/wheeltec_robot_msg/include/wheeltec_robot_msg/wheeltec_robot_msg/msg
[1.739s] -- Up-to-date: /Pav-S_ws/install/wheeltec_robot_msg/include/wheeltec_robot_msg/wheeltec_robot_msg/msg/detail
[1.740s] -- Up-to-date: /Pav-S_ws/install/wheeltec_robot_msg/include/wheeltec_robot_msg/wheeltec_robot_msg/msg/detail/data__type_support.cpp
[1.740s] -- Up-to-date: /Pav-S_ws/install/wheeltec_robot_msg/include/wheeltec_robot_msg/wheeltec_robot_msg/msg/detail/data__rosidl_typesupport_introspection_cpp.hpp
[1.740s] -- Up-to-date: /Pav-S_ws/install/wheeltec_robot_msg/include/wheeltec_robot_msg/wheeltec_robot_msg/msg/detail/supersonic__rosidl_typesupport_introspection_cpp.hpp
[1.740s] -- Up-to-date: /Pav-S_ws/install/wheeltec_robot_msg/include/wheeltec_robot_msg/wheeltec_robot_msg/msg/detail/supersonic__type_support.cpp
[1.742s] -- Up-to-date: /Pav-S_ws/install/wheeltec_robot_msg/lib/libwheeltec_robot_msg__rosidl_typesupport_introspection_cpp.so
[1.745s] -- Up-to-date: /Pav-S_ws/install/wheeltec_robot_msg/lib/libwheeltec_robot_msg__rosidl_typesupport_cpp.so
[1.745s] -- Up-to-date: /Pav-S_ws/install/wheeltec_robot_msg/share/wheeltec_robot_msg/environment/pythonpath.sh
[1.745s] -- Up-to-date: /Pav-S_ws/install/wheeltec_robot_msg/share/wheeltec_robot_msg/environment/pythonpath.dsv
[1.745s] -- Up-to-date: /Pav-S_ws/install/wheeltec_robot_msg/local/lib/python3.10/dist-packages/wheeltec_robot_msg-0.0.0-py3.10.egg-info
[1.746s] -- Installing: /Pav-S_ws/install/wheeltec_robot_msg/local/lib/python3.10/dist-packages/wheeltec_robot_msg-0.0.0-py3.10.egg-info/dependency_links.txt
[1.747s] -- Installing: /Pav-S_ws/install/wheeltec_robot_msg/local/lib/python3.10/dist-packages/wheeltec_robot_msg-0.0.0-py3.10.egg-info/SOURCES.txt
[1.763s] -- Installing: /Pav-S_ws/install/wheeltec_robot_msg/local/lib/python3.10/dist-packages/wheeltec_robot_msg-0.0.0-py3.10.egg-info/PKG-INFO
[1.764s] -- Installing: /Pav-S_ws/install/wheeltec_robot_msg/local/lib/python3.10/dist-packages/wheeltec_robot_msg-0.0.0-py3.10.egg-info/top_level.txt
[1.764s] -- Up-to-date: /Pav-S_ws/install/wheeltec_robot_msg/local/lib/python3.10/dist-packages/wheeltec_robot_msg
[1.764s] -- Up-to-date: /Pav-S_ws/install/wheeltec_robot_msg/local/lib/python3.10/dist-packages/wheeltec_robot_msg/_wheeltec_robot_msg_s.ep.rosidl_typesupport_fastrtps_c.c
[1.765s] -- Up-to-date: /Pav-S_ws/install/wheeltec_robot_msg/local/lib/python3.10/dist-packages/wheeltec_robot_msg/libwheeltec_robot_msg__rosidl_generator_py.so
[1.765s] -- Up-to-date: /Pav-S_ws/install/wheeltec_robot_msg/local/lib/python3.10/dist-packages/wheeltec_robot_msg/wheeltec_robot_msg_s__rosidl_typesupport_c.cpython-310-aarch64-linux-gnu.so
[1.765s] -- Up-to-date: /Pav-S_ws/install/wheeltec_robot_msg/local/lib/python3.10/dist-packages/wheeltec_robot_msg/_wheeltec_robot_msg_s.ep.rosidl_typesupport_c.c
[1.765s] -- Up-to-date: /Pav-S_ws/install/wheeltec_robot_msg/local/lib/python3.10/dist-packages/wheeltec_robot_msg/wheeltec_robot_msg_s__rosidl_typesupport_introspection_c.cpython-310-aarch64-linux-gnu.so
[1.765s] -- Up-to-date: /Pav-S_ws/install/wheeltec_robot_msg/local/lib/python3.10/dist-packages/wheeltec_robot_msg/msg
[1.765s] -- Up-to-date: /Pav-S_ws/install/wheeltec_robot_msg/local/lib/python3.10/dist-packages/wheeltec_robot_msg/msg/_supersonic_s.c
[1.765s] -- Up-to-date: /Pav-S_ws/install/wheeltec_robot_msg/local/lib/python3.10/dist-packages/wheeltec_robot_msg/msg/_data.py
[1.766s] -- Up-to-date: /Pav-S_ws/install/wheeltec_robot_msg/local/lib/python3.10/dist-packages/wheeltec_robot_msg/msg/_data_s.c
[1.766s] -- Up-to-date: /Pav-S_ws/install/wheeltec_robot_msg/local/lib/python3.10/dist-packages/wheeltec_robot_msg/msg/__init__.py
[1.766s] -- Up-to-date: /Pav-S_ws/install/wheeltec_robot_msg/local/lib/python3.10/dist-packages/wheeltec_robot_msg/msg/_supersonic.py
[1.766s] -- Up-to-date: /Pav-S_ws/install/wheeltec_robot_msg/local/lib/python3.10/dist-packages/wheeltec_robot_msg/__init__.py
[1.766s] -- Up-to-date: /Pav-S_ws/install/wheeltec_robot_msg/local/lib/python3.10/dist-packages/wheeltec_robot_msg/wheeltec_robot_msg_s__rosidl_typesupport_fastrtps_c.cpython-310-aarch64-linux-gnu.so
[1.766s] -- Up-to-date: /Pav-S_ws/install/wheeltec_robot_msg/local/lib/python3.10/dist-packages/wheeltec_robot_msg/_wheeltec_robot_msg_s.ep.rosidl_typesupport_introspection_c.c
[1.770s] Listing '/Pav-S_ws/install/wheeltec_robot_msg/local/lib/python3.10/dist-packages/wheeltec_robot_msg'...
[1.770s] Listing '/Pav-S_ws/install/wheeltec_robot_msg/local/lib/python3.10/dist-packages/wheeltec_robot_msg/msg'...
[1.781s] -- Up-to-date: /Pav-S_ws/install/wheeltec_robot_msg/local/lib/python3.10/dist-packages/wheeltec_robot_msg/wheeltec_robot_msg_s__rosidl_typesupport_fastrtps_c.cpython-310-aarch64-linux-gnu.so
[1.782s] -- Up-to-date: /Pav-S_ws/install/wheeltec_robot_msg/local/lib/python3.10/dist-packages/wheeltec_robot_msg/wheeltec_robot_msg_s__rosidl_typesupport_introspection_c.cpython-310-aarch64-linux-gnu.so
[1.783s] -- Up-to-date: /Pav-S_ws/install/wheeltec_robot_msg/local/lib/python3.10/dist-packages/wheeltec_robot_msg/wheeltec_robot_msg_s__rosidl_typesupport_c.cpython-310-aarch64-linux-gnu.so
[1.784s] -- Up-to-date: /Pav-S_ws/install/wheeltec_robot_msg/lib/libwheeltec_robot_msg__rosidl_generator_py.so
[1.784s] -- Up-to-date: /Pav-S_ws/install/wheeltec_robot_msg/share/wheeltec_robot_msg/msg/Data.idl
[1.784s] -- Up-to-date: /Pav-S_ws/install/wheeltec_robot_msg/share/wheeltec_robot_msg/msg/Supersonic.idl
[1.788s] -- Up-to-date: /Pav-S_ws/install/wheeltec_robot_msg/share/wheeltec_robot_msg/msg/Data.msg
[1.788s] -- Up-to-date: /Pav-S_ws/install/wheeltec_robot_msg/share/wheeltec_robot_msg/msg/Supersonic.msg
[1.788s] -- Up-to-date: /Pav-S_ws/install/wheeltec_robot_msg/share/ament_index/resource_index/package_run_dependencies/wheeltec_robot_msg
[1.789s] -- Up-to-date: /Pav-S_ws/install/wheeltec_robot_msg/share/ament_index/resource_index/parent_prefix_path/wheeltec_robot_msg
[1.789s] -- Up-to-date: /Pav-S_ws/install/wheeltec_robot_msg/share/wheeltec_robot_msg/environment/ament_prefix_path.sh
[1.789s] -- Up-to-date: /Pav-S_ws/install/wheeltec_robot_msg/share/wheeltec_robot_msg/environment/ament_prefix_path.dsv
[1.789s] -- Up-to-date: /Pav-S_ws/install/wheeltec_robot_msg/share/wheeltec_robot_msg/environment/path.sh
[1.790s] -- Up-to-date: /Pav-S_ws/install/wheeltec_robot_msg/share/wheeltec_robot_msg/environment/path.dsv
[1.790s] -- Up-to-date: /Pav-S_ws/install/wheeltec_robot_msg/share/wheeltec_robot_msg/local_setup.bash
[1.790s] -- Up-to-date: /Pav-S_ws/install/wheeltec_robot_msg/share/wheeltec_robot_msg/local_setup.sh
[1.790s] -- Up-to-date: /Pav-S_ws/install/wheeltec_robot_msg/share/wheeltec_robot_msg/local_setup.zsh
[1.791s] -- Up-to-date: /Pav-S_ws/install/wheeltec_robot_msg/share/wheeltec_robot_msg/local_setup.dsv
[1.791s] -- Installing: /Pav-S_ws/install/wheeltec_robot_msg/share/wheeltec_robot_msg/package.dsv
[1.791s] -- Up-to-date: /Pav-S_ws/install/wheeltec_robot_msg/share/ament_index/resource_index/packages/wheeltec_robot_msg
[1.798s] -- Up-to-date: /Pav-S_ws/install/wheeltec_robot_msg/share/wheeltec_robot_msg/cmake/export_wheeltec_robot_msg__rosidl_generator_cExport.cmake
[1.799s] -- Up-to-date: /Pav-S_ws/install/wheeltec_robot_msg/share/wheeltec_robot_msg/cmake/export_wheeltec_robot_msg__rosidl_generator_cExport-release.cmake
[1.813s] -- Up-to-date: /Pav-S_ws/install/wheeltec_robot_msg/share/wheeltec_robot_msg/cmake/export_wheeltec_robot_msg__rosidl_typesupport_fastrtps_cExport.cmake
[1.813s] -- Up-to-date: /Pav-S_ws/install/wheeltec_robot_msg/share/wheeltec_robot_msg/cmake/export_wheeltec_robot_msg__rosidl_typesupport_fastrtps_cExport-release.cmake
[1.813s] -- Up-to-date: /Pav-S_ws/install/wheeltec_robot_msg/share/wheeltec_robot_msg/cmake/wheeltec_robot_msg__rosidl_typesupport_introspection_cExport.cmake
[1.813s] -- Up-to-date: /Pav-S_ws/install/wheeltec_robot_msg/share/wheeltec_robot_msg/cmake/wheeltec_robot_msg__rosidl_typesupport_introspection_cExport-release.cmake
[1.818s] -- Up-to-date: /Pav-S_ws/install/wheeltec_robot_msg/share/wheeltec_robot_msg/cmake/wheeltec_robot_msg__rosidl_typesupport_cExport.cmake
[1.819s] -- Up-to-date: /Pav-S_ws/install/wheeltec_robot_msg/share/wheeltec_robot_msg/cmake/wheeltec_robot_msg__rosidl_typesupport_cExport-release.cmake
[1.820s] -- Up-to-date: /Pav-S_ws/install/wheeltec_robot_msg/share/wheeltec_robot_msg/cmake/export_wheeltec_robot_msg__rosidl_generator_cppExport.cmake
[1.820s] -- Up-to-date: /Pav-S_ws/install/wheeltec_robot_msg/share/wheeltec_robot_msg/cmake/export_wheeltec_robot_msg__rosidl_typesupport_fastrtps_cppExport.cmake
[1.820s] -- Up-to-date: /Pav-S_ws/install/wheeltec_robot_msg/share/wheeltec_robot_msg/cmake/export_wheeltec_robot_msg__rosidl_typesupport_fastrtps_cppExport-release.cmake
[1.820s] -- Up-to-date: /Pav-S_ws/install/wheeltec_robot_msg/share/wheeltec_robot_msg/cmake/wheeltec_robot_msg__rosidl_typesupport_introspection_cppExport.cmake
[1.821s] -- Up-to-date: /Pav-S_ws/install/wheeltec_robot_msg/share/wheeltec_robot_msg/cmake/wheeltec_robot_msg__rosidl_typesupport_introspection_cppExport-release.cmake
[1.821s] -- Up-to-date: /Pav-S_ws/install/wheeltec_robot_msg/share/wheeltec_robot_msg/cmake/wheeltec_robot_msg__rosidl_typesupport_cppExport.cmake
[1.821s] -- Up-to-date: /Pav-S_ws/install/wheeltec_robot_msg/share/wheeltec_robot_msg/cmake/wheeltec_robot_msg__rosidl_typesupport_cppExport-release.cmake
[1.821s] -- Up-to-date: /Pav-S_ws/install/wheeltec_robot_msg/share/wheeltec_robot_msg/cmake/export_wheeltec_robot_msg__rosidl_generator_pyExport.cmake
[1.822s] -- Up-to-date: /Pav-S_ws/install/wheeltec_robot_msg/share/wheeltec_robot_msg/cmake/export_wheeltec_robot_msg__rosidl_generator_pyExport-release.cmake
[1.822s] -- Up-to-date: /Pav-S_ws/install/wheeltec_robot_msg/share/wheeltec_robot_msg/cmake/rosidl_cmake-extras.cmake
[1.822s] -- Up-to-date: /Pav-S_ws/install/wheeltec_robot_msg/share/wheeltec_robot_msg/cmake/ament_cmake_export_dependencies-extras.cmake
[1.822s] -- Up-to-date: /Pav-S_ws/install/wheeltec_robot_msg/share/wheeltec_robot_msg/cmake/ament_cmake_export_include_directories-extras.cmake
[1.822s] -- Up-to-date: /Pav-S_ws/install/wheeltec_robot_msg/share/wheeltec_robot_msg/cmake/ament_cmake_export_libraries-extras.cmake
[1.822s] -- Up-to-date: /Pav-S_ws/install/wheeltec_robot_msg/share/wheeltec_robot_msg/cmake/ament_cmake_export_targets-extras.cmake
[1.823s] -- Up-to-date: /Pav-S_ws/install/wheeltec_robot_msg/share/wheeltec_robot_msg/cmake/rosidl_cmake_export_typesupport_targets-extras.cmake
[1.823s] -- Up-to-date: /Pav-S_ws/install/wheeltec_robot_msg/share/wheeltec_robot_msg/cmake/rosidl_cmake_export_typesupport_libraries-extras.cmake
[1.823s] -- Up-to-date: /Pav-S_ws/install/wheeltec_robot_msg/share/wheeltec_robot_msg/cmake/wheeltec_robot_msgConfig.cmake
[1.823s] -- Up-to-date: /Pav-S_ws/install/wheeltec_robot_msg/share/wheeltec_robot_msg/cmake/wheeltec_robot_msgConfig-version.cmake
[1.823s] -- Up-to-date: /Pav-S_ws/install/wheeltec_robot_msg/share/wheeltec_robot_msg/package.xml
[1.841s] Invoked command in '/Pav-S_ws/build/wheeltec_robot_msg' returned '0': CMAKE_PREFIX_PATH=${CMAKE_PREFIX_PATH}:/Pav-S_ws/install/yolo_detector:/Pav-S_ws/install/yolov5_lib:/Pav-S_ws/install/nav2_simple_commander:/opt/ros/humble /usr/bin/cmake --install /Pav-S_ws/build/wheeltec_robot_msg
