[0.037s] Invoking command in '/Pav-S_ws/build/nav2_util': CMAKE_PREFIX_PATH=/Pav-S_ws/install/nav2_msgs:/Pav-S_ws/install/nav2_common:/Pav-S_ws/install/nav2_costmap_2d:/Pav-S_ws/install/nav2_map_server:/Pav-S_ws/install/nav2_lifecycle_manager:/ws_livox/install/pointcloud_to_laserscan:/ws_livox/install/livox_ros_driver2:/Pav-S_ws/install/wheeltec_robot_urdf:/Pav-S_ws/install/turn_on_wheeltec_robot:/Pav-S_ws/install/wheeltec_robot_msg:/Pav-S_ws/install/usb_cam:/Pav-S_ws/install/serial:/Pav-S_ws/install/robot_kcf:/Pav-S_ws/install/dwb_msgs:/Pav-S_ws/install/nav_2d_msgs:/Pav-S_ws/install/nav2_voxel_grid:/Pav-S_ws/install/nav2_util:/Pav-S_ws/install/libuvc:/Pav-S_ws/install/fast_lio:/Pav-S_ws/install/astra_camera:/Pav-S_ws/install/astra_camera_msgs:/Pav-S_ws/install/yolo_detector:/Pav-S_ws/install/yolov5_lib:/Pav-S_ws/install/nav2_simple_commander:/opt/ros/humble LD_LIBRARY_PATH=/Pav-S_ws/install/nav2_msgs/lib:/Pav-S_ws/install/nav2_costmap_2d/lib:/Pav-S_ws/install/nav2_map_server/lib:/Pav-S_ws/install/nav2_lifecycle_manager/lib:/usr/local/cuda-12.2/lib64:/ws_livox/install/pointcloud_to_laserscan/lib:/ws_livox/install/livox_ros_driver2/lib:/Pav-S_ws/install/turn_on_wheeltec_robot/lib:/Pav-S_ws/install/wheeltec_robot_msg/lib:/Pav-S_ws/install/usb_cam/lib:/Pav-S_ws/install/serial/lib:/Pav-S_ws/install/dwb_msgs/lib:/Pav-S_ws/install/nav_2d_msgs/lib:/Pav-S_ws/install/nav2_voxel_grid/lib:/Pav-S_ws/install/nav2_util/lib:/Pav-S_ws/install/libuvc/lib:/Pav-S_ws/install/fast_lio/lib:/Pav-S_ws/install/astra_camera/lib:/Pav-S_ws/install/astra_camera_msgs/lib:/opt/ros/humble/opt/rviz_ogre_vendor/lib:/opt/ros/humble/lib/aarch64-linux-gnu:/opt/ros/humble/lib:/usr/local/cuda-12.2/lib64 /usr/bin/cmake --build /Pav-S_ws/build/nav2_util -- -j6 -l6
[0.169s] [ 10%] Built target gtest_main
[0.169s] [ 10%] Built target gtest
[0.206s] [ 35%] Built target nav2_util_core
[0.229s] [ 40%] Built target test_execution_timer
[0.276s] [ 45%] Built target lifecycle_bringup
[0.280s] [ 50%] Built target test_node_utils
[0.281s] [ 55%] Built target test_lifecycle_utils
[0.292s] [ 65%] Built target test_service_client
[0.292s] [ 65%] Built target test_string_utils
[0.319s] [ 70%] Built target test_actions
[0.345s] [ 75%] Built target test_lifecycle_node
[0.357s] [ 80%] Built target test_lifecycle_cli_node
[0.362s] [ 85%] Built target test_odometry_utils
[0.363s] [ 90%] Built target test_geometry_utils
[0.380s] [ 95%] Built target test_validation_messages
[0.383s] [100%] Built target test_robot_utils
[0.704s] Invoked command in '/Pav-S_ws/build/nav2_util' returned '0': CMAKE_PREFIX_PATH=/Pav-S_ws/install/nav2_msgs:/Pav-S_ws/install/nav2_common:/Pav-S_ws/install/nav2_costmap_2d:/Pav-S_ws/install/nav2_map_server:/Pav-S_ws/install/nav2_lifecycle_manager:/ws_livox/install/pointcloud_to_laserscan:/ws_livox/install/livox_ros_driver2:/Pav-S_ws/install/wheeltec_robot_urdf:/Pav-S_ws/install/turn_on_wheeltec_robot:/Pav-S_ws/install/wheeltec_robot_msg:/Pav-S_ws/install/usb_cam:/Pav-S_ws/install/serial:/Pav-S_ws/install/robot_kcf:/Pav-S_ws/install/dwb_msgs:/Pav-S_ws/install/nav_2d_msgs:/Pav-S_ws/install/nav2_voxel_grid:/Pav-S_ws/install/nav2_util:/Pav-S_ws/install/libuvc:/Pav-S_ws/install/fast_lio:/Pav-S_ws/install/astra_camera:/Pav-S_ws/install/astra_camera_msgs:/Pav-S_ws/install/yolo_detector:/Pav-S_ws/install/yolov5_lib:/Pav-S_ws/install/nav2_simple_commander:/opt/ros/humble LD_LIBRARY_PATH=/Pav-S_ws/install/nav2_msgs/lib:/Pav-S_ws/install/nav2_costmap_2d/lib:/Pav-S_ws/install/nav2_map_server/lib:/Pav-S_ws/install/nav2_lifecycle_manager/lib:/usr/local/cuda-12.2/lib64:/ws_livox/install/pointcloud_to_laserscan/lib:/ws_livox/install/livox_ros_driver2/lib:/Pav-S_ws/install/turn_on_wheeltec_robot/lib:/Pav-S_ws/install/wheeltec_robot_msg/lib:/Pav-S_ws/install/usb_cam/lib:/Pav-S_ws/install/serial/lib:/Pav-S_ws/install/dwb_msgs/lib:/Pav-S_ws/install/nav_2d_msgs/lib:/Pav-S_ws/install/nav2_voxel_grid/lib:/Pav-S_ws/install/nav2_util/lib:/Pav-S_ws/install/libuvc/lib:/Pav-S_ws/install/fast_lio/lib:/Pav-S_ws/install/astra_camera/lib:/Pav-S_ws/install/astra_camera_msgs/lib:/opt/ros/humble/opt/rviz_ogre_vendor/lib:/opt/ros/humble/lib/aarch64-linux-gnu:/opt/ros/humble/lib:/usr/local/cuda-12.2/lib64 /usr/bin/cmake --build /Pav-S_ws/build/nav2_util -- -j6 -l6
[0.709s] Invoking command in '/Pav-S_ws/build/nav2_util': CMAKE_PREFIX_PATH=/Pav-S_ws/install/nav2_msgs:/Pav-S_ws/install/nav2_common:/Pav-S_ws/install/nav2_costmap_2d:/Pav-S_ws/install/nav2_map_server:/Pav-S_ws/install/nav2_lifecycle_manager:/ws_livox/install/pointcloud_to_laserscan:/ws_livox/install/livox_ros_driver2:/Pav-S_ws/install/wheeltec_robot_urdf:/Pav-S_ws/install/turn_on_wheeltec_robot:/Pav-S_ws/install/wheeltec_robot_msg:/Pav-S_ws/install/usb_cam:/Pav-S_ws/install/serial:/Pav-S_ws/install/robot_kcf:/Pav-S_ws/install/dwb_msgs:/Pav-S_ws/install/nav_2d_msgs:/Pav-S_ws/install/nav2_voxel_grid:/Pav-S_ws/install/nav2_util:/Pav-S_ws/install/libuvc:/Pav-S_ws/install/fast_lio:/Pav-S_ws/install/astra_camera:/Pav-S_ws/install/astra_camera_msgs:/Pav-S_ws/install/yolo_detector:/Pav-S_ws/install/yolov5_lib:/Pav-S_ws/install/nav2_simple_commander:/opt/ros/humble LD_LIBRARY_PATH=/Pav-S_ws/install/nav2_msgs/lib:/Pav-S_ws/install/nav2_costmap_2d/lib:/Pav-S_ws/install/nav2_map_server/lib:/Pav-S_ws/install/nav2_lifecycle_manager/lib:/usr/local/cuda-12.2/lib64:/ws_livox/install/pointcloud_to_laserscan/lib:/ws_livox/install/livox_ros_driver2/lib:/Pav-S_ws/install/turn_on_wheeltec_robot/lib:/Pav-S_ws/install/wheeltec_robot_msg/lib:/Pav-S_ws/install/usb_cam/lib:/Pav-S_ws/install/serial/lib:/Pav-S_ws/install/dwb_msgs/lib:/Pav-S_ws/install/nav_2d_msgs/lib:/Pav-S_ws/install/nav2_voxel_grid/lib:/Pav-S_ws/install/nav2_util/lib:/Pav-S_ws/install/libuvc/lib:/Pav-S_ws/install/fast_lio/lib:/Pav-S_ws/install/astra_camera/lib:/Pav-S_ws/install/astra_camera_msgs/lib:/opt/ros/humble/opt/rviz_ogre_vendor/lib:/opt/ros/humble/lib/aarch64-linux-gnu:/opt/ros/humble/lib:/usr/local/cuda-12.2/lib64 /usr/bin/cmake --install /Pav-S_ws/build/nav2_util
[0.730s] -- Install configuration: "Release"
[0.731s] -- Up-to-date: /Pav-S_ws/install/nav2_util/include/
[0.731s] -- Up-to-date: /Pav-S_ws/install/nav2_util/include//nav2_util
[0.732s] -- Up-to-date: /Pav-S_ws/install/nav2_util/include//nav2_util/node_utils.hpp
[0.732s] -- Up-to-date: /Pav-S_ws/install/nav2_util/include//nav2_util/costmap.hpp
[0.732s] -- Up-to-date: /Pav-S_ws/install/nav2_util/include//nav2_util/service_client.hpp
[0.732s] -- Up-to-date: /Pav-S_ws/install/nav2_util/include//nav2_util/node_thread.hpp
[0.733s] -- Up-to-date: /Pav-S_ws/install/nav2_util/include//nav2_util/line_iterator.hpp
[0.733s] -- Up-to-date: /Pav-S_ws/install/nav2_util/include//nav2_util/geometry_utils.hpp
[0.733s] -- Up-to-date: /Pav-S_ws/install/nav2_util/include//nav2_util/lifecycle_node.hpp
[0.733s] -- Up-to-date: /Pav-S_ws/install/nav2_util/include//nav2_util/execution_timer.hpp
[0.734s] -- Up-to-date: /Pav-S_ws/install/nav2_util/include//nav2_util/lifecycle_utils.hpp
[0.734s] -- Up-to-date: /Pav-S_ws/install/nav2_util/include//nav2_util/odometry_utils.hpp
[0.734s] -- Up-to-date: /Pav-S_ws/install/nav2_util/include//nav2_util/lifecycle_service_client.hpp
[0.735s] -- Up-to-date: /Pav-S_ws/install/nav2_util/include//nav2_util/clear_entirely_costmap_service_client.hpp
[0.735s] -- Up-to-date: /Pav-S_ws/install/nav2_util/include//nav2_util/occ_grid_values.hpp
[0.735s] -- Up-to-date: /Pav-S_ws/install/nav2_util/include//nav2_util/robot_utils.hpp
[0.735s] -- Up-to-date: /Pav-S_ws/install/nav2_util/include//nav2_util/simple_action_server.hpp
[0.736s] -- Up-to-date: /Pav-S_ws/install/nav2_util/include//nav2_util/validate_messages.hpp
[0.736s] -- Up-to-date: /Pav-S_ws/install/nav2_util/include//nav2_util/string_utils.hpp
[0.736s] -- Up-to-date: /Pav-S_ws/install/nav2_util/share/nav2_util/environment/library_path.sh
[0.737s] -- Installing: /Pav-S_ws/install/nav2_util/share/nav2_util/environment/library_path.dsv
[0.737s] -- Up-to-date: /Pav-S_ws/install/nav2_util/share/ament_index/resource_index/package_run_dependencies/nav2_util
[0.737s] -- Installing: /Pav-S_ws/install/nav2_util/share/ament_index/resource_index/parent_prefix_path/nav2_util
[0.737s] -- Up-to-date: /Pav-S_ws/install/nav2_util/share/nav2_util/environment/ament_prefix_path.sh
[0.738s] -- Installing: /Pav-S_ws/install/nav2_util/share/nav2_util/environment/ament_prefix_path.dsv
[0.738s] -- Up-to-date: /Pav-S_ws/install/nav2_util/share/nav2_util/environment/path.sh
[0.738s] -- Installing: /Pav-S_ws/install/nav2_util/share/nav2_util/environment/path.dsv
[0.738s] -- Up-to-date: /Pav-S_ws/install/nav2_util/share/nav2_util/local_setup.bash
[0.739s] -- Up-to-date: /Pav-S_ws/install/nav2_util/share/nav2_util/local_setup.sh
[0.739s] -- Up-to-date: /Pav-S_ws/install/nav2_util/share/nav2_util/local_setup.zsh
[0.739s] -- Installing: /Pav-S_ws/install/nav2_util/share/nav2_util/local_setup.dsv
[0.739s] -- Installing: /Pav-S_ws/install/nav2_util/share/nav2_util/package.dsv
[0.740s] -- Up-to-date: /Pav-S_ws/install/nav2_util/share/ament_index/resource_index/packages/nav2_util
[0.740s] -- Up-to-date: /Pav-S_ws/install/nav2_util/share/nav2_util/cmake/ament_cmake_export_include_directories-extras.cmake
[0.740s] -- Up-to-date: /Pav-S_ws/install/nav2_util/share/nav2_util/cmake/ament_cmake_export_libraries-extras.cmake
[0.740s] -- Up-to-date: /Pav-S_ws/install/nav2_util/share/nav2_util/cmake/ament_cmake_export_dependencies-extras.cmake
[0.741s] -- Up-to-date: /Pav-S_ws/install/nav2_util/share/nav2_util/cmake/nav2_utilConfig.cmake
[0.741s] -- Up-to-date: /Pav-S_ws/install/nav2_util/share/nav2_util/cmake/nav2_utilConfig-version.cmake
[0.741s] -- Up-to-date: /Pav-S_ws/install/nav2_util/share/nav2_util/package.xml
[0.741s] -- Up-to-date: /Pav-S_ws/install/nav2_util/lib/libnav2_util_core.so
[0.742s] -- Up-to-date: /Pav-S_ws/install/nav2_util/lib/nav2_util/lifecycle_bringup
[0.747s] Invoked command in '/Pav-S_ws/build/nav2_util' returned '0': CMAKE_PREFIX_PATH=/Pav-S_ws/install/nav2_msgs:/Pav-S_ws/install/nav2_common:/Pav-S_ws/install/nav2_costmap_2d:/Pav-S_ws/install/nav2_map_server:/Pav-S_ws/install/nav2_lifecycle_manager:/ws_livox/install/pointcloud_to_laserscan:/ws_livox/install/livox_ros_driver2:/Pav-S_ws/install/wheeltec_robot_urdf:/Pav-S_ws/install/turn_on_wheeltec_robot:/Pav-S_ws/install/wheeltec_robot_msg:/Pav-S_ws/install/usb_cam:/Pav-S_ws/install/serial:/Pav-S_ws/install/robot_kcf:/Pav-S_ws/install/dwb_msgs:/Pav-S_ws/install/nav_2d_msgs:/Pav-S_ws/install/nav2_voxel_grid:/Pav-S_ws/install/nav2_util:/Pav-S_ws/install/libuvc:/Pav-S_ws/install/fast_lio:/Pav-S_ws/install/astra_camera:/Pav-S_ws/install/astra_camera_msgs:/Pav-S_ws/install/yolo_detector:/Pav-S_ws/install/yolov5_lib:/Pav-S_ws/install/nav2_simple_commander:/opt/ros/humble LD_LIBRARY_PATH=/Pav-S_ws/install/nav2_msgs/lib:/Pav-S_ws/install/nav2_costmap_2d/lib:/Pav-S_ws/install/nav2_map_server/lib:/Pav-S_ws/install/nav2_lifecycle_manager/lib:/usr/local/cuda-12.2/lib64:/ws_livox/install/pointcloud_to_laserscan/lib:/ws_livox/install/livox_ros_driver2/lib:/Pav-S_ws/install/turn_on_wheeltec_robot/lib:/Pav-S_ws/install/wheeltec_robot_msg/lib:/Pav-S_ws/install/usb_cam/lib:/Pav-S_ws/install/serial/lib:/Pav-S_ws/install/dwb_msgs/lib:/Pav-S_ws/install/nav_2d_msgs/lib:/Pav-S_ws/install/nav2_voxel_grid/lib:/Pav-S_ws/install/nav2_util/lib:/Pav-S_ws/install/libuvc/lib:/Pav-S_ws/install/fast_lio/lib:/Pav-S_ws/install/astra_camera/lib:/Pav-S_ws/install/astra_camera_msgs/lib:/opt/ros/humble/opt/rviz_ogre_vendor/lib:/opt/ros/humble/lib/aarch64-linux-gnu:/opt/ros/humble/lib:/usr/local/cuda-12.2/lib64 /usr/bin/cmake --install /Pav-S_ws/build/nav2_util
