[0.113s] Invoking command in '/Pav-S_ws/build/nav2_amcl': CMAKE_PREFIX_PATH=/Pav-S_ws/install/nav2_util:/Pav-S_ws/install/nav2_msgs:/Pav-S_ws/install/nav2_common:/Pav-S_ws/install/nav2_behavior_tree:/Pav-S_ws/install/nav2_dwb_controller:/Pav-S_ws/install/nav2_controller:/Pav-S_ws/install/nav2_planner:/Pav-S_ws/install/dwb_plugins:/Pav-S_ws/install/dwb_critics:/Pav-S_ws/install/dwb_core:/Pav-S_ws/install/nav_2d_utils:/Pav-S_ws/install/nav2_core:/Pav-S_ws/install/costmap_queue:/Pav-S_ws/install/nav2_costmap_2d:/Pav-S_ws/install/nav2_map_server:/Pav-S_ws/install/nav2_lifecycle_manager:/ws_livox/install/pointcloud_to_laserscan:/ws_livox/install/livox_ros_driver2:/Pav-S_ws/install/wheeltec_robot_urdf:/Pav-S_ws/install/turn_on_wheeltec_robot:/Pav-S_ws/install/wheeltec_robot_msg:/Pav-S_ws/install/usb_cam:/Pav-S_ws/install/serial:/Pav-S_ws/install/robot_kcf:/Pav-S_ws/install/dwb_msgs:/Pav-S_ws/install/nav_2d_msgs:/Pav-S_ws/install/nav2_voxel_grid:/Pav-S_ws/install/libuvc:/Pav-S_ws/install/fast_lio:/Pav-S_ws/install/astra_camera:/Pav-S_ws/install/astra_camera_msgs:/Pav-S_ws/install/yolo_detector:/Pav-S_ws/install/yolov5_lib:/Pav-S_ws/install/nav2_simple_commander:/opt/ros/humble LD_LIBRARY_PATH=/Pav-S_ws/install/nav2_util/lib:/Pav-S_ws/install/nav2_msgs/lib:/Pav-S_ws/install/nav2_behavior_tree/lib:/Pav-S_ws/install/nav2_controller/lib:/Pav-S_ws/install/nav2_planner/lib:/Pav-S_ws/install/dwb_plugins/lib:/Pav-S_ws/install/dwb_critics/lib:/Pav-S_ws/install/dwb_core/lib:/Pav-S_ws/install/nav_2d_utils/lib:/Pav-S_ws/install/costmap_queue/lib:/Pav-S_ws/install/nav2_costmap_2d/lib:/Pav-S_ws/install/nav2_map_server/lib:/Pav-S_ws/install/nav2_lifecycle_manager/lib:/usr/local/cuda-12.2/lib64:/ws_livox/install/pointcloud_to_laserscan/lib:/ws_livox/install/livox_ros_driver2/lib:/Pav-S_ws/install/turn_on_wheeltec_robot/lib:/Pav-S_ws/install/wheeltec_robot_msg/lib:/Pav-S_ws/install/usb_cam/lib:/Pav-S_ws/install/serial/lib:/Pav-S_ws/install/dwb_msgs/lib:/Pav-S_ws/install/nav_2d_msgs/lib:/Pav-S_ws/install/nav2_voxel_grid/lib:/Pav-S_ws/install/libuvc/lib:/Pav-S_ws/install/fast_lio/lib:/Pav-S_ws/install/astra_camera/lib:/Pav-S_ws/install/astra_camera_msgs/lib:/opt/ros/humble/opt/rviz_ogre_vendor/lib:/opt/ros/humble/lib/aarch64-linux-gnu:/opt/ros/humble/lib:/usr/local/cuda-12.2/lib64 /usr/bin/cmake --build /Pav-S_ws/build/nav2_amcl -- -j6 -l6
[0.368s] [35m[1mConsolidate compiler generated dependencies of target map_lib[0m
[0.374s] [35m[1mConsolidate compiler generated dependencies of target pf_lib[0m
[0.453s] [ 29%] Built target pf_lib
[0.455s] [ 50%] Built target map_lib
[0.524s] [35m[1mConsolidate compiler generated dependencies of target motions_lib[0m
[0.535s] [35m[1mConsolidate compiler generated dependencies of target sensors_lib[0m
[0.578s] [ 62%] Built target motions_lib
[0.597s] [ 83%] Built target sensors_lib
[0.670s] [35m[1mConsolidate compiler generated dependencies of target amcl_core[0m
[0.751s] [ 91%] Built target amcl_core
[0.806s] [35m[1mConsolidate compiler generated dependencies of target amcl[0m
[0.868s] [100%] Built target amcl
[0.956s] Invoked command in '/Pav-S_ws/build/nav2_amcl' returned '0': CMAKE_PREFIX_PATH=/Pav-S_ws/install/nav2_util:/Pav-S_ws/install/nav2_msgs:/Pav-S_ws/install/nav2_common:/Pav-S_ws/install/nav2_behavior_tree:/Pav-S_ws/install/nav2_dwb_controller:/Pav-S_ws/install/nav2_controller:/Pav-S_ws/install/nav2_planner:/Pav-S_ws/install/dwb_plugins:/Pav-S_ws/install/dwb_critics:/Pav-S_ws/install/dwb_core:/Pav-S_ws/install/nav_2d_utils:/Pav-S_ws/install/nav2_core:/Pav-S_ws/install/costmap_queue:/Pav-S_ws/install/nav2_costmap_2d:/Pav-S_ws/install/nav2_map_server:/Pav-S_ws/install/nav2_lifecycle_manager:/ws_livox/install/pointcloud_to_laserscan:/ws_livox/install/livox_ros_driver2:/Pav-S_ws/install/wheeltec_robot_urdf:/Pav-S_ws/install/turn_on_wheeltec_robot:/Pav-S_ws/install/wheeltec_robot_msg:/Pav-S_ws/install/usb_cam:/Pav-S_ws/install/serial:/Pav-S_ws/install/robot_kcf:/Pav-S_ws/install/dwb_msgs:/Pav-S_ws/install/nav_2d_msgs:/Pav-S_ws/install/nav2_voxel_grid:/Pav-S_ws/install/libuvc:/Pav-S_ws/install/fast_lio:/Pav-S_ws/install/astra_camera:/Pav-S_ws/install/astra_camera_msgs:/Pav-S_ws/install/yolo_detector:/Pav-S_ws/install/yolov5_lib:/Pav-S_ws/install/nav2_simple_commander:/opt/ros/humble LD_LIBRARY_PATH=/Pav-S_ws/install/nav2_util/lib:/Pav-S_ws/install/nav2_msgs/lib:/Pav-S_ws/install/nav2_behavior_tree/lib:/Pav-S_ws/install/nav2_controller/lib:/Pav-S_ws/install/nav2_planner/lib:/Pav-S_ws/install/dwb_plugins/lib:/Pav-S_ws/install/dwb_critics/lib:/Pav-S_ws/install/dwb_core/lib:/Pav-S_ws/install/nav_2d_utils/lib:/Pav-S_ws/install/costmap_queue/lib:/Pav-S_ws/install/nav2_costmap_2d/lib:/Pav-S_ws/install/nav2_map_server/lib:/Pav-S_ws/install/nav2_lifecycle_manager/lib:/usr/local/cuda-12.2/lib64:/ws_livox/install/pointcloud_to_laserscan/lib:/ws_livox/install/livox_ros_driver2/lib:/Pav-S_ws/install/turn_on_wheeltec_robot/lib:/Pav-S_ws/install/wheeltec_robot_msg/lib:/Pav-S_ws/install/usb_cam/lib:/Pav-S_ws/install/serial/lib:/Pav-S_ws/install/dwb_msgs/lib:/Pav-S_ws/install/nav_2d_msgs/lib:/Pav-S_ws/install/nav2_voxel_grid/lib:/Pav-S_ws/install/libuvc/lib:/Pav-S_ws/install/fast_lio/lib:/Pav-S_ws/install/astra_camera/lib:/Pav-S_ws/install/astra_camera_msgs/lib:/opt/ros/humble/opt/rviz_ogre_vendor/lib:/opt/ros/humble/lib/aarch64-linux-gnu:/opt/ros/humble/lib:/usr/local/cuda-12.2/lib64 /usr/bin/cmake --build /Pav-S_ws/build/nav2_amcl -- -j6 -l6
[0.962s] Invoking command in '/Pav-S_ws/build/nav2_amcl': CMAKE_PREFIX_PATH=/Pav-S_ws/install/nav2_util:/Pav-S_ws/install/nav2_msgs:/Pav-S_ws/install/nav2_common:/Pav-S_ws/install/nav2_behavior_tree:/Pav-S_ws/install/nav2_dwb_controller:/Pav-S_ws/install/nav2_controller:/Pav-S_ws/install/nav2_planner:/Pav-S_ws/install/dwb_plugins:/Pav-S_ws/install/dwb_critics:/Pav-S_ws/install/dwb_core:/Pav-S_ws/install/nav_2d_utils:/Pav-S_ws/install/nav2_core:/Pav-S_ws/install/costmap_queue:/Pav-S_ws/install/nav2_costmap_2d:/Pav-S_ws/install/nav2_map_server:/Pav-S_ws/install/nav2_lifecycle_manager:/ws_livox/install/pointcloud_to_laserscan:/ws_livox/install/livox_ros_driver2:/Pav-S_ws/install/wheeltec_robot_urdf:/Pav-S_ws/install/turn_on_wheeltec_robot:/Pav-S_ws/install/wheeltec_robot_msg:/Pav-S_ws/install/usb_cam:/Pav-S_ws/install/serial:/Pav-S_ws/install/robot_kcf:/Pav-S_ws/install/dwb_msgs:/Pav-S_ws/install/nav_2d_msgs:/Pav-S_ws/install/nav2_voxel_grid:/Pav-S_ws/install/libuvc:/Pav-S_ws/install/fast_lio:/Pav-S_ws/install/astra_camera:/Pav-S_ws/install/astra_camera_msgs:/Pav-S_ws/install/yolo_detector:/Pav-S_ws/install/yolov5_lib:/Pav-S_ws/install/nav2_simple_commander:/opt/ros/humble LD_LIBRARY_PATH=/Pav-S_ws/install/nav2_util/lib:/Pav-S_ws/install/nav2_msgs/lib:/Pav-S_ws/install/nav2_behavior_tree/lib:/Pav-S_ws/install/nav2_controller/lib:/Pav-S_ws/install/nav2_planner/lib:/Pav-S_ws/install/dwb_plugins/lib:/Pav-S_ws/install/dwb_critics/lib:/Pav-S_ws/install/dwb_core/lib:/Pav-S_ws/install/nav_2d_utils/lib:/Pav-S_ws/install/costmap_queue/lib:/Pav-S_ws/install/nav2_costmap_2d/lib:/Pav-S_ws/install/nav2_map_server/lib:/Pav-S_ws/install/nav2_lifecycle_manager/lib:/usr/local/cuda-12.2/lib64:/ws_livox/install/pointcloud_to_laserscan/lib:/ws_livox/install/livox_ros_driver2/lib:/Pav-S_ws/install/turn_on_wheeltec_robot/lib:/Pav-S_ws/install/wheeltec_robot_msg/lib:/Pav-S_ws/install/usb_cam/lib:/Pav-S_ws/install/serial/lib:/Pav-S_ws/install/dwb_msgs/lib:/Pav-S_ws/install/nav_2d_msgs/lib:/Pav-S_ws/install/nav2_voxel_grid/lib:/Pav-S_ws/install/libuvc/lib:/Pav-S_ws/install/fast_lio/lib:/Pav-S_ws/install/astra_camera/lib:/Pav-S_ws/install/astra_camera_msgs/lib:/opt/ros/humble/opt/rviz_ogre_vendor/lib:/opt/ros/humble/lib/aarch64-linux-gnu:/opt/ros/humble/lib:/usr/local/cuda-12.2/lib64 /usr/bin/cmake --install /Pav-S_ws/build/nav2_amcl
[0.983s] -- Install configuration: "Release"
[0.984s] -- Installing: /Pav-S_ws/install/nav2_amcl/lib/libamcl_core.so
[0.991s] -- Set runtime path of "/Pav-S_ws/install/nav2_amcl/lib/libamcl_core.so" to ""
[0.991s] -- Installing: /Pav-S_ws/install/nav2_amcl/lib/nav2_amcl/amcl
[0.993s] -- Set runtime path of "/Pav-S_ws/install/nav2_amcl/lib/nav2_amcl/amcl" to ""
[0.993s] -- Installing: /Pav-S_ws/install/nav2_amcl/include/
[0.993s] -- Installing: /Pav-S_ws/install/nav2_amcl/include//nav2_amcl
[0.994s] -- Installing: /Pav-S_ws/install/nav2_amcl/include//nav2_amcl/map
[0.994s] -- Installing: /Pav-S_ws/install/nav2_amcl/include//nav2_amcl/map/map.hpp
[0.994s] -- Installing: /Pav-S_ws/install/nav2_amcl/include//nav2_amcl/angleutils.hpp
[0.995s] -- Installing: /Pav-S_ws/install/nav2_amcl/include//nav2_amcl/pf
[0.996s] -- Installing: /Pav-S_ws/install/nav2_amcl/include//nav2_amcl/pf/pf_kdtree.hpp
[0.996s] -- Installing: /Pav-S_ws/install/nav2_amcl/include//nav2_amcl/pf/pf.hpp
[0.996s] -- Installing: /Pav-S_ws/install/nav2_amcl/include//nav2_amcl/pf/eig3.hpp
[1.002s] -- Installing: /Pav-S_ws/install/nav2_amcl/include//nav2_amcl/pf/pf_vector.hpp
[1.002s] -- Installing: /Pav-S_ws/install/nav2_amcl/include//nav2_amcl/pf/pf_pdf.hpp
[1.002s] -- Installing: /Pav-S_ws/install/nav2_amcl/include//nav2_amcl/amcl_node.hpp
[1.002s] -- Installing: /Pav-S_ws/install/nav2_amcl/include//nav2_amcl/portable_utils.hpp
[1.003s] -- Installing: /Pav-S_ws/install/nav2_amcl/include//nav2_amcl/motion_model
[1.003s] -- Installing: /Pav-S_ws/install/nav2_amcl/include//nav2_amcl/motion_model/motion_model.hpp
[1.004s] -- Installing: /Pav-S_ws/install/nav2_amcl/include//nav2_amcl/motion_model/differential_motion_model.hpp
[1.008s] -- Installing: /Pav-S_ws/install/nav2_amcl/include//nav2_amcl/motion_model/omni_motion_model.hpp
[1.008s] -- Installing: /Pav-S_ws/install/nav2_amcl/include//nav2_amcl/sensors
[1.009s] -- Installing: /Pav-S_ws/install/nav2_amcl/include//nav2_amcl/sensors/laser
[1.009s] -- Installing: /Pav-S_ws/install/nav2_amcl/include//nav2_amcl/sensors/laser/laser.hpp
[1.009s] -- Installing: /Pav-S_ws/install/nav2_amcl/share/nav2_amcl/environment/library_path.sh
[1.010s] -- Installing: /Pav-S_ws/install/nav2_amcl/share/nav2_amcl/environment/library_path.dsv
[1.010s] -- Installing: /Pav-S_ws/install/nav2_amcl/share/nav2_amcl/plugins.xml
[1.011s] -- Installing: /Pav-S_ws/install/nav2_amcl/share/ament_index/resource_index/package_run_dependencies/nav2_amcl
[1.012s] -- Installing: /Pav-S_ws/install/nav2_amcl/share/ament_index/resource_index/parent_prefix_path/nav2_amcl
[1.012s] -- Installing: /Pav-S_ws/install/nav2_amcl/share/nav2_amcl/environment/ament_prefix_path.sh
[1.013s] -- Installing: /Pav-S_ws/install/nav2_amcl/share/nav2_amcl/environment/ament_prefix_path.dsv
[1.013s] -- Installing: /Pav-S_ws/install/nav2_amcl/share/nav2_amcl/environment/path.sh
[1.013s] -- Installing: /Pav-S_ws/install/nav2_amcl/share/nav2_amcl/environment/path.dsv
[1.014s] -- Installing: /Pav-S_ws/install/nav2_amcl/share/nav2_amcl/local_setup.bash
[1.014s] -- Installing: /Pav-S_ws/install/nav2_amcl/share/nav2_amcl/local_setup.sh
[1.015s] -- Installing: /Pav-S_ws/install/nav2_amcl/share/nav2_amcl/local_setup.zsh
[1.015s] -- Installing: /Pav-S_ws/install/nav2_amcl/share/nav2_amcl/local_setup.dsv
[1.017s] -- Installing: /Pav-S_ws/install/nav2_amcl/share/nav2_amcl/package.dsv
[1.018s] -- Installing: /Pav-S_ws/install/nav2_amcl/share/ament_index/resource_index/packages/nav2_amcl
[1.018s] -- Installing: /Pav-S_ws/install/nav2_amcl/share/ament_index/resource_index/nav2_amcl__pluginlib__plugin/nav2_amcl
[1.019s] -- Installing: /Pav-S_ws/install/nav2_amcl/share/ament_index/resource_index/rclcpp_components/nav2_amcl
[1.019s] -- Installing: /Pav-S_ws/install/nav2_amcl/share/nav2_amcl/cmake/ament_cmake_export_include_directories-extras.cmake
[1.020s] -- Installing: /Pav-S_ws/install/nav2_amcl/share/nav2_amcl/cmake/ament_cmake_export_libraries-extras.cmake
[1.022s] -- Installing: /Pav-S_ws/install/nav2_amcl/share/nav2_amcl/cmake/ament_cmake_export_dependencies-extras.cmake
[1.023s] -- Installing: /Pav-S_ws/install/nav2_amcl/share/nav2_amcl/cmake/nav2_amclConfig.cmake
[1.023s] -- Installing: /Pav-S_ws/install/nav2_amcl/share/nav2_amcl/cmake/nav2_amclConfig-version.cmake
[1.023s] -- Installing: /Pav-S_ws/install/nav2_amcl/share/nav2_amcl/package.xml
[1.024s] -- Installing: /Pav-S_ws/install/nav2_amcl/lib/libpf_lib.so
[1.027s] -- Installing: /Pav-S_ws/install/nav2_amcl/lib/libmap_lib.so
[1.028s] -- Installing: /Pav-S_ws/install/nav2_amcl/lib/libmotions_lib.so
[1.040s] -- Set runtime path of "/Pav-S_ws/install/nav2_amcl/lib/libmotions_lib.so" to ""
[1.040s] -- Installing: /Pav-S_ws/install/nav2_amcl/lib/libsensors_lib.so
[1.041s] -- Set runtime path of "/Pav-S_ws/install/nav2_amcl/lib/libsensors_lib.so" to ""
[1.051s] Invoked command in '/Pav-S_ws/build/nav2_amcl' returned '0': CMAKE_PREFIX_PATH=/Pav-S_ws/install/nav2_util:/Pav-S_ws/install/nav2_msgs:/Pav-S_ws/install/nav2_common:/Pav-S_ws/install/nav2_behavior_tree:/Pav-S_ws/install/nav2_dwb_controller:/Pav-S_ws/install/nav2_controller:/Pav-S_ws/install/nav2_planner:/Pav-S_ws/install/dwb_plugins:/Pav-S_ws/install/dwb_critics:/Pav-S_ws/install/dwb_core:/Pav-S_ws/install/nav_2d_utils:/Pav-S_ws/install/nav2_core:/Pav-S_ws/install/costmap_queue:/Pav-S_ws/install/nav2_costmap_2d:/Pav-S_ws/install/nav2_map_server:/Pav-S_ws/install/nav2_lifecycle_manager:/ws_livox/install/pointcloud_to_laserscan:/ws_livox/install/livox_ros_driver2:/Pav-S_ws/install/wheeltec_robot_urdf:/Pav-S_ws/install/turn_on_wheeltec_robot:/Pav-S_ws/install/wheeltec_robot_msg:/Pav-S_ws/install/usb_cam:/Pav-S_ws/install/serial:/Pav-S_ws/install/robot_kcf:/Pav-S_ws/install/dwb_msgs:/Pav-S_ws/install/nav_2d_msgs:/Pav-S_ws/install/nav2_voxel_grid:/Pav-S_ws/install/libuvc:/Pav-S_ws/install/fast_lio:/Pav-S_ws/install/astra_camera:/Pav-S_ws/install/astra_camera_msgs:/Pav-S_ws/install/yolo_detector:/Pav-S_ws/install/yolov5_lib:/Pav-S_ws/install/nav2_simple_commander:/opt/ros/humble LD_LIBRARY_PATH=/Pav-S_ws/install/nav2_util/lib:/Pav-S_ws/install/nav2_msgs/lib:/Pav-S_ws/install/nav2_behavior_tree/lib:/Pav-S_ws/install/nav2_controller/lib:/Pav-S_ws/install/nav2_planner/lib:/Pav-S_ws/install/dwb_plugins/lib:/Pav-S_ws/install/dwb_critics/lib:/Pav-S_ws/install/dwb_core/lib:/Pav-S_ws/install/nav_2d_utils/lib:/Pav-S_ws/install/costmap_queue/lib:/Pav-S_ws/install/nav2_costmap_2d/lib:/Pav-S_ws/install/nav2_map_server/lib:/Pav-S_ws/install/nav2_lifecycle_manager/lib:/usr/local/cuda-12.2/lib64:/ws_livox/install/pointcloud_to_laserscan/lib:/ws_livox/install/livox_ros_driver2/lib:/Pav-S_ws/install/turn_on_wheeltec_robot/lib:/Pav-S_ws/install/wheeltec_robot_msg/lib:/Pav-S_ws/install/usb_cam/lib:/Pav-S_ws/install/serial/lib:/Pav-S_ws/install/dwb_msgs/lib:/Pav-S_ws/install/nav_2d_msgs/lib:/Pav-S_ws/install/nav2_voxel_grid/lib:/Pav-S_ws/install/libuvc/lib:/Pav-S_ws/install/fast_lio/lib:/Pav-S_ws/install/astra_camera/lib:/Pav-S_ws/install/astra_camera_msgs/lib:/opt/ros/humble/opt/rviz_ogre_vendor/lib:/opt/ros/humble/lib/aarch64-linux-gnu:/opt/ros/humble/lib:/usr/local/cuda-12.2/lib64 /usr/bin/cmake --install /Pav-S_ws/build/nav2_amcl
