[0.060s] Invoking command in '/Pav-S_ws/build/serial': CMAKE_PREFIX_PATH=${CMAKE_PREFIX_PATH}:/Pav-S_ws/install/yolo_detector:/Pav-S_ws/install/yolov5_lib:/Pav-S_ws/install/nav2_simple_commander:/opt/ros/humble /usr/bin/cmake --build /Pav-S_ws/build/serial -- -j6 -l6
[0.118s] -- Found rosidl_default_generators: 1.2.0 (/opt/ros/humble/share/rosidl_default_generators/cmake)
[0.119s] -- Found ament_cmake_core: 1.3.12 (/opt/ros/humble/share/ament_cmake_core/cmake)
[0.718s] -- Using all available rosidl_typesupport_c: rosidl_typesupport_fastrtps_c;rosidl_typesupport_introspection_c
[0.726s] -- Found rosidl_adapter: 3.1.7 (/opt/ros/humble/share/rosidl_adapter/cmake)
[0.800s] -- Using all available rosidl_typesupport_cpp: rosidl_typesupport_fastrtps_cpp;rosidl_typesupport_introspection_cpp
[1.093s] -- Configuring done
[1.104s] -- Generating done
[1.111s] -- Build files have been written to: /Pav-S_ws/build/serial
[1.268s] [35m[1mConsolidate compiler generated dependencies of target serial[0m
[1.307s] [100%] Built target serial
[1.338s] Invoked command in '/Pav-S_ws/build/serial' returned '0': CMAKE_PREFIX_PATH=${CMAKE_PREFIX_PATH}:/Pav-S_ws/install/yolo_detector:/Pav-S_ws/install/yolov5_lib:/Pav-S_ws/install/nav2_simple_commander:/opt/ros/humble /usr/bin/cmake --build /Pav-S_ws/build/serial -- -j6 -l6
[1.377s] Invoking command in '/Pav-S_ws/build/serial': CMAKE_PREFIX_PATH=${CMAKE_PREFIX_PATH}:/Pav-S_ws/install/yolo_detector:/Pav-S_ws/install/yolov5_lib:/Pav-S_ws/install/nav2_simple_commander:/opt/ros/humble /usr/bin/cmake --install /Pav-S_ws/build/serial
[1.396s] -- Install configuration: "Release"
[1.397s] -- Up-to-date: /Pav-S_ws/install/serial/lib/libserial.a
[1.397s] -- Up-to-date: /Pav-S_ws/install/serial/share/serial/environment/library_path.sh
[1.397s] -- Installing: /Pav-S_ws/install/serial/share/serial/environment/library_path.dsv
[1.397s] -- Up-to-date: /Pav-S_ws/install/serial/include/serial
[1.398s] -- Up-to-date: /Pav-S_ws/install/serial/include/serial/serial.h
[1.398s] -- Up-to-date: /Pav-S_ws/install/serial/include/serial/v8stdint.h
[1.399s] -- Up-to-date: /Pav-S_ws/install/serial/include/serial/impl
[1.399s] -- Up-to-date: /Pav-S_ws/install/serial/include/serial/impl/unix.h
[1.399s] -- Up-to-date: /Pav-S_ws/install/serial/include/serial/impl/win.h
[1.399s] -- Up-to-date: /Pav-S_ws/install/serial/share/ament_index/resource_index/package_run_dependencies/serial
[1.399s] -- Up-to-date: /Pav-S_ws/install/serial/share/ament_index/resource_index/parent_prefix_path/serial
[1.399s] -- Up-to-date: /Pav-S_ws/install/serial/share/serial/environment/ament_prefix_path.sh
[1.400s] -- Installing: /Pav-S_ws/install/serial/share/serial/environment/ament_prefix_path.dsv
[1.400s] -- Up-to-date: /Pav-S_ws/install/serial/share/serial/environment/path.sh
[1.400s] -- Installing: /Pav-S_ws/install/serial/share/serial/environment/path.dsv
[1.400s] -- Up-to-date: /Pav-S_ws/install/serial/share/serial/local_setup.bash
[1.401s] -- Up-to-date: /Pav-S_ws/install/serial/share/serial/local_setup.sh
[1.401s] -- Up-to-date: /Pav-S_ws/install/serial/share/serial/local_setup.zsh
[1.401s] -- Installing: /Pav-S_ws/install/serial/share/serial/local_setup.dsv
[1.402s] -- Installing: /Pav-S_ws/install/serial/share/serial/package.dsv
[1.402s] -- Up-to-date: /Pav-S_ws/install/serial/share/ament_index/resource_index/packages/serial
[1.402s] -- Up-to-date: /Pav-S_ws/install/serial/share/serial/cmake/ament_cmake_export_include_directories-extras.cmake
[1.402s] -- Up-to-date: /Pav-S_ws/install/serial/share/serial/cmake/ament_cmake_export_libraries-extras.cmake
[1.403s] -- Up-to-date: /Pav-S_ws/install/serial/share/serial/cmake/ament_cmake_export_dependencies-extras.cmake
[1.403s] -- Up-to-date: /Pav-S_ws/install/serial/share/serial/cmake/serialConfig.cmake
[1.403s] -- Up-to-date: /Pav-S_ws/install/serial/share/serial/cmake/serialConfig-version.cmake
[1.403s] -- Up-to-date: /Pav-S_ws/install/serial/share/serial/package.xml
[1.413s] Invoked command in '/Pav-S_ws/build/serial' returned '0': CMAKE_PREFIX_PATH=${CMAKE_PREFIX_PATH}:/Pav-S_ws/install/yolo_detector:/Pav-S_ws/install/yolov5_lib:/Pav-S_ws/install/nav2_simple_commander:/opt/ros/humble /usr/bin/cmake --install /Pav-S_ws/build/serial
