[0.044s] Invoking command in '/Pav-S_ws/build/nav2_behavior_tree': CMAKE_PREFIX_PATH=/Pav-S_ws/install/nav2_util:/Pav-S_ws/install/nav2_msgs:/Pav-S_ws/install/nav2_common:/Pav-S_ws/install/nav2_behavior_tree:/Pav-S_ws/install/nav2_dwb_controller:/Pav-S_ws/install/nav2_controller:/Pav-S_ws/install/nav2_planner:/Pav-S_ws/install/dwb_plugins:/Pav-S_ws/install/dwb_critics:/Pav-S_ws/install/dwb_core:/Pav-S_ws/install/nav_2d_utils:/Pav-S_ws/install/nav2_core:/Pav-S_ws/install/costmap_queue:/Pav-S_ws/install/nav2_costmap_2d:/Pav-S_ws/install/nav2_map_server:/Pav-S_ws/install/nav2_lifecycle_manager:/ws_livox/install/pointcloud_to_laserscan:/ws_livox/install/livox_ros_driver2:/Pav-S_ws/install/wheeltec_robot_urdf:/Pav-S_ws/install/turn_on_wheeltec_robot:/Pav-S_ws/install/wheeltec_robot_msg:/Pav-S_ws/install/usb_cam:/Pav-S_ws/install/serial:/Pav-S_ws/install/robot_kcf:/Pav-S_ws/install/dwb_msgs:/Pav-S_ws/install/nav_2d_msgs:/Pav-S_ws/install/nav2_voxel_grid:/Pav-S_ws/install/libuvc:/Pav-S_ws/install/fast_lio:/Pav-S_ws/install/astra_camera:/Pav-S_ws/install/astra_camera_msgs:/Pav-S_ws/install/yolo_detector:/Pav-S_ws/install/yolov5_lib:/Pav-S_ws/install/nav2_simple_commander:/opt/ros/humble LD_LIBRARY_PATH=/Pav-S_ws/install/nav2_util/lib:/Pav-S_ws/install/nav2_msgs/lib:/Pav-S_ws/install/nav2_behavior_tree/lib:/Pav-S_ws/install/nav2_controller/lib:/Pav-S_ws/install/nav2_planner/lib:/Pav-S_ws/install/dwb_plugins/lib:/Pav-S_ws/install/dwb_critics/lib:/Pav-S_ws/install/dwb_core/lib:/Pav-S_ws/install/nav_2d_utils/lib:/Pav-S_ws/install/costmap_queue/lib:/Pav-S_ws/install/nav2_costmap_2d/lib:/Pav-S_ws/install/nav2_map_server/lib:/Pav-S_ws/install/nav2_lifecycle_manager/lib:/usr/local/cuda-12.2/lib64:/ws_livox/install/pointcloud_to_laserscan/lib:/ws_livox/install/livox_ros_driver2/lib:/Pav-S_ws/install/turn_on_wheeltec_robot/lib:/Pav-S_ws/install/wheeltec_robot_msg/lib:/Pav-S_ws/install/usb_cam/lib:/Pav-S_ws/install/serial/lib:/Pav-S_ws/install/dwb_msgs/lib:/Pav-S_ws/install/nav_2d_msgs/lib:/Pav-S_ws/install/nav2_voxel_grid/lib:/Pav-S_ws/install/libuvc/lib:/Pav-S_ws/install/fast_lio/lib:/Pav-S_ws/install/astra_camera/lib:/Pav-S_ws/install/astra_camera_msgs/lib:/opt/ros/humble/opt/rviz_ogre_vendor/lib:/opt/ros/humble/lib/aarch64-linux-gnu:/opt/ros/humble/lib:/usr/local/cuda-12.2/lib64 /usr/bin/cmake --build /Pav-S_ws/build/nav2_behavior_tree -- -j6 -l6
[0.166s] [35m[1mConsolidate compiler generated dependencies of target nav2_behavior_tree[0m
[0.166s] [35m[1mConsolidate compiler generated dependencies of target nav2_controller_cancel_bt_node[0m
[0.166s] [35m[1mConsolidate compiler generated dependencies of target nav2_wait_cancel_bt_node[0m
[0.166s] [35m[1mConsolidate compiler generated dependencies of target nav2_compute_path_through_poses_action_bt_node[0m
[0.167s] [35m[1mConsolidate compiler generated dependencies of target nav2_compute_path_to_pose_action_bt_node[0m
[0.169s] [35m[1mConsolidate compiler generated dependencies of target nav2_spin_cancel_bt_node[0m
[0.216s] [  4%] Built target nav2_compute_path_to_pose_action_bt_node
[0.217s] [  4%] Built target nav2_wait_cancel_bt_node
[0.217s] [  4%] Built target nav2_spin_cancel_bt_node
[0.217s] [  4%] Built target nav2_controller_cancel_bt_node
[0.224s] [  5%] Built target nav2_compute_path_through_poses_action_bt_node
[0.224s] [  6%] Built target nav2_behavior_tree
[0.245s] [35m[1mConsolidate compiler generated dependencies of target nav2_drive_on_heading_cancel_bt_node[0m
[0.245s] [35m[1mConsolidate compiler generated dependencies of target nav2_assisted_teleop_cancel_bt_node[0m
[0.246s] [35m[1mConsolidate compiler generated dependencies of target nav2_back_up_cancel_bt_node[0m
[0.250s] [35m[1mConsolidate compiler generated dependencies of target nav2_smooth_path_action_bt_node[0m
[0.250s] [35m[1mConsolidate compiler generated dependencies of target nav2_follow_path_action_bt_node[0m
[0.250s] [35m[1mConsolidate compiler generated dependencies of target nav2_back_up_action_bt_node[0m
[0.293s] [  9%] Built target nav2_back_up_cancel_bt_node
[0.294s] [  9%] Built target nav2_drive_on_heading_cancel_bt_node
[0.295s] [  9%] Built target nav2_assisted_teleop_cancel_bt_node
[0.304s] [ 11%] Built target nav2_smooth_path_action_bt_node
[0.304s] [ 11%] Built target nav2_follow_path_action_bt_node
[0.304s] [ 11%] Built target nav2_back_up_action_bt_node
[0.324s] [35m[1mConsolidate compiler generated dependencies of target nav2_spin_action_bt_node[0m
[0.324s] [35m[1mConsolidate compiler generated dependencies of target nav2_drive_on_heading_bt_node[0m
[0.324s] [35m[1mConsolidate compiler generated dependencies of target nav2_wait_action_bt_node[0m
[0.336s] [35m[1mConsolidate compiler generated dependencies of target nav2_clear_costmap_service_bt_node[0m
[0.336s] [35m[1mConsolidate compiler generated dependencies of target nav2_is_stuck_condition_bt_node[0m
[0.336s] [35m[1mConsolidate compiler generated dependencies of target nav2_assisted_teleop_action_bt_node[0m
[0.369s] [ 14%] Built target nav2_wait_action_bt_node
[0.369s] [ 14%] Built target nav2_drive_on_heading_bt_node
[0.370s] [ 14%] Built target nav2_spin_action_bt_node
[0.386s] [ 15%] Built target nav2_is_stuck_condition_bt_node
[0.391s] [ 17%] Built target nav2_clear_costmap_service_bt_node
[0.391s] [ 17%] Built target nav2_assisted_teleop_action_bt_node
[0.397s] [35m[1mConsolidate compiler generated dependencies of target nav2_globally_updated_goal_condition_bt_node[0m
[0.397s] [35m[1mConsolidate compiler generated dependencies of target nav2_transform_available_condition_bt_node[0m
[0.397s] [35m[1mConsolidate compiler generated dependencies of target nav2_goal_reached_condition_bt_node[0m
[0.421s] [35m[1mConsolidate compiler generated dependencies of target nav2_goal_updated_condition_bt_node[0m
[0.425s] [35m[1mConsolidate compiler generated dependencies of target nav2_is_path_valid_condition_bt_node[0m
[0.438s] [35m[1mConsolidate compiler generated dependencies of target nav2_time_expired_condition_bt_node[0m
[0.441s] [ 19%] Built target nav2_goal_reached_condition_bt_node
[0.442s] [ 19%] Built target nav2_transform_available_condition_bt_node
[0.443s] [ 20%] Built target nav2_globally_updated_goal_condition_bt_node
[0.459s] [ 20%] Built target nav2_goal_updated_condition_bt_node
[0.472s] [ 21%] Built target nav2_is_path_valid_condition_bt_node
[0.473s] [35m[1mConsolidate compiler generated dependencies of target nav2_path_expiring_timer_condition[0m
[0.473s] [35m[1mConsolidate compiler generated dependencies of target nav2_distance_traveled_condition_bt_node[0m
[0.475s] [35m[1mConsolidate compiler generated dependencies of target nav2_initial_pose_received_condition_bt_node[0m
[0.482s] [ 22%] Built target nav2_time_expired_condition_bt_node
[0.495s] [35m[1mConsolidate compiler generated dependencies of target nav2_is_battery_charging_condition_bt_node[0m
[0.501s] [35m[1mConsolidate compiler generated dependencies of target nav2_is_battery_low_condition_bt_node[0m
[0.515s] [35m[1mConsolidate compiler generated dependencies of target nav2_reinitialize_global_localization_service_bt_node[0m
[0.515s] [ 23%] Built target nav2_initial_pose_received_condition_bt_node
[0.518s] [ 24%] Built target nav2_path_expiring_timer_condition
[0.529s] [ 25%] Built target nav2_distance_traveled_condition_bt_node
[0.540s] [ 26%] Built target nav2_is_battery_charging_condition_bt_node
[0.541s] [35m[1mConsolidate compiler generated dependencies of target nav2_rate_controller_bt_node[0m
[0.545s] [ 27%] Built target nav2_is_battery_low_condition_bt_node
[0.546s] [35m[1mConsolidate compiler generated dependencies of target nav2_distance_controller_bt_node[0m
[0.556s] [ 28%] Built target nav2_reinitialize_global_localization_service_bt_node
[0.558s] [35m[1mConsolidate compiler generated dependencies of target nav2_speed_controller_bt_node[0m
[0.571s] [35m[1mConsolidate compiler generated dependencies of target nav2_truncate_path_action_bt_node[0m
[0.573s] [ 29%] Built target nav2_rate_controller_bt_node
[0.574s] [35m[1mConsolidate compiler generated dependencies of target nav2_truncate_path_local_action_bt_node[0m
[0.587s] [35m[1mConsolidate compiler generated dependencies of target nav2_goal_updater_node_bt_node[0m
[0.592s] [ 30%] Built target nav2_distance_controller_bt_node
[0.604s] [35m[1mConsolidate compiler generated dependencies of target nav2_path_longer_on_approach_bt_node[0m
[0.611s] [ 31%] Built target nav2_speed_controller_bt_node
[0.617s] [ 32%] Built target nav2_truncate_path_action_bt_node
[0.620s] [35m[1mConsolidate compiler generated dependencies of target nav2_recovery_node_bt_node[0m
[0.625s] [ 33%] Built target nav2_truncate_path_local_action_bt_node
[0.630s] [ 34%] Built target nav2_goal_updater_node_bt_node
[0.646s] [35m[1mConsolidate compiler generated dependencies of target nav2_navigate_to_pose_action_bt_node[0m
[0.647s] [35m[1mConsolidate compiler generated dependencies of target nav2_navigate_through_poses_action_bt_node[0m
[0.651s] [ 35%] Built target nav2_path_longer_on_approach_bt_node
[0.653s] [ 36%] Built target nav2_recovery_node_bt_node
[0.653s] [35m[1mConsolidate compiler generated dependencies of target nav2_remove_passed_goals_action_bt_node[0m
[0.665s] [35m[1mConsolidate compiler generated dependencies of target nav2_get_pose_from_path_action_bt_node[0m
[0.681s] [35m[1mConsolidate compiler generated dependencies of target nav2_pipeline_sequence_bt_node[0m
[0.681s] [35m[1mConsolidate compiler generated dependencies of target nav2_round_robin_node_bt_node[0m
[0.692s] [ 38%] Built target nav2_navigate_through_poses_action_bt_node
[0.692s] [ 38%] Built target nav2_navigate_to_pose_action_bt_node
[0.700s] [ 39%] Built target nav2_remove_passed_goals_action_bt_node
[0.716s] [ 41%] Built target nav2_round_robin_node_bt_node
[0.717s] [ 41%] Built target nav2_pipeline_sequence_bt_node
[0.718s] [ 42%] Built target nav2_get_pose_from_path_action_bt_node
[0.721s] [35m[1mConsolidate compiler generated dependencies of target nav2_single_trigger_bt_node[0m
[0.722s] [35m[1mConsolidate compiler generated dependencies of target nav2_planner_selector_bt_node[0m
[0.730s] [35m[1mConsolidate compiler generated dependencies of target nav2_controller_selector_bt_node[0m
[0.747s] [35m[1mConsolidate compiler generated dependencies of target nav2_progress_checker_selector_bt_node[0m
[0.747s] [35m[1mConsolidate compiler generated dependencies of target nav2_goal_checker_selector_bt_node[0m
[0.747s] [35m[1mConsolidate compiler generated dependencies of target nav2_smoother_selector_bt_node[0m
[0.757s] [ 43%] Built target nav2_single_trigger_bt_node
[0.771s] [ 44%] Built target nav2_planner_selector_bt_node
[0.772s] [ 45%] Built target nav2_controller_selector_bt_node
[0.791s] [ 48%] Built target nav2_smoother_selector_bt_node
[0.791s] [ 48%] Built target nav2_goal_checker_selector_bt_node
[0.791s] [ 48%] Built target nav2_progress_checker_selector_bt_node
[0.793s] [35m[1mConsolidate compiler generated dependencies of target nav2_goal_updated_controller_bt_node[0m
[0.799s] [35m[1mConsolidate compiler generated dependencies of target gtest[0m
[0.799s] [35m[1mConsolidate compiler generated dependencies of target gtest_main[0m
[0.837s] [ 50%] Built target gtest
[0.837s] [ 50%] Built target gtest_main
[0.838s] [ 50%] Built target nav2_goal_updated_controller_bt_node
[0.866s] [35m[1mConsolidate compiler generated dependencies of target test_bt_conversions[0m
[0.867s] [35m[1mConsolidate compiler generated dependencies of target test_condition_distance_traveled[0m
[0.867s] [35m[1mConsolidate compiler generated dependencies of target test_condition_goal_updated[0m
[0.867s] [35m[1mConsolidate compiler generated dependencies of target test_condition_time_expired[0m
[0.868s] [35m[1mConsolidate compiler generated dependencies of target test_condition_path_expiring_timer[0m
[0.875s] [35m[1mConsolidate compiler generated dependencies of target test_condition_goal_reached[0m
[0.911s] [ 51%] Built target test_bt_conversions
[0.922s] [ 54%] Built target test_condition_path_expiring_timer
[0.923s] [ 54%] Built target test_condition_distance_traveled
[0.923s] [ 54%] Built target test_condition_goal_reached
[0.925s] [ 54%] Built target test_condition_time_expired
[0.927s] [ 55%] Built target test_condition_goal_updated
[0.943s] [35m[1mConsolidate compiler generated dependencies of target test_condition_globally_updated_goal[0m
[0.950s] [35m[1mConsolidate compiler generated dependencies of target test_condition_transform_available[0m
[0.951s] [35m[1mConsolidate compiler generated dependencies of target test_condition_is_stuck[0m
[0.951s] [35m[1mConsolidate compiler generated dependencies of target test_condition_initial_pose_received[0m
[0.953s] [35m[1mConsolidate compiler generated dependencies of target test_condition_is_battery_charging[0m
[0.953s] [35m[1mConsolidate compiler generated dependencies of target test_condition_is_battery_low[0m
[1.006s] [ 57%] Built target test_condition_is_battery_low
[1.006s] [ 57%] Built target test_condition_is_battery_charging
[1.007s] [ 59%] Built target test_condition_initial_pose_received
[1.007s] [ 59%] Built target test_condition_is_stuck
[1.008s] [ 60%] Built target test_condition_globally_updated_goal
[1.009s] [ 61%] Built target test_condition_transform_available
[1.037s] [35m[1mConsolidate compiler generated dependencies of target test_goal_updater_node[0m
[1.037s] [35m[1mConsolidate compiler generated dependencies of target test_single_trigger_node[0m
[1.038s] [35m[1mConsolidate compiler generated dependencies of target test_decorator_distance_controller[0m
[1.038s] [35m[1mConsolidate compiler generated dependencies of target test_condition_is_path_valid[0m
[1.039s] [35m[1mConsolidate compiler generated dependencies of target test_decorator_speed_controller[0m
[1.039s] [35m[1mConsolidate compiler generated dependencies of target test_decorator_rate_controller[0m
[1.093s] [ 65%] Built target test_condition_is_path_valid
[1.094s] [ 65%] Built target test_decorator_distance_controller
[1.094s] [ 65%] Built target test_single_trigger_node
[1.094s] [ 65%] Built target test_goal_updater_node
[1.096s] [ 66%] Built target test_decorator_rate_controller
[1.100s] [ 67%] Built target test_decorator_speed_controller
[1.123s] [35m[1mConsolidate compiler generated dependencies of target test_goal_updated_controller[0m
[1.124s] [35m[1mConsolidate compiler generated dependencies of target test_control_round_robin_node[0m
[1.124s] [35m[1mConsolidate compiler generated dependencies of target test_control_recovery_node[0m
[1.125s] [35m[1mConsolidate compiler generated dependencies of target test_decorator_path_longer_on_approach[0m
[1.126s] [35m[1mConsolidate compiler generated dependencies of target test_control_pipeline_sequence[0m
[1.128s] [35m[1mConsolidate compiler generated dependencies of target test_bt_action_node[0m
[1.178s] [ 71%] Built target test_control_recovery_node
[1.179s] [ 71%] Built target test_decorator_path_longer_on_approach
[1.179s] [ 71%] Built target test_goal_updated_controller
[1.181s] [ 71%] Built target test_control_round_robin_node
[1.184s] [ 73%] Built target test_control_pipeline_sequence
[1.185s] [ 73%] Built target test_bt_action_node
[1.208s] [35m[1mConsolidate compiler generated dependencies of target test_action_spin_action[0m
[1.208s] [35m[1mConsolidate compiler generated dependencies of target test_action_drive_on_heading[0m
[1.210s] [35m[1mConsolidate compiler generated dependencies of target test_action_wait_action[0m
[1.210s] [35m[1mConsolidate compiler generated dependencies of target test_action_back_up_action[0m
[1.214s] [35m[1mConsolidate compiler generated dependencies of target test_action_assisted_teleop_action[0m
[1.220s] [35m[1mConsolidate compiler generated dependencies of target test_action_controller_cancel_action[0m
[1.257s] [ 75%] Built target test_action_spin_action
[1.258s] [ 75%] Built target test_action_drive_on_heading
[1.267s] [ 77%] Built target test_action_wait_action
[1.267s] [ 77%] Built target test_action_assisted_teleop_action
[1.267s] [ 78%] Built target test_action_back_up_action
[1.271s] [ 79%] Built target test_action_controller_cancel_action
[1.288s] [35m[1mConsolidate compiler generated dependencies of target test_action_spin_cancel_action[0m
[1.288s] [35m[1mConsolidate compiler generated dependencies of target test_action_wait_cancel_action[0m
[1.297s] [35m[1mConsolidate compiler generated dependencies of target test_action_drive_on_heading_cancel_action[0m
[1.297s] [35m[1mConsolidate compiler generated dependencies of target test_action_assisted_teleop_cancel_action[0m
[1.297s] [35m[1mConsolidate compiler generated dependencies of target test_action_clear_costmap_service[0m
[1.297s] [35m[1mConsolidate compiler generated dependencies of target test_action_back_up_cancel_action[0m
[1.336s] [ 81%] Built target test_action_wait_cancel_action
[1.336s] [ 81%] Built target test_action_spin_cancel_action
[1.345s] [ 83%] Built target test_action_clear_costmap_service
[1.346s] [ 83%] Built target test_action_back_up_cancel_action
[1.350s] [ 85%] Built target test_action_drive_on_heading_cancel_action
[1.351s] [ 85%] Built target test_action_assisted_teleop_cancel_action
[1.364s] [35m[1mConsolidate compiler generated dependencies of target test_action_reinitialize_global_localization_service[0m
[1.365s] [35m[1mConsolidate compiler generated dependencies of target test_action_compute_path_to_pose_action[0m
[1.376s] [35m[1mConsolidate compiler generated dependencies of target test_action_smooth_path_action[0m
[1.376s] [35m[1mConsolidate compiler generated dependencies of target test_action_compute_path_through_poses_action[0m
[1.380s] [35m[1mConsolidate compiler generated dependencies of target test_action_navigate_to_pose_action[0m
[1.381s] [35m[1mConsolidate compiler generated dependencies of target test_action_follow_path_action[0m
[1.415s] [ 86%] Built target test_action_reinitialize_global_localization_service
[1.417s] [ 87%] Built target test_action_compute_path_to_pose_action
[1.425s] [ 88%] Built target test_action_smooth_path_action
[1.426s] [ 89%] Built target test_action_navigate_to_pose_action
[1.427s] [ 90%] Built target test_action_compute_path_through_poses_action
[1.431s] [ 90%] Built target test_action_follow_path_action
[1.447s] [35m[1mConsolidate compiler generated dependencies of target test_action_navigate_through_poses_action[0m
[1.448s] [35m[1mConsolidate compiler generated dependencies of target test_truncate_path_action[0m
[1.454s] [35m[1mConsolidate compiler generated dependencies of target test_get_pose_from_path_action[0m
[1.454s] [35m[1mConsolidate compiler generated dependencies of target test_remove_passed_goals_action[0m
[1.455s] [35m[1mConsolidate compiler generated dependencies of target test_truncate_path_local_action[0m
[1.460s] [35m[1mConsolidate compiler generated dependencies of target test_planner_selector_node[0m
[1.502s] [ 92%] Built target test_action_navigate_through_poses_action
[1.502s] [ 92%] Built target test_truncate_path_action
[1.510s] [ 93%] Built target test_get_pose_from_path_action
[1.510s] [ 94%] Built target test_remove_passed_goals_action
[1.513s] [ 95%] Built target test_truncate_path_local_action
[1.517s] [ 96%] Built target test_planner_selector_node
[1.531s] [35m[1mConsolidate compiler generated dependencies of target test_smoother_selector_node[0m
[1.531s] [35m[1mConsolidate compiler generated dependencies of target test_controller_selector_node[0m
[1.540s] [35m[1mConsolidate compiler generated dependencies of target test_goal_checker_selector_node[0m
[1.540s] [35m[1mConsolidate compiler generated dependencies of target test_progress_checker_selector_node[0m
[1.578s] [ 98%] Built target test_controller_selector_node
[1.578s] [ 98%] Built target test_smoother_selector_node
[1.591s] [100%] Built target test_progress_checker_selector_node
[1.591s] [100%] Built target test_goal_checker_selector_node
[1.629s] Invoked command in '/Pav-S_ws/build/nav2_behavior_tree' returned '0': CMAKE_PREFIX_PATH=/Pav-S_ws/install/nav2_util:/Pav-S_ws/install/nav2_msgs:/Pav-S_ws/install/nav2_common:/Pav-S_ws/install/nav2_behavior_tree:/Pav-S_ws/install/nav2_dwb_controller:/Pav-S_ws/install/nav2_controller:/Pav-S_ws/install/nav2_planner:/Pav-S_ws/install/dwb_plugins:/Pav-S_ws/install/dwb_critics:/Pav-S_ws/install/dwb_core:/Pav-S_ws/install/nav_2d_utils:/Pav-S_ws/install/nav2_core:/Pav-S_ws/install/costmap_queue:/Pav-S_ws/install/nav2_costmap_2d:/Pav-S_ws/install/nav2_map_server:/Pav-S_ws/install/nav2_lifecycle_manager:/ws_livox/install/pointcloud_to_laserscan:/ws_livox/install/livox_ros_driver2:/Pav-S_ws/install/wheeltec_robot_urdf:/Pav-S_ws/install/turn_on_wheeltec_robot:/Pav-S_ws/install/wheeltec_robot_msg:/Pav-S_ws/install/usb_cam:/Pav-S_ws/install/serial:/Pav-S_ws/install/robot_kcf:/Pav-S_ws/install/dwb_msgs:/Pav-S_ws/install/nav_2d_msgs:/Pav-S_ws/install/nav2_voxel_grid:/Pav-S_ws/install/libuvc:/Pav-S_ws/install/fast_lio:/Pav-S_ws/install/astra_camera:/Pav-S_ws/install/astra_camera_msgs:/Pav-S_ws/install/yolo_detector:/Pav-S_ws/install/yolov5_lib:/Pav-S_ws/install/nav2_simple_commander:/opt/ros/humble LD_LIBRARY_PATH=/Pav-S_ws/install/nav2_util/lib:/Pav-S_ws/install/nav2_msgs/lib:/Pav-S_ws/install/nav2_behavior_tree/lib:/Pav-S_ws/install/nav2_controller/lib:/Pav-S_ws/install/nav2_planner/lib:/Pav-S_ws/install/dwb_plugins/lib:/Pav-S_ws/install/dwb_critics/lib:/Pav-S_ws/install/dwb_core/lib:/Pav-S_ws/install/nav_2d_utils/lib:/Pav-S_ws/install/costmap_queue/lib:/Pav-S_ws/install/nav2_costmap_2d/lib:/Pav-S_ws/install/nav2_map_server/lib:/Pav-S_ws/install/nav2_lifecycle_manager/lib:/usr/local/cuda-12.2/lib64:/ws_livox/install/pointcloud_to_laserscan/lib:/ws_livox/install/livox_ros_driver2/lib:/Pav-S_ws/install/turn_on_wheeltec_robot/lib:/Pav-S_ws/install/wheeltec_robot_msg/lib:/Pav-S_ws/install/usb_cam/lib:/Pav-S_ws/install/serial/lib:/Pav-S_ws/install/dwb_msgs/lib:/Pav-S_ws/install/nav_2d_msgs/lib:/Pav-S_ws/install/nav2_voxel_grid/lib:/Pav-S_ws/install/libuvc/lib:/Pav-S_ws/install/fast_lio/lib:/Pav-S_ws/install/astra_camera/lib:/Pav-S_ws/install/astra_camera_msgs/lib:/opt/ros/humble/opt/rviz_ogre_vendor/lib:/opt/ros/humble/lib/aarch64-linux-gnu:/opt/ros/humble/lib:/usr/local/cuda-12.2/lib64 /usr/bin/cmake --build /Pav-S_ws/build/nav2_behavior_tree -- -j6 -l6
[1.664s] Invoking command in '/Pav-S_ws/build/nav2_behavior_tree': CMAKE_PREFIX_PATH=/Pav-S_ws/install/nav2_util:/Pav-S_ws/install/nav2_msgs:/Pav-S_ws/install/nav2_common:/Pav-S_ws/install/nav2_behavior_tree:/Pav-S_ws/install/nav2_dwb_controller:/Pav-S_ws/install/nav2_controller:/Pav-S_ws/install/nav2_planner:/Pav-S_ws/install/dwb_plugins:/Pav-S_ws/install/dwb_critics:/Pav-S_ws/install/dwb_core:/Pav-S_ws/install/nav_2d_utils:/Pav-S_ws/install/nav2_core:/Pav-S_ws/install/costmap_queue:/Pav-S_ws/install/nav2_costmap_2d:/Pav-S_ws/install/nav2_map_server:/Pav-S_ws/install/nav2_lifecycle_manager:/ws_livox/install/pointcloud_to_laserscan:/ws_livox/install/livox_ros_driver2:/Pav-S_ws/install/wheeltec_robot_urdf:/Pav-S_ws/install/turn_on_wheeltec_robot:/Pav-S_ws/install/wheeltec_robot_msg:/Pav-S_ws/install/usb_cam:/Pav-S_ws/install/serial:/Pav-S_ws/install/robot_kcf:/Pav-S_ws/install/dwb_msgs:/Pav-S_ws/install/nav_2d_msgs:/Pav-S_ws/install/nav2_voxel_grid:/Pav-S_ws/install/libuvc:/Pav-S_ws/install/fast_lio:/Pav-S_ws/install/astra_camera:/Pav-S_ws/install/astra_camera_msgs:/Pav-S_ws/install/yolo_detector:/Pav-S_ws/install/yolov5_lib:/Pav-S_ws/install/nav2_simple_commander:/opt/ros/humble LD_LIBRARY_PATH=/Pav-S_ws/install/nav2_util/lib:/Pav-S_ws/install/nav2_msgs/lib:/Pav-S_ws/install/nav2_behavior_tree/lib:/Pav-S_ws/install/nav2_controller/lib:/Pav-S_ws/install/nav2_planner/lib:/Pav-S_ws/install/dwb_plugins/lib:/Pav-S_ws/install/dwb_critics/lib:/Pav-S_ws/install/dwb_core/lib:/Pav-S_ws/install/nav_2d_utils/lib:/Pav-S_ws/install/costmap_queue/lib:/Pav-S_ws/install/nav2_costmap_2d/lib:/Pav-S_ws/install/nav2_map_server/lib:/Pav-S_ws/install/nav2_lifecycle_manager/lib:/usr/local/cuda-12.2/lib64:/ws_livox/install/pointcloud_to_laserscan/lib:/ws_livox/install/livox_ros_driver2/lib:/Pav-S_ws/install/turn_on_wheeltec_robot/lib:/Pav-S_ws/install/wheeltec_robot_msg/lib:/Pav-S_ws/install/usb_cam/lib:/Pav-S_ws/install/serial/lib:/Pav-S_ws/install/dwb_msgs/lib:/Pav-S_ws/install/nav_2d_msgs/lib:/Pav-S_ws/install/nav2_voxel_grid/lib:/Pav-S_ws/install/libuvc/lib:/Pav-S_ws/install/fast_lio/lib:/Pav-S_ws/install/astra_camera/lib:/Pav-S_ws/install/astra_camera_msgs/lib:/opt/ros/humble/opt/rviz_ogre_vendor/lib:/opt/ros/humble/lib/aarch64-linux-gnu:/opt/ros/humble/lib:/usr/local/cuda-12.2/lib64 /usr/bin/cmake --install /Pav-S_ws/build/nav2_behavior_tree
[1.691s] -- Install configuration: "Release"
[1.691s] -- Up-to-date: /Pav-S_ws/install/nav2_behavior_tree/lib/libnav2_behavior_tree.so
[1.692s] -- Up-to-date: /Pav-S_ws/install/nav2_behavior_tree/lib/libnav2_compute_path_to_pose_action_bt_node.so
[1.692s] -- Up-to-date: /Pav-S_ws/install/nav2_behavior_tree/lib/libnav2_compute_path_through_poses_action_bt_node.so
[1.693s] -- Up-to-date: /Pav-S_ws/install/nav2_behavior_tree/lib/libnav2_controller_cancel_bt_node.so
[1.693s] -- Up-to-date: /Pav-S_ws/install/nav2_behavior_tree/lib/libnav2_wait_cancel_bt_node.so
[1.694s] -- Up-to-date: /Pav-S_ws/install/nav2_behavior_tree/lib/libnav2_spin_cancel_bt_node.so
[1.695s] -- Up-to-date: /Pav-S_ws/install/nav2_behavior_tree/lib/libnav2_back_up_cancel_bt_node.so
[1.695s] -- Up-to-date: /Pav-S_ws/install/nav2_behavior_tree/lib/libnav2_assisted_teleop_cancel_bt_node.so
[1.695s] -- Up-to-date: /Pav-S_ws/install/nav2_behavior_tree/lib/libnav2_drive_on_heading_cancel_bt_node.so
[1.696s] -- Up-to-date: /Pav-S_ws/install/nav2_behavior_tree/lib/libnav2_smooth_path_action_bt_node.so
[1.696s] -- Up-to-date: /Pav-S_ws/install/nav2_behavior_tree/lib/libnav2_follow_path_action_bt_node.so
[1.697s] -- Up-to-date: /Pav-S_ws/install/nav2_behavior_tree/lib/libnav2_back_up_action_bt_node.so
[1.698s] -- Up-to-date: /Pav-S_ws/install/nav2_behavior_tree/lib/libnav2_drive_on_heading_bt_node.so
[1.698s] -- Up-to-date: /Pav-S_ws/install/nav2_behavior_tree/lib/libnav2_spin_action_bt_node.so
[1.698s] -- Up-to-date: /Pav-S_ws/install/nav2_behavior_tree/lib/libnav2_wait_action_bt_node.so
[1.699s] -- Up-to-date: /Pav-S_ws/install/nav2_behavior_tree/lib/libnav2_assisted_teleop_action_bt_node.so
[1.699s] -- Up-to-date: /Pav-S_ws/install/nav2_behavior_tree/lib/libnav2_clear_costmap_service_bt_node.so
[1.700s] -- Up-to-date: /Pav-S_ws/install/nav2_behavior_tree/lib/libnav2_is_stuck_condition_bt_node.so
[1.700s] -- Up-to-date: /Pav-S_ws/install/nav2_behavior_tree/lib/libnav2_transform_available_condition_bt_node.so
[1.701s] -- Up-to-date: /Pav-S_ws/install/nav2_behavior_tree/lib/libnav2_goal_reached_condition_bt_node.so
[1.701s] -- Up-to-date: /Pav-S_ws/install/nav2_behavior_tree/lib/libnav2_globally_updated_goal_condition_bt_node.so
[1.702s] -- Up-to-date: /Pav-S_ws/install/nav2_behavior_tree/lib/libnav2_goal_updated_condition_bt_node.so
[1.702s] -- Up-to-date: /Pav-S_ws/install/nav2_behavior_tree/lib/libnav2_is_path_valid_condition_bt_node.so
[1.703s] -- Up-to-date: /Pav-S_ws/install/nav2_behavior_tree/lib/libnav2_time_expired_condition_bt_node.so
[1.703s] -- Up-to-date: /Pav-S_ws/install/nav2_behavior_tree/lib/libnav2_path_expiring_timer_condition.so
[1.704s] -- Up-to-date: /Pav-S_ws/install/nav2_behavior_tree/lib/libnav2_distance_traveled_condition_bt_node.so
[1.704s] -- Up-to-date: /Pav-S_ws/install/nav2_behavior_tree/lib/libnav2_initial_pose_received_condition_bt_node.so
[1.705s] -- Up-to-date: /Pav-S_ws/install/nav2_behavior_tree/lib/libnav2_is_battery_charging_condition_bt_node.so
[1.705s] -- Up-to-date: /Pav-S_ws/install/nav2_behavior_tree/lib/libnav2_is_battery_low_condition_bt_node.so
[1.706s] -- Up-to-date: /Pav-S_ws/install/nav2_behavior_tree/lib/libnav2_reinitialize_global_localization_service_bt_node.so
[1.706s] -- Up-to-date: /Pav-S_ws/install/nav2_behavior_tree/lib/libnav2_rate_controller_bt_node.so
[1.706s] -- Up-to-date: /Pav-S_ws/install/nav2_behavior_tree/lib/libnav2_distance_controller_bt_node.so
[1.707s] -- Up-to-date: /Pav-S_ws/install/nav2_behavior_tree/lib/libnav2_speed_controller_bt_node.so
[1.707s] -- Up-to-date: /Pav-S_ws/install/nav2_behavior_tree/lib/libnav2_truncate_path_action_bt_node.so
[1.708s] -- Up-to-date: /Pav-S_ws/install/nav2_behavior_tree/lib/libnav2_truncate_path_local_action_bt_node.so
[1.708s] -- Up-to-date: /Pav-S_ws/install/nav2_behavior_tree/lib/libnav2_goal_updater_node_bt_node.so
[1.709s] -- Up-to-date: /Pav-S_ws/install/nav2_behavior_tree/lib/libnav2_path_longer_on_approach_bt_node.so
[1.709s] -- Up-to-date: /Pav-S_ws/install/nav2_behavior_tree/lib/libnav2_recovery_node_bt_node.so
[1.710s] -- Up-to-date: /Pav-S_ws/install/nav2_behavior_tree/lib/libnav2_navigate_to_pose_action_bt_node.so
[1.711s] -- Up-to-date: /Pav-S_ws/install/nav2_behavior_tree/lib/libnav2_navigate_through_poses_action_bt_node.so
[1.711s] -- Up-to-date: /Pav-S_ws/install/nav2_behavior_tree/lib/libnav2_remove_passed_goals_action_bt_node.so
[1.712s] -- Up-to-date: /Pav-S_ws/install/nav2_behavior_tree/lib/libnav2_get_pose_from_path_action_bt_node.so
[1.712s] -- Up-to-date: /Pav-S_ws/install/nav2_behavior_tree/lib/libnav2_pipeline_sequence_bt_node.so
[1.712s] -- Up-to-date: /Pav-S_ws/install/nav2_behavior_tree/lib/libnav2_round_robin_node_bt_node.so
[1.713s] -- Up-to-date: /Pav-S_ws/install/nav2_behavior_tree/lib/libnav2_single_trigger_bt_node.so
[1.713s] -- Up-to-date: /Pav-S_ws/install/nav2_behavior_tree/lib/libnav2_planner_selector_bt_node.so
[1.714s] -- Up-to-date: /Pav-S_ws/install/nav2_behavior_tree/lib/libnav2_controller_selector_bt_node.so
[1.714s] -- Up-to-date: /Pav-S_ws/install/nav2_behavior_tree/lib/libnav2_smoother_selector_bt_node.so
[1.715s] -- Up-to-date: /Pav-S_ws/install/nav2_behavior_tree/lib/libnav2_goal_checker_selector_bt_node.so
[1.715s] -- Up-to-date: /Pav-S_ws/install/nav2_behavior_tree/lib/libnav2_progress_checker_selector_bt_node.so
[1.715s] -- Up-to-date: /Pav-S_ws/install/nav2_behavior_tree/lib/libnav2_goal_updated_controller_bt_node.so
[1.716s] -- Up-to-date: /Pav-S_ws/install/nav2_behavior_tree/include/
[1.716s] -- Up-to-date: /Pav-S_ws/install/nav2_behavior_tree/include//nav2_behavior_tree
[1.716s] -- Up-to-date: /Pav-S_ws/install/nav2_behavior_tree/include//nav2_behavior_tree/behavior_tree_engine.hpp
[1.716s] -- Up-to-date: /Pav-S_ws/install/nav2_behavior_tree/include//nav2_behavior_tree/ros_topic_logger.hpp
[1.717s] -- Up-to-date: /Pav-S_ws/install/nav2_behavior_tree/include//nav2_behavior_tree/bt_service_node.hpp
[1.717s] -- Up-to-date: /Pav-S_ws/install/nav2_behavior_tree/include//nav2_behavior_tree/bt_action_server.hpp
[1.717s] -- Up-to-date: /Pav-S_ws/install/nav2_behavior_tree/include//nav2_behavior_tree/bt_action_server_impl.hpp
[1.717s] -- Up-to-date: /Pav-S_ws/install/nav2_behavior_tree/include//nav2_behavior_tree/bt_action_node.hpp
[1.717s] -- Up-to-date: /Pav-S_ws/install/nav2_behavior_tree/include//nav2_behavior_tree/bt_conversions.hpp
[1.718s] -- Up-to-date: /Pav-S_ws/install/nav2_behavior_tree/include//nav2_behavior_tree/bt_cancel_action_node.hpp
[1.718s] -- Up-to-date: /Pav-S_ws/install/nav2_behavior_tree/include//nav2_behavior_tree/plugins
[1.718s] -- Up-to-date: /Pav-S_ws/install/nav2_behavior_tree/include//nav2_behavior_tree/plugins/control
[1.718s] -- Up-to-date: /Pav-S_ws/install/nav2_behavior_tree/include//nav2_behavior_tree/plugins/control/round_robin_node.hpp
[1.718s] -- Up-to-date: /Pav-S_ws/install/nav2_behavior_tree/include//nav2_behavior_tree/plugins/control/pipeline_sequence.hpp
[1.719s] -- Up-to-date: /Pav-S_ws/install/nav2_behavior_tree/include//nav2_behavior_tree/plugins/control/recovery_node.hpp
[1.719s] -- Up-to-date: /Pav-S_ws/install/nav2_behavior_tree/include//nav2_behavior_tree/plugins/condition
[1.719s] -- Up-to-date: /Pav-S_ws/install/nav2_behavior_tree/include//nav2_behavior_tree/plugins/condition/initial_pose_received_condition.hpp
[1.719s] -- Up-to-date: /Pav-S_ws/install/nav2_behavior_tree/include//nav2_behavior_tree/plugins/condition/globally_updated_goal_condition.hpp
[1.719s] -- Up-to-date: /Pav-S_ws/install/nav2_behavior_tree/include//nav2_behavior_tree/plugins/condition/is_battery_charging_condition.hpp
[1.719s] -- Up-to-date: /Pav-S_ws/install/nav2_behavior_tree/include//nav2_behavior_tree/plugins/condition/is_stuck_condition.hpp
[1.720s] -- Up-to-date: /Pav-S_ws/install/nav2_behavior_tree/include//nav2_behavior_tree/plugins/condition/time_expired_condition.hpp
[1.720s] -- Up-to-date: /Pav-S_ws/install/nav2_behavior_tree/include//nav2_behavior_tree/plugins/condition/goal_updated_condition.hpp
[1.720s] -- Up-to-date: /Pav-S_ws/install/nav2_behavior_tree/include//nav2_behavior_tree/plugins/condition/transform_available_condition.hpp
[1.720s] -- Up-to-date: /Pav-S_ws/install/nav2_behavior_tree/include//nav2_behavior_tree/plugins/condition/path_expiring_timer_condition.hpp
[1.720s] -- Up-to-date: /Pav-S_ws/install/nav2_behavior_tree/include//nav2_behavior_tree/plugins/condition/goal_reached_condition.hpp
[1.720s] -- Up-to-date: /Pav-S_ws/install/nav2_behavior_tree/include//nav2_behavior_tree/plugins/condition/distance_traveled_condition.hpp
[1.720s] -- Up-to-date: /Pav-S_ws/install/nav2_behavior_tree/include//nav2_behavior_tree/plugins/condition/is_battery_low_condition.hpp
[1.721s] -- Up-to-date: /Pav-S_ws/install/nav2_behavior_tree/include//nav2_behavior_tree/plugins/condition/is_path_valid_condition.hpp
[1.721s] -- Up-to-date: /Pav-S_ws/install/nav2_behavior_tree/include//nav2_behavior_tree/plugins/action
[1.721s] -- Up-to-date: /Pav-S_ws/install/nav2_behavior_tree/include//nav2_behavior_tree/plugins/action/navigate_through_poses_action.hpp
[1.721s] -- Up-to-date: /Pav-S_ws/install/nav2_behavior_tree/include//nav2_behavior_tree/plugins/action/wait_action.hpp
[1.721s] -- Up-to-date: /Pav-S_ws/install/nav2_behavior_tree/include//nav2_behavior_tree/plugins/action/assisted_teleop_cancel_node.hpp
[1.721s] -- Up-to-date: /Pav-S_ws/install/nav2_behavior_tree/include//nav2_behavior_tree/plugins/action/compute_path_through_poses_action.hpp
[1.721s] -- Up-to-date: /Pav-S_ws/install/nav2_behavior_tree/include//nav2_behavior_tree/plugins/action/controller_selector_node.hpp
[1.721s] -- Up-to-date: /Pav-S_ws/install/nav2_behavior_tree/include//nav2_behavior_tree/plugins/action/navigate_to_pose_action.hpp
[1.721s] -- Up-to-date: /Pav-S_ws/install/nav2_behavior_tree/include//nav2_behavior_tree/plugins/action/truncate_path_local_action.hpp
[1.722s] -- Up-to-date: /Pav-S_ws/install/nav2_behavior_tree/include//nav2_behavior_tree/plugins/action/goal_checker_selector_node.hpp
[1.722s] -- Up-to-date: /Pav-S_ws/install/nav2_behavior_tree/include//nav2_behavior_tree/plugins/action/reinitialize_global_localization_service.hpp
[1.722s] -- Up-to-date: /Pav-S_ws/install/nav2_behavior_tree/include//nav2_behavior_tree/plugins/action/spin_cancel_node.hpp
[1.722s] -- Up-to-date: /Pav-S_ws/install/nav2_behavior_tree/include//nav2_behavior_tree/plugins/action/smoother_selector_node.hpp
[1.722s] -- Up-to-date: /Pav-S_ws/install/nav2_behavior_tree/include//nav2_behavior_tree/plugins/action/back_up_cancel_node.hpp
[1.722s] -- Up-to-date: /Pav-S_ws/install/nav2_behavior_tree/include//nav2_behavior_tree/plugins/action/remove_passed_goals_action.hpp
[1.722s] -- Up-to-date: /Pav-S_ws/install/nav2_behavior_tree/include//nav2_behavior_tree/plugins/action/controller_cancel_node.hpp
[1.722s] -- Up-to-date: /Pav-S_ws/install/nav2_behavior_tree/include//nav2_behavior_tree/plugins/action/back_up_action.hpp
[1.723s] -- Up-to-date: /Pav-S_ws/install/nav2_behavior_tree/include//nav2_behavior_tree/plugins/action/assisted_teleop_action.hpp
[1.723s] -- Up-to-date: /Pav-S_ws/install/nav2_behavior_tree/include//nav2_behavior_tree/plugins/action/wait_cancel_node.hpp
[1.723s] -- Up-to-date: /Pav-S_ws/install/nav2_behavior_tree/include//nav2_behavior_tree/plugins/action/get_pose_from_path_action.hpp
[1.723s] -- Up-to-date: /Pav-S_ws/install/nav2_behavior_tree/include//nav2_behavior_tree/plugins/action/compute_path_to_pose_action.hpp
[1.723s] -- Up-to-date: /Pav-S_ws/install/nav2_behavior_tree/include//nav2_behavior_tree/plugins/action/progress_checker_selector_node.hpp
[1.723s] -- Up-to-date: /Pav-S_ws/install/nav2_behavior_tree/include//nav2_behavior_tree/plugins/action/clear_costmap_service.hpp
[1.723s] -- Up-to-date: /Pav-S_ws/install/nav2_behavior_tree/include//nav2_behavior_tree/plugins/action/truncate_path_action.hpp
[1.723s] -- Up-to-date: /Pav-S_ws/install/nav2_behavior_tree/include//nav2_behavior_tree/plugins/action/drive_on_heading_cancel_node.hpp
[1.723s] -- Up-to-date: /Pav-S_ws/install/nav2_behavior_tree/include//nav2_behavior_tree/plugins/action/drive_on_heading_action.hpp
[1.724s] -- Up-to-date: /Pav-S_ws/install/nav2_behavior_tree/include//nav2_behavior_tree/plugins/action/planner_selector_node.hpp
[1.724s] -- Up-to-date: /Pav-S_ws/install/nav2_behavior_tree/include//nav2_behavior_tree/plugins/action/follow_path_action.hpp
[1.724s] -- Up-to-date: /Pav-S_ws/install/nav2_behavior_tree/include//nav2_behavior_tree/plugins/action/spin_action.hpp
[1.724s] -- Up-to-date: /Pav-S_ws/install/nav2_behavior_tree/include//nav2_behavior_tree/plugins/action/smooth_path_action.hpp
[1.724s] -- Up-to-date: /Pav-S_ws/install/nav2_behavior_tree/include//nav2_behavior_tree/plugins/decorator
[1.724s] -- Up-to-date: /Pav-S_ws/install/nav2_behavior_tree/include//nav2_behavior_tree/plugins/decorator/rate_controller.hpp
[1.725s] -- Up-to-date: /Pav-S_ws/install/nav2_behavior_tree/include//nav2_behavior_tree/plugins/decorator/single_trigger_node.hpp
[1.726s] -- Up-to-date: /Pav-S_ws/install/nav2_behavior_tree/include//nav2_behavior_tree/plugins/decorator/path_longer_on_approach.hpp
[1.727s] -- Up-to-date: /Pav-S_ws/install/nav2_behavior_tree/include//nav2_behavior_tree/plugins/decorator/goal_updated_controller.hpp
[1.727s] -- Up-to-date: /Pav-S_ws/install/nav2_behavior_tree/include//nav2_behavior_tree/plugins/decorator/speed_controller.hpp
[1.727s] -- Up-to-date: /Pav-S_ws/install/nav2_behavior_tree/include//nav2_behavior_tree/plugins/decorator/distance_controller.hpp
[1.728s] -- Up-to-date: /Pav-S_ws/install/nav2_behavior_tree/include//nav2_behavior_tree/plugins/decorator/goal_updater_node.hpp
[1.729s] -- Up-to-date: /Pav-S_ws/install/nav2_behavior_tree/share/nav2_behavior_tree/nav2_tree_nodes.xml
[1.730s] -- Up-to-date: /Pav-S_ws/install/nav2_behavior_tree/share/nav2_behavior_tree/environment/library_path.sh
[1.730s] -- Up-to-date: /Pav-S_ws/install/nav2_behavior_tree/share/nav2_behavior_tree/environment/library_path.dsv
[1.731s] -- Up-to-date: /Pav-S_ws/install/nav2_behavior_tree/share/ament_index/resource_index/package_run_dependencies/nav2_behavior_tree
[1.731s] -- Up-to-date: /Pav-S_ws/install/nav2_behavior_tree/share/ament_index/resource_index/parent_prefix_path/nav2_behavior_tree
[1.732s] -- Up-to-date: /Pav-S_ws/install/nav2_behavior_tree/share/nav2_behavior_tree/environment/ament_prefix_path.sh
[1.732s] -- Up-to-date: /Pav-S_ws/install/nav2_behavior_tree/share/nav2_behavior_tree/environment/ament_prefix_path.dsv
[1.732s] -- Up-to-date: /Pav-S_ws/install/nav2_behavior_tree/share/nav2_behavior_tree/environment/path.sh
[1.733s] -- Up-to-date: /Pav-S_ws/install/nav2_behavior_tree/share/nav2_behavior_tree/environment/path.dsv
[1.733s] -- Up-to-date: /Pav-S_ws/install/nav2_behavior_tree/share/nav2_behavior_tree/local_setup.bash
[1.734s] -- Up-to-date: /Pav-S_ws/install/nav2_behavior_tree/share/nav2_behavior_tree/local_setup.sh
[1.734s] -- Up-to-date: /Pav-S_ws/install/nav2_behavior_tree/share/nav2_behavior_tree/local_setup.zsh
[1.735s] -- Up-to-date: /Pav-S_ws/install/nav2_behavior_tree/share/nav2_behavior_tree/local_setup.dsv
[1.735s] -- Installing: /Pav-S_ws/install/nav2_behavior_tree/share/nav2_behavior_tree/package.dsv
[1.736s] -- Up-to-date: /Pav-S_ws/install/nav2_behavior_tree/share/ament_index/resource_index/packages/nav2_behavior_tree
[1.736s] -- Up-to-date: /Pav-S_ws/install/nav2_behavior_tree/share/nav2_behavior_tree/cmake/ament_cmake_export_include_directories-extras.cmake
[1.737s] -- Up-to-date: /Pav-S_ws/install/nav2_behavior_tree/share/nav2_behavior_tree/cmake/ament_cmake_export_libraries-extras.cmake
[1.737s] -- Up-to-date: /Pav-S_ws/install/nav2_behavior_tree/share/nav2_behavior_tree/cmake/ament_cmake_export_dependencies-extras.cmake
[1.738s] -- Up-to-date: /Pav-S_ws/install/nav2_behavior_tree/share/nav2_behavior_tree/cmake/nav2_behavior_treeConfig.cmake
[1.739s] -- Up-to-date: /Pav-S_ws/install/nav2_behavior_tree/share/nav2_behavior_tree/cmake/nav2_behavior_treeConfig-version.cmake
[1.739s] -- Up-to-date: /Pav-S_ws/install/nav2_behavior_tree/share/nav2_behavior_tree/package.xml
[1.740s] Invoked command in '/Pav-S_ws/build/nav2_behavior_tree' returned '0': CMAKE_PREFIX_PATH=/Pav-S_ws/install/nav2_util:/Pav-S_ws/install/nav2_msgs:/Pav-S_ws/install/nav2_common:/Pav-S_ws/install/nav2_behavior_tree:/Pav-S_ws/install/nav2_dwb_controller:/Pav-S_ws/install/nav2_controller:/Pav-S_ws/install/nav2_planner:/Pav-S_ws/install/dwb_plugins:/Pav-S_ws/install/dwb_critics:/Pav-S_ws/install/dwb_core:/Pav-S_ws/install/nav_2d_utils:/Pav-S_ws/install/nav2_core:/Pav-S_ws/install/costmap_queue:/Pav-S_ws/install/nav2_costmap_2d:/Pav-S_ws/install/nav2_map_server:/Pav-S_ws/install/nav2_lifecycle_manager:/ws_livox/install/pointcloud_to_laserscan:/ws_livox/install/livox_ros_driver2:/Pav-S_ws/install/wheeltec_robot_urdf:/Pav-S_ws/install/turn_on_wheeltec_robot:/Pav-S_ws/install/wheeltec_robot_msg:/Pav-S_ws/install/usb_cam:/Pav-S_ws/install/serial:/Pav-S_ws/install/robot_kcf:/Pav-S_ws/install/dwb_msgs:/Pav-S_ws/install/nav_2d_msgs:/Pav-S_ws/install/nav2_voxel_grid:/Pav-S_ws/install/libuvc:/Pav-S_ws/install/fast_lio:/Pav-S_ws/install/astra_camera:/Pav-S_ws/install/astra_camera_msgs:/Pav-S_ws/install/yolo_detector:/Pav-S_ws/install/yolov5_lib:/Pav-S_ws/install/nav2_simple_commander:/opt/ros/humble LD_LIBRARY_PATH=/Pav-S_ws/install/nav2_util/lib:/Pav-S_ws/install/nav2_msgs/lib:/Pav-S_ws/install/nav2_behavior_tree/lib:/Pav-S_ws/install/nav2_controller/lib:/Pav-S_ws/install/nav2_planner/lib:/Pav-S_ws/install/dwb_plugins/lib:/Pav-S_ws/install/dwb_critics/lib:/Pav-S_ws/install/dwb_core/lib:/Pav-S_ws/install/nav_2d_utils/lib:/Pav-S_ws/install/costmap_queue/lib:/Pav-S_ws/install/nav2_costmap_2d/lib:/Pav-S_ws/install/nav2_map_server/lib:/Pav-S_ws/install/nav2_lifecycle_manager/lib:/usr/local/cuda-12.2/lib64:/ws_livox/install/pointcloud_to_laserscan/lib:/ws_livox/install/livox_ros_driver2/lib:/Pav-S_ws/install/turn_on_wheeltec_robot/lib:/Pav-S_ws/install/wheeltec_robot_msg/lib:/Pav-S_ws/install/usb_cam/lib:/Pav-S_ws/install/serial/lib:/Pav-S_ws/install/dwb_msgs/lib:/Pav-S_ws/install/nav_2d_msgs/lib:/Pav-S_ws/install/nav2_voxel_grid/lib:/Pav-S_ws/install/libuvc/lib:/Pav-S_ws/install/fast_lio/lib:/Pav-S_ws/install/astra_camera/lib:/Pav-S_ws/install/astra_camera_msgs/lib:/opt/ros/humble/opt/rviz_ogre_vendor/lib:/opt/ros/humble/lib/aarch64-linux-gnu:/opt/ros/humble/lib:/usr/local/cuda-12.2/lib64 /usr/bin/cmake --install /Pav-S_ws/build/nav2_behavior_tree
