[0.082s] Invoking command in '/Pav-S_ws/build/usb_cam': CMAKE_PREFIX_PATH=${CMAKE_PREFIX_PATH}:/Pav-S_ws/install/yolo_detector:/Pav-S_ws/install/yolov5_lib:/Pav-S_ws/install/nav2_simple_commander:/opt/ros/humble /usr/bin/cmake --build /Pav-S_ws/build/usb_cam -- -j6 -l6
[0.144s] -- Found ament_cmake_auto: 1.3.12 (/opt/ros/humble/share/ament_cmake_auto/cmake)
[0.734s] -- Found rosidl_generator_c: 3.1.7 (/opt/ros/humble/share/rosidl_generator_c/cmake)
[0.740s] -- Found rosidl_adapter: 3.1.7 (/opt/ros/humble/share/rosidl_adapter/cmake)
[0.753s] -- Found rosidl_generator_cpp: 3.1.7 (/opt/ros/humble/share/rosidl_generator_cpp/cmake)
[0.775s] -- Using all available rosidl_typesupport_c: rosidl_typesupport_fastrtps_c;rosidl_typesupport_introspection_c
[0.804s] -- Using all available rosidl_typesupport_cpp: rosidl_typesupport_fastrtps_cpp;rosidl_typesupport_introspection_cpp
[0.979s] -- Found rmw_implementation_cmake: 6.1.2 (/opt/ros/humble/share/rmw_implementation_cmake/cmake)
[0.983s] -- Found rmw_fastrtps_cpp: 6.2.8 (/opt/ros/humble/share/rmw_fastrtps_cpp/cmake)
[1.224s] -- Using RMW implementation 'rmw_fastrtps_cpp' as default
[1.518s] -- Found ament_lint_auto: 0.12.14 (/opt/ros/humble/share/ament_lint_auto/cmake)
[1.530s] -- Found gtest sources under '/opt/ros/humble/src/gtest_vendor': C++ tests using 'Google Test' will be built
[1.543s] [0mIn this package, headers install destination is set to `include` by ament_auto_package. It is recommended to install `include/usb_cam` instead and will be the default behavior of ament_auto_package from ROS 2 Kilted Kaiju. On distributions before Kilted, ament_auto_package behaves the same way when you use USE_SCOPED_HEADER_INSTALL_DIR option.[0m
[1.550s] -- Added test 'copyright' to check source files copyright and LICENSE
[1.554s] -- Added test 'cppcheck' to perform static code analysis on C / C++ code
[1.554s] -- Configured cppcheck include dirs: /Pav-S_ws/src/usb_cam-ros2/include
[1.554s] -- Configured cppcheck exclude dirs and/or files: 
[1.558s] -- Added test 'cpplint' to check C / C++ code against the Google style
[1.559s] -- Configured cpplint exclude dirs and/or files: 
[1.559s] -- Added test 'flake8' to check Python code syntax and style conventions
[1.560s] -- Added test 'lint_cmake' to check CMake code style
[1.561s] -- Added test 'pep257' to check Python code against some of the docstring style conventions in PEP 257
[1.564s] -- Added test 'uncrustify' to check C / C++ code style
[1.566s] -- Configured uncrustify additional arguments: 
[1.566s] -- Added test 'xmllint' to check XML markup files
[1.568s] -- Configuring done
[1.623s] -- Generating done
[1.642s] -- Build files have been written to: /Pav-S_ws/build/usb_cam
[1.728s] [35m[1mConsolidate compiler generated dependencies of target usb_cam[0m
[1.743s] [35m[1mConsolidate compiler generated dependencies of target gtest_main[0m
[1.743s] [35m[1mConsolidate compiler generated dependencies of target usb_cam_node_exe[0m
[1.763s] [35m[1mConsolidate compiler generated dependencies of target gtest[0m
[1.793s] [ 14%] Built target usb_cam
[1.800s] [ 28%] Built target gtest_main
[1.814s] [ 42%] Built target gtest
[1.820s] [ 57%] Built target usb_cam_node_exe
[1.840s] [35m[1mConsolidate compiler generated dependencies of target usb_cam_node[0m
[1.872s] [35m[1mConsolidate compiler generated dependencies of target test_pixel_formats[0m
[1.880s] [35m[1mConsolidate compiler generated dependencies of target test_usb_cam_utils[0m
[1.905s] [ 71%] Built target usb_cam_node
[1.920s] [ 85%] Built target test_pixel_formats
[1.933s] [100%] Built target test_usb_cam_utils
[1.986s] Invoked command in '/Pav-S_ws/build/usb_cam' returned '0': CMAKE_PREFIX_PATH=${CMAKE_PREFIX_PATH}:/Pav-S_ws/install/yolo_detector:/Pav-S_ws/install/yolov5_lib:/Pav-S_ws/install/nav2_simple_commander:/opt/ros/humble /usr/bin/cmake --build /Pav-S_ws/build/usb_cam -- -j6 -l6
[1.987s] Invoking command in '/Pav-S_ws/build/usb_cam': CMAKE_PREFIX_PATH=${CMAKE_PREFIX_PATH}:/Pav-S_ws/install/yolo_detector:/Pav-S_ws/install/yolov5_lib:/Pav-S_ws/install/nav2_simple_commander:/opt/ros/humble /usr/bin/cmake --install /Pav-S_ws/build/usb_cam
[2.024s] -- Install configuration: "Release"
[2.024s] -- Up-to-date: /Pav-S_ws/install/usb_cam/share/usb_cam/environment/library_path.sh
[2.025s] -- Installing: /Pav-S_ws/install/usb_cam/share/usb_cam/environment/library_path.dsv
[2.025s] -- Up-to-date: /Pav-S_ws/install/usb_cam/lib/usb_cam/usb_cam_node_exe
[2.025s] -- Up-to-date: /Pav-S_ws/install/usb_cam/lib/usb_cam/show_image.py
[2.026s] -- Up-to-date: /Pav-S_ws/install/usb_cam/lib/libusb_cam.so
[2.026s] -- Up-to-date: /Pav-S_ws/install/usb_cam/lib/libusb_cam_node.so
[2.026s] -- Up-to-date: /Pav-S_ws/install/usb_cam/include
[2.026s] -- Up-to-date: /Pav-S_ws/install/usb_cam/include/usb_cam
[2.027s] -- Up-to-date: /Pav-S_ws/install/usb_cam/include/usb_cam/utils.hpp
[2.027s] -- Up-to-date: /Pav-S_ws/install/usb_cam/include/usb_cam/formats
[2.027s] -- Up-to-date: /Pav-S_ws/install/usb_cam/include/usb_cam/formats/utils.hpp
[2.027s] -- Up-to-date: /Pav-S_ws/install/usb_cam/include/usb_cam/formats/yuyv.hpp
[2.028s] -- Up-to-date: /Pav-S_ws/install/usb_cam/include/usb_cam/formats/rgb.hpp
[2.028s] -- Up-to-date: /Pav-S_ws/install/usb_cam/include/usb_cam/formats/mono.hpp
[2.028s] -- Up-to-date: /Pav-S_ws/install/usb_cam/include/usb_cam/formats/uyvy.hpp
[2.028s] -- Up-to-date: /Pav-S_ws/install/usb_cam/include/usb_cam/formats/m420.hpp
[2.028s] -- Up-to-date: /Pav-S_ws/install/usb_cam/include/usb_cam/formats/pixel_format_base.hpp
[2.028s] -- Up-to-date: /Pav-S_ws/install/usb_cam/include/usb_cam/formats/mjpeg.hpp
[2.029s] -- Up-to-date: /Pav-S_ws/install/usb_cam/include/usb_cam/conversions.hpp
[2.029s] -- Up-to-date: /Pav-S_ws/install/usb_cam/include/usb_cam/constants.hpp
[2.029s] -- Up-to-date: /Pav-S_ws/install/usb_cam/include/usb_cam/usb_cam.hpp
[2.029s] -- Up-to-date: /Pav-S_ws/install/usb_cam/include/usb_cam/usb_cam_node.hpp
[2.029s] -- Up-to-date: /Pav-S_ws/install/usb_cam/lib/libusb_cam_node.so
[2.029s] -- Up-to-date: /Pav-S_ws/install/usb_cam/share/usb_cam/launch
[2.030s] -- Up-to-date: /Pav-S_ws/install/usb_cam/share/usb_cam/launch/usb_cam_launch.py
[2.030s] -- Up-to-date: /Pav-S_ws/install/usb_cam/share/usb_cam/launch/demo.launch.py
[2.030s] -- Up-to-date: /Pav-S_ws/install/usb_cam/share/usb_cam/config
[2.030s] -- Up-to-date: /Pav-S_ws/install/usb_cam/share/usb_cam/config/params.yaml
[2.030s] -- Up-to-date: /Pav-S_ws/install/usb_cam/share/usb_cam/config/camera_info.yaml
[2.030s] -- Up-to-date: /Pav-S_ws/install/usb_cam/share/ament_index/resource_index/package_run_dependencies/usb_cam
[2.030s] -- Up-to-date: /Pav-S_ws/install/usb_cam/share/ament_index/resource_index/parent_prefix_path/usb_cam
[2.031s] -- Up-to-date: /Pav-S_ws/install/usb_cam/share/usb_cam/environment/ament_prefix_path.sh
[2.031s] -- Installing: /Pav-S_ws/install/usb_cam/share/usb_cam/environment/ament_prefix_path.dsv
[2.031s] -- Up-to-date: /Pav-S_ws/install/usb_cam/share/usb_cam/environment/path.sh
[2.031s] -- Installing: /Pav-S_ws/install/usb_cam/share/usb_cam/environment/path.dsv
[2.031s] -- Up-to-date: /Pav-S_ws/install/usb_cam/share/usb_cam/local_setup.bash
[2.031s] -- Up-to-date: /Pav-S_ws/install/usb_cam/share/usb_cam/local_setup.sh
[2.031s] -- Up-to-date: /Pav-S_ws/install/usb_cam/share/usb_cam/local_setup.zsh
[2.031s] -- Installing: /Pav-S_ws/install/usb_cam/share/usb_cam/local_setup.dsv
[2.031s] -- Installing: /Pav-S_ws/install/usb_cam/share/usb_cam/package.dsv
[2.042s] -- Up-to-date: /Pav-S_ws/install/usb_cam/share/ament_index/resource_index/packages/usb_cam
[2.042s] -- Up-to-date: /Pav-S_ws/install/usb_cam/share/ament_index/resource_index/rclcpp_components/usb_cam
[2.042s] -- Up-to-date: /Pav-S_ws/install/usb_cam/share/usb_cam/cmake/ament_cmake_export_libraries-extras.cmake
[2.043s] -- Up-to-date: /Pav-S_ws/install/usb_cam/share/usb_cam/cmake/ament_cmake_export_dependencies-extras.cmake
[2.043s] -- Up-to-date: /Pav-S_ws/install/usb_cam/share/usb_cam/cmake/ament_cmake_export_include_directories-extras.cmake
[2.043s] -- Up-to-date: /Pav-S_ws/install/usb_cam/share/usb_cam/cmake/usb_camConfig.cmake
[2.043s] -- Up-to-date: /Pav-S_ws/install/usb_cam/share/usb_cam/cmake/usb_camConfig-version.cmake
[2.043s] -- Up-to-date: /Pav-S_ws/install/usb_cam/share/usb_cam/package.xml
[2.054s] Invoked command in '/Pav-S_ws/build/usb_cam' returned '0': CMAKE_PREFIX_PATH=${CMAKE_PREFIX_PATH}:/Pav-S_ws/install/yolo_detector:/Pav-S_ws/install/yolov5_lib:/Pav-S_ws/install/nav2_simple_commander:/opt/ros/humble /usr/bin/cmake --install /Pav-S_ws/build/usb_cam
