[0.044s] Invoking command in '/Pav-S_ws/build/nav2_behavior_tree': CMAKE_PREFIX_PATH=/Pav-S_ws/install/nav2_util:/Pav-S_ws/install/nav2_msgs:/Pav-S_ws/install/nav2_common:/Pav-S_ws/install/nav2_behavior_tree:/Pav-S_ws/install/nav2_dwb_controller:/Pav-S_ws/install/nav2_controller:/Pav-S_ws/install/nav2_planner:/Pav-S_ws/install/dwb_plugins:/Pav-S_ws/install/dwb_critics:/Pav-S_ws/install/dwb_core:/Pav-S_ws/install/nav_2d_utils:/Pav-S_ws/install/nav2_core:/Pav-S_ws/install/costmap_queue:/Pav-S_ws/install/nav2_costmap_2d:/Pav-S_ws/install/nav2_map_server:/Pav-S_ws/install/nav2_lifecycle_manager:/ws_livox/install/pointcloud_to_laserscan:/ws_livox/install/livox_ros_driver2:/Pav-S_ws/install/wheeltec_robot_urdf:/Pav-S_ws/install/turn_on_wheeltec_robot:/Pav-S_ws/install/wheeltec_robot_msg:/Pav-S_ws/install/usb_cam:/Pav-S_ws/install/serial:/Pav-S_ws/install/robot_kcf:/Pav-S_ws/install/dwb_msgs:/Pav-S_ws/install/nav_2d_msgs:/Pav-S_ws/install/nav2_voxel_grid:/Pav-S_ws/install/libuvc:/Pav-S_ws/install/fast_lio:/Pav-S_ws/install/astra_camera:/Pav-S_ws/install/astra_camera_msgs:/Pav-S_ws/install/yolo_detector:/Pav-S_ws/install/yolov5_lib:/Pav-S_ws/install/nav2_simple_commander:/opt/ros/humble LD_LIBRARY_PATH=/Pav-S_ws/install/nav2_util/lib:/Pav-S_ws/install/nav2_msgs/lib:/Pav-S_ws/install/nav2_behavior_tree/lib:/Pav-S_ws/install/nav2_controller/lib:/Pav-S_ws/install/nav2_planner/lib:/Pav-S_ws/install/dwb_plugins/lib:/Pav-S_ws/install/dwb_critics/lib:/Pav-S_ws/install/dwb_core/lib:/Pav-S_ws/install/nav_2d_utils/lib:/Pav-S_ws/install/costmap_queue/lib:/Pav-S_ws/install/nav2_costmap_2d/lib:/Pav-S_ws/install/nav2_map_server/lib:/Pav-S_ws/install/nav2_lifecycle_manager/lib:/usr/local/cuda-12.2/lib64:/ws_livox/install/pointcloud_to_laserscan/lib:/ws_livox/install/livox_ros_driver2/lib:/Pav-S_ws/install/turn_on_wheeltec_robot/lib:/Pav-S_ws/install/wheeltec_robot_msg/lib:/Pav-S_ws/install/usb_cam/lib:/Pav-S_ws/install/serial/lib:/Pav-S_ws/install/dwb_msgs/lib:/Pav-S_ws/install/nav_2d_msgs/lib:/Pav-S_ws/install/nav2_voxel_grid/lib:/Pav-S_ws/install/libuvc/lib:/Pav-S_ws/install/fast_lio/lib:/Pav-S_ws/install/astra_camera/lib:/Pav-S_ws/install/astra_camera_msgs/lib:/opt/ros/humble/opt/rviz_ogre_vendor/lib:/opt/ros/humble/lib/aarch64-linux-gnu:/opt/ros/humble/lib:/usr/local/cuda-12.2/lib64 /usr/bin/cmake --build /Pav-S_ws/build/nav2_behavior_tree -- -j6 -l6
[0.323s] [  1%] Built target nav2_controller_cancel_bt_node
[0.325s] [  2%] Built target nav2_behavior_tree
[0.372s] [  3%] Built target nav2_compute_path_to_pose_action_bt_node
[0.373s] [  4%] Built target nav2_wait_cancel_bt_node
[0.387s] [  5%] Built target nav2_compute_path_through_poses_action_bt_node
[0.397s] [  6%] Built target nav2_spin_cancel_bt_node
[0.488s] [  7%] Built target nav2_back_up_cancel_bt_node
[0.551s] [  8%] Built target nav2_assisted_teleop_cancel_bt_node
[0.555s] [  8%] Built target nav2_smooth_path_action_bt_node
[0.576s] [  9%] Built target nav2_drive_on_heading_cancel_bt_node
[0.584s] [ 10%] Built target nav2_follow_path_action_bt_node
[0.587s] [ 11%] Built target nav2_back_up_action_bt_node
[0.716s] [ 12%] Built target nav2_drive_on_heading_bt_node
[0.741s] [ 13%] Built target nav2_spin_action_bt_node
[0.741s] [ 14%] Built target nav2_wait_action_bt_node
[0.741s] [ 15%] Built target nav2_assisted_teleop_action_bt_node
[0.753s] [ 16%] Built target nav2_clear_costmap_service_bt_node
[0.850s] [ 17%] Built target nav2_is_stuck_condition_bt_node
[0.890s] [ 18%] Built target nav2_globally_updated_goal_condition_bt_node
[0.988s] [ 19%] Built target nav2_goal_reached_condition_bt_node
[0.988s] [ 20%] Built target nav2_transform_available_condition_bt_node
[1.005s] [ 21%] Built target nav2_is_path_valid_condition_bt_node
[1.012s] [ 21%] Built target nav2_goal_updated_condition_bt_node
[1.125s] [ 22%] Built target nav2_path_expiring_timer_condition
[1.142s] [ 23%] Built target nav2_is_battery_charging_condition_bt_node
[1.164s] [ 24%] Built target nav2_time_expired_condition_bt_node
[1.168s] [ 26%] Built target nav2_initial_pose_received_condition_bt_node
[1.175s] [ 25%] Built target nav2_distance_traveled_condition_bt_node
[1.186s] [ 27%] Built target nav2_is_battery_low_condition_bt_node
[1.352s] [ 28%] Built target nav2_rate_controller_bt_node
[1.368s] [ 29%] Built target nav2_reinitialize_global_localization_service_bt_node
[1.415s] [ 30%] Built target nav2_speed_controller_bt_node
[1.416s] [ 31%] Built target nav2_truncate_path_action_bt_node
[1.434s] [ 32%] Built target nav2_distance_controller_bt_node
[1.478s] [ 33%] Built target nav2_truncate_path_local_action_bt_node
[1.556s] [ 34%] Built target nav2_navigate_to_pose_action_bt_node
[1.642s] [ 35%] Built target nav2_goal_updater_node_bt_node
[1.667s] [ 36%] Built target nav2_recovery_node_bt_node
[1.712s] [ 37%] Built target nav2_path_longer_on_approach_bt_node
[1.749s] [ 38%] Built target nav2_navigate_through_poses_action_bt_node
[1.807s] [ 39%] Built target nav2_remove_passed_goals_action_bt_node
[1.829s] [ 40%] Built target nav2_get_pose_from_path_action_bt_node
[1.869s] [ 41%] Built target nav2_pipeline_sequence_bt_node
[1.908s] [ 42%] Built target nav2_round_robin_node_bt_node
[1.965s] [ 43%] Built target nav2_single_trigger_bt_node
[2.003s] [ 44%] Built target nav2_planner_selector_bt_node
[2.077s] [ 45%] Built target nav2_controller_selector_bt_node
[2.101s] [ 46%] Built target nav2_smoother_selector_bt_node
[2.134s] [ 47%] Built target nav2_goal_checker_selector_bt_node
[2.157s] [ 48%] Built target nav2_progress_checker_selector_bt_node
[2.208s] [ 49%] Built target nav2_goal_updated_controller_bt_node
[2.227s] [ 50%] Built target gtest_main
[2.241s] [ 50%] Built target gtest
[2.382s] [ 51%] Built target test_bt_conversions
[2.439s] [ 51%] Built target test_condition_time_expired
[2.467s] [ 52%] Built target test_condition_path_expiring_timer
[2.488s] [ 53%] Built target test_condition_goal_reached
[2.507s] [ 54%] Built target test_condition_goal_updated
[2.519s] [ 55%] Built target test_condition_distance_traveled
[2.663s] [ 56%] Built target test_condition_globally_updated_goal
[2.665s] [ 57%] Built target test_condition_initial_pose_received
[2.697s] [ 58%] Built target test_condition_is_battery_charging
[2.711s] [ 59%] Built target test_condition_transform_available
[2.733s] [ 60%] Built target test_condition_is_stuck
[2.751s] [ 61%] Built target test_condition_is_battery_low
[2.897s] [ 62%] Built target test_decorator_distance_controller
[2.925s] [ 63%] Built target test_condition_is_path_valid
[2.949s] [ 64%] Built target test_decorator_rate_controller
[2.959s] [ 65%] Built target test_goal_updater_node
[2.997s] [ 66%] Built target test_single_trigger_node
[3.012s] [ 67%] Built target test_decorator_speed_controller
[3.091s] [ 68%] Built target test_decorator_path_longer_on_approach
[3.159s] [ 69%] Built target test_goal_updated_controller
[3.185s] [ 70%] Built target test_control_pipeline_sequence
[3.195s] [ 71%] Built target test_control_recovery_node
[3.209s] [ 72%] Built target test_bt_action_node
[3.226s] [ 73%] Built target test_control_round_robin_node
[3.402s] [ 75%] Built target test_action_wait_action
[3.406s] [ 75%] Built target test_action_spin_action
[3.450s] [ 76%] Built target test_action_assisted_teleop_action
[3.452s] [ 77%] Built target test_action_controller_cancel_action
[3.464s] [ 79%] Built target test_action_drive_on_heading
[3.466s] [ 78%] Built target test_action_back_up_action
[3.626s] [ 80%] Built target test_action_back_up_cancel_action
[3.648s] [ 81%] Built target test_action_wait_cancel_action
[3.703s] [ 82%] Built target test_action_assisted_teleop_cancel_action
[3.708s] [ 83%] Built target test_action_spin_cancel_action
[3.714s] [ 84%] Built target test_action_drive_on_heading_cancel_action
[3.719s] [ 85%] Built target test_action_clear_costmap_service
[3.888s] [ 86%] Built target test_action_compute_path_to_pose_action
[3.931s] [ 87%] Built target test_action_reinitialize_global_localization_service
[3.941s] [ 88%] Built target test_action_compute_path_through_poses_action
[3.958s] [ 89%] Built target test_action_smooth_path_action
[3.995s] [ 90%] Built target test_action_navigate_to_pose_action
[4.033s] [ 90%] Built target test_action_follow_path_action
[4.139s] [ 91%] Built target test_action_navigate_through_poses_action
[4.155s] [ 92%] Built target test_truncate_path_action
[4.255s] [ 93%] Built target test_truncate_path_local_action
[4.293s] [ 94%] Built target test_get_pose_from_path_action
[4.300s] [ 95%] Built target test_planner_selector_node
[4.311s] [ 96%] Built target test_remove_passed_goals_action
[4.368s] [ 97%] Built target test_controller_selector_node
[4.409s] [ 98%] Built target test_smoother_selector_node
[4.490s] [ 99%] Built target test_progress_checker_selector_node
[4.524s] [100%] Built target test_goal_checker_selector_node
[4.621s] Invoked command in '/Pav-S_ws/build/nav2_behavior_tree' returned '0': CMAKE_PREFIX_PATH=/Pav-S_ws/install/nav2_util:/Pav-S_ws/install/nav2_msgs:/Pav-S_ws/install/nav2_common:/Pav-S_ws/install/nav2_behavior_tree:/Pav-S_ws/install/nav2_dwb_controller:/Pav-S_ws/install/nav2_controller:/Pav-S_ws/install/nav2_planner:/Pav-S_ws/install/dwb_plugins:/Pav-S_ws/install/dwb_critics:/Pav-S_ws/install/dwb_core:/Pav-S_ws/install/nav_2d_utils:/Pav-S_ws/install/nav2_core:/Pav-S_ws/install/costmap_queue:/Pav-S_ws/install/nav2_costmap_2d:/Pav-S_ws/install/nav2_map_server:/Pav-S_ws/install/nav2_lifecycle_manager:/ws_livox/install/pointcloud_to_laserscan:/ws_livox/install/livox_ros_driver2:/Pav-S_ws/install/wheeltec_robot_urdf:/Pav-S_ws/install/turn_on_wheeltec_robot:/Pav-S_ws/install/wheeltec_robot_msg:/Pav-S_ws/install/usb_cam:/Pav-S_ws/install/serial:/Pav-S_ws/install/robot_kcf:/Pav-S_ws/install/dwb_msgs:/Pav-S_ws/install/nav_2d_msgs:/Pav-S_ws/install/nav2_voxel_grid:/Pav-S_ws/install/libuvc:/Pav-S_ws/install/fast_lio:/Pav-S_ws/install/astra_camera:/Pav-S_ws/install/astra_camera_msgs:/Pav-S_ws/install/yolo_detector:/Pav-S_ws/install/yolov5_lib:/Pav-S_ws/install/nav2_simple_commander:/opt/ros/humble LD_LIBRARY_PATH=/Pav-S_ws/install/nav2_util/lib:/Pav-S_ws/install/nav2_msgs/lib:/Pav-S_ws/install/nav2_behavior_tree/lib:/Pav-S_ws/install/nav2_controller/lib:/Pav-S_ws/install/nav2_planner/lib:/Pav-S_ws/install/dwb_plugins/lib:/Pav-S_ws/install/dwb_critics/lib:/Pav-S_ws/install/dwb_core/lib:/Pav-S_ws/install/nav_2d_utils/lib:/Pav-S_ws/install/costmap_queue/lib:/Pav-S_ws/install/nav2_costmap_2d/lib:/Pav-S_ws/install/nav2_map_server/lib:/Pav-S_ws/install/nav2_lifecycle_manager/lib:/usr/local/cuda-12.2/lib64:/ws_livox/install/pointcloud_to_laserscan/lib:/ws_livox/install/livox_ros_driver2/lib:/Pav-S_ws/install/turn_on_wheeltec_robot/lib:/Pav-S_ws/install/wheeltec_robot_msg/lib:/Pav-S_ws/install/usb_cam/lib:/Pav-S_ws/install/serial/lib:/Pav-S_ws/install/dwb_msgs/lib:/Pav-S_ws/install/nav_2d_msgs/lib:/Pav-S_ws/install/nav2_voxel_grid/lib:/Pav-S_ws/install/libuvc/lib:/Pav-S_ws/install/fast_lio/lib:/Pav-S_ws/install/astra_camera/lib:/Pav-S_ws/install/astra_camera_msgs/lib:/opt/ros/humble/opt/rviz_ogre_vendor/lib:/opt/ros/humble/lib/aarch64-linux-gnu:/opt/ros/humble/lib:/usr/local/cuda-12.2/lib64 /usr/bin/cmake --build /Pav-S_ws/build/nav2_behavior_tree -- -j6 -l6
[4.622s] Invoking command in '/Pav-S_ws/build/nav2_behavior_tree': CMAKE_PREFIX_PATH=/Pav-S_ws/install/nav2_util:/Pav-S_ws/install/nav2_msgs:/Pav-S_ws/install/nav2_common:/Pav-S_ws/install/nav2_behavior_tree:/Pav-S_ws/install/nav2_dwb_controller:/Pav-S_ws/install/nav2_controller:/Pav-S_ws/install/nav2_planner:/Pav-S_ws/install/dwb_plugins:/Pav-S_ws/install/dwb_critics:/Pav-S_ws/install/dwb_core:/Pav-S_ws/install/nav_2d_utils:/Pav-S_ws/install/nav2_core:/Pav-S_ws/install/costmap_queue:/Pav-S_ws/install/nav2_costmap_2d:/Pav-S_ws/install/nav2_map_server:/Pav-S_ws/install/nav2_lifecycle_manager:/ws_livox/install/pointcloud_to_laserscan:/ws_livox/install/livox_ros_driver2:/Pav-S_ws/install/wheeltec_robot_urdf:/Pav-S_ws/install/turn_on_wheeltec_robot:/Pav-S_ws/install/wheeltec_robot_msg:/Pav-S_ws/install/usb_cam:/Pav-S_ws/install/serial:/Pav-S_ws/install/robot_kcf:/Pav-S_ws/install/dwb_msgs:/Pav-S_ws/install/nav_2d_msgs:/Pav-S_ws/install/nav2_voxel_grid:/Pav-S_ws/install/libuvc:/Pav-S_ws/install/fast_lio:/Pav-S_ws/install/astra_camera:/Pav-S_ws/install/astra_camera_msgs:/Pav-S_ws/install/yolo_detector:/Pav-S_ws/install/yolov5_lib:/Pav-S_ws/install/nav2_simple_commander:/opt/ros/humble LD_LIBRARY_PATH=/Pav-S_ws/install/nav2_util/lib:/Pav-S_ws/install/nav2_msgs/lib:/Pav-S_ws/install/nav2_behavior_tree/lib:/Pav-S_ws/install/nav2_controller/lib:/Pav-S_ws/install/nav2_planner/lib:/Pav-S_ws/install/dwb_plugins/lib:/Pav-S_ws/install/dwb_critics/lib:/Pav-S_ws/install/dwb_core/lib:/Pav-S_ws/install/nav_2d_utils/lib:/Pav-S_ws/install/costmap_queue/lib:/Pav-S_ws/install/nav2_costmap_2d/lib:/Pav-S_ws/install/nav2_map_server/lib:/Pav-S_ws/install/nav2_lifecycle_manager/lib:/usr/local/cuda-12.2/lib64:/ws_livox/install/pointcloud_to_laserscan/lib:/ws_livox/install/livox_ros_driver2/lib:/Pav-S_ws/install/turn_on_wheeltec_robot/lib:/Pav-S_ws/install/wheeltec_robot_msg/lib:/Pav-S_ws/install/usb_cam/lib:/Pav-S_ws/install/serial/lib:/Pav-S_ws/install/dwb_msgs/lib:/Pav-S_ws/install/nav_2d_msgs/lib:/Pav-S_ws/install/nav2_voxel_grid/lib:/Pav-S_ws/install/libuvc/lib:/Pav-S_ws/install/fast_lio/lib:/Pav-S_ws/install/astra_camera/lib:/Pav-S_ws/install/astra_camera_msgs/lib:/opt/ros/humble/opt/rviz_ogre_vendor/lib:/opt/ros/humble/lib/aarch64-linux-gnu:/opt/ros/humble/lib:/usr/local/cuda-12.2/lib64 /usr/bin/cmake --install /Pav-S_ws/build/nav2_behavior_tree
[4.715s] -- Install configuration: "Release"
[4.716s] -- Up-to-date: /Pav-S_ws/install/nav2_behavior_tree/lib/libnav2_behavior_tree.so
[4.716s] -- Up-to-date: /Pav-S_ws/install/nav2_behavior_tree/lib/libnav2_compute_path_to_pose_action_bt_node.so
[4.717s] -- Up-to-date: /Pav-S_ws/install/nav2_behavior_tree/lib/libnav2_compute_path_through_poses_action_bt_node.so
[4.717s] -- Up-to-date: /Pav-S_ws/install/nav2_behavior_tree/lib/libnav2_controller_cancel_bt_node.so
[4.717s] -- Up-to-date: /Pav-S_ws/install/nav2_behavior_tree/lib/libnav2_wait_cancel_bt_node.so
[4.718s] -- Up-to-date: /Pav-S_ws/install/nav2_behavior_tree/lib/libnav2_spin_cancel_bt_node.so
[4.718s] -- Up-to-date: /Pav-S_ws/install/nav2_behavior_tree/lib/libnav2_back_up_cancel_bt_node.so
[4.719s] -- Up-to-date: /Pav-S_ws/install/nav2_behavior_tree/lib/libnav2_assisted_teleop_cancel_bt_node.so
[4.719s] -- Up-to-date: /Pav-S_ws/install/nav2_behavior_tree/lib/libnav2_drive_on_heading_cancel_bt_node.so
[4.720s] -- Up-to-date: /Pav-S_ws/install/nav2_behavior_tree/lib/libnav2_smooth_path_action_bt_node.so
[4.720s] -- Up-to-date: /Pav-S_ws/install/nav2_behavior_tree/lib/libnav2_follow_path_action_bt_node.so
[4.721s] -- Up-to-date: /Pav-S_ws/install/nav2_behavior_tree/lib/libnav2_back_up_action_bt_node.so
[4.721s] -- Up-to-date: /Pav-S_ws/install/nav2_behavior_tree/lib/libnav2_drive_on_heading_bt_node.so
[4.722s] -- Up-to-date: /Pav-S_ws/install/nav2_behavior_tree/lib/libnav2_spin_action_bt_node.so
[4.746s] -- Up-to-date: /Pav-S_ws/install/nav2_behavior_tree/lib/libnav2_wait_action_bt_node.so
[4.747s] -- Up-to-date: /Pav-S_ws/install/nav2_behavior_tree/lib/libnav2_assisted_teleop_action_bt_node.so
[4.747s] -- Up-to-date: /Pav-S_ws/install/nav2_behavior_tree/lib/libnav2_clear_costmap_service_bt_node.so
[4.747s] -- Up-to-date: /Pav-S_ws/install/nav2_behavior_tree/lib/libnav2_is_stuck_condition_bt_node.so
[4.747s] -- Up-to-date: /Pav-S_ws/install/nav2_behavior_tree/lib/libnav2_transform_available_condition_bt_node.so
[4.747s] -- Up-to-date: /Pav-S_ws/install/nav2_behavior_tree/lib/libnav2_goal_reached_condition_bt_node.so
[4.747s] -- Up-to-date: /Pav-S_ws/install/nav2_behavior_tree/lib/libnav2_globally_updated_goal_condition_bt_node.so
[4.748s] -- Up-to-date: /Pav-S_ws/install/nav2_behavior_tree/lib/libnav2_goal_updated_condition_bt_node.so
[4.748s] -- Up-to-date: /Pav-S_ws/install/nav2_behavior_tree/lib/libnav2_is_path_valid_condition_bt_node.so
[4.748s] -- Up-to-date: /Pav-S_ws/install/nav2_behavior_tree/lib/libnav2_time_expired_condition_bt_node.so
[4.748s] -- Up-to-date: /Pav-S_ws/install/nav2_behavior_tree/lib/libnav2_path_expiring_timer_condition.so
[4.748s] -- Up-to-date: /Pav-S_ws/install/nav2_behavior_tree/lib/libnav2_distance_traveled_condition_bt_node.so
[4.748s] -- Up-to-date: /Pav-S_ws/install/nav2_behavior_tree/lib/libnav2_initial_pose_received_condition_bt_node.so
[4.749s] -- Up-to-date: /Pav-S_ws/install/nav2_behavior_tree/lib/libnav2_is_battery_charging_condition_bt_node.so
[4.749s] -- Up-to-date: /Pav-S_ws/install/nav2_behavior_tree/lib/libnav2_is_battery_low_condition_bt_node.so
[4.749s] -- Up-to-date: /Pav-S_ws/install/nav2_behavior_tree/lib/libnav2_reinitialize_global_localization_service_bt_node.so
[4.749s] -- Up-to-date: /Pav-S_ws/install/nav2_behavior_tree/lib/libnav2_rate_controller_bt_node.so
[4.763s] -- Up-to-date: /Pav-S_ws/install/nav2_behavior_tree/lib/libnav2_distance_controller_bt_node.so
[4.764s] -- Up-to-date: /Pav-S_ws/install/nav2_behavior_tree/lib/libnav2_speed_controller_bt_node.so
[4.764s] -- Up-to-date: /Pav-S_ws/install/nav2_behavior_tree/lib/libnav2_truncate_path_action_bt_node.so
[4.764s] -- Up-to-date: /Pav-S_ws/install/nav2_behavior_tree/lib/libnav2_truncate_path_local_action_bt_node.so
[4.764s] -- Up-to-date: /Pav-S_ws/install/nav2_behavior_tree/lib/libnav2_goal_updater_node_bt_node.so
[4.765s] -- Up-to-date: /Pav-S_ws/install/nav2_behavior_tree/lib/libnav2_path_longer_on_approach_bt_node.so
[4.765s] -- Up-to-date: /Pav-S_ws/install/nav2_behavior_tree/lib/libnav2_recovery_node_bt_node.so
[4.765s] -- Up-to-date: /Pav-S_ws/install/nav2_behavior_tree/lib/libnav2_navigate_to_pose_action_bt_node.so
[4.766s] -- Up-to-date: /Pav-S_ws/install/nav2_behavior_tree/lib/libnav2_navigate_through_poses_action_bt_node.so
[4.766s] -- Up-to-date: /Pav-S_ws/install/nav2_behavior_tree/lib/libnav2_remove_passed_goals_action_bt_node.so
[4.767s] -- Up-to-date: /Pav-S_ws/install/nav2_behavior_tree/lib/libnav2_get_pose_from_path_action_bt_node.so
[4.767s] -- Up-to-date: /Pav-S_ws/install/nav2_behavior_tree/lib/libnav2_pipeline_sequence_bt_node.so
[4.768s] -- Up-to-date: /Pav-S_ws/install/nav2_behavior_tree/lib/libnav2_round_robin_node_bt_node.so
[4.768s] -- Up-to-date: /Pav-S_ws/install/nav2_behavior_tree/lib/libnav2_single_trigger_bt_node.so
[4.790s] -- Up-to-date: /Pav-S_ws/install/nav2_behavior_tree/lib/libnav2_planner_selector_bt_node.so
[4.791s] -- Up-to-date: /Pav-S_ws/install/nav2_behavior_tree/lib/libnav2_controller_selector_bt_node.so
[4.792s] -- Up-to-date: /Pav-S_ws/install/nav2_behavior_tree/lib/libnav2_smoother_selector_bt_node.so
[4.792s] -- Up-to-date: /Pav-S_ws/install/nav2_behavior_tree/lib/libnav2_goal_checker_selector_bt_node.so
[4.793s] -- Up-to-date: /Pav-S_ws/install/nav2_behavior_tree/lib/libnav2_progress_checker_selector_bt_node.so
[4.793s] -- Up-to-date: /Pav-S_ws/install/nav2_behavior_tree/lib/libnav2_goal_updated_controller_bt_node.so
[4.793s] -- Up-to-date: /Pav-S_ws/install/nav2_behavior_tree/include/
[4.794s] -- Up-to-date: /Pav-S_ws/install/nav2_behavior_tree/include//nav2_behavior_tree
[4.795s] -- Up-to-date: /Pav-S_ws/install/nav2_behavior_tree/include//nav2_behavior_tree/behavior_tree_engine.hpp
[4.795s] -- Up-to-date: /Pav-S_ws/install/nav2_behavior_tree/include//nav2_behavior_tree/ros_topic_logger.hpp
[4.795s] -- Up-to-date: /Pav-S_ws/install/nav2_behavior_tree/include//nav2_behavior_tree/bt_service_node.hpp
[4.795s] -- Up-to-date: /Pav-S_ws/install/nav2_behavior_tree/include//nav2_behavior_tree/bt_action_server.hpp
[4.796s] -- Up-to-date: /Pav-S_ws/install/nav2_behavior_tree/include//nav2_behavior_tree/bt_action_server_impl.hpp
[4.796s] -- Up-to-date: /Pav-S_ws/install/nav2_behavior_tree/include//nav2_behavior_tree/bt_action_node.hpp
[4.796s] -- Up-to-date: /Pav-S_ws/install/nav2_behavior_tree/include//nav2_behavior_tree/bt_conversions.hpp
[4.796s] -- Up-to-date: /Pav-S_ws/install/nav2_behavior_tree/include//nav2_behavior_tree/bt_cancel_action_node.hpp
[4.796s] -- Up-to-date: /Pav-S_ws/install/nav2_behavior_tree/include//nav2_behavior_tree/plugins
[4.796s] -- Up-to-date: /Pav-S_ws/install/nav2_behavior_tree/include//nav2_behavior_tree/plugins/control
[4.797s] -- Up-to-date: /Pav-S_ws/install/nav2_behavior_tree/include//nav2_behavior_tree/plugins/control/round_robin_node.hpp
[4.797s] -- Up-to-date: /Pav-S_ws/install/nav2_behavior_tree/include//nav2_behavior_tree/plugins/control/pipeline_sequence.hpp
[4.797s] -- Up-to-date: /Pav-S_ws/install/nav2_behavior_tree/include//nav2_behavior_tree/plugins/control/recovery_node.hpp
[4.797s] -- Up-to-date: /Pav-S_ws/install/nav2_behavior_tree/include//nav2_behavior_tree/plugins/condition
[4.797s] -- Up-to-date: /Pav-S_ws/install/nav2_behavior_tree/include//nav2_behavior_tree/plugins/condition/initial_pose_received_condition.hpp
[4.798s] -- Up-to-date: /Pav-S_ws/install/nav2_behavior_tree/include//nav2_behavior_tree/plugins/condition/globally_updated_goal_condition.hpp
[4.798s] -- Up-to-date: /Pav-S_ws/install/nav2_behavior_tree/include//nav2_behavior_tree/plugins/condition/is_battery_charging_condition.hpp
[4.798s] -- Up-to-date: /Pav-S_ws/install/nav2_behavior_tree/include//nav2_behavior_tree/plugins/condition/is_stuck_condition.hpp
[4.798s] -- Up-to-date: /Pav-S_ws/install/nav2_behavior_tree/include//nav2_behavior_tree/plugins/condition/time_expired_condition.hpp
[4.798s] -- Up-to-date: /Pav-S_ws/install/nav2_behavior_tree/include//nav2_behavior_tree/plugins/condition/goal_updated_condition.hpp
[4.799s] -- Up-to-date: /Pav-S_ws/install/nav2_behavior_tree/include//nav2_behavior_tree/plugins/condition/transform_available_condition.hpp
[4.805s] -- Up-to-date: /Pav-S_ws/install/nav2_behavior_tree/include//nav2_behavior_tree/plugins/condition/path_expiring_timer_condition.hpp
[4.805s] -- Up-to-date: /Pav-S_ws/install/nav2_behavior_tree/include//nav2_behavior_tree/plugins/condition/goal_reached_condition.hpp
[4.805s] -- Up-to-date: /Pav-S_ws/install/nav2_behavior_tree/include//nav2_behavior_tree/plugins/condition/distance_traveled_condition.hpp
[4.806s] -- Up-to-date: /Pav-S_ws/install/nav2_behavior_tree/include//nav2_behavior_tree/plugins/condition/is_battery_low_condition.hpp
[4.806s] -- Up-to-date: /Pav-S_ws/install/nav2_behavior_tree/include//nav2_behavior_tree/plugins/condition/is_path_valid_condition.hpp
[4.806s] -- Up-to-date: /Pav-S_ws/install/nav2_behavior_tree/include//nav2_behavior_tree/plugins/action
[4.806s] -- Up-to-date: /Pav-S_ws/install/nav2_behavior_tree/include//nav2_behavior_tree/plugins/action/navigate_through_poses_action.hpp
[4.806s] -- Up-to-date: /Pav-S_ws/install/nav2_behavior_tree/include//nav2_behavior_tree/plugins/action/wait_action.hpp
[4.806s] -- Up-to-date: /Pav-S_ws/install/nav2_behavior_tree/include//nav2_behavior_tree/plugins/action/assisted_teleop_cancel_node.hpp
[4.806s] -- Up-to-date: /Pav-S_ws/install/nav2_behavior_tree/include//nav2_behavior_tree/plugins/action/compute_path_through_poses_action.hpp
[4.807s] -- Up-to-date: /Pav-S_ws/install/nav2_behavior_tree/include//nav2_behavior_tree/plugins/action/controller_selector_node.hpp
[4.807s] -- Up-to-date: /Pav-S_ws/install/nav2_behavior_tree/include//nav2_behavior_tree/plugins/action/navigate_to_pose_action.hpp
[4.807s] -- Up-to-date: /Pav-S_ws/install/nav2_behavior_tree/include//nav2_behavior_tree/plugins/action/truncate_path_local_action.hpp
[4.807s] -- Up-to-date: /Pav-S_ws/install/nav2_behavior_tree/include//nav2_behavior_tree/plugins/action/goal_checker_selector_node.hpp
[4.807s] -- Up-to-date: /Pav-S_ws/install/nav2_behavior_tree/include//nav2_behavior_tree/plugins/action/reinitialize_global_localization_service.hpp
[4.807s] -- Up-to-date: /Pav-S_ws/install/nav2_behavior_tree/include//nav2_behavior_tree/plugins/action/spin_cancel_node.hpp
[4.807s] -- Up-to-date: /Pav-S_ws/install/nav2_behavior_tree/include//nav2_behavior_tree/plugins/action/smoother_selector_node.hpp
[4.807s] -- Up-to-date: /Pav-S_ws/install/nav2_behavior_tree/include//nav2_behavior_tree/plugins/action/back_up_cancel_node.hpp
[4.808s] -- Up-to-date: /Pav-S_ws/install/nav2_behavior_tree/include//nav2_behavior_tree/plugins/action/remove_passed_goals_action.hpp
[4.808s] -- Up-to-date: /Pav-S_ws/install/nav2_behavior_tree/include//nav2_behavior_tree/plugins/action/controller_cancel_node.hpp
[4.808s] -- Up-to-date: /Pav-S_ws/install/nav2_behavior_tree/include//nav2_behavior_tree/plugins/action/back_up_action.hpp
[4.809s] -- Up-to-date: /Pav-S_ws/install/nav2_behavior_tree/include//nav2_behavior_tree/plugins/action/assisted_teleop_action.hpp
[4.809s] -- Up-to-date: /Pav-S_ws/install/nav2_behavior_tree/include//nav2_behavior_tree/plugins/action/wait_cancel_node.hpp
[4.809s] -- Up-to-date: /Pav-S_ws/install/nav2_behavior_tree/include//nav2_behavior_tree/plugins/action/get_pose_from_path_action.hpp
[4.809s] -- Up-to-date: /Pav-S_ws/install/nav2_behavior_tree/include//nav2_behavior_tree/plugins/action/compute_path_to_pose_action.hpp
[4.809s] -- Up-to-date: /Pav-S_ws/install/nav2_behavior_tree/include//nav2_behavior_tree/plugins/action/progress_checker_selector_node.hpp
[4.809s] -- Up-to-date: /Pav-S_ws/install/nav2_behavior_tree/include//nav2_behavior_tree/plugins/action/clear_costmap_service.hpp
[4.809s] -- Up-to-date: /Pav-S_ws/install/nav2_behavior_tree/include//nav2_behavior_tree/plugins/action/truncate_path_action.hpp
[4.809s] -- Up-to-date: /Pav-S_ws/install/nav2_behavior_tree/include//nav2_behavior_tree/plugins/action/drive_on_heading_cancel_node.hpp
[4.810s] -- Up-to-date: /Pav-S_ws/install/nav2_behavior_tree/include//nav2_behavior_tree/plugins/action/drive_on_heading_action.hpp
[4.810s] -- Up-to-date: /Pav-S_ws/install/nav2_behavior_tree/include//nav2_behavior_tree/plugins/action/planner_selector_node.hpp
[4.811s] -- Up-to-date: /Pav-S_ws/install/nav2_behavior_tree/include//nav2_behavior_tree/plugins/action/follow_path_action.hpp
[4.812s] -- Up-to-date: /Pav-S_ws/install/nav2_behavior_tree/include//nav2_behavior_tree/plugins/action/spin_action.hpp
[4.812s] -- Up-to-date: /Pav-S_ws/install/nav2_behavior_tree/include//nav2_behavior_tree/plugins/action/smooth_path_action.hpp
[4.813s] -- Up-to-date: /Pav-S_ws/install/nav2_behavior_tree/include//nav2_behavior_tree/plugins/decorator
[4.813s] -- Up-to-date: /Pav-S_ws/install/nav2_behavior_tree/include//nav2_behavior_tree/plugins/decorator/rate_controller.hpp
[4.813s] -- Up-to-date: /Pav-S_ws/install/nav2_behavior_tree/include//nav2_behavior_tree/plugins/decorator/single_trigger_node.hpp
[4.813s] -- Up-to-date: /Pav-S_ws/install/nav2_behavior_tree/include//nav2_behavior_tree/plugins/decorator/path_longer_on_approach.hpp
[4.813s] -- Up-to-date: /Pav-S_ws/install/nav2_behavior_tree/include//nav2_behavior_tree/plugins/decorator/goal_updated_controller.hpp
[4.813s] -- Up-to-date: /Pav-S_ws/install/nav2_behavior_tree/include//nav2_behavior_tree/plugins/decorator/speed_controller.hpp
[4.813s] -- Up-to-date: /Pav-S_ws/install/nav2_behavior_tree/include//nav2_behavior_tree/plugins/decorator/distance_controller.hpp
[4.813s] -- Up-to-date: /Pav-S_ws/install/nav2_behavior_tree/include//nav2_behavior_tree/plugins/decorator/goal_updater_node.hpp
[4.814s] -- Up-to-date: /Pav-S_ws/install/nav2_behavior_tree/share/nav2_behavior_tree/nav2_tree_nodes.xml
[4.835s] -- Up-to-date: /Pav-S_ws/install/nav2_behavior_tree/share/nav2_behavior_tree/environment/library_path.sh
[4.835s] -- Up-to-date: /Pav-S_ws/install/nav2_behavior_tree/share/nav2_behavior_tree/environment/library_path.dsv
[4.836s] -- Up-to-date: /Pav-S_ws/install/nav2_behavior_tree/share/ament_index/resource_index/package_run_dependencies/nav2_behavior_tree
[4.836s] -- Up-to-date: /Pav-S_ws/install/nav2_behavior_tree/share/ament_index/resource_index/parent_prefix_path/nav2_behavior_tree
[4.836s] -- Up-to-date: /Pav-S_ws/install/nav2_behavior_tree/share/nav2_behavior_tree/environment/ament_prefix_path.sh
[4.836s] -- Up-to-date: /Pav-S_ws/install/nav2_behavior_tree/share/nav2_behavior_tree/environment/ament_prefix_path.dsv
[4.836s] -- Up-to-date: /Pav-S_ws/install/nav2_behavior_tree/share/nav2_behavior_tree/environment/path.sh
[4.836s] -- Up-to-date: /Pav-S_ws/install/nav2_behavior_tree/share/nav2_behavior_tree/environment/path.dsv
[4.836s] -- Up-to-date: /Pav-S_ws/install/nav2_behavior_tree/share/nav2_behavior_tree/local_setup.bash
[4.836s] -- Up-to-date: /Pav-S_ws/install/nav2_behavior_tree/share/nav2_behavior_tree/local_setup.sh
[4.837s] -- Up-to-date: /Pav-S_ws/install/nav2_behavior_tree/share/nav2_behavior_tree/local_setup.zsh
[4.837s] -- Up-to-date: /Pav-S_ws/install/nav2_behavior_tree/share/nav2_behavior_tree/local_setup.dsv
[4.837s] -- Installing: /Pav-S_ws/install/nav2_behavior_tree/share/nav2_behavior_tree/package.dsv
[4.837s] -- Up-to-date: /Pav-S_ws/install/nav2_behavior_tree/share/ament_index/resource_index/packages/nav2_behavior_tree
[4.837s] -- Up-to-date: /Pav-S_ws/install/nav2_behavior_tree/share/nav2_behavior_tree/cmake/ament_cmake_export_include_directories-extras.cmake
[4.837s] -- Up-to-date: /Pav-S_ws/install/nav2_behavior_tree/share/nav2_behavior_tree/cmake/ament_cmake_export_libraries-extras.cmake
[4.837s] -- Up-to-date: /Pav-S_ws/install/nav2_behavior_tree/share/nav2_behavior_tree/cmake/ament_cmake_export_dependencies-extras.cmake
[4.837s] -- Up-to-date: /Pav-S_ws/install/nav2_behavior_tree/share/nav2_behavior_tree/cmake/nav2_behavior_treeConfig.cmake
[4.837s] -- Up-to-date: /Pav-S_ws/install/nav2_behavior_tree/share/nav2_behavior_tree/cmake/nav2_behavior_treeConfig-version.cmake
[4.838s] -- Up-to-date: /Pav-S_ws/install/nav2_behavior_tree/share/nav2_behavior_tree/package.xml
[4.850s] Invoked command in '/Pav-S_ws/build/nav2_behavior_tree' returned '0': CMAKE_PREFIX_PATH=/Pav-S_ws/install/nav2_util:/Pav-S_ws/install/nav2_msgs:/Pav-S_ws/install/nav2_common:/Pav-S_ws/install/nav2_behavior_tree:/Pav-S_ws/install/nav2_dwb_controller:/Pav-S_ws/install/nav2_controller:/Pav-S_ws/install/nav2_planner:/Pav-S_ws/install/dwb_plugins:/Pav-S_ws/install/dwb_critics:/Pav-S_ws/install/dwb_core:/Pav-S_ws/install/nav_2d_utils:/Pav-S_ws/install/nav2_core:/Pav-S_ws/install/costmap_queue:/Pav-S_ws/install/nav2_costmap_2d:/Pav-S_ws/install/nav2_map_server:/Pav-S_ws/install/nav2_lifecycle_manager:/ws_livox/install/pointcloud_to_laserscan:/ws_livox/install/livox_ros_driver2:/Pav-S_ws/install/wheeltec_robot_urdf:/Pav-S_ws/install/turn_on_wheeltec_robot:/Pav-S_ws/install/wheeltec_robot_msg:/Pav-S_ws/install/usb_cam:/Pav-S_ws/install/serial:/Pav-S_ws/install/robot_kcf:/Pav-S_ws/install/dwb_msgs:/Pav-S_ws/install/nav_2d_msgs:/Pav-S_ws/install/nav2_voxel_grid:/Pav-S_ws/install/libuvc:/Pav-S_ws/install/fast_lio:/Pav-S_ws/install/astra_camera:/Pav-S_ws/install/astra_camera_msgs:/Pav-S_ws/install/yolo_detector:/Pav-S_ws/install/yolov5_lib:/Pav-S_ws/install/nav2_simple_commander:/opt/ros/humble LD_LIBRARY_PATH=/Pav-S_ws/install/nav2_util/lib:/Pav-S_ws/install/nav2_msgs/lib:/Pav-S_ws/install/nav2_behavior_tree/lib:/Pav-S_ws/install/nav2_controller/lib:/Pav-S_ws/install/nav2_planner/lib:/Pav-S_ws/install/dwb_plugins/lib:/Pav-S_ws/install/dwb_critics/lib:/Pav-S_ws/install/dwb_core/lib:/Pav-S_ws/install/nav_2d_utils/lib:/Pav-S_ws/install/costmap_queue/lib:/Pav-S_ws/install/nav2_costmap_2d/lib:/Pav-S_ws/install/nav2_map_server/lib:/Pav-S_ws/install/nav2_lifecycle_manager/lib:/usr/local/cuda-12.2/lib64:/ws_livox/install/pointcloud_to_laserscan/lib:/ws_livox/install/livox_ros_driver2/lib:/Pav-S_ws/install/turn_on_wheeltec_robot/lib:/Pav-S_ws/install/wheeltec_robot_msg/lib:/Pav-S_ws/install/usb_cam/lib:/Pav-S_ws/install/serial/lib:/Pav-S_ws/install/dwb_msgs/lib:/Pav-S_ws/install/nav_2d_msgs/lib:/Pav-S_ws/install/nav2_voxel_grid/lib:/Pav-S_ws/install/libuvc/lib:/Pav-S_ws/install/fast_lio/lib:/Pav-S_ws/install/astra_camera/lib:/Pav-S_ws/install/astra_camera_msgs/lib:/opt/ros/humble/opt/rviz_ogre_vendor/lib:/opt/ros/humble/lib/aarch64-linux-gnu:/opt/ros/humble/lib:/usr/local/cuda-12.2/lib64 /usr/bin/cmake --install /Pav-S_ws/build/nav2_behavior_tree
