-- libusb-1.0 found using pkgconfig
-- Found JPEG: /usr/lib/aarch64-linux-gnu/libjpeg.so (found version "80") 
-- Found JPEG library using standard module
[33mCMake Warning (dev) at /usr/share/cmake-3.22/Modules/FindPackageHandleStandardArgs.cmake:438 (message):
  The package name passed to `find_package_handle_standard_args` (JPEG) does
  not match the name of the calling package (JpegPkg).  This can lead to
  problems in calling code that expects `find_package` result variables
  (e.g., `_FOUND`) to follow a certain pattern.
Call Stack (most recent call first):
  cmake/FindJpegPkg.cmake:58 (find_package_handle_standard_args)
  CMakeLists.txt:45 (find_package)
This warning is for project developers.  Use -Wno-dev to suppress it.
[0m
-- Found JPEG: /usr/lib/aarch64-linux-gnu/libjpeg.so  
-- Building libuvc with JPEG support.
-- Configuring done
-- Generating done
-- Build files have been written to: /Pav-S_ws/build/libuvc
-- libusb-1.0 found using pkgconfig
-- Found JPEG: /usr/lib/aarch64-linux-gnu/libjpeg.so (found version "80") 
-- Found JPEG library using standard module
-- Found JPEG: /usr/lib/aarch64-linux-gnu/libjpeg.so  
-- Building libuvc with JPEG support.
-- Configuring done
-- Generating done
-- Build files have been written to: /Pav-S_ws/build/libuvc
[35m[1mConsolidate compiler generated dependencies of target uvc[0m
[35m[1mConsolidate compiler generated dependencies of target uvc_static[0m
[ 45%] Built target uvc
[ 90%] Built target uvc_static
[35m[1mConsolidate compiler generated dependencies of target example[0m
[100%] Built target example
[33mCMake Warning (dev) at /usr/share/cmake-3.22/Modules/FindPackageHandleStandardArgs.cmake:438 (message):
  The package name passed to `find_package_handle_standard_args` (JPEG) does
  not match the name of the calling package (JpegPkg).  This can lead to
  problems in calling code that expects `find_package` result variables
  (e.g., `_FOUND`) to follow a certain pattern.
Call Stack (most recent call first):
  cmake/FindJpegPkg.cmake:58 (find_package_handle_standard_args)
  CMakeLists.txt:45 (find_package)
This warning is for project developers.  Use -Wno-dev to suppress it.
[0m
gmake[2]: Warning: File 'CMakeFiles/uvc.dir/flags.make' has modification time 1759584974 s in the future
gmake[2]: Warning: File 'CMakeFiles/uvc_static.dir/flags.make' has modification time 1759584974 s in the future
gmake[2]: warning:  Clock skew detected.  Your build may be incomplete.
gmake[2]: warning:  Clock skew detected.  Your build may be incomplete.
gmake[2]: Warning: File 'CMakeFiles/uvc.dir/flags.make' has modification time 1759584973 s in the future
gmake[2]: warning:  Clock skew detected.  Your build may be incomplete.
gmake[2]: Warning: File 'CMakeFiles/uvc_static.dir/flags.make' has modification time 1759584973 s in the future
gmake[2]: warning:  Clock skew detected.  Your build may be incomplete.
gmake[2]: Warning: File 'CMakeFiles/example.dir/flags.make' has modification time 1759584973 s in the future
gmake[2]: warning:  Clock skew detected.  Your build may be incomplete.
gmake[2]: Warning: File 'CMakeFiles/example.dir/flags.make' has modification time 1759584973 s in the future
gmake[2]: warning:  Clock skew detected.  Your build may be incomplete.
-- Install configuration: "Release"
-- Up-to-date: /Pav-S_ws/install/libuvc/lib/libuvc.so.0.0.7
-- Up-to-date: /Pav-S_ws/install/libuvc/lib/libuvc.so.0
-- Up-to-date: /Pav-S_ws/install/libuvc/lib/libuvc.so
-- Up-to-date: /Pav-S_ws/install/libuvc/include/libuvc/libuvc.h
-- Up-to-date: /Pav-S_ws/install/libuvc/include/libuvc/libuvc_config.h
-- Up-to-date: /Pav-S_ws/install/libuvc/lib/libuvc.a
-- Up-to-date: /Pav-S_ws/install/libuvc/include/libuvc/libuvc.h
-- Up-to-date: /Pav-S_ws/install/libuvc/include/libuvc/libuvc_config.h
-- Up-to-date: /Pav-S_ws/install/libuvc/lib/cmake/libuvc/libuvcTargets.cmake
-- Up-to-date: /Pav-S_ws/install/libuvc/lib/cmake/libuvc/libuvcTargets-release.cmake
-- Up-to-date: /Pav-S_ws/install/libuvc/lib/cmake/libuvc/FindLibUSB.cmake
-- Up-to-date: /Pav-S_ws/install/libuvc/lib/cmake/libuvc/FindJpegPkg.cmake
-- Up-to-date: /Pav-S_ws/install/libuvc/lib/cmake/libuvc/libuvcConfigVersion.cmake
-- Up-to-date: /Pav-S_ws/install/libuvc/lib/pkgconfig/libuvc.pc
-- Up-to-date: /Pav-S_ws/install/libuvc/lib/cmake/libuvc/libuvcConfig.cmake
