[0.076s] Invoking command in '/Pav-S_ws/build/nav2_common': CMAKE_PREFIX_PATH=${CMAKE_PREFIX_PATH}:/Pav-S_ws/install/yolo_detector:/Pav-S_ws/install/yolov5_lib:/Pav-S_ws/install/nav2_simple_commander:/opt/ros/humble /usr/bin/cmake --build /Pav-S_ws/build/nav2_common -- -j6 -l6
[0.125s] -- Found ament_cmake_core: 1.3.12 (/opt/ros/humble/share/ament_cmake_core/cmake)
[0.860s] -- Found ament_cmake_python: 1.3.12 (/opt/ros/humble/share/ament_cmake_python/cmake)
[1.384s] -- Configuring done
[1.390s] -- Generating done
[1.394s] -- Build files have been written to: /Pav-S_ws/build/nav2_common
[1.498s] Built target ament_cmake_python_copy_nav2_common
[2.532s] running egg_info
[2.533s] writing nav2_common.egg-info/PKG-INFO
[2.534s] writing dependency_links to nav2_common.egg-info/dependency_links.txt
[2.534s] writing top-level names to nav2_common.egg-info/top_level.txt
[2.540s] reading manifest file 'nav2_common.egg-info/SOURCES.txt'
[2.541s] writing manifest file 'nav2_common.egg-info/SOURCES.txt'
[2.663s] Built target ament_cmake_python_build_nav2_common_egg
[2.698s] Invoked command in '/Pav-S_ws/build/nav2_common' returned '0': CMAKE_PREFIX_PATH=${CMAKE_PREFIX_PATH}:/Pav-S_ws/install/yolo_detector:/Pav-S_ws/install/yolov5_lib:/Pav-S_ws/install/nav2_simple_commander:/opt/ros/humble /usr/bin/cmake --build /Pav-S_ws/build/nav2_common -- -j6 -l6
[2.713s] Invoking command in '/Pav-S_ws/build/nav2_common': CMAKE_PREFIX_PATH=${CMAKE_PREFIX_PATH}:/Pav-S_ws/install/yolo_detector:/Pav-S_ws/install/yolov5_lib:/Pav-S_ws/install/nav2_simple_commander:/opt/ros/humble /usr/bin/cmake --install /Pav-S_ws/build/nav2_common
[3.408s] -- Install configuration: "Release"
[3.409s] -- Up-to-date: /Pav-S_ws/install/nav2_common/share/nav2_common/environment/pythonpath.sh
[3.409s] -- Installing: /Pav-S_ws/install/nav2_common/share/nav2_common/environment/pythonpath.dsv
[3.410s] -- Up-to-date: /Pav-S_ws/install/nav2_common/local/lib/python3.10/dist-packages/nav2_common-1.1.18-py3.10.egg-info
[3.410s] -- Installing: /Pav-S_ws/install/nav2_common/local/lib/python3.10/dist-packages/nav2_common-1.1.18-py3.10.egg-info/dependency_links.txt
[3.410s] -- Installing: /Pav-S_ws/install/nav2_common/local/lib/python3.10/dist-packages/nav2_common-1.1.18-py3.10.egg-info/SOURCES.txt
[3.410s] -- Installing: /Pav-S_ws/install/nav2_common/local/lib/python3.10/dist-packages/nav2_common-1.1.18-py3.10.egg-info/PKG-INFO
[3.410s] -- Installing: /Pav-S_ws/install/nav2_common/local/lib/python3.10/dist-packages/nav2_common-1.1.18-py3.10.egg-info/top_level.txt
[3.410s] -- Up-to-date: /Pav-S_ws/install/nav2_common/local/lib/python3.10/dist-packages/nav2_common
[3.411s] -- Up-to-date: /Pav-S_ws/install/nav2_common/local/lib/python3.10/dist-packages/nav2_common/__init__.py
[3.411s] -- Up-to-date: /Pav-S_ws/install/nav2_common/local/lib/python3.10/dist-packages/nav2_common/launch
[3.411s] -- Up-to-date: /Pav-S_ws/install/nav2_common/local/lib/python3.10/dist-packages/nav2_common/launch/rewritten_yaml.py
[3.411s] -- Up-to-date: /Pav-S_ws/install/nav2_common/local/lib/python3.10/dist-packages/nav2_common/launch/replace_string.py
[3.411s] -- Up-to-date: /Pav-S_ws/install/nav2_common/local/lib/python3.10/dist-packages/nav2_common/launch/has_node_params.py
[3.411s] -- Up-to-date: /Pav-S_ws/install/nav2_common/local/lib/python3.10/dist-packages/nav2_common/launch/__init__.py
[3.411s] -- Up-to-date: /Pav-S_ws/install/nav2_common/local/lib/python3.10/dist-packages/nav2_common/launch/parse_multirobot_pose.py
[3.411s] Listing '/Pav-S_ws/install/nav2_common/local/lib/python3.10/dist-packages/nav2_common'...
[3.412s] Listing '/Pav-S_ws/install/nav2_common/local/lib/python3.10/dist-packages/nav2_common/launch'...
[3.413s] -- Up-to-date: /Pav-S_ws/install/nav2_common/share/ament_index/resource_index/package_run_dependencies/nav2_common
[3.414s] -- Up-to-date: /Pav-S_ws/install/nav2_common/share/ament_index/resource_index/parent_prefix_path/nav2_common
[3.414s] -- Up-to-date: /Pav-S_ws/install/nav2_common/share/nav2_common/environment/ament_prefix_path.sh
[3.415s] -- Installing: /Pav-S_ws/install/nav2_common/share/nav2_common/environment/ament_prefix_path.dsv
[3.415s] -- Up-to-date: /Pav-S_ws/install/nav2_common/share/nav2_common/environment/path.sh
[3.415s] -- Installing: /Pav-S_ws/install/nav2_common/share/nav2_common/environment/path.dsv
[3.415s] -- Up-to-date: /Pav-S_ws/install/nav2_common/share/nav2_common/local_setup.bash
[3.420s] -- Up-to-date: /Pav-S_ws/install/nav2_common/share/nav2_common/local_setup.sh
[3.420s] -- Up-to-date: /Pav-S_ws/install/nav2_common/share/nav2_common/local_setup.zsh
[3.420s] -- Installing: /Pav-S_ws/install/nav2_common/share/nav2_common/local_setup.dsv
[3.421s] -- Installing: /Pav-S_ws/install/nav2_common/share/nav2_common/package.dsv
[3.421s] -- Up-to-date: /Pav-S_ws/install/nav2_common/share/ament_index/resource_index/packages/nav2_common
[3.421s] -- Up-to-date: /Pav-S_ws/install/nav2_common/share/nav2_common/cmake/nav2_common-extras.cmake
[3.421s] -- Up-to-date: /Pav-S_ws/install/nav2_common/share/nav2_common/cmake/nav2_commonConfig.cmake
[3.423s] -- Up-to-date: /Pav-S_ws/install/nav2_common/share/nav2_common/cmake/nav2_commonConfig-version.cmake
[3.423s] -- Up-to-date: /Pav-S_ws/install/nav2_common/share/nav2_common/package.xml
[3.425s] -- Up-to-date: /Pav-S_ws/install/nav2_common/share/nav2_common/cmake
[3.426s] -- Up-to-date: /Pav-S_ws/install/nav2_common/share/nav2_common/cmake/nav2_package.cmake
[3.441s] Invoked command in '/Pav-S_ws/build/nav2_common' returned '0': CMAKE_PREFIX_PATH=${CMAKE_PREFIX_PATH}:/Pav-S_ws/install/yolo_detector:/Pav-S_ws/install/yolov5_lib:/Pav-S_ws/install/nav2_simple_commander:/opt/ros/humble /usr/bin/cmake --install /Pav-S_ws/build/nav2_common
