running egg_info
creating ../../build/yolov5_lib/yolov5_lib.egg-info
writing ../../build/yolov5_lib/yolov5_lib.egg-info/PKG-INFO
writing dependency_links to ../../build/yolov5_lib/yolov5_lib.egg-info/dependency_links.txt
writing entry points to ../../build/yolov5_lib/yolov5_lib.egg-info/entry_points.txt
writing requirements to ../../build/yolov5_lib/yolov5_lib.egg-info/requires.txt
writing top-level names to ../../build/yolov5_lib/yolov5_lib.egg-info/top_level.txt
writing manifest file '../../build/yolov5_lib/yolov5_lib.egg-info/SOURCES.txt'
reading manifest file '../../build/yolov5_lib/yolov5_lib.egg-info/SOURCES.txt'
writing manifest file '../../build/yolov5_lib/yolov5_lib.egg-info/SOURCES.txt'
running build
running build_py
creating /Pav-S_ws/build/yolov5_lib/build
creating /Pav-S_ws/build/yolov5_lib/build/lib
copying yolov5_lib/export.py -> /Pav-S_ws/build/yolov5_lib/build/lib
creating /Pav-S_ws/build/yolov5_lib/build/lib/models
copying yolov5_lib/models/yolo.py -> /Pav-S_ws/build/yolov5_lib/build/lib/models
copying yolov5_lib/models/common.py -> /Pav-S_ws/build/yolov5_lib/build/lib/models
copying yolov5_lib/models/__init__.py -> /Pav-S_ws/build/yolov5_lib/build/lib/models
copying yolov5_lib/models/tf.py -> /Pav-S_ws/build/yolov5_lib/build/lib/models
copying yolov5_lib/models/experimental.py -> /Pav-S_ws/build/yolov5_lib/build/lib/models
creating /Pav-S_ws/build/yolov5_lib/build/lib/utils
copying yolov5_lib/utils/plots.py -> /Pav-S_ws/build/yolov5_lib/build/lib/utils
copying yolov5_lib/utils/activations.py -> /Pav-S_ws/build/yolov5_lib/build/lib/utils
copying yolov5_lib/utils/torch_utils.py -> /Pav-S_ws/build/yolov5_lib/build/lib/utils
copying yolov5_lib/utils/loss.py -> /Pav-S_ws/build/yolov5_lib/build/lib/utils
copying yolov5_lib/utils/callbacks.py -> /Pav-S_ws/build/yolov5_lib/build/lib/utils
copying yolov5_lib/utils/metrics.py -> /Pav-S_ws/build/yolov5_lib/build/lib/utils
copying yolov5_lib/utils/autobatch.py -> /Pav-S_ws/build/yolov5_lib/build/lib/utils
copying yolov5_lib/utils/triton.py -> /Pav-S_ws/build/yolov5_lib/build/lib/utils
copying yolov5_lib/utils/dataloaders.py -> /Pav-S_ws/build/yolov5_lib/build/lib/utils
copying yolov5_lib/utils/autoanchor.py -> /Pav-S_ws/build/yolov5_lib/build/lib/utils
copying yolov5_lib/utils/__init__.py -> /Pav-S_ws/build/yolov5_lib/build/lib/utils
copying yolov5_lib/utils/augmentations.py -> /Pav-S_ws/build/yolov5_lib/build/lib/utils
copying yolov5_lib/utils/general.py -> /Pav-S_ws/build/yolov5_lib/build/lib/utils
copying yolov5_lib/utils/downloads.py -> /Pav-S_ws/build/yolov5_lib/build/lib/utils
creating /Pav-S_ws/build/yolov5_lib/build/lib/utils/aws
copying yolov5_lib/utils/aws/__init__.py -> /Pav-S_ws/build/yolov5_lib/build/lib/utils/aws
copying yolov5_lib/utils/aws/resume.py -> /Pav-S_ws/build/yolov5_lib/build/lib/utils/aws
creating /Pav-S_ws/build/yolov5_lib/build/lib/utils/loggers
copying yolov5_lib/utils/loggers/__init__.py -> /Pav-S_ws/build/yolov5_lib/build/lib/utils/loggers
creating /Pav-S_ws/build/yolov5_lib/build/lib/utils/segment
copying yolov5_lib/utils/segment/plots.py -> /Pav-S_ws/build/yolov5_lib/build/lib/utils/segment
copying yolov5_lib/utils/segment/loss.py -> /Pav-S_ws/build/yolov5_lib/build/lib/utils/segment
copying yolov5_lib/utils/segment/metrics.py -> /Pav-S_ws/build/yolov5_lib/build/lib/utils/segment
copying yolov5_lib/utils/segment/dataloaders.py -> /Pav-S_ws/build/yolov5_lib/build/lib/utils/segment
copying yolov5_lib/utils/segment/__init__.py -> /Pav-S_ws/build/yolov5_lib/build/lib/utils/segment
copying yolov5_lib/utils/segment/augmentations.py -> /Pav-S_ws/build/yolov5_lib/build/lib/utils/segment
copying yolov5_lib/utils/segment/general.py -> /Pav-S_ws/build/yolov5_lib/build/lib/utils/segment
creating /Pav-S_ws/build/yolov5_lib/build/lib/utils/models
copying yolov5_lib/utils/models/yolo.py -> /Pav-S_ws/build/yolov5_lib/build/lib/utils/models
copying yolov5_lib/utils/models/common.py -> /Pav-S_ws/build/yolov5_lib/build/lib/utils/models
copying yolov5_lib/utils/models/__init__.py -> /Pav-S_ws/build/yolov5_lib/build/lib/utils/models
copying yolov5_lib/utils/models/tf.py -> /Pav-S_ws/build/yolov5_lib/build/lib/utils/models
copying yolov5_lib/utils/models/experimental.py -> /Pav-S_ws/build/yolov5_lib/build/lib/utils/models
creating /Pav-S_ws/build/yolov5_lib/build/lib/utils/loggers/wandb
copying yolov5_lib/utils/loggers/wandb/wandb_utils.py -> /Pav-S_ws/build/yolov5_lib/build/lib/utils/loggers/wandb
copying yolov5_lib/utils/loggers/wandb/__init__.py -> /Pav-S_ws/build/yolov5_lib/build/lib/utils/loggers/wandb
creating /Pav-S_ws/build/yolov5_lib/build/lib/utils/loggers/clearml
copying yolov5_lib/utils/loggers/clearml/hpo.py -> /Pav-S_ws/build/yolov5_lib/build/lib/utils/loggers/clearml
copying yolov5_lib/utils/loggers/clearml/__init__.py -> /Pav-S_ws/build/yolov5_lib/build/lib/utils/loggers/clearml
copying yolov5_lib/utils/loggers/clearml/clearml_utils.py -> /Pav-S_ws/build/yolov5_lib/build/lib/utils/loggers/clearml
creating /Pav-S_ws/build/yolov5_lib/build/lib/utils/loggers/comet
copying yolov5_lib/utils/loggers/comet/hpo.py -> /Pav-S_ws/build/yolov5_lib/build/lib/utils/loggers/comet
copying yolov5_lib/utils/loggers/comet/comet_utils.py -> /Pav-S_ws/build/yolov5_lib/build/lib/utils/loggers/comet
copying yolov5_lib/utils/loggers/comet/__init__.py -> /Pav-S_ws/build/yolov5_lib/build/lib/utils/loggers/comet
running install
running install_lib
creating /Pav-S_ws/install/yolov5_lib/lib/python3.10/site-packages/models
copying /Pav-S_ws/build/yolov5_lib/build/lib/models/yolo.py -> /Pav-S_ws/install/yolov5_lib/lib/python3.10/site-packages/models
copying /Pav-S_ws/build/yolov5_lib/build/lib/models/common.py -> /Pav-S_ws/install/yolov5_lib/lib/python3.10/site-packages/models
copying /Pav-S_ws/build/yolov5_lib/build/lib/models/__init__.py -> /Pav-S_ws/install/yolov5_lib/lib/python3.10/site-packages/models
copying /Pav-S_ws/build/yolov5_lib/build/lib/models/tf.py -> /Pav-S_ws/install/yolov5_lib/lib/python3.10/site-packages/models
copying /Pav-S_ws/build/yolov5_lib/build/lib/models/experimental.py -> /Pav-S_ws/install/yolov5_lib/lib/python3.10/site-packages/models
copying /Pav-S_ws/build/yolov5_lib/build/lib/export.py -> /Pav-S_ws/install/yolov5_lib/lib/python3.10/site-packages
creating /Pav-S_ws/install/yolov5_lib/lib/python3.10/site-packages/utils
copying /Pav-S_ws/build/yolov5_lib/build/lib/utils/plots.py -> /Pav-S_ws/install/yolov5_lib/lib/python3.10/site-packages/utils
copying /Pav-S_ws/build/yolov5_lib/build/lib/utils/activations.py -> /Pav-S_ws/install/yolov5_lib/lib/python3.10/site-packages/utils
creating /Pav-S_ws/install/yolov5_lib/lib/python3.10/site-packages/utils/aws
copying /Pav-S_ws/build/yolov5_lib/build/lib/utils/aws/__init__.py -> /Pav-S_ws/install/yolov5_lib/lib/python3.10/site-packages/utils/aws
copying /Pav-S_ws/build/yolov5_lib/build/lib/utils/aws/resume.py -> /Pav-S_ws/install/yolov5_lib/lib/python3.10/site-packages/utils/aws
copying /Pav-S_ws/build/yolov5_lib/build/lib/utils/torch_utils.py -> /Pav-S_ws/install/yolov5_lib/lib/python3.10/site-packages/utils
copying /Pav-S_ws/build/yolov5_lib/build/lib/utils/loss.py -> /Pav-S_ws/install/yolov5_lib/lib/python3.10/site-packages/utils
copying /Pav-S_ws/build/yolov5_lib/build/lib/utils/callbacks.py -> /Pav-S_ws/install/yolov5_lib/lib/python3.10/site-packages/utils
copying /Pav-S_ws/build/yolov5_lib/build/lib/utils/metrics.py -> /Pav-S_ws/install/yolov5_lib/lib/python3.10/site-packages/utils
creating /Pav-S_ws/install/yolov5_lib/lib/python3.10/site-packages/utils/loggers
creating /Pav-S_ws/install/yolov5_lib/lib/python3.10/site-packages/utils/loggers/wandb
copying /Pav-S_ws/build/yolov5_lib/build/lib/utils/loggers/wandb/wandb_utils.py -> /Pav-S_ws/install/yolov5_lib/lib/python3.10/site-packages/utils/loggers/wandb
copying /Pav-S_ws/build/yolov5_lib/build/lib/utils/loggers/wandb/__init__.py -> /Pav-S_ws/install/yolov5_lib/lib/python3.10/site-packages/utils/loggers/wandb
creating /Pav-S_ws/install/yolov5_lib/lib/python3.10/site-packages/utils/loggers/clearml
copying /Pav-S_ws/build/yolov5_lib/build/lib/utils/loggers/clearml/hpo.py -> /Pav-S_ws/install/yolov5_lib/lib/python3.10/site-packages/utils/loggers/clearml
copying /Pav-S_ws/build/yolov5_lib/build/lib/utils/loggers/clearml/__init__.py -> /Pav-S_ws/install/yolov5_lib/lib/python3.10/site-packages/utils/loggers/clearml
copying /Pav-S_ws/build/yolov5_lib/build/lib/utils/loggers/clearml/clearml_utils.py -> /Pav-S_ws/install/yolov5_lib/lib/python3.10/site-packages/utils/loggers/clearml
copying /Pav-S_ws/build/yolov5_lib/build/lib/utils/loggers/__init__.py -> /Pav-S_ws/install/yolov5_lib/lib/python3.10/site-packages/utils/loggers
creating /Pav-S_ws/install/yolov5_lib/lib/python3.10/site-packages/utils/loggers/comet
copying /Pav-S_ws/build/yolov5_lib/build/lib/utils/loggers/comet/hpo.py -> /Pav-S_ws/install/yolov5_lib/lib/python3.10/site-packages/utils/loggers/comet
copying /Pav-S_ws/build/yolov5_lib/build/lib/utils/loggers/comet/comet_utils.py -> /Pav-S_ws/install/yolov5_lib/lib/python3.10/site-packages/utils/loggers/comet
copying /Pav-S_ws/build/yolov5_lib/build/lib/utils/loggers/comet/__init__.py -> /Pav-S_ws/install/yolov5_lib/lib/python3.10/site-packages/utils/loggers/comet
copying /Pav-S_ws/build/yolov5_lib/build/lib/utils/autobatch.py -> /Pav-S_ws/install/yolov5_lib/lib/python3.10/site-packages/utils
copying /Pav-S_ws/build/yolov5_lib/build/lib/utils/triton.py -> /Pav-S_ws/install/yolov5_lib/lib/python3.10/site-packages/utils
copying /Pav-S_ws/build/yolov5_lib/build/lib/utils/dataloaders.py -> /Pav-S_ws/install/yolov5_lib/lib/python3.10/site-packages/utils
copying /Pav-S_ws/build/yolov5_lib/build/lib/utils/autoanchor.py -> /Pav-S_ws/install/yolov5_lib/lib/python3.10/site-packages/utils
copying /Pav-S_ws/build/yolov5_lib/build/lib/utils/__init__.py -> /Pav-S_ws/install/yolov5_lib/lib/python3.10/site-packages/utils
creating /Pav-S_ws/install/yolov5_lib/lib/python3.10/site-packages/utils/segment
copying /Pav-S_ws/build/yolov5_lib/build/lib/utils/segment/plots.py -> /Pav-S_ws/install/yolov5_lib/lib/python3.10/site-packages/utils/segment
copying /Pav-S_ws/build/yolov5_lib/build/lib/utils/segment/loss.py -> /Pav-S_ws/install/yolov5_lib/lib/python3.10/site-packages/utils/segment
copying /Pav-S_ws/build/yolov5_lib/build/lib/utils/segment/metrics.py -> /Pav-S_ws/install/yolov5_lib/lib/python3.10/site-packages/utils/segment
copying /Pav-S_ws/build/yolov5_lib/build/lib/utils/segment/dataloaders.py -> /Pav-S_ws/install/yolov5_lib/lib/python3.10/site-packages/utils/segment
copying /Pav-S_ws/build/yolov5_lib/build/lib/utils/segment/__init__.py -> /Pav-S_ws/install/yolov5_lib/lib/python3.10/site-packages/utils/segment
copying /Pav-S_ws/build/yolov5_lib/build/lib/utils/segment/augmentations.py -> /Pav-S_ws/install/yolov5_lib/lib/python3.10/site-packages/utils/segment
copying /Pav-S_ws/build/yolov5_lib/build/lib/utils/segment/general.py -> /Pav-S_ws/install/yolov5_lib/lib/python3.10/site-packages/utils/segment
creating /Pav-S_ws/install/yolov5_lib/lib/python3.10/site-packages/utils/models
copying /Pav-S_ws/build/yolov5_lib/build/lib/utils/models/yolo.py -> /Pav-S_ws/install/yolov5_lib/lib/python3.10/site-packages/utils/models
copying /Pav-S_ws/build/yolov5_lib/build/lib/utils/models/common.py -> /Pav-S_ws/install/yolov5_lib/lib/python3.10/site-packages/utils/models
copying /Pav-S_ws/build/yolov5_lib/build/lib/utils/models/__init__.py -> /Pav-S_ws/install/yolov5_lib/lib/python3.10/site-packages/utils/models
copying /Pav-S_ws/build/yolov5_lib/build/lib/utils/models/tf.py -> /Pav-S_ws/install/yolov5_lib/lib/python3.10/site-packages/utils/models
copying /Pav-S_ws/build/yolov5_lib/build/lib/utils/models/experimental.py -> /Pav-S_ws/install/yolov5_lib/lib/python3.10/site-packages/utils/models
copying /Pav-S_ws/build/yolov5_lib/build/lib/utils/augmentations.py -> /Pav-S_ws/install/yolov5_lib/lib/python3.10/site-packages/utils
copying /Pav-S_ws/build/yolov5_lib/build/lib/utils/general.py -> /Pav-S_ws/install/yolov5_lib/lib/python3.10/site-packages/utils
copying /Pav-S_ws/build/yolov5_lib/build/lib/utils/downloads.py -> /Pav-S_ws/install/yolov5_lib/lib/python3.10/site-packages/utils
byte-compiling /Pav-S_ws/install/yolov5_lib/lib/python3.10/site-packages/models/yolo.py to yolo.cpython-310.pyc
byte-compiling /Pav-S_ws/install/yolov5_lib/lib/python3.10/site-packages/models/common.py to common.cpython-310.pyc
byte-compiling /Pav-S_ws/install/yolov5_lib/lib/python3.10/site-packages/models/__init__.py to __init__.cpython-310.pyc
byte-compiling /Pav-S_ws/install/yolov5_lib/lib/python3.10/site-packages/models/tf.py to tf.cpython-310.pyc
byte-compiling /Pav-S_ws/install/yolov5_lib/lib/python3.10/site-packages/models/experimental.py to experimental.cpython-310.pyc
byte-compiling /Pav-S_ws/install/yolov5_lib/lib/python3.10/site-packages/export.py to export.cpython-310.pyc
byte-compiling /Pav-S_ws/install/yolov5_lib/lib/python3.10/site-packages/utils/plots.py to plots.cpython-310.pyc
byte-compiling /Pav-S_ws/install/yolov5_lib/lib/python3.10/site-packages/utils/activations.py to activations.cpython-310.pyc
byte-compiling /Pav-S_ws/install/yolov5_lib/lib/python3.10/site-packages/utils/aws/__init__.py to __init__.cpython-310.pyc
byte-compiling /Pav-S_ws/install/yolov5_lib/lib/python3.10/site-packages/utils/aws/resume.py to resume.cpython-310.pyc
byte-compiling /Pav-S_ws/install/yolov5_lib/lib/python3.10/site-packages/utils/torch_utils.py to torch_utils.cpython-310.pyc
byte-compiling /Pav-S_ws/install/yolov5_lib/lib/python3.10/site-packages/utils/loss.py to loss.cpython-310.pyc
byte-compiling /Pav-S_ws/install/yolov5_lib/lib/python3.10/site-packages/utils/callbacks.py to callbacks.cpython-310.pyc
byte-compiling /Pav-S_ws/install/yolov5_lib/lib/python3.10/site-packages/utils/metrics.py to metrics.cpython-310.pyc
byte-compiling /Pav-S_ws/install/yolov5_lib/lib/python3.10/site-packages/utils/loggers/wandb/wandb_utils.py to wandb_utils.cpython-310.pyc
byte-compiling /Pav-S_ws/install/yolov5_lib/lib/python3.10/site-packages/utils/loggers/wandb/__init__.py to __init__.cpython-310.pyc
byte-compiling /Pav-S_ws/install/yolov5_lib/lib/python3.10/site-packages/utils/loggers/clearml/hpo.py to hpo.cpython-310.pyc
byte-compiling /Pav-S_ws/install/yolov5_lib/lib/python3.10/site-packages/utils/loggers/clearml/__init__.py to __init__.cpython-310.pyc
byte-compiling /Pav-S_ws/install/yolov5_lib/lib/python3.10/site-packages/utils/loggers/clearml/clearml_utils.py to clearml_utils.cpython-310.pyc
byte-compiling /Pav-S_ws/install/yolov5_lib/lib/python3.10/site-packages/utils/loggers/__init__.py to __init__.cpython-310.pyc
byte-compiling /Pav-S_ws/install/yolov5_lib/lib/python3.10/site-packages/utils/loggers/comet/hpo.py to hpo.cpython-310.pyc
byte-compiling /Pav-S_ws/install/yolov5_lib/lib/python3.10/site-packages/utils/loggers/comet/comet_utils.py to comet_utils.cpython-310.pyc
byte-compiling /Pav-S_ws/install/yolov5_lib/lib/python3.10/site-packages/utils/loggers/comet/__init__.py to __init__.cpython-310.pyc
byte-compiling /Pav-S_ws/install/yolov5_lib/lib/python3.10/site-packages/utils/autobatch.py to autobatch.cpython-310.pyc
byte-compiling /Pav-S_ws/install/yolov5_lib/lib/python3.10/site-packages/utils/triton.py to triton.cpython-310.pyc
byte-compiling /Pav-S_ws/install/yolov5_lib/lib/python3.10/site-packages/utils/dataloaders.py to dataloaders.cpython-310.pyc
byte-compiling /Pav-S_ws/install/yolov5_lib/lib/python3.10/site-packages/utils/autoanchor.py to autoanchor.cpython-310.pyc
byte-compiling /Pav-S_ws/install/yolov5_lib/lib/python3.10/site-packages/utils/__init__.py to __init__.cpython-310.pyc
byte-compiling /Pav-S_ws/install/yolov5_lib/lib/python3.10/site-packages/utils/segment/plots.py to plots.cpython-310.pyc
byte-compiling /Pav-S_ws/install/yolov5_lib/lib/python3.10/site-packages/utils/segment/loss.py to loss.cpython-310.pyc
byte-compiling /Pav-S_ws/install/yolov5_lib/lib/python3.10/site-packages/utils/segment/metrics.py to metrics.cpython-310.pyc
byte-compiling /Pav-S_ws/install/yolov5_lib/lib/python3.10/site-packages/utils/segment/dataloaders.py to dataloaders.cpython-310.pyc
byte-compiling /Pav-S_ws/install/yolov5_lib/lib/python3.10/site-packages/utils/segment/__init__.py to __init__.cpython-310.pyc
byte-compiling /Pav-S_ws/install/yolov5_lib/lib/python3.10/site-packages/utils/segment/augmentations.py to augmentations.cpython-310.pyc
byte-compiling /Pav-S_ws/install/yolov5_lib/lib/python3.10/site-packages/utils/segment/general.py to general.cpython-310.pyc
byte-compiling /Pav-S_ws/install/yolov5_lib/lib/python3.10/site-packages/utils/models/yolo.py to yolo.cpython-310.pyc
byte-compiling /Pav-S_ws/install/yolov5_lib/lib/python3.10/site-packages/utils/models/common.py to common.cpython-310.pyc
byte-compiling /Pav-S_ws/install/yolov5_lib/lib/python3.10/site-packages/utils/models/__init__.py to __init__.cpython-310.pyc
byte-compiling /Pav-S_ws/install/yolov5_lib/lib/python3.10/site-packages/utils/models/tf.py to tf.cpython-310.pyc
byte-compiling /Pav-S_ws/install/yolov5_lib/lib/python3.10/site-packages/utils/models/experimental.py to experimental.cpython-310.pyc
byte-compiling /Pav-S_ws/install/yolov5_lib/lib/python3.10/site-packages/utils/augmentations.py to augmentations.cpython-310.pyc
byte-compiling /Pav-S_ws/install/yolov5_lib/lib/python3.10/site-packages/utils/general.py to general.cpython-310.pyc
byte-compiling /Pav-S_ws/install/yolov5_lib/lib/python3.10/site-packages/utils/downloads.py to downloads.cpython-310.pyc
running install_data
creating /Pav-S_ws/install/yolov5_lib/share/ament_index
creating /Pav-S_ws/install/yolov5_lib/share/ament_index/resource_index
creating /Pav-S_ws/install/yolov5_lib/share/ament_index/resource_index/packages
copying resource/yolov5_lib -> /Pav-S_ws/install/yolov5_lib/share/ament_index/resource_index/packages
copying package.xml -> /Pav-S_ws/install/yolov5_lib/share/yolov5_lib
creating /Pav-S_ws/install/yolov5_lib/share/yolov5_lib/config
copying data/competition_dataset.yaml -> /Pav-S_ws/install/yolov5_lib/share/yolov5_lib/config
creating /Pav-S_ws/install/yolov5_lib/share/yolov5_lib/weights
copying weights/best.pt -> /Pav-S_ws/install/yolov5_lib/share/yolov5_lib/weights
running install_egg_info
Copying ../../build/yolov5_lib/yolov5_lib.egg-info to /Pav-S_ws/install/yolov5_lib/lib/python3.10/site-packages/yolov5_lib-0.0.0-py3.10.egg-info
running install_scripts
writing list of installed files to '/Pav-S_ws/build/yolov5_lib/install.log'
