[4.302s] Invoking command in '/Pav-S_ws/src/yolov5_lib': PYTHONPATH=/Pav-S_ws/build/yolov5_lib/prefix_override:/usr/lib/python3/dist-packages/colcon_core/task/python/colcon_distutils_commands:/Pav-S_ws/install/yolov5_lib/lib/python3.10/site-packages:${PYTHONPATH} /usr/bin/python3 -W ignore:setup.py install is deprecated -W ignore:easy_install command is deprecated setup.py egg_info --egg-base ../../build/yolov5_lib build --build-base /Pav-S_ws/build/yolov5_lib/build install --record /Pav-S_ws/build/yolov5_lib/install.log --single-version-externally-managed install_data
[8.214s] running egg_info
[8.215s] creating ../../build/yolov5_lib/yolov5_lib.egg-info
[8.215s] writing ../../build/yolov5_lib/yolov5_lib.egg-info/PKG-INFO
[8.215s] writing dependency_links to ../../build/yolov5_lib/yolov5_lib.egg-info/dependency_links.txt
[8.215s] writing entry points to ../../build/yolov5_lib/yolov5_lib.egg-info/entry_points.txt
[8.215s] writing requirements to ../../build/yolov5_lib/yolov5_lib.egg-info/requires.txt
[8.215s] writing top-level names to ../../build/yolov5_lib/yolov5_lib.egg-info/top_level.txt
[8.215s] writing manifest file '../../build/yolov5_lib/yolov5_lib.egg-info/SOURCES.txt'
[8.215s] reading manifest file '../../build/yolov5_lib/yolov5_lib.egg-info/SOURCES.txt'
[8.216s] writing manifest file '../../build/yolov5_lib/yolov5_lib.egg-info/SOURCES.txt'
[8.216s] running build
[8.216s] running build_py
[8.216s] creating /Pav-S_ws/build/yolov5_lib/build
[8.216s] creating /Pav-S_ws/build/yolov5_lib/build/lib
[8.216s] copying yolov5_lib/export.py -> /Pav-S_ws/build/yolov5_lib/build/lib
[8.216s] creating /Pav-S_ws/build/yolov5_lib/build/lib/models
[8.216s] copying yolov5_lib/models/yolo.py -> /Pav-S_ws/build/yolov5_lib/build/lib/models
[8.216s] copying yolov5_lib/models/common.py -> /Pav-S_ws/build/yolov5_lib/build/lib/models
[8.217s] copying yolov5_lib/models/__init__.py -> /Pav-S_ws/build/yolov5_lib/build/lib/models
[8.217s] copying yolov5_lib/models/tf.py -> /Pav-S_ws/build/yolov5_lib/build/lib/models
[8.217s] copying yolov5_lib/models/experimental.py -> /Pav-S_ws/build/yolov5_lib/build/lib/models
[8.217s] creating /Pav-S_ws/build/yolov5_lib/build/lib/utils
[8.217s] copying yolov5_lib/utils/plots.py -> /Pav-S_ws/build/yolov5_lib/build/lib/utils
[8.217s] copying yolov5_lib/utils/activations.py -> /Pav-S_ws/build/yolov5_lib/build/lib/utils
[8.217s] copying yolov5_lib/utils/torch_utils.py -> /Pav-S_ws/build/yolov5_lib/build/lib/utils
[8.217s] copying yolov5_lib/utils/loss.py -> /Pav-S_ws/build/yolov5_lib/build/lib/utils
[8.217s] copying yolov5_lib/utils/callbacks.py -> /Pav-S_ws/build/yolov5_lib/build/lib/utils
[8.218s] copying yolov5_lib/utils/metrics.py -> /Pav-S_ws/build/yolov5_lib/build/lib/utils
[8.218s] copying yolov5_lib/utils/autobatch.py -> /Pav-S_ws/build/yolov5_lib/build/lib/utils
[8.218s] copying yolov5_lib/utils/triton.py -> /Pav-S_ws/build/yolov5_lib/build/lib/utils
[8.218s] copying yolov5_lib/utils/dataloaders.py -> /Pav-S_ws/build/yolov5_lib/build/lib/utils
[8.218s] copying yolov5_lib/utils/autoanchor.py -> /Pav-S_ws/build/yolov5_lib/build/lib/utils
[8.218s] copying yolov5_lib/utils/__init__.py -> /Pav-S_ws/build/yolov5_lib/build/lib/utils
[8.218s] copying yolov5_lib/utils/augmentations.py -> /Pav-S_ws/build/yolov5_lib/build/lib/utils
[8.220s] copying yolov5_lib/utils/general.py -> /Pav-S_ws/build/yolov5_lib/build/lib/utils
[8.221s] copying yolov5_lib/utils/downloads.py -> /Pav-S_ws/build/yolov5_lib/build/lib/utils
[8.221s] creating /Pav-S_ws/build/yolov5_lib/build/lib/utils/aws
[8.221s] copying yolov5_lib/utils/aws/__init__.py -> /Pav-S_ws/build/yolov5_lib/build/lib/utils/aws
[8.221s] copying yolov5_lib/utils/aws/resume.py -> /Pav-S_ws/build/yolov5_lib/build/lib/utils/aws
[8.221s] creating /Pav-S_ws/build/yolov5_lib/build/lib/utils/loggers
[8.221s] copying yolov5_lib/utils/loggers/__init__.py -> /Pav-S_ws/build/yolov5_lib/build/lib/utils/loggers
[8.221s] creating /Pav-S_ws/build/yolov5_lib/build/lib/utils/segment
[8.221s] copying yolov5_lib/utils/segment/plots.py -> /Pav-S_ws/build/yolov5_lib/build/lib/utils/segment
[8.222s] copying yolov5_lib/utils/segment/loss.py -> /Pav-S_ws/build/yolov5_lib/build/lib/utils/segment
[8.222s] copying yolov5_lib/utils/segment/metrics.py -> /Pav-S_ws/build/yolov5_lib/build/lib/utils/segment
[8.222s] copying yolov5_lib/utils/segment/dataloaders.py -> /Pav-S_ws/build/yolov5_lib/build/lib/utils/segment
[8.222s] copying yolov5_lib/utils/segment/__init__.py -> /Pav-S_ws/build/yolov5_lib/build/lib/utils/segment
[8.222s] copying yolov5_lib/utils/segment/augmentations.py -> /Pav-S_ws/build/yolov5_lib/build/lib/utils/segment
[8.222s] copying yolov5_lib/utils/segment/general.py -> /Pav-S_ws/build/yolov5_lib/build/lib/utils/segment
[8.222s] creating /Pav-S_ws/build/yolov5_lib/build/lib/utils/models
[8.222s] copying yolov5_lib/utils/models/yolo.py -> /Pav-S_ws/build/yolov5_lib/build/lib/utils/models
[8.223s] copying yolov5_lib/utils/models/common.py -> /Pav-S_ws/build/yolov5_lib/build/lib/utils/models
[8.223s] copying yolov5_lib/utils/models/__init__.py -> /Pav-S_ws/build/yolov5_lib/build/lib/utils/models
[8.223s] copying yolov5_lib/utils/models/tf.py -> /Pav-S_ws/build/yolov5_lib/build/lib/utils/models
[8.223s] copying yolov5_lib/utils/models/experimental.py -> /Pav-S_ws/build/yolov5_lib/build/lib/utils/models
[8.223s] creating /Pav-S_ws/build/yolov5_lib/build/lib/utils/loggers/wandb
[8.223s] copying yolov5_lib/utils/loggers/wandb/wandb_utils.py -> /Pav-S_ws/build/yolov5_lib/build/lib/utils/loggers/wandb
[8.223s] copying yolov5_lib/utils/loggers/wandb/__init__.py -> /Pav-S_ws/build/yolov5_lib/build/lib/utils/loggers/wandb
[8.223s] creating /Pav-S_ws/build/yolov5_lib/build/lib/utils/loggers/clearml
[8.223s] copying yolov5_lib/utils/loggers/clearml/hpo.py -> /Pav-S_ws/build/yolov5_lib/build/lib/utils/loggers/clearml
[8.224s] copying yolov5_lib/utils/loggers/clearml/__init__.py -> /Pav-S_ws/build/yolov5_lib/build/lib/utils/loggers/clearml
[8.224s] copying yolov5_lib/utils/loggers/clearml/clearml_utils.py -> /Pav-S_ws/build/yolov5_lib/build/lib/utils/loggers/clearml
[8.224s] creating /Pav-S_ws/build/yolov5_lib/build/lib/utils/loggers/comet
[8.224s] copying yolov5_lib/utils/loggers/comet/hpo.py -> /Pav-S_ws/build/yolov5_lib/build/lib/utils/loggers/comet
[8.224s] copying yolov5_lib/utils/loggers/comet/comet_utils.py -> /Pav-S_ws/build/yolov5_lib/build/lib/utils/loggers/comet
[8.224s] copying yolov5_lib/utils/loggers/comet/__init__.py -> /Pav-S_ws/build/yolov5_lib/build/lib/utils/loggers/comet
[8.224s] running install
[8.224s] running install_lib
[8.225s] creating /Pav-S_ws/install/yolov5_lib/lib/python3.10/site-packages/models
[8.225s] copying /Pav-S_ws/build/yolov5_lib/build/lib/models/yolo.py -> /Pav-S_ws/install/yolov5_lib/lib/python3.10/site-packages/models
[8.225s] copying /Pav-S_ws/build/yolov5_lib/build/lib/models/common.py -> /Pav-S_ws/install/yolov5_lib/lib/python3.10/site-packages/models
[8.225s] copying /Pav-S_ws/build/yolov5_lib/build/lib/models/__init__.py -> /Pav-S_ws/install/yolov5_lib/lib/python3.10/site-packages/models
[8.225s] copying /Pav-S_ws/build/yolov5_lib/build/lib/models/tf.py -> /Pav-S_ws/install/yolov5_lib/lib/python3.10/site-packages/models
[8.225s] copying /Pav-S_ws/build/yolov5_lib/build/lib/models/experimental.py -> /Pav-S_ws/install/yolov5_lib/lib/python3.10/site-packages/models
[8.225s] copying /Pav-S_ws/build/yolov5_lib/build/lib/export.py -> /Pav-S_ws/install/yolov5_lib/lib/python3.10/site-packages
[8.225s] creating /Pav-S_ws/install/yolov5_lib/lib/python3.10/site-packages/utils
[8.225s] copying /Pav-S_ws/build/yolov5_lib/build/lib/utils/plots.py -> /Pav-S_ws/install/yolov5_lib/lib/python3.10/site-packages/utils
[8.226s] copying /Pav-S_ws/build/yolov5_lib/build/lib/utils/activations.py -> /Pav-S_ws/install/yolov5_lib/lib/python3.10/site-packages/utils
[8.226s] creating /Pav-S_ws/install/yolov5_lib/lib/python3.10/site-packages/utils/aws
[8.226s] copying /Pav-S_ws/build/yolov5_lib/build/lib/utils/aws/__init__.py -> /Pav-S_ws/install/yolov5_lib/lib/python3.10/site-packages/utils/aws
[8.226s] copying /Pav-S_ws/build/yolov5_lib/build/lib/utils/aws/resume.py -> /Pav-S_ws/install/yolov5_lib/lib/python3.10/site-packages/utils/aws
[8.226s] copying /Pav-S_ws/build/yolov5_lib/build/lib/utils/torch_utils.py -> /Pav-S_ws/install/yolov5_lib/lib/python3.10/site-packages/utils
[8.226s] copying /Pav-S_ws/build/yolov5_lib/build/lib/utils/loss.py -> /Pav-S_ws/install/yolov5_lib/lib/python3.10/site-packages/utils
[8.226s] copying /Pav-S_ws/build/yolov5_lib/build/lib/utils/callbacks.py -> /Pav-S_ws/install/yolov5_lib/lib/python3.10/site-packages/utils
[8.226s] copying /Pav-S_ws/build/yolov5_lib/build/lib/utils/metrics.py -> /Pav-S_ws/install/yolov5_lib/lib/python3.10/site-packages/utils
[8.261s] creating /Pav-S_ws/install/yolov5_lib/lib/python3.10/site-packages/utils/loggers
[8.270s] creating /Pav-S_ws/install/yolov5_lib/lib/python3.10/site-packages/utils/loggers/wandb
[8.275s] copying /Pav-S_ws/build/yolov5_lib/build/lib/utils/loggers/wandb/wandb_utils.py -> /Pav-S_ws/install/yolov5_lib/lib/python3.10/site-packages/utils/loggers/wandb
[8.277s] copying /Pav-S_ws/build/yolov5_lib/build/lib/utils/loggers/wandb/__init__.py -> /Pav-S_ws/install/yolov5_lib/lib/python3.10/site-packages/utils/loggers/wandb
[8.277s] creating /Pav-S_ws/install/yolov5_lib/lib/python3.10/site-packages/utils/loggers/clearml
[8.277s] copying /Pav-S_ws/build/yolov5_lib/build/lib/utils/loggers/clearml/hpo.py -> /Pav-S_ws/install/yolov5_lib/lib/python3.10/site-packages/utils/loggers/clearml
[8.277s] copying /Pav-S_ws/build/yolov5_lib/build/lib/utils/loggers/clearml/__init__.py -> /Pav-S_ws/install/yolov5_lib/lib/python3.10/site-packages/utils/loggers/clearml
[8.277s] copying /Pav-S_ws/build/yolov5_lib/build/lib/utils/loggers/clearml/clearml_utils.py -> /Pav-S_ws/install/yolov5_lib/lib/python3.10/site-packages/utils/loggers/clearml
[8.277s] copying /Pav-S_ws/build/yolov5_lib/build/lib/utils/loggers/__init__.py -> /Pav-S_ws/install/yolov5_lib/lib/python3.10/site-packages/utils/loggers
[8.277s] creating /Pav-S_ws/install/yolov5_lib/lib/python3.10/site-packages/utils/loggers/comet
[8.278s] copying /Pav-S_ws/build/yolov5_lib/build/lib/utils/loggers/comet/hpo.py -> /Pav-S_ws/install/yolov5_lib/lib/python3.10/site-packages/utils/loggers/comet
[8.278s] copying /Pav-S_ws/build/yolov5_lib/build/lib/utils/loggers/comet/comet_utils.py -> /Pav-S_ws/install/yolov5_lib/lib/python3.10/site-packages/utils/loggers/comet
[8.278s] copying /Pav-S_ws/build/yolov5_lib/build/lib/utils/loggers/comet/__init__.py -> /Pav-S_ws/install/yolov5_lib/lib/python3.10/site-packages/utils/loggers/comet
[8.278s] copying /Pav-S_ws/build/yolov5_lib/build/lib/utils/autobatch.py -> /Pav-S_ws/install/yolov5_lib/lib/python3.10/site-packages/utils
[8.278s] copying /Pav-S_ws/build/yolov5_lib/build/lib/utils/triton.py -> /Pav-S_ws/install/yolov5_lib/lib/python3.10/site-packages/utils
[8.278s] copying /Pav-S_ws/build/yolov5_lib/build/lib/utils/dataloaders.py -> /Pav-S_ws/install/yolov5_lib/lib/python3.10/site-packages/utils
[8.278s] copying /Pav-S_ws/build/yolov5_lib/build/lib/utils/autoanchor.py -> /Pav-S_ws/install/yolov5_lib/lib/python3.10/site-packages/utils
[8.278s] copying /Pav-S_ws/build/yolov5_lib/build/lib/utils/__init__.py -> /Pav-S_ws/install/yolov5_lib/lib/python3.10/site-packages/utils
[8.279s] creating /Pav-S_ws/install/yolov5_lib/lib/python3.10/site-packages/utils/segment
[8.279s] copying /Pav-S_ws/build/yolov5_lib/build/lib/utils/segment/plots.py -> /Pav-S_ws/install/yolov5_lib/lib/python3.10/site-packages/utils/segment
[8.279s] copying /Pav-S_ws/build/yolov5_lib/build/lib/utils/segment/loss.py -> /Pav-S_ws/install/yolov5_lib/lib/python3.10/site-packages/utils/segment
[8.279s] copying /Pav-S_ws/build/yolov5_lib/build/lib/utils/segment/metrics.py -> /Pav-S_ws/install/yolov5_lib/lib/python3.10/site-packages/utils/segment
[8.279s] copying /Pav-S_ws/build/yolov5_lib/build/lib/utils/segment/dataloaders.py -> /Pav-S_ws/install/yolov5_lib/lib/python3.10/site-packages/utils/segment
[8.279s] copying /Pav-S_ws/build/yolov5_lib/build/lib/utils/segment/__init__.py -> /Pav-S_ws/install/yolov5_lib/lib/python3.10/site-packages/utils/segment
[8.279s] copying /Pav-S_ws/build/yolov5_lib/build/lib/utils/segment/augmentations.py -> /Pav-S_ws/install/yolov5_lib/lib/python3.10/site-packages/utils/segment
[8.279s] copying /Pav-S_ws/build/yolov5_lib/build/lib/utils/segment/general.py -> /Pav-S_ws/install/yolov5_lib/lib/python3.10/site-packages/utils/segment
[8.280s] creating /Pav-S_ws/install/yolov5_lib/lib/python3.10/site-packages/utils/models
[8.280s] copying /Pav-S_ws/build/yolov5_lib/build/lib/utils/models/yolo.py -> /Pav-S_ws/install/yolov5_lib/lib/python3.10/site-packages/utils/models
[8.280s] copying /Pav-S_ws/build/yolov5_lib/build/lib/utils/models/common.py -> /Pav-S_ws/install/yolov5_lib/lib/python3.10/site-packages/utils/models
[8.280s] copying /Pav-S_ws/build/yolov5_lib/build/lib/utils/models/__init__.py -> /Pav-S_ws/install/yolov5_lib/lib/python3.10/site-packages/utils/models
[8.280s] copying /Pav-S_ws/build/yolov5_lib/build/lib/utils/models/tf.py -> /Pav-S_ws/install/yolov5_lib/lib/python3.10/site-packages/utils/models
[8.280s] copying /Pav-S_ws/build/yolov5_lib/build/lib/utils/models/experimental.py -> /Pav-S_ws/install/yolov5_lib/lib/python3.10/site-packages/utils/models
[8.280s] copying /Pav-S_ws/build/yolov5_lib/build/lib/utils/augmentations.py -> /Pav-S_ws/install/yolov5_lib/lib/python3.10/site-packages/utils
[8.280s] copying /Pav-S_ws/build/yolov5_lib/build/lib/utils/general.py -> /Pav-S_ws/install/yolov5_lib/lib/python3.10/site-packages/utils
[8.280s] copying /Pav-S_ws/build/yolov5_lib/build/lib/utils/downloads.py -> /Pav-S_ws/install/yolov5_lib/lib/python3.10/site-packages/utils
[8.281s] byte-compiling /Pav-S_ws/install/yolov5_lib/lib/python3.10/site-packages/models/yolo.py to yolo.cpython-310.pyc
[8.281s] byte-compiling /Pav-S_ws/install/yolov5_lib/lib/python3.10/site-packages/models/common.py to common.cpython-310.pyc
[8.281s] byte-compiling /Pav-S_ws/install/yolov5_lib/lib/python3.10/site-packages/models/__init__.py to __init__.cpython-310.pyc
[8.281s] byte-compiling /Pav-S_ws/install/yolov5_lib/lib/python3.10/site-packages/models/tf.py to tf.cpython-310.pyc
[8.281s] byte-compiling /Pav-S_ws/install/yolov5_lib/lib/python3.10/site-packages/models/experimental.py to experimental.cpython-310.pyc
[8.281s] byte-compiling /Pav-S_ws/install/yolov5_lib/lib/python3.10/site-packages/export.py to export.cpython-310.pyc
[8.281s] byte-compiling /Pav-S_ws/install/yolov5_lib/lib/python3.10/site-packages/utils/plots.py to plots.cpython-310.pyc
[8.296s] byte-compiling /Pav-S_ws/install/yolov5_lib/lib/python3.10/site-packages/utils/activations.py to activations.cpython-310.pyc
[8.297s] byte-compiling /Pav-S_ws/install/yolov5_lib/lib/python3.10/site-packages/utils/aws/__init__.py to __init__.cpython-310.pyc
[8.297s] byte-compiling /Pav-S_ws/install/yolov5_lib/lib/python3.10/site-packages/utils/aws/resume.py to resume.cpython-310.pyc
[8.297s] byte-compiling /Pav-S_ws/install/yolov5_lib/lib/python3.10/site-packages/utils/torch_utils.py to torch_utils.cpython-310.pyc
[8.297s] byte-compiling /Pav-S_ws/install/yolov5_lib/lib/python3.10/site-packages/utils/loss.py to loss.cpython-310.pyc
[8.297s] byte-compiling /Pav-S_ws/install/yolov5_lib/lib/python3.10/site-packages/utils/callbacks.py to callbacks.cpython-310.pyc
[8.298s] byte-compiling /Pav-S_ws/install/yolov5_lib/lib/python3.10/site-packages/utils/metrics.py to metrics.cpython-310.pyc
[8.298s] byte-compiling /Pav-S_ws/install/yolov5_lib/lib/python3.10/site-packages/utils/loggers/wandb/wandb_utils.py to wandb_utils.cpython-310.pyc
[8.298s] byte-compiling /Pav-S_ws/install/yolov5_lib/lib/python3.10/site-packages/utils/loggers/wandb/__init__.py to __init__.cpython-310.pyc
[8.298s] byte-compiling /Pav-S_ws/install/yolov5_lib/lib/python3.10/site-packages/utils/loggers/clearml/hpo.py to hpo.cpython-310.pyc
[8.298s] byte-compiling /Pav-S_ws/install/yolov5_lib/lib/python3.10/site-packages/utils/loggers/clearml/__init__.py to __init__.cpython-310.pyc
[8.298s] byte-compiling /Pav-S_ws/install/yolov5_lib/lib/python3.10/site-packages/utils/loggers/clearml/clearml_utils.py to clearml_utils.cpython-310.pyc
[8.298s] byte-compiling /Pav-S_ws/install/yolov5_lib/lib/python3.10/site-packages/utils/loggers/__init__.py to __init__.cpython-310.pyc
[8.298s] byte-compiling /Pav-S_ws/install/yolov5_lib/lib/python3.10/site-packages/utils/loggers/comet/hpo.py to hpo.cpython-310.pyc
[8.299s] byte-compiling /Pav-S_ws/install/yolov5_lib/lib/python3.10/site-packages/utils/loggers/comet/comet_utils.py to comet_utils.cpython-310.pyc
[8.299s] byte-compiling /Pav-S_ws/install/yolov5_lib/lib/python3.10/site-packages/utils/loggers/comet/__init__.py to __init__.cpython-310.pyc
[8.299s] byte-compiling /Pav-S_ws/install/yolov5_lib/lib/python3.10/site-packages/utils/autobatch.py to autobatch.cpython-310.pyc
[8.299s] byte-compiling /Pav-S_ws/install/yolov5_lib/lib/python3.10/site-packages/utils/triton.py to triton.cpython-310.pyc
[8.299s] byte-compiling /Pav-S_ws/install/yolov5_lib/lib/python3.10/site-packages/utils/dataloaders.py to dataloaders.cpython-310.pyc
[8.299s] byte-compiling /Pav-S_ws/install/yolov5_lib/lib/python3.10/site-packages/utils/autoanchor.py to autoanchor.cpython-310.pyc
[8.300s] byte-compiling /Pav-S_ws/install/yolov5_lib/lib/python3.10/site-packages/utils/__init__.py to __init__.cpython-310.pyc
[8.300s] byte-compiling /Pav-S_ws/install/yolov5_lib/lib/python3.10/site-packages/utils/segment/plots.py to plots.cpython-310.pyc
[8.300s] byte-compiling /Pav-S_ws/install/yolov5_lib/lib/python3.10/site-packages/utils/segment/loss.py to loss.cpython-310.pyc
[8.300s] byte-compiling /Pav-S_ws/install/yolov5_lib/lib/python3.10/site-packages/utils/segment/metrics.py to metrics.cpython-310.pyc
[8.300s] byte-compiling /Pav-S_ws/install/yolov5_lib/lib/python3.10/site-packages/utils/segment/dataloaders.py to dataloaders.cpython-310.pyc
[8.300s] byte-compiling /Pav-S_ws/install/yolov5_lib/lib/python3.10/site-packages/utils/segment/__init__.py to __init__.cpython-310.pyc
[8.300s] byte-compiling /Pav-S_ws/install/yolov5_lib/lib/python3.10/site-packages/utils/segment/augmentations.py to augmentations.cpython-310.pyc
[8.300s] byte-compiling /Pav-S_ws/install/yolov5_lib/lib/python3.10/site-packages/utils/segment/general.py to general.cpython-310.pyc
[8.300s] byte-compiling /Pav-S_ws/install/yolov5_lib/lib/python3.10/site-packages/utils/models/yolo.py to yolo.cpython-310.pyc
[8.301s] byte-compiling /Pav-S_ws/install/yolov5_lib/lib/python3.10/site-packages/utils/models/common.py to common.cpython-310.pyc
[8.301s] byte-compiling /Pav-S_ws/install/yolov5_lib/lib/python3.10/site-packages/utils/models/__init__.py to __init__.cpython-310.pyc
[8.301s] byte-compiling /Pav-S_ws/install/yolov5_lib/lib/python3.10/site-packages/utils/models/tf.py to tf.cpython-310.pyc
[8.301s] byte-compiling /Pav-S_ws/install/yolov5_lib/lib/python3.10/site-packages/utils/models/experimental.py to experimental.cpython-310.pyc
[8.301s] byte-compiling /Pav-S_ws/install/yolov5_lib/lib/python3.10/site-packages/utils/augmentations.py to augmentations.cpython-310.pyc
[8.301s] byte-compiling /Pav-S_ws/install/yolov5_lib/lib/python3.10/site-packages/utils/general.py to general.cpython-310.pyc
[8.301s] byte-compiling /Pav-S_ws/install/yolov5_lib/lib/python3.10/site-packages/utils/downloads.py to downloads.cpython-310.pyc
[8.301s] running install_data
[8.302s] creating /Pav-S_ws/install/yolov5_lib/share/ament_index
[8.302s] creating /Pav-S_ws/install/yolov5_lib/share/ament_index/resource_index
[8.302s] creating /Pav-S_ws/install/yolov5_lib/share/ament_index/resource_index/packages
[8.302s] copying resource/yolov5_lib -> /Pav-S_ws/install/yolov5_lib/share/ament_index/resource_index/packages
[8.302s] copying package.xml -> /Pav-S_ws/install/yolov5_lib/share/yolov5_lib
[8.302s] creating /Pav-S_ws/install/yolov5_lib/share/yolov5_lib/config
[8.302s] copying data/competition_dataset.yaml -> /Pav-S_ws/install/yolov5_lib/share/yolov5_lib/config
[8.302s] creating /Pav-S_ws/install/yolov5_lib/share/yolov5_lib/weights
[8.302s] copying weights/best.pt -> /Pav-S_ws/install/yolov5_lib/share/yolov5_lib/weights
[8.318s] running install_egg_info
[8.327s] Copying ../../build/yolov5_lib/yolov5_lib.egg-info to /Pav-S_ws/install/yolov5_lib/lib/python3.10/site-packages/yolov5_lib-0.0.0-py3.10.egg-info
[8.328s] running install_scripts
[8.490s] writing list of installed files to '/Pav-S_ws/build/yolov5_lib/install.log'
[8.749s] Invoked command in '/Pav-S_ws/src/yolov5_lib' returned '0': PYTHONPATH=/Pav-S_ws/build/yolov5_lib/prefix_override:/usr/lib/python3/dist-packages/colcon_core/task/python/colcon_distutils_commands:/Pav-S_ws/install/yolov5_lib/lib/python3.10/site-packages:${PYTHONPATH} /usr/bin/python3 -W ignore:setup.py install is deprecated -W ignore:easy_install command is deprecated setup.py egg_info --egg-base ../../build/yolov5_lib build --build-base /Pav-S_ws/build/yolov5_lib/build install --record /Pav-S_ws/build/yolov5_lib/install.log --single-version-externally-managed install_data
