[35m[1mConsolidate compiler generated dependencies of target turn_on_wheeltec_robot__rosidl_generator_c[0m
[35m[1mConsolidate compiler generated dependencies of target wheeltec_robot_node[0m
[  2%] Built target turn_on_wheeltec_robot__cpp
[  2%] Built target ament_cmake_python_copy_turn_on_wheeltec_robot
[ 11%] Built target turn_on_wheeltec_robot__rosidl_generator_c
[35m[1mConsolidate compiler generated dependencies of target turn_on_wheeltec_robot__rosidl_typesupport_fastrtps_c[0m
[35m[1mConsolidate compiler generated dependencies of target turn_on_wheeltec_robot__rosidl_typesupport_fastrtps_cpp[0m
[35m[1mConsolidate compiler generated dependencies of target turn_on_wheeltec_robot__rosidl_typesupport_introspection_cpp[0m
[35m[1mConsolidate compiler generated dependencies of target turn_on_wheeltec_robot__rosidl_typesupport_cpp[0m
[ 20%] Built target wheeltec_robot_node
[ 38%] Built target turn_on_wheeltec_robot__rosidl_typesupport_fastrtps_cpp
[ 38%] Built target turn_on_wheeltec_robot__rosidl_typesupport_fastrtps_c
[ 47%] Built target turn_on_wheeltec_robot__rosidl_typesupport_cpp
[ 55%] Built target turn_on_wheeltec_robot__rosidl_typesupport_introspection_cpp
[35m[1mConsolidate compiler generated dependencies of target turn_on_wheeltec_robot__rosidl_typesupport_c[0m
[35m[1mConsolidate compiler generated dependencies of target turn_on_wheeltec_robot__rosidl_typesupport_introspection_c[0m
[ 64%] Built target turn_on_wheeltec_robot__rosidl_typesupport_introspection_c
[ 73%] Built target turn_on_wheeltec_robot__rosidl_typesupport_c
[ 73%] Built target turn_on_wheeltec_robot
[ 76%] Built target turn_on_wheeltec_robot__py
[35m[1mConsolidate compiler generated dependencies of target turn_on_wheeltec_robot__rosidl_generator_py[0m
[ 82%] Built target turn_on_wheeltec_robot__rosidl_generator_py
[35m[1mConsolidate compiler generated dependencies of target turn_on_wheeltec_robot__rosidl_typesupport_fastrtps_c__pyext[0m
[35m[1mConsolidate compiler generated dependencies of target turn_on_wheeltec_robot__rosidl_typesupport_c__pyext[0m
[35m[1mConsolidate compiler generated dependencies of target turn_on_wheeltec_robot__rosidl_typesupport_introspection_c__pyext[0m
[ 88%] Built target turn_on_wheeltec_robot__rosidl_typesupport_fastrtps_c__pyext
running egg_info
writing turn_on_wheeltec_robot.egg-info/PKG-INFO
writing dependency_links to turn_on_wheeltec_robot.egg-info/dependency_links.txt
writing top-level names to turn_on_wheeltec_robot.egg-info/top_level.txt
reading manifest file 'turn_on_wheeltec_robot.egg-info/SOURCES.txt'
[ 94%] Built target turn_on_wheeltec_robot__rosidl_typesupport_c__pyext
writing manifest file 'turn_on_wheeltec_robot.egg-info/SOURCES.txt'
[100%] Built target turn_on_wheeltec_robot__rosidl_typesupport_introspection_c__pyext
[100%] Built target ament_cmake_python_build_turn_on_wheeltec_robot_egg
