[1.396s] Invoking command in '/Pav-S_ws/build/turn_on_wheeltec_robot': CMAKE_PREFIX_PATH=/Pav-S_ws/install/nav2_msgs:/Pav-S_ws/install/wheeltec_robot_msg:/Pav-S_ws/install/serial:/Pav-S_ws/install/nav2_common:/Pav-S_ws/install/nav2_behavior_tree:/Pav-S_ws/install/nav2_dwb_controller:/Pav-S_ws/install/nav2_controller:/Pav-S_ws/install/nav2_planner:/Pav-S_ws/install/dwb_plugins:/Pav-S_ws/install/dwb_critics:/Pav-S_ws/install/dwb_core:/Pav-S_ws/install/nav_2d_utils:/Pav-S_ws/install/nav2_core:/Pav-S_ws/install/costmap_queue:/Pav-S_ws/install/nav2_costmap_2d:/Pav-S_ws/install/nav2_map_server:/Pav-S_ws/install/nav2_lifecycle_manager:/ws_livox/install/pointcloud_to_laserscan:/ws_livox/install/livox_ros_driver2:/Pav-S_ws/install/wheeltec_robot_urdf:/Pav-S_ws/install/turn_on_wheeltec_robot:/Pav-S_ws/install/usb_cam:/Pav-S_ws/install/robot_kcf:/Pav-S_ws/install/dwb_msgs:/Pav-S_ws/install/nav_2d_msgs:/Pav-S_ws/install/nav2_voxel_grid:/Pav-S_ws/install/nav2_util:/Pav-S_ws/install/libuvc:/Pav-S_ws/install/fast_lio:/Pav-S_ws/install/astra_camera:/Pav-S_ws/install/astra_camera_msgs:/Pav-S_ws/install/yolo_detector:/Pav-S_ws/install/yolov5_lib:/Pav-S_ws/install/nav2_simple_commander:/opt/ros/humble LD_LIBRARY_PATH=/Pav-S_ws/install/nav2_msgs/lib:/Pav-S_ws/install/wheeltec_robot_msg/lib:/Pav-S_ws/install/nav2_behavior_tree/lib:/Pav-S_ws/install/nav2_controller/lib:/Pav-S_ws/install/nav2_planner/lib:/Pav-S_ws/install/dwb_plugins/lib:/Pav-S_ws/install/dwb_critics/lib:/Pav-S_ws/install/dwb_core/lib:/Pav-S_ws/install/nav_2d_utils/lib:/Pav-S_ws/install/costmap_queue/lib:/Pav-S_ws/install/nav2_costmap_2d/lib:/Pav-S_ws/install/nav2_map_server/lib:/Pav-S_ws/install/nav2_lifecycle_manager/lib:/usr/local/cuda-12.2/lib64:/ws_livox/install/pointcloud_to_laserscan/lib:/ws_livox/install/livox_ros_driver2/lib:/Pav-S_ws/install/turn_on_wheeltec_robot/lib:/Pav-S_ws/install/usb_cam/lib:/Pav-S_ws/install/serial/lib:/Pav-S_ws/install/dwb_msgs/lib:/Pav-S_ws/install/nav_2d_msgs/lib:/Pav-S_ws/install/nav2_voxel_grid/lib:/Pav-S_ws/install/nav2_util/lib:/Pav-S_ws/install/libuvc/lib:/Pav-S_ws/install/fast_lio/lib:/Pav-S_ws/install/astra_camera/lib:/Pav-S_ws/install/astra_camera_msgs/lib:/opt/ros/humble/opt/rviz_ogre_vendor/lib:/opt/ros/humble/lib/aarch64-linux-gnu:/opt/ros/humble/lib:/usr/local/cuda-12.2/lib64 /usr/bin/cmake --build /Pav-S_ws/build/turn_on_wheeltec_robot -- -j6 -l6
[1.561s] [35m[1mConsolidate compiler generated dependencies of target turn_on_wheeltec_robot__rosidl_generator_c[0m
[1.571s] [35m[1mConsolidate compiler generated dependencies of target wheeltec_robot_node[0m
[1.580s] [  2%] Built target turn_on_wheeltec_robot__cpp
[1.607s] [  2%] Built target ament_cmake_python_copy_turn_on_wheeltec_robot
[1.609s] [ 11%] Built target turn_on_wheeltec_robot__rosidl_generator_c
[1.644s] [35m[1mConsolidate compiler generated dependencies of target turn_on_wheeltec_robot__rosidl_typesupport_fastrtps_c[0m
[1.675s] [35m[1mConsolidate compiler generated dependencies of target turn_on_wheeltec_robot__rosidl_typesupport_fastrtps_cpp[0m
[1.677s] [35m[1mConsolidate compiler generated dependencies of target turn_on_wheeltec_robot__rosidl_typesupport_introspection_cpp[0m
[1.677s] [35m[1mConsolidate compiler generated dependencies of target turn_on_wheeltec_robot__rosidl_typesupport_cpp[0m
[1.687s] [ 20%] Built target wheeltec_robot_node
[1.719s] [ 38%] Built target turn_on_wheeltec_robot__rosidl_typesupport_fastrtps_cpp
[1.720s] [ 38%] Built target turn_on_wheeltec_robot__rosidl_typesupport_fastrtps_c
[1.742s] [ 47%] Built target turn_on_wheeltec_robot__rosidl_typesupport_cpp
[1.765s] [ 55%] Built target turn_on_wheeltec_robot__rosidl_typesupport_introspection_cpp
[1.794s] [35m[1mConsolidate compiler generated dependencies of target turn_on_wheeltec_robot__rosidl_typesupport_c[0m
[1.811s] [35m[1mConsolidate compiler generated dependencies of target turn_on_wheeltec_robot__rosidl_typesupport_introspection_c[0m
[1.853s] [ 64%] Built target turn_on_wheeltec_robot__rosidl_typesupport_introspection_c
[1.875s] [ 73%] Built target turn_on_wheeltec_robot__rosidl_typesupport_c
[1.999s] [ 73%] Built target turn_on_wheeltec_robot
[2.145s] [ 76%] Built target turn_on_wheeltec_robot__py
[2.213s] [35m[1mConsolidate compiler generated dependencies of target turn_on_wheeltec_robot__rosidl_generator_py[0m
[2.332s] [ 82%] Built target turn_on_wheeltec_robot__rosidl_generator_py
[2.375s] [35m[1mConsolidate compiler generated dependencies of target turn_on_wheeltec_robot__rosidl_typesupport_fastrtps_c__pyext[0m
[2.399s] [35m[1mConsolidate compiler generated dependencies of target turn_on_wheeltec_robot__rosidl_typesupport_c__pyext[0m
[2.418s] [35m[1mConsolidate compiler generated dependencies of target turn_on_wheeltec_robot__rosidl_typesupport_introspection_c__pyext[0m
[2.455s] [ 88%] Built target turn_on_wheeltec_robot__rosidl_typesupport_fastrtps_c__pyext
[2.471s] running egg_info
[2.472s] writing turn_on_wheeltec_robot.egg-info/PKG-INFO
[2.473s] writing dependency_links to turn_on_wheeltec_robot.egg-info/dependency_links.txt
[2.473s] writing top-level names to turn_on_wheeltec_robot.egg-info/top_level.txt
[2.479s] reading manifest file 'turn_on_wheeltec_robot.egg-info/SOURCES.txt'
[2.482s] [ 94%] Built target turn_on_wheeltec_robot__rosidl_typesupport_c__pyext
[2.486s] writing manifest file 'turn_on_wheeltec_robot.egg-info/SOURCES.txt'
[2.497s] [100%] Built target turn_on_wheeltec_robot__rosidl_typesupport_introspection_c__pyext
[2.573s] [100%] Built target ament_cmake_python_build_turn_on_wheeltec_robot_egg
