/Pav-S_ws/install/yolo_detector/lib/python3.10/site-packages/yolo_detector/detector_module.py
/Pav-S_ws/install/yolo_detector/lib/python3.10/site-packages/yolo_detector/cmd_vel_limiter.py
/Pav-S_ws/install/yolo_detector/lib/python3.10/site-packages/yolo_detector/yolo_node.py
/Pav-S_ws/install/yolo_detector/lib/python3.10/site-packages/yolo_detector/__init__.py
/Pav-S_ws/install/yolo_detector/lib/python3.10/site-packages/yolo_detector/__pycache__/detector_module.cpython-310.pyc
/Pav-S_ws/install/yolo_detector/lib/python3.10/site-packages/yolo_detector/__pycache__/cmd_vel_limiter.cpython-310.pyc
/Pav-S_ws/install/yolo_detector/lib/python3.10/site-packages/yolo_detector/__pycache__/yolo_node.cpython-310.pyc
/Pav-S_ws/install/yolo_detector/lib/python3.10/site-packages/yolo_detector/__pycache__/__init__.cpython-310.pyc
/Pav-S_ws/install/yolo_detector/share/ament_index/resource_index/packages/yolo_detector
/Pav-S_ws/install/yolo_detector/share/yolo_detector/package.xml
/Pav-S_ws/install/yolo_detector/share/yolo_detector/launch/yolo_detect.launch.py
/Pav-S_ws/install/yolo_detector/share/yolo_detector/config/params.yaml
/Pav-S_ws/install/yolo_detector/lib/python3.10/site-packages/yolo_detector-0.0.0-py3.10.egg-info/requires.txt
/Pav-S_ws/install/yolo_detector/lib/python3.10/site-packages/yolo_detector-0.0.0-py3.10.egg-info/dependency_links.txt
/Pav-S_ws/install/yolo_detector/lib/python3.10/site-packages/yolo_detector-0.0.0-py3.10.egg-info/zip-safe
/Pav-S_ws/install/yolo_detector/lib/python3.10/site-packages/yolo_detector-0.0.0-py3.10.egg-info/SOURCES.txt
/Pav-S_ws/install/yolo_detector/lib/python3.10/site-packages/yolo_detector-0.0.0-py3.10.egg-info/entry_points.txt
/Pav-S_ws/install/yolo_detector/lib/python3.10/site-packages/yolo_detector-0.0.0-py3.10.egg-info/PKG-INFO
/Pav-S_ws/install/yolo_detector/lib/python3.10/site-packages/yolo_detector-0.0.0-py3.10.egg-info/top_level.txt
/Pav-S_ws/install/yolo_detector/lib/yolo_detector/cmd_vel_limiter
/Pav-S_ws/install/yolo_detector/lib/yolo_detector/yolo_node
