[0.080s] Invoking command in '/Pav-S_ws/build/nav2_util': CMAKE_PREFIX_PATH=/Pav-S_ws/install/nav2_msgs:/Pav-S_ws/install/nav2_common:/ws_livox/install/pointcloud_to_laserscan:/ws_livox/install/livox_ros_driver2:/Pav-S_ws/install/wheeltec_robot_urdf:/Pav-S_ws/install/turn_on_wheeltec_robot:/Pav-S_ws/install/wheeltec_robot_msg:/Pav-S_ws/install/usb_cam:/Pav-S_ws/install/serial:/Pav-S_ws/install/robot_kcf:/Pav-S_ws/install/nav2_bringup:/Pav-S_ws/install/navigation2:/Pav-S_ws/install/nav2_smoother:/Pav-S_ws/install/nav2_rotation_shim_controller:/Pav-S_ws/install/nav2_graceful_controller:/Pav-S_ws/install/nav2_dwb_controller:/Pav-S_ws/install/nav2_controller:/Pav-S_ws/install/dwb_plugins:/Pav-S_ws/install/dwb_critics:/Pav-S_ws/install/dwb_core:/Pav-S_ws/install/nav_2d_utils:/Pav-S_ws/install/dwb_msgs:/Pav-S_ws/install/nav_2d_msgs:/Pav-S_ws/install/nav2_waypoint_follower:/Pav-S_ws/install/nav2_theta_star_planner:/Pav-S_ws/install/nav2_smac_planner:/Pav-S_ws/install/nav2_regulated_pure_pursuit_controller:/Pav-S_ws/install/nav2_planner:/Pav-S_ws/install/nav2_navfn_planner:/Pav-S_ws/install/nav2_mppi_controller:/Pav-S_ws/install/nav2_constrained_smoother:/Pav-S_ws/install/nav2_bt_navigator:/Pav-S_ws/install/nav2_behaviors:/Pav-S_ws/install/nav2_core:/Pav-S_ws/install/nav2_collision_monitor:/Pav-S_ws/install/costmap_queue:/Pav-S_ws/install/nav2_costmap_2d:/Pav-S_ws/install/nav2_voxel_grid:/Pav-S_ws/install/nav2_velocity_smoother:/Pav-S_ws/install/nav2_rviz_plugins:/Pav-S_ws/install/nav2_map_server:/Pav-S_ws/install/nav2_lifecycle_manager:/Pav-S_ws/install/nav2_behavior_tree:/Pav-S_ws/install/nav2_amcl:/Pav-S_ws/install/nav2_util:/Pav-S_ws/install/libuvc:/Pav-S_ws/install/fast_lio:/Pav-S_ws/install/astra_camera:/Pav-S_ws/install/astra_camera_msgs:/Pav-S_ws/install/yolo_detector:/Pav-S_ws/install/yolov5_lib:/Pav-S_ws/install/nav2_simple_commander:/opt/ros/humble LD_LIBRARY_PATH=/Pav-S_ws/install/nav2_msgs/lib:/usr/local/cuda-12.2/lib64:/ws_livox/install/pointcloud_to_laserscan/lib:/ws_livox/install/livox_ros_driver2/lib:/Pav-S_ws/install/turn_on_wheeltec_robot/lib:/Pav-S_ws/install/wheeltec_robot_msg/lib:/Pav-S_ws/install/usb_cam/lib:/Pav-S_ws/install/serial/lib:/Pav-S_ws/install/nav2_smoother/lib:/Pav-S_ws/install/nav2_rotation_shim_controller/lib:/Pav-S_ws/install/nav2_graceful_controller/lib:/Pav-S_ws/install/nav2_controller/lib:/Pav-S_ws/install/dwb_plugins/lib:/Pav-S_ws/install/dwb_critics/lib:/Pav-S_ws/install/dwb_core/lib:/Pav-S_ws/install/nav_2d_utils/lib:/Pav-S_ws/install/dwb_msgs/lib:/Pav-S_ws/install/nav_2d_msgs/lib:/Pav-S_ws/install/nav2_waypoint_follower/lib:/Pav-S_ws/install/nav2_theta_star_planner/lib:/Pav-S_ws/install/nav2_smac_planner/lib:/Pav-S_ws/install/nav2_regulated_pure_pursuit_controller/lib:/Pav-S_ws/install/nav2_planner/lib:/Pav-S_ws/install/nav2_navfn_planner/lib:/Pav-S_ws/install/nav2_mppi_controller/lib:/Pav-S_ws/install/nav2_constrained_smoother/lib:/Pav-S_ws/install/nav2_bt_navigator/lib:/Pav-S_ws/install/nav2_behaviors/lib:/Pav-S_ws/install/nav2_collision_monitor/lib:/Pav-S_ws/install/costmap_queue/lib:/Pav-S_ws/install/nav2_costmap_2d/lib:/Pav-S_ws/install/nav2_voxel_grid/lib:/Pav-S_ws/install/nav2_velocity_smoother/lib:/Pav-S_ws/install/nav2_rviz_plugins/lib:/Pav-S_ws/install/nav2_map_server/lib:/Pav-S_ws/install/nav2_lifecycle_manager/lib:/Pav-S_ws/install/nav2_behavior_tree/lib:/Pav-S_ws/install/nav2_amcl/lib:/Pav-S_ws/install/nav2_util/lib:/Pav-S_ws/install/libuvc/lib:/Pav-S_ws/install/fast_lio/lib:/Pav-S_ws/install/astra_camera/lib:/Pav-S_ws/install/astra_camera_msgs/lib:/opt/ros/humble/opt/rviz_ogre_vendor/lib:/opt/ros/humble/lib/aarch64-linux-gnu:/opt/ros/humble/lib:/usr/local/cuda-12.2/lib64 /usr/bin/cmake /Pav-S_ws/src/navigation2-humble/nav2_util -DCMAKE_BUILD_TYPE=Release -DCMAKE_INSTALL_PREFIX=/Pav-S_ws/install/nav2_util
[1.037s] -- The C compiler identification is GNU 11.4.0
[1.037s] -- The CXX compiler identification is GNU 11.4.0
[1.038s] -- Detecting C compiler ABI info
[1.038s] -- Detecting C compiler ABI info - done
[1.039s] -- Check for working C compiler: /usr/bin/cc - skipped
[1.039s] -- Detecting C compile features
[1.039s] -- Detecting C compile features - done
[1.040s] -- Detecting CXX compiler ABI info
[1.040s] -- Detecting CXX compiler ABI info - done
[1.042s] -- Check for working CXX compiler: /usr/bin/c++ - skipped
[1.042s] -- Detecting CXX compile features
[1.042s] -- Detecting CXX compile features - done
[1.042s] -- Found ament_cmake: 1.3.12 (/opt/ros/humble/share/ament_cmake/cmake)
[1.145s] -- Found Python3: /usr/bin/python3 (found version "3.10.12") found components: Interpreter 
[1.421s] -- Found nav2_common: 1.1.18 (/Pav-S_ws/install/nav2_common/share/nav2_common/cmake)
[1.423s] -- Found nav2_msgs: 1.1.18 (/Pav-S_ws/install/nav2_msgs/share/nav2_msgs/cmake)
[1.538s] -- Found rosidl_generator_c: 3.1.7 (/opt/ros/humble/share/rosidl_generator_c/cmake)
[1.556s] -- Found rosidl_adapter: 3.1.7 (/opt/ros/humble/share/rosidl_adapter/cmake)
[1.584s] -- Found rosidl_generator_cpp: 3.1.7 (/opt/ros/humble/share/rosidl_generator_cpp/cmake)
[1.629s] -- Using all available rosidl_typesupport_c: rosidl_typesupport_fastrtps_c;rosidl_typesupport_introspection_c
[1.682s] -- Using all available rosidl_typesupport_cpp: rosidl_typesupport_fastrtps_cpp;rosidl_typesupport_introspection_cpp
[1.959s] -- Found tf2_ros: 0.25.16 (/opt/ros/humble/share/tf2_ros/cmake)
[2.175s] -- Found rmw_implementation_cmake: 6.1.2 (/opt/ros/humble/share/rmw_implementation_cmake/cmake)
[2.188s] -- Found rmw_fastrtps_cpp: 6.2.8 (/opt/ros/humble/share/rmw_fastrtps_cpp/cmake)
[2.412s] -- Found OpenSSL: /usr/lib/aarch64-linux-gnu/libcrypto.so (found version "3.0.2")  
[2.475s] -- Found FastRTPS: /opt/ros/humble/include  
[2.570s] -- Using RMW implementation 'rmw_fastrtps_cpp' as default
[2.600s] -- Looking for pthread.h
[2.759s] -- Looking for pthread.h - found
[2.759s] -- Performing Test CMAKE_HAVE_LIBC_PTHREAD
[2.920s] -- Performing Test CMAKE_HAVE_LIBC_PTHREAD - Success
[2.922s] -- Found Threads: TRUE  
[3.131s] -- Found tf2_geometry_msgs: 0.25.16 (/opt/ros/humble/share/tf2_geometry_msgs/cmake)
[3.169s] -- Found eigen3_cmake_module: 0.1.1 (/opt/ros/humble/share/eigen3_cmake_module/cmake)
[3.172s] -- Found Eigen3: TRUE (found version "3.4.0") 
[3.172s] -- Ensuring Eigen3 include directory is part of orocos-kdl CMake target
[3.182s] -- Found lifecycle_msgs: 1.2.2 (/opt/ros/humble/share/lifecycle_msgs/cmake)
[3.210s] -- Found rclcpp_lifecycle: 16.0.15 (/opt/ros/humble/share/rclcpp_lifecycle/cmake)
[3.237s] -- Found bondcpp: 4.1.2 (/opt/ros/humble/share/bondcpp/cmake)
[3.357s] -- Found Boost: /usr/lib/aarch64-linux-gnu/cmake/Boost-1.74.0/BoostConfig.cmake (found version "1.74.0") found components: program_options 
[3.365s] -- Found ament_lint_auto: 0.12.14 (/opt/ros/humble/share/ament_lint_auto/cmake)
[3.373s] -- Found ament_cmake_pytest: 1.3.12 (/opt/ros/humble/share/ament_cmake_pytest/cmake)
[3.382s] -- Found launch_testing_ament_cmake: 1.0.10 (/opt/ros/humble/share/launch_testing_ament_cmake/cmake)
[3.389s] -- Found python_cmake_module: 0.10.0 (/opt/ros/humble/share/python_cmake_module/cmake)
[3.446s] -- Found PythonInterp: /usr/bin/python3 (found suitable version "3.10.12", minimum required is "3.6") 
[3.465s] -- Found PythonLibs: /usr/lib/aarch64-linux-gnu/libpython3.10.so (found suitable version "3.10.12", minimum required is "3.5") 
[3.465s] -- Using PYTHON_EXECUTABLE: /usr/bin/python3
[3.465s] -- Using PYTHON_INCLUDE_DIRS: /usr/include/python3.10
[3.465s] -- Using PYTHON_LIBRARIES: /usr/lib/aarch64-linux-gnu/libpython3.10.so
[3.525s] -- Found PythonExtra: .so  
[3.882s] -- Found gtest sources under '/opt/ros/humble/src/gtest_vendor': C++ tests using 'Google Test' will be built
[3.975s] -- Added test 'copyright' to check source files copyright and LICENSE
[3.981s] -- Added test 'cppcheck' to perform static code analysis on C / C++ code
[3.981s] -- Configured cppcheck include dirs: /Pav-S_ws/src/navigation2-humble/nav2_util/include
[3.981s] -- Configured cppcheck exclude dirs and/or files: 
[3.986s] -- Added test 'cpplint' to check C / C++ code against the Google style
[3.986s] -- Configured cpplint exclude dirs and/or files: 
[3.990s] -- Added test 'lint_cmake' to check CMake code style
[3.995s] -- Added test 'uncrustify' to check C / C++ code style
[3.996s] -- Configured uncrustify additional arguments: 
[3.998s] -- Added test 'xmllint' to check XML markup files
[4.009s] -- Configuring done
[4.181s] -- Generating done
[4.249s] -- Build files have been written to: /Pav-S_ws/build/nav2_util
