running egg_info
creating ../../build/yolo_detector/yolo_detector.egg-info
writing ../../build/yolo_detector/yolo_detector.egg-info/PKG-INFO
writing dependency_links to ../../build/yolo_detector/yolo_detector.egg-info/dependency_links.txt
writing entry points to ../../build/yolo_detector/yolo_detector.egg-info/entry_points.txt
writing requirements to ../../build/yolo_detector/yolo_detector.egg-info/requires.txt
writing top-level names to ../../build/yolo_detector/yolo_detector.egg-info/top_level.txt
writing manifest file '../../build/yolo_detector/yolo_detector.egg-info/SOURCES.txt'
reading manifest file '../../build/yolo_detector/yolo_detector.egg-info/SOURCES.txt'
writing manifest file '../../build/yolo_detector/yolo_detector.egg-info/SOURCES.txt'
running build
running build_py
creating /Pav-S_ws/build/yolo_detector/build
creating /Pav-S_ws/build/yolo_detector/build/lib
creating /Pav-S_ws/build/yolo_detector/build/lib/yolo_detector
copying yolo_detector/detector_module.py -> /Pav-S_ws/build/yolo_detector/build/lib/yolo_detector
copying yolo_detector/cmd_vel_limiter.py -> /Pav-S_ws/build/yolo_detector/build/lib/yolo_detector
copying yolo_detector/yolo_node.py -> /Pav-S_ws/build/yolo_detector/build/lib/yolo_detector
copying yolo_detector/__init__.py -> /Pav-S_ws/build/yolo_detector/build/lib/yolo_detector
running install
running install_lib
creating /Pav-S_ws/install/yolo_detector/lib/python3.10/site-packages/yolo_detector
copying /Pav-S_ws/build/yolo_detector/build/lib/yolo_detector/detector_module.py -> /Pav-S_ws/install/yolo_detector/lib/python3.10/site-packages/yolo_detector
copying /Pav-S_ws/build/yolo_detector/build/lib/yolo_detector/cmd_vel_limiter.py -> /Pav-S_ws/install/yolo_detector/lib/python3.10/site-packages/yolo_detector
copying /Pav-S_ws/build/yolo_detector/build/lib/yolo_detector/yolo_node.py -> /Pav-S_ws/install/yolo_detector/lib/python3.10/site-packages/yolo_detector
copying /Pav-S_ws/build/yolo_detector/build/lib/yolo_detector/__init__.py -> /Pav-S_ws/install/yolo_detector/lib/python3.10/site-packages/yolo_detector
byte-compiling /Pav-S_ws/install/yolo_detector/lib/python3.10/site-packages/yolo_detector/detector_module.py to detector_module.cpython-310.pyc
byte-compiling /Pav-S_ws/install/yolo_detector/lib/python3.10/site-packages/yolo_detector/cmd_vel_limiter.py to cmd_vel_limiter.cpython-310.pyc
byte-compiling /Pav-S_ws/install/yolo_detector/lib/python3.10/site-packages/yolo_detector/yolo_node.py to yolo_node.cpython-310.pyc
byte-compiling /Pav-S_ws/install/yolo_detector/lib/python3.10/site-packages/yolo_detector/__init__.py to __init__.cpython-310.pyc
running install_data
creating /Pav-S_ws/install/yolo_detector/share/ament_index
creating /Pav-S_ws/install/yolo_detector/share/ament_index/resource_index
creating /Pav-S_ws/install/yolo_detector/share/ament_index/resource_index/packages
copying resource/yolo_detector -> /Pav-S_ws/install/yolo_detector/share/ament_index/resource_index/packages
copying package.xml -> /Pav-S_ws/install/yolo_detector/share/yolo_detector
creating /Pav-S_ws/install/yolo_detector/share/yolo_detector/launch
copying launch/yolo_detect.launch.py -> /Pav-S_ws/install/yolo_detector/share/yolo_detector/launch
creating /Pav-S_ws/install/yolo_detector/share/yolo_detector/config
copying config/params.yaml -> /Pav-S_ws/install/yolo_detector/share/yolo_detector/config
running install_egg_info
Copying ../../build/yolo_detector/yolo_detector.egg-info to /Pav-S_ws/install/yolo_detector/lib/python3.10/site-packages/yolo_detector-0.0.0-py3.10.egg-info
running install_scripts
Installing cmd_vel_limiter script to /Pav-S_ws/install/yolo_detector/lib/yolo_detector
Installing yolo_node script to /Pav-S_ws/install/yolo_detector/lib/yolo_detector
writing list of installed files to '/Pav-S_ws/build/yolo_detector/install.log'
