[4.471s] Invoking command in '/Pav-S_ws/src/yolo_detector': AMENT_PREFIX_PATH=/Pav-S_ws/install/yolov5_lib:/ws_livox/install/pointcloud_to_laserscan:/ws_livox/install/livox_ros_driver2:/Pav-S_ws/install/yolo_detector:/Pav-S_ws/install/wheeltec_robot_urdf:/Pav-S_ws/install/turn_on_wheeltec_robot:/Pav-S_ws/install/wheeltec_robot_msg:/Pav-S_ws/install/usb_cam:/Pav-S_ws/install/serial:/Pav-S_ws/install/robot_kcf:/Pav-S_ws/install/nav2_bringup:/Pav-S_ws/install/navigation2:/Pav-S_ws/install/nav2_smoother:/Pav-S_ws/install/nav2_rotation_shim_controller:/Pav-S_ws/install/nav2_graceful_controller:/Pav-S_ws/install/nav2_dwb_controller:/Pav-S_ws/install/nav2_controller:/Pav-S_ws/install/dwb_plugins:/Pav-S_ws/install/dwb_critics:/Pav-S_ws/install/dwb_core:/Pav-S_ws/install/nav_2d_utils:/Pav-S_ws/install/dwb_msgs:/Pav-S_ws/install/nav_2d_msgs:/Pav-S_ws/install/nav2_waypoint_follower:/Pav-S_ws/install/nav2_theta_star_planner:/Pav-S_ws/install/nav2_smac_planner:/Pav-S_ws/install/nav2_regulated_pure_pursuit_controller:/Pav-S_ws/install/nav2_planner:/Pav-S_ws/install/nav2_navfn_planner:/Pav-S_ws/install/nav2_mppi_controller:/Pav-S_ws/install/nav2_constrained_smoother:/Pav-S_ws/install/nav2_bt_navigator:/Pav-S_ws/install/nav2_behaviors:/Pav-S_ws/install/nav2_core:/Pav-S_ws/install/nav2_collision_monitor:/Pav-S_ws/install/costmap_queue:/Pav-S_ws/install/nav2_costmap_2d:/Pav-S_ws/install/nav2_voxel_grid:/Pav-S_ws/install/nav2_velocity_smoother:/Pav-S_ws/install/nav2_rviz_plugins:/Pav-S_ws/install/nav2_map_server:/Pav-S_ws/install/nav2_lifecycle_manager:/Pav-S_ws/install/nav2_behavior_tree:/Pav-S_ws/install/nav2_amcl:/Pav-S_ws/install/nav2_util:/Pav-S_ws/install/nav2_simple_commander:/Pav-S_ws/install/nav2_msgs:/Pav-S_ws/install/nav2_common:/Pav-S_ws/install/fast_lio:/Pav-S_ws/install/astra_camera:/Pav-S_ws/install/astra_camera_msgs:/opt/ros/humble PYTHONPATH=/Pav-S_ws/build/yolo_detector/prefix_override:/usr/lib/python3/dist-packages/colcon_core/task/python/colcon_distutils_commands:/Pav-S_ws/install/yolo_detector/lib/python3.10/site-packages:/Pav-S_ws/install/yolov5_lib/lib/python3.10/site-packages:/ws_livox/install/livox_ros_driver2/local/lib/python3.10/dist-packages:/Pav-S_ws/install/yolo_detector/lib/python3.10/site-packages:/Pav-S_ws/install/turn_on_wheeltec_robot/local/lib/python3.10/dist-packages:/Pav-S_ws/install/wheeltec_robot_msg/local/lib/python3.10/dist-packages:/Pav-S_ws/install/dwb_msgs/local/lib/python3.10/dist-packages:/Pav-S_ws/install/nav_2d_msgs/local/lib/python3.10/dist-packages:/Pav-S_ws/install/nav2_simple_commander/lib/python3.10/site-packages:/Pav-S_ws/install/nav2_msgs/local/lib/python3.10/dist-packages:/Pav-S_ws/install/nav2_common/local/lib/python3.10/dist-packages:/Pav-S_ws/install/fast_lio/local/lib/python3.10/dist-packages:/Pav-S_ws/install/astra_camera_msgs/local/lib/python3.10/dist-packages:/opt/ros/humble/lib/python3.10/site-packages:/opt/ros/humble/local/lib/python3.10/dist-packages /usr/bin/python3 -W ignore:setup.py install is deprecated -W ignore:easy_install command is deprecated setup.py egg_info --egg-base ../../build/yolo_detector build --build-base /Pav-S_ws/build/yolo_detector/build install --record /Pav-S_ws/build/yolo_detector/install.log --single-version-externally-managed install_data
[7.275s] running egg_info
[7.276s] creating ../../build/yolo_detector/yolo_detector.egg-info
[7.276s] writing ../../build/yolo_detector/yolo_detector.egg-info/PKG-INFO
[7.276s] writing dependency_links to ../../build/yolo_detector/yolo_detector.egg-info/dependency_links.txt
[7.276s] writing entry points to ../../build/yolo_detector/yolo_detector.egg-info/entry_points.txt
[7.276s] writing requirements to ../../build/yolo_detector/yolo_detector.egg-info/requires.txt
[7.276s] writing top-level names to ../../build/yolo_detector/yolo_detector.egg-info/top_level.txt
[7.276s] writing manifest file '../../build/yolo_detector/yolo_detector.egg-info/SOURCES.txt'
[7.276s] reading manifest file '../../build/yolo_detector/yolo_detector.egg-info/SOURCES.txt'
[7.276s] writing manifest file '../../build/yolo_detector/yolo_detector.egg-info/SOURCES.txt'
[7.277s] running build
[7.277s] running build_py
[7.277s] creating /Pav-S_ws/build/yolo_detector/build
[7.277s] creating /Pav-S_ws/build/yolo_detector/build/lib
[7.277s] creating /Pav-S_ws/build/yolo_detector/build/lib/yolo_detector
[7.278s] copying yolo_detector/detector_module.py -> /Pav-S_ws/build/yolo_detector/build/lib/yolo_detector
[7.278s] copying yolo_detector/cmd_vel_limiter.py -> /Pav-S_ws/build/yolo_detector/build/lib/yolo_detector
[7.278s] copying yolo_detector/yolo_node.py -> /Pav-S_ws/build/yolo_detector/build/lib/yolo_detector
[7.278s] copying yolo_detector/__init__.py -> /Pav-S_ws/build/yolo_detector/build/lib/yolo_detector
[7.278s] running install
[7.278s] running install_lib
[7.278s] creating /Pav-S_ws/install/yolo_detector/lib/python3.10/site-packages/yolo_detector
[7.278s] copying /Pav-S_ws/build/yolo_detector/build/lib/yolo_detector/detector_module.py -> /Pav-S_ws/install/yolo_detector/lib/python3.10/site-packages/yolo_detector
[7.278s] copying /Pav-S_ws/build/yolo_detector/build/lib/yolo_detector/cmd_vel_limiter.py -> /Pav-S_ws/install/yolo_detector/lib/python3.10/site-packages/yolo_detector
[7.279s] copying /Pav-S_ws/build/yolo_detector/build/lib/yolo_detector/yolo_node.py -> /Pav-S_ws/install/yolo_detector/lib/python3.10/site-packages/yolo_detector
[7.279s] copying /Pav-S_ws/build/yolo_detector/build/lib/yolo_detector/__init__.py -> /Pav-S_ws/install/yolo_detector/lib/python3.10/site-packages/yolo_detector
[7.279s] byte-compiling /Pav-S_ws/install/yolo_detector/lib/python3.10/site-packages/yolo_detector/detector_module.py to detector_module.cpython-310.pyc
[7.279s] byte-compiling /Pav-S_ws/install/yolo_detector/lib/python3.10/site-packages/yolo_detector/cmd_vel_limiter.py to cmd_vel_limiter.cpython-310.pyc
[7.279s] byte-compiling /Pav-S_ws/install/yolo_detector/lib/python3.10/site-packages/yolo_detector/yolo_node.py to yolo_node.cpython-310.pyc
[7.279s] byte-compiling /Pav-S_ws/install/yolo_detector/lib/python3.10/site-packages/yolo_detector/__init__.py to __init__.cpython-310.pyc
[7.279s] running install_data
[7.279s] creating /Pav-S_ws/install/yolo_detector/share/ament_index
[7.279s] creating /Pav-S_ws/install/yolo_detector/share/ament_index/resource_index
[7.280s] creating /Pav-S_ws/install/yolo_detector/share/ament_index/resource_index/packages
[7.280s] copying resource/yolo_detector -> /Pav-S_ws/install/yolo_detector/share/ament_index/resource_index/packages
[7.280s] copying package.xml -> /Pav-S_ws/install/yolo_detector/share/yolo_detector
[7.280s] creating /Pav-S_ws/install/yolo_detector/share/yolo_detector/launch
[7.280s] copying launch/yolo_detect.launch.py -> /Pav-S_ws/install/yolo_detector/share/yolo_detector/launch
[7.280s] creating /Pav-S_ws/install/yolo_detector/share/yolo_detector/config
[7.280s] copying config/params.yaml -> /Pav-S_ws/install/yolo_detector/share/yolo_detector/config
[7.280s] running install_egg_info
[7.280s] Copying ../../build/yolo_detector/yolo_detector.egg-info to /Pav-S_ws/install/yolo_detector/lib/python3.10/site-packages/yolo_detector-0.0.0-py3.10.egg-info
[7.281s] running install_scripts
[7.281s] Installing cmd_vel_limiter script to /Pav-S_ws/install/yolo_detector/lib/yolo_detector
[7.281s] Installing yolo_node script to /Pav-S_ws/install/yolo_detector/lib/yolo_detector
[7.281s] writing list of installed files to '/Pav-S_ws/build/yolo_detector/install.log'
[7.313s] Invoked command in '/Pav-S_ws/src/yolo_detector' returned '0': AMENT_PREFIX_PATH=/Pav-S_ws/install/yolov5_lib:/ws_livox/install/pointcloud_to_laserscan:/ws_livox/install/livox_ros_driver2:/Pav-S_ws/install/yolo_detector:/Pav-S_ws/install/wheeltec_robot_urdf:/Pav-S_ws/install/turn_on_wheeltec_robot:/Pav-S_ws/install/wheeltec_robot_msg:/Pav-S_ws/install/usb_cam:/Pav-S_ws/install/serial:/Pav-S_ws/install/robot_kcf:/Pav-S_ws/install/nav2_bringup:/Pav-S_ws/install/navigation2:/Pav-S_ws/install/nav2_smoother:/Pav-S_ws/install/nav2_rotation_shim_controller:/Pav-S_ws/install/nav2_graceful_controller:/Pav-S_ws/install/nav2_dwb_controller:/Pav-S_ws/install/nav2_controller:/Pav-S_ws/install/dwb_plugins:/Pav-S_ws/install/dwb_critics:/Pav-S_ws/install/dwb_core:/Pav-S_ws/install/nav_2d_utils:/Pav-S_ws/install/dwb_msgs:/Pav-S_ws/install/nav_2d_msgs:/Pav-S_ws/install/nav2_waypoint_follower:/Pav-S_ws/install/nav2_theta_star_planner:/Pav-S_ws/install/nav2_smac_planner:/Pav-S_ws/install/nav2_regulated_pure_pursuit_controller:/Pav-S_ws/install/nav2_planner:/Pav-S_ws/install/nav2_navfn_planner:/Pav-S_ws/install/nav2_mppi_controller:/Pav-S_ws/install/nav2_constrained_smoother:/Pav-S_ws/install/nav2_bt_navigator:/Pav-S_ws/install/nav2_behaviors:/Pav-S_ws/install/nav2_core:/Pav-S_ws/install/nav2_collision_monitor:/Pav-S_ws/install/costmap_queue:/Pav-S_ws/install/nav2_costmap_2d:/Pav-S_ws/install/nav2_voxel_grid:/Pav-S_ws/install/nav2_velocity_smoother:/Pav-S_ws/install/nav2_rviz_plugins:/Pav-S_ws/install/nav2_map_server:/Pav-S_ws/install/nav2_lifecycle_manager:/Pav-S_ws/install/nav2_behavior_tree:/Pav-S_ws/install/nav2_amcl:/Pav-S_ws/install/nav2_util:/Pav-S_ws/install/nav2_simple_commander:/Pav-S_ws/install/nav2_msgs:/Pav-S_ws/install/nav2_common:/Pav-S_ws/install/fast_lio:/Pav-S_ws/install/astra_camera:/Pav-S_ws/install/astra_camera_msgs:/opt/ros/humble PYTHONPATH=/Pav-S_ws/build/yolo_detector/prefix_override:/usr/lib/python3/dist-packages/colcon_core/task/python/colcon_distutils_commands:/Pav-S_ws/install/yolo_detector/lib/python3.10/site-packages:/Pav-S_ws/install/yolov5_lib/lib/python3.10/site-packages:/ws_livox/install/livox_ros_driver2/local/lib/python3.10/dist-packages:/Pav-S_ws/install/yolo_detector/lib/python3.10/site-packages:/Pav-S_ws/install/turn_on_wheeltec_robot/local/lib/python3.10/dist-packages:/Pav-S_ws/install/wheeltec_robot_msg/local/lib/python3.10/dist-packages:/Pav-S_ws/install/dwb_msgs/local/lib/python3.10/dist-packages:/Pav-S_ws/install/nav_2d_msgs/local/lib/python3.10/dist-packages:/Pav-S_ws/install/nav2_simple_commander/lib/python3.10/site-packages:/Pav-S_ws/install/nav2_msgs/local/lib/python3.10/dist-packages:/Pav-S_ws/install/nav2_common/local/lib/python3.10/dist-packages:/Pav-S_ws/install/fast_lio/local/lib/python3.10/dist-packages:/Pav-S_ws/install/astra_camera_msgs/local/lib/python3.10/dist-packages:/opt/ros/humble/lib/python3.10/site-packages:/opt/ros/humble/local/lib/python3.10/dist-packages /usr/bin/python3 -W ignore:setup.py install is deprecated -W ignore:easy_install command is deprecated setup.py egg_info --egg-base ../../build/yolo_detector build --build-base /Pav-S_ws/build/yolo_detector/build install --record /Pav-S_ws/build/yolo_detector/install.log --single-version-externally-managed install_data
