[0.332s] Invoking command in '/Pav-S_ws/build/nav2_regulated_pure_pursuit_controller': CMAKE_PREFIX_PATH=/Pav-S_ws/install/nav2_core:/Pav-S_ws/install/nav2_costmap_2d:/Pav-S_ws/install/nav2_map_server:/Pav-S_ws/install/nav2_lifecycle_manager:/Pav-S_ws/install/nav2_util:/Pav-S_ws/install/nav2_voxel_grid:/Pav-S_ws/install/nav2_msgs:/Pav-S_ws/install/nav2_common:/Pav-S_ws/install/nav2_behavior_tree:/Pav-S_ws/install/nav2_dwb_controller:/Pav-S_ws/install/nav2_controller:/Pav-S_ws/install/nav2_planner:/Pav-S_ws/install/dwb_plugins:/Pav-S_ws/install/dwb_critics:/Pav-S_ws/install/dwb_core:/Pav-S_ws/install/nav_2d_utils:/Pav-S_ws/install/costmap_queue:/ws_livox/install/pointcloud_to_laserscan:/ws_livox/install/livox_ros_driver2:/Pav-S_ws/install/wheeltec_robot_urdf:/Pav-S_ws/install/turn_on_wheeltec_robot:/Pav-S_ws/install/wheeltec_robot_msg:/Pav-S_ws/install/usb_cam:/Pav-S_ws/install/serial:/Pav-S_ws/install/robot_kcf:/Pav-S_ws/install/dwb_msgs:/Pav-S_ws/install/nav_2d_msgs:/Pav-S_ws/install/libuvc:/Pav-S_ws/install/fast_lio:/Pav-S_ws/install/astra_camera:/Pav-S_ws/install/astra_camera_msgs:/Pav-S_ws/install/yolo_detector:/Pav-S_ws/install/yolov5_lib:/Pav-S_ws/install/nav2_simple_commander:/opt/ros/humble LD_LIBRARY_PATH=/Pav-S_ws/install/nav2_costmap_2d/lib:/Pav-S_ws/install/nav2_map_server/lib:/Pav-S_ws/install/nav2_lifecycle_manager/lib:/Pav-S_ws/install/nav2_util/lib:/Pav-S_ws/install/nav2_voxel_grid/lib:/Pav-S_ws/install/nav2_msgs/lib:/Pav-S_ws/install/nav2_behavior_tree/lib:/Pav-S_ws/install/nav2_controller/lib:/Pav-S_ws/install/nav2_planner/lib:/Pav-S_ws/install/dwb_plugins/lib:/Pav-S_ws/install/dwb_critics/lib:/Pav-S_ws/install/dwb_core/lib:/Pav-S_ws/install/nav_2d_utils/lib:/Pav-S_ws/install/costmap_queue/lib:/usr/local/cuda-12.2/lib64:/ws_livox/install/pointcloud_to_laserscan/lib:/ws_livox/install/livox_ros_driver2/lib:/Pav-S_ws/install/turn_on_wheeltec_robot/lib:/Pav-S_ws/install/wheeltec_robot_msg/lib:/Pav-S_ws/install/usb_cam/lib:/Pav-S_ws/install/serial/lib:/Pav-S_ws/install/dwb_msgs/lib:/Pav-S_ws/install/nav_2d_msgs/lib:/Pav-S_ws/install/libuvc/lib:/Pav-S_ws/install/fast_lio/lib:/Pav-S_ws/install/astra_camera/lib:/Pav-S_ws/install/astra_camera_msgs/lib:/opt/ros/humble/opt/rviz_ogre_vendor/lib:/opt/ros/humble/lib/aarch64-linux-gnu:/opt/ros/humble/lib:/usr/local/cuda-12.2/lib64 /usr/bin/cmake /Pav-S_ws/src/navigation2-humble/nav2_regulated_pure_pursuit_controller -DCMAKE_INSTALL_PREFIX=/Pav-S_ws/install/nav2_regulated_pure_pursuit_controller
[1.325s] -- The C compiler identification is GNU 11.4.0
[1.325s] -- The CXX compiler identification is GNU 11.4.0
[1.326s] -- Detecting C compiler ABI info
[1.446s] -- Detecting C compiler ABI info - done
[1.471s] -- Check for working C compiler: /usr/bin/cc - skipped
[1.471s] -- Detecting C compile features
[1.472s] -- Detecting C compile features - done
[1.479s] -- Detecting CXX compiler ABI info
[1.968s] -- Detecting CXX compiler ABI info - done
[1.994s] -- Check for working CXX compiler: /usr/bin/c++ - skipped
[1.994s] -- Detecting CXX compile features
[1.995s] -- Detecting CXX compile features - done
[2.014s] -- Found ament_cmake: 1.3.12 (/opt/ros/humble/share/ament_cmake/cmake)
[2.880s] -- Found Python3: /usr/bin/python3 (found version "3.10.12") found components: Interpreter 
[3.379s] -- Found nav2_common: 1.1.18 (/Pav-S_ws/install/nav2_common/share/nav2_common/cmake)
[3.381s] -- Found nav2_core: 1.1.18 (/Pav-S_ws/install/nav2_core/share/nav2_core/cmake)
[3.590s] -- Found rosidl_generator_c: 3.1.7 (/opt/ros/humble/share/rosidl_generator_c/cmake)
[3.633s] -- Found rosidl_adapter: 3.1.7 (/opt/ros/humble/share/rosidl_adapter/cmake)
[3.660s] -- Found rosidl_generator_cpp: 3.1.7 (/opt/ros/humble/share/rosidl_generator_cpp/cmake)
[3.697s] -- Using all available rosidl_typesupport_c: rosidl_typesupport_fastrtps_c;rosidl_typesupport_introspection_c
[3.782s] -- Using all available rosidl_typesupport_cpp: rosidl_typesupport_fastrtps_cpp;rosidl_typesupport_introspection_cpp
[3.992s] -- Found rmw_implementation_cmake: 6.1.2 (/opt/ros/humble/share/rmw_implementation_cmake/cmake)
[4.018s] -- Found rmw_fastrtps_cpp: 6.2.8 (/opt/ros/humble/share/rmw_fastrtps_cpp/cmake)
[4.444s] -- Found OpenSSL: /usr/lib/aarch64-linux-gnu/libcrypto.so (found version "3.0.2")  
[4.538s] -- Found FastRTPS: /opt/ros/humble/include  
[4.673s] -- Using RMW implementation 'rmw_fastrtps_cpp' as default
[4.718s] -- Looking for pthread.h
[5.109s] -- Looking for pthread.h - found
[5.109s] -- Performing Test CMAKE_HAVE_LIBC_PTHREAD
[5.461s] -- Performing Test CMAKE_HAVE_LIBC_PTHREAD - Success
[5.463s] -- Found Threads: TRUE  
[6.388s] -- Found Eigen3: TRUE (found version "3.4.0") 
[6.388s] -- Ensuring Eigen3 include directory is part of orocos-kdl CMake target
[6.716s] -- Setting build type to Release as none was specified.
[6.962s] -- Found ament_lint_auto: 0.12.14 (/opt/ros/humble/share/ament_lint_auto/cmake)
[7.277s] -- Found gtest sources under '/opt/ros/humble/src/gtest_vendor': C++ tests using 'Google Test' will be built
[7.690s] -- Added test 'cppcheck' to perform static code analysis on C / C++ code
[7.691s] -- Configured cppcheck include dirs: /Pav-S_ws/src/navigation2-humble/nav2_regulated_pure_pursuit_controller/include
[7.692s] -- Configured cppcheck exclude dirs and/or files: 
[7.695s] -- Added test 'cpplint' to check C / C++ code against the Google style
[7.696s] -- Configured cpplint exclude dirs and/or files: 
[7.698s] -- Added test 'lint_cmake' to check CMake code style
[7.702s] -- Added test 'uncrustify' to check C / C++ code style
[7.702s] -- Configured uncrustify additional arguments: 
[7.705s] -- Added test 'xmllint' to check XML markup files
[7.713s] -- Configuring done
[8.083s] -- Generating done
[8.119s] -- Build files have been written to: /Pav-S_ws/build/nav2_regulated_pure_pursuit_controller
[8.178s] Invoked command in '/Pav-S_ws/build/nav2_regulated_pure_pursuit_controller' returned '0': CMAKE_PREFIX_PATH=/Pav-S_ws/install/nav2_core:/Pav-S_ws/install/nav2_costmap_2d:/Pav-S_ws/install/nav2_map_server:/Pav-S_ws/install/nav2_lifecycle_manager:/Pav-S_ws/install/nav2_util:/Pav-S_ws/install/nav2_voxel_grid:/Pav-S_ws/install/nav2_msgs:/Pav-S_ws/install/nav2_common:/Pav-S_ws/install/nav2_behavior_tree:/Pav-S_ws/install/nav2_dwb_controller:/Pav-S_ws/install/nav2_controller:/Pav-S_ws/install/nav2_planner:/Pav-S_ws/install/dwb_plugins:/Pav-S_ws/install/dwb_critics:/Pav-S_ws/install/dwb_core:/Pav-S_ws/install/nav_2d_utils:/Pav-S_ws/install/costmap_queue:/ws_livox/install/pointcloud_to_laserscan:/ws_livox/install/livox_ros_driver2:/Pav-S_ws/install/wheeltec_robot_urdf:/Pav-S_ws/install/turn_on_wheeltec_robot:/Pav-S_ws/install/wheeltec_robot_msg:/Pav-S_ws/install/usb_cam:/Pav-S_ws/install/serial:/Pav-S_ws/install/robot_kcf:/Pav-S_ws/install/dwb_msgs:/Pav-S_ws/install/nav_2d_msgs:/Pav-S_ws/install/libuvc:/Pav-S_ws/install/fast_lio:/Pav-S_ws/install/astra_camera:/Pav-S_ws/install/astra_camera_msgs:/Pav-S_ws/install/yolo_detector:/Pav-S_ws/install/yolov5_lib:/Pav-S_ws/install/nav2_simple_commander:/opt/ros/humble LD_LIBRARY_PATH=/Pav-S_ws/install/nav2_costmap_2d/lib:/Pav-S_ws/install/nav2_map_server/lib:/Pav-S_ws/install/nav2_lifecycle_manager/lib:/Pav-S_ws/install/nav2_util/lib:/Pav-S_ws/install/nav2_voxel_grid/lib:/Pav-S_ws/install/nav2_msgs/lib:/Pav-S_ws/install/nav2_behavior_tree/lib:/Pav-S_ws/install/nav2_controller/lib:/Pav-S_ws/install/nav2_planner/lib:/Pav-S_ws/install/dwb_plugins/lib:/Pav-S_ws/install/dwb_critics/lib:/Pav-S_ws/install/dwb_core/lib:/Pav-S_ws/install/nav_2d_utils/lib:/Pav-S_ws/install/costmap_queue/lib:/usr/local/cuda-12.2/lib64:/ws_livox/install/pointcloud_to_laserscan/lib:/ws_livox/install/livox_ros_driver2/lib:/Pav-S_ws/install/turn_on_wheeltec_robot/lib:/Pav-S_ws/install/wheeltec_robot_msg/lib:/Pav-S_ws/install/usb_cam/lib:/Pav-S_ws/install/serial/lib:/Pav-S_ws/install/dwb_msgs/lib:/Pav-S_ws/install/nav_2d_msgs/lib:/Pav-S_ws/install/libuvc/lib:/Pav-S_ws/install/fast_lio/lib:/Pav-S_ws/install/astra_camera/lib:/Pav-S_ws/install/astra_camera_msgs/lib:/opt/ros/humble/opt/rviz_ogre_vendor/lib:/opt/ros/humble/lib/aarch64-linux-gnu:/opt/ros/humble/lib:/usr/local/cuda-12.2/lib64 /usr/bin/cmake /Pav-S_ws/src/navigation2-humble/nav2_regulated_pure_pursuit_controller -DCMAKE_INSTALL_PREFIX=/Pav-S_ws/install/nav2_regulated_pure_pursuit_controller
[8.179s] Invoking command in '/Pav-S_ws/build/nav2_regulated_pure_pursuit_controller': CMAKE_PREFIX_PATH=/Pav-S_ws/install/nav2_core:/Pav-S_ws/install/nav2_costmap_2d:/Pav-S_ws/install/nav2_map_server:/Pav-S_ws/install/nav2_lifecycle_manager:/Pav-S_ws/install/nav2_util:/Pav-S_ws/install/nav2_voxel_grid:/Pav-S_ws/install/nav2_msgs:/Pav-S_ws/install/nav2_common:/Pav-S_ws/install/nav2_behavior_tree:/Pav-S_ws/install/nav2_dwb_controller:/Pav-S_ws/install/nav2_controller:/Pav-S_ws/install/nav2_planner:/Pav-S_ws/install/dwb_plugins:/Pav-S_ws/install/dwb_critics:/Pav-S_ws/install/dwb_core:/Pav-S_ws/install/nav_2d_utils:/Pav-S_ws/install/costmap_queue:/ws_livox/install/pointcloud_to_laserscan:/ws_livox/install/livox_ros_driver2:/Pav-S_ws/install/wheeltec_robot_urdf:/Pav-S_ws/install/turn_on_wheeltec_robot:/Pav-S_ws/install/wheeltec_robot_msg:/Pav-S_ws/install/usb_cam:/Pav-S_ws/install/serial:/Pav-S_ws/install/robot_kcf:/Pav-S_ws/install/dwb_msgs:/Pav-S_ws/install/nav_2d_msgs:/Pav-S_ws/install/libuvc:/Pav-S_ws/install/fast_lio:/Pav-S_ws/install/astra_camera:/Pav-S_ws/install/astra_camera_msgs:/Pav-S_ws/install/yolo_detector:/Pav-S_ws/install/yolov5_lib:/Pav-S_ws/install/nav2_simple_commander:/opt/ros/humble LD_LIBRARY_PATH=/Pav-S_ws/install/nav2_costmap_2d/lib:/Pav-S_ws/install/nav2_map_server/lib:/Pav-S_ws/install/nav2_lifecycle_manager/lib:/Pav-S_ws/install/nav2_util/lib:/Pav-S_ws/install/nav2_voxel_grid/lib:/Pav-S_ws/install/nav2_msgs/lib:/Pav-S_ws/install/nav2_behavior_tree/lib:/Pav-S_ws/install/nav2_controller/lib:/Pav-S_ws/install/nav2_planner/lib:/Pav-S_ws/install/dwb_plugins/lib:/Pav-S_ws/install/dwb_critics/lib:/Pav-S_ws/install/dwb_core/lib:/Pav-S_ws/install/nav_2d_utils/lib:/Pav-S_ws/install/costmap_queue/lib:/usr/local/cuda-12.2/lib64:/ws_livox/install/pointcloud_to_laserscan/lib:/ws_livox/install/livox_ros_driver2/lib:/Pav-S_ws/install/turn_on_wheeltec_robot/lib:/Pav-S_ws/install/wheeltec_robot_msg/lib:/Pav-S_ws/install/usb_cam/lib:/Pav-S_ws/install/serial/lib:/Pav-S_ws/install/dwb_msgs/lib:/Pav-S_ws/install/nav_2d_msgs/lib:/Pav-S_ws/install/libuvc/lib:/Pav-S_ws/install/fast_lio/lib:/Pav-S_ws/install/astra_camera/lib:/Pav-S_ws/install/astra_camera_msgs/lib:/opt/ros/humble/opt/rviz_ogre_vendor/lib:/opt/ros/humble/lib/aarch64-linux-gnu:/opt/ros/humble/lib:/usr/local/cuda-12.2/lib64 /usr/bin/cmake --build /Pav-S_ws/build/nav2_regulated_pure_pursuit_controller -- -j6 -l6
[8.554s] [  8%] [32mBuilding CXX object CMakeFiles/nav2_regulated_pure_pursuit_controller.dir/src/regulated_pure_pursuit_controller.cpp.o[0m
[8.564s] [ 16%] [32mBuilding CXX object gtest/CMakeFiles/gtest_main.dir/src/gtest_main.cc.o[0m
[8.564s] [ 25%] [32mBuilding CXX object gtest/CMakeFiles/gtest.dir/src/gtest-all.cc.o[0m
[13.251s] [ 33%] [32m[1mLinking CXX static library libgtest_main.a[0m
[13.473s] [ 33%] Built target gtest_main
[42.971s] [ 41%] [32m[1mLinking CXX static library libgtest.a[0m
[43.250s] [ 41%] Built target gtest
[48.980s] [ 50%] [32m[1mLinking CXX shared library libnav2_regulated_pure_pursuit_controller.so[0m
[50.211s] [ 50%] Built target nav2_regulated_pure_pursuit_controller
[50.283s] [ 58%] [32mBuilding CXX object test/CMakeFiles/test_path_utils.dir/path_utils/test_path_utils.cpp.o[0m
[55.169s] [ 66%] [32mBuilding CXX object test/CMakeFiles/test_path_utils.dir/path_utils/path_utils.cpp.o[0m
[63.421s] [ 75%] [32m[1mLinking CXX executable test_path_utils[0m
[63.738s] [ 75%] Built target test_path_utils
[63.805s] [ 83%] [32mBuilding CXX object test/CMakeFiles/test_regulated_pp.dir/test_regulated_pp.cpp.o[0m
[77.999s] [01m[K/Pav-S_ws/src/navigation2-humble/nav2_regulated_pure_pursuit_controller/test/test_regulated_pp.cpp:[m[K In lambda function:
[78.000s] [01m[K/Pav-S_ws/src/navigation2-humble/nav2_regulated_pure_pursuit_controller/test/test_regulated_pp.cpp:218:24:[m[K [01;36m[Knote: [m[Kparameter passing for argument of type ‘[01m[Kstd::pair<double, double>[m[K’ when C++17 is enabled changed to match C++14 ]8;;https://gcc.gnu.org/gcc-10/changes.html#empty_basein GCC 10.1]8;;
[78.000s]   218 |   auto pair_to_point = [01;36m[K[[m[K](std::pair<double, double> p) -> geometry_msgs::msg::Point {
[78.000s]       |                        [01;36m[K^[m[K
[87.708s] [ 91%] [32mBuilding CXX object test/CMakeFiles/test_regulated_pp.dir/path_utils/path_utils.cpp.o[0m
[95.658s] [100%] [32m[1mLinking CXX executable test_regulated_pp[0m
[96.740s] [100%] Built target test_regulated_pp
