[0.037s] Invoking command in '/Pav-S_ws/build/nav2_util': CMAKE_PREFIX_PATH=/Pav-S_ws/install/nav2_msgs:/Pav-S_ws/install/nav2_common:/ws_livox/install/pointcloud_to_laserscan:/ws_livox/install/livox_ros_driver2:/Pav-S_ws/install/wheeltec_robot_urdf:/Pav-S_ws/install/turn_on_wheeltec_robot:/Pav-S_ws/install/wheeltec_robot_msg:/Pav-S_ws/install/usb_cam:/Pav-S_ws/install/serial:/Pav-S_ws/install/robot_kcf:/Pav-S_ws/install/dwb_msgs:/Pav-S_ws/install/nav_2d_msgs:/Pav-S_ws/install/nav2_voxel_grid:/Pav-S_ws/install/nav2_util:/Pav-S_ws/install/libuvc:/Pav-S_ws/install/fast_lio:/Pav-S_ws/install/astra_camera:/Pav-S_ws/install/astra_camera_msgs:/Pav-S_ws/install/yolo_detector:/Pav-S_ws/install/yolov5_lib:/Pav-S_ws/install/nav2_simple_commander:/opt/ros/humble LD_LIBRARY_PATH=/Pav-S_ws/install/nav2_msgs/lib:/usr/local/cuda-12.2/lib64:/ws_livox/install/pointcloud_to_laserscan/lib:/ws_livox/install/livox_ros_driver2/lib:/Pav-S_ws/install/turn_on_wheeltec_robot/lib:/Pav-S_ws/install/wheeltec_robot_msg/lib:/Pav-S_ws/install/usb_cam/lib:/Pav-S_ws/install/serial/lib:/Pav-S_ws/install/dwb_msgs/lib:/Pav-S_ws/install/nav_2d_msgs/lib:/Pav-S_ws/install/nav2_voxel_grid/lib:/Pav-S_ws/install/nav2_util/lib:/Pav-S_ws/install/libuvc/lib:/Pav-S_ws/install/fast_lio/lib:/Pav-S_ws/install/astra_camera/lib:/Pav-S_ws/install/astra_camera_msgs/lib:/opt/ros/humble/opt/rviz_ogre_vendor/lib:/opt/ros/humble/lib/aarch64-linux-gnu:/opt/ros/humble/lib:/usr/local/cuda-12.2/lib64 /usr/bin/cmake --build /Pav-S_ws/build/nav2_util -- -j6 -l6
[0.125s] -- Found ament_cmake: 1.3.12 (/opt/ros/humble/share/ament_cmake/cmake)
[0.522s] -- Found nav2_common: 1.1.18 (/Pav-S_ws/install/nav2_common/share/nav2_common/cmake)
[0.522s] -- Found nav2_msgs: 1.1.18 (/Pav-S_ws/install/nav2_msgs/share/nav2_msgs/cmake)
[0.579s] -- Found rosidl_generator_c: 3.1.7 (/opt/ros/humble/share/rosidl_generator_c/cmake)
[0.584s] -- Found rosidl_adapter: 3.1.7 (/opt/ros/humble/share/rosidl_adapter/cmake)
[0.596s] -- Found rosidl_generator_cpp: 3.1.7 (/opt/ros/humble/share/rosidl_generator_cpp/cmake)
[0.618s] -- Using all available rosidl_typesupport_c: rosidl_typesupport_fastrtps_c;rosidl_typesupport_introspection_c
[0.647s] -- Using all available rosidl_typesupport_cpp: rosidl_typesupport_fastrtps_cpp;rosidl_typesupport_introspection_cpp
[0.869s] -- Found tf2_ros: 0.25.16 (/opt/ros/humble/share/tf2_ros/cmake)
[0.943s] -- Found rmw_implementation_cmake: 6.1.2 (/opt/ros/humble/share/rmw_implementation_cmake/cmake)
[0.946s] -- Found rmw_fastrtps_cpp: 6.2.8 (/opt/ros/humble/share/rmw_fastrtps_cpp/cmake)
[1.185s] -- Using RMW implementation 'rmw_fastrtps_cpp' as default
[1.354s] -- Found tf2_geometry_msgs: 0.25.16 (/opt/ros/humble/share/tf2_geometry_msgs/cmake)
[1.362s] -- Found eigen3_cmake_module: 0.1.1 (/opt/ros/humble/share/eigen3_cmake_module/cmake)
[1.362s] -- Ensuring Eigen3 include directory is part of orocos-kdl CMake target
[1.362s] -- Found lifecycle_msgs: 1.2.2 (/opt/ros/humble/share/lifecycle_msgs/cmake)
[1.374s] -- Found rclcpp_lifecycle: 16.0.15 (/opt/ros/humble/share/rclcpp_lifecycle/cmake)
[1.388s] -- Found bondcpp: 4.1.2 (/opt/ros/humble/share/bondcpp/cmake)
[1.455s] -- Found ament_lint_auto: 0.12.14 (/opt/ros/humble/share/ament_lint_auto/cmake)
[1.456s] -- Found ament_cmake_pytest: 1.3.12 (/opt/ros/humble/share/ament_cmake_pytest/cmake)
[1.458s] -- Found launch_testing_ament_cmake: 1.0.10 (/opt/ros/humble/share/launch_testing_ament_cmake/cmake)
[1.459s] -- Found python_cmake_module: 0.10.0 (/opt/ros/humble/share/python_cmake_module/cmake)
[1.516s] -- Using PYTHON_EXECUTABLE: /usr/bin/python3
[1.518s] -- Using PYTHON_INCLUDE_DIRS: /usr/include/python3.10
[1.518s] -- Using PYTHON_LIBRARIES: /usr/lib/aarch64-linux-gnu/libpython3.10.so
[1.778s] -- Found gtest sources under '/opt/ros/humble/src/gtest_vendor': C++ tests using 'Google Test' will be built
[1.848s] -- Added test 'copyright' to check source files copyright and LICENSE
[1.852s] -- Added test 'cppcheck' to perform static code analysis on C / C++ code
[1.852s] -- Configured cppcheck include dirs: /Pav-S_ws/src/navigation2-humble/nav2_util/include
[1.852s] -- Configured cppcheck exclude dirs and/or files: 
[1.855s] -- Added test 'cpplint' to check C / C++ code against the Google style
[1.855s] -- Configured cpplint exclude dirs and/or files: 
[1.857s] -- Added test 'lint_cmake' to check CMake code style
[1.861s] -- Added test 'uncrustify' to check C / C++ code style
[1.861s] -- Configured uncrustify additional arguments: 
[1.862s] -- Added test 'xmllint' to check XML markup files
[1.866s] -- Configuring done
[2.045s] -- Generating done
[2.112s] -- Build files have been written to: /Pav-S_ws/build/nav2_util
[2.195s] [35m[1mConsolidate compiler generated dependencies of target gtest_main[0m
[2.195s] [35m[1mConsolidate compiler generated dependencies of target gtest[0m
[2.212s] [35m[1mConsolidate compiler generated dependencies of target nav2_util_core[0m
[2.227s] [  5%] Built target gtest
[2.228s] [ 10%] Built target gtest_main
[2.254s] [35m[1mConsolidate compiler generated dependencies of target test_execution_timer[0m
[2.287s] [ 15%] Built target test_execution_timer
[2.293s] [ 40%] Built target nav2_util_core
[2.319s] [35m[1mConsolidate compiler generated dependencies of target test_string_utils[0m
[2.320s] [35m[1mConsolidate compiler generated dependencies of target lifecycle_bringup[0m
[2.325s] [35m[1mConsolidate compiler generated dependencies of target test_actions[0m
[2.325s] [35m[1mConsolidate compiler generated dependencies of target test_service_client[0m
[2.337s] [35m[1mConsolidate compiler generated dependencies of target test_node_utils[0m
[2.358s] [35m[1mConsolidate compiler generated dependencies of target test_lifecycle_utils[0m
[2.387s] [ 45%] Built target test_string_utils
[2.388s] [ 50%] Built target test_service_client
[2.389s] [ 55%] Built target lifecycle_bringup
[2.401s] [ 60%] Built target test_node_utils
[2.408s] [ 65%] Built target test_lifecycle_utils
[2.408s] [ 70%] Built target test_actions
[2.428s] [35m[1mConsolidate compiler generated dependencies of target test_lifecycle_cli_node[0m
[2.432s] [35m[1mConsolidate compiler generated dependencies of target test_lifecycle_node[0m
[2.433s] [35m[1mConsolidate compiler generated dependencies of target test_geometry_utils[0m
[2.439s] [35m[1mConsolidate compiler generated dependencies of target test_odometry_utils[0m
[2.460s] [35m[1mConsolidate compiler generated dependencies of target test_validation_messages[0m
[2.466s] [35m[1mConsolidate compiler generated dependencies of target test_robot_utils[0m
[2.498s] [ 75%] Built target test_lifecycle_cli_node
[2.503s] [ 80%] Built target test_geometry_utils
[2.505s] [ 85%] Built target test_lifecycle_node
[2.514s] [ 92%] Built target test_odometry_utils
[2.514s] [ 95%] Built target test_validation_messages
[2.525s] [100%] Built target test_robot_utils
