[0.055s] Invoking command in '/Pav-S_ws/build/usb_cam': CMAKE_PREFIX_PATH=${CMAKE_PREFIX_PATH}:/Pav-S_ws/install/yolo_detector:/Pav-S_ws/install/yolov5_lib:/Pav-S_ws/install/nav2_simple_commander:/opt/ros/humble /usr/bin/cmake --build /Pav-S_ws/build/usb_cam -- -j6 -l6
[0.341s] [ 14%] Built target usb_cam
[0.346s] [ 28%] Built target usb_cam_node_exe
[0.400s] [ 42%] Built target gtest
[0.400s] [ 57%] Built target gtest_main
[0.442s] [ 71%] Built target usb_cam_node
[0.480s] [ 85%] Built target test_usb_cam_utils
[0.495s] [100%] Built target test_pixel_formats
[0.546s] Invoked command in '/Pav-S_ws/build/usb_cam' returned '0': CMAKE_PREFIX_PATH=${CMAKE_PREFIX_PATH}:/Pav-S_ws/install/yolo_detector:/Pav-S_ws/install/yolov5_lib:/Pav-S_ws/install/nav2_simple_commander:/opt/ros/humble /usr/bin/cmake --build /Pav-S_ws/build/usb_cam -- -j6 -l6
[0.551s] Invoking command in '/Pav-S_ws/build/usb_cam': CMAKE_PREFIX_PATH=${CMAKE_PREFIX_PATH}:/Pav-S_ws/install/yolo_detector:/Pav-S_ws/install/yolov5_lib:/Pav-S_ws/install/nav2_simple_commander:/opt/ros/humble /usr/bin/cmake --install /Pav-S_ws/build/usb_cam
[0.580s] -- Install configuration: "Release"
[0.581s] -- Up-to-date: /Pav-S_ws/install/usb_cam/share/usb_cam/environment/library_path.sh
[0.582s] -- Up-to-date: /Pav-S_ws/install/usb_cam/share/usb_cam/environment/library_path.dsv
[0.582s] -- Up-to-date: /Pav-S_ws/install/usb_cam/lib/usb_cam/usb_cam_node_exe
[0.583s] -- Up-to-date: /Pav-S_ws/install/usb_cam/lib/usb_cam/show_image.py
[0.584s] -- Up-to-date: /Pav-S_ws/install/usb_cam/lib/libusb_cam.so
[0.584s] -- Up-to-date: /Pav-S_ws/install/usb_cam/lib/libusb_cam_node.so
[0.585s] -- Up-to-date: /Pav-S_ws/install/usb_cam/include
[0.586s] -- Up-to-date: /Pav-S_ws/install/usb_cam/include/usb_cam
[0.586s] -- Up-to-date: /Pav-S_ws/install/usb_cam/include/usb_cam/utils.hpp
[0.587s] -- Up-to-date: /Pav-S_ws/install/usb_cam/include/usb_cam/formats
[0.587s] -- Up-to-date: /Pav-S_ws/install/usb_cam/include/usb_cam/formats/utils.hpp
[0.587s] -- Up-to-date: /Pav-S_ws/install/usb_cam/include/usb_cam/formats/yuyv.hpp
[0.588s] -- Up-to-date: /Pav-S_ws/install/usb_cam/include/usb_cam/formats/rgb.hpp
[0.588s] -- Up-to-date: /Pav-S_ws/install/usb_cam/include/usb_cam/formats/mono.hpp
[0.588s] -- Up-to-date: /Pav-S_ws/install/usb_cam/include/usb_cam/formats/uyvy.hpp
[0.589s] -- Up-to-date: /Pav-S_ws/install/usb_cam/include/usb_cam/formats/m420.hpp
[0.589s] -- Up-to-date: /Pav-S_ws/install/usb_cam/include/usb_cam/formats/pixel_format_base.hpp
[0.589s] -- Up-to-date: /Pav-S_ws/install/usb_cam/include/usb_cam/formats/mjpeg.hpp
[0.590s] -- Up-to-date: /Pav-S_ws/install/usb_cam/include/usb_cam/conversions.hpp
[0.590s] -- Up-to-date: /Pav-S_ws/install/usb_cam/include/usb_cam/constants.hpp
[0.590s] -- Up-to-date: /Pav-S_ws/install/usb_cam/include/usb_cam/usb_cam.hpp
[0.591s] -- Up-to-date: /Pav-S_ws/install/usb_cam/include/usb_cam/usb_cam_node.hpp
[0.591s] -- Up-to-date: /Pav-S_ws/install/usb_cam/lib/libusb_cam_node.so
[0.592s] -- Up-to-date: /Pav-S_ws/install/usb_cam/share/usb_cam/launch
[0.592s] -- Up-to-date: /Pav-S_ws/install/usb_cam/share/usb_cam/launch/usb_cam_launch.py
[0.593s] -- Up-to-date: /Pav-S_ws/install/usb_cam/share/usb_cam/launch/demo.launch.py
[0.593s] -- Up-to-date: /Pav-S_ws/install/usb_cam/share/usb_cam/config
[0.594s] -- Up-to-date: /Pav-S_ws/install/usb_cam/share/usb_cam/config/params.yaml
[0.594s] -- Up-to-date: /Pav-S_ws/install/usb_cam/share/usb_cam/config/camera_info.yaml
[0.594s] -- Up-to-date: /Pav-S_ws/install/usb_cam/share/ament_index/resource_index/package_run_dependencies/usb_cam
[0.595s] -- Up-to-date: /Pav-S_ws/install/usb_cam/share/ament_index/resource_index/parent_prefix_path/usb_cam
[0.595s] -- Up-to-date: /Pav-S_ws/install/usb_cam/share/usb_cam/environment/ament_prefix_path.sh
[0.596s] -- Up-to-date: /Pav-S_ws/install/usb_cam/share/usb_cam/environment/ament_prefix_path.dsv
[0.596s] -- Up-to-date: /Pav-S_ws/install/usb_cam/share/usb_cam/environment/path.sh
[0.596s] -- Up-to-date: /Pav-S_ws/install/usb_cam/share/usb_cam/environment/path.dsv
[0.597s] -- Up-to-date: /Pav-S_ws/install/usb_cam/share/usb_cam/local_setup.bash
[0.597s] -- Up-to-date: /Pav-S_ws/install/usb_cam/share/usb_cam/local_setup.sh
[0.598s] -- Up-to-date: /Pav-S_ws/install/usb_cam/share/usb_cam/local_setup.zsh
[0.598s] -- Up-to-date: /Pav-S_ws/install/usb_cam/share/usb_cam/local_setup.dsv
[0.598s] -- Installing: /Pav-S_ws/install/usb_cam/share/usb_cam/package.dsv
[0.600s] -- Up-to-date: /Pav-S_ws/install/usb_cam/share/ament_index/resource_index/packages/usb_cam
[0.600s] -- Up-to-date: /Pav-S_ws/install/usb_cam/share/ament_index/resource_index/rclcpp_components/usb_cam
[0.601s] -- Up-to-date: /Pav-S_ws/install/usb_cam/share/usb_cam/cmake/ament_cmake_export_libraries-extras.cmake
[0.602s] -- Up-to-date: /Pav-S_ws/install/usb_cam/share/usb_cam/cmake/ament_cmake_export_dependencies-extras.cmake
[0.602s] -- Up-to-date: /Pav-S_ws/install/usb_cam/share/usb_cam/cmake/ament_cmake_export_include_directories-extras.cmake
[0.602s] -- Up-to-date: /Pav-S_ws/install/usb_cam/share/usb_cam/cmake/usb_camConfig.cmake
[0.603s] -- Up-to-date: /Pav-S_ws/install/usb_cam/share/usb_cam/cmake/usb_camConfig-version.cmake
[0.603s] -- Up-to-date: /Pav-S_ws/install/usb_cam/share/usb_cam/package.xml
[0.610s] Invoked command in '/Pav-S_ws/build/usb_cam' returned '0': CMAKE_PREFIX_PATH=${CMAKE_PREFIX_PATH}:/Pav-S_ws/install/yolo_detector:/Pav-S_ws/install/yolov5_lib:/Pav-S_ws/install/nav2_simple_commander:/opt/ros/humble /usr/bin/cmake --install /Pav-S_ws/build/usb_cam
