[0.068s] Invoking command in '/Pav-S_ws/build/usb_cam': CMAKE_PREFIX_PATH=${CMAKE_PREFIX_PATH}:/Pav-S_ws/install/yolo_detector:/Pav-S_ws/install/yolov5_lib:/Pav-S_ws/install/nav2_simple_commander:/opt/ros/humble /usr/bin/cmake /Pav-S_ws/src/usb_cam-ros2 -DCMAKE_BUILD_TYPE=Release -DCMAKE_INSTALL_PREFIX=/Pav-S_ws/install/usb_cam
[23.161s] -- The C compiler identification is GNU 11.4.0
[23.163s] -- The CXX compiler identification is GNU 11.4.0
[23.163s] -- Detecting C compiler ABI info
[23.163s] -- Detecting C compiler ABI info - done
[23.164s] -- Check for working C compiler: /usr/bin/cc - skipped
[23.164s] -- Detecting C compile features
[23.164s] -- Detecting C compile features - done
[23.164s] -- Detecting CXX compiler ABI info
[23.164s] -- Detecting CXX compiler ABI info - done
[23.164s] -- Check for working CXX compiler: /usr/bin/c++ - skipped
[23.164s] -- Detecting CXX compile features
[23.164s] -- Detecting CXX compile features - done
[23.164s] -- Found ament_cmake_auto: 1.3.12 (/opt/ros/humble/share/ament_cmake_auto/cmake)
[23.165s] -- Found Python3: /usr/bin/python3 (found version "3.10.12") found components: Interpreter 
[23.165s] -- Found rosidl_generator_c: 3.1.7 (/opt/ros/humble/share/rosidl_generator_c/cmake)
[23.165s] -- Found rosidl_adapter: 3.1.7 (/opt/ros/humble/share/rosidl_adapter/cmake)
[23.165s] -- Found rosidl_generator_cpp: 3.1.7 (/opt/ros/humble/share/rosidl_generator_cpp/cmake)
[23.165s] -- Using all available rosidl_typesupport_c: rosidl_typesupport_fastrtps_c;rosidl_typesupport_introspection_c
[23.165s] -- Using all available rosidl_typesupport_cpp: rosidl_typesupport_fastrtps_cpp;rosidl_typesupport_introspection_cpp
[23.165s] -- Found rmw_implementation_cmake: 6.1.2 (/opt/ros/humble/share/rmw_implementation_cmake/cmake)
[23.165s] -- Found rmw_fastrtps_cpp: 6.2.8 (/opt/ros/humble/share/rmw_fastrtps_cpp/cmake)
[23.165s] -- Found OpenSSL: /usr/lib/aarch64-linux-gnu/libcrypto.so (found version "3.0.2")  
[23.166s] -- Found FastRTPS: /opt/ros/humble/include  
[23.166s] -- Using RMW implementation 'rmw_fastrtps_cpp' as default
[23.166s] -- Looking for pthread.h
[23.166s] -- Looking for pthread.h - found
[23.166s] -- Performing Test CMAKE_HAVE_LIBC_PTHREAD
[23.166s] -- Performing Test CMAKE_HAVE_LIBC_PTHREAD - Success
[23.166s] -- Found Threads: TRUE  
[23.166s] -- Found OpenCV: /usr (found version "4.8.0") 
[23.166s] -- Found PkgConfig: /usr/bin/pkg-config (found version "0.29.2") 
[23.167s] -- Checking for module 'libavcodec'
[23.167s] --   Found libavcodec, version 58.134.100
[23.167s] -- Checking for module 'libavutil'
[23.167s] --   Found libavutil, version 56.70.100
[23.167s] -- Checking for module 'libswscale'
[23.167s] --   Found libswscale, version 5.9.100
[23.167s] -- Found ament_lint_auto: 0.12.14 (/opt/ros/humble/share/ament_lint_auto/cmake)
[23.167s] -- Found gtest sources under '/opt/ros/humble/src/gtest_vendor': C++ tests using 'Google Test' will be built
[23.168s] -- Added test 'copyright' to check source files copyright and LICENSE
[23.168s] -- Added test 'cppcheck' to perform static code analysis on C / C++ code
[23.168s] -- Configured cppcheck include dirs: /Pav-S_ws/src/usb_cam-ros2/include
[23.168s] -- Configured cppcheck exclude dirs and/or files: 
[23.168s] -- Added test 'cpplint' to check C / C++ code against the Google style
[23.168s] -- Configured cpplint exclude dirs and/or files: 
[23.168s] -- Added test 'flake8' to check Python code syntax and style conventions
[23.168s] -- Added test 'lint_cmake' to check CMake code style
[23.168s] -- Added test 'pep257' to check Python code against some of the docstring style conventions in PEP 257
[23.169s] -- Added test 'uncrustify' to check C / C++ code style
[23.169s] -- Configured uncrustify additional arguments: 
[23.169s] -- Added test 'xmllint' to check XML markup files
[23.169s] -- Configuring done
[23.169s] -- Generating done
[23.169s] -- Build files have been written to: /Pav-S_ws/build/usb_cam
[23.170s] [0mIn this package, headers install destination is set to `include` by ament_auto_package. It is recommended to install `include/usb_cam` instead and will be the default behavior of ament_auto_package from ROS 2 Kilted Kaiju. On distributions before Kilted, ament_auto_package behaves the same way when you use USE_SCOPED_HEADER_INSTALL_DIR option.[0m
[23.187s] Invoked command in '/Pav-S_ws/build/usb_cam' returned '0': CMAKE_PREFIX_PATH=${CMAKE_PREFIX_PATH}:/Pav-S_ws/install/yolo_detector:/Pav-S_ws/install/yolov5_lib:/Pav-S_ws/install/nav2_simple_commander:/opt/ros/humble /usr/bin/cmake /Pav-S_ws/src/usb_cam-ros2 -DCMAKE_BUILD_TYPE=Release -DCMAKE_INSTALL_PREFIX=/Pav-S_ws/install/usb_cam
[23.203s] Invoking command in '/Pav-S_ws/build/usb_cam': CMAKE_PREFIX_PATH=${CMAKE_PREFIX_PATH}:/Pav-S_ws/install/yolo_detector:/Pav-S_ws/install/yolov5_lib:/Pav-S_ws/install/nav2_simple_commander:/opt/ros/humble /usr/bin/cmake --build /Pav-S_ws/build/usb_cam -- -j6 -l6
[23.813s] [  7%] [32mBuilding CXX object CMakeFiles/usb_cam.dir/src/usb_cam.cpp.o[0m
[31.659s] [ 14%] [32m[1mLinking CXX shared library libusb_cam.so[0m
[32.248s] [ 14%] Built target usb_cam
[32.401s] [ 21%] [32mBuilding CXX object gtest/CMakeFiles/gtest.dir/src/gtest-all.cc.o[0m
[66.016s] [ 28%] [32m[1mLinking CXX static library libgtest.a[0m
[66.157s] [ 28%] Built target gtest
[66.237s] [ 35%] [32mBuilding CXX object CMakeFiles/usb_cam_node.dir/src/usb_cam_node.cpp.o[0m
[84.224s] [ 42%] [32m[1mLinking CXX shared library libusb_cam_node.so[0m
[84.701s] [ 42%] Built target usb_cam_node
[84.768s] [ 50%] [32mBuilding CXX object gtest/CMakeFiles/gtest_main.dir/src/gtest_main.cc.o[0m
[86.880s] [ 57%] [32m[1mLinking CXX static library libgtest_main.a[0m
[87.028s] [ 57%] Built target gtest_main
[87.092s] [ 64%] [32mBuilding CXX object CMakeFiles/usb_cam_node_exe.dir/rclcpp_components/node_main_usb_cam_node_exe.cpp.o[0m
[97.399s] [ 71%] [32m[1mLinking CXX executable usb_cam_node_exe[0m
[97.957s] [ 71%] Built target usb_cam_node_exe
[98.022s] [ 78%] [32mBuilding CXX object CMakeFiles/test_pixel_formats.dir/test/test_pixel_formats.cpp.o[0m
[102.403s] [ 85%] [32m[1mLinking CXX executable test_pixel_formats[0m
[102.886s] [ 85%] Built target test_pixel_formats
[103.037s] [ 92%] [32mBuilding CXX object CMakeFiles/test_usb_cam_utils.dir/test/test_usb_cam_utils.cpp.o[0m
[106.536s] [100%] [32m[1mLinking CXX executable test_usb_cam_utils[0m
[106.888s] [100%] Built target test_usb_cam_utils
[106.961s] Invoked command in '/Pav-S_ws/build/usb_cam' returned '0': CMAKE_PREFIX_PATH=${CMAKE_PREFIX_PATH}:/Pav-S_ws/install/yolo_detector:/Pav-S_ws/install/yolov5_lib:/Pav-S_ws/install/nav2_simple_commander:/opt/ros/humble /usr/bin/cmake --build /Pav-S_ws/build/usb_cam -- -j6 -l6
[106.975s] Invoking command in '/Pav-S_ws/build/usb_cam': CMAKE_PREFIX_PATH=${CMAKE_PREFIX_PATH}:/Pav-S_ws/install/yolo_detector:/Pav-S_ws/install/yolov5_lib:/Pav-S_ws/install/nav2_simple_commander:/opt/ros/humble /usr/bin/cmake --install /Pav-S_ws/build/usb_cam
[107.015s] -- Install configuration: "Release"
[107.015s] -- Installing: /Pav-S_ws/install/usb_cam/share/usb_cam/environment/library_path.sh
[107.016s] -- Installing: /Pav-S_ws/install/usb_cam/share/usb_cam/environment/library_path.dsv
[107.016s] -- Installing: /Pav-S_ws/install/usb_cam/lib/usb_cam/usb_cam_node_exe
[107.017s] -- Set runtime path of "/Pav-S_ws/install/usb_cam/lib/usb_cam/usb_cam_node_exe" to ""
[107.017s] -- Installing: /Pav-S_ws/install/usb_cam/lib/usb_cam/show_image.py
[107.017s] -- Installing: /Pav-S_ws/install/usb_cam/lib/libusb_cam.so
[107.018s] -- Installing: /Pav-S_ws/install/usb_cam/lib/libusb_cam_node.so
[107.020s] -- Set runtime path of "/Pav-S_ws/install/usb_cam/lib/libusb_cam_node.so" to ""
[107.021s] -- Installing: /Pav-S_ws/install/usb_cam/include
[107.021s] -- Installing: /Pav-S_ws/install/usb_cam/include/usb_cam
[107.021s] -- Installing: /Pav-S_ws/install/usb_cam/include/usb_cam/utils.hpp
[107.021s] -- Installing: /Pav-S_ws/install/usb_cam/include/usb_cam/formats
[107.021s] -- Installing: /Pav-S_ws/install/usb_cam/include/usb_cam/formats/utils.hpp
[107.022s] -- Installing: /Pav-S_ws/install/usb_cam/include/usb_cam/formats/yuyv.hpp
[107.022s] -- Installing: /Pav-S_ws/install/usb_cam/include/usb_cam/formats/rgb.hpp
[107.022s] -- Installing: /Pav-S_ws/install/usb_cam/include/usb_cam/formats/mono.hpp
[107.022s] -- Installing: /Pav-S_ws/install/usb_cam/include/usb_cam/formats/uyvy.hpp
[107.023s] -- Installing: /Pav-S_ws/install/usb_cam/include/usb_cam/formats/m420.hpp
[107.023s] -- Installing: /Pav-S_ws/install/usb_cam/include/usb_cam/formats/pixel_format_base.hpp
[107.023s] -- Installing: /Pav-S_ws/install/usb_cam/include/usb_cam/formats/mjpeg.hpp
[107.031s] -- Installing: /Pav-S_ws/install/usb_cam/include/usb_cam/conversions.hpp
[107.031s] -- Installing: /Pav-S_ws/install/usb_cam/include/usb_cam/constants.hpp
[107.031s] -- Installing: /Pav-S_ws/install/usb_cam/include/usb_cam/usb_cam.hpp
[107.032s] -- Installing: /Pav-S_ws/install/usb_cam/include/usb_cam/usb_cam_node.hpp
[107.032s] -- Up-to-date: /Pav-S_ws/install/usb_cam/lib/libusb_cam_node.so
[107.033s] -- Installing: /Pav-S_ws/install/usb_cam/share/usb_cam/launch
[107.033s] -- Installing: /Pav-S_ws/install/usb_cam/share/usb_cam/launch/usb_cam_launch.py
[107.033s] -- Installing: /Pav-S_ws/install/usb_cam/share/usb_cam/launch/demo.launch.py
[107.034s] -- Installing: /Pav-S_ws/install/usb_cam/share/usb_cam/config
[107.034s] -- Installing: /Pav-S_ws/install/usb_cam/share/usb_cam/config/params.yaml
[107.034s] -- Installing: /Pav-S_ws/install/usb_cam/share/usb_cam/config/camera_info.yaml
[107.036s] -- Installing: /Pav-S_ws/install/usb_cam/share/ament_index/resource_index/package_run_dependencies/usb_cam
[107.036s] -- Installing: /Pav-S_ws/install/usb_cam/share/ament_index/resource_index/parent_prefix_path/usb_cam
[107.037s] -- Installing: /Pav-S_ws/install/usb_cam/share/usb_cam/environment/ament_prefix_path.sh
[107.037s] -- Installing: /Pav-S_ws/install/usb_cam/share/usb_cam/environment/ament_prefix_path.dsv
[107.037s] -- Installing: /Pav-S_ws/install/usb_cam/share/usb_cam/environment/path.sh
[107.038s] -- Installing: /Pav-S_ws/install/usb_cam/share/usb_cam/environment/path.dsv
[107.038s] -- Installing: /Pav-S_ws/install/usb_cam/share/usb_cam/local_setup.bash
[107.038s] -- Installing: /Pav-S_ws/install/usb_cam/share/usb_cam/local_setup.sh
[107.039s] -- Installing: /Pav-S_ws/install/usb_cam/share/usb_cam/local_setup.zsh
[107.039s] -- Installing: /Pav-S_ws/install/usb_cam/share/usb_cam/local_setup.dsv
[107.039s] -- Installing: /Pav-S_ws/install/usb_cam/share/usb_cam/package.dsv
[107.040s] -- Installing: /Pav-S_ws/install/usb_cam/share/ament_index/resource_index/packages/usb_cam
[107.041s] -- Installing: /Pav-S_ws/install/usb_cam/share/ament_index/resource_index/rclcpp_components/usb_cam
[107.050s] -- Installing: /Pav-S_ws/install/usb_cam/share/usb_cam/cmake/ament_cmake_export_libraries-extras.cmake
[107.051s] -- Installing: /Pav-S_ws/install/usb_cam/share/usb_cam/cmake/ament_cmake_export_dependencies-extras.cmake
[107.051s] -- Installing: /Pav-S_ws/install/usb_cam/share/usb_cam/cmake/ament_cmake_export_include_directories-extras.cmake
[107.054s] -- Installing: /Pav-S_ws/install/usb_cam/share/usb_cam/cmake/usb_camConfig.cmake
[107.054s] -- Installing: /Pav-S_ws/install/usb_cam/share/usb_cam/cmake/usb_camConfig-version.cmake
[107.055s] -- Installing: /Pav-S_ws/install/usb_cam/share/usb_cam/package.xml
[107.066s] Invoked command in '/Pav-S_ws/build/usb_cam' returned '0': CMAKE_PREFIX_PATH=${CMAKE_PREFIX_PATH}:/Pav-S_ws/install/yolo_detector:/Pav-S_ws/install/yolov5_lib:/Pav-S_ws/install/nav2_simple_commander:/opt/ros/humble /usr/bin/cmake --install /Pav-S_ws/build/usb_cam
