gmake[2]: Warning: File 'CMakeFiles/voxel_grid.dir/flags.make' has modification time 1759584936 s in the future
gmake[2]: Warning: File 'gtest/CMakeFiles/gtest_main.dir/flags.make' has modification time 1759584936 s in the future
gmake[2]: Warning: File 'gtest/CMakeFiles/gtest.dir/flags.make' has modification time 1759584936 s in the future
gmake[2]: warning:  Clock skew detected.  Your build may be incomplete.
gmake[2]: Warning: File 'gtest/CMakeFiles/gtest_main.dir/flags.make' has modification time 1759584936 s in the future
gmake[2]: warning:  Clock skew detected.  Your build may be incomplete.
gmake[2]: warning:  Clock skew detected.  Your build may be incomplete.
gmake[2]: warning:  Clock skew detected.  Your build may be incomplete.
gmake[2]: Warning: File 'CMakeFiles/voxel_grid.dir/flags.make' has modification time 1759584936 s in the future
gmake[2]: warning:  Clock skew detected.  Your build may be incomplete.
gmake[2]: Warning: File 'gtest/CMakeFiles/gtest.dir/flags.make' has modification time 1759584936 s in the future
gmake[2]: warning:  Clock skew detected.  Your build may be incomplete.
gmake[2]: Warning: File 'test/CMakeFiles/voxel_grid_tests.dir/flags.make' has modification time 1759584936 s in the future
gmake[2]: Warning: File 'test/CMakeFiles/voxel_grid_bresenham_3d.dir/flags.make' has modification time 1759584936 s in the future
gmake[2]: warning:  Clock skew detected.  Your build may be incomplete.
gmake[2]: warning:  Clock skew detected.  Your build may be incomplete.
gmake[2]: Warning: File 'test/CMakeFiles/voxel_grid_bresenham_3d.dir/flags.make' has modification time 1759584936 s in the future
gmake[2]: warning:  Clock skew detected.  Your build may be incomplete.
gmake[2]: Warning: File 'test/CMakeFiles/voxel_grid_tests.dir/flags.make' has modification time 1759584936 s in the future
gmake[2]: warning:  Clock skew detected.  Your build may be incomplete.
