[2.522s] Invoking command in '/Pav-S_ws/src/yolov5_lib': PYTHONPATH=/Pav-S_ws/build/yolov5_lib/prefix_override:/usr/lib/python3/dist-packages/colcon_core/task/python/colcon_distutils_commands:/Pav-S_ws/install/yolov5_lib/lib/python3.10/site-packages:${PYTHONPATH} /usr/bin/python3 -W ignore:setup.py install is deprecated -W ignore:easy_install command is deprecated setup.py egg_info --egg-base ../../build/yolov5_lib build --build-base /Pav-S_ws/build/yolov5_lib/build install --record /Pav-S_ws/build/yolov5_lib/install.log --single-version-externally-managed install_data
[3.191s] running egg_info
[3.192s] writing ../../build/yolov5_lib/yolov5_lib.egg-info/PKG-INFO
[3.193s] writing dependency_links to ../../build/yolov5_lib/yolov5_lib.egg-info/dependency_links.txt
[3.193s] writing entry points to ../../build/yolov5_lib/yolov5_lib.egg-info/entry_points.txt
[3.193s] writing requirements to ../../build/yolov5_lib/yolov5_lib.egg-info/requires.txt
[3.193s] writing top-level names to ../../build/yolov5_lib/yolov5_lib.egg-info/top_level.txt
[3.200s] reading manifest file '../../build/yolov5_lib/yolov5_lib.egg-info/SOURCES.txt'
[3.203s] writing manifest file '../../build/yolov5_lib/yolov5_lib.egg-info/SOURCES.txt'
[3.203s] running build
[3.203s] running build_py
[3.209s] running install
[3.210s] running install_lib
[3.217s] running install_data
[3.218s] running install_egg_info
[3.223s] removing '/Pav-S_ws/install/yolov5_lib/lib/python3.10/site-packages/yolov5_lib-0.0.0-py3.10.egg-info' (and everything under it)
[3.223s] Copying ../../build/yolov5_lib/yolov5_lib.egg-info to /Pav-S_ws/install/yolov5_lib/lib/python3.10/site-packages/yolov5_lib-0.0.0-py3.10.egg-info
[3.225s] running install_scripts
[3.272s] writing list of installed files to '/Pav-S_ws/build/yolov5_lib/install.log'
[3.373s] Invoked command in '/Pav-S_ws/src/yolov5_lib' returned '0': PYTHONPATH=/Pav-S_ws/build/yolov5_lib/prefix_override:/usr/lib/python3/dist-packages/colcon_core/task/python/colcon_distutils_commands:/Pav-S_ws/install/yolov5_lib/lib/python3.10/site-packages:${PYTHONPATH} /usr/bin/python3 -W ignore:setup.py install is deprecated -W ignore:easy_install command is deprecated setup.py egg_info --egg-base ../../build/yolov5_lib build --build-base /Pav-S_ws/build/yolov5_lib/build install --record /Pav-S_ws/build/yolov5_lib/install.log --single-version-externally-managed install_data
