[0.098s] Invoking command in '/Pav-S_ws/build/libuvc': /usr/bin/cmake --build /Pav-S_ws/build/libuvc -- -j6 -l6
[0.384s] [ 45%] Built target uvc
[0.464s] [ 90%] Built target uvc_static
[0.562s] [100%] Built target example
[0.647s] Invoked command in '/Pav-S_ws/build/libuvc' returned '0': /usr/bin/cmake --build /Pav-S_ws/build/libuvc -- -j6 -l6
[0.652s] Invoking command in '/Pav-S_ws/build/libuvc': /usr/bin/cmake --install /Pav-S_ws/build/libuvc
[0.703s] -- Install configuration: "Release"
[0.703s] -- Up-to-date: /Pav-S_ws/install/libuvc/lib/libuvc.so.0.0.7
[0.704s] -- Up-to-date: /Pav-S_ws/install/libuvc/lib/libuvc.so.0
[0.704s] -- Up-to-date: /Pav-S_ws/install/libuvc/lib/libuvc.so
[0.704s] -- Up-to-date: /Pav-S_ws/install/libuvc/include/libuvc/libuvc.h
[0.704s] -- Up-to-date: /Pav-S_ws/install/libuvc/include/libuvc/libuvc_config.h
[0.706s] -- Up-to-date: /Pav-S_ws/install/libuvc/lib/libuvc.a
[0.706s] -- Up-to-date: /Pav-S_ws/install/libuvc/include/libuvc/libuvc.h
[0.707s] -- Up-to-date: /Pav-S_ws/install/libuvc/include/libuvc/libuvc_config.h
[0.707s] -- Up-to-date: /Pav-S_ws/install/libuvc/lib/cmake/libuvc/libuvcTargets.cmake
[0.707s] -- Up-to-date: /Pav-S_ws/install/libuvc/lib/cmake/libuvc/libuvcTargets-release.cmake
[0.707s] -- Up-to-date: /Pav-S_ws/install/libuvc/lib/cmake/libuvc/FindLibUSB.cmake
[0.707s] -- Up-to-date: /Pav-S_ws/install/libuvc/lib/cmake/libuvc/FindJpegPkg.cmake
[0.707s] -- Up-to-date: /Pav-S_ws/install/libuvc/lib/cmake/libuvc/libuvcConfigVersion.cmake
[0.707s] -- Up-to-date: /Pav-S_ws/install/libuvc/lib/pkgconfig/libuvc.pc
[0.707s] -- Up-to-date: /Pav-S_ws/install/libuvc/lib/cmake/libuvc/libuvcConfig.cmake
[0.715s] Invoked command in '/Pav-S_ws/build/libuvc' returned '0': /usr/bin/cmake --install /Pav-S_ws/build/libuvc
