[0.092s] Invoking command in '/Pav-S_ws/build/astra_camera': CMAKE_PREFIX_PATH=/Pav-S_ws/install/astra_camera_msgs:/ws_livox/install/pointcloud_to_laserscan:/ws_livox/install/livox_ros_driver2:/Pav-S_ws/install/wheeltec_robot_urdf:/Pav-S_ws/install/turn_on_wheeltec_robot:/Pav-S_ws/install/wheeltec_robot_msg:/Pav-S_ws/install/usb_cam:/Pav-S_ws/install/serial:/Pav-S_ws/install/robot_kcf:/Pav-S_ws/install/dwb_msgs:/Pav-S_ws/install/nav_2d_msgs:/Pav-S_ws/install/nav2_voxel_grid:/Pav-S_ws/install/nav2_util:/Pav-S_ws/install/nav2_msgs:/Pav-S_ws/install/nav2_common:/Pav-S_ws/install/libuvc:/Pav-S_ws/install/fast_lio:/Pav-S_ws/install/astra_camera:/Pav-S_ws/install/yolo_detector:/Pav-S_ws/install/yolov5_lib:/Pav-S_ws/install/nav2_simple_commander:/opt/ros/humble LD_LIBRARY_PATH=/Pav-S_ws/install/astra_camera_msgs/lib:/usr/local/cuda-12.2/lib64:/ws_livox/install/pointcloud_to_laserscan/lib:/ws_livox/install/livox_ros_driver2/lib:/Pav-S_ws/install/turn_on_wheeltec_robot/lib:/Pav-S_ws/install/wheeltec_robot_msg/lib:/Pav-S_ws/install/usb_cam/lib:/Pav-S_ws/install/serial/lib:/Pav-S_ws/install/dwb_msgs/lib:/Pav-S_ws/install/nav_2d_msgs/lib:/Pav-S_ws/install/nav2_voxel_grid/lib:/Pav-S_ws/install/nav2_util/lib:/Pav-S_ws/install/nav2_msgs/lib:/Pav-S_ws/install/libuvc/lib:/Pav-S_ws/install/fast_lio/lib:/Pav-S_ws/install/astra_camera/lib:/opt/ros/humble/opt/rviz_ogre_vendor/lib:/opt/ros/humble/lib/aarch64-linux-gnu:/opt/ros/humble/lib:/usr/local/cuda-12.2/lib64 /usr/bin/cmake /Pav-S_ws/src/ros2_astra_camera-master/astra_camera -DCMAKE_INSTALL_PREFIX=/Pav-S_ws/install/astra_camera
[0.119s] -- Found ament_cmake: 1.3.12 (/opt/ros/humble/share/ament_cmake/cmake)
[0.584s] -- Found ament_index_cpp: 1.4.0 (/opt/ros/humble/share/ament_index_cpp/cmake)
[0.590s] -- Found astra_camera_msgs: 1.0.1 (/Pav-S_ws/install/astra_camera_msgs/share/astra_camera_msgs/cmake)
[0.680s] -- Found rosidl_generator_c: 3.1.7 (/opt/ros/humble/share/rosidl_generator_c/cmake)
[0.684s] -- Found rosidl_adapter: 3.1.7 (/opt/ros/humble/share/rosidl_adapter/cmake)
[0.696s] -- Found rosidl_generator_cpp: 3.1.7 (/opt/ros/humble/share/rosidl_generator_cpp/cmake)
[0.717s] -- Using all available rosidl_typesupport_c: rosidl_typesupport_fastrtps_c;rosidl_typesupport_introspection_c
[0.756s] -- Using all available rosidl_typesupport_cpp: rosidl_typesupport_fastrtps_cpp;rosidl_typesupport_introspection_cpp
[0.945s] -- Found camera_info_manager: 3.1.12 (/opt/ros/humble/share/camera_info_manager/cmake)
[1.087s] -- Found rmw_implementation_cmake: 6.1.2 (/opt/ros/humble/share/rmw_implementation_cmake/cmake)
[1.095s] -- Found rmw_fastrtps_cpp: 6.2.8 (/opt/ros/humble/share/rmw_fastrtps_cpp/cmake)
[1.436s] -- Using RMW implementation 'rmw_fastrtps_cpp' as default
[1.532s] -- Found class_loader: 2.2.0 (/opt/ros/humble/share/class_loader/cmake)
[1.536s] -- Found cv_bridge: 3.2.1 (/opt/ros/humble/share/cv_bridge/cmake)
[1.546s] -- Found message_filters: 4.3.8 (/opt/ros/humble/share/message_filters/cmake)
[1.572s] -- Found image_geometry: 3.2.1 (/opt/ros/humble/share/image_geometry/cmake)
[1.578s] -- Found image_publisher: 3.0.8 (/opt/ros/humble/share/image_publisher/cmake)
[1.711s] -- Found std_srvs: 4.9.0 (/opt/ros/humble/share/std_srvs/cmake)
[1.729s] -- Found tf2: 0.25.16 (/opt/ros/humble/share/tf2/cmake)
[1.739s] -- Found tf2_eigen: 0.25.16 (/opt/ros/humble/share/tf2_eigen/cmake)
[1.867s] -- Found tf2_sensor_msgs: 0.25.16 (/opt/ros/humble/share/tf2_sensor_msgs/cmake)
[1.913s] -- ORRBEC Machine : aarch64
[1.913s] 
[1.913s] -- ORRBEC Machine Bits : 64
[1.914s] 
[1.914s] -- ORRBEC : arm64
[2.100s] -- Found ament_lint_auto: 0.12.14 (/opt/ros/humble/share/ament_lint_auto/cmake)
[2.303s] -- Configuring done
[2.520s] -- Generating done
[2.560s] -- Build files have been written to: /Pav-S_ws/build/astra_camera
[3.333s] Invoked command in '/Pav-S_ws/build/astra_camera' returned '0': CMAKE_PREFIX_PATH=/Pav-S_ws/install/astra_camera_msgs:/ws_livox/install/pointcloud_to_laserscan:/ws_livox/install/livox_ros_driver2:/Pav-S_ws/install/wheeltec_robot_urdf:/Pav-S_ws/install/turn_on_wheeltec_robot:/Pav-S_ws/install/wheeltec_robot_msg:/Pav-S_ws/install/usb_cam:/Pav-S_ws/install/serial:/Pav-S_ws/install/robot_kcf:/Pav-S_ws/install/dwb_msgs:/Pav-S_ws/install/nav_2d_msgs:/Pav-S_ws/install/nav2_voxel_grid:/Pav-S_ws/install/nav2_util:/Pav-S_ws/install/nav2_msgs:/Pav-S_ws/install/nav2_common:/Pav-S_ws/install/libuvc:/Pav-S_ws/install/fast_lio:/Pav-S_ws/install/astra_camera:/Pav-S_ws/install/yolo_detector:/Pav-S_ws/install/yolov5_lib:/Pav-S_ws/install/nav2_simple_commander:/opt/ros/humble LD_LIBRARY_PATH=/Pav-S_ws/install/astra_camera_msgs/lib:/usr/local/cuda-12.2/lib64:/ws_livox/install/pointcloud_to_laserscan/lib:/ws_livox/install/livox_ros_driver2/lib:/Pav-S_ws/install/turn_on_wheeltec_robot/lib:/Pav-S_ws/install/wheeltec_robot_msg/lib:/Pav-S_ws/install/usb_cam/lib:/Pav-S_ws/install/serial/lib:/Pav-S_ws/install/dwb_msgs/lib:/Pav-S_ws/install/nav_2d_msgs/lib:/Pav-S_ws/install/nav2_voxel_grid/lib:/Pav-S_ws/install/nav2_util/lib:/Pav-S_ws/install/nav2_msgs/lib:/Pav-S_ws/install/libuvc/lib:/Pav-S_ws/install/fast_lio/lib:/Pav-S_ws/install/astra_camera/lib:/opt/ros/humble/opt/rviz_ogre_vendor/lib:/opt/ros/humble/lib/aarch64-linux-gnu:/opt/ros/humble/lib:/usr/local/cuda-12.2/lib64 /usr/bin/cmake /Pav-S_ws/src/ros2_astra_camera-master/astra_camera -DCMAKE_INSTALL_PREFIX=/Pav-S_ws/install/astra_camera
[3.335s] Invoking command in '/Pav-S_ws/build/astra_camera': CMAKE_PREFIX_PATH=/Pav-S_ws/install/astra_camera_msgs:/ws_livox/install/pointcloud_to_laserscan:/ws_livox/install/livox_ros_driver2:/Pav-S_ws/install/wheeltec_robot_urdf:/Pav-S_ws/install/turn_on_wheeltec_robot:/Pav-S_ws/install/wheeltec_robot_msg:/Pav-S_ws/install/usb_cam:/Pav-S_ws/install/serial:/Pav-S_ws/install/robot_kcf:/Pav-S_ws/install/dwb_msgs:/Pav-S_ws/install/nav_2d_msgs:/Pav-S_ws/install/nav2_voxel_grid:/Pav-S_ws/install/nav2_util:/Pav-S_ws/install/nav2_msgs:/Pav-S_ws/install/nav2_common:/Pav-S_ws/install/libuvc:/Pav-S_ws/install/fast_lio:/Pav-S_ws/install/astra_camera:/Pav-S_ws/install/yolo_detector:/Pav-S_ws/install/yolov5_lib:/Pav-S_ws/install/nav2_simple_commander:/opt/ros/humble LD_LIBRARY_PATH=/Pav-S_ws/install/astra_camera_msgs/lib:/usr/local/cuda-12.2/lib64:/ws_livox/install/pointcloud_to_laserscan/lib:/ws_livox/install/livox_ros_driver2/lib:/Pav-S_ws/install/turn_on_wheeltec_robot/lib:/Pav-S_ws/install/wheeltec_robot_msg/lib:/Pav-S_ws/install/usb_cam/lib:/Pav-S_ws/install/serial/lib:/Pav-S_ws/install/dwb_msgs/lib:/Pav-S_ws/install/nav_2d_msgs/lib:/Pav-S_ws/install/nav2_voxel_grid/lib:/Pav-S_ws/install/nav2_util/lib:/Pav-S_ws/install/nav2_msgs/lib:/Pav-S_ws/install/libuvc/lib:/Pav-S_ws/install/fast_lio/lib:/Pav-S_ws/install/astra_camera/lib:/opt/ros/humble/opt/rviz_ogre_vendor/lib:/opt/ros/humble/lib/aarch64-linux-gnu:/opt/ros/humble/lib:/usr/local/cuda-12.2/lib64 /usr/bin/cmake --build /Pav-S_ws/build/astra_camera -- -j6 -l6
[3.435s] -- Found ament_cmake: 1.3.12 (/opt/ros/humble/share/ament_cmake/cmake)
[3.867s] -- Found ament_index_cpp: 1.4.0 (/opt/ros/humble/share/ament_index_cpp/cmake)
[3.869s] -- Found astra_camera_msgs: 1.0.1 (/Pav-S_ws/install/astra_camera_msgs/share/astra_camera_msgs/cmake)
[3.974s] -- Found rosidl_generator_c: 3.1.7 (/opt/ros/humble/share/rosidl_generator_c/cmake)
[3.979s] -- Found rosidl_adapter: 3.1.7 (/opt/ros/humble/share/rosidl_adapter/cmake)
[3.991s] -- Found rosidl_generator_cpp: 3.1.7 (/opt/ros/humble/share/rosidl_generator_cpp/cmake)
[4.013s] -- Using all available rosidl_typesupport_c: rosidl_typesupport_fastrtps_c;rosidl_typesupport_introspection_c
[4.039s] -- Using all available rosidl_typesupport_cpp: rosidl_typesupport_fastrtps_cpp;rosidl_typesupport_introspection_cpp
[4.196s] -- Found camera_info_manager: 3.1.12 (/opt/ros/humble/share/camera_info_manager/cmake)
[4.264s] -- Found rmw_implementation_cmake: 6.1.2 (/opt/ros/humble/share/rmw_implementation_cmake/cmake)
[4.267s] -- Found rmw_fastrtps_cpp: 6.2.8 (/opt/ros/humble/share/rmw_fastrtps_cpp/cmake)
[4.525s] -- Using RMW implementation 'rmw_fastrtps_cpp' as default
[4.657s] -- Found class_loader: 2.2.0 (/opt/ros/humble/share/class_loader/cmake)
[4.661s] -- Found cv_bridge: 3.2.1 (/opt/ros/humble/share/cv_bridge/cmake)
[4.672s] -- Found message_filters: 4.3.8 (/opt/ros/humble/share/message_filters/cmake)
[4.679s] -- Found image_geometry: 3.2.1 (/opt/ros/humble/share/image_geometry/cmake)
[4.684s] -- Found image_publisher: 3.0.8 (/opt/ros/humble/share/image_publisher/cmake)
[4.778s] -- Found std_srvs: 4.9.0 (/opt/ros/humble/share/std_srvs/cmake)
[4.797s] -- Found tf2: 0.25.16 (/opt/ros/humble/share/tf2/cmake)
[4.814s] -- Found tf2_eigen: 0.25.16 (/opt/ros/humble/share/tf2_eigen/cmake)
[4.961s] -- Found tf2_sensor_msgs: 0.25.16 (/opt/ros/humble/share/tf2_sensor_msgs/cmake)
[4.998s] -- ORRBEC Machine : aarch64
[4.998s] 
[4.998s] -- ORRBEC Machine Bits : 64
[4.998s] 
[4.998s] -- ORRBEC : arm64
[5.172s] -- Found ament_lint_auto: 0.12.14 (/opt/ros/humble/share/ament_lint_auto/cmake)
[5.389s] -- Configuring done
[5.568s] -- Generating done
[5.605s] -- Build files have been written to: /Pav-S_ws/build/astra_camera
[5.661s] gmake[2]: Warning: File 'CMakeFiles/astra_camera.dir/flags.make' has modification time 1759585122 s in the future
[5.722s] [35m[1mConsolidate compiler generated dependencies of target astra_camera[0m
[5.784s] gmake[2]: warning:  Clock skew detected.  Your build may be incomplete.
[5.811s] gmake[2]: Warning: File 'CMakeFiles/astra_camera.dir/flags.make' has modification time 1759585122 s in the future
[5.821s] gmake[2]: warning:  Clock skew detected.  Your build may be incomplete.
[5.845s] [ 68%] Built target astra_camera
[5.852s] gmake[2]: Warning: File 'CMakeFiles/astra_camera_node.dir/flags.make' has modification time 1759585122 s in the future
[5.858s] gmake[2]: Warning: File 'CMakeFiles/list_devices_node.dir/flags.make' has modification time 1759585122 s in the future
[5.863s] gmake[2]: Warning: File 'CMakeFiles/clean_shm_node.dir/flags.make' has modification time 1759585122 s in the future
[5.889s] [35m[1mConsolidate compiler generated dependencies of target list_devices_node[0m
[5.891s] [35m[1mConsolidate compiler generated dependencies of target astra_camera_node[0m
[5.895s] [35m[1mConsolidate compiler generated dependencies of target clean_shm_node[0m
[5.905s] gmake[2]: warning:  Clock skew detected.  Your build may be incomplete.
[5.911s] gmake[2]: Warning: File 'CMakeFiles/clean_shm_node.dir/flags.make' has modification time 1759585122 s in the future
[5.912s] gmake[2]: warning:  Clock skew detected.  Your build may be incomplete.
[5.915s] gmake[2]: warning:  Clock skew detected.  Your build may be incomplete.
[5.916s] gmake[2]: warning:  Clock skew detected.  Your build may be incomplete.
[5.925s] gmake[2]: Warning: File 'CMakeFiles/list_devices_node.dir/flags.make' has modification time 1759585122 s in the future
[5.937s] gmake[2]: warning:  Clock skew detected.  Your build may be incomplete.
[5.942s] gmake[2]: Warning: File 'CMakeFiles/astra_camera_node.dir/flags.make' has modification time 1759585122 s in the future
[5.951s] gmake[2]: warning:  Clock skew detected.  Your build may be incomplete.
[5.977s] [ 78%] Built target list_devices_node
[5.978s] [ 89%] Built target clean_shm_node
[5.990s] [100%] Built target astra_camera_node
