[0.108s] Invoking command in '/Pav-S_ws/build/libuvc': /usr/bin/cmake /Pav-S_ws/src/ros2_astra_camera-master/3dparty/libuvc -DCMAKE_BUILD_TYPE=Release -DCMAKE_INSTALL_PREFIX=/Pav-S_ws/install/libuvc
[35.723s] -- The C compiler identification is GNU 11.4.0
[35.725s] -- Detecting C compiler ABI info
[35.725s] -- Detecting C compiler ABI info - done
[35.725s] -- Check for working C compiler: /usr/bin/cc - skipped
[35.725s] -- Detecting C compile features
[35.725s] -- Detecting C compile features - done
[35.726s] -- No target type selected, default to both shared and static library
[35.726s] -- Found PkgConfig: /usr/bin/pkg-config (found version "0.29.2") 
[35.726s] -- Checking for module 'libusb-1.0'
[35.726s] --   Found libusb-1.0, version 1.0.25
[35.726s] -- libusb-1.0 found using pkgconfig
[35.726s] -- Found JPEG: /usr/lib/aarch64-linux-gnu/libjpeg.so (found version "80") 
[35.726s] -- Found JPEG library using standard module
[35.727s] -- Found JPEG: /usr/lib/aarch64-linux-gnu/libjpeg.so  
[35.727s] -- Building libuvc with JPEG support.
[35.727s] -- Looking for pthread.h
[35.727s] -- Looking for pthread.h - found
[35.727s] -- Performing Test CMAKE_HAVE_LIBC_PTHREAD
[35.727s] -- Performing Test CMAKE_HAVE_LIBC_PTHREAD - Success
[35.727s] -- Found Threads: TRUE  
[35.727s] -- Configuring done
[35.727s] -- Generating done
[35.728s] -- Build files have been written to: /Pav-S_ws/build/libuvc
[35.729s] [33mCMake Warning (dev) at /usr/share/cmake-3.22/Modules/FindPackageHandleStandardArgs.cmake:438 (message):
[35.730s]   The package name passed to `find_package_handle_standard_args` (JPEG) does
[35.730s]   not match the name of the calling package (JpegPkg).  This can lead to
[35.730s]   problems in calling code that expects `find_package` result variables
[35.730s]   (e.g., `_FOUND`) to follow a certain pattern.
[35.730s] Call Stack (most recent call first):
[35.730s]   cmake/FindJpegPkg.cmake:58 (find_package_handle_standard_args)
[35.730s]   CMakeLists.txt:45 (find_package)
[35.730s] This warning is for project developers.  Use -Wno-dev to suppress it.
[35.730s] [0m
[35.756s] Invoked command in '/Pav-S_ws/build/libuvc' returned '0': /usr/bin/cmake /Pav-S_ws/src/ros2_astra_camera-master/3dparty/libuvc -DCMAKE_BUILD_TYPE=Release -DCMAKE_INSTALL_PREFIX=/Pav-S_ws/install/libuvc
[35.767s] Invoking command in '/Pav-S_ws/build/libuvc': /usr/bin/cmake --build /Pav-S_ws/build/libuvc -- -j6 -l6
[36.227s] [  4%] [32mBuilding C object CMakeFiles/uvc.dir/src/ctrl.c.o[0m
[36.579s] [  9%] [32mBuilding C object CMakeFiles/uvc.dir/src/frame.c.o[0m
[37.898s] [ 13%] [32mBuilding C object CMakeFiles/uvc.dir/src/init.c.o[0m
[38.227s] [ 18%] [32mBuilding C object CMakeFiles/uvc.dir/src/stream.c.o[0m
[39.591s] [ 22%] [32mBuilding C object CMakeFiles/uvc.dir/src/misc.c.o[0m
[39.827s] [ 27%] [32mBuilding C object CMakeFiles/uvc.dir/src/frame-mjpeg.c.o[0m
[40.253s] [ 31%] [32mBuilding C object CMakeFiles/uvc.dir/src/diag.c.o[0m
[40.808s] [ 36%] [32mBuilding C object CMakeFiles/uvc.dir/src/device.c.o[0m
[42.365s] [ 40%] [32mBuilding C object CMakeFiles/uvc.dir/src/ctrl-gen.c.o[0m
[43.734s] [ 45%] [32m[1mLinking C shared library libuvc.so[0m
[44.044s] [ 45%] Built target uvc
[44.282s] [ 50%] [32mBuilding C object CMakeFiles/uvc_static.dir/src/ctrl.c.o[0m
[44.620s] [ 54%] [32mBuilding C object CMakeFiles/uvc_static.dir/src/frame.c.o[0m
[46.352s] [ 59%] [32mBuilding C object CMakeFiles/uvc_static.dir/src/init.c.o[0m
[46.675s] [ 63%] [32mBuilding C object CMakeFiles/uvc_static.dir/src/stream.c.o[0m
[47.924s] [ 68%] [32mBuilding C object CMakeFiles/uvc_static.dir/src/misc.c.o[0m
[48.091s] [ 72%] [32mBuilding C object CMakeFiles/uvc_static.dir/src/frame-mjpeg.c.o[0m
[48.485s] [ 77%] [32mBuilding C object CMakeFiles/uvc_static.dir/src/diag.c.o[0m
[48.974s] [ 81%] [32mBuilding C object CMakeFiles/uvc_static.dir/src/device.c.o[0m
[50.795s] [ 86%] [32mBuilding C object CMakeFiles/uvc_static.dir/src/ctrl-gen.c.o[0m
[52.480s] [ 90%] [32m[1mLinking C static library libuvc.a[0m
[52.704s] [ 90%] Built target uvc_static
[52.875s] [ 95%] [32mBuilding C object CMakeFiles/example.dir/src/example.c.o[0m
[53.132s] [100%] [32m[1mLinking C executable example[0m
[53.413s] [100%] Built target example
[53.534s] Invoked command in '/Pav-S_ws/build/libuvc' returned '0': /usr/bin/cmake --build /Pav-S_ws/build/libuvc -- -j6 -l6
[53.535s] Invoking command in '/Pav-S_ws/build/libuvc': /usr/bin/cmake --install /Pav-S_ws/build/libuvc
[53.596s] -- Install configuration: "Release"
[53.597s] -- Installing: /Pav-S_ws/install/libuvc/lib/libuvc.so.0.0.7
[53.606s] -- Installing: /Pav-S_ws/install/libuvc/lib/libuvc.so.0
[53.609s] -- Installing: /Pav-S_ws/install/libuvc/lib/libuvc.so
[53.610s] -- Installing: /Pav-S_ws/install/libuvc/include/libuvc/libuvc.h
[53.611s] -- Installing: /Pav-S_ws/install/libuvc/include/libuvc/libuvc_config.h
[53.612s] -- Installing: /Pav-S_ws/install/libuvc/lib/libuvc.a
[53.613s] -- Up-to-date: /Pav-S_ws/install/libuvc/include/libuvc/libuvc.h
[53.613s] -- Up-to-date: /Pav-S_ws/install/libuvc/include/libuvc/libuvc_config.h
[53.626s] -- Installing: /Pav-S_ws/install/libuvc/lib/cmake/libuvc/libuvcTargets.cmake
[53.629s] -- Installing: /Pav-S_ws/install/libuvc/lib/cmake/libuvc/libuvcTargets-release.cmake
[53.643s] -- Installing: /Pav-S_ws/install/libuvc/lib/cmake/libuvc/FindLibUSB.cmake
[53.644s] -- Installing: /Pav-S_ws/install/libuvc/lib/cmake/libuvc/FindJpegPkg.cmake
[53.645s] -- Installing: /Pav-S_ws/install/libuvc/lib/cmake/libuvc/libuvcConfigVersion.cmake
[53.646s] -- Installing: /Pav-S_ws/install/libuvc/lib/pkgconfig/libuvc.pc
[53.647s] -- Installing: /Pav-S_ws/install/libuvc/lib/cmake/libuvc/libuvcConfig.cmake
[53.661s] Invoked command in '/Pav-S_ws/build/libuvc' returned '0': /usr/bin/cmake --install /Pav-S_ws/build/libuvc
