[  2%] [32mBuilding CXX object src/CMakeFiles/nav2_util_core.dir/costmap.cpp.o[0m
[  5%] [32mBuilding CXX object src/CMakeFiles/nav2_util_core.dir/node_utils.cpp.o[0m
[  7%] [32mBuilding CXX object src/CMakeFiles/nav2_util_core.dir/lifecycle_service_client.cpp.o[0m
[ 10%] [32mBuilding CXX object src/CMakeFiles/nav2_util_core.dir/string_utils.cpp.o[0m
[ 12%] [32mBuilding CXX object gtest/CMakeFiles/gtest.dir/src/gtest-all.cc.o[0m
[ 15%] [32mBuilding CXX object gtest/CMakeFiles/gtest_main.dir/src/gtest_main.cc.o[0m
[ 17%] [32mBuilding CXX object src/CMakeFiles/nav2_util_core.dir/lifecycle_utils.cpp.o[0m
[ 20%] [32m[1mLinking CXX static library libgtest_main.a[0m
[ 20%] Built target gtest_main
[ 22%] [32mBuilding CXX object src/CMakeFiles/nav2_util_core.dir/lifecycle_node.cpp.o[0m
[ 25%] [32mBuilding CXX object src/CMakeFiles/nav2_util_core.dir/odometry_utils.cpp.o[0m
[ 27%] [32m[1mLinking CXX static library libgtest.a[0m
[ 27%] Built target gtest
[ 30%] [32mBuilding CXX object src/CMakeFiles/nav2_util_core.dir/node_thread.cpp.o[0m
[ 32%] [32mBuilding CXX object src/CMakeFiles/nav2_util_core.dir/robot_utils.cpp.o[0m
[ 35%] [32m[1mLinking CXX shared library libnav2_util_core.so[0m
[ 35%] Built target nav2_util_core
[ 37%] [32mBuilding CXX object src/CMakeFiles/lifecycle_bringup.dir/lifecycle_bringup_commandline.cpp.o[0m
[ 40%] [32mBuilding CXX object test/CMakeFiles/test_execution_timer.dir/test_execution_timer.cpp.o[0m
[ 42%] [32mBuilding CXX object test/CMakeFiles/test_node_utils.dir/test_node_utils.cpp.o[0m
[ 45%] [32mBuilding CXX object test/CMakeFiles/test_lifecycle_utils.dir/test_lifecycle_utils.cpp.o[0m
[ 47%] [32mBuilding CXX object test/CMakeFiles/test_string_utils.dir/test_string_utils.cpp.o[0m
[ 50%] [32mBuilding CXX object test/CMakeFiles/test_service_client.dir/test_service_client.cpp.o[0m
[ 52%] [32m[1mLinking CXX executable test_execution_timer[0m
[ 52%] Built target test_execution_timer
[ 55%] [32mBuilding CXX object test/CMakeFiles/test_actions.dir/test_actions.cpp.o[0m
[ 57%] [32m[1mLinking CXX executable test_string_utils[0m
[ 57%] Built target test_string_utils
[ 60%] [32mBuilding CXX object test/CMakeFiles/test_lifecycle_node.dir/test_lifecycle_node.cpp.o[0m
[ 62%] [32m[1mLinking CXX executable lifecycle_bringup[0m
[ 62%] Built target lifecycle_bringup
[ 65%] [32mBuilding CXX object test/CMakeFiles/test_lifecycle_cli_node.dir/test_lifecycle_cli_node.cpp.o[0m
[ 67%] [32m[1mLinking CXX executable test_node_utils[0m
[ 70%] [32m[1mLinking CXX executable test_lifecycle_utils[0m
[ 70%] Built target test_node_utils
[ 70%] Built target test_lifecycle_utils
[ 72%] [32mBuilding CXX object test/CMakeFiles/test_odometry_utils.dir/test_odometry_utils.cpp.o[0m
[ 75%] [32m[1mLinking CXX executable test_lifecycle_node[0m
[ 75%] Built target test_lifecycle_node
[ 77%] [32m[1mLinking CXX executable test_lifecycle_cli_node[0m
[ 80%] [32mBuilding CXX object test/CMakeFiles/test_robot_utils.dir/test_robot_utils.cpp.o[0m
[ 80%] Built target test_lifecycle_cli_node
[ 82%] [32m[1mLinking CXX executable test_robot_utils[0m
[ 82%] Built target test_robot_utils
[ 85%] [32m[1mLinking CXX executable test_odometry_utils[0m
[ 85%] Built target test_odometry_utils
[ 87%] [32m[1mLinking CXX executable test_service_client[0m
[ 87%] Built target test_service_client
[ 90%] [32m[1mLinking CXX executable test_actions[0m
[ 90%] Built target test_actions
[ 92%] [32mBuilding CXX object test/CMakeFiles/test_validation_messages.dir/test_validation_messages.cpp.o[0m
[ 95%] [32mBuilding CXX object test/CMakeFiles/test_geometry_utils.dir/test_geometry_utils.cpp.o[0m
[ 97%] [32m[1mLinking CXX executable test_validation_messages[0m
[ 97%] Built target test_validation_messages
[100%] [32m[1mLinking CXX executable test_geometry_utils[0m
[100%] Built target test_geometry_utils
