[0.070s] Invoking command in '/Pav-S_ws/build/turn_on_wheeltec_robot': CMAKE_PREFIX_PATH=/Pav-S_ws/install/nav2_msgs:/Pav-S_ws/install/wheeltec_robot_msg:/Pav-S_ws/install/serial:/Pav-S_ws/install/nav2_common:/ws_livox/install/pointcloud_to_laserscan:/ws_livox/install/livox_ros_driver2:/Pav-S_ws/install/wheeltec_robot_urdf:/Pav-S_ws/install/turn_on_wheeltec_robot:/Pav-S_ws/install/usb_cam:/Pav-S_ws/install/robot_kcf:/Pav-S_ws/install/dwb_msgs:/Pav-S_ws/install/nav_2d_msgs:/Pav-S_ws/install/nav2_voxel_grid:/Pav-S_ws/install/nav2_util:/Pav-S_ws/install/libuvc:/Pav-S_ws/install/fast_lio:/Pav-S_ws/install/astra_camera:/Pav-S_ws/install/astra_camera_msgs:/Pav-S_ws/install/yolo_detector:/Pav-S_ws/install/yolov5_lib:/Pav-S_ws/install/nav2_simple_commander:/opt/ros/humble LD_LIBRARY_PATH=/Pav-S_ws/install/nav2_msgs/lib:/Pav-S_ws/install/wheeltec_robot_msg/lib:/usr/local/cuda-12.2/lib64:/ws_livox/install/pointcloud_to_laserscan/lib:/ws_livox/install/livox_ros_driver2/lib:/Pav-S_ws/install/turn_on_wheeltec_robot/lib:/Pav-S_ws/install/usb_cam/lib:/Pav-S_ws/install/serial/lib:/Pav-S_ws/install/dwb_msgs/lib:/Pav-S_ws/install/nav_2d_msgs/lib:/Pav-S_ws/install/nav2_voxel_grid/lib:/Pav-S_ws/install/nav2_util/lib:/Pav-S_ws/install/libuvc/lib:/Pav-S_ws/install/fast_lio/lib:/Pav-S_ws/install/astra_camera/lib:/Pav-S_ws/install/astra_camera_msgs/lib:/opt/ros/humble/opt/rviz_ogre_vendor/lib:/opt/ros/humble/lib/aarch64-linux-gnu:/opt/ros/humble/lib:/usr/local/cuda-12.2/lib64 /usr/bin/cmake /Pav-S_ws/src/turn_on_wheeltec_robot -DCMAKE_INSTALL_PREFIX=/Pav-S_ws/install/turn_on_wheeltec_robot
[0.100s] -- Found ament_cmake: 1.3.12 (/opt/ros/humble/share/ament_cmake/cmake)
[0.436s] -- Found geometry_msgs: 4.9.0 (/opt/ros/humble/share/geometry_msgs/cmake)
[0.478s] -- Found rosidl_generator_c: 3.1.7 (/opt/ros/humble/share/rosidl_generator_c/cmake)
[0.483s] -- Found rosidl_adapter: 3.1.7 (/opt/ros/humble/share/rosidl_adapter/cmake)
[0.494s] -- Found rosidl_generator_cpp: 3.1.7 (/opt/ros/humble/share/rosidl_generator_cpp/cmake)
[0.514s] -- Using all available rosidl_typesupport_c: rosidl_typesupport_fastrtps_c;rosidl_typesupport_introspection_c
[0.539s] -- Using all available rosidl_typesupport_cpp: rosidl_typesupport_fastrtps_cpp;rosidl_typesupport_introspection_cpp
[0.609s] -- Found tf2_geometry_msgs: 0.25.16 (/opt/ros/humble/share/tf2_geometry_msgs/cmake)
[0.615s] -- Found eigen3_cmake_module: 0.1.1 (/opt/ros/humble/share/eigen3_cmake_module/cmake)
[0.617s] -- Ensuring Eigen3 include directory is part of orocos-kdl CMake target
[0.715s] -- Found rmw_implementation_cmake: 6.1.2 (/opt/ros/humble/share/rmw_implementation_cmake/cmake)
[0.718s] -- Found rmw_fastrtps_cpp: 6.2.8 (/opt/ros/humble/share/rmw_fastrtps_cpp/cmake)
[0.939s] -- Using RMW implementation 'rmw_fastrtps_cpp' as default
[1.127s] -- Found turtlesim: 1.4.2 (/opt/ros/humble/share/turtlesim/cmake)
[1.155s] -- Found nav2_msgs: 1.1.18 (/Pav-S_ws/install/nav2_msgs/share/nav2_msgs/cmake)
[1.230s] -- Found rclpy: 3.3.17 (/opt/ros/humble/share/rclpy/cmake)
[1.230s] -- Found sensor_msgs: 4.9.0 (/opt/ros/humble/share/sensor_msgs/cmake)
[1.262s] -- Found std_srvs: 4.9.0 (/opt/ros/humble/share/std_srvs/cmake)
[1.280s] -- Found wheeltec_robot_msg: 0.0.0 (/Pav-S_ws/install/wheeltec_robot_msg/share/wheeltec_robot_msg/cmake)
[1.306s] -- Found serial: 1.2.1 (/Pav-S_ws/install/serial/share/serial/cmake)
[1.310s] -- Found rosidl_default_generators: 1.2.0 (/opt/ros/humble/share/rosidl_default_generators/cmake)
[1.984s] -- Found ament_cmake_ros: 0.10.0 (/opt/ros/humble/share/ament_cmake_ros/cmake)
[2.793s] -- Using all available rosidl_typesupport_c: rosidl_typesupport_fastrtps_c;rosidl_typesupport_introspection_c
[3.109s] -- Using all available rosidl_typesupport_cpp: rosidl_typesupport_fastrtps_cpp;rosidl_typesupport_introspection_cpp
[3.172s] -- Found python_cmake_module: 0.10.0 (/opt/ros/humble/share/python_cmake_module/cmake)
[3.236s] -- Using PYTHON_EXECUTABLE: /usr/bin/python3
[3.237s] -- Using PYTHON_INCLUDE_DIRS: /usr/include/python3.10
[3.237s] -- Using PYTHON_LIBRARIES: /usr/lib/aarch64-linux-gnu/libpython3.10.so
[3.299s] -- Found ament_lint_auto: 0.12.14 (/opt/ros/humble/share/ament_lint_auto/cmake)
[3.373s] -- Added test 'copyright' to check source files copyright and LICENSE
[3.376s] -- Added test 'cppcheck' to perform static code analysis on C / C++ code
[3.379s] -- Configured cppcheck include dirs: /Pav-S_ws/src/turn_on_wheeltec_robot/include
[3.379s] -- Configured cppcheck exclude dirs and/or files: 
[3.382s] -- Added test 'cpplint' to check C / C++ code against the Google style
[3.383s] -- Configured cpplint exclude dirs and/or files: 
[3.383s] -- Added test 'flake8' to check Python code syntax and style conventions
[3.385s] -- Added test 'lint_cmake' to check CMake code style
[3.386s] -- Added test 'pep257' to check Python code against some of the docstring style conventions in PEP 257
[3.389s] -- Added test 'uncrustify' to check C / C++ code style
[3.389s] -- Configured uncrustify additional arguments: 
[3.390s] -- Added test 'xmllint' to check XML markup files
[3.396s] -- Configuring done
[3.495s] -- Generating done
[3.522s] -- Build files have been written to: /Pav-S_ws/build/turn_on_wheeltec_robot
