gmake[2]: Warning: File 'CMakeFiles/wheeltec_robot_msg__rosidl_generator_c.dir/flags.make' has modification time 1759584929 s in the future
gmake[2]: Warning: File 'CMakeFiles/wheeltec_robot_msg__cpp.dir/compiler_depend.make' has modification time 1759584929 s in the future
gmake[2]: Warning: File 'CMakeFiles/ament_cmake_python_copy_wheeltec_robot_msg.dir/compiler_depend.make' has modification time 1759584929 s in the future
gmake[2]: warning:  Clock skew detected.  Your build may be incomplete.
gmake[2]: warning:  Clock skew detected.  Your build may be incomplete.
gmake[2]: Warning: File 'CMakeFiles/wheeltec_robot_msg__rosidl_generator_c.dir/flags.make' has modification time 1759584928 s in the future
gmake[2]: warning:  Clock skew detected.  Your build may be incomplete.
gmake[2]: Warning: File 'CMakeFiles/wheeltec_robot_msg__cpp.dir/compiler_depend.make' has modification time 1759584928 s in the future
gmake[2]: warning:  Clock skew detected.  Your build may be incomplete.
gmake[2]: warning:  Clock skew detected.  Your build may be incomplete.
gmake[2]: Warning: File 'CMakeFiles/ament_cmake_python_copy_wheeltec_robot_msg.dir/compiler_depend.make' has modification time 1759584928 s in the future
gmake[2]: Warning: File 'CMakeFiles/wheeltec_robot_msg__rosidl_typesupport_cpp.dir/flags.make' has modification time 1759584928 s in the future
gmake[2]: Warning: File 'CMakeFiles/wheeltec_robot_msg__rosidl_typesupport_fastrtps_cpp.dir/flags.make' has modification time 1759584928 s in the future
gmake[2]: Warning: File 'CMakeFiles/wheeltec_robot_msg__rosidl_typesupport_introspection_cpp.dir/flags.make' has modification time 1759584928 s in the future
gmake[2]: warning:  Clock skew detected.  Your build may be incomplete.
gmake[2]: warning:  Clock skew detected.  Your build may be incomplete.
gmake[2]: warning:  Clock skew detected.  Your build may be incomplete.
gmake[2]: Warning: File 'CMakeFiles/wheeltec_robot_msg__rosidl_typesupport_fastrtps_cpp.dir/flags.make' has modification time 1759584928 s in the future
gmake[2]: warning:  Clock skew detected.  Your build may be incomplete.
gmake[2]: warning:  Clock skew detected.  Your build may be incomplete.
gmake[2]: Warning: File 'CMakeFiles/wheeltec_robot_msg__rosidl_typesupport_introspection_cpp.dir/flags.make' has modification time 1759584928 s in the future
gmake[2]: warning:  Clock skew detected.  Your build may be incomplete.
gmake[2]: Warning: File 'CMakeFiles/wheeltec_robot_msg__rosidl_typesupport_cpp.dir/flags.make' has modification time 1759584928 s in the future
gmake[2]: warning:  Clock skew detected.  Your build may be incomplete.
gmake[2]: Warning: File 'CMakeFiles/wheeltec_robot_msg__rosidl_typesupport_fastrtps_c.dir/flags.make' has modification time 1759584928 s in the future
gmake[2]: Warning: File 'CMakeFiles/wheeltec_robot_msg__rosidl_typesupport_introspection_c.dir/flags.make' has modification time 1759584928 s in the future
gmake[2]: Warning: File 'CMakeFiles/wheeltec_robot_msg__rosidl_typesupport_c.dir/flags.make' has modification time 1759584928 s in the future
gmake[2]: Warning: File 'CMakeFiles/ament_cmake_python_build_wheeltec_robot_msg_egg.dir/compiler_depend.make' has modification time 1759584928 s in the future
gmake[2]: warning:  Clock skew detected.  Your build may be incomplete.
gmake[2]: Warning: File 'CMakeFiles/wheeltec_robot_msg__rosidl_typesupport_fastrtps_c.dir/flags.make' has modification time 1759584928 s in the future
gmake[2]: warning:  Clock skew detected.  Your build may be incomplete.
gmake[2]: warning:  Clock skew detected.  Your build may be incomplete.
gmake[2]: warning:  Clock skew detected.  Your build may be incomplete.
gmake[2]: Warning: File 'CMakeFiles/wheeltec_robot_msg__rosidl_typesupport_introspection_c.dir/flags.make' has modification time 1759584928 s in the future
gmake[2]: warning:  Clock skew detected.  Your build may be incomplete.
gmake[2]: warning:  Clock skew detected.  Your build may be incomplete.
gmake[2]: Warning: File 'CMakeFiles/wheeltec_robot_msg__rosidl_typesupport_c.dir/flags.make' has modification time 1759584928 s in the future
gmake[2]: warning:  Clock skew detected.  Your build may be incomplete.
gmake[2]: Warning: File 'CMakeFiles/ament_cmake_python_build_wheeltec_robot_msg_egg.dir/compiler_depend.make' has modification time 1759584928 s in the future
gmake[2]: Warning: File 'CMakeFiles/wheeltec_robot_msg.dir/compiler_depend.make' has modification time 1759584928 s in the future
gmake[2]: warning:  Clock skew detected.  Your build may be incomplete.
gmake[2]: Warning: File 'CMakeFiles/wheeltec_robot_msg.dir/compiler_depend.make' has modification time 1759584928 s in the future
gmake[2]: warning:  Clock skew detected.  Your build may be incomplete.
gmake[2]: Warning: File 'wheeltec_robot_msg__py/CMakeFiles/wheeltec_robot_msg__py.dir/compiler_depend.make' has modification time 1759584928 s in the future
gmake[2]: warning:  Clock skew detected.  Your build may be incomplete.
gmake[2]: Warning: File 'wheeltec_robot_msg__py/CMakeFiles/wheeltec_robot_msg__py.dir/compiler_depend.make' has modification time 1759584928 s in the future
gmake[2]: warning:  Clock skew detected.  Your build may be incomplete.
gmake[2]: Warning: File 'CMakeFiles/wheeltec_robot_msg__rosidl_generator_py.dir/flags.make' has modification time 1759584928 s in the future
gmake[2]: warning:  Clock skew detected.  Your build may be incomplete.
gmake[2]: Warning: File 'CMakeFiles/wheeltec_robot_msg__rosidl_generator_py.dir/flags.make' has modification time 1759584928 s in the future
gmake[2]: warning:  Clock skew detected.  Your build may be incomplete.
gmake[2]: Warning: File 'CMakeFiles/wheeltec_robot_msg__rosidl_typesupport_fastrtps_c__pyext.dir/flags.make' has modification time 1759584928 s in the future
gmake[2]: Warning: File 'CMakeFiles/wheeltec_robot_msg__rosidl_typesupport_introspection_c__pyext.dir/flags.make' has modification time 1759584928 s in the future
gmake[2]: Warning: File 'CMakeFiles/wheeltec_robot_msg__rosidl_typesupport_c__pyext.dir/flags.make' has modification time 1759584928 s in the future
gmake[2]: warning:  Clock skew detected.  Your build may be incomplete.
gmake[2]: warning:  Clock skew detected.  Your build may be incomplete.
gmake[2]: warning:  Clock skew detected.  Your build may be incomplete.
gmake[2]: Warning: File 'CMakeFiles/wheeltec_robot_msg__rosidl_typesupport_introspection_c__pyext.dir/flags.make' has modification time 1759584928 s in the future
gmake[2]: warning:  Clock skew detected.  Your build may be incomplete.
gmake[2]: Warning: File 'CMakeFiles/wheeltec_robot_msg__rosidl_typesupport_c__pyext.dir/flags.make' has modification time 1759584928 s in the future
gmake[2]: warning:  Clock skew detected.  Your build may be incomplete.
gmake[2]: Warning: File 'CMakeFiles/wheeltec_robot_msg__rosidl_typesupport_fastrtps_c__pyext.dir/flags.make' has modification time 1759584928 s in the future
gmake[2]: warning:  Clock skew detected.  Your build may be incomplete.
gmake[2]: warning:  Clock skew detected.  Your build may be incomplete.
