[0.066s] Invoking command in '/Pav-S_ws/build/wheeltec_robot_msg': CMAKE_PREFIX_PATH=${CMAKE_PREFIX_PATH}:/Pav-S_ws/install/yolo_detector:/Pav-S_ws/install/yolov5_lib:/Pav-S_ws/install/nav2_simple_commander:/opt/ros/humble /usr/bin/cmake /Pav-S_ws/src/wheeltec_robot_msg -DCMAKE_INSTALL_PREFIX=/Pav-S_ws/install/wheeltec_robot_msg
[0.112s] -- Found ament_cmake: 1.3.12 (/opt/ros/humble/share/ament_cmake/cmake)
[0.582s] -- Found rosidl_default_generators: 1.2.0 (/opt/ros/humble/share/rosidl_default_generators/cmake)
[0.594s] -- Using all available rosidl_typesupport_c: rosidl_typesupport_fastrtps_c;rosidl_typesupport_introspection_c
[0.600s] -- Found rosidl_adapter: 3.1.7 (/opt/ros/humble/share/rosidl_adapter/cmake)
[0.673s] -- Using all available rosidl_typesupport_cpp: rosidl_typesupport_fastrtps_cpp;rosidl_typesupport_introspection_cpp
[0.741s] -- Found std_msgs: 4.9.0 (/opt/ros/humble/share/std_msgs/cmake)
[1.803s] -- Found ament_cmake_cppcheck: 0.12.14 (/opt/ros/humble/share/ament_cmake_cppcheck/cmake)
[1.806s] -- Found ament_cmake_cpplint: 0.12.14 (/opt/ros/humble/share/ament_cmake_cpplint/cmake)
[1.809s] -- Found ament_cmake_uncrustify: 0.12.14 (/opt/ros/humble/share/ament_cmake_uncrustify/cmake)
[1.816s] -- Found ament_cmake_ros: 0.10.0 (/opt/ros/humble/share/ament_cmake_ros/cmake)
[2.477s] -- Using all available rosidl_typesupport_c: rosidl_typesupport_fastrtps_c;rosidl_typesupport_introspection_c
[3.591s] -- Using all available rosidl_typesupport_cpp: rosidl_typesupport_fastrtps_cpp;rosidl_typesupport_introspection_cpp
[3.677s] -- Found python_cmake_module: 0.10.0 (/opt/ros/humble/share/python_cmake_module/cmake)
[3.760s] -- Using PYTHON_EXECUTABLE: /usr/bin/python3
[3.760s] -- Using PYTHON_INCLUDE_DIRS: /usr/include/python3.10
[3.761s] -- Using PYTHON_LIBRARIES: /usr/lib/aarch64-linux-gnu/libpython3.10.so
[3.850s] -- Found ament_cmake_flake8: 0.12.14 (/opt/ros/humble/share/ament_cmake_flake8/cmake)
[3.864s] -- Found ament_cmake_pep257: 0.12.14 (/opt/ros/humble/share/ament_cmake_pep257/cmake)
[3.902s] -- Configuring done
[4.044s] -- Generating done
[4.073s] -- Build files have been written to: /Pav-S_ws/build/wheeltec_robot_msg
[4.124s] Invoked command in '/Pav-S_ws/build/wheeltec_robot_msg' returned '0': CMAKE_PREFIX_PATH=${CMAKE_PREFIX_PATH}:/Pav-S_ws/install/yolo_detector:/Pav-S_ws/install/yolov5_lib:/Pav-S_ws/install/nav2_simple_commander:/opt/ros/humble /usr/bin/cmake /Pav-S_ws/src/wheeltec_robot_msg -DCMAKE_INSTALL_PREFIX=/Pav-S_ws/install/wheeltec_robot_msg
[4.139s] Invoking command in '/Pav-S_ws/build/wheeltec_robot_msg': CMAKE_PREFIX_PATH=${CMAKE_PREFIX_PATH}:/Pav-S_ws/install/yolo_detector:/Pav-S_ws/install/yolov5_lib:/Pav-S_ws/install/nav2_simple_commander:/opt/ros/humble /usr/bin/cmake --build /Pav-S_ws/build/wheeltec_robot_msg -- -j6 -l6
[4.240s] -- Found ament_cmake: 1.3.12 (/opt/ros/humble/share/ament_cmake/cmake)
[4.601s] -- Found rosidl_default_generators: 1.2.0 (/opt/ros/humble/share/rosidl_default_generators/cmake)
[4.610s] -- Using all available rosidl_typesupport_c: rosidl_typesupport_fastrtps_c;rosidl_typesupport_introspection_c
[4.618s] -- Found rosidl_adapter: 3.1.7 (/opt/ros/humble/share/rosidl_adapter/cmake)
[4.690s] -- Using all available rosidl_typesupport_cpp: rosidl_typesupport_fastrtps_cpp;rosidl_typesupport_introspection_cpp
[4.746s] -- Found std_msgs: 4.9.0 (/opt/ros/humble/share/std_msgs/cmake)
[5.640s] -- Found ament_cmake_cppcheck: 0.12.14 (/opt/ros/humble/share/ament_cmake_cppcheck/cmake)
[5.641s] -- Found ament_cmake_cpplint: 0.12.14 (/opt/ros/humble/share/ament_cmake_cpplint/cmake)
[5.642s] -- Found ament_cmake_uncrustify: 0.12.14 (/opt/ros/humble/share/ament_cmake_uncrustify/cmake)
[5.644s] -- Found ament_cmake_ros: 0.10.0 (/opt/ros/humble/share/ament_cmake_ros/cmake)
[6.485s] -- Using all available rosidl_typesupport_c: rosidl_typesupport_fastrtps_c;rosidl_typesupport_introspection_c
[7.364s] -- Using all available rosidl_typesupport_cpp: rosidl_typesupport_fastrtps_cpp;rosidl_typesupport_introspection_cpp
[7.426s] -- Found python_cmake_module: 0.10.0 (/opt/ros/humble/share/python_cmake_module/cmake)
[7.514s] -- Using PYTHON_EXECUTABLE: /usr/bin/python3
[7.515s] -- Using PYTHON_INCLUDE_DIRS: /usr/include/python3.10
[7.515s] -- Using PYTHON_LIBRARIES: /usr/lib/aarch64-linux-gnu/libpython3.10.so
[7.602s] -- Found ament_cmake_flake8: 0.12.14 (/opt/ros/humble/share/ament_cmake_flake8/cmake)
[7.604s] -- Found ament_cmake_pep257: 0.12.14 (/opt/ros/humble/share/ament_cmake_pep257/cmake)
[7.619s] -- Configuring done
[7.722s] -- Generating done
[7.777s] -- Build files have been written to: /Pav-S_ws/build/wheeltec_robot_msg
[7.842s] gmake[2]: Warning: File 'CMakeFiles/wheeltec_robot_msg__rosidl_generator_c.dir/flags.make' has modification time 1759584929 s in the future
[7.845s] gmake[2]: Warning: File 'CMakeFiles/wheeltec_robot_msg__cpp.dir/compiler_depend.make' has modification time 1759584929 s in the future
[7.862s] gmake[2]: Warning: File 'CMakeFiles/ament_cmake_python_copy_wheeltec_robot_msg.dir/compiler_depend.make' has modification time 1759584929 s in the future
[7.865s] [35m[1mConsolidate compiler generated dependencies of target wheeltec_robot_msg__rosidl_generator_c[0m
[7.869s] gmake[2]: warning:  Clock skew detected.  Your build may be incomplete.
[7.893s] gmake[2]: warning:  Clock skew detected.  Your build may be incomplete.
[7.904s] gmake[2]: Warning: File 'CMakeFiles/wheeltec_robot_msg__rosidl_generator_c.dir/flags.make' has modification time 1759584928 s in the future
[7.904s] gmake[2]: warning:  Clock skew detected.  Your build may be incomplete.
[7.917s] gmake[2]: Warning: File 'CMakeFiles/wheeltec_robot_msg__cpp.dir/compiler_depend.make' has modification time 1759584928 s in the future
[7.917s] gmake[2]: warning:  Clock skew detected.  Your build may be incomplete.
[7.929s] gmake[2]: warning:  Clock skew detected.  Your build may be incomplete.
[7.949s] gmake[2]: Warning: File 'CMakeFiles/ament_cmake_python_copy_wheeltec_robot_msg.dir/compiler_depend.make' has modification time 1759584928 s in the future
[7.951s] [  2%] Built target wheeltec_robot_msg__cpp
[7.955s] [ 12%] Built target wheeltec_robot_msg__rosidl_generator_c
[7.960s] gmake[2]: Warning: File 'CMakeFiles/wheeltec_robot_msg__rosidl_typesupport_cpp.dir/flags.make' has modification time 1759584928 s in the future
[7.964s] gmake[2]: Warning: File 'CMakeFiles/wheeltec_robot_msg__rosidl_typesupport_fastrtps_cpp.dir/flags.make' has modification time 1759584928 s in the future
[7.981s] gmake[2]: Warning: File 'CMakeFiles/wheeltec_robot_msg__rosidl_typesupport_introspection_cpp.dir/flags.make' has modification time 1759584928 s in the future
[7.990s] gmake[2]: warning:  Clock skew detected.  Your build may be incomplete.
[8.010s] [35m[1mConsolidate compiler generated dependencies of target wheeltec_robot_msg__rosidl_typesupport_fastrtps_cpp[0m
[8.014s] [35m[1mConsolidate compiler generated dependencies of target wheeltec_robot_msg__rosidl_typesupport_introspection_cpp[0m
[8.017s] gmake[2]: warning:  Clock skew detected.  Your build may be incomplete.
[8.019s] gmake[2]: warning:  Clock skew detected.  Your build may be incomplete.
[8.029s] gmake[2]: Warning: File 'CMakeFiles/wheeltec_robot_msg__rosidl_typesupport_fastrtps_cpp.dir/flags.make' has modification time 1759584928 s in the future
[8.030s] gmake[2]: warning:  Clock skew detected.  Your build may be incomplete.
[8.031s] [35m[1mConsolidate compiler generated dependencies of target wheeltec_robot_msg__rosidl_typesupport_cpp[0m
[8.037s] gmake[2]: warning:  Clock skew detected.  Your build may be incomplete.
[8.041s] gmake[2]: Warning: File 'CMakeFiles/wheeltec_robot_msg__rosidl_typesupport_introspection_cpp.dir/flags.make' has modification time 1759584928 s in the future
[8.042s] gmake[2]: warning:  Clock skew detected.  Your build may be incomplete.
[8.049s] gmake[2]: Warning: File 'CMakeFiles/wheeltec_robot_msg__rosidl_typesupport_cpp.dir/flags.make' has modification time 1759584928 s in the future
[8.050s] gmake[2]: warning:  Clock skew detected.  Your build may be incomplete.
[8.051s] [ 12%] Built target ament_cmake_python_copy_wheeltec_robot_msg
[8.071s] gmake[2]: Warning: File 'CMakeFiles/wheeltec_robot_msg__rosidl_typesupport_fastrtps_c.dir/flags.make' has modification time 1759584928 s in the future
[8.074s] [ 23%] Built target wheeltec_robot_msg__rosidl_typesupport_fastrtps_cpp
[8.077s] [ 33%] Built target wheeltec_robot_msg__rosidl_typesupport_introspection_cpp
[8.079s] [ 43%] Built target wheeltec_robot_msg__rosidl_typesupport_cpp
[8.088s] gmake[2]: Warning: File 'CMakeFiles/wheeltec_robot_msg__rosidl_typesupport_introspection_c.dir/flags.make' has modification time 1759584928 s in the future
[8.090s] gmake[2]: Warning: File 'CMakeFiles/wheeltec_robot_msg__rosidl_typesupport_c.dir/flags.make' has modification time 1759584928 s in the future
[8.096s] gmake[2]: Warning: File 'CMakeFiles/ament_cmake_python_build_wheeltec_robot_msg_egg.dir/compiler_depend.make' has modification time 1759584928 s in the future
[8.107s] [35m[1mConsolidate compiler generated dependencies of target wheeltec_robot_msg__rosidl_typesupport_fastrtps_c[0m
[8.122s] gmake[2]: warning:  Clock skew detected.  Your build may be incomplete.
[8.140s] [35m[1mConsolidate compiler generated dependencies of target wheeltec_robot_msg__rosidl_typesupport_introspection_c[0m
[8.140s] [35m[1mConsolidate compiler generated dependencies of target wheeltec_robot_msg__rosidl_typesupport_c[0m
[8.146s] gmake[2]: Warning: File 'CMakeFiles/wheeltec_robot_msg__rosidl_typesupport_fastrtps_c.dir/flags.make' has modification time 1759584928 s in the future
[8.147s] gmake[2]: warning:  Clock skew detected.  Your build may be incomplete.
[8.148s] gmake[2]: warning:  Clock skew detected.  Your build may be incomplete.
[8.149s] gmake[2]: warning:  Clock skew detected.  Your build may be incomplete.
[8.162s] gmake[2]: Warning: File 'CMakeFiles/wheeltec_robot_msg__rosidl_typesupport_introspection_c.dir/flags.make' has modification time 1759584928 s in the future
[8.163s] gmake[2]: warning:  Clock skew detected.  Your build may be incomplete.
[8.164s] gmake[2]: warning:  Clock skew detected.  Your build may be incomplete.
[8.165s] gmake[2]: Warning: File 'CMakeFiles/wheeltec_robot_msg__rosidl_typesupport_c.dir/flags.make' has modification time 1759584928 s in the future
[8.165s] gmake[2]: warning:  Clock skew detected.  Your build may be incomplete.
[8.190s] [ 53%] Built target wheeltec_robot_msg__rosidl_typesupport_fastrtps_c
[8.193s] gmake[2]: Warning: File 'CMakeFiles/ament_cmake_python_build_wheeltec_robot_msg_egg.dir/compiler_depend.make' has modification time 1759584928 s in the future
[8.214s] [ 64%] Built target wheeltec_robot_msg__rosidl_typesupport_c
[8.242s] [ 74%] Built target wheeltec_robot_msg__rosidl_typesupport_introspection_c
[8.263s] gmake[2]: Warning: File 'CMakeFiles/wheeltec_robot_msg.dir/compiler_depend.make' has modification time 1759584928 s in the future
[8.330s] gmake[2]: warning:  Clock skew detected.  Your build may be incomplete.
[8.345s] gmake[2]: Warning: File 'CMakeFiles/wheeltec_robot_msg.dir/compiler_depend.make' has modification time 1759584928 s in the future
[8.345s] gmake[2]: warning:  Clock skew detected.  Your build may be incomplete.
[8.397s] [ 74%] Built target wheeltec_robot_msg
[8.413s] gmake[2]: Warning: File 'wheeltec_robot_msg__py/CMakeFiles/wheeltec_robot_msg__py.dir/compiler_depend.make' has modification time 1759584928 s in the future
[8.454s] gmake[2]: warning:  Clock skew detected.  Your build may be incomplete.
[8.466s] gmake[2]: Warning: File 'wheeltec_robot_msg__py/CMakeFiles/wheeltec_robot_msg__py.dir/compiler_depend.make' has modification time 1759584928 s in the future
[8.470s] gmake[2]: warning:  Clock skew detected.  Your build may be incomplete.
[8.545s] [ 76%] Built target wheeltec_robot_msg__py
[8.557s] gmake[2]: Warning: File 'CMakeFiles/wheeltec_robot_msg__rosidl_generator_py.dir/flags.make' has modification time 1759584928 s in the future
[8.617s] [35m[1mConsolidate compiler generated dependencies of target wheeltec_robot_msg__rosidl_generator_py[0m
[8.628s] gmake[2]: warning:  Clock skew detected.  Your build may be incomplete.
[8.641s] gmake[2]: Warning: File 'CMakeFiles/wheeltec_robot_msg__rosidl_generator_py.dir/flags.make' has modification time 1759584928 s in the future
[8.643s] gmake[2]: warning:  Clock skew detected.  Your build may be incomplete.
[8.694s] [ 84%] Built target wheeltec_robot_msg__rosidl_generator_py
[8.709s] gmake[2]: Warning: File 'CMakeFiles/wheeltec_robot_msg__rosidl_typesupport_fastrtps_c__pyext.dir/flags.make' has modification time 1759584928 s in the future
[8.728s] gmake[2]: Warning: File 'CMakeFiles/wheeltec_robot_msg__rosidl_typesupport_introspection_c__pyext.dir/flags.make' has modification time 1759584928 s in the future
[8.736s] gmake[2]: Warning: File 'CMakeFiles/wheeltec_robot_msg__rosidl_typesupport_c__pyext.dir/flags.make' has modification time 1759584928 s in the future
[8.794s] [35m[1mConsolidate compiler generated dependencies of target wheeltec_robot_msg__rosidl_typesupport_introspection_c__pyext[0m
[8.799s] gmake[2]: warning:  Clock skew detected.  Your build may be incomplete.
[8.800s] [35m[1mConsolidate compiler generated dependencies of target wheeltec_robot_msg__rosidl_typesupport_c__pyext[0m
[8.801s] [35m[1mConsolidate compiler generated dependencies of target wheeltec_robot_msg__rosidl_typesupport_fastrtps_c__pyext[0m
[8.805s] gmake[2]: warning:  Clock skew detected.  Your build may be incomplete.
[8.812s] gmake[2]: warning:  Clock skew detected.  Your build may be incomplete.
[8.815s] gmake[2]: Warning: File 'CMakeFiles/wheeltec_robot_msg__rosidl_typesupport_introspection_c__pyext.dir/flags.make' has modification time 1759584928 s in the future
[8.816s] gmake[2]: warning:  Clock skew detected.  Your build may be incomplete.
[8.822s] gmake[2]: Warning: File 'CMakeFiles/wheeltec_robot_msg__rosidl_typesupport_c__pyext.dir/flags.make' has modification time 1759584928 s in the future
[8.824s] gmake[2]: warning:  Clock skew detected.  Your build may be incomplete.
[8.832s] gmake[2]: Warning: File 'CMakeFiles/wheeltec_robot_msg__rosidl_typesupport_fastrtps_c__pyext.dir/flags.make' has modification time 1759584928 s in the future
[8.834s] gmake[2]: warning:  Clock skew detected.  Your build may be incomplete.
[8.862s] [ 89%] Built target wheeltec_robot_msg__rosidl_typesupport_introspection_c__pyext
[8.889s] [ 94%] Built target wheeltec_robot_msg__rosidl_typesupport_c__pyext
[8.898s] [100%] Built target wheeltec_robot_msg__rosidl_typesupport_fastrtps_c__pyext
[9.068s] running egg_info
[9.070s] writing wheeltec_robot_msg.egg-info/PKG-INFO
[9.071s] writing dependency_links to wheeltec_robot_msg.egg-info/dependency_links.txt
[9.071s] writing top-level names to wheeltec_robot_msg.egg-info/top_level.txt
[9.079s] reading manifest file 'wheeltec_robot_msg.egg-info/SOURCES.txt'
[9.081s] writing manifest file 'wheeltec_robot_msg.egg-info/SOURCES.txt'
[9.170s] gmake[2]: warning:  Clock skew detected.  Your build may be incomplete.
[9.228s] [100%] Built target ament_cmake_python_build_wheeltec_robot_msg_egg
[9.292s] Invoked command in '/Pav-S_ws/build/wheeltec_robot_msg' returned '0': CMAKE_PREFIX_PATH=${CMAKE_PREFIX_PATH}:/Pav-S_ws/install/yolo_detector:/Pav-S_ws/install/yolov5_lib:/Pav-S_ws/install/nav2_simple_commander:/opt/ros/humble /usr/bin/cmake --build /Pav-S_ws/build/wheeltec_robot_msg -- -j6 -l6
[9.295s] Invoking command in '/Pav-S_ws/build/wheeltec_robot_msg': CMAKE_PREFIX_PATH=${CMAKE_PREFIX_PATH}:/Pav-S_ws/install/yolo_detector:/Pav-S_ws/install/yolov5_lib:/Pav-S_ws/install/nav2_simple_commander:/opt/ros/humble /usr/bin/cmake --install /Pav-S_ws/build/wheeltec_robot_msg
[9.347s] -- Install configuration: "Release"
[9.347s] -- Up-to-date: /Pav-S_ws/install/wheeltec_robot_msg/share/ament_index/resource_index/rosidl_interfaces/wheeltec_robot_msg
[9.347s] -- Up-to-date: /Pav-S_ws/install/wheeltec_robot_msg/include/wheeltec_robot_msg/wheeltec_robot_msg
[9.347s] -- Up-to-date: /Pav-S_ws/install/wheeltec_robot_msg/include/wheeltec_robot_msg/wheeltec_robot_msg/msg
[9.347s] -- Up-to-date: /Pav-S_ws/install/wheeltec_robot_msg/include/wheeltec_robot_msg/wheeltec_robot_msg/msg/rosidl_generator_c__visibility_control.h
[9.347s] -- Up-to-date: /Pav-S_ws/install/wheeltec_robot_msg/include/wheeltec_robot_msg/wheeltec_robot_msg/msg/detail
[9.347s] -- Up-to-date: /Pav-S_ws/install/wheeltec_robot_msg/include/wheeltec_robot_msg/wheeltec_robot_msg/msg/detail/data__functions.c
[9.348s] -- Up-to-date: /Pav-S_ws/install/wheeltec_robot_msg/include/wheeltec_robot_msg/wheeltec_robot_msg/msg/detail/supersonic__type_support.h
[9.348s] -- Up-to-date: /Pav-S_ws/install/wheeltec_robot_msg/include/wheeltec_robot_msg/wheeltec_robot_msg/msg/detail/supersonic__functions.c
[9.348s] -- Up-to-date: /Pav-S_ws/install/wheeltec_robot_msg/include/wheeltec_robot_msg/wheeltec_robot_msg/msg/detail/supersonic__functions.h
[9.348s] -- Up-to-date: /Pav-S_ws/install/wheeltec_robot_msg/include/wheeltec_robot_msg/wheeltec_robot_msg/msg/detail/data__type_support.h
[9.348s] -- Up-to-date: /Pav-S_ws/install/wheeltec_robot_msg/include/wheeltec_robot_msg/wheeltec_robot_msg/msg/detail/supersonic__struct.h
[9.348s] -- Up-to-date: /Pav-S_ws/install/wheeltec_robot_msg/include/wheeltec_robot_msg/wheeltec_robot_msg/msg/detail/data__functions.h
[9.348s] -- Up-to-date: /Pav-S_ws/install/wheeltec_robot_msg/include/wheeltec_robot_msg/wheeltec_robot_msg/msg/detail/data__struct.h
[9.348s] -- Up-to-date: /Pav-S_ws/install/wheeltec_robot_msg/include/wheeltec_robot_msg/wheeltec_robot_msg/msg/supersonic.h
[9.349s] -- Up-to-date: /Pav-S_ws/install/wheeltec_robot_msg/include/wheeltec_robot_msg/wheeltec_robot_msg/msg/data.h
[9.349s] -- Up-to-date: /Pav-S_ws/install/wheeltec_robot_msg/share/wheeltec_robot_msg/environment/library_path.sh
[9.349s] -- Installing: /Pav-S_ws/install/wheeltec_robot_msg/share/wheeltec_robot_msg/environment/library_path.dsv
[9.352s] -- Up-to-date: /Pav-S_ws/install/wheeltec_robot_msg/lib/libwheeltec_robot_msg__rosidl_generator_c.so
[9.353s] -- Up-to-date: /Pav-S_ws/install/wheeltec_robot_msg/include/wheeltec_robot_msg/wheeltec_robot_msg
[9.353s] -- Up-to-date: /Pav-S_ws/install/wheeltec_robot_msg/include/wheeltec_robot_msg/wheeltec_robot_msg/msg
[9.353s] -- Up-to-date: /Pav-S_ws/install/wheeltec_robot_msg/include/wheeltec_robot_msg/wheeltec_robot_msg/msg/rosidl_typesupport_fastrtps_c__visibility_control.h
[9.354s] -- Up-to-date: /Pav-S_ws/install/wheeltec_robot_msg/include/wheeltec_robot_msg/wheeltec_robot_msg/msg/detail
[9.354s] -- Up-to-date: /Pav-S_ws/install/wheeltec_robot_msg/include/wheeltec_robot_msg/wheeltec_robot_msg/msg/detail/supersonic__rosidl_typesupport_fastrtps_c.h
[9.354s] -- Up-to-date: /Pav-S_ws/install/wheeltec_robot_msg/include/wheeltec_robot_msg/wheeltec_robot_msg/msg/detail/data__rosidl_typesupport_fastrtps_c.h
[9.354s] -- Up-to-date: /Pav-S_ws/install/wheeltec_robot_msg/lib/libwheeltec_robot_msg__rosidl_typesupport_fastrtps_c.so
[9.354s] -- Up-to-date: /Pav-S_ws/install/wheeltec_robot_msg/include/wheeltec_robot_msg/wheeltec_robot_msg
[9.354s] -- Up-to-date: /Pav-S_ws/install/wheeltec_robot_msg/include/wheeltec_robot_msg/wheeltec_robot_msg/msg
[9.354s] -- Up-to-date: /Pav-S_ws/install/wheeltec_robot_msg/include/wheeltec_robot_msg/wheeltec_robot_msg/msg/rosidl_typesupport_introspection_c__visibility_control.h
[9.355s] -- Up-to-date: /Pav-S_ws/install/wheeltec_robot_msg/include/wheeltec_robot_msg/wheeltec_robot_msg/msg/detail
[9.355s] -- Up-to-date: /Pav-S_ws/install/wheeltec_robot_msg/include/wheeltec_robot_msg/wheeltec_robot_msg/msg/detail/data__type_support.c
[9.356s] -- Up-to-date: /Pav-S_ws/install/wheeltec_robot_msg/include/wheeltec_robot_msg/wheeltec_robot_msg/msg/detail/supersonic__rosidl_typesupport_introspection_c.h
[9.356s] -- Up-to-date: /Pav-S_ws/install/wheeltec_robot_msg/include/wheeltec_robot_msg/wheeltec_robot_msg/msg/detail/data__rosidl_typesupport_introspection_c.h
[9.356s] -- Up-to-date: /Pav-S_ws/install/wheeltec_robot_msg/include/wheeltec_robot_msg/wheeltec_robot_msg/msg/detail/supersonic__type_support.c
[9.357s] -- Up-to-date: /Pav-S_ws/install/wheeltec_robot_msg/lib/libwheeltec_robot_msg__rosidl_typesupport_introspection_c.so
[9.358s] -- Up-to-date: /Pav-S_ws/install/wheeltec_robot_msg/lib/libwheeltec_robot_msg__rosidl_typesupport_c.so
[9.358s] -- Up-to-date: /Pav-S_ws/install/wheeltec_robot_msg/include/wheeltec_robot_msg/wheeltec_robot_msg
[9.358s] -- Up-to-date: /Pav-S_ws/install/wheeltec_robot_msg/include/wheeltec_robot_msg/wheeltec_robot_msg/msg
[9.359s] -- Up-to-date: /Pav-S_ws/install/wheeltec_robot_msg/include/wheeltec_robot_msg/wheeltec_robot_msg/msg/rosidl_generator_cpp__visibility_control.hpp
[9.359s] -- Up-to-date: /Pav-S_ws/install/wheeltec_robot_msg/include/wheeltec_robot_msg/wheeltec_robot_msg/msg/supersonic.hpp
[9.359s] -- Up-to-date: /Pav-S_ws/install/wheeltec_robot_msg/include/wheeltec_robot_msg/wheeltec_robot_msg/msg/detail
[9.361s] -- Up-to-date: /Pav-S_ws/install/wheeltec_robot_msg/include/wheeltec_robot_msg/wheeltec_robot_msg/msg/detail/data__type_support.hpp
[9.361s] -- Up-to-date: /Pav-S_ws/install/wheeltec_robot_msg/include/wheeltec_robot_msg/wheeltec_robot_msg/msg/detail/supersonic__builder.hpp
[9.361s] -- Up-to-date: /Pav-S_ws/install/wheeltec_robot_msg/include/wheeltec_robot_msg/wheeltec_robot_msg/msg/detail/supersonic__type_support.hpp
[9.362s] -- Up-to-date: /Pav-S_ws/install/wheeltec_robot_msg/include/wheeltec_robot_msg/wheeltec_robot_msg/msg/detail/data__traits.hpp
[9.362s] -- Up-to-date: /Pav-S_ws/install/wheeltec_robot_msg/include/wheeltec_robot_msg/wheeltec_robot_msg/msg/detail/data__struct.hpp
[9.363s] -- Up-to-date: /Pav-S_ws/install/wheeltec_robot_msg/include/wheeltec_robot_msg/wheeltec_robot_msg/msg/detail/supersonic__traits.hpp
[9.363s] -- Up-to-date: /Pav-S_ws/install/wheeltec_robot_msg/include/wheeltec_robot_msg/wheeltec_robot_msg/msg/detail/supersonic__struct.hpp
[9.363s] -- Up-to-date: /Pav-S_ws/install/wheeltec_robot_msg/include/wheeltec_robot_msg/wheeltec_robot_msg/msg/detail/data__builder.hpp
[9.364s] -- Up-to-date: /Pav-S_ws/install/wheeltec_robot_msg/include/wheeltec_robot_msg/wheeltec_robot_msg/msg/data.hpp
[9.364s] -- Up-to-date: /Pav-S_ws/install/wheeltec_robot_msg/include/wheeltec_robot_msg/wheeltec_robot_msg
[9.365s] -- Up-to-date: /Pav-S_ws/install/wheeltec_robot_msg/include/wheeltec_robot_msg/wheeltec_robot_msg/msg
[9.366s] -- Up-to-date: /Pav-S_ws/install/wheeltec_robot_msg/include/wheeltec_robot_msg/wheeltec_robot_msg/msg/detail
[9.366s] -- Up-to-date: /Pav-S_ws/install/wheeltec_robot_msg/include/wheeltec_robot_msg/wheeltec_robot_msg/msg/detail/supersonic__rosidl_typesupport_fastrtps_cpp.hpp
[9.366s] -- Up-to-date: /Pav-S_ws/install/wheeltec_robot_msg/include/wheeltec_robot_msg/wheeltec_robot_msg/msg/detail/data__rosidl_typesupport_fastrtps_cpp.hpp
[9.366s] -- Up-to-date: /Pav-S_ws/install/wheeltec_robot_msg/include/wheeltec_robot_msg/wheeltec_robot_msg/msg/detail/dds_fastrtps
[9.367s] -- Up-to-date: /Pav-S_ws/install/wheeltec_robot_msg/include/wheeltec_robot_msg/wheeltec_robot_msg/msg/rosidl_typesupport_fastrtps_cpp__visibility_control.h
[9.367s] -- Up-to-date: /Pav-S_ws/install/wheeltec_robot_msg/lib/libwheeltec_robot_msg__rosidl_typesupport_fastrtps_cpp.so
[9.367s] -- Up-to-date: /Pav-S_ws/install/wheeltec_robot_msg/include/wheeltec_robot_msg/wheeltec_robot_msg
[9.367s] -- Up-to-date: /Pav-S_ws/install/wheeltec_robot_msg/include/wheeltec_robot_msg/wheeltec_robot_msg/msg
[9.368s] -- Up-to-date: /Pav-S_ws/install/wheeltec_robot_msg/include/wheeltec_robot_msg/wheeltec_robot_msg/msg/detail
[9.369s] -- Up-to-date: /Pav-S_ws/install/wheeltec_robot_msg/include/wheeltec_robot_msg/wheeltec_robot_msg/msg/detail/data__type_support.cpp
[9.369s] -- Up-to-date: /Pav-S_ws/install/wheeltec_robot_msg/include/wheeltec_robot_msg/wheeltec_robot_msg/msg/detail/data__rosidl_typesupport_introspection_cpp.hpp
[9.369s] -- Up-to-date: /Pav-S_ws/install/wheeltec_robot_msg/include/wheeltec_robot_msg/wheeltec_robot_msg/msg/detail/supersonic__rosidl_typesupport_introspection_cpp.hpp
[9.370s] -- Up-to-date: /Pav-S_ws/install/wheeltec_robot_msg/include/wheeltec_robot_msg/wheeltec_robot_msg/msg/detail/supersonic__type_support.cpp
[9.373s] -- Up-to-date: /Pav-S_ws/install/wheeltec_robot_msg/lib/libwheeltec_robot_msg__rosidl_typesupport_introspection_cpp.so
[9.374s] -- Up-to-date: /Pav-S_ws/install/wheeltec_robot_msg/lib/libwheeltec_robot_msg__rosidl_typesupport_cpp.so
[9.374s] -- Up-to-date: /Pav-S_ws/install/wheeltec_robot_msg/share/wheeltec_robot_msg/environment/pythonpath.sh
[9.374s] -- Installing: /Pav-S_ws/install/wheeltec_robot_msg/share/wheeltec_robot_msg/environment/pythonpath.dsv
[9.374s] -- Up-to-date: /Pav-S_ws/install/wheeltec_robot_msg/local/lib/python3.10/dist-packages/wheeltec_robot_msg-0.0.0-py3.10.egg-info
[9.375s] -- Installing: /Pav-S_ws/install/wheeltec_robot_msg/local/lib/python3.10/dist-packages/wheeltec_robot_msg-0.0.0-py3.10.egg-info/dependency_links.txt
[9.375s] -- Installing: /Pav-S_ws/install/wheeltec_robot_msg/local/lib/python3.10/dist-packages/wheeltec_robot_msg-0.0.0-py3.10.egg-info/SOURCES.txt
[9.375s] -- Installing: /Pav-S_ws/install/wheeltec_robot_msg/local/lib/python3.10/dist-packages/wheeltec_robot_msg-0.0.0-py3.10.egg-info/PKG-INFO
[9.375s] -- Installing: /Pav-S_ws/install/wheeltec_robot_msg/local/lib/python3.10/dist-packages/wheeltec_robot_msg-0.0.0-py3.10.egg-info/top_level.txt
[9.375s] -- Up-to-date: /Pav-S_ws/install/wheeltec_robot_msg/local/lib/python3.10/dist-packages/wheeltec_robot_msg
[9.375s] -- Up-to-date: /Pav-S_ws/install/wheeltec_robot_msg/local/lib/python3.10/dist-packages/wheeltec_robot_msg/_wheeltec_robot_msg_s.ep.rosidl_typesupport_fastrtps_c.c
[9.375s] -- Up-to-date: /Pav-S_ws/install/wheeltec_robot_msg/local/lib/python3.10/dist-packages/wheeltec_robot_msg/libwheeltec_robot_msg__rosidl_generator_py.so
[9.375s] -- Up-to-date: /Pav-S_ws/install/wheeltec_robot_msg/local/lib/python3.10/dist-packages/wheeltec_robot_msg/wheeltec_robot_msg_s__rosidl_typesupport_c.cpython-310-aarch64-linux-gnu.so
[9.376s] -- Up-to-date: /Pav-S_ws/install/wheeltec_robot_msg/local/lib/python3.10/dist-packages/wheeltec_robot_msg/_wheeltec_robot_msg_s.ep.rosidl_typesupport_c.c
[9.376s] -- Up-to-date: /Pav-S_ws/install/wheeltec_robot_msg/local/lib/python3.10/dist-packages/wheeltec_robot_msg/wheeltec_robot_msg_s__rosidl_typesupport_introspection_c.cpython-310-aarch64-linux-gnu.so
[9.376s] -- Up-to-date: /Pav-S_ws/install/wheeltec_robot_msg/local/lib/python3.10/dist-packages/wheeltec_robot_msg/msg
[9.376s] -- Up-to-date: /Pav-S_ws/install/wheeltec_robot_msg/local/lib/python3.10/dist-packages/wheeltec_robot_msg/msg/_supersonic_s.c
[9.376s] -- Up-to-date: /Pav-S_ws/install/wheeltec_robot_msg/local/lib/python3.10/dist-packages/wheeltec_robot_msg/msg/_data.py
[9.376s] -- Up-to-date: /Pav-S_ws/install/wheeltec_robot_msg/local/lib/python3.10/dist-packages/wheeltec_robot_msg/msg/_data_s.c
[9.376s] -- Up-to-date: /Pav-S_ws/install/wheeltec_robot_msg/local/lib/python3.10/dist-packages/wheeltec_robot_msg/msg/__init__.py
[9.376s] -- Up-to-date: /Pav-S_ws/install/wheeltec_robot_msg/local/lib/python3.10/dist-packages/wheeltec_robot_msg/msg/_supersonic.py
[9.377s] -- Installing: /Pav-S_ws/install/wheeltec_robot_msg/local/lib/python3.10/dist-packages/wheeltec_robot_msg/__init__.py
[9.377s] -- Up-to-date: /Pav-S_ws/install/wheeltec_robot_msg/local/lib/python3.10/dist-packages/wheeltec_robot_msg/wheeltec_robot_msg_s__rosidl_typesupport_fastrtps_c.cpython-310-aarch64-linux-gnu.so
[9.377s] -- Up-to-date: /Pav-S_ws/install/wheeltec_robot_msg/local/lib/python3.10/dist-packages/wheeltec_robot_msg/_wheeltec_robot_msg_s.ep.rosidl_typesupport_introspection_c.c
[9.486s] Listing '/Pav-S_ws/install/wheeltec_robot_msg/local/lib/python3.10/dist-packages/wheeltec_robot_msg'...
[9.486s] Compiling '/Pav-S_ws/install/wheeltec_robot_msg/local/lib/python3.10/dist-packages/wheeltec_robot_msg/__init__.py'...
[9.486s] Listing '/Pav-S_ws/install/wheeltec_robot_msg/local/lib/python3.10/dist-packages/wheeltec_robot_msg/msg'...
[9.504s] -- Up-to-date: /Pav-S_ws/install/wheeltec_robot_msg/local/lib/python3.10/dist-packages/wheeltec_robot_msg/wheeltec_robot_msg_s__rosidl_typesupport_fastrtps_c.cpython-310-aarch64-linux-gnu.so
[9.504s] -- Up-to-date: /Pav-S_ws/install/wheeltec_robot_msg/local/lib/python3.10/dist-packages/wheeltec_robot_msg/wheeltec_robot_msg_s__rosidl_typesupport_introspection_c.cpython-310-aarch64-linux-gnu.so
[9.506s] -- Up-to-date: /Pav-S_ws/install/wheeltec_robot_msg/local/lib/python3.10/dist-packages/wheeltec_robot_msg/wheeltec_robot_msg_s__rosidl_typesupport_c.cpython-310-aarch64-linux-gnu.so
[9.510s] -- Up-to-date: /Pav-S_ws/install/wheeltec_robot_msg/lib/libwheeltec_robot_msg__rosidl_generator_py.so
[9.510s] -- Up-to-date: /Pav-S_ws/install/wheeltec_robot_msg/share/wheeltec_robot_msg/msg/Data.idl
[9.511s] -- Up-to-date: /Pav-S_ws/install/wheeltec_robot_msg/share/wheeltec_robot_msg/msg/Supersonic.idl
[9.511s] -- Up-to-date: /Pav-S_ws/install/wheeltec_robot_msg/share/wheeltec_robot_msg/msg/Data.msg
[9.511s] -- Up-to-date: /Pav-S_ws/install/wheeltec_robot_msg/share/wheeltec_robot_msg/msg/Supersonic.msg
[9.511s] -- Up-to-date: /Pav-S_ws/install/wheeltec_robot_msg/share/ament_index/resource_index/package_run_dependencies/wheeltec_robot_msg
[9.511s] -- Installing: /Pav-S_ws/install/wheeltec_robot_msg/share/ament_index/resource_index/parent_prefix_path/wheeltec_robot_msg
[9.511s] -- Up-to-date: /Pav-S_ws/install/wheeltec_robot_msg/share/wheeltec_robot_msg/environment/ament_prefix_path.sh
[9.512s] -- Installing: /Pav-S_ws/install/wheeltec_robot_msg/share/wheeltec_robot_msg/environment/ament_prefix_path.dsv
[9.512s] -- Up-to-date: /Pav-S_ws/install/wheeltec_robot_msg/share/wheeltec_robot_msg/environment/path.sh
[9.512s] -- Installing: /Pav-S_ws/install/wheeltec_robot_msg/share/wheeltec_robot_msg/environment/path.dsv
[9.512s] -- Up-to-date: /Pav-S_ws/install/wheeltec_robot_msg/share/wheeltec_robot_msg/local_setup.bash
[9.512s] -- Up-to-date: /Pav-S_ws/install/wheeltec_robot_msg/share/wheeltec_robot_msg/local_setup.sh
[9.512s] -- Up-to-date: /Pav-S_ws/install/wheeltec_robot_msg/share/wheeltec_robot_msg/local_setup.zsh
[9.512s] -- Installing: /Pav-S_ws/install/wheeltec_robot_msg/share/wheeltec_robot_msg/local_setup.dsv
[9.512s] -- Installing: /Pav-S_ws/install/wheeltec_robot_msg/share/wheeltec_robot_msg/package.dsv
[9.513s] -- Up-to-date: /Pav-S_ws/install/wheeltec_robot_msg/share/ament_index/resource_index/packages/wheeltec_robot_msg
[9.513s] -- Up-to-date: /Pav-S_ws/install/wheeltec_robot_msg/share/wheeltec_robot_msg/cmake/export_wheeltec_robot_msg__rosidl_generator_cExport.cmake
[9.513s] -- Up-to-date: /Pav-S_ws/install/wheeltec_robot_msg/share/wheeltec_robot_msg/cmake/export_wheeltec_robot_msg__rosidl_generator_cExport-release.cmake
[9.513s] -- Up-to-date: /Pav-S_ws/install/wheeltec_robot_msg/share/wheeltec_robot_msg/cmake/export_wheeltec_robot_msg__rosidl_typesupport_fastrtps_cExport.cmake
[9.513s] -- Up-to-date: /Pav-S_ws/install/wheeltec_robot_msg/share/wheeltec_robot_msg/cmake/export_wheeltec_robot_msg__rosidl_typesupport_fastrtps_cExport-release.cmake
[9.515s] -- Up-to-date: /Pav-S_ws/install/wheeltec_robot_msg/share/wheeltec_robot_msg/cmake/wheeltec_robot_msg__rosidl_typesupport_introspection_cExport.cmake
[9.515s] -- Up-to-date: /Pav-S_ws/install/wheeltec_robot_msg/share/wheeltec_robot_msg/cmake/wheeltec_robot_msg__rosidl_typesupport_introspection_cExport-release.cmake
[9.522s] -- Up-to-date: /Pav-S_ws/install/wheeltec_robot_msg/share/wheeltec_robot_msg/cmake/wheeltec_robot_msg__rosidl_typesupport_cExport.cmake
[9.523s] -- Up-to-date: /Pav-S_ws/install/wheeltec_robot_msg/share/wheeltec_robot_msg/cmake/wheeltec_robot_msg__rosidl_typesupport_cExport-release.cmake
[9.524s] -- Up-to-date: /Pav-S_ws/install/wheeltec_robot_msg/share/wheeltec_robot_msg/cmake/export_wheeltec_robot_msg__rosidl_generator_cppExport.cmake
[9.525s] -- Up-to-date: /Pav-S_ws/install/wheeltec_robot_msg/share/wheeltec_robot_msg/cmake/export_wheeltec_robot_msg__rosidl_typesupport_fastrtps_cppExport.cmake
[9.525s] -- Up-to-date: /Pav-S_ws/install/wheeltec_robot_msg/share/wheeltec_robot_msg/cmake/export_wheeltec_robot_msg__rosidl_typesupport_fastrtps_cppExport-release.cmake
[9.527s] -- Up-to-date: /Pav-S_ws/install/wheeltec_robot_msg/share/wheeltec_robot_msg/cmake/wheeltec_robot_msg__rosidl_typesupport_introspection_cppExport.cmake
[9.528s] -- Up-to-date: /Pav-S_ws/install/wheeltec_robot_msg/share/wheeltec_robot_msg/cmake/wheeltec_robot_msg__rosidl_typesupport_introspection_cppExport-release.cmake
[9.538s] -- Up-to-date: /Pav-S_ws/install/wheeltec_robot_msg/share/wheeltec_robot_msg/cmake/wheeltec_robot_msg__rosidl_typesupport_cppExport.cmake
[9.538s] -- Up-to-date: /Pav-S_ws/install/wheeltec_robot_msg/share/wheeltec_robot_msg/cmake/wheeltec_robot_msg__rosidl_typesupport_cppExport-release.cmake
[9.539s] -- Up-to-date: /Pav-S_ws/install/wheeltec_robot_msg/share/wheeltec_robot_msg/cmake/export_wheeltec_robot_msg__rosidl_generator_pyExport.cmake
[9.539s] -- Up-to-date: /Pav-S_ws/install/wheeltec_robot_msg/share/wheeltec_robot_msg/cmake/export_wheeltec_robot_msg__rosidl_generator_pyExport-release.cmake
[9.539s] -- Up-to-date: /Pav-S_ws/install/wheeltec_robot_msg/share/wheeltec_robot_msg/cmake/rosidl_cmake-extras.cmake
[9.539s] -- Up-to-date: /Pav-S_ws/install/wheeltec_robot_msg/share/wheeltec_robot_msg/cmake/ament_cmake_export_dependencies-extras.cmake
[9.539s] -- Up-to-date: /Pav-S_ws/install/wheeltec_robot_msg/share/wheeltec_robot_msg/cmake/ament_cmake_export_include_directories-extras.cmake
[9.540s] -- Up-to-date: /Pav-S_ws/install/wheeltec_robot_msg/share/wheeltec_robot_msg/cmake/ament_cmake_export_libraries-extras.cmake
[9.540s] -- Up-to-date: /Pav-S_ws/install/wheeltec_robot_msg/share/wheeltec_robot_msg/cmake/ament_cmake_export_targets-extras.cmake
[9.540s] -- Up-to-date: /Pav-S_ws/install/wheeltec_robot_msg/share/wheeltec_robot_msg/cmake/rosidl_cmake_export_typesupport_targets-extras.cmake
[9.540s] -- Up-to-date: /Pav-S_ws/install/wheeltec_robot_msg/share/wheeltec_robot_msg/cmake/rosidl_cmake_export_typesupport_libraries-extras.cmake
[9.540s] -- Up-to-date: /Pav-S_ws/install/wheeltec_robot_msg/share/wheeltec_robot_msg/cmake/wheeltec_robot_msgConfig.cmake
[9.540s] -- Up-to-date: /Pav-S_ws/install/wheeltec_robot_msg/share/wheeltec_robot_msg/cmake/wheeltec_robot_msgConfig-version.cmake
[9.540s] -- Up-to-date: /Pav-S_ws/install/wheeltec_robot_msg/share/wheeltec_robot_msg/package.xml
[9.550s] Invoked command in '/Pav-S_ws/build/wheeltec_robot_msg' returned '0': CMAKE_PREFIX_PATH=${CMAKE_PREFIX_PATH}:/Pav-S_ws/install/yolo_detector:/Pav-S_ws/install/yolov5_lib:/Pav-S_ws/install/nav2_simple_commander:/opt/ros/humble /usr/bin/cmake --install /Pav-S_ws/build/wheeltec_robot_msg
