[0.534s] Invoking command in '/Pav-S_ws/build/dwb_critics': CMAKE_PREFIX_PATH=/Pav-S_ws/install/dwb_core:/Pav-S_ws/install/nav2_core:/Pav-S_ws/install/costmap_queue:/Pav-S_ws/install/nav2_costmap_2d:/Pav-S_ws/install/nav_2d_utils:/Pav-S_ws/install/nav2_map_server:/Pav-S_ws/install/nav2_lifecycle_manager:/Pav-S_ws/install/nav2_util:/Pav-S_ws/install/nav2_voxel_grid:/Pav-S_ws/install/nav2_msgs:/Pav-S_ws/install/dwb_msgs:/Pav-S_ws/install/nav_2d_msgs:/Pav-S_ws/install/nav2_common:/Pav-S_ws/install/nav2_behavior_tree:/Pav-S_ws/install/nav2_dwb_controller:/Pav-S_ws/install/nav2_controller:/Pav-S_ws/install/nav2_planner:/Pav-S_ws/install/dwb_plugins:/Pav-S_ws/install/dwb_critics:/ws_livox/install/pointcloud_to_laserscan:/ws_livox/install/livox_ros_driver2:/Pav-S_ws/install/wheeltec_robot_urdf:/Pav-S_ws/install/turn_on_wheeltec_robot:/Pav-S_ws/install/wheeltec_robot_msg:/Pav-S_ws/install/usb_cam:/Pav-S_ws/install/serial:/Pav-S_ws/install/robot_kcf:/Pav-S_ws/install/libuvc:/Pav-S_ws/install/fast_lio:/Pav-S_ws/install/astra_camera:/Pav-S_ws/install/astra_camera_msgs:/Pav-S_ws/install/yolo_detector:/Pav-S_ws/install/yolov5_lib:/Pav-S_ws/install/nav2_simple_commander:/opt/ros/humble LD_LIBRARY_PATH=/Pav-S_ws/install/dwb_core/lib:/Pav-S_ws/install/costmap_queue/lib:/Pav-S_ws/install/nav2_costmap_2d/lib:/Pav-S_ws/install/nav_2d_utils/lib:/Pav-S_ws/install/nav2_map_server/lib:/Pav-S_ws/install/nav2_lifecycle_manager/lib:/Pav-S_ws/install/nav2_util/lib:/Pav-S_ws/install/nav2_voxel_grid/lib:/Pav-S_ws/install/nav2_msgs/lib:/Pav-S_ws/install/dwb_msgs/lib:/Pav-S_ws/install/nav_2d_msgs/lib:/Pav-S_ws/install/nav2_behavior_tree/lib:/Pav-S_ws/install/nav2_controller/lib:/Pav-S_ws/install/nav2_planner/lib:/Pav-S_ws/install/dwb_plugins/lib:/Pav-S_ws/install/dwb_critics/lib:/usr/local/cuda-12.2/lib64:/ws_livox/install/pointcloud_to_laserscan/lib:/ws_livox/install/livox_ros_driver2/lib:/Pav-S_ws/install/turn_on_wheeltec_robot/lib:/Pav-S_ws/install/wheeltec_robot_msg/lib:/Pav-S_ws/install/usb_cam/lib:/Pav-S_ws/install/serial/lib:/Pav-S_ws/install/libuvc/lib:/Pav-S_ws/install/fast_lio/lib:/Pav-S_ws/install/astra_camera/lib:/Pav-S_ws/install/astra_camera_msgs/lib:/opt/ros/humble/opt/rviz_ogre_vendor/lib:/opt/ros/humble/lib/aarch64-linux-gnu:/opt/ros/humble/lib:/usr/local/cuda-12.2/lib64 /usr/bin/cmake --build /Pav-S_ws/build/dwb_critics -- -j6 -l6
[1.533s] [35m[1mConsolidate compiler generated dependencies of target gtest[0m
[1.533s] [35m[1mConsolidate compiler generated dependencies of target gtest_main[0m
[1.534s] [35m[1mConsolidate compiler generated dependencies of target dwb_critics[0m
[1.534s] [  7%] Built target gtest
[1.535s] [ 14%] Built target gtest_main
[1.548s] [ 62%] Built target dwb_critics
[1.550s] [35m[1mConsolidate compiler generated dependencies of target prefer_forward_tests[0m
[1.550s] [35m[1mConsolidate compiler generated dependencies of target base_obstacle_tests[0m
[1.550s] [35m[1mConsolidate compiler generated dependencies of target alignment_util_tests[0m
[1.550s] [35m[1mConsolidate compiler generated dependencies of target obstacle_footprint_tests[0m
[1.550s] [35m[1mConsolidate compiler generated dependencies of target twirling_tests[0m
[1.550s] [ 70%] Built target base_obstacle_tests
[1.550s] [ 77%] Built target alignment_util_tests
[1.551s] [ 85%] Built target prefer_forward_tests
[1.551s] [ 92%] Built target obstacle_footprint_tests
[1.551s] [100%] Built target twirling_tests
[1.574s] Invoked command in '/Pav-S_ws/build/dwb_critics' returned '0': CMAKE_PREFIX_PATH=/Pav-S_ws/install/dwb_core:/Pav-S_ws/install/nav2_core:/Pav-S_ws/install/costmap_queue:/Pav-S_ws/install/nav2_costmap_2d:/Pav-S_ws/install/nav_2d_utils:/Pav-S_ws/install/nav2_map_server:/Pav-S_ws/install/nav2_lifecycle_manager:/Pav-S_ws/install/nav2_util:/Pav-S_ws/install/nav2_voxel_grid:/Pav-S_ws/install/nav2_msgs:/Pav-S_ws/install/dwb_msgs:/Pav-S_ws/install/nav_2d_msgs:/Pav-S_ws/install/nav2_common:/Pav-S_ws/install/nav2_behavior_tree:/Pav-S_ws/install/nav2_dwb_controller:/Pav-S_ws/install/nav2_controller:/Pav-S_ws/install/nav2_planner:/Pav-S_ws/install/dwb_plugins:/Pav-S_ws/install/dwb_critics:/ws_livox/install/pointcloud_to_laserscan:/ws_livox/install/livox_ros_driver2:/Pav-S_ws/install/wheeltec_robot_urdf:/Pav-S_ws/install/turn_on_wheeltec_robot:/Pav-S_ws/install/wheeltec_robot_msg:/Pav-S_ws/install/usb_cam:/Pav-S_ws/install/serial:/Pav-S_ws/install/robot_kcf:/Pav-S_ws/install/libuvc:/Pav-S_ws/install/fast_lio:/Pav-S_ws/install/astra_camera:/Pav-S_ws/install/astra_camera_msgs:/Pav-S_ws/install/yolo_detector:/Pav-S_ws/install/yolov5_lib:/Pav-S_ws/install/nav2_simple_commander:/opt/ros/humble LD_LIBRARY_PATH=/Pav-S_ws/install/dwb_core/lib:/Pav-S_ws/install/costmap_queue/lib:/Pav-S_ws/install/nav2_costmap_2d/lib:/Pav-S_ws/install/nav_2d_utils/lib:/Pav-S_ws/install/nav2_map_server/lib:/Pav-S_ws/install/nav2_lifecycle_manager/lib:/Pav-S_ws/install/nav2_util/lib:/Pav-S_ws/install/nav2_voxel_grid/lib:/Pav-S_ws/install/nav2_msgs/lib:/Pav-S_ws/install/dwb_msgs/lib:/Pav-S_ws/install/nav_2d_msgs/lib:/Pav-S_ws/install/nav2_behavior_tree/lib:/Pav-S_ws/install/nav2_controller/lib:/Pav-S_ws/install/nav2_planner/lib:/Pav-S_ws/install/dwb_plugins/lib:/Pav-S_ws/install/dwb_critics/lib:/usr/local/cuda-12.2/lib64:/ws_livox/install/pointcloud_to_laserscan/lib:/ws_livox/install/livox_ros_driver2/lib:/Pav-S_ws/install/turn_on_wheeltec_robot/lib:/Pav-S_ws/install/wheeltec_robot_msg/lib:/Pav-S_ws/install/usb_cam/lib:/Pav-S_ws/install/serial/lib:/Pav-S_ws/install/libuvc/lib:/Pav-S_ws/install/fast_lio/lib:/Pav-S_ws/install/astra_camera/lib:/Pav-S_ws/install/astra_camera_msgs/lib:/opt/ros/humble/opt/rviz_ogre_vendor/lib:/opt/ros/humble/lib/aarch64-linux-gnu:/opt/ros/humble/lib:/usr/local/cuda-12.2/lib64 /usr/bin/cmake --build /Pav-S_ws/build/dwb_critics -- -j6 -l6
[1.585s] Invoking command in '/Pav-S_ws/build/dwb_critics': CMAKE_PREFIX_PATH=/Pav-S_ws/install/dwb_core:/Pav-S_ws/install/nav2_core:/Pav-S_ws/install/costmap_queue:/Pav-S_ws/install/nav2_costmap_2d:/Pav-S_ws/install/nav_2d_utils:/Pav-S_ws/install/nav2_map_server:/Pav-S_ws/install/nav2_lifecycle_manager:/Pav-S_ws/install/nav2_util:/Pav-S_ws/install/nav2_voxel_grid:/Pav-S_ws/install/nav2_msgs:/Pav-S_ws/install/dwb_msgs:/Pav-S_ws/install/nav_2d_msgs:/Pav-S_ws/install/nav2_common:/Pav-S_ws/install/nav2_behavior_tree:/Pav-S_ws/install/nav2_dwb_controller:/Pav-S_ws/install/nav2_controller:/Pav-S_ws/install/nav2_planner:/Pav-S_ws/install/dwb_plugins:/Pav-S_ws/install/dwb_critics:/ws_livox/install/pointcloud_to_laserscan:/ws_livox/install/livox_ros_driver2:/Pav-S_ws/install/wheeltec_robot_urdf:/Pav-S_ws/install/turn_on_wheeltec_robot:/Pav-S_ws/install/wheeltec_robot_msg:/Pav-S_ws/install/usb_cam:/Pav-S_ws/install/serial:/Pav-S_ws/install/robot_kcf:/Pav-S_ws/install/libuvc:/Pav-S_ws/install/fast_lio:/Pav-S_ws/install/astra_camera:/Pav-S_ws/install/astra_camera_msgs:/Pav-S_ws/install/yolo_detector:/Pav-S_ws/install/yolov5_lib:/Pav-S_ws/install/nav2_simple_commander:/opt/ros/humble LD_LIBRARY_PATH=/Pav-S_ws/install/dwb_core/lib:/Pav-S_ws/install/costmap_queue/lib:/Pav-S_ws/install/nav2_costmap_2d/lib:/Pav-S_ws/install/nav_2d_utils/lib:/Pav-S_ws/install/nav2_map_server/lib:/Pav-S_ws/install/nav2_lifecycle_manager/lib:/Pav-S_ws/install/nav2_util/lib:/Pav-S_ws/install/nav2_voxel_grid/lib:/Pav-S_ws/install/nav2_msgs/lib:/Pav-S_ws/install/dwb_msgs/lib:/Pav-S_ws/install/nav_2d_msgs/lib:/Pav-S_ws/install/nav2_behavior_tree/lib:/Pav-S_ws/install/nav2_controller/lib:/Pav-S_ws/install/nav2_planner/lib:/Pav-S_ws/install/dwb_plugins/lib:/Pav-S_ws/install/dwb_critics/lib:/usr/local/cuda-12.2/lib64:/ws_livox/install/pointcloud_to_laserscan/lib:/ws_livox/install/livox_ros_driver2/lib:/Pav-S_ws/install/turn_on_wheeltec_robot/lib:/Pav-S_ws/install/wheeltec_robot_msg/lib:/Pav-S_ws/install/usb_cam/lib:/Pav-S_ws/install/serial/lib:/Pav-S_ws/install/libuvc/lib:/Pav-S_ws/install/fast_lio/lib:/Pav-S_ws/install/astra_camera/lib:/Pav-S_ws/install/astra_camera_msgs/lib:/opt/ros/humble/opt/rviz_ogre_vendor/lib:/opt/ros/humble/lib/aarch64-linux-gnu:/opt/ros/humble/lib:/usr/local/cuda-12.2/lib64 /usr/bin/cmake --install /Pav-S_ws/build/dwb_critics
[24.025s] -- Install configuration: "Release"
[24.027s] -- Up-to-date: /Pav-S_ws/install/dwb_critics/lib/libdwb_critics.so
[24.039s] -- Up-to-date: /Pav-S_ws/install/dwb_critics/include/
[24.040s] -- Up-to-date: /Pav-S_ws/install/dwb_critics/include//dwb_critics
[24.040s] -- Up-to-date: /Pav-S_ws/install/dwb_critics/include//dwb_critics/alignment_util.hpp
[24.040s] -- Up-to-date: /Pav-S_ws/install/dwb_critics/include//dwb_critics/twirling.hpp
[24.040s] -- Up-to-date: /Pav-S_ws/install/dwb_critics/include//dwb_critics/goal_align.hpp
[24.040s] -- Up-to-date: /Pav-S_ws/install/dwb_critics/include//dwb_critics/line_iterator.hpp
[24.040s] -- Up-to-date: /Pav-S_ws/install/dwb_critics/include//dwb_critics/goal_dist.hpp
[24.041s] -- Up-to-date: /Pav-S_ws/install/dwb_critics/include//dwb_critics/path_align.hpp
[24.041s] -- Up-to-date: /Pav-S_ws/install/dwb_critics/include//dwb_critics/base_obstacle.hpp
[24.041s] -- Up-to-date: /Pav-S_ws/install/dwb_critics/include//dwb_critics/oscillation.hpp
[24.041s] -- Up-to-date: /Pav-S_ws/install/dwb_critics/include//dwb_critics/map_grid.hpp
[24.041s] -- Up-to-date: /Pav-S_ws/install/dwb_critics/include//dwb_critics/prefer_forward.hpp
[24.041s] -- Up-to-date: /Pav-S_ws/install/dwb_critics/include//dwb_critics/obstacle_footprint.hpp
[24.041s] -- Up-to-date: /Pav-S_ws/install/dwb_critics/include//dwb_critics/path_dist.hpp
[24.041s] -- Up-to-date: /Pav-S_ws/install/dwb_critics/include//dwb_critics/rotate_to_goal.hpp
[24.042s] -- Up-to-date: /Pav-S_ws/install/dwb_critics/share/dwb_critics/default_critics.xml
[24.042s] -- Up-to-date: /Pav-S_ws/install/dwb_critics/share/dwb_critics/environment/library_path.sh
[24.042s] -- Up-to-date: /Pav-S_ws/install/dwb_critics/share/dwb_critics/environment/library_path.dsv
[24.042s] -- Up-to-date: /Pav-S_ws/install/dwb_critics/share/dwb_critics/default_critics.xml
[24.042s] -- Up-to-date: /Pav-S_ws/install/dwb_critics/share/ament_index/resource_index/package_run_dependencies/dwb_critics
[24.042s] -- Up-to-date: /Pav-S_ws/install/dwb_critics/share/ament_index/resource_index/parent_prefix_path/dwb_critics
[24.042s] -- Up-to-date: /Pav-S_ws/install/dwb_critics/share/dwb_critics/environment/ament_prefix_path.sh
[24.042s] -- Up-to-date: /Pav-S_ws/install/dwb_critics/share/dwb_critics/environment/ament_prefix_path.dsv
[24.042s] -- Up-to-date: /Pav-S_ws/install/dwb_critics/share/dwb_critics/environment/path.sh
[24.043s] -- Up-to-date: /Pav-S_ws/install/dwb_critics/share/dwb_critics/environment/path.dsv
[24.043s] -- Up-to-date: /Pav-S_ws/install/dwb_critics/share/dwb_critics/local_setup.bash
[24.043s] -- Up-to-date: /Pav-S_ws/install/dwb_critics/share/dwb_critics/local_setup.sh
[24.043s] -- Up-to-date: /Pav-S_ws/install/dwb_critics/share/dwb_critics/local_setup.zsh
[24.043s] -- Up-to-date: /Pav-S_ws/install/dwb_critics/share/dwb_critics/local_setup.dsv
[24.043s] -- Installing: /Pav-S_ws/install/dwb_critics/share/dwb_critics/package.dsv
[24.043s] -- Up-to-date: /Pav-S_ws/install/dwb_critics/share/ament_index/resource_index/packages/dwb_critics
[24.043s] -- Up-to-date: /Pav-S_ws/install/dwb_critics/share/ament_index/resource_index/dwb_core__pluginlib__plugin/dwb_critics
[24.043s] -- Up-to-date: /Pav-S_ws/install/dwb_critics/share/dwb_critics/cmake/ament_cmake_export_include_directories-extras.cmake
[24.044s] -- Up-to-date: /Pav-S_ws/install/dwb_critics/share/dwb_critics/cmake/ament_cmake_export_libraries-extras.cmake
[24.044s] -- Up-to-date: /Pav-S_ws/install/dwb_critics/share/dwb_critics/cmake/ament_cmake_export_dependencies-extras.cmake
[24.044s] -- Up-to-date: /Pav-S_ws/install/dwb_critics/share/dwb_critics/cmake/dwb_criticsConfig.cmake
[24.044s] -- Up-to-date: /Pav-S_ws/install/dwb_critics/share/dwb_critics/cmake/dwb_criticsConfig-version.cmake
[24.044s] -- Up-to-date: /Pav-S_ws/install/dwb_critics/share/dwb_critics/package.xml
