[0.048s] Invoking command in '/Pav-S_ws/build/robot_kcf': CMAKE_PREFIX_PATH=${CMAKE_PREFIX_PATH}:/Pav-S_ws/install/yolo_detector:/Pav-S_ws/install/yolov5_lib:/Pav-S_ws/install/nav2_simple_commander:/opt/ros/humble /usr/bin/cmake /Pav-S_ws/src/robot_kcf -DCMAKE_INSTALL_PREFIX=/Pav-S_ws/install/robot_kcf
[0.117s] -- Found ament_cmake: 1.3.12 (/opt/ros/humble/share/ament_cmake/cmake)
[0.613s] -- Found geometry_msgs: 4.9.0 (/opt/ros/humble/share/geometry_msgs/cmake)
[0.666s] -- Found rosidl_generator_c: 3.1.7 (/opt/ros/humble/share/rosidl_generator_c/cmake)
[0.671s] -- Found rosidl_adapter: 3.1.7 (/opt/ros/humble/share/rosidl_adapter/cmake)
[0.683s] -- Found rosidl_generator_cpp: 3.1.7 (/opt/ros/humble/share/rosidl_generator_cpp/cmake)
[0.704s] -- Using all available rosidl_typesupport_c: rosidl_typesupport_fastrtps_c;rosidl_typesupport_introspection_c
[0.731s] -- Using all available rosidl_typesupport_cpp: rosidl_typesupport_fastrtps_cpp;rosidl_typesupport_introspection_cpp
[0.824s] -- Found sensor_msgs: 4.9.0 (/opt/ros/humble/share/sensor_msgs/cmake)
[0.880s] -- Found vision_msgs: 4.1.1 (/opt/ros/humble/share/vision_msgs/cmake)
[0.931s] -- Found rclcpp: 16.0.15 (/opt/ros/humble/share/rclcpp/cmake)
[1.024s] -- Found rmw_implementation_cmake: 6.1.2 (/opt/ros/humble/share/rmw_implementation_cmake/cmake)
[1.024s] -- Found rmw_fastrtps_cpp: 6.2.8 (/opt/ros/humble/share/rmw_fastrtps_cpp/cmake)
[1.261s] -- Using RMW implementation 'rmw_fastrtps_cpp' as default
[1.352s] -- Found cv_bridge: 3.2.1 (/opt/ros/humble/share/cv_bridge/cmake)
[1.363s] -- Found image_transport: 3.1.12 (/opt/ros/humble/share/image_transport/cmake)
[1.418s] -- Found ament_lint_auto: 0.12.14 (/opt/ros/humble/share/ament_lint_auto/cmake)
[1.676s] -- Added test 'copyright' to check source files copyright and LICENSE
[1.678s] -- Added test 'cppcheck' to perform static code analysis on C / C++ code
[1.679s] -- Configured cppcheck include dirs: /Pav-S_ws/src/robot_kcf/include/robot_kcf
[1.679s] -- Configured cppcheck exclude dirs and/or files: 
[1.682s] -- Added test 'cpplint' to check C / C++ code against the Google style
[1.682s] -- Configured cpplint exclude dirs and/or files: 
[1.683s] -- Added test 'flake8' to check Python code syntax and style conventions
[1.691s] -- Added test 'lint_cmake' to check CMake code style
[1.692s] -- Added test 'pep257' to check Python code against some of the docstring style conventions in PEP 257
[1.694s] -- Added test 'uncrustify' to check C / C++ code style
[1.694s] -- Configured uncrustify additional arguments: 
[1.694s] -- Added test 'xmllint' to check XML markup files
[1.714s] -- Configuring done
[1.774s] -- Generating done
[1.789s] -- Build files have been written to: /Pav-S_ws/build/robot_kcf
[1.825s] Invoked command in '/Pav-S_ws/build/robot_kcf' returned '0': CMAKE_PREFIX_PATH=${CMAKE_PREFIX_PATH}:/Pav-S_ws/install/yolo_detector:/Pav-S_ws/install/yolov5_lib:/Pav-S_ws/install/nav2_simple_commander:/opt/ros/humble /usr/bin/cmake /Pav-S_ws/src/robot_kcf -DCMAKE_INSTALL_PREFIX=/Pav-S_ws/install/robot_kcf
[1.826s] Invoking command in '/Pav-S_ws/build/robot_kcf': CMAKE_PREFIX_PATH=${CMAKE_PREFIX_PATH}:/Pav-S_ws/install/yolo_detector:/Pav-S_ws/install/yolov5_lib:/Pav-S_ws/install/nav2_simple_commander:/opt/ros/humble /usr/bin/cmake --build /Pav-S_ws/build/robot_kcf -- -j6 -l6
[2.161s] -- Found ament_cmake: 1.3.12 (/opt/ros/humble/share/ament_cmake/cmake)
[2.329s] -- Found geometry_msgs: 4.9.0 (/opt/ros/humble/share/geometry_msgs/cmake)
[2.395s] -- Found rosidl_generator_c: 3.1.7 (/opt/ros/humble/share/rosidl_generator_c/cmake)
[2.402s] -- Found rosidl_adapter: 3.1.7 (/opt/ros/humble/share/rosidl_adapter/cmake)
[2.415s] -- Found rosidl_generator_cpp: 3.1.7 (/opt/ros/humble/share/rosidl_generator_cpp/cmake)
[2.436s] -- Using all available rosidl_typesupport_c: rosidl_typesupport_fastrtps_c;rosidl_typesupport_introspection_c
[2.465s] -- Using all available rosidl_typesupport_cpp: rosidl_typesupport_fastrtps_cpp;rosidl_typesupport_introspection_cpp
[2.550s] -- Found sensor_msgs: 4.9.0 (/opt/ros/humble/share/sensor_msgs/cmake)
[2.585s] -- Found vision_msgs: 4.1.1 (/opt/ros/humble/share/vision_msgs/cmake)
[2.637s] -- Found rclcpp: 16.0.15 (/opt/ros/humble/share/rclcpp/cmake)
[2.695s] -- Found rmw_implementation_cmake: 6.1.2 (/opt/ros/humble/share/rmw_implementation_cmake/cmake)
[2.707s] -- Found rmw_fastrtps_cpp: 6.2.8 (/opt/ros/humble/share/rmw_fastrtps_cpp/cmake)
[2.999s] -- Using RMW implementation 'rmw_fastrtps_cpp' as default
[3.103s] -- Found cv_bridge: 3.2.1 (/opt/ros/humble/share/cv_bridge/cmake)
[3.107s] -- Found image_transport: 3.1.12 (/opt/ros/humble/share/image_transport/cmake)
[3.154s] -- Found ament_lint_auto: 0.12.14 (/opt/ros/humble/share/ament_lint_auto/cmake)
[3.346s] -- Added test 'copyright' to check source files copyright and LICENSE
[3.349s] -- Added test 'cppcheck' to perform static code analysis on C / C++ code
[3.349s] -- Configured cppcheck include dirs: /Pav-S_ws/src/robot_kcf/include/robot_kcf
[3.350s] -- Configured cppcheck exclude dirs and/or files: 
[3.351s] -- Added test 'cpplint' to check C / C++ code against the Google style
[3.351s] -- Configured cpplint exclude dirs and/or files: 
[3.352s] -- Added test 'flake8' to check Python code syntax and style conventions
[3.353s] -- Added test 'lint_cmake' to check CMake code style
[3.354s] -- Added test 'pep257' to check Python code against some of the docstring style conventions in PEP 257
[3.356s] -- Added test 'uncrustify' to check C / C++ code style
[3.357s] -- Configured uncrustify additional arguments: 
[3.358s] -- Added test 'xmllint' to check XML markup files
[3.360s] -- Configuring done
[3.398s] -- Generating done
[3.409s] -- Build files have been written to: /Pav-S_ws/build/robot_kcf
[3.472s] gmake[2]: Warning: File 'CMakeFiles/run_tracker_node.dir/flags.make' has modification time 1759585023 s in the future
[3.499s] [35m[1mConsolidate compiler generated dependencies of target run_tracker_node[0m
[3.514s] gmake[2]: warning:  Clock skew detected.  Your build may be incomplete.
[3.523s] gmake[2]: Warning: File 'CMakeFiles/run_tracker_node.dir/flags.make' has modification time 1759585023 s in the future
[3.529s] gmake[2]: warning:  Clock skew detected.  Your build may be incomplete.
[3.550s] [100%] Built target run_tracker_node
[3.578s] Invoked command in '/Pav-S_ws/build/robot_kcf' returned '0': CMAKE_PREFIX_PATH=${CMAKE_PREFIX_PATH}:/Pav-S_ws/install/yolo_detector:/Pav-S_ws/install/yolov5_lib:/Pav-S_ws/install/nav2_simple_commander:/opt/ros/humble /usr/bin/cmake --build /Pav-S_ws/build/robot_kcf -- -j6 -l6
[3.589s] Invoking command in '/Pav-S_ws/build/robot_kcf': CMAKE_PREFIX_PATH=${CMAKE_PREFIX_PATH}:/Pav-S_ws/install/yolo_detector:/Pav-S_ws/install/yolov5_lib:/Pav-S_ws/install/nav2_simple_commander:/opt/ros/humble /usr/bin/cmake --install /Pav-S_ws/build/robot_kcf
[3.634s] -- Install configuration: "Release"
[3.651s] -- Up-to-date: /Pav-S_ws/install/robot_kcf/lib/robot_kcf/run_tracker_node
[3.651s] -- Up-to-date: /Pav-S_ws/install/robot_kcf/share/robot_kcf/launch
[3.651s] -- Up-to-date: /Pav-S_ws/install/robot_kcf/share/robot_kcf/launch/robot_kcf.launch.py
[3.651s] -- Up-to-date: /Pav-S_ws/install/robot_kcf/share/ament_index/resource_index/package_run_dependencies/robot_kcf
[3.651s] -- Installing: /Pav-S_ws/install/robot_kcf/share/ament_index/resource_index/parent_prefix_path/robot_kcf
[3.651s] -- Up-to-date: /Pav-S_ws/install/robot_kcf/share/robot_kcf/environment/ament_prefix_path.sh
[3.651s] -- Installing: /Pav-S_ws/install/robot_kcf/share/robot_kcf/environment/ament_prefix_path.dsv
[3.652s] -- Up-to-date: /Pav-S_ws/install/robot_kcf/share/robot_kcf/environment/path.sh
[3.652s] -- Installing: /Pav-S_ws/install/robot_kcf/share/robot_kcf/environment/path.dsv
[3.652s] -- Up-to-date: /Pav-S_ws/install/robot_kcf/share/robot_kcf/local_setup.bash
[3.652s] -- Up-to-date: /Pav-S_ws/install/robot_kcf/share/robot_kcf/local_setup.sh
[3.652s] -- Up-to-date: /Pav-S_ws/install/robot_kcf/share/robot_kcf/local_setup.zsh
[3.652s] -- Installing: /Pav-S_ws/install/robot_kcf/share/robot_kcf/local_setup.dsv
[3.652s] -- Installing: /Pav-S_ws/install/robot_kcf/share/robot_kcf/package.dsv
[3.652s] -- Up-to-date: /Pav-S_ws/install/robot_kcf/share/ament_index/resource_index/packages/robot_kcf
[3.653s] -- Up-to-date: /Pav-S_ws/install/robot_kcf/share/robot_kcf/cmake/robot_kcfConfig.cmake
[3.653s] -- Up-to-date: /Pav-S_ws/install/robot_kcf/share/robot_kcf/cmake/robot_kcfConfig-version.cmake
[3.653s] -- Up-to-date: /Pav-S_ws/install/robot_kcf/share/robot_kcf/package.xml
[3.659s] Invoked command in '/Pav-S_ws/build/robot_kcf' returned '0': CMAKE_PREFIX_PATH=${CMAKE_PREFIX_PATH}:/Pav-S_ws/install/yolo_detector:/Pav-S_ws/install/yolov5_lib:/Pav-S_ws/install/nav2_simple_commander:/opt/ros/humble /usr/bin/cmake --install /Pav-S_ws/build/robot_kcf
