[0.083s] Invoking command in '/Pav-S_ws/build/nav_2d_msgs': CMAKE_PREFIX_PATH=${CMAKE_PREFIX_PATH}:/Pav-S_ws/install/yolo_detector:/Pav-S_ws/install/yolov5_lib:/Pav-S_ws/install/nav2_simple_commander:/opt/ros/humble /usr/bin/cmake --build /Pav-S_ws/build/nav_2d_msgs -- -j6 -l6
[0.251s] [  1%] Built target nav_2d_msgs__cpp
[0.265s] [ 12%] Built target nav_2d_msgs__rosidl_generator_c
[0.309s] [ 12%] Built target ament_cmake_python_copy_nav_2d_msgs
[0.451s] [ 23%] Built target nav_2d_msgs__rosidl_typesupport_fastrtps_cpp
[0.459s] [ 35%] Built target nav_2d_msgs__rosidl_typesupport_cpp
[0.523s] [ 46%] Built target nav_2d_msgs__rosidl_typesupport_introspection_cpp
[0.566s] [ 57%] Built target nav_2d_msgs__rosidl_typesupport_introspection_c
[0.574s] [ 69%] Built target nav_2d_msgs__rosidl_typesupport_fastrtps_c
[0.583s] [ 80%] Built target nav_2d_msgs__rosidl_typesupport_c
[0.728s] [ 80%] Built target nav_2d_msgs
[0.856s] [ 81%] Built target nav_2d_msgs__py
[0.999s] [ 91%] Built target nav_2d_msgs__rosidl_generator_py
[1.210s] [ 94%] Built target nav_2d_msgs__rosidl_typesupport_c__pyext
[1.217s] [ 97%] Built target nav_2d_msgs__rosidl_typesupport_introspection_c__pyext
[1.226s] [100%] Built target nav_2d_msgs__rosidl_typesupport_fastrtps_c__pyext
[1.372s] running egg_info
[1.375s] writing nav_2d_msgs.egg-info/PKG-INFO
[1.375s] writing dependency_links to nav_2d_msgs.egg-info/dependency_links.txt
[1.376s] writing top-level names to nav_2d_msgs.egg-info/top_level.txt
[1.381s] reading manifest file 'nav_2d_msgs.egg-info/SOURCES.txt'
[1.383s] writing manifest file 'nav_2d_msgs.egg-info/SOURCES.txt'
[1.493s] [100%] Built target ament_cmake_python_build_nav_2d_msgs_egg
[1.526s] Invoked command in '/Pav-S_ws/build/nav_2d_msgs' returned '0': CMAKE_PREFIX_PATH=${CMAKE_PREFIX_PATH}:/Pav-S_ws/install/yolo_detector:/Pav-S_ws/install/yolov5_lib:/Pav-S_ws/install/nav2_simple_commander:/opt/ros/humble /usr/bin/cmake --build /Pav-S_ws/build/nav_2d_msgs -- -j6 -l6
[1.530s] Invoking command in '/Pav-S_ws/build/nav_2d_msgs': CMAKE_PREFIX_PATH=${CMAKE_PREFIX_PATH}:/Pav-S_ws/install/yolo_detector:/Pav-S_ws/install/yolov5_lib:/Pav-S_ws/install/nav2_simple_commander:/opt/ros/humble /usr/bin/cmake --install /Pav-S_ws/build/nav_2d_msgs
[1.596s] -- Install configuration: "Release"
[1.596s] -- Up-to-date: /Pav-S_ws/install/nav_2d_msgs/share/ament_index/resource_index/rosidl_interfaces/nav_2d_msgs
[1.597s] -- Up-to-date: /Pav-S_ws/install/nav_2d_msgs/include/nav_2d_msgs/nav_2d_msgs
[1.597s] -- Up-to-date: /Pav-S_ws/install/nav_2d_msgs/include/nav_2d_msgs/nav_2d_msgs/msg
[1.597s] -- Up-to-date: /Pav-S_ws/install/nav_2d_msgs/include/nav_2d_msgs/nav_2d_msgs/msg/rosidl_generator_c__visibility_control.h
[1.597s] -- Up-to-date: /Pav-S_ws/install/nav_2d_msgs/include/nav_2d_msgs/nav_2d_msgs/msg/twist2_d.h
[1.597s] -- Up-to-date: /Pav-S_ws/install/nav_2d_msgs/include/nav_2d_msgs/nav_2d_msgs/msg/twist2_d32.h
[1.597s] -- Up-to-date: /Pav-S_ws/install/nav_2d_msgs/include/nav_2d_msgs/nav_2d_msgs/msg/detail
[1.597s] -- Up-to-date: /Pav-S_ws/install/nav_2d_msgs/include/nav_2d_msgs/nav_2d_msgs/msg/detail/twist2_d__functions.h
[1.598s] -- Up-to-date: /Pav-S_ws/install/nav_2d_msgs/include/nav_2d_msgs/nav_2d_msgs/msg/detail/pose2_d_stamped__functions.h
[1.598s] -- Up-to-date: /Pav-S_ws/install/nav_2d_msgs/include/nav_2d_msgs/nav_2d_msgs/msg/detail/path2_d__functions.c
[1.598s] -- Up-to-date: /Pav-S_ws/install/nav_2d_msgs/include/nav_2d_msgs/nav_2d_msgs/msg/detail/path2_d__functions.h
[1.598s] -- Up-to-date: /Pav-S_ws/install/nav_2d_msgs/include/nav_2d_msgs/nav_2d_msgs/msg/detail/twist2_d_stamped__struct.h
[1.598s] -- Up-to-date: /Pav-S_ws/install/nav_2d_msgs/include/nav_2d_msgs/nav_2d_msgs/msg/detail/pose2_d32__functions.c
[1.598s] -- Up-to-date: /Pav-S_ws/install/nav_2d_msgs/include/nav_2d_msgs/nav_2d_msgs/msg/detail/path2_d__struct.h
[1.598s] -- Up-to-date: /Pav-S_ws/install/nav_2d_msgs/include/nav_2d_msgs/nav_2d_msgs/msg/detail/twist2_d_stamped__type_support.h
[1.598s] -- Up-to-date: /Pav-S_ws/install/nav_2d_msgs/include/nav_2d_msgs/nav_2d_msgs/msg/detail/pose2_d_stamped__functions.c
[1.599s] -- Up-to-date: /Pav-S_ws/install/nav_2d_msgs/include/nav_2d_msgs/nav_2d_msgs/msg/detail/twist2_d__struct.h
[1.599s] -- Up-to-date: /Pav-S_ws/install/nav_2d_msgs/include/nav_2d_msgs/nav_2d_msgs/msg/detail/pose2_d32__functions.h
[1.599s] -- Up-to-date: /Pav-S_ws/install/nav_2d_msgs/include/nav_2d_msgs/nav_2d_msgs/msg/detail/twist2_d32__functions.c
[1.600s] -- Up-to-date: /Pav-S_ws/install/nav_2d_msgs/include/nav_2d_msgs/nav_2d_msgs/msg/detail/pose2_d32__struct.h
[1.600s] -- Up-to-date: /Pav-S_ws/install/nav_2d_msgs/include/nav_2d_msgs/nav_2d_msgs/msg/detail/pose2_d_stamped__struct.h
[1.601s] -- Up-to-date: /Pav-S_ws/install/nav_2d_msgs/include/nav_2d_msgs/nav_2d_msgs/msg/detail/twist2_d32__type_support.h
[1.609s] -- Up-to-date: /Pav-S_ws/install/nav_2d_msgs/include/nav_2d_msgs/nav_2d_msgs/msg/detail/pose2_d_stamped__type_support.h
[1.609s] -- Up-to-date: /Pav-S_ws/install/nav_2d_msgs/include/nav_2d_msgs/nav_2d_msgs/msg/detail/twist2_d_stamped__functions.h
[1.610s] -- Up-to-date: /Pav-S_ws/install/nav_2d_msgs/include/nav_2d_msgs/nav_2d_msgs/msg/detail/twist2_d32__functions.h
[1.610s] -- Up-to-date: /Pav-S_ws/install/nav_2d_msgs/include/nav_2d_msgs/nav_2d_msgs/msg/detail/path2_d__type_support.h
[1.610s] -- Up-to-date: /Pav-S_ws/install/nav_2d_msgs/include/nav_2d_msgs/nav_2d_msgs/msg/detail/twist2_d_stamped__functions.c
[1.610s] -- Up-to-date: /Pav-S_ws/install/nav_2d_msgs/include/nav_2d_msgs/nav_2d_msgs/msg/detail/twist2_d32__struct.h
[1.610s] -- Up-to-date: /Pav-S_ws/install/nav_2d_msgs/include/nav_2d_msgs/nav_2d_msgs/msg/detail/twist2_d__functions.c
[1.610s] -- Up-to-date: /Pav-S_ws/install/nav_2d_msgs/include/nav_2d_msgs/nav_2d_msgs/msg/detail/twist2_d__type_support.h
[1.610s] -- Up-to-date: /Pav-S_ws/install/nav_2d_msgs/include/nav_2d_msgs/nav_2d_msgs/msg/detail/pose2_d32__type_support.h
[1.611s] -- Up-to-date: /Pav-S_ws/install/nav_2d_msgs/include/nav_2d_msgs/nav_2d_msgs/msg/path2_d.h
[1.611s] -- Up-to-date: /Pav-S_ws/install/nav_2d_msgs/include/nav_2d_msgs/nav_2d_msgs/msg/twist2_d_stamped.h
[1.611s] -- Up-to-date: /Pav-S_ws/install/nav_2d_msgs/include/nav_2d_msgs/nav_2d_msgs/msg/pose2_d_stamped.h
[1.611s] -- Up-to-date: /Pav-S_ws/install/nav_2d_msgs/include/nav_2d_msgs/nav_2d_msgs/msg/pose2_d32.h
[1.611s] -- Up-to-date: /Pav-S_ws/install/nav_2d_msgs/share/nav_2d_msgs/environment/library_path.sh
[1.611s] -- Up-to-date: /Pav-S_ws/install/nav_2d_msgs/share/nav_2d_msgs/environment/library_path.dsv
[1.611s] -- Up-to-date: /Pav-S_ws/install/nav_2d_msgs/lib/libnav_2d_msgs__rosidl_generator_c.so
[1.611s] -- Up-to-date: /Pav-S_ws/install/nav_2d_msgs/include/nav_2d_msgs/nav_2d_msgs
[1.611s] -- Up-to-date: /Pav-S_ws/install/nav_2d_msgs/include/nav_2d_msgs/nav_2d_msgs/msg
[1.612s] -- Up-to-date: /Pav-S_ws/install/nav_2d_msgs/include/nav_2d_msgs/nav_2d_msgs/msg/rosidl_typesupport_fastrtps_c__visibility_control.h
[1.612s] -- Up-to-date: /Pav-S_ws/install/nav_2d_msgs/include/nav_2d_msgs/nav_2d_msgs/msg/detail
[1.612s] -- Up-to-date: /Pav-S_ws/install/nav_2d_msgs/include/nav_2d_msgs/nav_2d_msgs/msg/detail/pose2_d32__rosidl_typesupport_fastrtps_c.h
[1.612s] -- Up-to-date: /Pav-S_ws/install/nav_2d_msgs/include/nav_2d_msgs/nav_2d_msgs/msg/detail/twist2_d_stamped__rosidl_typesupport_fastrtps_c.h
[1.612s] -- Up-to-date: /Pav-S_ws/install/nav_2d_msgs/include/nav_2d_msgs/nav_2d_msgs/msg/detail/twist2_d32__rosidl_typesupport_fastrtps_c.h
[1.612s] -- Up-to-date: /Pav-S_ws/install/nav_2d_msgs/include/nav_2d_msgs/nav_2d_msgs/msg/detail/path2_d__rosidl_typesupport_fastrtps_c.h
[1.612s] -- Up-to-date: /Pav-S_ws/install/nav_2d_msgs/include/nav_2d_msgs/nav_2d_msgs/msg/detail/pose2_d_stamped__rosidl_typesupport_fastrtps_c.h
[1.612s] -- Up-to-date: /Pav-S_ws/install/nav_2d_msgs/include/nav_2d_msgs/nav_2d_msgs/msg/detail/twist2_d__rosidl_typesupport_fastrtps_c.h
[1.613s] -- Up-to-date: /Pav-S_ws/install/nav_2d_msgs/lib/libnav_2d_msgs__rosidl_typesupport_fastrtps_c.so
[1.613s] -- Up-to-date: /Pav-S_ws/install/nav_2d_msgs/include/nav_2d_msgs/nav_2d_msgs
[1.618s] -- Up-to-date: /Pav-S_ws/install/nav_2d_msgs/include/nav_2d_msgs/nav_2d_msgs/msg
[1.619s] -- Up-to-date: /Pav-S_ws/install/nav_2d_msgs/include/nav_2d_msgs/nav_2d_msgs/msg/twist2_d_stamped.hpp
[1.619s] -- Up-to-date: /Pav-S_ws/install/nav_2d_msgs/include/nav_2d_msgs/nav_2d_msgs/msg/rosidl_generator_cpp__visibility_control.hpp
[1.619s] -- Up-to-date: /Pav-S_ws/install/nav_2d_msgs/include/nav_2d_msgs/nav_2d_msgs/msg/pose2_d32.hpp
[1.619s] -- Up-to-date: /Pav-S_ws/install/nav_2d_msgs/include/nav_2d_msgs/nav_2d_msgs/msg/pose2_d_stamped.hpp
[1.619s] -- Up-to-date: /Pav-S_ws/install/nav_2d_msgs/include/nav_2d_msgs/nav_2d_msgs/msg/path2_d.hpp
[1.619s] -- Up-to-date: /Pav-S_ws/install/nav_2d_msgs/include/nav_2d_msgs/nav_2d_msgs/msg/detail
[1.620s] -- Up-to-date: /Pav-S_ws/install/nav_2d_msgs/include/nav_2d_msgs/nav_2d_msgs/msg/detail/pose2_d_stamped__builder.hpp
[1.620s] -- Up-to-date: /Pav-S_ws/install/nav_2d_msgs/include/nav_2d_msgs/nav_2d_msgs/msg/detail/pose2_d_stamped__type_support.hpp
[1.620s] -- Up-to-date: /Pav-S_ws/install/nav_2d_msgs/include/nav_2d_msgs/nav_2d_msgs/msg/detail/pose2_d32__traits.hpp
[1.620s] -- Up-to-date: /Pav-S_ws/install/nav_2d_msgs/include/nav_2d_msgs/nav_2d_msgs/msg/detail/path2_d__struct.hpp
[1.620s] -- Up-to-date: /Pav-S_ws/install/nav_2d_msgs/include/nav_2d_msgs/nav_2d_msgs/msg/detail/pose2_d32__type_support.hpp
[1.620s] -- Up-to-date: /Pav-S_ws/install/nav_2d_msgs/include/nav_2d_msgs/nav_2d_msgs/msg/detail/twist2_d32__type_support.hpp
[1.620s] -- Up-to-date: /Pav-S_ws/install/nav_2d_msgs/include/nav_2d_msgs/nav_2d_msgs/msg/detail/twist2_d__builder.hpp
[1.620s] -- Up-to-date: /Pav-S_ws/install/nav_2d_msgs/include/nav_2d_msgs/nav_2d_msgs/msg/detail/twist2_d__traits.hpp
[1.621s] -- Up-to-date: /Pav-S_ws/install/nav_2d_msgs/include/nav_2d_msgs/nav_2d_msgs/msg/detail/twist2_d32__struct.hpp
[1.621s] -- Up-to-date: /Pav-S_ws/install/nav_2d_msgs/include/nav_2d_msgs/nav_2d_msgs/msg/detail/twist2_d_stamped__builder.hpp
[1.621s] -- Up-to-date: /Pav-S_ws/install/nav_2d_msgs/include/nav_2d_msgs/nav_2d_msgs/msg/detail/twist2_d_stamped__traits.hpp
[1.621s] -- Up-to-date: /Pav-S_ws/install/nav_2d_msgs/include/nav_2d_msgs/nav_2d_msgs/msg/detail/path2_d__builder.hpp
[1.621s] -- Up-to-date: /Pav-S_ws/install/nav_2d_msgs/include/nav_2d_msgs/nav_2d_msgs/msg/detail/path2_d__type_support.hpp
[1.621s] -- Up-to-date: /Pav-S_ws/install/nav_2d_msgs/include/nav_2d_msgs/nav_2d_msgs/msg/detail/twist2_d_stamped__type_support.hpp
[1.621s] -- Up-to-date: /Pav-S_ws/install/nav_2d_msgs/include/nav_2d_msgs/nav_2d_msgs/msg/detail/twist2_d__type_support.hpp
[1.621s] -- Up-to-date: /Pav-S_ws/install/nav_2d_msgs/include/nav_2d_msgs/nav_2d_msgs/msg/detail/twist2_d32__builder.hpp
[1.622s] -- Up-to-date: /Pav-S_ws/install/nav_2d_msgs/include/nav_2d_msgs/nav_2d_msgs/msg/detail/twist2_d__struct.hpp
[1.622s] -- Up-to-date: /Pav-S_ws/install/nav_2d_msgs/include/nav_2d_msgs/nav_2d_msgs/msg/detail/pose2_d32__struct.hpp
[1.622s] -- Up-to-date: /Pav-S_ws/install/nav_2d_msgs/include/nav_2d_msgs/nav_2d_msgs/msg/detail/path2_d__traits.hpp
[1.622s] -- Up-to-date: /Pav-S_ws/install/nav_2d_msgs/include/nav_2d_msgs/nav_2d_msgs/msg/detail/pose2_d_stamped__traits.hpp
[1.622s] -- Up-to-date: /Pav-S_ws/install/nav_2d_msgs/include/nav_2d_msgs/nav_2d_msgs/msg/detail/pose2_d32__builder.hpp
[1.622s] -- Up-to-date: /Pav-S_ws/install/nav_2d_msgs/include/nav_2d_msgs/nav_2d_msgs/msg/detail/pose2_d_stamped__struct.hpp
[1.622s] -- Up-to-date: /Pav-S_ws/install/nav_2d_msgs/include/nav_2d_msgs/nav_2d_msgs/msg/detail/twist2_d_stamped__struct.hpp
[1.622s] -- Up-to-date: /Pav-S_ws/install/nav_2d_msgs/include/nav_2d_msgs/nav_2d_msgs/msg/detail/twist2_d32__traits.hpp
[1.623s] -- Up-to-date: /Pav-S_ws/install/nav_2d_msgs/include/nav_2d_msgs/nav_2d_msgs/msg/twist2_d32.hpp
[1.623s] -- Up-to-date: /Pav-S_ws/install/nav_2d_msgs/include/nav_2d_msgs/nav_2d_msgs/msg/twist2_d.hpp
[1.623s] -- Up-to-date: /Pav-S_ws/install/nav_2d_msgs/include/nav_2d_msgs/nav_2d_msgs
[1.623s] -- Up-to-date: /Pav-S_ws/install/nav_2d_msgs/include/nav_2d_msgs/nav_2d_msgs/msg
[1.623s] -- Up-to-date: /Pav-S_ws/install/nav_2d_msgs/include/nav_2d_msgs/nav_2d_msgs/msg/detail
[1.623s] -- Up-to-date: /Pav-S_ws/install/nav_2d_msgs/include/nav_2d_msgs/nav_2d_msgs/msg/detail/twist2_d_stamped__rosidl_typesupport_fastrtps_cpp.hpp
[1.623s] -- Up-to-date: /Pav-S_ws/install/nav_2d_msgs/include/nav_2d_msgs/nav_2d_msgs/msg/detail/pose2_d32__rosidl_typesupport_fastrtps_cpp.hpp
[1.623s] -- Up-to-date: /Pav-S_ws/install/nav_2d_msgs/include/nav_2d_msgs/nav_2d_msgs/msg/detail/pose2_d_stamped__rosidl_typesupport_fastrtps_cpp.hpp
[1.623s] -- Up-to-date: /Pav-S_ws/install/nav_2d_msgs/include/nav_2d_msgs/nav_2d_msgs/msg/detail/path2_d__rosidl_typesupport_fastrtps_cpp.hpp
[1.624s] -- Up-to-date: /Pav-S_ws/install/nav_2d_msgs/include/nav_2d_msgs/nav_2d_msgs/msg/detail/twist2_d__rosidl_typesupport_fastrtps_cpp.hpp
[1.624s] -- Up-to-date: /Pav-S_ws/install/nav_2d_msgs/include/nav_2d_msgs/nav_2d_msgs/msg/detail/dds_fastrtps
[1.624s] -- Up-to-date: /Pav-S_ws/install/nav_2d_msgs/include/nav_2d_msgs/nav_2d_msgs/msg/detail/twist2_d32__rosidl_typesupport_fastrtps_cpp.hpp
[1.624s] -- Up-to-date: /Pav-S_ws/install/nav_2d_msgs/include/nav_2d_msgs/nav_2d_msgs/msg/rosidl_typesupport_fastrtps_cpp__visibility_control.h
[1.624s] -- Up-to-date: /Pav-S_ws/install/nav_2d_msgs/lib/libnav_2d_msgs__rosidl_typesupport_fastrtps_cpp.so
[1.624s] -- Up-to-date: /Pav-S_ws/install/nav_2d_msgs/include/nav_2d_msgs/nav_2d_msgs
[1.624s] -- Up-to-date: /Pav-S_ws/install/nav_2d_msgs/include/nav_2d_msgs/nav_2d_msgs/msg
[1.624s] -- Up-to-date: /Pav-S_ws/install/nav_2d_msgs/include/nav_2d_msgs/nav_2d_msgs/msg/rosidl_typesupport_introspection_c__visibility_control.h
[1.625s] -- Up-to-date: /Pav-S_ws/install/nav_2d_msgs/include/nav_2d_msgs/nav_2d_msgs/msg/detail
[1.625s] -- Up-to-date: /Pav-S_ws/install/nav_2d_msgs/include/nav_2d_msgs/nav_2d_msgs/msg/detail/twist2_d__rosidl_typesupport_introspection_c.h
[1.625s] -- Up-to-date: /Pav-S_ws/install/nav_2d_msgs/include/nav_2d_msgs/nav_2d_msgs/msg/detail/twist2_d_stamped__type_support.c
[1.625s] -- Up-to-date: /Pav-S_ws/install/nav_2d_msgs/include/nav_2d_msgs/nav_2d_msgs/msg/detail/pose2_d32__type_support.c
[1.625s] -- Up-to-date: /Pav-S_ws/install/nav_2d_msgs/include/nav_2d_msgs/nav_2d_msgs/msg/detail/twist2_d__type_support.c
[1.625s] -- Up-to-date: /Pav-S_ws/install/nav_2d_msgs/include/nav_2d_msgs/nav_2d_msgs/msg/detail/path2_d__type_support.c
[1.634s] -- Up-to-date: /Pav-S_ws/install/nav_2d_msgs/include/nav_2d_msgs/nav_2d_msgs/msg/detail/pose2_d_stamped__type_support.c
[1.634s] -- Up-to-date: /Pav-S_ws/install/nav_2d_msgs/include/nav_2d_msgs/nav_2d_msgs/msg/detail/twist2_d_stamped__rosidl_typesupport_introspection_c.h
[1.634s] -- Up-to-date: /Pav-S_ws/install/nav_2d_msgs/include/nav_2d_msgs/nav_2d_msgs/msg/detail/pose2_d32__rosidl_typesupport_introspection_c.h
[1.634s] -- Up-to-date: /Pav-S_ws/install/nav_2d_msgs/include/nav_2d_msgs/nav_2d_msgs/msg/detail/twist2_d32__type_support.c
[1.635s] -- Up-to-date: /Pav-S_ws/install/nav_2d_msgs/include/nav_2d_msgs/nav_2d_msgs/msg/detail/twist2_d32__rosidl_typesupport_introspection_c.h
[1.635s] -- Up-to-date: /Pav-S_ws/install/nav_2d_msgs/include/nav_2d_msgs/nav_2d_msgs/msg/detail/pose2_d_stamped__rosidl_typesupport_introspection_c.h
[1.635s] -- Up-to-date: /Pav-S_ws/install/nav_2d_msgs/include/nav_2d_msgs/nav_2d_msgs/msg/detail/path2_d__rosidl_typesupport_introspection_c.h
[1.635s] -- Up-to-date: /Pav-S_ws/install/nav_2d_msgs/lib/libnav_2d_msgs__rosidl_typesupport_introspection_c.so
[1.635s] -- Up-to-date: /Pav-S_ws/install/nav_2d_msgs/lib/libnav_2d_msgs__rosidl_typesupport_c.so
[1.635s] -- Up-to-date: /Pav-S_ws/install/nav_2d_msgs/include/nav_2d_msgs/nav_2d_msgs
[1.635s] -- Up-to-date: /Pav-S_ws/install/nav_2d_msgs/include/nav_2d_msgs/nav_2d_msgs/msg
[1.635s] -- Up-to-date: /Pav-S_ws/install/nav_2d_msgs/include/nav_2d_msgs/nav_2d_msgs/msg/detail
[1.636s] -- Up-to-date: /Pav-S_ws/install/nav_2d_msgs/include/nav_2d_msgs/nav_2d_msgs/msg/detail/twist2_d32__rosidl_typesupport_introspection_cpp.hpp
[1.636s] -- Up-to-date: /Pav-S_ws/install/nav_2d_msgs/include/nav_2d_msgs/nav_2d_msgs/msg/detail/pose2_d_stamped__type_support.cpp
[1.636s] -- Up-to-date: /Pav-S_ws/install/nav_2d_msgs/include/nav_2d_msgs/nav_2d_msgs/msg/detail/path2_d__type_support.cpp
[1.636s] -- Up-to-date: /Pav-S_ws/install/nav_2d_msgs/include/nav_2d_msgs/nav_2d_msgs/msg/detail/path2_d__rosidl_typesupport_introspection_cpp.hpp
[1.636s] -- Up-to-date: /Pav-S_ws/install/nav_2d_msgs/include/nav_2d_msgs/nav_2d_msgs/msg/detail/twist2_d__type_support.cpp
[1.636s] -- Up-to-date: /Pav-S_ws/install/nav_2d_msgs/include/nav_2d_msgs/nav_2d_msgs/msg/detail/pose2_d_stamped__rosidl_typesupport_introspection_cpp.hpp
[1.636s] -- Up-to-date: /Pav-S_ws/install/nav_2d_msgs/include/nav_2d_msgs/nav_2d_msgs/msg/detail/twist2_d__rosidl_typesupport_introspection_cpp.hpp
[1.636s] -- Up-to-date: /Pav-S_ws/install/nav_2d_msgs/include/nav_2d_msgs/nav_2d_msgs/msg/detail/twist2_d32__type_support.cpp
[1.637s] -- Up-to-date: /Pav-S_ws/install/nav_2d_msgs/include/nav_2d_msgs/nav_2d_msgs/msg/detail/twist2_d_stamped__rosidl_typesupport_introspection_cpp.hpp
[1.637s] -- Up-to-date: /Pav-S_ws/install/nav_2d_msgs/include/nav_2d_msgs/nav_2d_msgs/msg/detail/pose2_d32__rosidl_typesupport_introspection_cpp.hpp
[1.637s] -- Up-to-date: /Pav-S_ws/install/nav_2d_msgs/include/nav_2d_msgs/nav_2d_msgs/msg/detail/pose2_d32__type_support.cpp
[1.637s] -- Up-to-date: /Pav-S_ws/install/nav_2d_msgs/include/nav_2d_msgs/nav_2d_msgs/msg/detail/twist2_d_stamped__type_support.cpp
[1.637s] -- Up-to-date: /Pav-S_ws/install/nav_2d_msgs/lib/libnav_2d_msgs__rosidl_typesupport_introspection_cpp.so
[1.637s] -- Up-to-date: /Pav-S_ws/install/nav_2d_msgs/lib/libnav_2d_msgs__rosidl_typesupport_cpp.so
[1.637s] -- Up-to-date: /Pav-S_ws/install/nav_2d_msgs/share/nav_2d_msgs/environment/pythonpath.sh
[1.637s] -- Up-to-date: /Pav-S_ws/install/nav_2d_msgs/share/nav_2d_msgs/environment/pythonpath.dsv
[1.638s] -- Up-to-date: /Pav-S_ws/install/nav_2d_msgs/local/lib/python3.10/dist-packages/nav_2d_msgs-1.1.18-py3.10.egg-info
[1.638s] -- Installing: /Pav-S_ws/install/nav_2d_msgs/local/lib/python3.10/dist-packages/nav_2d_msgs-1.1.18-py3.10.egg-info/dependency_links.txt
[1.638s] -- Installing: /Pav-S_ws/install/nav_2d_msgs/local/lib/python3.10/dist-packages/nav_2d_msgs-1.1.18-py3.10.egg-info/SOURCES.txt
[1.638s] -- Installing: /Pav-S_ws/install/nav_2d_msgs/local/lib/python3.10/dist-packages/nav_2d_msgs-1.1.18-py3.10.egg-info/PKG-INFO
[1.638s] -- Installing: /Pav-S_ws/install/nav_2d_msgs/local/lib/python3.10/dist-packages/nav_2d_msgs-1.1.18-py3.10.egg-info/top_level.txt
[1.638s] -- Up-to-date: /Pav-S_ws/install/nav_2d_msgs/local/lib/python3.10/dist-packages/nav_2d_msgs
[1.638s] -- Up-to-date: /Pav-S_ws/install/nav_2d_msgs/local/lib/python3.10/dist-packages/nav_2d_msgs/nav_2d_msgs_s__rosidl_typesupport_introspection_c.cpython-310-aarch64-linux-gnu.so
[1.639s] -- Up-to-date: /Pav-S_ws/install/nav_2d_msgs/local/lib/python3.10/dist-packages/nav_2d_msgs/_nav_2d_msgs_s.ep.rosidl_typesupport_introspection_c.c
[1.639s] -- Up-to-date: /Pav-S_ws/install/nav_2d_msgs/local/lib/python3.10/dist-packages/nav_2d_msgs/nav_2d_msgs_s__rosidl_typesupport_c.cpython-310-aarch64-linux-gnu.so
[1.639s] -- Up-to-date: /Pav-S_ws/install/nav_2d_msgs/local/lib/python3.10/dist-packages/nav_2d_msgs/_nav_2d_msgs_s.ep.rosidl_typesupport_fastrtps_c.c
[1.639s] -- Up-to-date: /Pav-S_ws/install/nav_2d_msgs/local/lib/python3.10/dist-packages/nav_2d_msgs/msg
[1.639s] -- Up-to-date: /Pav-S_ws/install/nav_2d_msgs/local/lib/python3.10/dist-packages/nav_2d_msgs/msg/_path2_d_s.c
[1.639s] -- Up-to-date: /Pav-S_ws/install/nav_2d_msgs/local/lib/python3.10/dist-packages/nav_2d_msgs/msg/_twist2_d32_s.c
[1.639s] -- Up-to-date: /Pav-S_ws/install/nav_2d_msgs/local/lib/python3.10/dist-packages/nav_2d_msgs/msg/_path2_d.py
[1.639s] -- Up-to-date: /Pav-S_ws/install/nav_2d_msgs/local/lib/python3.10/dist-packages/nav_2d_msgs/msg/_twist2_d.py
[1.639s] -- Up-to-date: /Pav-S_ws/install/nav_2d_msgs/local/lib/python3.10/dist-packages/nav_2d_msgs/msg/_twist2_d_stamped.py
[1.640s] -- Up-to-date: /Pav-S_ws/install/nav_2d_msgs/local/lib/python3.10/dist-packages/nav_2d_msgs/msg/_pose2_d32_s.c
[1.640s] -- Up-to-date: /Pav-S_ws/install/nav_2d_msgs/local/lib/python3.10/dist-packages/nav_2d_msgs/msg/_pose2_d_stamped.py
[1.640s] -- Up-to-date: /Pav-S_ws/install/nav_2d_msgs/local/lib/python3.10/dist-packages/nav_2d_msgs/msg/_pose2_d_stamped_s.c
[1.640s] -- Up-to-date: /Pav-S_ws/install/nav_2d_msgs/local/lib/python3.10/dist-packages/nav_2d_msgs/msg/__init__.py
[1.640s] -- Up-to-date: /Pav-S_ws/install/nav_2d_msgs/local/lib/python3.10/dist-packages/nav_2d_msgs/msg/_pose2_d32.py
[1.640s] -- Up-to-date: /Pav-S_ws/install/nav_2d_msgs/local/lib/python3.10/dist-packages/nav_2d_msgs/msg/_twist2_d_s.c
[1.640s] -- Up-to-date: /Pav-S_ws/install/nav_2d_msgs/local/lib/python3.10/dist-packages/nav_2d_msgs/msg/_twist2_d_stamped_s.c
[1.641s] -- Up-to-date: /Pav-S_ws/install/nav_2d_msgs/local/lib/python3.10/dist-packages/nav_2d_msgs/msg/_twist2_d32.py
[1.641s] -- Up-to-date: /Pav-S_ws/install/nav_2d_msgs/local/lib/python3.10/dist-packages/nav_2d_msgs/_nav_2d_msgs_s.ep.rosidl_typesupport_c.c
[1.641s] -- Up-to-date: /Pav-S_ws/install/nav_2d_msgs/local/lib/python3.10/dist-packages/nav_2d_msgs/nav_2d_msgs_s__rosidl_typesupport_fastrtps_c.cpython-310-aarch64-linux-gnu.so
[1.641s] -- Up-to-date: /Pav-S_ws/install/nav_2d_msgs/local/lib/python3.10/dist-packages/nav_2d_msgs/__init__.py
[1.641s] -- Up-to-date: /Pav-S_ws/install/nav_2d_msgs/local/lib/python3.10/dist-packages/nav_2d_msgs/libnav_2d_msgs__rosidl_generator_py.so
[1.813s] Listing '/Pav-S_ws/install/nav_2d_msgs/local/lib/python3.10/dist-packages/nav_2d_msgs'...
[1.813s] Listing '/Pav-S_ws/install/nav_2d_msgs/local/lib/python3.10/dist-packages/nav_2d_msgs/msg'...
[1.815s] -- Up-to-date: /Pav-S_ws/install/nav_2d_msgs/local/lib/python3.10/dist-packages/nav_2d_msgs/nav_2d_msgs_s__rosidl_typesupport_fastrtps_c.cpython-310-aarch64-linux-gnu.so
[1.815s] -- Up-to-date: /Pav-S_ws/install/nav_2d_msgs/local/lib/python3.10/dist-packages/nav_2d_msgs/nav_2d_msgs_s__rosidl_typesupport_introspection_c.cpython-310-aarch64-linux-gnu.so
[1.815s] -- Up-to-date: /Pav-S_ws/install/nav_2d_msgs/local/lib/python3.10/dist-packages/nav_2d_msgs/nav_2d_msgs_s__rosidl_typesupport_c.cpython-310-aarch64-linux-gnu.so
[1.816s] -- Up-to-date: /Pav-S_ws/install/nav_2d_msgs/lib/libnav_2d_msgs__rosidl_generator_py.so
[1.816s] -- Up-to-date: /Pav-S_ws/install/nav_2d_msgs/share/nav_2d_msgs/msg/Path2D.idl
[1.816s] -- Up-to-date: /Pav-S_ws/install/nav_2d_msgs/share/nav_2d_msgs/msg/Pose2D32.idl
[1.816s] -- Up-to-date: /Pav-S_ws/install/nav_2d_msgs/share/nav_2d_msgs/msg/Pose2DStamped.idl
[1.816s] -- Up-to-date: /Pav-S_ws/install/nav_2d_msgs/share/nav_2d_msgs/msg/Twist2D.idl
[1.816s] -- Up-to-date: /Pav-S_ws/install/nav_2d_msgs/share/nav_2d_msgs/msg/Twist2D32.idl
[1.816s] -- Up-to-date: /Pav-S_ws/install/nav_2d_msgs/share/nav_2d_msgs/msg/Twist2DStamped.idl
[1.816s] -- Up-to-date: /Pav-S_ws/install/nav_2d_msgs/share/nav_2d_msgs/msg/Path2D.msg
[1.817s] -- Up-to-date: /Pav-S_ws/install/nav_2d_msgs/share/nav_2d_msgs/msg/Pose2D32.msg
[1.817s] -- Up-to-date: /Pav-S_ws/install/nav_2d_msgs/share/nav_2d_msgs/msg/Pose2DStamped.msg
[1.817s] -- Up-to-date: /Pav-S_ws/install/nav_2d_msgs/share/nav_2d_msgs/msg/Twist2D.msg
[1.817s] -- Up-to-date: /Pav-S_ws/install/nav_2d_msgs/share/nav_2d_msgs/msg/Twist2D32.msg
[1.817s] -- Up-to-date: /Pav-S_ws/install/nav_2d_msgs/share/nav_2d_msgs/msg/Twist2DStamped.msg
[1.817s] -- Up-to-date: /Pav-S_ws/install/nav_2d_msgs/share/ament_index/resource_index/package_run_dependencies/nav_2d_msgs
[1.817s] -- Up-to-date: /Pav-S_ws/install/nav_2d_msgs/share/ament_index/resource_index/parent_prefix_path/nav_2d_msgs
[1.817s] -- Up-to-date: /Pav-S_ws/install/nav_2d_msgs/share/nav_2d_msgs/environment/ament_prefix_path.sh
[1.818s] -- Up-to-date: /Pav-S_ws/install/nav_2d_msgs/share/nav_2d_msgs/environment/ament_prefix_path.dsv
[1.818s] -- Up-to-date: /Pav-S_ws/install/nav_2d_msgs/share/nav_2d_msgs/environment/path.sh
[1.818s] -- Up-to-date: /Pav-S_ws/install/nav_2d_msgs/share/nav_2d_msgs/environment/path.dsv
[1.818s] -- Up-to-date: /Pav-S_ws/install/nav_2d_msgs/share/nav_2d_msgs/local_setup.bash
[1.818s] -- Up-to-date: /Pav-S_ws/install/nav_2d_msgs/share/nav_2d_msgs/local_setup.sh
[1.818s] -- Up-to-date: /Pav-S_ws/install/nav_2d_msgs/share/nav_2d_msgs/local_setup.zsh
[1.818s] -- Up-to-date: /Pav-S_ws/install/nav_2d_msgs/share/nav_2d_msgs/local_setup.dsv
[1.818s] -- Installing: /Pav-S_ws/install/nav_2d_msgs/share/nav_2d_msgs/package.dsv
[1.818s] -- Up-to-date: /Pav-S_ws/install/nav_2d_msgs/share/ament_index/resource_index/packages/nav_2d_msgs
[1.819s] -- Up-to-date: /Pav-S_ws/install/nav_2d_msgs/share/nav_2d_msgs/cmake/export_nav_2d_msgs__rosidl_generator_cExport.cmake
[1.819s] -- Up-to-date: /Pav-S_ws/install/nav_2d_msgs/share/nav_2d_msgs/cmake/export_nav_2d_msgs__rosidl_generator_cExport-release.cmake
[1.819s] -- Up-to-date: /Pav-S_ws/install/nav_2d_msgs/share/nav_2d_msgs/cmake/export_nav_2d_msgs__rosidl_typesupport_fastrtps_cExport.cmake
[1.819s] -- Up-to-date: /Pav-S_ws/install/nav_2d_msgs/share/nav_2d_msgs/cmake/export_nav_2d_msgs__rosidl_typesupport_fastrtps_cExport-release.cmake
[1.819s] -- Up-to-date: /Pav-S_ws/install/nav_2d_msgs/share/nav_2d_msgs/cmake/export_nav_2d_msgs__rosidl_generator_cppExport.cmake
[1.819s] -- Up-to-date: /Pav-S_ws/install/nav_2d_msgs/share/nav_2d_msgs/cmake/export_nav_2d_msgs__rosidl_typesupport_fastrtps_cppExport.cmake
[1.819s] -- Up-to-date: /Pav-S_ws/install/nav_2d_msgs/share/nav_2d_msgs/cmake/export_nav_2d_msgs__rosidl_typesupport_fastrtps_cppExport-release.cmake
[1.819s] -- Up-to-date: /Pav-S_ws/install/nav_2d_msgs/share/nav_2d_msgs/cmake/nav_2d_msgs__rosidl_typesupport_introspection_cExport.cmake
[1.819s] -- Up-to-date: /Pav-S_ws/install/nav_2d_msgs/share/nav_2d_msgs/cmake/nav_2d_msgs__rosidl_typesupport_introspection_cExport-release.cmake
[1.820s] -- Up-to-date: /Pav-S_ws/install/nav_2d_msgs/share/nav_2d_msgs/cmake/nav_2d_msgs__rosidl_typesupport_cExport.cmake
[1.820s] -- Up-to-date: /Pav-S_ws/install/nav_2d_msgs/share/nav_2d_msgs/cmake/nav_2d_msgs__rosidl_typesupport_cExport-release.cmake
[1.822s] -- Up-to-date: /Pav-S_ws/install/nav_2d_msgs/share/nav_2d_msgs/cmake/nav_2d_msgs__rosidl_typesupport_introspection_cppExport.cmake
[1.829s] -- Up-to-date: /Pav-S_ws/install/nav_2d_msgs/share/nav_2d_msgs/cmake/nav_2d_msgs__rosidl_typesupport_introspection_cppExport-release.cmake
[1.836s] -- Up-to-date: /Pav-S_ws/install/nav_2d_msgs/share/nav_2d_msgs/cmake/nav_2d_msgs__rosidl_typesupport_cppExport.cmake
[1.848s] -- Up-to-date: /Pav-S_ws/install/nav_2d_msgs/share/nav_2d_msgs/cmake/nav_2d_msgs__rosidl_typesupport_cppExport-release.cmake
[1.848s] -- Up-to-date: /Pav-S_ws/install/nav_2d_msgs/share/nav_2d_msgs/cmake/export_nav_2d_msgs__rosidl_generator_pyExport.cmake
[1.848s] -- Up-to-date: /Pav-S_ws/install/nav_2d_msgs/share/nav_2d_msgs/cmake/export_nav_2d_msgs__rosidl_generator_pyExport-release.cmake
[1.848s] -- Up-to-date: /Pav-S_ws/install/nav_2d_msgs/share/nav_2d_msgs/cmake/rosidl_cmake-extras.cmake
[1.850s] -- Up-to-date: /Pav-S_ws/install/nav_2d_msgs/share/nav_2d_msgs/cmake/ament_cmake_export_dependencies-extras.cmake
[1.850s] -- Up-to-date: /Pav-S_ws/install/nav_2d_msgs/share/nav_2d_msgs/cmake/ament_cmake_export_include_directories-extras.cmake
[1.850s] -- Up-to-date: /Pav-S_ws/install/nav_2d_msgs/share/nav_2d_msgs/cmake/ament_cmake_export_libraries-extras.cmake
[1.850s] -- Up-to-date: /Pav-S_ws/install/nav_2d_msgs/share/nav_2d_msgs/cmake/ament_cmake_export_targets-extras.cmake
[1.850s] -- Up-to-date: /Pav-S_ws/install/nav_2d_msgs/share/nav_2d_msgs/cmake/rosidl_cmake_export_typesupport_targets-extras.cmake
[1.850s] -- Up-to-date: /Pav-S_ws/install/nav_2d_msgs/share/nav_2d_msgs/cmake/rosidl_cmake_export_typesupport_libraries-extras.cmake
[1.850s] -- Up-to-date: /Pav-S_ws/install/nav_2d_msgs/share/nav_2d_msgs/cmake/nav_2d_msgsConfig.cmake
[1.851s] -- Up-to-date: /Pav-S_ws/install/nav_2d_msgs/share/nav_2d_msgs/cmake/nav_2d_msgsConfig-version.cmake
[1.851s] -- Up-to-date: /Pav-S_ws/install/nav_2d_msgs/share/nav_2d_msgs/package.xml
[1.851s] Invoked command in '/Pav-S_ws/build/nav_2d_msgs' returned '0': CMAKE_PREFIX_PATH=${CMAKE_PREFIX_PATH}:/Pav-S_ws/install/yolo_detector:/Pav-S_ws/install/yolov5_lib:/Pav-S_ws/install/nav2_simple_commander:/opt/ros/humble /usr/bin/cmake --install /Pav-S_ws/build/nav_2d_msgs
