[0.066s] Invoking command in '/Pav-S_ws/build/nav2_controller': CMAKE_PREFIX_PATH=/Pav-S_ws/install/nav2_core:/Pav-S_ws/install/nav2_costmap_2d:/Pav-S_ws/install/nav_2d_utils:/Pav-S_ws/install/nav2_map_server:/Pav-S_ws/install/nav2_lifecycle_manager:/Pav-S_ws/install/nav2_util:/Pav-S_ws/install/nav2_voxel_grid:/Pav-S_ws/install/nav2_msgs:/Pav-S_ws/install/nav_2d_msgs:/Pav-S_ws/install/nav2_common:/Pav-S_ws/install/dwb_plugins:/Pav-S_ws/install/dwb_critics:/Pav-S_ws/install/dwb_core:/Pav-S_ws/install/costmap_queue:/ws_livox/install/pointcloud_to_laserscan:/ws_livox/install/livox_ros_driver2:/Pav-S_ws/install/wheeltec_robot_urdf:/Pav-S_ws/install/turn_on_wheeltec_robot:/Pav-S_ws/install/wheeltec_robot_msg:/Pav-S_ws/install/usb_cam:/Pav-S_ws/install/serial:/Pav-S_ws/install/robot_kcf:/Pav-S_ws/install/dwb_msgs:/Pav-S_ws/install/libuvc:/Pav-S_ws/install/fast_lio:/Pav-S_ws/install/astra_camera:/Pav-S_ws/install/astra_camera_msgs:/Pav-S_ws/install/yolo_detector:/Pav-S_ws/install/yolov5_lib:/Pav-S_ws/install/nav2_simple_commander:/opt/ros/humble LD_LIBRARY_PATH=/Pav-S_ws/install/nav2_costmap_2d/lib:/Pav-S_ws/install/nav_2d_utils/lib:/Pav-S_ws/install/nav2_map_server/lib:/Pav-S_ws/install/nav2_lifecycle_manager/lib:/Pav-S_ws/install/nav2_util/lib:/Pav-S_ws/install/nav2_voxel_grid/lib:/Pav-S_ws/install/nav2_msgs/lib:/Pav-S_ws/install/nav_2d_msgs/lib:/Pav-S_ws/install/dwb_plugins/lib:/Pav-S_ws/install/dwb_critics/lib:/Pav-S_ws/install/dwb_core/lib:/Pav-S_ws/install/costmap_queue/lib:/usr/local/cuda-12.2/lib64:/ws_livox/install/pointcloud_to_laserscan/lib:/ws_livox/install/livox_ros_driver2/lib:/Pav-S_ws/install/turn_on_wheeltec_robot/lib:/Pav-S_ws/install/wheeltec_robot_msg/lib:/Pav-S_ws/install/usb_cam/lib:/Pav-S_ws/install/serial/lib:/Pav-S_ws/install/dwb_msgs/lib:/Pav-S_ws/install/libuvc/lib:/Pav-S_ws/install/fast_lio/lib:/Pav-S_ws/install/astra_camera/lib:/Pav-S_ws/install/astra_camera_msgs/lib:/opt/ros/humble/opt/rviz_ogre_vendor/lib:/opt/ros/humble/lib/aarch64-linux-gnu:/opt/ros/humble/lib:/usr/local/cuda-12.2/lib64 /usr/bin/cmake /Pav-S_ws/src/navigation2-humble/nav2_controller -DCMAKE_INSTALL_PREFIX=/Pav-S_ws/install/nav2_controller
[0.198s] -- The C compiler identification is GNU 11.4.0
[0.314s] -- The CXX compiler identification is GNU 11.4.0
[0.330s] -- Detecting C compiler ABI info
[0.485s] -- Detecting C compiler ABI info - done
[0.498s] -- Check for working C compiler: /usr/bin/cc - skipped
[0.499s] -- Detecting C compile features
[0.499s] -- Detecting C compile features - done
[0.505s] -- Detecting CXX compiler ABI info
[0.683s] -- Detecting CXX compiler ABI info - done
[0.710s] -- Check for working CXX compiler: /usr/bin/c++ - skipped
[0.710s] -- Detecting CXX compile features
[0.712s] -- Detecting CXX compile features - done
[0.728s] -- Found ament_cmake: 1.3.12 (/opt/ros/humble/share/ament_cmake/cmake)
[1.140s] -- Found Python3: /usr/bin/python3 (found version "3.10.12") found components: Interpreter 
[1.412s] -- Found nav2_core: 1.1.18 (/Pav-S_ws/install/nav2_core/share/nav2_core/cmake)
[1.556s] -- Found rosidl_generator_c: 3.1.7 (/opt/ros/humble/share/rosidl_generator_c/cmake)
[1.576s] -- Found rosidl_adapter: 3.1.7 (/opt/ros/humble/share/rosidl_adapter/cmake)
[1.603s] -- Found rosidl_generator_cpp: 3.1.7 (/opt/ros/humble/share/rosidl_generator_cpp/cmake)
[1.639s] -- Using all available rosidl_typesupport_c: rosidl_typesupport_fastrtps_c;rosidl_typesupport_introspection_c
[1.686s] -- Using all available rosidl_typesupport_cpp: rosidl_typesupport_fastrtps_cpp;rosidl_typesupport_introspection_cpp
[1.817s] -- Found rmw_implementation_cmake: 6.1.2 (/opt/ros/humble/share/rmw_implementation_cmake/cmake)
[1.828s] -- Found rmw_fastrtps_cpp: 6.2.8 (/opt/ros/humble/share/rmw_fastrtps_cpp/cmake)
[2.046s] -- Found OpenSSL: /usr/lib/aarch64-linux-gnu/libcrypto.so (found version "3.0.2")  
[2.121s] -- Found FastRTPS: /opt/ros/humble/include  
[2.219s] -- Using RMW implementation 'rmw_fastrtps_cpp' as default
[2.249s] -- Looking for pthread.h
[2.413s] -- Looking for pthread.h - found
[2.414s] -- Performing Test CMAKE_HAVE_LIBC_PTHREAD
[2.584s] -- Performing Test CMAKE_HAVE_LIBC_PTHREAD - Success
[2.587s] -- Found Threads: TRUE  
[3.303s] -- Found Eigen3: TRUE (found version "3.4.0") 
[3.303s] -- Ensuring Eigen3 include directory is part of orocos-kdl CMake target
[3.555s] -- Found nav2_common: 1.1.18 (/Pav-S_ws/install/nav2_common/share/nav2_common/cmake)
[3.558s] -- Found nav_2d_utils: 1.1.18 (/Pav-S_ws/install/nav_2d_utils/share/nav_2d_utils/cmake)
[3.610s] -- Setting build type to Release as none was specified.
[5.537s] -- Found ament_lint_auto: 0.12.14 (/opt/ros/humble/share/ament_lint_auto/cmake)
[5.797s] -- Found gtest sources under '/opt/ros/humble/src/gtest_vendor': C++ tests using 'Google Test' will be built
[6.117s] -- Found gtest sources under '/opt/ros/humble/src/gtest_vendor': C++ tests using 'Google Test' will be built
[6.441s] -- Added test 'cppcheck' to perform static code analysis on C / C++ code
[6.444s] -- Configured cppcheck include dirs: /Pav-S_ws/src/navigation2-humble/nav2_controller/include
[6.444s] -- Configured cppcheck exclude dirs and/or files: 
[6.448s] -- Added test 'cpplint' to check C / C++ code against the Google style
[6.448s] -- Configured cpplint exclude dirs and/or files: 
[6.451s] -- Added test 'lint_cmake' to check CMake code style
[6.455s] -- Added test 'uncrustify' to check C / C++ code style
[6.455s] -- Configured uncrustify additional arguments: 
[6.457s] -- Added test 'xmllint' to check XML markup files
[6.465s] -- Configuring done
[7.323s] -- Generating done
[7.428s] -- Build files have been written to: /Pav-S_ws/build/nav2_controller
[7.479s] Invoked command in '/Pav-S_ws/build/nav2_controller' returned '0': CMAKE_PREFIX_PATH=/Pav-S_ws/install/nav2_core:/Pav-S_ws/install/nav2_costmap_2d:/Pav-S_ws/install/nav_2d_utils:/Pav-S_ws/install/nav2_map_server:/Pav-S_ws/install/nav2_lifecycle_manager:/Pav-S_ws/install/nav2_util:/Pav-S_ws/install/nav2_voxel_grid:/Pav-S_ws/install/nav2_msgs:/Pav-S_ws/install/nav_2d_msgs:/Pav-S_ws/install/nav2_common:/Pav-S_ws/install/dwb_plugins:/Pav-S_ws/install/dwb_critics:/Pav-S_ws/install/dwb_core:/Pav-S_ws/install/costmap_queue:/ws_livox/install/pointcloud_to_laserscan:/ws_livox/install/livox_ros_driver2:/Pav-S_ws/install/wheeltec_robot_urdf:/Pav-S_ws/install/turn_on_wheeltec_robot:/Pav-S_ws/install/wheeltec_robot_msg:/Pav-S_ws/install/usb_cam:/Pav-S_ws/install/serial:/Pav-S_ws/install/robot_kcf:/Pav-S_ws/install/dwb_msgs:/Pav-S_ws/install/libuvc:/Pav-S_ws/install/fast_lio:/Pav-S_ws/install/astra_camera:/Pav-S_ws/install/astra_camera_msgs:/Pav-S_ws/install/yolo_detector:/Pav-S_ws/install/yolov5_lib:/Pav-S_ws/install/nav2_simple_commander:/opt/ros/humble LD_LIBRARY_PATH=/Pav-S_ws/install/nav2_costmap_2d/lib:/Pav-S_ws/install/nav_2d_utils/lib:/Pav-S_ws/install/nav2_map_server/lib:/Pav-S_ws/install/nav2_lifecycle_manager/lib:/Pav-S_ws/install/nav2_util/lib:/Pav-S_ws/install/nav2_voxel_grid/lib:/Pav-S_ws/install/nav2_msgs/lib:/Pav-S_ws/install/nav_2d_msgs/lib:/Pav-S_ws/install/dwb_plugins/lib:/Pav-S_ws/install/dwb_critics/lib:/Pav-S_ws/install/dwb_core/lib:/Pav-S_ws/install/costmap_queue/lib:/usr/local/cuda-12.2/lib64:/ws_livox/install/pointcloud_to_laserscan/lib:/ws_livox/install/livox_ros_driver2/lib:/Pav-S_ws/install/turn_on_wheeltec_robot/lib:/Pav-S_ws/install/wheeltec_robot_msg/lib:/Pav-S_ws/install/usb_cam/lib:/Pav-S_ws/install/serial/lib:/Pav-S_ws/install/dwb_msgs/lib:/Pav-S_ws/install/libuvc/lib:/Pav-S_ws/install/fast_lio/lib:/Pav-S_ws/install/astra_camera/lib:/Pav-S_ws/install/astra_camera_msgs/lib:/opt/ros/humble/opt/rviz_ogre_vendor/lib:/opt/ros/humble/lib/aarch64-linux-gnu:/opt/ros/humble/lib:/usr/local/cuda-12.2/lib64 /usr/bin/cmake /Pav-S_ws/src/navigation2-humble/nav2_controller -DCMAKE_INSTALL_PREFIX=/Pav-S_ws/install/nav2_controller
[7.483s] Invoking command in '/Pav-S_ws/build/nav2_controller': CMAKE_PREFIX_PATH=/Pav-S_ws/install/nav2_core:/Pav-S_ws/install/nav2_costmap_2d:/Pav-S_ws/install/nav_2d_utils:/Pav-S_ws/install/nav2_map_server:/Pav-S_ws/install/nav2_lifecycle_manager:/Pav-S_ws/install/nav2_util:/Pav-S_ws/install/nav2_voxel_grid:/Pav-S_ws/install/nav2_msgs:/Pav-S_ws/install/nav_2d_msgs:/Pav-S_ws/install/nav2_common:/Pav-S_ws/install/dwb_plugins:/Pav-S_ws/install/dwb_critics:/Pav-S_ws/install/dwb_core:/Pav-S_ws/install/costmap_queue:/ws_livox/install/pointcloud_to_laserscan:/ws_livox/install/livox_ros_driver2:/Pav-S_ws/install/wheeltec_robot_urdf:/Pav-S_ws/install/turn_on_wheeltec_robot:/Pav-S_ws/install/wheeltec_robot_msg:/Pav-S_ws/install/usb_cam:/Pav-S_ws/install/serial:/Pav-S_ws/install/robot_kcf:/Pav-S_ws/install/dwb_msgs:/Pav-S_ws/install/libuvc:/Pav-S_ws/install/fast_lio:/Pav-S_ws/install/astra_camera:/Pav-S_ws/install/astra_camera_msgs:/Pav-S_ws/install/yolo_detector:/Pav-S_ws/install/yolov5_lib:/Pav-S_ws/install/nav2_simple_commander:/opt/ros/humble LD_LIBRARY_PATH=/Pav-S_ws/install/nav2_costmap_2d/lib:/Pav-S_ws/install/nav_2d_utils/lib:/Pav-S_ws/install/nav2_map_server/lib:/Pav-S_ws/install/nav2_lifecycle_manager/lib:/Pav-S_ws/install/nav2_util/lib:/Pav-S_ws/install/nav2_voxel_grid/lib:/Pav-S_ws/install/nav2_msgs/lib:/Pav-S_ws/install/nav_2d_msgs/lib:/Pav-S_ws/install/dwb_plugins/lib:/Pav-S_ws/install/dwb_critics/lib:/Pav-S_ws/install/dwb_core/lib:/Pav-S_ws/install/costmap_queue/lib:/usr/local/cuda-12.2/lib64:/ws_livox/install/pointcloud_to_laserscan/lib:/ws_livox/install/livox_ros_driver2/lib:/Pav-S_ws/install/turn_on_wheeltec_robot/lib:/Pav-S_ws/install/wheeltec_robot_msg/lib:/Pav-S_ws/install/usb_cam/lib:/Pav-S_ws/install/serial/lib:/Pav-S_ws/install/dwb_msgs/lib:/Pav-S_ws/install/libuvc/lib:/Pav-S_ws/install/fast_lio/lib:/Pav-S_ws/install/astra_camera/lib:/Pav-S_ws/install/astra_camera_msgs/lib:/opt/ros/humble/opt/rviz_ogre_vendor/lib:/opt/ros/humble/lib/aarch64-linux-gnu:/opt/ros/humble/lib:/usr/local/cuda-12.2/lib64 /usr/bin/cmake --build /Pav-S_ws/build/nav2_controller -- -j6 -l6
[7.623s] [  4%] [32mBuilding CXX object CMakeFiles/controller_server_core.dir/src/controller_server.cpp.o[0m
[7.631s] [  8%] [32mBuilding CXX object CMakeFiles/position_goal_checker.dir/plugins/position_goal_checker.cpp.o[0m
[7.632s] [ 12%] [32mBuilding CXX object CMakeFiles/simple_progress_checker.dir/plugins/simple_progress_checker.cpp.o[0m
[7.648s] [ 16%] [32mBuilding CXX object CMakeFiles/simple_goal_checker.dir/plugins/simple_goal_checker.cpp.o[0m
[7.655s] [ 20%] [32mBuilding CXX object gtest/CMakeFiles/gtest.dir/src/gtest-all.cc.o[0m
[7.660s] [ 25%] [32mBuilding CXX object gtest/CMakeFiles/gtest_main.dir/src/gtest_main.cc.o[0m
[10.911s] [ 29%] [32m[1mLinking CXX static library libgtest_main.a[0m
[11.143s] [ 29%] Built target gtest_main
[19.518s] [ 33%] [32m[1mLinking CXX shared library libsimple_progress_checker.so[0m
[20.629s] [ 33%] Built target simple_progress_checker
[20.786s] [ 37%] [32mBuilding CXX object CMakeFiles/pose_progress_checker.dir/plugins/pose_progress_checker.cpp.o[0m
[24.651s] [ 41%] [32m[1mLinking CXX shared library libsimple_goal_checker.so[0m
[25.160s] [ 45%] [32m[1mLinking CXX shared library libposition_goal_checker.so[0m
[25.606s] [ 45%] Built target simple_goal_checker
[25.766s] [ 50%] [32mBuilding CXX object CMakeFiles/stopped_goal_checker.dir/plugins/stopped_goal_checker.cpp.o[0m
[26.046s] [ 50%] Built target position_goal_checker
[30.500s] [ 54%] [32m[1mLinking CXX static library libgtest.a[0m
[30.599s] [ 54%] Built target gtest
[30.674s] [ 58%] [32m[1mLinking CXX shared library libpose_progress_checker.so[0m
[31.266s] [ 58%] Built target pose_progress_checker
[31.321s] [ 62%] [32mBuilding CXX object plugins/test/CMakeFiles/pctest.dir/progress_checker.cpp.o[0m
[39.127s] [ 66%] [32m[1mLinking CXX shared library libstopped_goal_checker.so[0m
[39.729s] [ 66%] Built target stopped_goal_checker
[39.783s] [ 70%] [32mBuilding CXX object plugins/test/CMakeFiles/gctest.dir/goal_checker.cpp.o[0m
[43.914s] [ 75%] [32m[1mLinking CXX executable pctest[0m
[44.525s] [ 75%] Built target pctest
[56.136s] [ 79%] [32m[1mLinking CXX executable gctest[0m
[56.820s] [ 79%] Built target gctest
[79.723s] [ 83%] [32m[1mLinking CXX shared library libcontroller_server_core.so[0m
[80.780s] [ 83%] Built target controller_server_core
[80.838s] [ 91%] [32mBuilding CXX object CMakeFiles/controller_server.dir/src/main.cpp.o[0m
[80.838s] [ 91%] [32mBuilding CXX object test/CMakeFiles/test_dynamic_parameters.dir/test_dynamic_parameters.cpp.o[0m
[98.952s] [ 95%] [32m[1mLinking CXX executable controller_server[0m
[99.749s] [ 95%] Built target controller_server
[101.487s] [100%] [32m[1mLinking CXX executable test_dynamic_parameters[0m
[102.359s] [100%] Built target test_dynamic_parameters
[102.391s] Invoked command in '/Pav-S_ws/build/nav2_controller' returned '0': CMAKE_PREFIX_PATH=/Pav-S_ws/install/nav2_core:/Pav-S_ws/install/nav2_costmap_2d:/Pav-S_ws/install/nav_2d_utils:/Pav-S_ws/install/nav2_map_server:/Pav-S_ws/install/nav2_lifecycle_manager:/Pav-S_ws/install/nav2_util:/Pav-S_ws/install/nav2_voxel_grid:/Pav-S_ws/install/nav2_msgs:/Pav-S_ws/install/nav_2d_msgs:/Pav-S_ws/install/nav2_common:/Pav-S_ws/install/dwb_plugins:/Pav-S_ws/install/dwb_critics:/Pav-S_ws/install/dwb_core:/Pav-S_ws/install/costmap_queue:/ws_livox/install/pointcloud_to_laserscan:/ws_livox/install/livox_ros_driver2:/Pav-S_ws/install/wheeltec_robot_urdf:/Pav-S_ws/install/turn_on_wheeltec_robot:/Pav-S_ws/install/wheeltec_robot_msg:/Pav-S_ws/install/usb_cam:/Pav-S_ws/install/serial:/Pav-S_ws/install/robot_kcf:/Pav-S_ws/install/dwb_msgs:/Pav-S_ws/install/libuvc:/Pav-S_ws/install/fast_lio:/Pav-S_ws/install/astra_camera:/Pav-S_ws/install/astra_camera_msgs:/Pav-S_ws/install/yolo_detector:/Pav-S_ws/install/yolov5_lib:/Pav-S_ws/install/nav2_simple_commander:/opt/ros/humble LD_LIBRARY_PATH=/Pav-S_ws/install/nav2_costmap_2d/lib:/Pav-S_ws/install/nav_2d_utils/lib:/Pav-S_ws/install/nav2_map_server/lib:/Pav-S_ws/install/nav2_lifecycle_manager/lib:/Pav-S_ws/install/nav2_util/lib:/Pav-S_ws/install/nav2_voxel_grid/lib:/Pav-S_ws/install/nav2_msgs/lib:/Pav-S_ws/install/nav_2d_msgs/lib:/Pav-S_ws/install/dwb_plugins/lib:/Pav-S_ws/install/dwb_critics/lib:/Pav-S_ws/install/dwb_core/lib:/Pav-S_ws/install/costmap_queue/lib:/usr/local/cuda-12.2/lib64:/ws_livox/install/pointcloud_to_laserscan/lib:/ws_livox/install/livox_ros_driver2/lib:/Pav-S_ws/install/turn_on_wheeltec_robot/lib:/Pav-S_ws/install/wheeltec_robot_msg/lib:/Pav-S_ws/install/usb_cam/lib:/Pav-S_ws/install/serial/lib:/Pav-S_ws/install/dwb_msgs/lib:/Pav-S_ws/install/libuvc/lib:/Pav-S_ws/install/fast_lio/lib:/Pav-S_ws/install/astra_camera/lib:/Pav-S_ws/install/astra_camera_msgs/lib:/opt/ros/humble/opt/rviz_ogre_vendor/lib:/opt/ros/humble/lib/aarch64-linux-gnu:/opt/ros/humble/lib:/usr/local/cuda-12.2/lib64 /usr/bin/cmake --build /Pav-S_ws/build/nav2_controller -- -j6 -l6
[102.397s] Invoking command in '/Pav-S_ws/build/nav2_controller': CMAKE_PREFIX_PATH=/Pav-S_ws/install/nav2_core:/Pav-S_ws/install/nav2_costmap_2d:/Pav-S_ws/install/nav_2d_utils:/Pav-S_ws/install/nav2_map_server:/Pav-S_ws/install/nav2_lifecycle_manager:/Pav-S_ws/install/nav2_util:/Pav-S_ws/install/nav2_voxel_grid:/Pav-S_ws/install/nav2_msgs:/Pav-S_ws/install/nav_2d_msgs:/Pav-S_ws/install/nav2_common:/Pav-S_ws/install/dwb_plugins:/Pav-S_ws/install/dwb_critics:/Pav-S_ws/install/dwb_core:/Pav-S_ws/install/costmap_queue:/ws_livox/install/pointcloud_to_laserscan:/ws_livox/install/livox_ros_driver2:/Pav-S_ws/install/wheeltec_robot_urdf:/Pav-S_ws/install/turn_on_wheeltec_robot:/Pav-S_ws/install/wheeltec_robot_msg:/Pav-S_ws/install/usb_cam:/Pav-S_ws/install/serial:/Pav-S_ws/install/robot_kcf:/Pav-S_ws/install/dwb_msgs:/Pav-S_ws/install/libuvc:/Pav-S_ws/install/fast_lio:/Pav-S_ws/install/astra_camera:/Pav-S_ws/install/astra_camera_msgs:/Pav-S_ws/install/yolo_detector:/Pav-S_ws/install/yolov5_lib:/Pav-S_ws/install/nav2_simple_commander:/opt/ros/humble LD_LIBRARY_PATH=/Pav-S_ws/install/nav2_costmap_2d/lib:/Pav-S_ws/install/nav_2d_utils/lib:/Pav-S_ws/install/nav2_map_server/lib:/Pav-S_ws/install/nav2_lifecycle_manager/lib:/Pav-S_ws/install/nav2_util/lib:/Pav-S_ws/install/nav2_voxel_grid/lib:/Pav-S_ws/install/nav2_msgs/lib:/Pav-S_ws/install/nav_2d_msgs/lib:/Pav-S_ws/install/dwb_plugins/lib:/Pav-S_ws/install/dwb_critics/lib:/Pav-S_ws/install/dwb_core/lib:/Pav-S_ws/install/costmap_queue/lib:/usr/local/cuda-12.2/lib64:/ws_livox/install/pointcloud_to_laserscan/lib:/ws_livox/install/livox_ros_driver2/lib:/Pav-S_ws/install/turn_on_wheeltec_robot/lib:/Pav-S_ws/install/wheeltec_robot_msg/lib:/Pav-S_ws/install/usb_cam/lib:/Pav-S_ws/install/serial/lib:/Pav-S_ws/install/dwb_msgs/lib:/Pav-S_ws/install/libuvc/lib:/Pav-S_ws/install/fast_lio/lib:/Pav-S_ws/install/astra_camera/lib:/Pav-S_ws/install/astra_camera_msgs/lib:/opt/ros/humble/opt/rviz_ogre_vendor/lib:/opt/ros/humble/lib/aarch64-linux-gnu:/opt/ros/humble/lib:/usr/local/cuda-12.2/lib64 /usr/bin/cmake --install /Pav-S_ws/build/nav2_controller
[102.420s] -- Install configuration: "Release"
[102.420s] -- Installing: /Pav-S_ws/install/nav2_controller/lib/libsimple_progress_checker.so
[102.422s] -- Set runtime path of "/Pav-S_ws/install/nav2_controller/lib/libsimple_progress_checker.so" to ""
[102.422s] -- Installing: /Pav-S_ws/install/nav2_controller/lib/libpose_progress_checker.so
[102.423s] -- Set runtime path of "/Pav-S_ws/install/nav2_controller/lib/libpose_progress_checker.so" to ""
[102.423s] -- Installing: /Pav-S_ws/install/nav2_controller/lib/libsimple_goal_checker.so
[102.424s] -- Set runtime path of "/Pav-S_ws/install/nav2_controller/lib/libsimple_goal_checker.so" to ""
[102.424s] -- Installing: /Pav-S_ws/install/nav2_controller/lib/libstopped_goal_checker.so
[102.424s] -- Set runtime path of "/Pav-S_ws/install/nav2_controller/lib/libstopped_goal_checker.so" to ""
[102.425s] -- Installing: /Pav-S_ws/install/nav2_controller/lib/libposition_goal_checker.so
[102.425s] -- Set runtime path of "/Pav-S_ws/install/nav2_controller/lib/libposition_goal_checker.so" to ""
[102.426s] -- Installing: /Pav-S_ws/install/nav2_controller/lib/libcontroller_server_core.so
[102.432s] -- Set runtime path of "/Pav-S_ws/install/nav2_controller/lib/libcontroller_server_core.so" to ""
[102.433s] -- Installing: /Pav-S_ws/install/nav2_controller/lib/nav2_controller/controller_server
[102.433s] -- Set runtime path of "/Pav-S_ws/install/nav2_controller/lib/nav2_controller/controller_server" to ""
[102.434s] -- Installing: /Pav-S_ws/install/nav2_controller/include/
[102.434s] -- Installing: /Pav-S_ws/install/nav2_controller/include//nav2_controller
[102.434s] -- Installing: /Pav-S_ws/install/nav2_controller/include//nav2_controller/controller_server.hpp
[102.434s] -- Installing: /Pav-S_ws/install/nav2_controller/include//nav2_controller/plugins
[102.435s] -- Installing: /Pav-S_ws/install/nav2_controller/include//nav2_controller/plugins/simple_progress_checker.hpp
[102.435s] -- Installing: /Pav-S_ws/install/nav2_controller/include//nav2_controller/plugins/stopped_goal_checker.hpp
[102.435s] -- Installing: /Pav-S_ws/install/nav2_controller/include//nav2_controller/plugins/simple_goal_checker.hpp
[102.436s] -- Installing: /Pav-S_ws/install/nav2_controller/include//nav2_controller/plugins/pose_progress_checker.hpp
[102.436s] -- Installing: /Pav-S_ws/install/nav2_controller/include//nav2_controller/plugins/position_goal_checker.hpp
[102.436s] -- Installing: /Pav-S_ws/install/nav2_controller/share/nav2_controller/environment/library_path.sh
[102.436s] -- Installing: /Pav-S_ws/install/nav2_controller/share/nav2_controller/environment/library_path.dsv
[102.437s] -- Installing: /Pav-S_ws/install/nav2_controller/share/nav2_controller/plugins.xml
[102.437s] -- Installing: /Pav-S_ws/install/nav2_controller/share/ament_index/resource_index/package_run_dependencies/nav2_controller
[102.437s] -- Installing: /Pav-S_ws/install/nav2_controller/share/ament_index/resource_index/parent_prefix_path/nav2_controller
[102.438s] -- Installing: /Pav-S_ws/install/nav2_controller/share/nav2_controller/environment/ament_prefix_path.sh
[102.438s] -- Installing: /Pav-S_ws/install/nav2_controller/share/nav2_controller/environment/ament_prefix_path.dsv
[102.438s] -- Installing: /Pav-S_ws/install/nav2_controller/share/nav2_controller/environment/path.sh
[102.438s] -- Installing: /Pav-S_ws/install/nav2_controller/share/nav2_controller/environment/path.dsv
[102.439s] -- Installing: /Pav-S_ws/install/nav2_controller/share/nav2_controller/local_setup.bash
[102.439s] -- Installing: /Pav-S_ws/install/nav2_controller/share/nav2_controller/local_setup.sh
[102.439s] -- Installing: /Pav-S_ws/install/nav2_controller/share/nav2_controller/local_setup.zsh
[102.440s] -- Installing: /Pav-S_ws/install/nav2_controller/share/nav2_controller/local_setup.dsv
[102.440s] -- Installing: /Pav-S_ws/install/nav2_controller/share/nav2_controller/package.dsv
[102.440s] -- Installing: /Pav-S_ws/install/nav2_controller/share/ament_index/resource_index/packages/nav2_controller
[102.440s] -- Installing: /Pav-S_ws/install/nav2_controller/share/ament_index/resource_index/nav2_core__pluginlib__plugin/nav2_controller
[102.441s] -- Installing: /Pav-S_ws/install/nav2_controller/share/ament_index/resource_index/rclcpp_components/nav2_controller
[102.441s] -- Installing: /Pav-S_ws/install/nav2_controller/share/nav2_controller/cmake/ament_cmake_export_include_directories-extras.cmake
[102.441s] -- Installing: /Pav-S_ws/install/nav2_controller/share/nav2_controller/cmake/ament_cmake_export_libraries-extras.cmake
[102.442s] -- Installing: /Pav-S_ws/install/nav2_controller/share/nav2_controller/cmake/ament_cmake_export_dependencies-extras.cmake
[102.442s] -- Installing: /Pav-S_ws/install/nav2_controller/share/nav2_controller/cmake/nav2_controllerConfig.cmake
[102.442s] -- Installing: /Pav-S_ws/install/nav2_controller/share/nav2_controller/cmake/nav2_controllerConfig-version.cmake
[102.442s] -- Installing: /Pav-S_ws/install/nav2_controller/share/nav2_controller/package.xml
[102.449s] Invoked command in '/Pav-S_ws/build/nav2_controller' returned '0': CMAKE_PREFIX_PATH=/Pav-S_ws/install/nav2_core:/Pav-S_ws/install/nav2_costmap_2d:/Pav-S_ws/install/nav_2d_utils:/Pav-S_ws/install/nav2_map_server:/Pav-S_ws/install/nav2_lifecycle_manager:/Pav-S_ws/install/nav2_util:/Pav-S_ws/install/nav2_voxel_grid:/Pav-S_ws/install/nav2_msgs:/Pav-S_ws/install/nav_2d_msgs:/Pav-S_ws/install/nav2_common:/Pav-S_ws/install/dwb_plugins:/Pav-S_ws/install/dwb_critics:/Pav-S_ws/install/dwb_core:/Pav-S_ws/install/costmap_queue:/ws_livox/install/pointcloud_to_laserscan:/ws_livox/install/livox_ros_driver2:/Pav-S_ws/install/wheeltec_robot_urdf:/Pav-S_ws/install/turn_on_wheeltec_robot:/Pav-S_ws/install/wheeltec_robot_msg:/Pav-S_ws/install/usb_cam:/Pav-S_ws/install/serial:/Pav-S_ws/install/robot_kcf:/Pav-S_ws/install/dwb_msgs:/Pav-S_ws/install/libuvc:/Pav-S_ws/install/fast_lio:/Pav-S_ws/install/astra_camera:/Pav-S_ws/install/astra_camera_msgs:/Pav-S_ws/install/yolo_detector:/Pav-S_ws/install/yolov5_lib:/Pav-S_ws/install/nav2_simple_commander:/opt/ros/humble LD_LIBRARY_PATH=/Pav-S_ws/install/nav2_costmap_2d/lib:/Pav-S_ws/install/nav_2d_utils/lib:/Pav-S_ws/install/nav2_map_server/lib:/Pav-S_ws/install/nav2_lifecycle_manager/lib:/Pav-S_ws/install/nav2_util/lib:/Pav-S_ws/install/nav2_voxel_grid/lib:/Pav-S_ws/install/nav2_msgs/lib:/Pav-S_ws/install/nav_2d_msgs/lib:/Pav-S_ws/install/dwb_plugins/lib:/Pav-S_ws/install/dwb_critics/lib:/Pav-S_ws/install/dwb_core/lib:/Pav-S_ws/install/costmap_queue/lib:/usr/local/cuda-12.2/lib64:/ws_livox/install/pointcloud_to_laserscan/lib:/ws_livox/install/livox_ros_driver2/lib:/Pav-S_ws/install/turn_on_wheeltec_robot/lib:/Pav-S_ws/install/wheeltec_robot_msg/lib:/Pav-S_ws/install/usb_cam/lib:/Pav-S_ws/install/serial/lib:/Pav-S_ws/install/dwb_msgs/lib:/Pav-S_ws/install/libuvc/lib:/Pav-S_ws/install/fast_lio/lib:/Pav-S_ws/install/astra_camera/lib:/Pav-S_ws/install/astra_camera_msgs/lib:/opt/ros/humble/opt/rviz_ogre_vendor/lib:/opt/ros/humble/lib/aarch64-linux-gnu:/opt/ros/humble/lib:/usr/local/cuda-12.2/lib64 /usr/bin/cmake --install /Pav-S_ws/build/nav2_controller
