[0.082s] Invoking command in '/Pav-S_ws/build/wheeltec_robot_urdf': CMAKE_PREFIX_PATH=${CMAKE_PREFIX_PATH}:/Pav-S_ws/install/yolo_detector:/Pav-S_ws/install/yolov5_lib:/Pav-S_ws/install/nav2_simple_commander:/opt/ros/humble /usr/bin/cmake --build /Pav-S_ws/build/wheeltec_robot_urdf -- -j6 -l6
[0.206s] Invoked command in '/Pav-S_ws/build/wheeltec_robot_urdf' returned '0': CMAKE_PREFIX_PATH=${CMAKE_PREFIX_PATH}:/Pav-S_ws/install/yolo_detector:/Pav-S_ws/install/yolov5_lib:/Pav-S_ws/install/nav2_simple_commander:/opt/ros/humble /usr/bin/cmake --build /Pav-S_ws/build/wheeltec_robot_urdf -- -j6 -l6
[0.210s] Invoking command in '/Pav-S_ws/build/wheeltec_robot_urdf': CMAKE_PREFIX_PATH=${CMAKE_PREFIX_PATH}:/Pav-S_ws/install/yolo_detector:/Pav-S_ws/install/yolov5_lib:/Pav-S_ws/install/nav2_simple_commander:/opt/ros/humble /usr/bin/cmake --install /Pav-S_ws/build/wheeltec_robot_urdf
[0.273s] -- Install configuration: "Release"
[0.288s] -- Up-to-date: /Pav-S_ws/install/wheeltec_robot_urdf/share/wheeltec_robot_urdf/meshes
[0.288s] -- Up-to-date: /Pav-S_ws/install/wheeltec_robot_urdf/share/wheeltec_robot_urdf/meshes/bases
[0.288s] -- Up-to-date: /Pav-S_ws/install/wheeltec_robot_urdf/share/wheeltec_robot_urdf/meshes/bases/burger_base.stl
[0.288s] -- Up-to-date: /Pav-S_ws/install/wheeltec_robot_urdf/share/wheeltec_robot_urdf/meshes/bases/waffle_pi_base.stl
[0.290s] -- Up-to-date: /Pav-S_ws/install/wheeltec_robot_urdf/share/wheeltec_robot_urdf/meshes/bases/waffle_base.stl
[0.290s] -- Up-to-date: /Pav-S_ws/install/wheeltec_robot_urdf/share/wheeltec_robot_urdf/meshes/mini_akm_meshes
[0.291s] -- Up-to-date: /Pav-S_ws/install/wheeltec_robot_urdf/share/wheeltec_robot_urdf/meshes/mini_akm_meshes/lf_link.STL
[0.291s] -- Up-to-date: /Pav-S_ws/install/wheeltec_robot_urdf/share/wheeltec_robot_urdf/meshes/mini_akm_meshes/controller_link.STL
[0.291s] -- Up-to-date: /Pav-S_ws/install/wheeltec_robot_urdf/share/wheeltec_robot_urdf/meshes/mini_akm_meshes/camera_link.STL
[0.291s] -- Up-to-date: /Pav-S_ws/install/wheeltec_robot_urdf/share/wheeltec_robot_urdf/meshes/mini_akm_meshes/laser_link.STL
[0.292s] -- Up-to-date: /Pav-S_ws/install/wheeltec_robot_urdf/share/wheeltec_robot_urdf/meshes/mini_akm_meshes/front_link.STL
[0.296s] -- Up-to-date: /Pav-S_ws/install/wheeltec_robot_urdf/share/wheeltec_robot_urdf/meshes/mini_akm_meshes/rb_link.STL
[0.296s] -- Up-to-date: /Pav-S_ws/install/wheeltec_robot_urdf/share/wheeltec_robot_urdf/meshes/mini_akm_meshes/right_link.STL
[0.296s] -- Up-to-date: /Pav-S_ws/install/wheeltec_robot_urdf/share/wheeltec_robot_urdf/meshes/mini_akm_meshes/lb_link.STL
[0.296s] -- Up-to-date: /Pav-S_ws/install/wheeltec_robot_urdf/share/wheeltec_robot_urdf/meshes/mini_akm_meshes/left_link.STL
[0.297s] -- Up-to-date: /Pav-S_ws/install/wheeltec_robot_urdf/share/wheeltec_robot_urdf/meshes/mini_akm_meshes/base_link.STL
[0.297s] -- Up-to-date: /Pav-S_ws/install/wheeltec_robot_urdf/share/wheeltec_robot_urdf/meshes/mini_akm_meshes/rf_link.STL
[0.297s] -- Up-to-date: /Pav-S_ws/install/wheeltec_robot_urdf/share/wheeltec_robot_urdf/meshes/mini_akm_robot_meshes
[0.297s] -- Up-to-date: /Pav-S_ws/install/wheeltec_robot_urdf/share/wheeltec_robot_urdf/meshes/mini_akm_robot_meshes/lf_link.STL
[0.297s] -- Up-to-date: /Pav-S_ws/install/wheeltec_robot_urdf/share/wheeltec_robot_urdf/meshes/mini_akm_robot_meshes/controller_link.STL
[0.297s] -- Up-to-date: /Pav-S_ws/install/wheeltec_robot_urdf/share/wheeltec_robot_urdf/meshes/mini_akm_robot_meshes/camera_link.STL
[0.297s] -- Up-to-date: /Pav-S_ws/install/wheeltec_robot_urdf/share/wheeltec_robot_urdf/meshes/mini_akm_robot_meshes/front_link.STL
[0.297s] -- Up-to-date: /Pav-S_ws/install/wheeltec_robot_urdf/share/wheeltec_robot_urdf/meshes/mini_akm_robot_meshes/laser.STL
[0.298s] -- Up-to-date: /Pav-S_ws/install/wheeltec_robot_urdf/share/wheeltec_robot_urdf/meshes/mini_akm_robot_meshes/rb_link.STL
[0.299s] -- Up-to-date: /Pav-S_ws/install/wheeltec_robot_urdf/share/wheeltec_robot_urdf/meshes/mini_akm_robot_meshes/right_link.STL
[0.299s] -- Up-to-date: /Pav-S_ws/install/wheeltec_robot_urdf/share/wheeltec_robot_urdf/meshes/mini_akm_robot_meshes/lb_link.STL
[0.299s] -- Up-to-date: /Pav-S_ws/install/wheeltec_robot_urdf/share/wheeltec_robot_urdf/meshes/mini_akm_robot_meshes/left_link.STL
[0.299s] -- Up-to-date: /Pav-S_ws/install/wheeltec_robot_urdf/share/wheeltec_robot_urdf/meshes/mini_akm_robot_meshes/base_link.STL
[0.299s] -- Up-to-date: /Pav-S_ws/install/wheeltec_robot_urdf/share/wheeltec_robot_urdf/meshes/mini_akm_robot_meshes/rf_link.STL
[0.299s] -- Up-to-date: /Pav-S_ws/install/wheeltec_robot_urdf/share/wheeltec_robot_urdf/rviz
[0.299s] -- Up-to-date: /Pav-S_ws/install/wheeltec_robot_urdf/share/wheeltec_robot_urdf/rviz/model.rviz
[0.299s] -- Up-to-date: /Pav-S_ws/install/wheeltec_robot_urdf/share/wheeltec_robot_urdf/urdf
[0.300s] -- Up-to-date: /Pav-S_ws/install/wheeltec_robot_urdf/share/wheeltec_robot_urdf/urdf/mini_akm_robot.urdf
[0.300s] -- Up-to-date: /Pav-S_ws/install/wheeltec_robot_urdf/share/ament_index/resource_index/package_run_dependencies/wheeltec_robot_urdf
[0.300s] -- Up-to-date: /Pav-S_ws/install/wheeltec_robot_urdf/share/ament_index/resource_index/parent_prefix_path/wheeltec_robot_urdf
[0.300s] -- Up-to-date: /Pav-S_ws/install/wheeltec_robot_urdf/share/wheeltec_robot_urdf/environment/ament_prefix_path.sh
[0.300s] -- Up-to-date: /Pav-S_ws/install/wheeltec_robot_urdf/share/wheeltec_robot_urdf/environment/ament_prefix_path.dsv
[0.300s] -- Up-to-date: /Pav-S_ws/install/wheeltec_robot_urdf/share/wheeltec_robot_urdf/environment/path.sh
[0.300s] -- Up-to-date: /Pav-S_ws/install/wheeltec_robot_urdf/share/wheeltec_robot_urdf/environment/path.dsv
[0.300s] -- Up-to-date: /Pav-S_ws/install/wheeltec_robot_urdf/share/wheeltec_robot_urdf/local_setup.bash
[0.302s] -- Up-to-date: /Pav-S_ws/install/wheeltec_robot_urdf/share/wheeltec_robot_urdf/local_setup.sh
[0.302s] -- Up-to-date: /Pav-S_ws/install/wheeltec_robot_urdf/share/wheeltec_robot_urdf/local_setup.zsh
[0.302s] -- Up-to-date: /Pav-S_ws/install/wheeltec_robot_urdf/share/wheeltec_robot_urdf/local_setup.dsv
[0.303s] -- Installing: /Pav-S_ws/install/wheeltec_robot_urdf/share/wheeltec_robot_urdf/package.dsv
[0.307s] -- Up-to-date: /Pav-S_ws/install/wheeltec_robot_urdf/share/ament_index/resource_index/packages/wheeltec_robot_urdf
[0.307s] -- Up-to-date: /Pav-S_ws/install/wheeltec_robot_urdf/share/wheeltec_robot_urdf/cmake/wheeltec_robot_urdfConfig.cmake
[0.308s] -- Up-to-date: /Pav-S_ws/install/wheeltec_robot_urdf/share/wheeltec_robot_urdf/cmake/wheeltec_robot_urdfConfig-version.cmake
[0.308s] -- Up-to-date: /Pav-S_ws/install/wheeltec_robot_urdf/share/wheeltec_robot_urdf/package.xml
[0.318s] Invoked command in '/Pav-S_ws/build/wheeltec_robot_urdf' returned '0': CMAKE_PREFIX_PATH=${CMAKE_PREFIX_PATH}:/Pav-S_ws/install/yolo_detector:/Pav-S_ws/install/yolov5_lib:/Pav-S_ws/install/nav2_simple_commander:/opt/ros/humble /usr/bin/cmake --install /Pav-S_ws/build/wheeltec_robot_urdf
