[0.130s] Invoking command in '/Pav-S_ws/build/astra_camera_msgs': CMAKE_PREFIX_PATH=${CMAKE_PREFIX_PATH}:/Pav-S_ws/install/yolo_detector:/Pav-S_ws/install/yolov5_lib:/Pav-S_ws/install/nav2_simple_commander:/opt/ros/humble /usr/bin/cmake --build /Pav-S_ws/build/astra_camera_msgs -- -j6 -l6
[0.319s] [35m[1mConsolidate compiler generated dependencies of target astra_camera_msgs__rosidl_generator_c[0m
[0.432s] [  1%] Built target astra_camera_msgs__cpp
[0.458s] [ 12%] Built target astra_camera_msgs__rosidl_generator_c
[0.475s] [ 12%] Built target ament_cmake_python_copy_astra_camera_msgs
[0.548s] [35m[1mConsolidate compiler generated dependencies of target astra_camera_msgs__rosidl_typesupport_cpp[0m
[0.592s] [35m[1mConsolidate compiler generated dependencies of target astra_camera_msgs__rosidl_typesupport_fastrtps_cpp[0m
[0.645s] [35m[1mConsolidate compiler generated dependencies of target astra_camera_msgs__rosidl_typesupport_introspection_c[0m
[0.653s] [35m[1mConsolidate compiler generated dependencies of target astra_camera_msgs__rosidl_typesupport_fastrtps_c[0m
[0.709s] [35m[1mConsolidate compiler generated dependencies of target astra_camera_msgs__rosidl_typesupport_introspection_cpp[0m
[0.717s] [35m[1mConsolidate compiler generated dependencies of target astra_camera_msgs__rosidl_typesupport_c[0m
[0.798s] [ 24%] Built target astra_camera_msgs__rosidl_typesupport_cpp
[0.822s] [ 35%] Built target astra_camera_msgs__rosidl_typesupport_introspection_c
[0.834s] [ 47%] Built target astra_camera_msgs__rosidl_typesupport_fastrtps_cpp
[0.844s] [ 58%] Built target astra_camera_msgs__rosidl_typesupport_fastrtps_c
[0.887s] [ 70%] Built target astra_camera_msgs__rosidl_typesupport_c
[0.903s] [ 82%] Built target astra_camera_msgs__rosidl_typesupport_introspection_cpp
[0.987s] [ 82%] Built target astra_camera_msgs
[1.225s] [ 83%] Built target astra_camera_msgs__py
[1.297s] [35m[1mConsolidate compiler generated dependencies of target astra_camera_msgs__rosidl_generator_py[0m
[1.388s] [ 93%] Built target astra_camera_msgs__rosidl_generator_py
[1.457s] [35m[1mConsolidate compiler generated dependencies of target astra_camera_msgs__rosidl_typesupport_fastrtps_c__pyext[0m
[1.477s] [35m[1mConsolidate compiler generated dependencies of target astra_camera_msgs__rosidl_typesupport_c__pyext[0m
[1.512s] [35m[1mConsolidate compiler generated dependencies of target astra_camera_msgs__rosidl_typesupport_introspection_c__pyext[0m
[1.533s] [ 95%] Built target astra_camera_msgs__rosidl_typesupport_fastrtps_c__pyext
[1.542s] [ 97%] Built target astra_camera_msgs__rosidl_typesupport_c__pyext
[1.596s] [100%] Built target astra_camera_msgs__rosidl_typesupport_introspection_c__pyext
[2.075s] running egg_info
[2.077s] writing astra_camera_msgs.egg-info/PKG-INFO
[2.079s] writing dependency_links to astra_camera_msgs.egg-info/dependency_links.txt
[2.080s] writing top-level names to astra_camera_msgs.egg-info/top_level.txt
[2.086s] reading manifest file 'astra_camera_msgs.egg-info/SOURCES.txt'
[2.090s] writing manifest file 'astra_camera_msgs.egg-info/SOURCES.txt'
[2.267s] [100%] Built target ament_cmake_python_build_astra_camera_msgs_egg
[2.329s] Invoked command in '/Pav-S_ws/build/astra_camera_msgs' returned '0': CMAKE_PREFIX_PATH=${CMAKE_PREFIX_PATH}:/Pav-S_ws/install/yolo_detector:/Pav-S_ws/install/yolov5_lib:/Pav-S_ws/install/nav2_simple_commander:/opt/ros/humble /usr/bin/cmake --build /Pav-S_ws/build/astra_camera_msgs -- -j6 -l6
[2.342s] Invoking command in '/Pav-S_ws/build/astra_camera_msgs': CMAKE_PREFIX_PATH=${CMAKE_PREFIX_PATH}:/Pav-S_ws/install/yolo_detector:/Pav-S_ws/install/yolov5_lib:/Pav-S_ws/install/nav2_simple_commander:/opt/ros/humble /usr/bin/cmake --install /Pav-S_ws/build/astra_camera_msgs
[2.426s] -- Install configuration: "Release"
[2.427s] -- Up-to-date: /Pav-S_ws/install/astra_camera_msgs/share/ament_index/resource_index/rosidl_interfaces/astra_camera_msgs
[2.427s] -- Up-to-date: /Pav-S_ws/install/astra_camera_msgs/include/astra_camera_msgs/astra_camera_msgs
[2.427s] -- Up-to-date: /Pav-S_ws/install/astra_camera_msgs/include/astra_camera_msgs/astra_camera_msgs/srv
[2.427s] -- Up-to-date: /Pav-S_ws/install/astra_camera_msgs/include/astra_camera_msgs/astra_camera_msgs/srv/get_camera_params.h
[2.428s] -- Up-to-date: /Pav-S_ws/install/astra_camera_msgs/include/astra_camera_msgs/astra_camera_msgs/srv/get_string.h
[2.428s] -- Up-to-date: /Pav-S_ws/install/astra_camera_msgs/include/astra_camera_msgs/astra_camera_msgs/srv/set_int32.h
[2.428s] -- Up-to-date: /Pav-S_ws/install/astra_camera_msgs/include/astra_camera_msgs/astra_camera_msgs/srv/get_int32.h
[2.428s] -- Up-to-date: /Pav-S_ws/install/astra_camera_msgs/include/astra_camera_msgs/astra_camera_msgs/srv/get_device_info.h
[2.429s] -- Up-to-date: /Pav-S_ws/install/astra_camera_msgs/include/astra_camera_msgs/astra_camera_msgs/srv/detail
[2.429s] -- Up-to-date: /Pav-S_ws/install/astra_camera_msgs/include/astra_camera_msgs/astra_camera_msgs/srv/detail/get_device_info__type_support.h
[2.429s] -- Up-to-date: /Pav-S_ws/install/astra_camera_msgs/include/astra_camera_msgs/astra_camera_msgs/srv/detail/get_int32__functions.h
[2.430s] -- Up-to-date: /Pav-S_ws/install/astra_camera_msgs/include/astra_camera_msgs/astra_camera_msgs/srv/detail/get_camera_info__functions.h
[2.433s] -- Up-to-date: /Pav-S_ws/install/astra_camera_msgs/include/astra_camera_msgs/astra_camera_msgs/srv/detail/get_camera_params__functions.h
[2.434s] -- Up-to-date: /Pav-S_ws/install/astra_camera_msgs/include/astra_camera_msgs/astra_camera_msgs/srv/detail/get_camera_params__type_support.h
[2.434s] -- Up-to-date: /Pav-S_ws/install/astra_camera_msgs/include/astra_camera_msgs/astra_camera_msgs/srv/detail/set_int32__type_support.h
[2.435s] -- Up-to-date: /Pav-S_ws/install/astra_camera_msgs/include/astra_camera_msgs/astra_camera_msgs/srv/detail/get_int32__functions.c
[2.435s] -- Up-to-date: /Pav-S_ws/install/astra_camera_msgs/include/astra_camera_msgs/astra_camera_msgs/srv/detail/get_string__functions.c
[2.436s] -- Up-to-date: /Pav-S_ws/install/astra_camera_msgs/include/astra_camera_msgs/astra_camera_msgs/srv/detail/get_camera_info__type_support.h
[2.436s] -- Up-to-date: /Pav-S_ws/install/astra_camera_msgs/include/astra_camera_msgs/astra_camera_msgs/srv/detail/set_int32__functions.c
[2.437s] -- Up-to-date: /Pav-S_ws/install/astra_camera_msgs/include/astra_camera_msgs/astra_camera_msgs/srv/detail/get_device_info__functions.c
[2.437s] -- Up-to-date: /Pav-S_ws/install/astra_camera_msgs/include/astra_camera_msgs/astra_camera_msgs/srv/detail/set_int32__functions.h
[2.437s] -- Up-to-date: /Pav-S_ws/install/astra_camera_msgs/include/astra_camera_msgs/astra_camera_msgs/srv/detail/get_camera_info__functions.c
[2.438s] -- Up-to-date: /Pav-S_ws/install/astra_camera_msgs/include/astra_camera_msgs/astra_camera_msgs/srv/detail/get_int32__struct.h
[2.438s] -- Up-to-date: /Pav-S_ws/install/astra_camera_msgs/include/astra_camera_msgs/astra_camera_msgs/srv/detail/get_device_info__functions.h
[2.438s] -- Up-to-date: /Pav-S_ws/install/astra_camera_msgs/include/astra_camera_msgs/astra_camera_msgs/srv/detail/get_string__struct.h
[2.438s] -- Up-to-date: /Pav-S_ws/install/astra_camera_msgs/include/astra_camera_msgs/astra_camera_msgs/srv/detail/get_string__type_support.h
[2.438s] -- Up-to-date: /Pav-S_ws/install/astra_camera_msgs/include/astra_camera_msgs/astra_camera_msgs/srv/detail/get_int32__type_support.h
[2.438s] -- Up-to-date: /Pav-S_ws/install/astra_camera_msgs/include/astra_camera_msgs/astra_camera_msgs/srv/detail/get_device_info__struct.h
[2.438s] -- Up-to-date: /Pav-S_ws/install/astra_camera_msgs/include/astra_camera_msgs/astra_camera_msgs/srv/detail/get_camera_info__struct.h
[2.438s] -- Up-to-date: /Pav-S_ws/install/astra_camera_msgs/include/astra_camera_msgs/astra_camera_msgs/srv/detail/set_int32__struct.h
[2.438s] -- Up-to-date: /Pav-S_ws/install/astra_camera_msgs/include/astra_camera_msgs/astra_camera_msgs/srv/detail/get_camera_params__struct.h
[2.439s] -- Up-to-date: /Pav-S_ws/install/astra_camera_msgs/include/astra_camera_msgs/astra_camera_msgs/srv/detail/get_camera_params__functions.c
[2.439s] -- Up-to-date: /Pav-S_ws/install/astra_camera_msgs/include/astra_camera_msgs/astra_camera_msgs/srv/detail/get_string__functions.h
[2.439s] -- Up-to-date: /Pav-S_ws/install/astra_camera_msgs/include/astra_camera_msgs/astra_camera_msgs/srv/get_camera_info.h
[2.439s] -- Up-to-date: /Pav-S_ws/install/astra_camera_msgs/include/astra_camera_msgs/astra_camera_msgs/msg
[2.439s] -- Up-to-date: /Pav-S_ws/install/astra_camera_msgs/include/astra_camera_msgs/astra_camera_msgs/msg/rosidl_generator_c__visibility_control.h
[2.439s] -- Up-to-date: /Pav-S_ws/install/astra_camera_msgs/include/astra_camera_msgs/astra_camera_msgs/msg/extrinsics.h
[2.439s] -- Up-to-date: /Pav-S_ws/install/astra_camera_msgs/include/astra_camera_msgs/astra_camera_msgs/msg/detail
[2.439s] -- Up-to-date: /Pav-S_ws/install/astra_camera_msgs/include/astra_camera_msgs/astra_camera_msgs/msg/detail/metadata__functions.c
[2.440s] -- Up-to-date: /Pav-S_ws/install/astra_camera_msgs/include/astra_camera_msgs/astra_camera_msgs/msg/detail/device_info__type_support.h
[2.440s] -- Up-to-date: /Pav-S_ws/install/astra_camera_msgs/include/astra_camera_msgs/astra_camera_msgs/msg/detail/extrinsics__struct.h
[2.444s] -- Up-to-date: /Pav-S_ws/install/astra_camera_msgs/include/astra_camera_msgs/astra_camera_msgs/msg/detail/device_info__struct.h
[2.445s] -- Up-to-date: /Pav-S_ws/install/astra_camera_msgs/include/astra_camera_msgs/astra_camera_msgs/msg/detail/metadata__type_support.h
[2.445s] -- Up-to-date: /Pav-S_ws/install/astra_camera_msgs/include/astra_camera_msgs/astra_camera_msgs/msg/detail/extrinsics__type_support.h
[2.445s] -- Up-to-date: /Pav-S_ws/install/astra_camera_msgs/include/astra_camera_msgs/astra_camera_msgs/msg/detail/device_info__functions.h
[2.446s] -- Up-to-date: /Pav-S_ws/install/astra_camera_msgs/include/astra_camera_msgs/astra_camera_msgs/msg/detail/metadata__struct.h
[2.447s] -- Up-to-date: /Pav-S_ws/install/astra_camera_msgs/include/astra_camera_msgs/astra_camera_msgs/msg/detail/extrinsics__functions.c
[2.447s] -- Up-to-date: /Pav-S_ws/install/astra_camera_msgs/include/astra_camera_msgs/astra_camera_msgs/msg/detail/metadata__functions.h
[2.447s] -- Up-to-date: /Pav-S_ws/install/astra_camera_msgs/include/astra_camera_msgs/astra_camera_msgs/msg/detail/device_info__functions.c
[2.447s] -- Up-to-date: /Pav-S_ws/install/astra_camera_msgs/include/astra_camera_msgs/astra_camera_msgs/msg/detail/extrinsics__functions.h
[2.449s] -- Up-to-date: /Pav-S_ws/install/astra_camera_msgs/include/astra_camera_msgs/astra_camera_msgs/msg/metadata.h
[2.450s] -- Up-to-date: /Pav-S_ws/install/astra_camera_msgs/include/astra_camera_msgs/astra_camera_msgs/msg/device_info.h
[2.450s] -- Up-to-date: /Pav-S_ws/install/astra_camera_msgs/share/astra_camera_msgs/environment/library_path.sh
[2.450s] -- Up-to-date: /Pav-S_ws/install/astra_camera_msgs/share/astra_camera_msgs/environment/library_path.dsv
[2.451s] -- Up-to-date: /Pav-S_ws/install/astra_camera_msgs/lib/libastra_camera_msgs__rosidl_generator_c.so
[2.451s] -- Up-to-date: /Pav-S_ws/install/astra_camera_msgs/include/astra_camera_msgs/astra_camera_msgs
[2.451s] -- Up-to-date: /Pav-S_ws/install/astra_camera_msgs/include/astra_camera_msgs/astra_camera_msgs/srv
[2.464s] -- Up-to-date: /Pav-S_ws/install/astra_camera_msgs/include/astra_camera_msgs/astra_camera_msgs/srv/detail
[2.465s] -- Up-to-date: /Pav-S_ws/install/astra_camera_msgs/include/astra_camera_msgs/astra_camera_msgs/srv/detail/get_int32__rosidl_typesupport_fastrtps_c.h
[2.466s] -- Up-to-date: /Pav-S_ws/install/astra_camera_msgs/include/astra_camera_msgs/astra_camera_msgs/srv/detail/set_int32__rosidl_typesupport_fastrtps_c.h
[2.467s] -- Up-to-date: /Pav-S_ws/install/astra_camera_msgs/include/astra_camera_msgs/astra_camera_msgs/srv/detail/get_string__rosidl_typesupport_fastrtps_c.h
[2.467s] -- Up-to-date: /Pav-S_ws/install/astra_camera_msgs/include/astra_camera_msgs/astra_camera_msgs/srv/detail/get_camera_info__rosidl_typesupport_fastrtps_c.h
[2.467s] -- Up-to-date: /Pav-S_ws/install/astra_camera_msgs/include/astra_camera_msgs/astra_camera_msgs/srv/detail/get_camera_params__rosidl_typesupport_fastrtps_c.h
[2.468s] -- Up-to-date: /Pav-S_ws/install/astra_camera_msgs/include/astra_camera_msgs/astra_camera_msgs/srv/detail/get_device_info__rosidl_typesupport_fastrtps_c.h
[2.468s] -- Up-to-date: /Pav-S_ws/install/astra_camera_msgs/include/astra_camera_msgs/astra_camera_msgs/msg
[2.468s] -- Up-to-date: /Pav-S_ws/install/astra_camera_msgs/include/astra_camera_msgs/astra_camera_msgs/msg/rosidl_typesupport_fastrtps_c__visibility_control.h
[2.469s] -- Up-to-date: /Pav-S_ws/install/astra_camera_msgs/include/astra_camera_msgs/astra_camera_msgs/msg/detail
[2.469s] -- Up-to-date: /Pav-S_ws/install/astra_camera_msgs/include/astra_camera_msgs/astra_camera_msgs/msg/detail/metadata__rosidl_typesupport_fastrtps_c.h
[2.470s] -- Up-to-date: /Pav-S_ws/install/astra_camera_msgs/include/astra_camera_msgs/astra_camera_msgs/msg/detail/extrinsics__rosidl_typesupport_fastrtps_c.h
[2.470s] -- Up-to-date: /Pav-S_ws/install/astra_camera_msgs/include/astra_camera_msgs/astra_camera_msgs/msg/detail/device_info__rosidl_typesupport_fastrtps_c.h
[2.484s] -- Up-to-date: /Pav-S_ws/install/astra_camera_msgs/lib/libastra_camera_msgs__rosidl_typesupport_fastrtps_c.so
[2.484s] -- Up-to-date: /Pav-S_ws/install/astra_camera_msgs/include/astra_camera_msgs/astra_camera_msgs
[2.484s] -- Up-to-date: /Pav-S_ws/install/astra_camera_msgs/include/astra_camera_msgs/astra_camera_msgs/srv
[2.484s] -- Up-to-date: /Pav-S_ws/install/astra_camera_msgs/include/astra_camera_msgs/astra_camera_msgs/srv/detail
[2.484s] -- Up-to-date: /Pav-S_ws/install/astra_camera_msgs/include/astra_camera_msgs/astra_camera_msgs/srv/detail/get_device_info__rosidl_typesupport_introspection_c.h
[2.484s] -- Up-to-date: /Pav-S_ws/install/astra_camera_msgs/include/astra_camera_msgs/astra_camera_msgs/srv/detail/get_camera_params__rosidl_typesupport_introspection_c.h
[2.485s] -- Up-to-date: /Pav-S_ws/install/astra_camera_msgs/include/astra_camera_msgs/astra_camera_msgs/srv/detail/get_camera_info__type_support.c
[2.485s] -- Up-to-date: /Pav-S_ws/install/astra_camera_msgs/include/astra_camera_msgs/astra_camera_msgs/srv/detail/get_string__type_support.c
[2.485s] -- Up-to-date: /Pav-S_ws/install/astra_camera_msgs/include/astra_camera_msgs/astra_camera_msgs/srv/detail/set_int32__rosidl_typesupport_introspection_c.h
[2.485s] -- Up-to-date: /Pav-S_ws/install/astra_camera_msgs/include/astra_camera_msgs/astra_camera_msgs/srv/detail/get_camera_params__type_support.c
[2.485s] -- Up-to-date: /Pav-S_ws/install/astra_camera_msgs/include/astra_camera_msgs/astra_camera_msgs/srv/detail/get_string__rosidl_typesupport_introspection_c.h
[2.485s] -- Up-to-date: /Pav-S_ws/install/astra_camera_msgs/include/astra_camera_msgs/astra_camera_msgs/srv/detail/get_camera_info__rosidl_typesupport_introspection_c.h
[2.485s] -- Up-to-date: /Pav-S_ws/install/astra_camera_msgs/include/astra_camera_msgs/astra_camera_msgs/srv/detail/get_device_info__type_support.c
[2.485s] -- Up-to-date: /Pav-S_ws/install/astra_camera_msgs/include/astra_camera_msgs/astra_camera_msgs/srv/detail/get_int32__rosidl_typesupport_introspection_c.h
[2.486s] -- Up-to-date: /Pav-S_ws/install/astra_camera_msgs/include/astra_camera_msgs/astra_camera_msgs/srv/detail/get_int32__type_support.c
[2.486s] -- Up-to-date: /Pav-S_ws/install/astra_camera_msgs/include/astra_camera_msgs/astra_camera_msgs/srv/detail/set_int32__type_support.c
[2.486s] -- Up-to-date: /Pav-S_ws/install/astra_camera_msgs/include/astra_camera_msgs/astra_camera_msgs/msg
[2.486s] -- Up-to-date: /Pav-S_ws/install/astra_camera_msgs/include/astra_camera_msgs/astra_camera_msgs/msg/rosidl_typesupport_introspection_c__visibility_control.h
[2.486s] -- Up-to-date: /Pav-S_ws/install/astra_camera_msgs/include/astra_camera_msgs/astra_camera_msgs/msg/detail
[2.486s] -- Up-to-date: /Pav-S_ws/install/astra_camera_msgs/include/astra_camera_msgs/astra_camera_msgs/msg/detail/extrinsics__type_support.c
[2.486s] -- Up-to-date: /Pav-S_ws/install/astra_camera_msgs/include/astra_camera_msgs/astra_camera_msgs/msg/detail/extrinsics__rosidl_typesupport_introspection_c.h
[2.486s] -- Up-to-date: /Pav-S_ws/install/astra_camera_msgs/include/astra_camera_msgs/astra_camera_msgs/msg/detail/device_info__type_support.c
[2.486s] -- Up-to-date: /Pav-S_ws/install/astra_camera_msgs/include/astra_camera_msgs/astra_camera_msgs/msg/detail/metadata__type_support.c
[2.487s] -- Up-to-date: /Pav-S_ws/install/astra_camera_msgs/include/astra_camera_msgs/astra_camera_msgs/msg/detail/metadata__rosidl_typesupport_introspection_c.h
[2.487s] -- Up-to-date: /Pav-S_ws/install/astra_camera_msgs/include/astra_camera_msgs/astra_camera_msgs/msg/detail/device_info__rosidl_typesupport_introspection_c.h
[2.487s] -- Up-to-date: /Pav-S_ws/install/astra_camera_msgs/lib/libastra_camera_msgs__rosidl_typesupport_introspection_c.so
[2.487s] -- Up-to-date: /Pav-S_ws/install/astra_camera_msgs/lib/libastra_camera_msgs__rosidl_typesupport_c.so
[2.487s] -- Up-to-date: /Pav-S_ws/install/astra_camera_msgs/include/astra_camera_msgs/astra_camera_msgs
[2.487s] -- Up-to-date: /Pav-S_ws/install/astra_camera_msgs/include/astra_camera_msgs/astra_camera_msgs/srv
[2.487s] -- Up-to-date: /Pav-S_ws/install/astra_camera_msgs/include/astra_camera_msgs/astra_camera_msgs/srv/set_int32.hpp
[2.487s] -- Up-to-date: /Pav-S_ws/install/astra_camera_msgs/include/astra_camera_msgs/astra_camera_msgs/srv/get_camera_params.hpp
[2.488s] -- Up-to-date: /Pav-S_ws/install/astra_camera_msgs/include/astra_camera_msgs/astra_camera_msgs/srv/get_camera_info.hpp
[2.488s] -- Up-to-date: /Pav-S_ws/install/astra_camera_msgs/include/astra_camera_msgs/astra_camera_msgs/srv/get_string.hpp
[2.488s] -- Up-to-date: /Pav-S_ws/install/astra_camera_msgs/include/astra_camera_msgs/astra_camera_msgs/srv/detail
[2.488s] -- Up-to-date: /Pav-S_ws/install/astra_camera_msgs/include/astra_camera_msgs/astra_camera_msgs/srv/detail/get_camera_info__traits.hpp
[2.488s] -- Up-to-date: /Pav-S_ws/install/astra_camera_msgs/include/astra_camera_msgs/astra_camera_msgs/srv/detail/get_int32__struct.hpp
[2.488s] -- Up-to-date: /Pav-S_ws/install/astra_camera_msgs/include/astra_camera_msgs/astra_camera_msgs/srv/detail/get_device_info__struct.hpp
[2.488s] -- Up-to-date: /Pav-S_ws/install/astra_camera_msgs/include/astra_camera_msgs/astra_camera_msgs/srv/detail/get_camera_params__traits.hpp
[2.488s] -- Up-to-date: /Pav-S_ws/install/astra_camera_msgs/include/astra_camera_msgs/astra_camera_msgs/srv/detail/set_int32__struct.hpp
[2.488s] -- Up-to-date: /Pav-S_ws/install/astra_camera_msgs/include/astra_camera_msgs/astra_camera_msgs/srv/detail/get_int32__type_support.hpp
[2.489s] -- Up-to-date: /Pav-S_ws/install/astra_camera_msgs/include/astra_camera_msgs/astra_camera_msgs/srv/detail/set_int32__traits.hpp
[2.489s] -- Up-to-date: /Pav-S_ws/install/astra_camera_msgs/include/astra_camera_msgs/astra_camera_msgs/srv/detail/get_string__traits.hpp
[2.489s] -- Up-to-date: /Pav-S_ws/install/astra_camera_msgs/include/astra_camera_msgs/astra_camera_msgs/srv/detail/get_string__type_support.hpp
[2.489s] -- Up-to-date: /Pav-S_ws/install/astra_camera_msgs/include/astra_camera_msgs/astra_camera_msgs/srv/detail/get_camera_params__struct.hpp
[2.489s] -- Up-to-date: /Pav-S_ws/install/astra_camera_msgs/include/astra_camera_msgs/astra_camera_msgs/srv/detail/get_camera_info__type_support.hpp
[2.489s] -- Up-to-date: /Pav-S_ws/install/astra_camera_msgs/include/astra_camera_msgs/astra_camera_msgs/srv/detail/set_int32__type_support.hpp
[2.489s] -- Up-to-date: /Pav-S_ws/install/astra_camera_msgs/include/astra_camera_msgs/astra_camera_msgs/srv/detail/get_int32__builder.hpp
[2.489s] -- Up-to-date: /Pav-S_ws/install/astra_camera_msgs/include/astra_camera_msgs/astra_camera_msgs/srv/detail/get_device_info__type_support.hpp
[2.489s] -- Up-to-date: /Pav-S_ws/install/astra_camera_msgs/include/astra_camera_msgs/astra_camera_msgs/srv/detail/get_camera_info__builder.hpp
[2.490s] -- Up-to-date: /Pav-S_ws/install/astra_camera_msgs/include/astra_camera_msgs/astra_camera_msgs/srv/detail/get_device_info__builder.hpp
[2.490s] -- Up-to-date: /Pav-S_ws/install/astra_camera_msgs/include/astra_camera_msgs/astra_camera_msgs/srv/detail/get_device_info__traits.hpp
[2.490s] -- Up-to-date: /Pav-S_ws/install/astra_camera_msgs/include/astra_camera_msgs/astra_camera_msgs/srv/detail/get_camera_params__builder.hpp
[2.490s] -- Up-to-date: /Pav-S_ws/install/astra_camera_msgs/include/astra_camera_msgs/astra_camera_msgs/srv/detail/get_string__builder.hpp
[2.490s] -- Up-to-date: /Pav-S_ws/install/astra_camera_msgs/include/astra_camera_msgs/astra_camera_msgs/srv/detail/get_string__struct.hpp
[2.490s] -- Up-to-date: /Pav-S_ws/install/astra_camera_msgs/include/astra_camera_msgs/astra_camera_msgs/srv/detail/get_camera_info__struct.hpp
[2.490s] -- Up-to-date: /Pav-S_ws/install/astra_camera_msgs/include/astra_camera_msgs/astra_camera_msgs/srv/detail/get_int32__traits.hpp
[2.490s] -- Up-to-date: /Pav-S_ws/install/astra_camera_msgs/include/astra_camera_msgs/astra_camera_msgs/srv/detail/set_int32__builder.hpp
[2.491s] -- Up-to-date: /Pav-S_ws/install/astra_camera_msgs/include/astra_camera_msgs/astra_camera_msgs/srv/detail/get_camera_params__type_support.hpp
[2.491s] -- Up-to-date: /Pav-S_ws/install/astra_camera_msgs/include/astra_camera_msgs/astra_camera_msgs/srv/get_int32.hpp
[2.491s] -- Up-to-date: /Pav-S_ws/install/astra_camera_msgs/include/astra_camera_msgs/astra_camera_msgs/srv/get_device_info.hpp
[2.491s] -- Up-to-date: /Pav-S_ws/install/astra_camera_msgs/include/astra_camera_msgs/astra_camera_msgs/msg
[2.491s] -- Up-to-date: /Pav-S_ws/install/astra_camera_msgs/include/astra_camera_msgs/astra_camera_msgs/msg/rosidl_generator_cpp__visibility_control.hpp
[2.491s] -- Up-to-date: /Pav-S_ws/install/astra_camera_msgs/include/astra_camera_msgs/astra_camera_msgs/msg/device_info.hpp
[2.491s] -- Up-to-date: /Pav-S_ws/install/astra_camera_msgs/include/astra_camera_msgs/astra_camera_msgs/msg/detail
[2.491s] -- Up-to-date: /Pav-S_ws/install/astra_camera_msgs/include/astra_camera_msgs/astra_camera_msgs/msg/detail/metadata__builder.hpp
[2.491s] -- Up-to-date: /Pav-S_ws/install/astra_camera_msgs/include/astra_camera_msgs/astra_camera_msgs/msg/detail/metadata__traits.hpp
[2.492s] -- Up-to-date: /Pav-S_ws/install/astra_camera_msgs/include/astra_camera_msgs/astra_camera_msgs/msg/detail/metadata__struct.hpp
[2.492s] -- Up-to-date: /Pav-S_ws/install/astra_camera_msgs/include/astra_camera_msgs/astra_camera_msgs/msg/detail/extrinsics__struct.hpp
[2.492s] -- Up-to-date: /Pav-S_ws/install/astra_camera_msgs/include/astra_camera_msgs/astra_camera_msgs/msg/detail/device_info__builder.hpp
[2.492s] -- Up-to-date: /Pav-S_ws/install/astra_camera_msgs/include/astra_camera_msgs/astra_camera_msgs/msg/detail/extrinsics__traits.hpp
[2.492s] -- Up-to-date: /Pav-S_ws/install/astra_camera_msgs/include/astra_camera_msgs/astra_camera_msgs/msg/detail/device_info__traits.hpp
[2.492s] -- Up-to-date: /Pav-S_ws/install/astra_camera_msgs/include/astra_camera_msgs/astra_camera_msgs/msg/detail/device_info__struct.hpp
[2.492s] -- Up-to-date: /Pav-S_ws/install/astra_camera_msgs/include/astra_camera_msgs/astra_camera_msgs/msg/detail/device_info__type_support.hpp
[2.493s] -- Up-to-date: /Pav-S_ws/install/astra_camera_msgs/include/astra_camera_msgs/astra_camera_msgs/msg/detail/extrinsics__type_support.hpp
[2.493s] -- Up-to-date: /Pav-S_ws/install/astra_camera_msgs/include/astra_camera_msgs/astra_camera_msgs/msg/detail/metadata__type_support.hpp
[2.493s] -- Up-to-date: /Pav-S_ws/install/astra_camera_msgs/include/astra_camera_msgs/astra_camera_msgs/msg/detail/extrinsics__builder.hpp
[2.493s] -- Up-to-date: /Pav-S_ws/install/astra_camera_msgs/include/astra_camera_msgs/astra_camera_msgs/msg/extrinsics.hpp
[2.493s] -- Up-to-date: /Pav-S_ws/install/astra_camera_msgs/include/astra_camera_msgs/astra_camera_msgs/msg/metadata.hpp
[2.493s] -- Up-to-date: /Pav-S_ws/install/astra_camera_msgs/include/astra_camera_msgs/astra_camera_msgs
[2.493s] -- Up-to-date: /Pav-S_ws/install/astra_camera_msgs/include/astra_camera_msgs/astra_camera_msgs/srv
[2.493s] -- Up-to-date: /Pav-S_ws/install/astra_camera_msgs/include/astra_camera_msgs/astra_camera_msgs/srv/detail
[2.493s] -- Up-to-date: /Pav-S_ws/install/astra_camera_msgs/include/astra_camera_msgs/astra_camera_msgs/srv/detail/set_int32__rosidl_typesupport_fastrtps_cpp.hpp
[2.494s] -- Up-to-date: /Pav-S_ws/install/astra_camera_msgs/include/astra_camera_msgs/astra_camera_msgs/srv/detail/get_string__rosidl_typesupport_fastrtps_cpp.hpp
[2.494s] -- Up-to-date: /Pav-S_ws/install/astra_camera_msgs/include/astra_camera_msgs/astra_camera_msgs/srv/detail/get_camera_info__rosidl_typesupport_fastrtps_cpp.hpp
[2.494s] -- Up-to-date: /Pav-S_ws/install/astra_camera_msgs/include/astra_camera_msgs/astra_camera_msgs/srv/detail/get_device_info__rosidl_typesupport_fastrtps_cpp.hpp
[2.494s] -- Up-to-date: /Pav-S_ws/install/astra_camera_msgs/include/astra_camera_msgs/astra_camera_msgs/srv/detail/get_int32__rosidl_typesupport_fastrtps_cpp.hpp
[2.494s] -- Up-to-date: /Pav-S_ws/install/astra_camera_msgs/include/astra_camera_msgs/astra_camera_msgs/srv/detail/dds_fastrtps
[2.494s] -- Up-to-date: /Pav-S_ws/install/astra_camera_msgs/include/astra_camera_msgs/astra_camera_msgs/srv/detail/get_camera_params__rosidl_typesupport_fastrtps_cpp.hpp
[2.494s] -- Up-to-date: /Pav-S_ws/install/astra_camera_msgs/include/astra_camera_msgs/astra_camera_msgs/msg
[2.494s] -- Up-to-date: /Pav-S_ws/install/astra_camera_msgs/include/astra_camera_msgs/astra_camera_msgs/msg/detail
[2.495s] -- Up-to-date: /Pav-S_ws/install/astra_camera_msgs/include/astra_camera_msgs/astra_camera_msgs/msg/detail/extrinsics__rosidl_typesupport_fastrtps_cpp.hpp
[2.495s] -- Up-to-date: /Pav-S_ws/install/astra_camera_msgs/include/astra_camera_msgs/astra_camera_msgs/msg/detail/device_info__rosidl_typesupport_fastrtps_cpp.hpp
[2.495s] -- Up-to-date: /Pav-S_ws/install/astra_camera_msgs/include/astra_camera_msgs/astra_camera_msgs/msg/detail/metadata__rosidl_typesupport_fastrtps_cpp.hpp
[2.495s] -- Up-to-date: /Pav-S_ws/install/astra_camera_msgs/include/astra_camera_msgs/astra_camera_msgs/msg/detail/dds_fastrtps
[2.495s] -- Up-to-date: /Pav-S_ws/install/astra_camera_msgs/include/astra_camera_msgs/astra_camera_msgs/msg/rosidl_typesupport_fastrtps_cpp__visibility_control.h
[2.495s] -- Up-to-date: /Pav-S_ws/install/astra_camera_msgs/lib/libastra_camera_msgs__rosidl_typesupport_fastrtps_cpp.so
[2.495s] -- Up-to-date: /Pav-S_ws/install/astra_camera_msgs/include/astra_camera_msgs/astra_camera_msgs
[2.495s] -- Up-to-date: /Pav-S_ws/install/astra_camera_msgs/include/astra_camera_msgs/astra_camera_msgs/srv
[2.495s] -- Up-to-date: /Pav-S_ws/install/astra_camera_msgs/include/astra_camera_msgs/astra_camera_msgs/srv/detail
[2.496s] -- Up-to-date: /Pav-S_ws/install/astra_camera_msgs/include/astra_camera_msgs/astra_camera_msgs/srv/detail/get_camera_info__type_support.cpp
[2.498s] -- Up-to-date: /Pav-S_ws/install/astra_camera_msgs/include/astra_camera_msgs/astra_camera_msgs/srv/detail/get_device_info__type_support.cpp
[2.498s] -- Up-to-date: /Pav-S_ws/install/astra_camera_msgs/include/astra_camera_msgs/astra_camera_msgs/srv/detail/get_device_info__rosidl_typesupport_introspection_cpp.hpp
[2.499s] -- Up-to-date: /Pav-S_ws/install/astra_camera_msgs/include/astra_camera_msgs/astra_camera_msgs/srv/detail/get_int32__rosidl_typesupport_introspection_cpp.hpp
[2.507s] -- Up-to-date: /Pav-S_ws/install/astra_camera_msgs/include/astra_camera_msgs/astra_camera_msgs/srv/detail/get_camera_params__rosidl_typesupport_introspection_cpp.hpp
[2.507s] -- Up-to-date: /Pav-S_ws/install/astra_camera_msgs/include/astra_camera_msgs/astra_camera_msgs/srv/detail/get_string__rosidl_typesupport_introspection_cpp.hpp
[2.507s] -- Up-to-date: /Pav-S_ws/install/astra_camera_msgs/include/astra_camera_msgs/astra_camera_msgs/srv/detail/get_camera_info__rosidl_typesupport_introspection_cpp.hpp
[2.508s] -- Up-to-date: /Pav-S_ws/install/astra_camera_msgs/include/astra_camera_msgs/astra_camera_msgs/srv/detail/get_camera_params__type_support.cpp
[2.508s] -- Up-to-date: /Pav-S_ws/install/astra_camera_msgs/include/astra_camera_msgs/astra_camera_msgs/srv/detail/get_int32__type_support.cpp
[2.508s] -- Up-to-date: /Pav-S_ws/install/astra_camera_msgs/include/astra_camera_msgs/astra_camera_msgs/srv/detail/get_string__type_support.cpp
[2.508s] -- Up-to-date: /Pav-S_ws/install/astra_camera_msgs/include/astra_camera_msgs/astra_camera_msgs/srv/detail/set_int32__type_support.cpp
[2.508s] -- Up-to-date: /Pav-S_ws/install/astra_camera_msgs/include/astra_camera_msgs/astra_camera_msgs/srv/detail/set_int32__rosidl_typesupport_introspection_cpp.hpp
[2.508s] -- Up-to-date: /Pav-S_ws/install/astra_camera_msgs/include/astra_camera_msgs/astra_camera_msgs/msg
[2.508s] -- Up-to-date: /Pav-S_ws/install/astra_camera_msgs/include/astra_camera_msgs/astra_camera_msgs/msg/detail
[2.508s] -- Up-to-date: /Pav-S_ws/install/astra_camera_msgs/include/astra_camera_msgs/astra_camera_msgs/msg/detail/metadata__type_support.cpp
[2.509s] -- Up-to-date: /Pav-S_ws/install/astra_camera_msgs/include/astra_camera_msgs/astra_camera_msgs/msg/detail/extrinsics__rosidl_typesupport_introspection_cpp.hpp
[2.509s] -- Up-to-date: /Pav-S_ws/install/astra_camera_msgs/include/astra_camera_msgs/astra_camera_msgs/msg/detail/device_info__type_support.cpp
[2.509s] -- Up-to-date: /Pav-S_ws/install/astra_camera_msgs/include/astra_camera_msgs/astra_camera_msgs/msg/detail/device_info__rosidl_typesupport_introspection_cpp.hpp
[2.509s] -- Up-to-date: /Pav-S_ws/install/astra_camera_msgs/include/astra_camera_msgs/astra_camera_msgs/msg/detail/extrinsics__type_support.cpp
[2.509s] -- Up-to-date: /Pav-S_ws/install/astra_camera_msgs/include/astra_camera_msgs/astra_camera_msgs/msg/detail/metadata__rosidl_typesupport_introspection_cpp.hpp
[2.509s] -- Up-to-date: /Pav-S_ws/install/astra_camera_msgs/lib/libastra_camera_msgs__rosidl_typesupport_introspection_cpp.so
[2.509s] -- Up-to-date: /Pav-S_ws/install/astra_camera_msgs/lib/libastra_camera_msgs__rosidl_typesupport_cpp.so
[2.509s] -- Up-to-date: /Pav-S_ws/install/astra_camera_msgs/share/astra_camera_msgs/environment/pythonpath.sh
[2.510s] -- Up-to-date: /Pav-S_ws/install/astra_camera_msgs/share/astra_camera_msgs/environment/pythonpath.dsv
[2.510s] -- Up-to-date: /Pav-S_ws/install/astra_camera_msgs/local/lib/python3.10/dist-packages/astra_camera_msgs-1.0.1-py3.10.egg-info
[2.510s] -- Installing: /Pav-S_ws/install/astra_camera_msgs/local/lib/python3.10/dist-packages/astra_camera_msgs-1.0.1-py3.10.egg-info/dependency_links.txt
[2.510s] -- Installing: /Pav-S_ws/install/astra_camera_msgs/local/lib/python3.10/dist-packages/astra_camera_msgs-1.0.1-py3.10.egg-info/SOURCES.txt
[2.510s] -- Installing: /Pav-S_ws/install/astra_camera_msgs/local/lib/python3.10/dist-packages/astra_camera_msgs-1.0.1-py3.10.egg-info/PKG-INFO
[2.510s] -- Installing: /Pav-S_ws/install/astra_camera_msgs/local/lib/python3.10/dist-packages/astra_camera_msgs-1.0.1-py3.10.egg-info/top_level.txt
[2.510s] -- Up-to-date: /Pav-S_ws/install/astra_camera_msgs/local/lib/python3.10/dist-packages/astra_camera_msgs
[2.510s] -- Up-to-date: /Pav-S_ws/install/astra_camera_msgs/local/lib/python3.10/dist-packages/astra_camera_msgs/_astra_camera_msgs_s.ep.rosidl_typesupport_fastrtps_c.c
[2.511s] -- Up-to-date: /Pav-S_ws/install/astra_camera_msgs/local/lib/python3.10/dist-packages/astra_camera_msgs/libastra_camera_msgs__rosidl_generator_py.so
[2.511s] -- Up-to-date: /Pav-S_ws/install/astra_camera_msgs/local/lib/python3.10/dist-packages/astra_camera_msgs/srv
[2.511s] -- Up-to-date: /Pav-S_ws/install/astra_camera_msgs/local/lib/python3.10/dist-packages/astra_camera_msgs/srv/_get_camera_info_s.c
[2.511s] -- Up-to-date: /Pav-S_ws/install/astra_camera_msgs/local/lib/python3.10/dist-packages/astra_camera_msgs/srv/_get_int32.py
[2.511s] -- Up-to-date: /Pav-S_ws/install/astra_camera_msgs/local/lib/python3.10/dist-packages/astra_camera_msgs/srv/_get_int32_s.c
[2.511s] -- Up-to-date: /Pav-S_ws/install/astra_camera_msgs/local/lib/python3.10/dist-packages/astra_camera_msgs/srv/_set_int32_s.c
[2.511s] -- Up-to-date: /Pav-S_ws/install/astra_camera_msgs/local/lib/python3.10/dist-packages/astra_camera_msgs/srv/_get_camera_params.py
[2.512s] -- Up-to-date: /Pav-S_ws/install/astra_camera_msgs/local/lib/python3.10/dist-packages/astra_camera_msgs/srv/_get_device_info.py
[2.512s] -- Up-to-date: /Pav-S_ws/install/astra_camera_msgs/local/lib/python3.10/dist-packages/astra_camera_msgs/srv/_get_camera_params_s.c
[2.512s] -- Up-to-date: /Pav-S_ws/install/astra_camera_msgs/local/lib/python3.10/dist-packages/astra_camera_msgs/srv/_get_camera_info.py
[2.512s] -- Up-to-date: /Pav-S_ws/install/astra_camera_msgs/local/lib/python3.10/dist-packages/astra_camera_msgs/srv/_get_device_info_s.c
[2.512s] -- Up-to-date: /Pav-S_ws/install/astra_camera_msgs/local/lib/python3.10/dist-packages/astra_camera_msgs/srv/__init__.py
[2.512s] -- Up-to-date: /Pav-S_ws/install/astra_camera_msgs/local/lib/python3.10/dist-packages/astra_camera_msgs/srv/_get_string_s.c
[2.512s] -- Up-to-date: /Pav-S_ws/install/astra_camera_msgs/local/lib/python3.10/dist-packages/astra_camera_msgs/srv/_get_string.py
[2.512s] -- Up-to-date: /Pav-S_ws/install/astra_camera_msgs/local/lib/python3.10/dist-packages/astra_camera_msgs/srv/_set_int32.py
[2.513s] -- Up-to-date: /Pav-S_ws/install/astra_camera_msgs/local/lib/python3.10/dist-packages/astra_camera_msgs/_astra_camera_msgs_s.ep.rosidl_typesupport_introspection_c.c
[2.513s] -- Up-to-date: /Pav-S_ws/install/astra_camera_msgs/local/lib/python3.10/dist-packages/astra_camera_msgs/astra_camera_msgs_s__rosidl_typesupport_c.cpython-310-aarch64-linux-gnu.so
[2.513s] -- Up-to-date: /Pav-S_ws/install/astra_camera_msgs/local/lib/python3.10/dist-packages/astra_camera_msgs/_astra_camera_msgs_s.ep.rosidl_typesupport_c.c
[2.513s] -- Up-to-date: /Pav-S_ws/install/astra_camera_msgs/local/lib/python3.10/dist-packages/astra_camera_msgs/msg
[2.513s] -- Up-to-date: /Pav-S_ws/install/astra_camera_msgs/local/lib/python3.10/dist-packages/astra_camera_msgs/msg/_device_info.py
[2.513s] -- Up-to-date: /Pav-S_ws/install/astra_camera_msgs/local/lib/python3.10/dist-packages/astra_camera_msgs/msg/_extrinsics_s.c
[2.513s] -- Up-to-date: /Pav-S_ws/install/astra_camera_msgs/local/lib/python3.10/dist-packages/astra_camera_msgs/msg/_device_info_s.c
[2.514s] -- Up-to-date: /Pav-S_ws/install/astra_camera_msgs/local/lib/python3.10/dist-packages/astra_camera_msgs/msg/_metadata.py
[2.514s] -- Up-to-date: /Pav-S_ws/install/astra_camera_msgs/local/lib/python3.10/dist-packages/astra_camera_msgs/msg/_metadata_s.c
[2.514s] -- Up-to-date: /Pav-S_ws/install/astra_camera_msgs/local/lib/python3.10/dist-packages/astra_camera_msgs/msg/__init__.py
[2.514s] -- Up-to-date: /Pav-S_ws/install/astra_camera_msgs/local/lib/python3.10/dist-packages/astra_camera_msgs/msg/_extrinsics.py
[2.514s] -- Up-to-date: /Pav-S_ws/install/astra_camera_msgs/local/lib/python3.10/dist-packages/astra_camera_msgs/astra_camera_msgs_s__rosidl_typesupport_fastrtps_c.cpython-310-aarch64-linux-gnu.so
[2.514s] -- Up-to-date: /Pav-S_ws/install/astra_camera_msgs/local/lib/python3.10/dist-packages/astra_camera_msgs/__init__.py
[2.515s] -- Up-to-date: /Pav-S_ws/install/astra_camera_msgs/local/lib/python3.10/dist-packages/astra_camera_msgs/astra_camera_msgs_s__rosidl_typesupport_introspection_c.cpython-310-aarch64-linux-gnu.so
[2.579s] Listing '/Pav-S_ws/install/astra_camera_msgs/local/lib/python3.10/dist-packages/astra_camera_msgs'...
[2.579s] Listing '/Pav-S_ws/install/astra_camera_msgs/local/lib/python3.10/dist-packages/astra_camera_msgs/msg'...
[2.579s] Listing '/Pav-S_ws/install/astra_camera_msgs/local/lib/python3.10/dist-packages/astra_camera_msgs/srv'...
[2.581s] -- Up-to-date: /Pav-S_ws/install/astra_camera_msgs/local/lib/python3.10/dist-packages/astra_camera_msgs/astra_camera_msgs_s__rosidl_typesupport_fastrtps_c.cpython-310-aarch64-linux-gnu.so
[2.594s] -- Up-to-date: /Pav-S_ws/install/astra_camera_msgs/local/lib/python3.10/dist-packages/astra_camera_msgs/astra_camera_msgs_s__rosidl_typesupport_introspection_c.cpython-310-aarch64-linux-gnu.so
[2.598s] -- Up-to-date: /Pav-S_ws/install/astra_camera_msgs/local/lib/python3.10/dist-packages/astra_camera_msgs/astra_camera_msgs_s__rosidl_typesupport_c.cpython-310-aarch64-linux-gnu.so
[2.598s] -- Up-to-date: /Pav-S_ws/install/astra_camera_msgs/lib/libastra_camera_msgs__rosidl_generator_py.so
[2.603s] -- Up-to-date: /Pav-S_ws/install/astra_camera_msgs/share/astra_camera_msgs/msg/DeviceInfo.idl
[2.603s] -- Up-to-date: /Pav-S_ws/install/astra_camera_msgs/share/astra_camera_msgs/msg/Extrinsics.idl
[2.603s] -- Up-to-date: /Pav-S_ws/install/astra_camera_msgs/share/astra_camera_msgs/msg/Metadata.idl
[2.604s] -- Up-to-date: /Pav-S_ws/install/astra_camera_msgs/share/astra_camera_msgs/srv/GetDeviceInfo.idl
[2.604s] -- Up-to-date: /Pav-S_ws/install/astra_camera_msgs/share/astra_camera_msgs/srv/GetCameraInfo.idl
[2.604s] -- Up-to-date: /Pav-S_ws/install/astra_camera_msgs/share/astra_camera_msgs/srv/GetCameraParams.idl
[2.605s] -- Up-to-date: /Pav-S_ws/install/astra_camera_msgs/share/astra_camera_msgs/srv/GetInt32.idl
[2.605s] -- Up-to-date: /Pav-S_ws/install/astra_camera_msgs/share/astra_camera_msgs/srv/GetString.idl
[2.607s] -- Up-to-date: /Pav-S_ws/install/astra_camera_msgs/share/astra_camera_msgs/srv/SetInt32.idl
[2.607s] -- Up-to-date: /Pav-S_ws/install/astra_camera_msgs/share/astra_camera_msgs/msg/DeviceInfo.msg
[2.608s] -- Up-to-date: /Pav-S_ws/install/astra_camera_msgs/share/astra_camera_msgs/msg/Extrinsics.msg
[2.608s] -- Up-to-date: /Pav-S_ws/install/astra_camera_msgs/share/astra_camera_msgs/msg/Metadata.msg
[2.608s] -- Up-to-date: /Pav-S_ws/install/astra_camera_msgs/share/astra_camera_msgs/srv/GetDeviceInfo.srv
[2.609s] -- Up-to-date: /Pav-S_ws/install/astra_camera_msgs/share/astra_camera_msgs/srv/GetDeviceInfo_Request.msg
[2.609s] -- Up-to-date: /Pav-S_ws/install/astra_camera_msgs/share/astra_camera_msgs/srv/GetDeviceInfo_Response.msg
[2.650s] -- Up-to-date: /Pav-S_ws/install/astra_camera_msgs/share/astra_camera_msgs/srv/GetCameraInfo.srv
[2.652s] -- Up-to-date: /Pav-S_ws/install/astra_camera_msgs/share/astra_camera_msgs/srv/GetCameraInfo_Request.msg
[2.652s] -- Up-to-date: /Pav-S_ws/install/astra_camera_msgs/share/astra_camera_msgs/srv/GetCameraInfo_Response.msg
[2.652s] -- Up-to-date: /Pav-S_ws/install/astra_camera_msgs/share/astra_camera_msgs/srv/GetCameraParams.srv
[2.652s] -- Up-to-date: /Pav-S_ws/install/astra_camera_msgs/share/astra_camera_msgs/srv/GetCameraParams_Request.msg
[2.652s] -- Up-to-date: /Pav-S_ws/install/astra_camera_msgs/share/astra_camera_msgs/srv/GetCameraParams_Response.msg
[2.652s] -- Up-to-date: /Pav-S_ws/install/astra_camera_msgs/share/astra_camera_msgs/srv/GetInt32.srv
[2.653s] -- Up-to-date: /Pav-S_ws/install/astra_camera_msgs/share/astra_camera_msgs/srv/GetInt32_Request.msg
[2.660s] -- Up-to-date: /Pav-S_ws/install/astra_camera_msgs/share/astra_camera_msgs/srv/GetInt32_Response.msg
[2.661s] -- Up-to-date: /Pav-S_ws/install/astra_camera_msgs/share/astra_camera_msgs/srv/GetString.srv
[2.661s] -- Up-to-date: /Pav-S_ws/install/astra_camera_msgs/share/astra_camera_msgs/srv/GetString_Request.msg
[2.661s] -- Up-to-date: /Pav-S_ws/install/astra_camera_msgs/share/astra_camera_msgs/srv/GetString_Response.msg
[2.662s] -- Up-to-date: /Pav-S_ws/install/astra_camera_msgs/share/astra_camera_msgs/srv/SetInt32.srv
[2.662s] -- Up-to-date: /Pav-S_ws/install/astra_camera_msgs/share/astra_camera_msgs/srv/SetInt32_Request.msg
[2.663s] -- Up-to-date: /Pav-S_ws/install/astra_camera_msgs/share/astra_camera_msgs/srv/SetInt32_Response.msg
[2.663s] -- Up-to-date: /Pav-S_ws/install/astra_camera_msgs/share/ament_index/resource_index/package_run_dependencies/astra_camera_msgs
[2.664s] -- Up-to-date: /Pav-S_ws/install/astra_camera_msgs/share/ament_index/resource_index/parent_prefix_path/astra_camera_msgs
[2.664s] -- Up-to-date: /Pav-S_ws/install/astra_camera_msgs/share/astra_camera_msgs/environment/ament_prefix_path.sh
[2.664s] -- Up-to-date: /Pav-S_ws/install/astra_camera_msgs/share/astra_camera_msgs/environment/ament_prefix_path.dsv
[2.664s] -- Up-to-date: /Pav-S_ws/install/astra_camera_msgs/share/astra_camera_msgs/environment/path.sh
[2.664s] -- Up-to-date: /Pav-S_ws/install/astra_camera_msgs/share/astra_camera_msgs/environment/path.dsv
[2.665s] -- Up-to-date: /Pav-S_ws/install/astra_camera_msgs/share/astra_camera_msgs/local_setup.bash
[2.665s] -- Up-to-date: /Pav-S_ws/install/astra_camera_msgs/share/astra_camera_msgs/local_setup.sh
[2.665s] -- Up-to-date: /Pav-S_ws/install/astra_camera_msgs/share/astra_camera_msgs/local_setup.zsh
[2.665s] -- Up-to-date: /Pav-S_ws/install/astra_camera_msgs/share/astra_camera_msgs/local_setup.dsv
[2.665s] -- Installing: /Pav-S_ws/install/astra_camera_msgs/share/astra_camera_msgs/package.dsv
[2.665s] -- Up-to-date: /Pav-S_ws/install/astra_camera_msgs/share/ament_index/resource_index/packages/astra_camera_msgs
[2.665s] -- Up-to-date: /Pav-S_ws/install/astra_camera_msgs/share/astra_camera_msgs/cmake/export_astra_camera_msgs__rosidl_generator_cExport.cmake
[2.665s] -- Up-to-date: /Pav-S_ws/install/astra_camera_msgs/share/astra_camera_msgs/cmake/export_astra_camera_msgs__rosidl_generator_cExport-release.cmake
[2.666s] -- Up-to-date: /Pav-S_ws/install/astra_camera_msgs/share/astra_camera_msgs/cmake/export_astra_camera_msgs__rosidl_typesupport_fastrtps_cExport.cmake
[2.666s] -- Up-to-date: /Pav-S_ws/install/astra_camera_msgs/share/astra_camera_msgs/cmake/export_astra_camera_msgs__rosidl_typesupport_fastrtps_cExport-release.cmake
[2.666s] -- Up-to-date: /Pav-S_ws/install/astra_camera_msgs/share/astra_camera_msgs/cmake/astra_camera_msgs__rosidl_typesupport_introspection_cExport.cmake
[2.666s] -- Up-to-date: /Pav-S_ws/install/astra_camera_msgs/share/astra_camera_msgs/cmake/astra_camera_msgs__rosidl_typesupport_introspection_cExport-release.cmake
[2.666s] -- Up-to-date: /Pav-S_ws/install/astra_camera_msgs/share/astra_camera_msgs/cmake/astra_camera_msgs__rosidl_typesupport_cExport.cmake
[2.666s] -- Up-to-date: /Pav-S_ws/install/astra_camera_msgs/share/astra_camera_msgs/cmake/astra_camera_msgs__rosidl_typesupport_cExport-release.cmake
[2.676s] -- Up-to-date: /Pav-S_ws/install/astra_camera_msgs/share/astra_camera_msgs/cmake/export_astra_camera_msgs__rosidl_generator_cppExport.cmake
[2.676s] -- Up-to-date: /Pav-S_ws/install/astra_camera_msgs/share/astra_camera_msgs/cmake/export_astra_camera_msgs__rosidl_typesupport_fastrtps_cppExport.cmake
[2.676s] -- Up-to-date: /Pav-S_ws/install/astra_camera_msgs/share/astra_camera_msgs/cmake/export_astra_camera_msgs__rosidl_typesupport_fastrtps_cppExport-release.cmake
[2.676s] -- Up-to-date: /Pav-S_ws/install/astra_camera_msgs/share/astra_camera_msgs/cmake/astra_camera_msgs__rosidl_typesupport_introspection_cppExport.cmake
[2.676s] -- Up-to-date: /Pav-S_ws/install/astra_camera_msgs/share/astra_camera_msgs/cmake/astra_camera_msgs__rosidl_typesupport_introspection_cppExport-release.cmake
[2.676s] -- Up-to-date: /Pav-S_ws/install/astra_camera_msgs/share/astra_camera_msgs/cmake/astra_camera_msgs__rosidl_typesupport_cppExport.cmake
[2.676s] -- Up-to-date: /Pav-S_ws/install/astra_camera_msgs/share/astra_camera_msgs/cmake/astra_camera_msgs__rosidl_typesupport_cppExport-release.cmake
[2.677s] -- Up-to-date: /Pav-S_ws/install/astra_camera_msgs/share/astra_camera_msgs/cmake/export_astra_camera_msgs__rosidl_generator_pyExport.cmake
[2.677s] -- Up-to-date: /Pav-S_ws/install/astra_camera_msgs/share/astra_camera_msgs/cmake/export_astra_camera_msgs__rosidl_generator_pyExport-release.cmake
[2.677s] -- Up-to-date: /Pav-S_ws/install/astra_camera_msgs/share/astra_camera_msgs/cmake/rosidl_cmake-extras.cmake
[2.677s] -- Up-to-date: /Pav-S_ws/install/astra_camera_msgs/share/astra_camera_msgs/cmake/ament_cmake_export_dependencies-extras.cmake
[2.677s] -- Up-to-date: /Pav-S_ws/install/astra_camera_msgs/share/astra_camera_msgs/cmake/ament_cmake_export_include_directories-extras.cmake
[2.677s] -- Up-to-date: /Pav-S_ws/install/astra_camera_msgs/share/astra_camera_msgs/cmake/ament_cmake_export_libraries-extras.cmake
[2.677s] -- Up-to-date: /Pav-S_ws/install/astra_camera_msgs/share/astra_camera_msgs/cmake/ament_cmake_export_targets-extras.cmake
[2.677s] -- Up-to-date: /Pav-S_ws/install/astra_camera_msgs/share/astra_camera_msgs/cmake/rosidl_cmake_export_typesupport_targets-extras.cmake
[2.677s] -- Up-to-date: /Pav-S_ws/install/astra_camera_msgs/share/astra_camera_msgs/cmake/rosidl_cmake_export_typesupport_libraries-extras.cmake
[2.688s] -- Up-to-date: /Pav-S_ws/install/astra_camera_msgs/share/astra_camera_msgs/cmake/astra_camera_msgsConfig.cmake
[2.688s] -- Up-to-date: /Pav-S_ws/install/astra_camera_msgs/share/astra_camera_msgs/cmake/astra_camera_msgsConfig-version.cmake
[2.688s] -- Up-to-date: /Pav-S_ws/install/astra_camera_msgs/share/astra_camera_msgs/package.xml
[2.693s] Invoked command in '/Pav-S_ws/build/astra_camera_msgs' returned '0': CMAKE_PREFIX_PATH=${CMAKE_PREFIX_PATH}:/Pav-S_ws/install/yolo_detector:/Pav-S_ws/install/yolov5_lib:/Pav-S_ws/install/nav2_simple_commander:/opt/ros/humble /usr/bin/cmake --install /Pav-S_ws/build/astra_camera_msgs
