[0.042s] Invoking command in '/Pav-S_ws/build/nav2_voxel_grid': CMAKE_PREFIX_PATH=/Pav-S_ws/install/nav2_common:/ws_livox/install/pointcloud_to_laserscan:/ws_livox/install/livox_ros_driver2:/Pav-S_ws/install/wheeltec_robot_urdf:/Pav-S_ws/install/turn_on_wheeltec_robot:/Pav-S_ws/install/wheeltec_robot_msg:/Pav-S_ws/install/usb_cam:/Pav-S_ws/install/serial:/Pav-S_ws/install/robot_kcf:/Pav-S_ws/install/dwb_msgs:/Pav-S_ws/install/nav_2d_msgs:/Pav-S_ws/install/nav2_voxel_grid:/Pav-S_ws/install/nav2_util:/Pav-S_ws/install/nav2_msgs:/Pav-S_ws/install/libuvc:/Pav-S_ws/install/fast_lio:/Pav-S_ws/install/astra_camera:/Pav-S_ws/install/astra_camera_msgs:/Pav-S_ws/install/yolo_detector:/Pav-S_ws/install/yolov5_lib:/Pav-S_ws/install/nav2_simple_commander:/opt/ros/humble /usr/bin/cmake --build /Pav-S_ws/build/nav2_voxel_grid -- -j6 -l6
[1.657s] -- Found ament_cmake: 1.3.12 (/opt/ros/humble/share/ament_cmake/cmake)
[1.657s] -- Found nav2_common: 1.1.18 (/Pav-S_ws/install/nav2_common/share/nav2_common/cmake)
[1.657s] -- Found rclcpp: 16.0.15 (/opt/ros/humble/share/rclcpp/cmake)
[1.657s] -- Found rosidl_generator_c: 3.1.7 (/opt/ros/humble/share/rosidl_generator_c/cmake)
[1.658s] -- Found rosidl_adapter: 3.1.7 (/opt/ros/humble/share/rosidl_adapter/cmake)
[1.658s] -- Found rosidl_generator_cpp: 3.1.7 (/opt/ros/humble/share/rosidl_generator_cpp/cmake)
[1.658s] -- Using all available rosidl_typesupport_c: rosidl_typesupport_fastrtps_c;rosidl_typesupport_introspection_c
[1.658s] -- Using all available rosidl_typesupport_cpp: rosidl_typesupport_fastrtps_cpp;rosidl_typesupport_introspection_cpp
[1.658s] -- Found rmw_implementation_cmake: 6.1.2 (/opt/ros/humble/share/rmw_implementation_cmake/cmake)
[1.658s] -- Found rmw_fastrtps_cpp: 6.2.8 (/opt/ros/humble/share/rmw_fastrtps_cpp/cmake)
[1.658s] -- Using RMW implementation 'rmw_fastrtps_cpp' as default
[1.659s] -- Found ament_lint_auto: 0.12.14 (/opt/ros/humble/share/ament_lint_auto/cmake)
[1.659s] -- Found gtest sources under '/opt/ros/humble/src/gtest_vendor': C++ tests using 'Google Test' will be built
[1.659s] -- Added test 'cppcheck' to perform static code analysis on C / C++ code
[1.659s] -- Configured cppcheck include dirs: /Pav-S_ws/src/navigation2-humble/nav2_voxel_grid/include
[1.659s] -- Configured cppcheck exclude dirs and/or files: 
[1.659s] -- Added test 'cpplint' to check C / C++ code against the Google style
[1.659s] -- Configured cpplint exclude dirs and/or files: 
[1.660s] -- Added test 'lint_cmake' to check CMake code style
[1.660s] -- Added test 'uncrustify' to check C / C++ code style
[1.660s] -- Configured uncrustify additional arguments: 
[1.660s] -- Added test 'xmllint' to check XML markup files
[1.660s] -- Configuring done
[1.660s] -- Generating done
[1.660s] -- Build files have been written to: /Pav-S_ws/build/nav2_voxel_grid
[1.679s] [35m[1mConsolidate compiler generated dependencies of target voxel_grid[0m
[1.685s] [35m[1mConsolidate compiler generated dependencies of target gtest[0m
[1.695s] [35m[1mConsolidate compiler generated dependencies of target gtest_main[0m
[1.721s] [ 20%] Built target voxel_grid
[1.741s] [ 40%] Built target gtest_main
[1.749s] [ 60%] Built target gtest
[1.801s] [35m[1mConsolidate compiler generated dependencies of target voxel_grid_tests[0m
[1.830s] [35m[1mConsolidate compiler generated dependencies of target voxel_grid_bresenham_3d[0m
[1.862s] [ 80%] Built target voxel_grid_tests
[1.900s] [100%] Built target voxel_grid_bresenham_3d
[1.954s] Invoked command in '/Pav-S_ws/build/nav2_voxel_grid' returned '0': CMAKE_PREFIX_PATH=/Pav-S_ws/install/nav2_common:/ws_livox/install/pointcloud_to_laserscan:/ws_livox/install/livox_ros_driver2:/Pav-S_ws/install/wheeltec_robot_urdf:/Pav-S_ws/install/turn_on_wheeltec_robot:/Pav-S_ws/install/wheeltec_robot_msg:/Pav-S_ws/install/usb_cam:/Pav-S_ws/install/serial:/Pav-S_ws/install/robot_kcf:/Pav-S_ws/install/dwb_msgs:/Pav-S_ws/install/nav_2d_msgs:/Pav-S_ws/install/nav2_voxel_grid:/Pav-S_ws/install/nav2_util:/Pav-S_ws/install/nav2_msgs:/Pav-S_ws/install/libuvc:/Pav-S_ws/install/fast_lio:/Pav-S_ws/install/astra_camera:/Pav-S_ws/install/astra_camera_msgs:/Pav-S_ws/install/yolo_detector:/Pav-S_ws/install/yolov5_lib:/Pav-S_ws/install/nav2_simple_commander:/opt/ros/humble /usr/bin/cmake --build /Pav-S_ws/build/nav2_voxel_grid -- -j6 -l6
[1.955s] Invoking command in '/Pav-S_ws/build/nav2_voxel_grid': CMAKE_PREFIX_PATH=/Pav-S_ws/install/nav2_common:/ws_livox/install/pointcloud_to_laserscan:/ws_livox/install/livox_ros_driver2:/Pav-S_ws/install/wheeltec_robot_urdf:/Pav-S_ws/install/turn_on_wheeltec_robot:/Pav-S_ws/install/wheeltec_robot_msg:/Pav-S_ws/install/usb_cam:/Pav-S_ws/install/serial:/Pav-S_ws/install/robot_kcf:/Pav-S_ws/install/dwb_msgs:/Pav-S_ws/install/nav_2d_msgs:/Pav-S_ws/install/nav2_voxel_grid:/Pav-S_ws/install/nav2_util:/Pav-S_ws/install/nav2_msgs:/Pav-S_ws/install/libuvc:/Pav-S_ws/install/fast_lio:/Pav-S_ws/install/astra_camera:/Pav-S_ws/install/astra_camera_msgs:/Pav-S_ws/install/yolo_detector:/Pav-S_ws/install/yolov5_lib:/Pav-S_ws/install/nav2_simple_commander:/opt/ros/humble /usr/bin/cmake --install /Pav-S_ws/build/nav2_voxel_grid
[1.984s] -- Install configuration: "Release"
[1.985s] -- Up-to-date: /Pav-S_ws/install/nav2_voxel_grid/lib/libvoxel_grid.so
[1.985s] -- Up-to-date: /Pav-S_ws/install/nav2_voxel_grid/include
[1.985s] -- Up-to-date: /Pav-S_ws/install/nav2_voxel_grid/include/nav2_voxel_grid
[1.985s] -- Up-to-date: /Pav-S_ws/install/nav2_voxel_grid/include/nav2_voxel_grid/voxel_grid.hpp
[1.985s] -- Up-to-date: /Pav-S_ws/install/nav2_voxel_grid/share/nav2_voxel_grid/environment/library_path.sh
[1.985s] -- Installing: /Pav-S_ws/install/nav2_voxel_grid/share/nav2_voxel_grid/environment/library_path.dsv
[1.985s] -- Up-to-date: /Pav-S_ws/install/nav2_voxel_grid/share/ament_index/resource_index/package_run_dependencies/nav2_voxel_grid
[2.003s] -- Up-to-date: /Pav-S_ws/install/nav2_voxel_grid/share/ament_index/resource_index/parent_prefix_path/nav2_voxel_grid
[2.004s] -- Up-to-date: /Pav-S_ws/install/nav2_voxel_grid/share/nav2_voxel_grid/environment/ament_prefix_path.sh
[2.004s] -- Installing: /Pav-S_ws/install/nav2_voxel_grid/share/nav2_voxel_grid/environment/ament_prefix_path.dsv
[2.004s] -- Up-to-date: /Pav-S_ws/install/nav2_voxel_grid/share/nav2_voxel_grid/environment/path.sh
[2.004s] -- Installing: /Pav-S_ws/install/nav2_voxel_grid/share/nav2_voxel_grid/environment/path.dsv
[2.004s] -- Up-to-date: /Pav-S_ws/install/nav2_voxel_grid/share/nav2_voxel_grid/local_setup.bash
[2.005s] -- Up-to-date: /Pav-S_ws/install/nav2_voxel_grid/share/nav2_voxel_grid/local_setup.sh
[2.005s] -- Up-to-date: /Pav-S_ws/install/nav2_voxel_grid/share/nav2_voxel_grid/local_setup.zsh
[2.005s] -- Installing: /Pav-S_ws/install/nav2_voxel_grid/share/nav2_voxel_grid/local_setup.dsv
[2.005s] -- Installing: /Pav-S_ws/install/nav2_voxel_grid/share/nav2_voxel_grid/package.dsv
[2.005s] -- Up-to-date: /Pav-S_ws/install/nav2_voxel_grid/share/ament_index/resource_index/packages/nav2_voxel_grid
[2.005s] -- Up-to-date: /Pav-S_ws/install/nav2_voxel_grid/share/nav2_voxel_grid/cmake/ament_cmake_export_dependencies-extras.cmake
[2.005s] -- Up-to-date: /Pav-S_ws/install/nav2_voxel_grid/share/nav2_voxel_grid/cmake/ament_cmake_export_include_directories-extras.cmake
[2.005s] -- Up-to-date: /Pav-S_ws/install/nav2_voxel_grid/share/nav2_voxel_grid/cmake/ament_cmake_export_libraries-extras.cmake
[2.006s] -- Up-to-date: /Pav-S_ws/install/nav2_voxel_grid/share/nav2_voxel_grid/cmake/nav2_voxel_gridConfig.cmake
[2.006s] -- Up-to-date: /Pav-S_ws/install/nav2_voxel_grid/share/nav2_voxel_grid/cmake/nav2_voxel_gridConfig-version.cmake
[2.006s] -- Up-to-date: /Pav-S_ws/install/nav2_voxel_grid/share/nav2_voxel_grid/package.xml
[2.081s] Invoked command in '/Pav-S_ws/build/nav2_voxel_grid' returned '0': CMAKE_PREFIX_PATH=/Pav-S_ws/install/nav2_common:/ws_livox/install/pointcloud_to_laserscan:/ws_livox/install/livox_ros_driver2:/Pav-S_ws/install/wheeltec_robot_urdf:/Pav-S_ws/install/turn_on_wheeltec_robot:/Pav-S_ws/install/wheeltec_robot_msg:/Pav-S_ws/install/usb_cam:/Pav-S_ws/install/serial:/Pav-S_ws/install/robot_kcf:/Pav-S_ws/install/dwb_msgs:/Pav-S_ws/install/nav_2d_msgs:/Pav-S_ws/install/nav2_voxel_grid:/Pav-S_ws/install/nav2_util:/Pav-S_ws/install/nav2_msgs:/Pav-S_ws/install/libuvc:/Pav-S_ws/install/fast_lio:/Pav-S_ws/install/astra_camera:/Pav-S_ws/install/astra_camera_msgs:/Pav-S_ws/install/yolo_detector:/Pav-S_ws/install/yolov5_lib:/Pav-S_ws/install/nav2_simple_commander:/opt/ros/humble /usr/bin/cmake --install /Pav-S_ws/build/nav2_voxel_grid
