[1.911s] Invoking command in '/Pav-S_ws/src/yolo_detector': AMENT_PREFIX_PATH=/Pav-S_ws/install/yolov5_lib:/ws_livox/install/pointcloud_to_laserscan:/ws_livox/install/livox_ros_driver2:/Pav-S_ws/install/yolo_detector:/Pav-S_ws/install/wheeltec_robot_urdf:/Pav-S_ws/install/turn_on_wheeltec_robot:/Pav-S_ws/install/wheeltec_robot_msg:/Pav-S_ws/install/usb_cam:/Pav-S_ws/install/serial:/Pav-S_ws/install/robot_kcf:/Pav-S_ws/install/dwb_msgs:/Pav-S_ws/install/nav_2d_msgs:/Pav-S_ws/install/nav2_voxel_grid:/Pav-S_ws/install/nav2_util:/Pav-S_ws/install/nav2_simple_commander:/Pav-S_ws/install/nav2_msgs:/Pav-S_ws/install/nav2_common:/Pav-S_ws/install/fast_lio:/Pav-S_ws/install/astra_camera:/Pav-S_ws/install/astra_camera_msgs:/opt/ros/humble PYTHONPATH=/Pav-S_ws/build/yolo_detector/prefix_override:/usr/lib/python3/dist-packages/colcon_core/task/python/colcon_distutils_commands:/Pav-S_ws/install/yolo_detector/lib/python3.10/site-packages:/Pav-S_ws/install/yolov5_lib/lib/python3.10/site-packages:/ws_livox/install/livox_ros_driver2/local/lib/python3.10/dist-packages:/Pav-S_ws/install/yolo_detector/lib/python3.10/site-packages:/Pav-S_ws/install/turn_on_wheeltec_robot/local/lib/python3.10/dist-packages:/Pav-S_ws/install/wheeltec_robot_msg/local/lib/python3.10/dist-packages:/Pav-S_ws/install/dwb_msgs/local/lib/python3.10/dist-packages:/Pav-S_ws/install/nav_2d_msgs/local/lib/python3.10/dist-packages:/Pav-S_ws/install/nav2_simple_commander/lib/python3.10/site-packages:/Pav-S_ws/install/nav2_msgs/local/lib/python3.10/dist-packages:/Pav-S_ws/install/nav2_common/local/lib/python3.10/dist-packages:/Pav-S_ws/install/fast_lio/local/lib/python3.10/dist-packages:/Pav-S_ws/install/astra_camera_msgs/local/lib/python3.10/dist-packages:/opt/ros/humble/lib/python3.10/site-packages:/opt/ros/humble/local/lib/python3.10/dist-packages /usr/bin/python3 -W ignore:setup.py install is deprecated -W ignore:easy_install command is deprecated setup.py egg_info --egg-base ../../build/yolo_detector build --build-base /Pav-S_ws/build/yolo_detector/build install --record /Pav-S_ws/build/yolo_detector/install.log --single-version-externally-managed install_data
[2.603s] running egg_info
[2.605s] writing ../../build/yolo_detector/yolo_detector.egg-info/PKG-INFO
[2.605s] writing dependency_links to ../../build/yolo_detector/yolo_detector.egg-info/dependency_links.txt
[2.606s] writing entry points to ../../build/yolo_detector/yolo_detector.egg-info/entry_points.txt
[2.607s] writing requirements to ../../build/yolo_detector/yolo_detector.egg-info/requires.txt
[2.607s] writing top-level names to ../../build/yolo_detector/yolo_detector.egg-info/top_level.txt
[2.613s] reading manifest file '../../build/yolo_detector/yolo_detector.egg-info/SOURCES.txt'
[2.615s] writing manifest file '../../build/yolo_detector/yolo_detector.egg-info/SOURCES.txt'
[2.615s] running build
[2.615s] running build_py
[2.617s] running install
[2.618s] running install_lib
[2.622s] running install_data
[2.623s] running install_egg_info
[2.628s] removing '/Pav-S_ws/install/yolo_detector/lib/python3.10/site-packages/yolo_detector-0.0.0-py3.10.egg-info' (and everything under it)
[2.629s] Copying ../../build/yolo_detector/yolo_detector.egg-info to /Pav-S_ws/install/yolo_detector/lib/python3.10/site-packages/yolo_detector-0.0.0-py3.10.egg-info
[2.631s] running install_scripts
[2.681s] Installing cmd_vel_limiter script to /Pav-S_ws/install/yolo_detector/lib/yolo_detector
[2.681s] Installing yolo_node script to /Pav-S_ws/install/yolo_detector/lib/yolo_detector
[2.682s] writing list of installed files to '/Pav-S_ws/build/yolo_detector/install.log'
[2.991s] Invoked command in '/Pav-S_ws/src/yolo_detector' returned '0': AMENT_PREFIX_PATH=/Pav-S_ws/install/yolov5_lib:/ws_livox/install/pointcloud_to_laserscan:/ws_livox/install/livox_ros_driver2:/Pav-S_ws/install/yolo_detector:/Pav-S_ws/install/wheeltec_robot_urdf:/Pav-S_ws/install/turn_on_wheeltec_robot:/Pav-S_ws/install/wheeltec_robot_msg:/Pav-S_ws/install/usb_cam:/Pav-S_ws/install/serial:/Pav-S_ws/install/robot_kcf:/Pav-S_ws/install/dwb_msgs:/Pav-S_ws/install/nav_2d_msgs:/Pav-S_ws/install/nav2_voxel_grid:/Pav-S_ws/install/nav2_util:/Pav-S_ws/install/nav2_simple_commander:/Pav-S_ws/install/nav2_msgs:/Pav-S_ws/install/nav2_common:/Pav-S_ws/install/fast_lio:/Pav-S_ws/install/astra_camera:/Pav-S_ws/install/astra_camera_msgs:/opt/ros/humble PYTHONPATH=/Pav-S_ws/build/yolo_detector/prefix_override:/usr/lib/python3/dist-packages/colcon_core/task/python/colcon_distutils_commands:/Pav-S_ws/install/yolo_detector/lib/python3.10/site-packages:/Pav-S_ws/install/yolov5_lib/lib/python3.10/site-packages:/ws_livox/install/livox_ros_driver2/local/lib/python3.10/dist-packages:/Pav-S_ws/install/yolo_detector/lib/python3.10/site-packages:/Pav-S_ws/install/turn_on_wheeltec_robot/local/lib/python3.10/dist-packages:/Pav-S_ws/install/wheeltec_robot_msg/local/lib/python3.10/dist-packages:/Pav-S_ws/install/dwb_msgs/local/lib/python3.10/dist-packages:/Pav-S_ws/install/nav_2d_msgs/local/lib/python3.10/dist-packages:/Pav-S_ws/install/nav2_simple_commander/lib/python3.10/site-packages:/Pav-S_ws/install/nav2_msgs/local/lib/python3.10/dist-packages:/Pav-S_ws/install/nav2_common/local/lib/python3.10/dist-packages:/Pav-S_ws/install/fast_lio/local/lib/python3.10/dist-packages:/Pav-S_ws/install/astra_camera_msgs/local/lib/python3.10/dist-packages:/opt/ros/humble/lib/python3.10/site-packages:/opt/ros/humble/local/lib/python3.10/dist-packages /usr/bin/python3 -W ignore:setup.py install is deprecated -W ignore:easy_install command is deprecated setup.py egg_info --egg-base ../../build/yolo_detector build --build-base /Pav-S_ws/build/yolo_detector/build install --record /Pav-S_ws/build/yolo_detector/install.log --single-version-externally-managed install_data
