[0.092s] Invoking command in '/Pav-S_ws/build/robot_kcf': CMAKE_PREFIX_PATH=${CMAKE_PREFIX_PATH}:/Pav-S_ws/install/yolo_detector:/Pav-S_ws/install/yolov5_lib:/Pav-S_ws/install/nav2_simple_commander:/opt/ros/humble /usr/bin/cmake /Pav-S_ws/src/robot_kcf -DCMAKE_BUILD_TYPE=Release -DCMAKE_INSTALL_PREFIX=/Pav-S_ws/install/robot_kcf
[0.525s] -- The C compiler identification is GNU 11.4.0
[0.612s] -- The CXX compiler identification is GNU 11.4.0
[0.664s] -- Detecting C compiler ABI info
[1.062s] -- Detecting C compiler ABI info - done
[1.086s] -- Check for working C compiler: /usr/bin/cc - skipped
[1.087s] -- Detecting C compile features
[1.088s] -- Detecting C compile features - done
[1.103s] -- Detecting CXX compiler ABI info
[1.503s] -- Detecting CXX compiler ABI info - done
[1.518s] -- Check for working CXX compiler: /usr/bin/c++ - skipped
[1.518s] -- Detecting CXX compile features
[1.519s] -- Detecting CXX compile features - done
[1.536s] -- Found ament_cmake: 1.3.12 (/opt/ros/humble/share/ament_cmake/cmake)
[2.382s] -- Found Python3: /usr/bin/python3 (found version "3.10.12") found components: Interpreter 
[2.934s] -- Found geometry_msgs: 4.9.0 (/opt/ros/humble/share/geometry_msgs/cmake)
[3.196s] -- Found rosidl_generator_c: 3.1.7 (/opt/ros/humble/share/rosidl_generator_c/cmake)
[3.220s] -- Found rosidl_adapter: 3.1.7 (/opt/ros/humble/share/rosidl_adapter/cmake)
[3.275s] -- Found rosidl_generator_cpp: 3.1.7 (/opt/ros/humble/share/rosidl_generator_cpp/cmake)
[3.355s] -- Using all available rosidl_typesupport_c: rosidl_typesupport_fastrtps_c;rosidl_typesupport_introspection_c
[3.439s] -- Using all available rosidl_typesupport_cpp: rosidl_typesupport_fastrtps_cpp;rosidl_typesupport_introspection_cpp
[3.629s] -- Found sensor_msgs: 4.9.0 (/opt/ros/humble/share/sensor_msgs/cmake)
[3.719s] -- Found vision_msgs: 4.1.1 (/opt/ros/humble/share/vision_msgs/cmake)
[3.808s] -- Found rclcpp: 16.0.15 (/opt/ros/humble/share/rclcpp/cmake)
[4.013s] -- Found rmw_implementation_cmake: 6.1.2 (/opt/ros/humble/share/rmw_implementation_cmake/cmake)
[4.036s] -- Found rmw_fastrtps_cpp: 6.2.8 (/opt/ros/humble/share/rmw_fastrtps_cpp/cmake)
[4.659s] -- Found OpenSSL: /usr/lib/aarch64-linux-gnu/libcrypto.so (found version "3.0.2")  
[4.822s] -- Found FastRTPS: /opt/ros/humble/include  
[4.967s] -- Using RMW implementation 'rmw_fastrtps_cpp' as default
[5.030s] -- Looking for pthread.h
[5.320s] -- Looking for pthread.h - found
[5.321s] -- Performing Test CMAKE_HAVE_LIBC_PTHREAD
[5.686s] -- Performing Test CMAKE_HAVE_LIBC_PTHREAD - Success
[5.689s] -- Found Threads: TRUE  
[5.948s] -- Found OpenCV: /usr (found version "4.8.0") 
[5.963s] -- Found cv_bridge: 3.2.1 (/opt/ros/humble/share/cv_bridge/cmake)
[5.990s] -- Found image_transport: 3.1.12 (/opt/ros/humble/share/image_transport/cmake)
[6.205s] -- Found ament_lint_auto: 0.12.14 (/opt/ros/humble/share/ament_lint_auto/cmake)
[6.750s] -- Added test 'copyright' to check source files copyright and LICENSE
[6.780s] -- Added test 'cppcheck' to perform static code analysis on C / C++ code
[6.781s] -- Configured cppcheck include dirs: /Pav-S_ws/src/robot_kcf/include/robot_kcf
[6.781s] -- Configured cppcheck exclude dirs and/or files: 
[6.785s] -- Added test 'cpplint' to check C / C++ code against the Google style
[6.785s] -- Configured cpplint exclude dirs and/or files: 
[6.793s] -- Added test 'flake8' to check Python code syntax and style conventions
[6.796s] -- Added test 'lint_cmake' to check CMake code style
[6.803s] -- Added test 'pep257' to check Python code against some of the docstring style conventions in PEP 257
[6.808s] -- Added test 'uncrustify' to check C / C++ code style
[6.808s] -- Configured uncrustify additional arguments: 
[6.819s] -- Added test 'xmllint' to check XML markup files
[6.829s] -- Configuring done
[6.895s] -- Generating done
[6.914s] -- Build files have been written to: /Pav-S_ws/build/robot_kcf
[6.991s] Invoked command in '/Pav-S_ws/build/robot_kcf' returned '0': CMAKE_PREFIX_PATH=${CMAKE_PREFIX_PATH}:/Pav-S_ws/install/yolo_detector:/Pav-S_ws/install/yolov5_lib:/Pav-S_ws/install/nav2_simple_commander:/opt/ros/humble /usr/bin/cmake /Pav-S_ws/src/robot_kcf -DCMAKE_BUILD_TYPE=Release -DCMAKE_INSTALL_PREFIX=/Pav-S_ws/install/robot_kcf
[6.992s] Invoking command in '/Pav-S_ws/build/robot_kcf': CMAKE_PREFIX_PATH=${CMAKE_PREFIX_PATH}:/Pav-S_ws/install/yolo_detector:/Pav-S_ws/install/yolov5_lib:/Pav-S_ws/install/nav2_simple_commander:/opt/ros/humble /usr/bin/cmake --build /Pav-S_ws/build/robot_kcf -- -j6 -l6
[7.313s] [ 20%] [32mBuilding CXX object CMakeFiles/run_tracker_node.dir/src/run_tracker.cpp.o[0m
[88.142s] [ 40%] [32mBuilding CXX object CMakeFiles/run_tracker_node.dir/src/PID.cpp.o[0m
[89.128s] [ 60%] [32mBuilding CXX object CMakeFiles/run_tracker_node.dir/src/fhog.cpp.o[0m
[92.608s] [ 80%] [32mBuilding CXX object CMakeFiles/run_tracker_node.dir/src/kcftracker.cpp.o[0m
[100.081s] [100%] [32m[1mLinking CXX executable run_tracker_node[0m
[100.446s] /usr/bin/ld: warning: libopencv_imgproc.so.4.5d, needed by /opt/ros/humble/lib/libcv_bridge.so, may conflict with libopencv_imgproc.so.408
[100.448s] /usr/bin/ld: warning: libopencv_core.so.4.5d, needed by /opt/ros/humble/lib/libcv_bridge.so, may conflict with libopencv_core.so.408
[102.045s] [100%] Built target run_tracker_node
[102.200s] Invoked command in '/Pav-S_ws/build/robot_kcf' returned '0': CMAKE_PREFIX_PATH=${CMAKE_PREFIX_PATH}:/Pav-S_ws/install/yolo_detector:/Pav-S_ws/install/yolov5_lib:/Pav-S_ws/install/nav2_simple_commander:/opt/ros/humble /usr/bin/cmake --build /Pav-S_ws/build/robot_kcf -- -j6 -l6
[102.236s] Invoking command in '/Pav-S_ws/build/robot_kcf': CMAKE_PREFIX_PATH=${CMAKE_PREFIX_PATH}:/Pav-S_ws/install/yolo_detector:/Pav-S_ws/install/yolov5_lib:/Pav-S_ws/install/nav2_simple_commander:/opt/ros/humble /usr/bin/cmake --install /Pav-S_ws/build/robot_kcf
[102.282s] -- Install configuration: "Release"
[102.282s] -- Installing: /Pav-S_ws/install/robot_kcf/lib/robot_kcf/run_tracker_node
[102.282s] -- Set runtime path of "/Pav-S_ws/install/robot_kcf/lib/robot_kcf/run_tracker_node" to ""
[102.282s] -- Installing: /Pav-S_ws/install/robot_kcf/share/robot_kcf/launch
[102.283s] -- Installing: /Pav-S_ws/install/robot_kcf/share/robot_kcf/launch/robot_kcf.launch.py
[102.283s] -- Installing: /Pav-S_ws/install/robot_kcf/share/ament_index/resource_index/package_run_dependencies/robot_kcf
[102.283s] -- Installing: /Pav-S_ws/install/robot_kcf/share/ament_index/resource_index/parent_prefix_path/robot_kcf
[102.283s] -- Installing: /Pav-S_ws/install/robot_kcf/share/robot_kcf/environment/ament_prefix_path.sh
[102.283s] -- Installing: /Pav-S_ws/install/robot_kcf/share/robot_kcf/environment/ament_prefix_path.dsv
[102.283s] -- Installing: /Pav-S_ws/install/robot_kcf/share/robot_kcf/environment/path.sh
[102.283s] -- Installing: /Pav-S_ws/install/robot_kcf/share/robot_kcf/environment/path.dsv
[102.283s] -- Installing: /Pav-S_ws/install/robot_kcf/share/robot_kcf/local_setup.bash
[102.284s] -- Installing: /Pav-S_ws/install/robot_kcf/share/robot_kcf/local_setup.sh
[102.284s] -- Installing: /Pav-S_ws/install/robot_kcf/share/robot_kcf/local_setup.zsh
[102.284s] -- Installing: /Pav-S_ws/install/robot_kcf/share/robot_kcf/local_setup.dsv
[102.285s] -- Installing: /Pav-S_ws/install/robot_kcf/share/robot_kcf/package.dsv
[102.287s] -- Installing: /Pav-S_ws/install/robot_kcf/share/ament_index/resource_index/packages/robot_kcf
[102.289s] -- Installing: /Pav-S_ws/install/robot_kcf/share/robot_kcf/cmake/robot_kcfConfig.cmake
[102.290s] -- Installing: /Pav-S_ws/install/robot_kcf/share/robot_kcf/cmake/robot_kcfConfig-version.cmake
[102.293s] -- Installing: /Pav-S_ws/install/robot_kcf/share/robot_kcf/package.xml
[102.313s] Invoked command in '/Pav-S_ws/build/robot_kcf' returned '0': CMAKE_PREFIX_PATH=${CMAKE_PREFIX_PATH}:/Pav-S_ws/install/yolo_detector:/Pav-S_ws/install/yolov5_lib:/Pav-S_ws/install/nav2_simple_commander:/opt/ros/humble /usr/bin/cmake --install /Pav-S_ws/build/robot_kcf
