[0.162s] Invoking command in '/Pav-S_ws/build/nav_2d_msgs': CMAKE_PREFIX_PATH=${CMAKE_PREFIX_PATH}:/Pav-S_ws/install/yolo_detector:/Pav-S_ws/install/yolov5_lib:/Pav-S_ws/install/nav2_simple_commander:/opt/ros/humble /usr/bin/cmake --build /Pav-S_ws/build/nav_2d_msgs -- -j6 -l6
[0.432s] [35m[1mConsolidate compiler generated dependencies of target nav_2d_msgs__rosidl_generator_c[0m
[0.494s] [  1%] Built target nav_2d_msgs__cpp
[0.506s] [  1%] Built target ament_cmake_python_copy_nav_2d_msgs
[0.605s] [ 12%] Built target nav_2d_msgs__rosidl_generator_c
[0.634s] [35m[1mConsolidate compiler generated dependencies of target nav_2d_msgs__rosidl_typesupport_fastrtps_cpp[0m
[0.720s] [35m[1mConsolidate compiler generated dependencies of target nav_2d_msgs__rosidl_typesupport_cpp[0m
[0.788s] [35m[1mConsolidate compiler generated dependencies of target nav_2d_msgs__rosidl_typesupport_introspection_cpp[0m
[0.829s] [35m[1mConsolidate compiler generated dependencies of target nav_2d_msgs__rosidl_typesupport_fastrtps_c[0m
[0.849s] [ 23%] Built target nav_2d_msgs__rosidl_typesupport_fastrtps_cpp
[0.873s] [35m[1mConsolidate compiler generated dependencies of target nav_2d_msgs__rosidl_typesupport_introspection_c[0m
[0.902s] [ 35%] Built target nav_2d_msgs__rosidl_typesupport_cpp
[0.936s] [ 46%] Built target nav_2d_msgs__rosidl_typesupport_fastrtps_c
[0.937s] [ 57%] Built target nav_2d_msgs__rosidl_typesupport_introspection_cpp
[0.944s] [ 69%] Built target nav_2d_msgs__rosidl_typesupport_introspection_c
[0.947s] [35m[1mConsolidate compiler generated dependencies of target nav_2d_msgs__rosidl_typesupport_c[0m
[0.981s] [ 80%] Built target nav_2d_msgs__rosidl_typesupport_c
[1.233s] [ 80%] Built target nav_2d_msgs
[1.366s] [ 81%] Built target nav_2d_msgs__py
[1.466s] [35m[1mConsolidate compiler generated dependencies of target nav_2d_msgs__rosidl_generator_py[0m
[1.601s] [ 91%] Built target nav_2d_msgs__rosidl_generator_py
[1.742s] [35m[1mConsolidate compiler generated dependencies of target nav_2d_msgs__rosidl_typesupport_fastrtps_c__pyext[0m
[1.793s] [35m[1mConsolidate compiler generated dependencies of target nav_2d_msgs__rosidl_typesupport_c__pyext[0m
[1.795s] [35m[1mConsolidate compiler generated dependencies of target nav_2d_msgs__rosidl_typesupport_introspection_c__pyext[0m
[1.859s] [ 94%] Built target nav_2d_msgs__rosidl_typesupport_fastrtps_c__pyext
[1.917s] [ 97%] Built target nav_2d_msgs__rosidl_typesupport_c__pyext
[1.926s] [100%] Built target nav_2d_msgs__rosidl_typesupport_introspection_c__pyext
[2.333s] running egg_info
[2.333s] writing nav_2d_msgs.egg-info/PKG-INFO
[2.333s] writing dependency_links to nav_2d_msgs.egg-info/dependency_links.txt
[2.333s] writing top-level names to nav_2d_msgs.egg-info/top_level.txt
[2.341s] reading manifest file 'nav_2d_msgs.egg-info/SOURCES.txt'
[2.343s] writing manifest file 'nav_2d_msgs.egg-info/SOURCES.txt'
[2.434s] [100%] Built target ament_cmake_python_build_nav_2d_msgs_egg
[2.560s] Invoked command in '/Pav-S_ws/build/nav_2d_msgs' returned '0': CMAKE_PREFIX_PATH=${CMAKE_PREFIX_PATH}:/Pav-S_ws/install/yolo_detector:/Pav-S_ws/install/yolov5_lib:/Pav-S_ws/install/nav2_simple_commander:/opt/ros/humble /usr/bin/cmake --build /Pav-S_ws/build/nav_2d_msgs -- -j6 -l6
[2.561s] Invoking command in '/Pav-S_ws/build/nav_2d_msgs': CMAKE_PREFIX_PATH=${CMAKE_PREFIX_PATH}:/Pav-S_ws/install/yolo_detector:/Pav-S_ws/install/yolov5_lib:/Pav-S_ws/install/nav2_simple_commander:/opt/ros/humble /usr/bin/cmake --install /Pav-S_ws/build/nav_2d_msgs
[2.622s] -- Install configuration: "Release"
[2.623s] -- Up-to-date: /Pav-S_ws/install/nav_2d_msgs/share/ament_index/resource_index/rosidl_interfaces/nav_2d_msgs
[2.624s] -- Up-to-date: /Pav-S_ws/install/nav_2d_msgs/include/nav_2d_msgs/nav_2d_msgs
[2.624s] -- Up-to-date: /Pav-S_ws/install/nav_2d_msgs/include/nav_2d_msgs/nav_2d_msgs/msg
[2.624s] -- Up-to-date: /Pav-S_ws/install/nav_2d_msgs/include/nav_2d_msgs/nav_2d_msgs/msg/rosidl_generator_c__visibility_control.h
[2.624s] -- Up-to-date: /Pav-S_ws/install/nav_2d_msgs/include/nav_2d_msgs/nav_2d_msgs/msg/twist2_d.h
[2.624s] -- Up-to-date: /Pav-S_ws/install/nav_2d_msgs/include/nav_2d_msgs/nav_2d_msgs/msg/twist2_d32.h
[2.624s] -- Up-to-date: /Pav-S_ws/install/nav_2d_msgs/include/nav_2d_msgs/nav_2d_msgs/msg/detail
[2.625s] -- Up-to-date: /Pav-S_ws/install/nav_2d_msgs/include/nav_2d_msgs/nav_2d_msgs/msg/detail/twist2_d__functions.h
[2.625s] -- Up-to-date: /Pav-S_ws/install/nav_2d_msgs/include/nav_2d_msgs/nav_2d_msgs/msg/detail/pose2_d_stamped__functions.h
[2.625s] -- Up-to-date: /Pav-S_ws/install/nav_2d_msgs/include/nav_2d_msgs/nav_2d_msgs/msg/detail/path2_d__functions.c
[2.625s] -- Up-to-date: /Pav-S_ws/install/nav_2d_msgs/include/nav_2d_msgs/nav_2d_msgs/msg/detail/path2_d__functions.h
[2.625s] -- Up-to-date: /Pav-S_ws/install/nav_2d_msgs/include/nav_2d_msgs/nav_2d_msgs/msg/detail/twist2_d_stamped__struct.h
[2.625s] -- Up-to-date: /Pav-S_ws/install/nav_2d_msgs/include/nav_2d_msgs/nav_2d_msgs/msg/detail/pose2_d32__functions.c
[2.625s] -- Up-to-date: /Pav-S_ws/install/nav_2d_msgs/include/nav_2d_msgs/nav_2d_msgs/msg/detail/path2_d__struct.h
[2.625s] -- Up-to-date: /Pav-S_ws/install/nav_2d_msgs/include/nav_2d_msgs/nav_2d_msgs/msg/detail/twist2_d_stamped__type_support.h
[2.632s] -- Up-to-date: /Pav-S_ws/install/nav_2d_msgs/include/nav_2d_msgs/nav_2d_msgs/msg/detail/pose2_d_stamped__functions.c
[2.633s] -- Up-to-date: /Pav-S_ws/install/nav_2d_msgs/include/nav_2d_msgs/nav_2d_msgs/msg/detail/twist2_d__struct.h
[2.633s] -- Up-to-date: /Pav-S_ws/install/nav_2d_msgs/include/nav_2d_msgs/nav_2d_msgs/msg/detail/pose2_d32__functions.h
[2.635s] -- Up-to-date: /Pav-S_ws/install/nav_2d_msgs/include/nav_2d_msgs/nav_2d_msgs/msg/detail/twist2_d32__functions.c
[2.636s] -- Up-to-date: /Pav-S_ws/install/nav_2d_msgs/include/nav_2d_msgs/nav_2d_msgs/msg/detail/pose2_d32__struct.h
[2.636s] -- Up-to-date: /Pav-S_ws/install/nav_2d_msgs/include/nav_2d_msgs/nav_2d_msgs/msg/detail/pose2_d_stamped__struct.h
[2.637s] -- Up-to-date: /Pav-S_ws/install/nav_2d_msgs/include/nav_2d_msgs/nav_2d_msgs/msg/detail/twist2_d32__type_support.h
[2.637s] -- Up-to-date: /Pav-S_ws/install/nav_2d_msgs/include/nav_2d_msgs/nav_2d_msgs/msg/detail/pose2_d_stamped__type_support.h
[2.638s] -- Up-to-date: /Pav-S_ws/install/nav_2d_msgs/include/nav_2d_msgs/nav_2d_msgs/msg/detail/twist2_d_stamped__functions.h
[2.638s] -- Up-to-date: /Pav-S_ws/install/nav_2d_msgs/include/nav_2d_msgs/nav_2d_msgs/msg/detail/twist2_d32__functions.h
[2.638s] -- Up-to-date: /Pav-S_ws/install/nav_2d_msgs/include/nav_2d_msgs/nav_2d_msgs/msg/detail/path2_d__type_support.h
[2.639s] -- Up-to-date: /Pav-S_ws/install/nav_2d_msgs/include/nav_2d_msgs/nav_2d_msgs/msg/detail/twist2_d_stamped__functions.c
[2.639s] -- Up-to-date: /Pav-S_ws/install/nav_2d_msgs/include/nav_2d_msgs/nav_2d_msgs/msg/detail/twist2_d32__struct.h
[2.639s] -- Up-to-date: /Pav-S_ws/install/nav_2d_msgs/include/nav_2d_msgs/nav_2d_msgs/msg/detail/twist2_d__functions.c
[2.640s] -- Up-to-date: /Pav-S_ws/install/nav_2d_msgs/include/nav_2d_msgs/nav_2d_msgs/msg/detail/twist2_d__type_support.h
[2.640s] -- Up-to-date: /Pav-S_ws/install/nav_2d_msgs/include/nav_2d_msgs/nav_2d_msgs/msg/detail/pose2_d32__type_support.h
[2.640s] -- Up-to-date: /Pav-S_ws/install/nav_2d_msgs/include/nav_2d_msgs/nav_2d_msgs/msg/path2_d.h
[2.640s] -- Up-to-date: /Pav-S_ws/install/nav_2d_msgs/include/nav_2d_msgs/nav_2d_msgs/msg/twist2_d_stamped.h
[2.641s] -- Up-to-date: /Pav-S_ws/install/nav_2d_msgs/include/nav_2d_msgs/nav_2d_msgs/msg/pose2_d_stamped.h
[2.642s] -- Up-to-date: /Pav-S_ws/install/nav_2d_msgs/include/nav_2d_msgs/nav_2d_msgs/msg/pose2_d32.h
[2.642s] -- Up-to-date: /Pav-S_ws/install/nav_2d_msgs/share/nav_2d_msgs/environment/library_path.sh
[2.642s] -- Up-to-date: /Pav-S_ws/install/nav_2d_msgs/share/nav_2d_msgs/environment/library_path.dsv
[2.647s] -- Up-to-date: /Pav-S_ws/install/nav_2d_msgs/lib/libnav_2d_msgs__rosidl_generator_c.so
[2.648s] -- Up-to-date: /Pav-S_ws/install/nav_2d_msgs/include/nav_2d_msgs/nav_2d_msgs
[2.652s] -- Up-to-date: /Pav-S_ws/install/nav_2d_msgs/include/nav_2d_msgs/nav_2d_msgs/msg
[2.652s] -- Up-to-date: /Pav-S_ws/install/nav_2d_msgs/include/nav_2d_msgs/nav_2d_msgs/msg/rosidl_typesupport_fastrtps_c__visibility_control.h
[2.653s] -- Up-to-date: /Pav-S_ws/install/nav_2d_msgs/include/nav_2d_msgs/nav_2d_msgs/msg/detail
[2.654s] -- Up-to-date: /Pav-S_ws/install/nav_2d_msgs/include/nav_2d_msgs/nav_2d_msgs/msg/detail/pose2_d32__rosidl_typesupport_fastrtps_c.h
[2.654s] -- Up-to-date: /Pav-S_ws/install/nav_2d_msgs/include/nav_2d_msgs/nav_2d_msgs/msg/detail/twist2_d_stamped__rosidl_typesupport_fastrtps_c.h
[2.654s] -- Up-to-date: /Pav-S_ws/install/nav_2d_msgs/include/nav_2d_msgs/nav_2d_msgs/msg/detail/twist2_d32__rosidl_typesupport_fastrtps_c.h
[2.655s] -- Up-to-date: /Pav-S_ws/install/nav_2d_msgs/include/nav_2d_msgs/nav_2d_msgs/msg/detail/path2_d__rosidl_typesupport_fastrtps_c.h
[2.655s] -- Up-to-date: /Pav-S_ws/install/nav_2d_msgs/include/nav_2d_msgs/nav_2d_msgs/msg/detail/pose2_d_stamped__rosidl_typesupport_fastrtps_c.h
[2.655s] -- Up-to-date: /Pav-S_ws/install/nav_2d_msgs/include/nav_2d_msgs/nav_2d_msgs/msg/detail/twist2_d__rosidl_typesupport_fastrtps_c.h
[2.655s] -- Up-to-date: /Pav-S_ws/install/nav_2d_msgs/lib/libnav_2d_msgs__rosidl_typesupport_fastrtps_c.so
[2.655s] -- Up-to-date: /Pav-S_ws/install/nav_2d_msgs/include/nav_2d_msgs/nav_2d_msgs
[2.656s] -- Up-to-date: /Pav-S_ws/install/nav_2d_msgs/include/nav_2d_msgs/nav_2d_msgs/msg
[2.656s] -- Up-to-date: /Pav-S_ws/install/nav_2d_msgs/include/nav_2d_msgs/nav_2d_msgs/msg/twist2_d_stamped.hpp
[2.656s] -- Up-to-date: /Pav-S_ws/install/nav_2d_msgs/include/nav_2d_msgs/nav_2d_msgs/msg/rosidl_generator_cpp__visibility_control.hpp
[2.656s] -- Up-to-date: /Pav-S_ws/install/nav_2d_msgs/include/nav_2d_msgs/nav_2d_msgs/msg/pose2_d32.hpp
[2.656s] -- Up-to-date: /Pav-S_ws/install/nav_2d_msgs/include/nav_2d_msgs/nav_2d_msgs/msg/pose2_d_stamped.hpp
[2.656s] -- Up-to-date: /Pav-S_ws/install/nav_2d_msgs/include/nav_2d_msgs/nav_2d_msgs/msg/path2_d.hpp
[2.656s] -- Up-to-date: /Pav-S_ws/install/nav_2d_msgs/include/nav_2d_msgs/nav_2d_msgs/msg/detail
[2.656s] -- Up-to-date: /Pav-S_ws/install/nav_2d_msgs/include/nav_2d_msgs/nav_2d_msgs/msg/detail/pose2_d_stamped__builder.hpp
[2.657s] -- Up-to-date: /Pav-S_ws/install/nav_2d_msgs/include/nav_2d_msgs/nav_2d_msgs/msg/detail/pose2_d_stamped__type_support.hpp
[2.657s] -- Up-to-date: /Pav-S_ws/install/nav_2d_msgs/include/nav_2d_msgs/nav_2d_msgs/msg/detail/pose2_d32__traits.hpp
[2.657s] -- Up-to-date: /Pav-S_ws/install/nav_2d_msgs/include/nav_2d_msgs/nav_2d_msgs/msg/detail/path2_d__struct.hpp
[2.657s] -- Up-to-date: /Pav-S_ws/install/nav_2d_msgs/include/nav_2d_msgs/nav_2d_msgs/msg/detail/pose2_d32__type_support.hpp
[2.657s] -- Up-to-date: /Pav-S_ws/install/nav_2d_msgs/include/nav_2d_msgs/nav_2d_msgs/msg/detail/twist2_d32__type_support.hpp
[2.657s] -- Up-to-date: /Pav-S_ws/install/nav_2d_msgs/include/nav_2d_msgs/nav_2d_msgs/msg/detail/twist2_d__builder.hpp
[2.657s] -- Up-to-date: /Pav-S_ws/install/nav_2d_msgs/include/nav_2d_msgs/nav_2d_msgs/msg/detail/twist2_d__traits.hpp
[2.657s] -- Up-to-date: /Pav-S_ws/install/nav_2d_msgs/include/nav_2d_msgs/nav_2d_msgs/msg/detail/twist2_d32__struct.hpp
[2.657s] -- Up-to-date: /Pav-S_ws/install/nav_2d_msgs/include/nav_2d_msgs/nav_2d_msgs/msg/detail/twist2_d_stamped__builder.hpp
[2.658s] -- Up-to-date: /Pav-S_ws/install/nav_2d_msgs/include/nav_2d_msgs/nav_2d_msgs/msg/detail/twist2_d_stamped__traits.hpp
[2.658s] -- Up-to-date: /Pav-S_ws/install/nav_2d_msgs/include/nav_2d_msgs/nav_2d_msgs/msg/detail/path2_d__builder.hpp
[2.658s] -- Up-to-date: /Pav-S_ws/install/nav_2d_msgs/include/nav_2d_msgs/nav_2d_msgs/msg/detail/path2_d__type_support.hpp
[2.658s] -- Up-to-date: /Pav-S_ws/install/nav_2d_msgs/include/nav_2d_msgs/nav_2d_msgs/msg/detail/twist2_d_stamped__type_support.hpp
[2.658s] -- Up-to-date: /Pav-S_ws/install/nav_2d_msgs/include/nav_2d_msgs/nav_2d_msgs/msg/detail/twist2_d__type_support.hpp
[2.658s] -- Up-to-date: /Pav-S_ws/install/nav_2d_msgs/include/nav_2d_msgs/nav_2d_msgs/msg/detail/twist2_d32__builder.hpp
[2.658s] -- Up-to-date: /Pav-S_ws/install/nav_2d_msgs/include/nav_2d_msgs/nav_2d_msgs/msg/detail/twist2_d__struct.hpp
[2.658s] -- Up-to-date: /Pav-S_ws/install/nav_2d_msgs/include/nav_2d_msgs/nav_2d_msgs/msg/detail/pose2_d32__struct.hpp
[2.659s] -- Up-to-date: /Pav-S_ws/install/nav_2d_msgs/include/nav_2d_msgs/nav_2d_msgs/msg/detail/path2_d__traits.hpp
[2.659s] -- Up-to-date: /Pav-S_ws/install/nav_2d_msgs/include/nav_2d_msgs/nav_2d_msgs/msg/detail/pose2_d_stamped__traits.hpp
[2.670s] -- Up-to-date: /Pav-S_ws/install/nav_2d_msgs/include/nav_2d_msgs/nav_2d_msgs/msg/detail/pose2_d32__builder.hpp
[2.671s] -- Up-to-date: /Pav-S_ws/install/nav_2d_msgs/include/nav_2d_msgs/nav_2d_msgs/msg/detail/pose2_d_stamped__struct.hpp
[2.671s] -- Up-to-date: /Pav-S_ws/install/nav_2d_msgs/include/nav_2d_msgs/nav_2d_msgs/msg/detail/twist2_d_stamped__struct.hpp
[2.671s] -- Up-to-date: /Pav-S_ws/install/nav_2d_msgs/include/nav_2d_msgs/nav_2d_msgs/msg/detail/twist2_d32__traits.hpp
[2.671s] -- Up-to-date: /Pav-S_ws/install/nav_2d_msgs/include/nav_2d_msgs/nav_2d_msgs/msg/twist2_d32.hpp
[2.672s] -- Up-to-date: /Pav-S_ws/install/nav_2d_msgs/include/nav_2d_msgs/nav_2d_msgs/msg/twist2_d.hpp
[2.672s] -- Up-to-date: /Pav-S_ws/install/nav_2d_msgs/include/nav_2d_msgs/nav_2d_msgs
[2.672s] -- Up-to-date: /Pav-S_ws/install/nav_2d_msgs/include/nav_2d_msgs/nav_2d_msgs/msg
[2.672s] -- Up-to-date: /Pav-S_ws/install/nav_2d_msgs/include/nav_2d_msgs/nav_2d_msgs/msg/detail
[2.673s] -- Up-to-date: /Pav-S_ws/install/nav_2d_msgs/include/nav_2d_msgs/nav_2d_msgs/msg/detail/twist2_d_stamped__rosidl_typesupport_fastrtps_cpp.hpp
[2.673s] -- Up-to-date: /Pav-S_ws/install/nav_2d_msgs/include/nav_2d_msgs/nav_2d_msgs/msg/detail/pose2_d32__rosidl_typesupport_fastrtps_cpp.hpp
[2.684s] -- Up-to-date: /Pav-S_ws/install/nav_2d_msgs/include/nav_2d_msgs/nav_2d_msgs/msg/detail/pose2_d_stamped__rosidl_typesupport_fastrtps_cpp.hpp
[2.685s] -- Up-to-date: /Pav-S_ws/install/nav_2d_msgs/include/nav_2d_msgs/nav_2d_msgs/msg/detail/path2_d__rosidl_typesupport_fastrtps_cpp.hpp
[2.685s] -- Up-to-date: /Pav-S_ws/install/nav_2d_msgs/include/nav_2d_msgs/nav_2d_msgs/msg/detail/twist2_d__rosidl_typesupport_fastrtps_cpp.hpp
[2.686s] -- Up-to-date: /Pav-S_ws/install/nav_2d_msgs/include/nav_2d_msgs/nav_2d_msgs/msg/detail/dds_fastrtps
[2.686s] -- Up-to-date: /Pav-S_ws/install/nav_2d_msgs/include/nav_2d_msgs/nav_2d_msgs/msg/detail/twist2_d32__rosidl_typesupport_fastrtps_cpp.hpp
[2.687s] -- Up-to-date: /Pav-S_ws/install/nav_2d_msgs/include/nav_2d_msgs/nav_2d_msgs/msg/rosidl_typesupport_fastrtps_cpp__visibility_control.h
[2.687s] -- Up-to-date: /Pav-S_ws/install/nav_2d_msgs/lib/libnav_2d_msgs__rosidl_typesupport_fastrtps_cpp.so
[2.688s] -- Up-to-date: /Pav-S_ws/install/nav_2d_msgs/include/nav_2d_msgs/nav_2d_msgs
[2.688s] -- Up-to-date: /Pav-S_ws/install/nav_2d_msgs/include/nav_2d_msgs/nav_2d_msgs/msg
[2.689s] -- Up-to-date: /Pav-S_ws/install/nav_2d_msgs/include/nav_2d_msgs/nav_2d_msgs/msg/rosidl_typesupport_introspection_c__visibility_control.h
[2.689s] -- Up-to-date: /Pav-S_ws/install/nav_2d_msgs/include/nav_2d_msgs/nav_2d_msgs/msg/detail
[2.690s] -- Up-to-date: /Pav-S_ws/install/nav_2d_msgs/include/nav_2d_msgs/nav_2d_msgs/msg/detail/twist2_d__rosidl_typesupport_introspection_c.h
[2.691s] -- Up-to-date: /Pav-S_ws/install/nav_2d_msgs/include/nav_2d_msgs/nav_2d_msgs/msg/detail/twist2_d_stamped__type_support.c
[2.691s] -- Up-to-date: /Pav-S_ws/install/nav_2d_msgs/include/nav_2d_msgs/nav_2d_msgs/msg/detail/pose2_d32__type_support.c
[2.691s] -- Up-to-date: /Pav-S_ws/install/nav_2d_msgs/include/nav_2d_msgs/nav_2d_msgs/msg/detail/twist2_d__type_support.c
[2.692s] -- Up-to-date: /Pav-S_ws/install/nav_2d_msgs/include/nav_2d_msgs/nav_2d_msgs/msg/detail/path2_d__type_support.c
[2.692s] -- Up-to-date: /Pav-S_ws/install/nav_2d_msgs/include/nav_2d_msgs/nav_2d_msgs/msg/detail/pose2_d_stamped__type_support.c
[2.692s] -- Up-to-date: /Pav-S_ws/install/nav_2d_msgs/include/nav_2d_msgs/nav_2d_msgs/msg/detail/twist2_d_stamped__rosidl_typesupport_introspection_c.h
[2.693s] -- Up-to-date: /Pav-S_ws/install/nav_2d_msgs/include/nav_2d_msgs/nav_2d_msgs/msg/detail/pose2_d32__rosidl_typesupport_introspection_c.h
[2.709s] -- Up-to-date: /Pav-S_ws/install/nav_2d_msgs/include/nav_2d_msgs/nav_2d_msgs/msg/detail/twist2_d32__type_support.c
[2.709s] -- Up-to-date: /Pav-S_ws/install/nav_2d_msgs/include/nav_2d_msgs/nav_2d_msgs/msg/detail/twist2_d32__rosidl_typesupport_introspection_c.h
[2.710s] -- Up-to-date: /Pav-S_ws/install/nav_2d_msgs/include/nav_2d_msgs/nav_2d_msgs/msg/detail/pose2_d_stamped__rosidl_typesupport_introspection_c.h
[2.710s] -- Up-to-date: /Pav-S_ws/install/nav_2d_msgs/include/nav_2d_msgs/nav_2d_msgs/msg/detail/path2_d__rosidl_typesupport_introspection_c.h
[2.711s] -- Up-to-date: /Pav-S_ws/install/nav_2d_msgs/lib/libnav_2d_msgs__rosidl_typesupport_introspection_c.so
[2.711s] -- Up-to-date: /Pav-S_ws/install/nav_2d_msgs/lib/libnav_2d_msgs__rosidl_typesupport_c.so
[2.712s] -- Up-to-date: /Pav-S_ws/install/nav_2d_msgs/include/nav_2d_msgs/nav_2d_msgs
[2.712s] -- Up-to-date: /Pav-S_ws/install/nav_2d_msgs/include/nav_2d_msgs/nav_2d_msgs/msg
[2.712s] -- Up-to-date: /Pav-S_ws/install/nav_2d_msgs/include/nav_2d_msgs/nav_2d_msgs/msg/detail
[2.712s] -- Up-to-date: /Pav-S_ws/install/nav_2d_msgs/include/nav_2d_msgs/nav_2d_msgs/msg/detail/twist2_d32__rosidl_typesupport_introspection_cpp.hpp
[2.713s] -- Up-to-date: /Pav-S_ws/install/nav_2d_msgs/include/nav_2d_msgs/nav_2d_msgs/msg/detail/pose2_d_stamped__type_support.cpp
[2.713s] -- Up-to-date: /Pav-S_ws/install/nav_2d_msgs/include/nav_2d_msgs/nav_2d_msgs/msg/detail/path2_d__type_support.cpp
[2.713s] -- Up-to-date: /Pav-S_ws/install/nav_2d_msgs/include/nav_2d_msgs/nav_2d_msgs/msg/detail/path2_d__rosidl_typesupport_introspection_cpp.hpp
[2.715s] -- Up-to-date: /Pav-S_ws/install/nav_2d_msgs/include/nav_2d_msgs/nav_2d_msgs/msg/detail/twist2_d__type_support.cpp
[2.715s] -- Up-to-date: /Pav-S_ws/install/nav_2d_msgs/include/nav_2d_msgs/nav_2d_msgs/msg/detail/pose2_d_stamped__rosidl_typesupport_introspection_cpp.hpp
[2.716s] -- Up-to-date: /Pav-S_ws/install/nav_2d_msgs/include/nav_2d_msgs/nav_2d_msgs/msg/detail/twist2_d__rosidl_typesupport_introspection_cpp.hpp
[2.716s] -- Up-to-date: /Pav-S_ws/install/nav_2d_msgs/include/nav_2d_msgs/nav_2d_msgs/msg/detail/twist2_d32__type_support.cpp
[2.716s] -- Up-to-date: /Pav-S_ws/install/nav_2d_msgs/include/nav_2d_msgs/nav_2d_msgs/msg/detail/twist2_d_stamped__rosidl_typesupport_introspection_cpp.hpp
[2.717s] -- Up-to-date: /Pav-S_ws/install/nav_2d_msgs/include/nav_2d_msgs/nav_2d_msgs/msg/detail/pose2_d32__rosidl_typesupport_introspection_cpp.hpp
[2.717s] -- Up-to-date: /Pav-S_ws/install/nav_2d_msgs/include/nav_2d_msgs/nav_2d_msgs/msg/detail/pose2_d32__type_support.cpp
[2.717s] -- Up-to-date: /Pav-S_ws/install/nav_2d_msgs/include/nav_2d_msgs/nav_2d_msgs/msg/detail/twist2_d_stamped__type_support.cpp
[2.718s] -- Up-to-date: /Pav-S_ws/install/nav_2d_msgs/lib/libnav_2d_msgs__rosidl_typesupport_introspection_cpp.so
[2.718s] -- Up-to-date: /Pav-S_ws/install/nav_2d_msgs/lib/libnav_2d_msgs__rosidl_typesupport_cpp.so
[2.718s] -- Up-to-date: /Pav-S_ws/install/nav_2d_msgs/share/nav_2d_msgs/environment/pythonpath.sh
[2.718s] -- Up-to-date: /Pav-S_ws/install/nav_2d_msgs/share/nav_2d_msgs/environment/pythonpath.dsv
[2.718s] -- Up-to-date: /Pav-S_ws/install/nav_2d_msgs/local/lib/python3.10/dist-packages/nav_2d_msgs-1.1.18-py3.10.egg-info
[2.718s] -- Installing: /Pav-S_ws/install/nav_2d_msgs/local/lib/python3.10/dist-packages/nav_2d_msgs-1.1.18-py3.10.egg-info/dependency_links.txt
[2.718s] -- Installing: /Pav-S_ws/install/nav_2d_msgs/local/lib/python3.10/dist-packages/nav_2d_msgs-1.1.18-py3.10.egg-info/SOURCES.txt
[2.718s] -- Installing: /Pav-S_ws/install/nav_2d_msgs/local/lib/python3.10/dist-packages/nav_2d_msgs-1.1.18-py3.10.egg-info/PKG-INFO
[2.719s] -- Installing: /Pav-S_ws/install/nav_2d_msgs/local/lib/python3.10/dist-packages/nav_2d_msgs-1.1.18-py3.10.egg-info/top_level.txt
[2.719s] -- Up-to-date: /Pav-S_ws/install/nav_2d_msgs/local/lib/python3.10/dist-packages/nav_2d_msgs
[2.732s] -- Up-to-date: /Pav-S_ws/install/nav_2d_msgs/local/lib/python3.10/dist-packages/nav_2d_msgs/nav_2d_msgs_s__rosidl_typesupport_introspection_c.cpython-310-aarch64-linux-gnu.so
[2.732s] -- Up-to-date: /Pav-S_ws/install/nav_2d_msgs/local/lib/python3.10/dist-packages/nav_2d_msgs/_nav_2d_msgs_s.ep.rosidl_typesupport_introspection_c.c
[2.732s] -- Up-to-date: /Pav-S_ws/install/nav_2d_msgs/local/lib/python3.10/dist-packages/nav_2d_msgs/nav_2d_msgs_s__rosidl_typesupport_c.cpython-310-aarch64-linux-gnu.so
[2.732s] -- Up-to-date: /Pav-S_ws/install/nav_2d_msgs/local/lib/python3.10/dist-packages/nav_2d_msgs/_nav_2d_msgs_s.ep.rosidl_typesupport_fastrtps_c.c
[2.732s] -- Up-to-date: /Pav-S_ws/install/nav_2d_msgs/local/lib/python3.10/dist-packages/nav_2d_msgs/msg
[2.732s] -- Up-to-date: /Pav-S_ws/install/nav_2d_msgs/local/lib/python3.10/dist-packages/nav_2d_msgs/msg/_path2_d_s.c
[2.732s] -- Up-to-date: /Pav-S_ws/install/nav_2d_msgs/local/lib/python3.10/dist-packages/nav_2d_msgs/msg/_twist2_d32_s.c
[2.733s] -- Up-to-date: /Pav-S_ws/install/nav_2d_msgs/local/lib/python3.10/dist-packages/nav_2d_msgs/msg/_path2_d.py
[2.733s] -- Up-to-date: /Pav-S_ws/install/nav_2d_msgs/local/lib/python3.10/dist-packages/nav_2d_msgs/msg/_twist2_d.py
[2.733s] -- Up-to-date: /Pav-S_ws/install/nav_2d_msgs/local/lib/python3.10/dist-packages/nav_2d_msgs/msg/_twist2_d_stamped.py
[2.733s] -- Up-to-date: /Pav-S_ws/install/nav_2d_msgs/local/lib/python3.10/dist-packages/nav_2d_msgs/msg/_pose2_d32_s.c
[2.733s] -- Up-to-date: /Pav-S_ws/install/nav_2d_msgs/local/lib/python3.10/dist-packages/nav_2d_msgs/msg/_pose2_d_stamped.py
[2.733s] -- Up-to-date: /Pav-S_ws/install/nav_2d_msgs/local/lib/python3.10/dist-packages/nav_2d_msgs/msg/_pose2_d_stamped_s.c
[2.733s] -- Up-to-date: /Pav-S_ws/install/nav_2d_msgs/local/lib/python3.10/dist-packages/nav_2d_msgs/msg/__init__.py
[2.734s] -- Up-to-date: /Pav-S_ws/install/nav_2d_msgs/local/lib/python3.10/dist-packages/nav_2d_msgs/msg/_pose2_d32.py
[2.734s] -- Up-to-date: /Pav-S_ws/install/nav_2d_msgs/local/lib/python3.10/dist-packages/nav_2d_msgs/msg/_twist2_d_s.c
[2.734s] -- Up-to-date: /Pav-S_ws/install/nav_2d_msgs/local/lib/python3.10/dist-packages/nav_2d_msgs/msg/_twist2_d_stamped_s.c
[2.734s] -- Up-to-date: /Pav-S_ws/install/nav_2d_msgs/local/lib/python3.10/dist-packages/nav_2d_msgs/msg/_twist2_d32.py
[2.734s] -- Up-to-date: /Pav-S_ws/install/nav_2d_msgs/local/lib/python3.10/dist-packages/nav_2d_msgs/_nav_2d_msgs_s.ep.rosidl_typesupport_c.c
[2.734s] -- Up-to-date: /Pav-S_ws/install/nav_2d_msgs/local/lib/python3.10/dist-packages/nav_2d_msgs/nav_2d_msgs_s__rosidl_typesupport_fastrtps_c.cpython-310-aarch64-linux-gnu.so
[2.734s] -- Up-to-date: /Pav-S_ws/install/nav_2d_msgs/local/lib/python3.10/dist-packages/nav_2d_msgs/__init__.py
[2.734s] -- Up-to-date: /Pav-S_ws/install/nav_2d_msgs/local/lib/python3.10/dist-packages/nav_2d_msgs/libnav_2d_msgs__rosidl_generator_py.so
[2.752s] Listing '/Pav-S_ws/install/nav_2d_msgs/local/lib/python3.10/dist-packages/nav_2d_msgs'...
[2.753s] Listing '/Pav-S_ws/install/nav_2d_msgs/local/lib/python3.10/dist-packages/nav_2d_msgs/msg'...
[2.754s] -- Up-to-date: /Pav-S_ws/install/nav_2d_msgs/local/lib/python3.10/dist-packages/nav_2d_msgs/nav_2d_msgs_s__rosidl_typesupport_fastrtps_c.cpython-310-aarch64-linux-gnu.so
[2.754s] -- Up-to-date: /Pav-S_ws/install/nav_2d_msgs/local/lib/python3.10/dist-packages/nav_2d_msgs/nav_2d_msgs_s__rosidl_typesupport_introspection_c.cpython-310-aarch64-linux-gnu.so
[2.755s] -- Up-to-date: /Pav-S_ws/install/nav_2d_msgs/local/lib/python3.10/dist-packages/nav_2d_msgs/nav_2d_msgs_s__rosidl_typesupport_c.cpython-310-aarch64-linux-gnu.so
[2.755s] -- Up-to-date: /Pav-S_ws/install/nav_2d_msgs/lib/libnav_2d_msgs__rosidl_generator_py.so
[2.755s] -- Up-to-date: /Pav-S_ws/install/nav_2d_msgs/share/nav_2d_msgs/msg/Path2D.idl
[2.755s] -- Up-to-date: /Pav-S_ws/install/nav_2d_msgs/share/nav_2d_msgs/msg/Pose2D32.idl
[2.756s] -- Up-to-date: /Pav-S_ws/install/nav_2d_msgs/share/nav_2d_msgs/msg/Pose2DStamped.idl
[2.756s] -- Up-to-date: /Pav-S_ws/install/nav_2d_msgs/share/nav_2d_msgs/msg/Twist2D.idl
[2.756s] -- Up-to-date: /Pav-S_ws/install/nav_2d_msgs/share/nav_2d_msgs/msg/Twist2D32.idl
[2.756s] -- Up-to-date: /Pav-S_ws/install/nav_2d_msgs/share/nav_2d_msgs/msg/Twist2DStamped.idl
[2.756s] -- Up-to-date: /Pav-S_ws/install/nav_2d_msgs/share/nav_2d_msgs/msg/Path2D.msg
[2.757s] -- Up-to-date: /Pav-S_ws/install/nav_2d_msgs/share/nav_2d_msgs/msg/Pose2D32.msg
[2.757s] -- Up-to-date: /Pav-S_ws/install/nav_2d_msgs/share/nav_2d_msgs/msg/Pose2DStamped.msg
[2.758s] -- Up-to-date: /Pav-S_ws/install/nav_2d_msgs/share/nav_2d_msgs/msg/Twist2D.msg
[2.758s] -- Up-to-date: /Pav-S_ws/install/nav_2d_msgs/share/nav_2d_msgs/msg/Twist2D32.msg
[2.758s] -- Up-to-date: /Pav-S_ws/install/nav_2d_msgs/share/nav_2d_msgs/msg/Twist2DStamped.msg
[2.759s] -- Up-to-date: /Pav-S_ws/install/nav_2d_msgs/share/ament_index/resource_index/package_run_dependencies/nav_2d_msgs
[2.759s] -- Up-to-date: /Pav-S_ws/install/nav_2d_msgs/share/ament_index/resource_index/parent_prefix_path/nav_2d_msgs
[2.759s] -- Up-to-date: /Pav-S_ws/install/nav_2d_msgs/share/nav_2d_msgs/environment/ament_prefix_path.sh
[2.759s] -- Up-to-date: /Pav-S_ws/install/nav_2d_msgs/share/nav_2d_msgs/environment/ament_prefix_path.dsv
[2.761s] -- Up-to-date: /Pav-S_ws/install/nav_2d_msgs/share/nav_2d_msgs/environment/path.sh
[2.762s] -- Up-to-date: /Pav-S_ws/install/nav_2d_msgs/share/nav_2d_msgs/environment/path.dsv
[2.762s] -- Up-to-date: /Pav-S_ws/install/nav_2d_msgs/share/nav_2d_msgs/local_setup.bash
[2.763s] -- Up-to-date: /Pav-S_ws/install/nav_2d_msgs/share/nav_2d_msgs/local_setup.sh
[2.763s] -- Up-to-date: /Pav-S_ws/install/nav_2d_msgs/share/nav_2d_msgs/local_setup.zsh
[2.763s] -- Up-to-date: /Pav-S_ws/install/nav_2d_msgs/share/nav_2d_msgs/local_setup.dsv
[2.763s] -- Installing: /Pav-S_ws/install/nav_2d_msgs/share/nav_2d_msgs/package.dsv
[2.763s] -- Up-to-date: /Pav-S_ws/install/nav_2d_msgs/share/ament_index/resource_index/packages/nav_2d_msgs
[2.763s] -- Up-to-date: /Pav-S_ws/install/nav_2d_msgs/share/nav_2d_msgs/cmake/export_nav_2d_msgs__rosidl_generator_cExport.cmake
[2.763s] -- Up-to-date: /Pav-S_ws/install/nav_2d_msgs/share/nav_2d_msgs/cmake/export_nav_2d_msgs__rosidl_generator_cExport-release.cmake
[2.763s] -- Up-to-date: /Pav-S_ws/install/nav_2d_msgs/share/nav_2d_msgs/cmake/export_nav_2d_msgs__rosidl_typesupport_fastrtps_cExport.cmake
[2.764s] -- Up-to-date: /Pav-S_ws/install/nav_2d_msgs/share/nav_2d_msgs/cmake/export_nav_2d_msgs__rosidl_typesupport_fastrtps_cExport-release.cmake
[2.764s] -- Up-to-date: /Pav-S_ws/install/nav_2d_msgs/share/nav_2d_msgs/cmake/export_nav_2d_msgs__rosidl_generator_cppExport.cmake
[2.764s] -- Up-to-date: /Pav-S_ws/install/nav_2d_msgs/share/nav_2d_msgs/cmake/export_nav_2d_msgs__rosidl_typesupport_fastrtps_cppExport.cmake
[2.764s] -- Up-to-date: /Pav-S_ws/install/nav_2d_msgs/share/nav_2d_msgs/cmake/export_nav_2d_msgs__rosidl_typesupport_fastrtps_cppExport-release.cmake
[2.765s] -- Up-to-date: /Pav-S_ws/install/nav_2d_msgs/share/nav_2d_msgs/cmake/nav_2d_msgs__rosidl_typesupport_introspection_cExport.cmake
[2.765s] -- Up-to-date: /Pav-S_ws/install/nav_2d_msgs/share/nav_2d_msgs/cmake/nav_2d_msgs__rosidl_typesupport_introspection_cExport-release.cmake
[2.765s] -- Up-to-date: /Pav-S_ws/install/nav_2d_msgs/share/nav_2d_msgs/cmake/nav_2d_msgs__rosidl_typesupport_cExport.cmake
[2.765s] -- Up-to-date: /Pav-S_ws/install/nav_2d_msgs/share/nav_2d_msgs/cmake/nav_2d_msgs__rosidl_typesupport_cExport-release.cmake
[2.766s] -- Up-to-date: /Pav-S_ws/install/nav_2d_msgs/share/nav_2d_msgs/cmake/nav_2d_msgs__rosidl_typesupport_introspection_cppExport.cmake
[2.767s] -- Up-to-date: /Pav-S_ws/install/nav_2d_msgs/share/nav_2d_msgs/cmake/nav_2d_msgs__rosidl_typesupport_introspection_cppExport-release.cmake
[2.767s] -- Up-to-date: /Pav-S_ws/install/nav_2d_msgs/share/nav_2d_msgs/cmake/nav_2d_msgs__rosidl_typesupport_cppExport.cmake
[2.767s] -- Up-to-date: /Pav-S_ws/install/nav_2d_msgs/share/nav_2d_msgs/cmake/nav_2d_msgs__rosidl_typesupport_cppExport-release.cmake
[2.767s] -- Up-to-date: /Pav-S_ws/install/nav_2d_msgs/share/nav_2d_msgs/cmake/export_nav_2d_msgs__rosidl_generator_pyExport.cmake
[2.767s] -- Up-to-date: /Pav-S_ws/install/nav_2d_msgs/share/nav_2d_msgs/cmake/export_nav_2d_msgs__rosidl_generator_pyExport-release.cmake
[2.768s] -- Up-to-date: /Pav-S_ws/install/nav_2d_msgs/share/nav_2d_msgs/cmake/rosidl_cmake-extras.cmake
[2.768s] -- Up-to-date: /Pav-S_ws/install/nav_2d_msgs/share/nav_2d_msgs/cmake/ament_cmake_export_dependencies-extras.cmake
[2.768s] -- Up-to-date: /Pav-S_ws/install/nav_2d_msgs/share/nav_2d_msgs/cmake/ament_cmake_export_include_directories-extras.cmake
[2.768s] -- Up-to-date: /Pav-S_ws/install/nav_2d_msgs/share/nav_2d_msgs/cmake/ament_cmake_export_libraries-extras.cmake
[2.769s] -- Up-to-date: /Pav-S_ws/install/nav_2d_msgs/share/nav_2d_msgs/cmake/ament_cmake_export_targets-extras.cmake
[2.769s] -- Up-to-date: /Pav-S_ws/install/nav_2d_msgs/share/nav_2d_msgs/cmake/rosidl_cmake_export_typesupport_targets-extras.cmake
[2.769s] -- Up-to-date: /Pav-S_ws/install/nav_2d_msgs/share/nav_2d_msgs/cmake/rosidl_cmake_export_typesupport_libraries-extras.cmake
[2.769s] -- Up-to-date: /Pav-S_ws/install/nav_2d_msgs/share/nav_2d_msgs/cmake/nav_2d_msgsConfig.cmake
[2.769s] -- Up-to-date: /Pav-S_ws/install/nav_2d_msgs/share/nav_2d_msgs/cmake/nav_2d_msgsConfig-version.cmake
[2.770s] -- Up-to-date: /Pav-S_ws/install/nav_2d_msgs/share/nav_2d_msgs/package.xml
[2.821s] Invoked command in '/Pav-S_ws/build/nav_2d_msgs' returned '0': CMAKE_PREFIX_PATH=${CMAKE_PREFIX_PATH}:/Pav-S_ws/install/yolo_detector:/Pav-S_ws/install/yolov5_lib:/Pav-S_ws/install/nav2_simple_commander:/opt/ros/humble /usr/bin/cmake --install /Pav-S_ws/build/nav_2d_msgs
