[1.882s] Invoking command in '/Pav-S_ws/src/navigation2-humble/nav2_simple_commander': CMAKE_PREFIX_PATH=/Pav-S_ws/install/nav2_msgs:/Pav-S_ws/install/nav2_common:/ws_livox/install/pointcloud_to_laserscan:/ws_livox/install/livox_ros_driver2:/Pav-S_ws/install/wheeltec_robot_urdf:/Pav-S_ws/install/turn_on_wheeltec_robot:/Pav-S_ws/install/wheeltec_robot_msg:/Pav-S_ws/install/usb_cam:/Pav-S_ws/install/serial:/Pav-S_ws/install/robot_kcf:/Pav-S_ws/install/nav2_bringup:/Pav-S_ws/install/navigation2:/Pav-S_ws/install/nav2_smoother:/Pav-S_ws/install/nav2_rotation_shim_controller:/Pav-S_ws/install/nav2_graceful_controller:/Pav-S_ws/install/nav2_dwb_controller:/Pav-S_ws/install/nav2_controller:/Pav-S_ws/install/dwb_plugins:/Pav-S_ws/install/dwb_critics:/Pav-S_ws/install/dwb_core:/Pav-S_ws/install/nav_2d_utils:/Pav-S_ws/install/dwb_msgs:/Pav-S_ws/install/nav_2d_msgs:/Pav-S_ws/install/nav2_waypoint_follower:/Pav-S_ws/install/nav2_theta_star_planner:/Pav-S_ws/install/nav2_smac_planner:/Pav-S_ws/install/nav2_regulated_pure_pursuit_controller:/Pav-S_ws/install/nav2_planner:/Pav-S_ws/install/nav2_navfn_planner:/Pav-S_ws/install/nav2_mppi_controller:/Pav-S_ws/install/nav2_constrained_smoother:/Pav-S_ws/install/nav2_bt_navigator:/Pav-S_ws/install/nav2_behaviors:/Pav-S_ws/install/nav2_core:/Pav-S_ws/install/nav2_collision_monitor:/Pav-S_ws/install/costmap_queue:/Pav-S_ws/install/nav2_costmap_2d:/Pav-S_ws/install/nav2_voxel_grid:/Pav-S_ws/install/nav2_velocity_smoother:/Pav-S_ws/install/nav2_rviz_plugins:/Pav-S_ws/install/nav2_map_server:/Pav-S_ws/install/nav2_lifecycle_manager:/Pav-S_ws/install/nav2_behavior_tree:/Pav-S_ws/install/nav2_amcl:/Pav-S_ws/install/nav2_util:/Pav-S_ws/install/libuvc:/Pav-S_ws/install/fast_lio:/Pav-S_ws/install/astra_camera:/Pav-S_ws/install/astra_camera_msgs LD_LIBRARY_PATH=/Pav-S_ws/install/nav2_msgs/lib:/usr/local/cuda-12.2/lib64:/ws_livox/install/pointcloud_to_laserscan/lib:/ws_livox/install/livox_ros_driver2/lib:/Pav-S_ws/install/turn_on_wheeltec_robot/lib:/Pav-S_ws/install/wheeltec_robot_msg/lib:/Pav-S_ws/install/usb_cam/lib:/Pav-S_ws/install/serial/lib:/Pav-S_ws/install/nav2_smoother/lib:/Pav-S_ws/install/nav2_rotation_shim_controller/lib:/Pav-S_ws/install/nav2_graceful_controller/lib:/Pav-S_ws/install/nav2_controller/lib:/Pav-S_ws/install/dwb_plugins/lib:/Pav-S_ws/install/dwb_critics/lib:/Pav-S_ws/install/dwb_core/lib:/Pav-S_ws/install/nav_2d_utils/lib:/Pav-S_ws/install/dwb_msgs/lib:/Pav-S_ws/install/nav_2d_msgs/lib:/Pav-S_ws/install/nav2_waypoint_follower/lib:/Pav-S_ws/install/nav2_theta_star_planner/lib:/Pav-S_ws/install/nav2_smac_planner/lib:/Pav-S_ws/install/nav2_regulated_pure_pursuit_controller/lib:/Pav-S_ws/install/nav2_planner/lib:/Pav-S_ws/install/nav2_navfn_planner/lib:/Pav-S_ws/install/nav2_mppi_controller/lib:/Pav-S_ws/install/nav2_constrained_smoother/lib:/Pav-S_ws/install/nav2_bt_navigator/lib:/Pav-S_ws/install/nav2_behaviors/lib:/Pav-S_ws/install/nav2_collision_monitor/lib:/Pav-S_ws/install/costmap_queue/lib:/Pav-S_ws/install/nav2_costmap_2d/lib:/Pav-S_ws/install/nav2_voxel_grid/lib:/Pav-S_ws/install/nav2_velocity_smoother/lib:/Pav-S_ws/install/nav2_rviz_plugins/lib:/Pav-S_ws/install/nav2_map_server/lib:/Pav-S_ws/install/nav2_lifecycle_manager/lib:/Pav-S_ws/install/nav2_behavior_tree/lib:/Pav-S_ws/install/nav2_amcl/lib:/Pav-S_ws/install/nav2_util/lib:/Pav-S_ws/install/libuvc/lib:/Pav-S_ws/install/fast_lio/lib:/Pav-S_ws/install/astra_camera/lib:/Pav-S_ws/install/astra_camera_msgs/lib:/opt/ros/humble/opt/rviz_ogre_vendor/lib:/opt/ros/humble/lib/aarch64-linux-gnu:/opt/ros/humble/lib:/usr/local/cuda-12.2/lib64 PYTHONPATH=/Pav-S_ws/build/nav2_simple_commander/prefix_override:/usr/lib/python3/dist-packages/colcon_core/task/python/colcon_distutils_commands:/Pav-S_ws/install/nav2_simple_commander/lib/python3.10/site-packages:${PYTHONPATH} /usr/bin/python3 -W ignore:setup.py install is deprecated -W ignore:easy_install command is deprecated setup.py egg_info --egg-base ../../../build/nav2_simple_commander build --build-base /Pav-S_ws/build/nav2_simple_commander/build install --record /Pav-S_ws/build/nav2_simple_commander/install.log --single-version-externally-managed install_data
[2.591s] running egg_info
[2.592s] creating ../../../build/nav2_simple_commander/nav2_simple_commander.egg-info
[2.592s] writing ../../../build/nav2_simple_commander/nav2_simple_commander.egg-info/PKG-INFO
[2.593s] writing dependency_links to ../../../build/nav2_simple_commander/nav2_simple_commander.egg-info/dependency_links.txt
[2.593s] writing entry points to ../../../build/nav2_simple_commander/nav2_simple_commander.egg-info/entry_points.txt
[2.593s] writing requirements to ../../../build/nav2_simple_commander/nav2_simple_commander.egg-info/requires.txt
[2.594s] writing top-level names to ../../../build/nav2_simple_commander/nav2_simple_commander.egg-info/top_level.txt
[2.594s] writing manifest file '../../../build/nav2_simple_commander/nav2_simple_commander.egg-info/SOURCES.txt'
[2.599s] reading manifest file '../../../build/nav2_simple_commander/nav2_simple_commander.egg-info/SOURCES.txt'
[2.601s] writing manifest file '../../../build/nav2_simple_commander/nav2_simple_commander.egg-info/SOURCES.txt'
[2.601s] running build
[2.601s] running build_py
[2.601s] creating /Pav-S_ws/build/nav2_simple_commander/build
[2.602s] creating /Pav-S_ws/build/nav2_simple_commander/build/lib
[2.602s] creating /Pav-S_ws/build/nav2_simple_commander/build/lib/nav2_simple_commander
[2.602s] copying nav2_simple_commander/example_follow_path.py -> /Pav-S_ws/build/nav2_simple_commander/build/lib/nav2_simple_commander
[2.602s] copying nav2_simple_commander/demo_inspection.py -> /Pav-S_ws/build/nav2_simple_commander/build/lib/nav2_simple_commander
[2.602s] copying nav2_simple_commander/example_nav_through_poses.py -> /Pav-S_ws/build/nav2_simple_commander/build/lib/nav2_simple_commander
[2.603s] copying nav2_simple_commander/example_waypoint_follower.py -> /Pav-S_ws/build/nav2_simple_commander/build/lib/nav2_simple_commander
[2.603s] copying nav2_simple_commander/footprint_collision_checker.py -> /Pav-S_ws/build/nav2_simple_commander/build/lib/nav2_simple_commander
[2.603s] copying nav2_simple_commander/robot_navigator.py -> /Pav-S_ws/build/nav2_simple_commander/build/lib/nav2_simple_commander
[2.603s] copying nav2_simple_commander/example_assisted_teleop.py -> /Pav-S_ws/build/nav2_simple_commander/build/lib/nav2_simple_commander
[2.604s] copying nav2_simple_commander/demo_picking.py -> /Pav-S_ws/build/nav2_simple_commander/build/lib/nav2_simple_commander
[2.604s] copying nav2_simple_commander/line_iterator.py -> /Pav-S_ws/build/nav2_simple_commander/build/lib/nav2_simple_commander
[2.604s] copying nav2_simple_commander/demo_recoveries.py -> /Pav-S_ws/build/nav2_simple_commander/build/lib/nav2_simple_commander
[2.605s] copying nav2_simple_commander/__init__.py -> /Pav-S_ws/build/nav2_simple_commander/build/lib/nav2_simple_commander
[2.605s] copying nav2_simple_commander/costmap_2d.py -> /Pav-S_ws/build/nav2_simple_commander/build/lib/nav2_simple_commander
[2.605s] copying nav2_simple_commander/example_nav_to_pose.py -> /Pav-S_ws/build/nav2_simple_commander/build/lib/nav2_simple_commander
[2.605s] copying nav2_simple_commander/demo_security.py -> /Pav-S_ws/build/nav2_simple_commander/build/lib/nav2_simple_commander
[2.606s] running install
[2.607s] running install_lib
[2.609s] creating /Pav-S_ws/install/nav2_simple_commander/lib/python3.10/site-packages/nav2_simple_commander
[2.609s] copying /Pav-S_ws/build/nav2_simple_commander/build/lib/nav2_simple_commander/example_follow_path.py -> /Pav-S_ws/install/nav2_simple_commander/lib/python3.10/site-packages/nav2_simple_commander
[2.609s] copying /Pav-S_ws/build/nav2_simple_commander/build/lib/nav2_simple_commander/demo_inspection.py -> /Pav-S_ws/install/nav2_simple_commander/lib/python3.10/site-packages/nav2_simple_commander
[2.610s] copying /Pav-S_ws/build/nav2_simple_commander/build/lib/nav2_simple_commander/example_nav_through_poses.py -> /Pav-S_ws/install/nav2_simple_commander/lib/python3.10/site-packages/nav2_simple_commander
[2.610s] copying /Pav-S_ws/build/nav2_simple_commander/build/lib/nav2_simple_commander/example_waypoint_follower.py -> /Pav-S_ws/install/nav2_simple_commander/lib/python3.10/site-packages/nav2_simple_commander
[2.610s] copying /Pav-S_ws/build/nav2_simple_commander/build/lib/nav2_simple_commander/footprint_collision_checker.py -> /Pav-S_ws/install/nav2_simple_commander/lib/python3.10/site-packages/nav2_simple_commander
[2.610s] copying /Pav-S_ws/build/nav2_simple_commander/build/lib/nav2_simple_commander/robot_navigator.py -> /Pav-S_ws/install/nav2_simple_commander/lib/python3.10/site-packages/nav2_simple_commander
[2.611s] copying /Pav-S_ws/build/nav2_simple_commander/build/lib/nav2_simple_commander/example_assisted_teleop.py -> /Pav-S_ws/install/nav2_simple_commander/lib/python3.10/site-packages/nav2_simple_commander
[2.611s] copying /Pav-S_ws/build/nav2_simple_commander/build/lib/nav2_simple_commander/demo_picking.py -> /Pav-S_ws/install/nav2_simple_commander/lib/python3.10/site-packages/nav2_simple_commander
[2.611s] copying /Pav-S_ws/build/nav2_simple_commander/build/lib/nav2_simple_commander/line_iterator.py -> /Pav-S_ws/install/nav2_simple_commander/lib/python3.10/site-packages/nav2_simple_commander
[2.611s] copying /Pav-S_ws/build/nav2_simple_commander/build/lib/nav2_simple_commander/demo_recoveries.py -> /Pav-S_ws/install/nav2_simple_commander/lib/python3.10/site-packages/nav2_simple_commander
[2.611s] copying /Pav-S_ws/build/nav2_simple_commander/build/lib/nav2_simple_commander/__init__.py -> /Pav-S_ws/install/nav2_simple_commander/lib/python3.10/site-packages/nav2_simple_commander
[2.612s] copying /Pav-S_ws/build/nav2_simple_commander/build/lib/nav2_simple_commander/costmap_2d.py -> /Pav-S_ws/install/nav2_simple_commander/lib/python3.10/site-packages/nav2_simple_commander
[2.612s] copying /Pav-S_ws/build/nav2_simple_commander/build/lib/nav2_simple_commander/example_nav_to_pose.py -> /Pav-S_ws/install/nav2_simple_commander/lib/python3.10/site-packages/nav2_simple_commander
[2.612s] copying /Pav-S_ws/build/nav2_simple_commander/build/lib/nav2_simple_commander/demo_security.py -> /Pav-S_ws/install/nav2_simple_commander/lib/python3.10/site-packages/nav2_simple_commander
[2.614s] byte-compiling /Pav-S_ws/install/nav2_simple_commander/lib/python3.10/site-packages/nav2_simple_commander/example_follow_path.py to example_follow_path.cpython-310.pyc
[2.615s] byte-compiling /Pav-S_ws/install/nav2_simple_commander/lib/python3.10/site-packages/nav2_simple_commander/demo_inspection.py to demo_inspection.cpython-310.pyc
[2.617s] byte-compiling /Pav-S_ws/install/nav2_simple_commander/lib/python3.10/site-packages/nav2_simple_commander/example_nav_through_poses.py to example_nav_through_poses.cpython-310.pyc
[2.618s] byte-compiling /Pav-S_ws/install/nav2_simple_commander/lib/python3.10/site-packages/nav2_simple_commander/example_waypoint_follower.py to example_waypoint_follower.cpython-310.pyc
[2.620s] byte-compiling /Pav-S_ws/install/nav2_simple_commander/lib/python3.10/site-packages/nav2_simple_commander/footprint_collision_checker.py to footprint_collision_checker.cpython-310.pyc
[2.622s] byte-compiling /Pav-S_ws/install/nav2_simple_commander/lib/python3.10/site-packages/nav2_simple_commander/robot_navigator.py to robot_navigator.cpython-310.pyc
[2.630s] byte-compiling /Pav-S_ws/install/nav2_simple_commander/lib/python3.10/site-packages/nav2_simple_commander/example_assisted_teleop.py to example_assisted_teleop.cpython-310.pyc
[2.631s] byte-compiling /Pav-S_ws/install/nav2_simple_commander/lib/python3.10/site-packages/nav2_simple_commander/demo_picking.py to demo_picking.cpython-310.pyc
[2.632s] byte-compiling /Pav-S_ws/install/nav2_simple_commander/lib/python3.10/site-packages/nav2_simple_commander/line_iterator.py to line_iterator.cpython-310.pyc
[2.634s] byte-compiling /Pav-S_ws/install/nav2_simple_commander/lib/python3.10/site-packages/nav2_simple_commander/demo_recoveries.py to demo_recoveries.cpython-310.pyc
[2.635s] byte-compiling /Pav-S_ws/install/nav2_simple_commander/lib/python3.10/site-packages/nav2_simple_commander/__init__.py to __init__.cpython-310.pyc
[2.635s] byte-compiling /Pav-S_ws/install/nav2_simple_commander/lib/python3.10/site-packages/nav2_simple_commander/costmap_2d.py to costmap_2d.cpython-310.pyc
[2.637s] byte-compiling /Pav-S_ws/install/nav2_simple_commander/lib/python3.10/site-packages/nav2_simple_commander/example_nav_to_pose.py to example_nav_to_pose.cpython-310.pyc
[2.638s] byte-compiling /Pav-S_ws/install/nav2_simple_commander/lib/python3.10/site-packages/nav2_simple_commander/demo_security.py to demo_security.cpython-310.pyc
[2.639s] running install_data
[2.639s] creating /Pav-S_ws/install/nav2_simple_commander/share/ament_index
[2.639s] creating /Pav-S_ws/install/nav2_simple_commander/share/ament_index/resource_index
[2.640s] creating /Pav-S_ws/install/nav2_simple_commander/share/ament_index/resource_index/packages
[2.640s] copying resource/nav2_simple_commander -> /Pav-S_ws/install/nav2_simple_commander/share/ament_index/resource_index/packages
[2.640s] copying package.xml -> /Pav-S_ws/install/nav2_simple_commander/share/nav2_simple_commander
[2.641s] copying launch/waypoint_follower_example_launch.py -> /Pav-S_ws/install/nav2_simple_commander/share/nav2_simple_commander
[2.641s] copying launch/follow_path_example_launch.py -> /Pav-S_ws/install/nav2_simple_commander/share/nav2_simple_commander
[2.641s] copying launch/security_demo_launch.py -> /Pav-S_ws/install/nav2_simple_commander/share/nav2_simple_commander
[2.641s] copying launch/nav_to_pose_example_launch.py -> /Pav-S_ws/install/nav2_simple_commander/share/nav2_simple_commander
[2.641s] copying launch/picking_demo_launch.py -> /Pav-S_ws/install/nav2_simple_commander/share/nav2_simple_commander
[2.642s] copying launch/nav_through_poses_example_launch.py -> /Pav-S_ws/install/nav2_simple_commander/share/nav2_simple_commander
[2.642s] copying launch/warehouse.world -> /Pav-S_ws/install/nav2_simple_commander/share/nav2_simple_commander
[2.642s] copying launch/inspection_demo_launch.py -> /Pav-S_ws/install/nav2_simple_commander/share/nav2_simple_commander
[2.642s] copying launch/recoveries_example_launch.py -> /Pav-S_ws/install/nav2_simple_commander/share/nav2_simple_commander
[2.642s] copying launch/assisted_teleop_example_launch.py -> /Pav-S_ws/install/nav2_simple_commander/share/nav2_simple_commander
[2.643s] running install_egg_info
[2.648s] Copying ../../../build/nav2_simple_commander/nav2_simple_commander.egg-info to /Pav-S_ws/install/nav2_simple_commander/lib/python3.10/site-packages/nav2_simple_commander-1.0.0-py3.10.egg-info
[2.650s] running install_scripts
[2.694s] Installing demo_inspection script to /Pav-S_ws/install/nav2_simple_commander/lib/nav2_simple_commander
[2.694s] Installing demo_picking script to /Pav-S_ws/install/nav2_simple_commander/lib/nav2_simple_commander
[2.694s] Installing demo_recoveries script to /Pav-S_ws/install/nav2_simple_commander/lib/nav2_simple_commander
[2.694s] Installing demo_security script to /Pav-S_ws/install/nav2_simple_commander/lib/nav2_simple_commander
[2.695s] Installing example_assisted_teleop script to /Pav-S_ws/install/nav2_simple_commander/lib/nav2_simple_commander
[2.695s] Installing example_follow_path script to /Pav-S_ws/install/nav2_simple_commander/lib/nav2_simple_commander
[2.695s] Installing example_nav_through_poses script to /Pav-S_ws/install/nav2_simple_commander/lib/nav2_simple_commander
[2.695s] Installing example_nav_to_pose script to /Pav-S_ws/install/nav2_simple_commander/lib/nav2_simple_commander
[2.695s] Installing example_waypoint_follower script to /Pav-S_ws/install/nav2_simple_commander/lib/nav2_simple_commander
[2.696s] writing list of installed files to '/Pav-S_ws/build/nav2_simple_commander/install.log'
[2.787s] Invoked command in '/Pav-S_ws/src/navigation2-humble/nav2_simple_commander' returned '0': CMAKE_PREFIX_PATH=/Pav-S_ws/install/nav2_msgs:/Pav-S_ws/install/nav2_common:/ws_livox/install/pointcloud_to_laserscan:/ws_livox/install/livox_ros_driver2:/Pav-S_ws/install/wheeltec_robot_urdf:/Pav-S_ws/install/turn_on_wheeltec_robot:/Pav-S_ws/install/wheeltec_robot_msg:/Pav-S_ws/install/usb_cam:/Pav-S_ws/install/serial:/Pav-S_ws/install/robot_kcf:/Pav-S_ws/install/nav2_bringup:/Pav-S_ws/install/navigation2:/Pav-S_ws/install/nav2_smoother:/Pav-S_ws/install/nav2_rotation_shim_controller:/Pav-S_ws/install/nav2_graceful_controller:/Pav-S_ws/install/nav2_dwb_controller:/Pav-S_ws/install/nav2_controller:/Pav-S_ws/install/dwb_plugins:/Pav-S_ws/install/dwb_critics:/Pav-S_ws/install/dwb_core:/Pav-S_ws/install/nav_2d_utils:/Pav-S_ws/install/dwb_msgs:/Pav-S_ws/install/nav_2d_msgs:/Pav-S_ws/install/nav2_waypoint_follower:/Pav-S_ws/install/nav2_theta_star_planner:/Pav-S_ws/install/nav2_smac_planner:/Pav-S_ws/install/nav2_regulated_pure_pursuit_controller:/Pav-S_ws/install/nav2_planner:/Pav-S_ws/install/nav2_navfn_planner:/Pav-S_ws/install/nav2_mppi_controller:/Pav-S_ws/install/nav2_constrained_smoother:/Pav-S_ws/install/nav2_bt_navigator:/Pav-S_ws/install/nav2_behaviors:/Pav-S_ws/install/nav2_core:/Pav-S_ws/install/nav2_collision_monitor:/Pav-S_ws/install/costmap_queue:/Pav-S_ws/install/nav2_costmap_2d:/Pav-S_ws/install/nav2_voxel_grid:/Pav-S_ws/install/nav2_velocity_smoother:/Pav-S_ws/install/nav2_rviz_plugins:/Pav-S_ws/install/nav2_map_server:/Pav-S_ws/install/nav2_lifecycle_manager:/Pav-S_ws/install/nav2_behavior_tree:/Pav-S_ws/install/nav2_amcl:/Pav-S_ws/install/nav2_util:/Pav-S_ws/install/libuvc:/Pav-S_ws/install/fast_lio:/Pav-S_ws/install/astra_camera:/Pav-S_ws/install/astra_camera_msgs LD_LIBRARY_PATH=/Pav-S_ws/install/nav2_msgs/lib:/usr/local/cuda-12.2/lib64:/ws_livox/install/pointcloud_to_laserscan/lib:/ws_livox/install/livox_ros_driver2/lib:/Pav-S_ws/install/turn_on_wheeltec_robot/lib:/Pav-S_ws/install/wheeltec_robot_msg/lib:/Pav-S_ws/install/usb_cam/lib:/Pav-S_ws/install/serial/lib:/Pav-S_ws/install/nav2_smoother/lib:/Pav-S_ws/install/nav2_rotation_shim_controller/lib:/Pav-S_ws/install/nav2_graceful_controller/lib:/Pav-S_ws/install/nav2_controller/lib:/Pav-S_ws/install/dwb_plugins/lib:/Pav-S_ws/install/dwb_critics/lib:/Pav-S_ws/install/dwb_core/lib:/Pav-S_ws/install/nav_2d_utils/lib:/Pav-S_ws/install/dwb_msgs/lib:/Pav-S_ws/install/nav_2d_msgs/lib:/Pav-S_ws/install/nav2_waypoint_follower/lib:/Pav-S_ws/install/nav2_theta_star_planner/lib:/Pav-S_ws/install/nav2_smac_planner/lib:/Pav-S_ws/install/nav2_regulated_pure_pursuit_controller/lib:/Pav-S_ws/install/nav2_planner/lib:/Pav-S_ws/install/nav2_navfn_planner/lib:/Pav-S_ws/install/nav2_mppi_controller/lib:/Pav-S_ws/install/nav2_constrained_smoother/lib:/Pav-S_ws/install/nav2_bt_navigator/lib:/Pav-S_ws/install/nav2_behaviors/lib:/Pav-S_ws/install/nav2_collision_monitor/lib:/Pav-S_ws/install/costmap_queue/lib:/Pav-S_ws/install/nav2_costmap_2d/lib:/Pav-S_ws/install/nav2_voxel_grid/lib:/Pav-S_ws/install/nav2_velocity_smoother/lib:/Pav-S_ws/install/nav2_rviz_plugins/lib:/Pav-S_ws/install/nav2_map_server/lib:/Pav-S_ws/install/nav2_lifecycle_manager/lib:/Pav-S_ws/install/nav2_behavior_tree/lib:/Pav-S_ws/install/nav2_amcl/lib:/Pav-S_ws/install/nav2_util/lib:/Pav-S_ws/install/libuvc/lib:/Pav-S_ws/install/fast_lio/lib:/Pav-S_ws/install/astra_camera/lib:/Pav-S_ws/install/astra_camera_msgs/lib:/opt/ros/humble/opt/rviz_ogre_vendor/lib:/opt/ros/humble/lib/aarch64-linux-gnu:/opt/ros/humble/lib:/usr/local/cuda-12.2/lib64 PYTHONPATH=/Pav-S_ws/build/nav2_simple_commander/prefix_override:/usr/lib/python3/dist-packages/colcon_core/task/python/colcon_distutils_commands:/Pav-S_ws/install/nav2_simple_commander/lib/python3.10/site-packages:${PYTHONPATH} /usr/bin/python3 -W ignore:setup.py install is deprecated -W ignore:easy_install command is deprecated setup.py egg_info --egg-base ../../../build/nav2_simple_commander build --build-base /Pav-S_ws/build/nav2_simple_commander/build install --record /Pav-S_ws/build/nav2_simple_commander/install.log --single-version-externally-managed install_data
