[0.035s] Invoking command in '/Pav-S_ws/build/wheeltec_robot_urdf': CMAKE_PREFIX_PATH=${CMAKE_PREFIX_PATH}:/Pav-S_ws/install/yolo_detector:/Pav-S_ws/install/yolov5_lib:/Pav-S_ws/install/nav2_simple_commander:/opt/ros/humble /usr/bin/cmake /Pav-S_ws/src/wheeltec_robot_urdf/wheeltec_robot_urdf -DCMAKE_INSTALL_PREFIX=/Pav-S_ws/install/wheeltec_robot_urdf
[0.169s] -- Found ament_cmake: 1.3.12 (/opt/ros/humble/share/ament_cmake/cmake)
[0.526s] -- Found urdf: 2.6.1 (/opt/ros/humble/share/urdf/cmake)
[0.820s] -- Configuring done
[0.837s] -- Generating done
[0.842s] -- Build files have been written to: /Pav-S_ws/build/wheeltec_robot_urdf
[0.885s] Invoked command in '/Pav-S_ws/build/wheeltec_robot_urdf' returned '0': CMAKE_PREFIX_PATH=${CMAKE_PREFIX_PATH}:/Pav-S_ws/install/yolo_detector:/Pav-S_ws/install/yolov5_lib:/Pav-S_ws/install/nav2_simple_commander:/opt/ros/humble /usr/bin/cmake /Pav-S_ws/src/wheeltec_robot_urdf/wheeltec_robot_urdf -DCMAKE_INSTALL_PREFIX=/Pav-S_ws/install/wheeltec_robot_urdf
[0.886s] Invoking command in '/Pav-S_ws/build/wheeltec_robot_urdf': CMAKE_PREFIX_PATH=${CMAKE_PREFIX_PATH}:/Pav-S_ws/install/yolo_detector:/Pav-S_ws/install/yolov5_lib:/Pav-S_ws/install/nav2_simple_commander:/opt/ros/humble /usr/bin/cmake --build /Pav-S_ws/build/wheeltec_robot_urdf -- -j6 -l6
[0.984s] -- Found ament_cmake: 1.3.12 (/opt/ros/humble/share/ament_cmake/cmake)
[1.401s] -- Found urdf: 2.6.1 (/opt/ros/humble/share/urdf/cmake)
[1.666s] -- Configuring done
[1.682s] -- Generating done
[1.686s] -- Build files have been written to: /Pav-S_ws/build/wheeltec_robot_urdf
[1.789s] Invoked command in '/Pav-S_ws/build/wheeltec_robot_urdf' returned '0': CMAKE_PREFIX_PATH=${CMAKE_PREFIX_PATH}:/Pav-S_ws/install/yolo_detector:/Pav-S_ws/install/yolov5_lib:/Pav-S_ws/install/nav2_simple_commander:/opt/ros/humble /usr/bin/cmake --build /Pav-S_ws/build/wheeltec_robot_urdf -- -j6 -l6
[1.794s] Invoking command in '/Pav-S_ws/build/wheeltec_robot_urdf': CMAKE_PREFIX_PATH=${CMAKE_PREFIX_PATH}:/Pav-S_ws/install/yolo_detector:/Pav-S_ws/install/yolov5_lib:/Pav-S_ws/install/nav2_simple_commander:/opt/ros/humble /usr/bin/cmake --install /Pav-S_ws/build/wheeltec_robot_urdf
[2.295s] -- Install configuration: "Release"
[2.295s] -- Up-to-date: /Pav-S_ws/install/wheeltec_robot_urdf/share/wheeltec_robot_urdf/meshes
[2.295s] -- Up-to-date: /Pav-S_ws/install/wheeltec_robot_urdf/share/wheeltec_robot_urdf/meshes/bases
[2.296s] -- Up-to-date: /Pav-S_ws/install/wheeltec_robot_urdf/share/wheeltec_robot_urdf/meshes/bases/burger_base.stl
[2.296s] -- Up-to-date: /Pav-S_ws/install/wheeltec_robot_urdf/share/wheeltec_robot_urdf/meshes/bases/waffle_pi_base.stl
[2.296s] -- Up-to-date: /Pav-S_ws/install/wheeltec_robot_urdf/share/wheeltec_robot_urdf/meshes/bases/waffle_base.stl
[2.296s] -- Up-to-date: /Pav-S_ws/install/wheeltec_robot_urdf/share/wheeltec_robot_urdf/meshes/mini_akm_meshes
[2.296s] -- Up-to-date: /Pav-S_ws/install/wheeltec_robot_urdf/share/wheeltec_robot_urdf/meshes/mini_akm_meshes/lf_link.STL
[2.296s] -- Up-to-date: /Pav-S_ws/install/wheeltec_robot_urdf/share/wheeltec_robot_urdf/meshes/mini_akm_meshes/controller_link.STL
[2.296s] -- Up-to-date: /Pav-S_ws/install/wheeltec_robot_urdf/share/wheeltec_robot_urdf/meshes/mini_akm_meshes/camera_link.STL
[2.297s] -- Up-to-date: /Pav-S_ws/install/wheeltec_robot_urdf/share/wheeltec_robot_urdf/meshes/mini_akm_meshes/laser_link.STL
[2.297s] -- Up-to-date: /Pav-S_ws/install/wheeltec_robot_urdf/share/wheeltec_robot_urdf/meshes/mini_akm_meshes/front_link.STL
[2.297s] -- Up-to-date: /Pav-S_ws/install/wheeltec_robot_urdf/share/wheeltec_robot_urdf/meshes/mini_akm_meshes/rb_link.STL
[2.297s] -- Up-to-date: /Pav-S_ws/install/wheeltec_robot_urdf/share/wheeltec_robot_urdf/meshes/mini_akm_meshes/right_link.STL
[2.297s] -- Up-to-date: /Pav-S_ws/install/wheeltec_robot_urdf/share/wheeltec_robot_urdf/meshes/mini_akm_meshes/lb_link.STL
[2.297s] -- Up-to-date: /Pav-S_ws/install/wheeltec_robot_urdf/share/wheeltec_robot_urdf/meshes/mini_akm_meshes/left_link.STL
[2.297s] -- Up-to-date: /Pav-S_ws/install/wheeltec_robot_urdf/share/wheeltec_robot_urdf/meshes/mini_akm_meshes/base_link.STL
[2.297s] -- Up-to-date: /Pav-S_ws/install/wheeltec_robot_urdf/share/wheeltec_robot_urdf/meshes/mini_akm_meshes/rf_link.STL
[2.297s] -- Up-to-date: /Pav-S_ws/install/wheeltec_robot_urdf/share/wheeltec_robot_urdf/meshes/mini_akm_robot_meshes
[2.298s] -- Up-to-date: /Pav-S_ws/install/wheeltec_robot_urdf/share/wheeltec_robot_urdf/meshes/mini_akm_robot_meshes/lf_link.STL
[2.298s] -- Up-to-date: /Pav-S_ws/install/wheeltec_robot_urdf/share/wheeltec_robot_urdf/meshes/mini_akm_robot_meshes/controller_link.STL
[2.298s] -- Up-to-date: /Pav-S_ws/install/wheeltec_robot_urdf/share/wheeltec_robot_urdf/meshes/mini_akm_robot_meshes/camera_link.STL
[2.298s] -- Up-to-date: /Pav-S_ws/install/wheeltec_robot_urdf/share/wheeltec_robot_urdf/meshes/mini_akm_robot_meshes/front_link.STL
[2.298s] -- Up-to-date: /Pav-S_ws/install/wheeltec_robot_urdf/share/wheeltec_robot_urdf/meshes/mini_akm_robot_meshes/laser.STL
[2.298s] -- Up-to-date: /Pav-S_ws/install/wheeltec_robot_urdf/share/wheeltec_robot_urdf/meshes/mini_akm_robot_meshes/rb_link.STL
[2.298s] -- Up-to-date: /Pav-S_ws/install/wheeltec_robot_urdf/share/wheeltec_robot_urdf/meshes/mini_akm_robot_meshes/right_link.STL
[2.298s] -- Up-to-date: /Pav-S_ws/install/wheeltec_robot_urdf/share/wheeltec_robot_urdf/meshes/mini_akm_robot_meshes/lb_link.STL
[2.298s] -- Up-to-date: /Pav-S_ws/install/wheeltec_robot_urdf/share/wheeltec_robot_urdf/meshes/mini_akm_robot_meshes/left_link.STL
[2.299s] -- Up-to-date: /Pav-S_ws/install/wheeltec_robot_urdf/share/wheeltec_robot_urdf/meshes/mini_akm_robot_meshes/base_link.STL
[2.299s] -- Up-to-date: /Pav-S_ws/install/wheeltec_robot_urdf/share/wheeltec_robot_urdf/meshes/mini_akm_robot_meshes/rf_link.STL
[2.299s] -- Up-to-date: /Pav-S_ws/install/wheeltec_robot_urdf/share/wheeltec_robot_urdf/rviz
[2.299s] -- Up-to-date: /Pav-S_ws/install/wheeltec_robot_urdf/share/wheeltec_robot_urdf/rviz/model.rviz
[2.299s] -- Up-to-date: /Pav-S_ws/install/wheeltec_robot_urdf/share/wheeltec_robot_urdf/urdf
[2.299s] -- Up-to-date: /Pav-S_ws/install/wheeltec_robot_urdf/share/wheeltec_robot_urdf/urdf/mini_akm_robot.urdf
[2.299s] -- Up-to-date: /Pav-S_ws/install/wheeltec_robot_urdf/share/ament_index/resource_index/package_run_dependencies/wheeltec_robot_urdf
[2.299s] -- Installing: /Pav-S_ws/install/wheeltec_robot_urdf/share/ament_index/resource_index/parent_prefix_path/wheeltec_robot_urdf
[2.299s] -- Up-to-date: /Pav-S_ws/install/wheeltec_robot_urdf/share/wheeltec_robot_urdf/environment/ament_prefix_path.sh
[2.300s] -- Installing: /Pav-S_ws/install/wheeltec_robot_urdf/share/wheeltec_robot_urdf/environment/ament_prefix_path.dsv
[2.300s] -- Up-to-date: /Pav-S_ws/install/wheeltec_robot_urdf/share/wheeltec_robot_urdf/environment/path.sh
[2.300s] -- Installing: /Pav-S_ws/install/wheeltec_robot_urdf/share/wheeltec_robot_urdf/environment/path.dsv
[2.300s] -- Up-to-date: /Pav-S_ws/install/wheeltec_robot_urdf/share/wheeltec_robot_urdf/local_setup.bash
[2.300s] -- Up-to-date: /Pav-S_ws/install/wheeltec_robot_urdf/share/wheeltec_robot_urdf/local_setup.sh
[2.300s] -- Up-to-date: /Pav-S_ws/install/wheeltec_robot_urdf/share/wheeltec_robot_urdf/local_setup.zsh
[2.300s] -- Installing: /Pav-S_ws/install/wheeltec_robot_urdf/share/wheeltec_robot_urdf/local_setup.dsv
[2.300s] -- Installing: /Pav-S_ws/install/wheeltec_robot_urdf/share/wheeltec_robot_urdf/package.dsv
[2.300s] -- Up-to-date: /Pav-S_ws/install/wheeltec_robot_urdf/share/ament_index/resource_index/packages/wheeltec_robot_urdf
[2.301s] -- Up-to-date: /Pav-S_ws/install/wheeltec_robot_urdf/share/wheeltec_robot_urdf/cmake/wheeltec_robot_urdfConfig.cmake
[2.301s] -- Up-to-date: /Pav-S_ws/install/wheeltec_robot_urdf/share/wheeltec_robot_urdf/cmake/wheeltec_robot_urdfConfig-version.cmake
[2.301s] -- Up-to-date: /Pav-S_ws/install/wheeltec_robot_urdf/share/wheeltec_robot_urdf/package.xml
[2.313s] Invoked command in '/Pav-S_ws/build/wheeltec_robot_urdf' returned '0': CMAKE_PREFIX_PATH=${CMAKE_PREFIX_PATH}:/Pav-S_ws/install/yolo_detector:/Pav-S_ws/install/yolov5_lib:/Pav-S_ws/install/nav2_simple_commander:/opt/ros/humble /usr/bin/cmake --install /Pav-S_ws/build/wheeltec_robot_urdf
