-- The C compiler identification is GNU 11.4.0
-- The CXX compiler identification is GNU 11.4.0
-- Detecting C compiler ABI info
-- Detecting C compiler ABI info - done
-- Check for working C compiler: /usr/bin/cc - skipped
-- Detecting C compile features
-- Detecting C compile features - done
-- Detecting CXX compiler ABI info
-- Detecting CXX compiler ABI info - done
-- Check for working CXX compiler: /usr/bin/c++ - skipped
-- Detecting CXX compile features
-- Detecting CXX compile features - done
-- Found ament_cmake: 1.3.12 (/opt/ros/humble/share/ament_cmake/cmake)
-- Found Python3: /usr/bin/python3 (found version "3.10.12") found components: Interpreter 
-- Found nav2_common: 1.1.18 (/Pav-S_ws/install/nav2_common/share/nav2_common/cmake)
-- Found rclcpp: 16.0.15 (/opt/ros/humble/share/rclcpp/cmake)
-- Found rosidl_generator_c: 3.1.7 (/opt/ros/humble/share/rosidl_generator_c/cmake)
-- Found rosidl_adapter: 3.1.7 (/opt/ros/humble/share/rosidl_adapter/cmake)
-- Found rosidl_generator_cpp: 3.1.7 (/opt/ros/humble/share/rosidl_generator_cpp/cmake)
-- Using all available rosidl_typesupport_c: rosidl_typesupport_fastrtps_c;rosidl_typesupport_introspection_c
-- Using all available rosidl_typesupport_cpp: rosidl_typesupport_fastrtps_cpp;rosidl_typesupport_introspection_cpp
-- Found rmw_implementation_cmake: 6.1.2 (/opt/ros/humble/share/rmw_implementation_cmake/cmake)
-- Found rmw_fastrtps_cpp: 6.2.8 (/opt/ros/humble/share/rmw_fastrtps_cpp/cmake)
-- Found OpenSSL: /usr/lib/aarch64-linux-gnu/libcrypto.so (found version "3.0.2")  
-- Found FastRTPS: /opt/ros/humble/include  
-- Using RMW implementation 'rmw_fastrtps_cpp' as default
-- Looking for pthread.h
-- Looking for pthread.h - found
-- Performing Test CMAKE_HAVE_LIBC_PTHREAD
-- Performing Test CMAKE_HAVE_LIBC_PTHREAD - Success
-- Found Threads: TRUE  
-- Found ament_lint_auto: 0.12.14 (/opt/ros/humble/share/ament_lint_auto/cmake)
-- Found gtest sources under '/opt/ros/humble/src/gtest_vendor': C++ tests using 'Google Test' will be built
-- Added test 'cppcheck' to perform static code analysis on C / C++ code
-- Configured cppcheck include dirs: /Pav-S_ws/src/navigation2-humble/nav2_voxel_grid/include
-- Configured cppcheck exclude dirs and/or files: 
-- Added test 'cpplint' to check C / C++ code against the Google style
-- Configured cpplint exclude dirs and/or files: 
-- Added test 'lint_cmake' to check CMake code style
-- Added test 'uncrustify' to check C / C++ code style
-- Configured uncrustify additional arguments: 
-- Added test 'xmllint' to check XML markup files
-- Configuring done
-- Generating done
-- Build files have been written to: /Pav-S_ws/build/nav2_voxel_grid
[ 10%] [32mBuilding CXX object CMakeFiles/voxel_grid.dir/src/voxel_grid.cpp.o[0m
[ 20%] [32m[1mLinking CXX shared library libvoxel_grid.so[0m
[ 20%] Built target voxel_grid
[ 30%] [32mBuilding CXX object gtest/CMakeFiles/gtest.dir/src/gtest-all.cc.o[0m
[ 40%] [32m[1mLinking CXX static library libgtest.a[0m
[ 40%] Built target gtest
[ 50%] [32mBuilding CXX object gtest/CMakeFiles/gtest_main.dir/src/gtest_main.cc.o[0m
[ 60%] [32m[1mLinking CXX static library libgtest_main.a[0m
[ 60%] Built target gtest_main
[ 70%] [32mBuilding CXX object test/CMakeFiles/voxel_grid_tests.dir/voxel_grid_tests.cpp.o[0m
[ 80%] [32m[1mLinking CXX executable voxel_grid_tests[0m
[ 80%] Built target voxel_grid_tests
[ 90%] [32mBuilding CXX object test/CMakeFiles/voxel_grid_bresenham_3d.dir/voxel_grid_bresenham_3d.cpp.o[0m
[100%] [32m[1mLinking CXX executable voxel_grid_bresenham_3d[0m
[100%] Built target voxel_grid_bresenham_3d
-- Install configuration: "Release"
-- Installing: /Pav-S_ws/install/nav2_voxel_grid/lib/libvoxel_grid.so
-- Set runtime path of "/Pav-S_ws/install/nav2_voxel_grid/lib/libvoxel_grid.so" to ""
-- Installing: /Pav-S_ws/install/nav2_voxel_grid/include
-- Installing: /Pav-S_ws/install/nav2_voxel_grid/include/nav2_voxel_grid
-- Installing: /Pav-S_ws/install/nav2_voxel_grid/include/nav2_voxel_grid/voxel_grid.hpp
-- Installing: /Pav-S_ws/install/nav2_voxel_grid/share/nav2_voxel_grid/environment/library_path.sh
-- Installing: /Pav-S_ws/install/nav2_voxel_grid/share/nav2_voxel_grid/environment/library_path.dsv
-- Installing: /Pav-S_ws/install/nav2_voxel_grid/share/ament_index/resource_index/package_run_dependencies/nav2_voxel_grid
-- Installing: /Pav-S_ws/install/nav2_voxel_grid/share/ament_index/resource_index/parent_prefix_path/nav2_voxel_grid
-- Installing: /Pav-S_ws/install/nav2_voxel_grid/share/nav2_voxel_grid/environment/ament_prefix_path.sh
-- Installing: /Pav-S_ws/install/nav2_voxel_grid/share/nav2_voxel_grid/environment/ament_prefix_path.dsv
-- Installing: /Pav-S_ws/install/nav2_voxel_grid/share/nav2_voxel_grid/environment/path.sh
-- Installing: /Pav-S_ws/install/nav2_voxel_grid/share/nav2_voxel_grid/environment/path.dsv
-- Installing: /Pav-S_ws/install/nav2_voxel_grid/share/nav2_voxel_grid/local_setup.bash
-- Installing: /Pav-S_ws/install/nav2_voxel_grid/share/nav2_voxel_grid/local_setup.sh
-- Installing: /Pav-S_ws/install/nav2_voxel_grid/share/nav2_voxel_grid/local_setup.zsh
-- Installing: /Pav-S_ws/install/nav2_voxel_grid/share/nav2_voxel_grid/local_setup.dsv
-- Installing: /Pav-S_ws/install/nav2_voxel_grid/share/nav2_voxel_grid/package.dsv
-- Installing: /Pav-S_ws/install/nav2_voxel_grid/share/ament_index/resource_index/packages/nav2_voxel_grid
-- Installing: /Pav-S_ws/install/nav2_voxel_grid/share/nav2_voxel_grid/cmake/ament_cmake_export_dependencies-extras.cmake
-- Installing: /Pav-S_ws/install/nav2_voxel_grid/share/nav2_voxel_grid/cmake/ament_cmake_export_include_directories-extras.cmake
-- Installing: /Pav-S_ws/install/nav2_voxel_grid/share/nav2_voxel_grid/cmake/ament_cmake_export_libraries-extras.cmake
-- Installing: /Pav-S_ws/install/nav2_voxel_grid/share/nav2_voxel_grid/cmake/nav2_voxel_gridConfig.cmake
-- Installing: /Pav-S_ws/install/nav2_voxel_grid/share/nav2_voxel_grid/cmake/nav2_voxel_gridConfig-version.cmake
-- Installing: /Pav-S_ws/install/nav2_voxel_grid/share/nav2_voxel_grid/package.xml
