[0.096s] Invoking command in '/Pav-S_ws/build/nav2_voxel_grid': CMAKE_PREFIX_PATH=/Pav-S_ws/install/nav2_common:/ws_livox/install/pointcloud_to_laserscan:/ws_livox/install/livox_ros_driver2:/Pav-S_ws/install/wheeltec_robot_urdf:/Pav-S_ws/install/turn_on_wheeltec_robot:/Pav-S_ws/install/wheeltec_robot_msg:/Pav-S_ws/install/usb_cam:/Pav-S_ws/install/serial:/Pav-S_ws/install/robot_kcf:/Pav-S_ws/install/nav2_bringup:/Pav-S_ws/install/navigation2:/Pav-S_ws/install/nav2_smoother:/Pav-S_ws/install/nav2_rotation_shim_controller:/Pav-S_ws/install/nav2_graceful_controller:/Pav-S_ws/install/nav2_dwb_controller:/Pav-S_ws/install/nav2_controller:/Pav-S_ws/install/dwb_plugins:/Pav-S_ws/install/dwb_critics:/Pav-S_ws/install/dwb_core:/Pav-S_ws/install/nav_2d_utils:/Pav-S_ws/install/dwb_msgs:/Pav-S_ws/install/nav_2d_msgs:/Pav-S_ws/install/nav2_waypoint_follower:/Pav-S_ws/install/nav2_theta_star_planner:/Pav-S_ws/install/nav2_smac_planner:/Pav-S_ws/install/nav2_regulated_pure_pursuit_controller:/Pav-S_ws/install/nav2_planner:/Pav-S_ws/install/nav2_navfn_planner:/Pav-S_ws/install/nav2_mppi_controller:/Pav-S_ws/install/nav2_constrained_smoother:/Pav-S_ws/install/nav2_bt_navigator:/Pav-S_ws/install/nav2_behaviors:/Pav-S_ws/install/nav2_core:/Pav-S_ws/install/nav2_collision_monitor:/Pav-S_ws/install/costmap_queue:/Pav-S_ws/install/nav2_costmap_2d:/Pav-S_ws/install/nav2_voxel_grid:/Pav-S_ws/install/nav2_velocity_smoother:/Pav-S_ws/install/nav2_rviz_plugins:/Pav-S_ws/install/nav2_map_server:/Pav-S_ws/install/nav2_lifecycle_manager:/Pav-S_ws/install/nav2_behavior_tree:/Pav-S_ws/install/nav2_amcl:/Pav-S_ws/install/nav2_util:/Pav-S_ws/install/nav2_msgs:/Pav-S_ws/install/libuvc:/Pav-S_ws/install/fast_lio:/Pav-S_ws/install/astra_camera:/Pav-S_ws/install/astra_camera_msgs:/Pav-S_ws/install/yolo_detector:/Pav-S_ws/install/yolov5_lib:/Pav-S_ws/install/nav2_simple_commander:/opt/ros/humble /usr/bin/cmake /Pav-S_ws/src/navigation2-humble/nav2_voxel_grid -DCMAKE_BUILD_TYPE=Release -DCMAKE_INSTALL_PREFIX=/Pav-S_ws/install/nav2_voxel_grid
[5.050s] -- The C compiler identification is GNU 11.4.0
[5.050s] -- The CXX compiler identification is GNU 11.4.0
[5.050s] -- Detecting C compiler ABI info
[5.051s] -- Detecting C compiler ABI info - done
[5.051s] -- Check for working C compiler: /usr/bin/cc - skipped
[5.051s] -- Detecting C compile features
[5.051s] -- Detecting C compile features - done
[5.051s] -- Detecting CXX compiler ABI info
[5.051s] -- Detecting CXX compiler ABI info - done
[5.051s] -- Check for working CXX compiler: /usr/bin/c++ - skipped
[5.052s] -- Detecting CXX compile features
[5.052s] -- Detecting CXX compile features - done
[5.052s] -- Found ament_cmake: 1.3.12 (/opt/ros/humble/share/ament_cmake/cmake)
[5.052s] -- Found Python3: /usr/bin/python3 (found version "3.10.12") found components: Interpreter 
[5.052s] -- Found nav2_common: 1.1.18 (/Pav-S_ws/install/nav2_common/share/nav2_common/cmake)
[5.052s] -- Found rclcpp: 16.0.15 (/opt/ros/humble/share/rclcpp/cmake)
[5.052s] -- Found rosidl_generator_c: 3.1.7 (/opt/ros/humble/share/rosidl_generator_c/cmake)
[5.052s] -- Found rosidl_adapter: 3.1.7 (/opt/ros/humble/share/rosidl_adapter/cmake)
[5.052s] -- Found rosidl_generator_cpp: 3.1.7 (/opt/ros/humble/share/rosidl_generator_cpp/cmake)
[5.053s] -- Using all available rosidl_typesupport_c: rosidl_typesupport_fastrtps_c;rosidl_typesupport_introspection_c
[5.053s] -- Using all available rosidl_typesupport_cpp: rosidl_typesupport_fastrtps_cpp;rosidl_typesupport_introspection_cpp
[5.053s] -- Found rmw_implementation_cmake: 6.1.2 (/opt/ros/humble/share/rmw_implementation_cmake/cmake)
[5.053s] -- Found rmw_fastrtps_cpp: 6.2.8 (/opt/ros/humble/share/rmw_fastrtps_cpp/cmake)
[5.053s] -- Found OpenSSL: /usr/lib/aarch64-linux-gnu/libcrypto.so (found version "3.0.2")  
[5.053s] -- Found FastRTPS: /opt/ros/humble/include  
[5.053s] -- Using RMW implementation 'rmw_fastrtps_cpp' as default
[5.053s] -- Looking for pthread.h
[5.053s] -- Looking for pthread.h - found
[5.054s] -- Performing Test CMAKE_HAVE_LIBC_PTHREAD
[5.370s] -- Performing Test CMAKE_HAVE_LIBC_PTHREAD - Success
[5.374s] -- Found Threads: TRUE  
[5.623s] -- Found ament_lint_auto: 0.12.14 (/opt/ros/humble/share/ament_lint_auto/cmake)
[6.052s] -- Found gtest sources under '/opt/ros/humble/src/gtest_vendor': C++ tests using 'Google Test' will be built
[6.097s] -- Added test 'cppcheck' to perform static code analysis on C / C++ code
[6.098s] -- Configured cppcheck include dirs: /Pav-S_ws/src/navigation2-humble/nav2_voxel_grid/include
[6.098s] -- Configured cppcheck exclude dirs and/or files: 
[6.101s] -- Added test 'cpplint' to check C / C++ code against the Google style
[6.101s] -- Configured cpplint exclude dirs and/or files: 
[6.104s] -- Added test 'lint_cmake' to check CMake code style
[6.107s] -- Added test 'uncrustify' to check C / C++ code style
[6.107s] -- Configured uncrustify additional arguments: 
[6.118s] -- Added test 'xmllint' to check XML markup files
[6.155s] -- Configuring done
[6.235s] -- Generating done
[6.249s] -- Build files have been written to: /Pav-S_ws/build/nav2_voxel_grid
[6.289s] Invoked command in '/Pav-S_ws/build/nav2_voxel_grid' returned '0': CMAKE_PREFIX_PATH=/Pav-S_ws/install/nav2_common:/ws_livox/install/pointcloud_to_laserscan:/ws_livox/install/livox_ros_driver2:/Pav-S_ws/install/wheeltec_robot_urdf:/Pav-S_ws/install/turn_on_wheeltec_robot:/Pav-S_ws/install/wheeltec_robot_msg:/Pav-S_ws/install/usb_cam:/Pav-S_ws/install/serial:/Pav-S_ws/install/robot_kcf:/Pav-S_ws/install/nav2_bringup:/Pav-S_ws/install/navigation2:/Pav-S_ws/install/nav2_smoother:/Pav-S_ws/install/nav2_rotation_shim_controller:/Pav-S_ws/install/nav2_graceful_controller:/Pav-S_ws/install/nav2_dwb_controller:/Pav-S_ws/install/nav2_controller:/Pav-S_ws/install/dwb_plugins:/Pav-S_ws/install/dwb_critics:/Pav-S_ws/install/dwb_core:/Pav-S_ws/install/nav_2d_utils:/Pav-S_ws/install/dwb_msgs:/Pav-S_ws/install/nav_2d_msgs:/Pav-S_ws/install/nav2_waypoint_follower:/Pav-S_ws/install/nav2_theta_star_planner:/Pav-S_ws/install/nav2_smac_planner:/Pav-S_ws/install/nav2_regulated_pure_pursuit_controller:/Pav-S_ws/install/nav2_planner:/Pav-S_ws/install/nav2_navfn_planner:/Pav-S_ws/install/nav2_mppi_controller:/Pav-S_ws/install/nav2_constrained_smoother:/Pav-S_ws/install/nav2_bt_navigator:/Pav-S_ws/install/nav2_behaviors:/Pav-S_ws/install/nav2_core:/Pav-S_ws/install/nav2_collision_monitor:/Pav-S_ws/install/costmap_queue:/Pav-S_ws/install/nav2_costmap_2d:/Pav-S_ws/install/nav2_voxel_grid:/Pav-S_ws/install/nav2_velocity_smoother:/Pav-S_ws/install/nav2_rviz_plugins:/Pav-S_ws/install/nav2_map_server:/Pav-S_ws/install/nav2_lifecycle_manager:/Pav-S_ws/install/nav2_behavior_tree:/Pav-S_ws/install/nav2_amcl:/Pav-S_ws/install/nav2_util:/Pav-S_ws/install/nav2_msgs:/Pav-S_ws/install/libuvc:/Pav-S_ws/install/fast_lio:/Pav-S_ws/install/astra_camera:/Pav-S_ws/install/astra_camera_msgs:/Pav-S_ws/install/yolo_detector:/Pav-S_ws/install/yolov5_lib:/Pav-S_ws/install/nav2_simple_commander:/opt/ros/humble /usr/bin/cmake /Pav-S_ws/src/navigation2-humble/nav2_voxel_grid -DCMAKE_BUILD_TYPE=Release -DCMAKE_INSTALL_PREFIX=/Pav-S_ws/install/nav2_voxel_grid
[6.290s] Invoking command in '/Pav-S_ws/build/nav2_voxel_grid': CMAKE_PREFIX_PATH=/Pav-S_ws/install/nav2_common:/ws_livox/install/pointcloud_to_laserscan:/ws_livox/install/livox_ros_driver2:/Pav-S_ws/install/wheeltec_robot_urdf:/Pav-S_ws/install/turn_on_wheeltec_robot:/Pav-S_ws/install/wheeltec_robot_msg:/Pav-S_ws/install/usb_cam:/Pav-S_ws/install/serial:/Pav-S_ws/install/robot_kcf:/Pav-S_ws/install/nav2_bringup:/Pav-S_ws/install/navigation2:/Pav-S_ws/install/nav2_smoother:/Pav-S_ws/install/nav2_rotation_shim_controller:/Pav-S_ws/install/nav2_graceful_controller:/Pav-S_ws/install/nav2_dwb_controller:/Pav-S_ws/install/nav2_controller:/Pav-S_ws/install/dwb_plugins:/Pav-S_ws/install/dwb_critics:/Pav-S_ws/install/dwb_core:/Pav-S_ws/install/nav_2d_utils:/Pav-S_ws/install/dwb_msgs:/Pav-S_ws/install/nav_2d_msgs:/Pav-S_ws/install/nav2_waypoint_follower:/Pav-S_ws/install/nav2_theta_star_planner:/Pav-S_ws/install/nav2_smac_planner:/Pav-S_ws/install/nav2_regulated_pure_pursuit_controller:/Pav-S_ws/install/nav2_planner:/Pav-S_ws/install/nav2_navfn_planner:/Pav-S_ws/install/nav2_mppi_controller:/Pav-S_ws/install/nav2_constrained_smoother:/Pav-S_ws/install/nav2_bt_navigator:/Pav-S_ws/install/nav2_behaviors:/Pav-S_ws/install/nav2_core:/Pav-S_ws/install/nav2_collision_monitor:/Pav-S_ws/install/costmap_queue:/Pav-S_ws/install/nav2_costmap_2d:/Pav-S_ws/install/nav2_voxel_grid:/Pav-S_ws/install/nav2_velocity_smoother:/Pav-S_ws/install/nav2_rviz_plugins:/Pav-S_ws/install/nav2_map_server:/Pav-S_ws/install/nav2_lifecycle_manager:/Pav-S_ws/install/nav2_behavior_tree:/Pav-S_ws/install/nav2_amcl:/Pav-S_ws/install/nav2_util:/Pav-S_ws/install/nav2_msgs:/Pav-S_ws/install/libuvc:/Pav-S_ws/install/fast_lio:/Pav-S_ws/install/astra_camera:/Pav-S_ws/install/astra_camera_msgs:/Pav-S_ws/install/yolo_detector:/Pav-S_ws/install/yolov5_lib:/Pav-S_ws/install/nav2_simple_commander:/opt/ros/humble /usr/bin/cmake --build /Pav-S_ws/build/nav2_voxel_grid -- -j6 -l6
[6.604s] [ 10%] [32mBuilding CXX object CMakeFiles/voxel_grid.dir/src/voxel_grid.cpp.o[0m
[20.585s] [ 20%] [32m[1mLinking CXX shared library libvoxel_grid.so[0m
[21.242s] [ 20%] Built target voxel_grid
[21.441s] [ 30%] [32mBuilding CXX object gtest/CMakeFiles/gtest.dir/src/gtest-all.cc.o[0m
[53.981s] [ 40%] [32m[1mLinking CXX static library libgtest.a[0m
[54.239s] [ 40%] Built target gtest
[54.384s] [ 50%] [32mBuilding CXX object gtest/CMakeFiles/gtest_main.dir/src/gtest_main.cc.o[0m
[58.561s] [ 60%] [32m[1mLinking CXX static library libgtest_main.a[0m
[58.765s] [ 60%] Built target gtest_main
[58.949s] [ 70%] [32mBuilding CXX object test/CMakeFiles/voxel_grid_tests.dir/voxel_grid_tests.cpp.o[0m
[74.145s] [ 80%] [32m[1mLinking CXX executable voxel_grid_tests[0m
[75.012s] [ 80%] Built target voxel_grid_tests
[75.190s] [ 90%] [32mBuilding CXX object test/CMakeFiles/voxel_grid_bresenham_3d.dir/voxel_grid_bresenham_3d.cpp.o[0m
[91.427s] [100%] [32m[1mLinking CXX executable voxel_grid_bresenham_3d[0m
[91.946s] [100%] Built target voxel_grid_bresenham_3d
[92.004s] Invoked command in '/Pav-S_ws/build/nav2_voxel_grid' returned '0': CMAKE_PREFIX_PATH=/Pav-S_ws/install/nav2_common:/ws_livox/install/pointcloud_to_laserscan:/ws_livox/install/livox_ros_driver2:/Pav-S_ws/install/wheeltec_robot_urdf:/Pav-S_ws/install/turn_on_wheeltec_robot:/Pav-S_ws/install/wheeltec_robot_msg:/Pav-S_ws/install/usb_cam:/Pav-S_ws/install/serial:/Pav-S_ws/install/robot_kcf:/Pav-S_ws/install/nav2_bringup:/Pav-S_ws/install/navigation2:/Pav-S_ws/install/nav2_smoother:/Pav-S_ws/install/nav2_rotation_shim_controller:/Pav-S_ws/install/nav2_graceful_controller:/Pav-S_ws/install/nav2_dwb_controller:/Pav-S_ws/install/nav2_controller:/Pav-S_ws/install/dwb_plugins:/Pav-S_ws/install/dwb_critics:/Pav-S_ws/install/dwb_core:/Pav-S_ws/install/nav_2d_utils:/Pav-S_ws/install/dwb_msgs:/Pav-S_ws/install/nav_2d_msgs:/Pav-S_ws/install/nav2_waypoint_follower:/Pav-S_ws/install/nav2_theta_star_planner:/Pav-S_ws/install/nav2_smac_planner:/Pav-S_ws/install/nav2_regulated_pure_pursuit_controller:/Pav-S_ws/install/nav2_planner:/Pav-S_ws/install/nav2_navfn_planner:/Pav-S_ws/install/nav2_mppi_controller:/Pav-S_ws/install/nav2_constrained_smoother:/Pav-S_ws/install/nav2_bt_navigator:/Pav-S_ws/install/nav2_behaviors:/Pav-S_ws/install/nav2_core:/Pav-S_ws/install/nav2_collision_monitor:/Pav-S_ws/install/costmap_queue:/Pav-S_ws/install/nav2_costmap_2d:/Pav-S_ws/install/nav2_voxel_grid:/Pav-S_ws/install/nav2_velocity_smoother:/Pav-S_ws/install/nav2_rviz_plugins:/Pav-S_ws/install/nav2_map_server:/Pav-S_ws/install/nav2_lifecycle_manager:/Pav-S_ws/install/nav2_behavior_tree:/Pav-S_ws/install/nav2_amcl:/Pav-S_ws/install/nav2_util:/Pav-S_ws/install/nav2_msgs:/Pav-S_ws/install/libuvc:/Pav-S_ws/install/fast_lio:/Pav-S_ws/install/astra_camera:/Pav-S_ws/install/astra_camera_msgs:/Pav-S_ws/install/yolo_detector:/Pav-S_ws/install/yolov5_lib:/Pav-S_ws/install/nav2_simple_commander:/opt/ros/humble /usr/bin/cmake --build /Pav-S_ws/build/nav2_voxel_grid -- -j6 -l6
[92.012s] Invoking command in '/Pav-S_ws/build/nav2_voxel_grid': CMAKE_PREFIX_PATH=/Pav-S_ws/install/nav2_common:/ws_livox/install/pointcloud_to_laserscan:/ws_livox/install/livox_ros_driver2:/Pav-S_ws/install/wheeltec_robot_urdf:/Pav-S_ws/install/turn_on_wheeltec_robot:/Pav-S_ws/install/wheeltec_robot_msg:/Pav-S_ws/install/usb_cam:/Pav-S_ws/install/serial:/Pav-S_ws/install/robot_kcf:/Pav-S_ws/install/nav2_bringup:/Pav-S_ws/install/navigation2:/Pav-S_ws/install/nav2_smoother:/Pav-S_ws/install/nav2_rotation_shim_controller:/Pav-S_ws/install/nav2_graceful_controller:/Pav-S_ws/install/nav2_dwb_controller:/Pav-S_ws/install/nav2_controller:/Pav-S_ws/install/dwb_plugins:/Pav-S_ws/install/dwb_critics:/Pav-S_ws/install/dwb_core:/Pav-S_ws/install/nav_2d_utils:/Pav-S_ws/install/dwb_msgs:/Pav-S_ws/install/nav_2d_msgs:/Pav-S_ws/install/nav2_waypoint_follower:/Pav-S_ws/install/nav2_theta_star_planner:/Pav-S_ws/install/nav2_smac_planner:/Pav-S_ws/install/nav2_regulated_pure_pursuit_controller:/Pav-S_ws/install/nav2_planner:/Pav-S_ws/install/nav2_navfn_planner:/Pav-S_ws/install/nav2_mppi_controller:/Pav-S_ws/install/nav2_constrained_smoother:/Pav-S_ws/install/nav2_bt_navigator:/Pav-S_ws/install/nav2_behaviors:/Pav-S_ws/install/nav2_core:/Pav-S_ws/install/nav2_collision_monitor:/Pav-S_ws/install/costmap_queue:/Pav-S_ws/install/nav2_costmap_2d:/Pav-S_ws/install/nav2_voxel_grid:/Pav-S_ws/install/nav2_velocity_smoother:/Pav-S_ws/install/nav2_rviz_plugins:/Pav-S_ws/install/nav2_map_server:/Pav-S_ws/install/nav2_lifecycle_manager:/Pav-S_ws/install/nav2_behavior_tree:/Pav-S_ws/install/nav2_amcl:/Pav-S_ws/install/nav2_util:/Pav-S_ws/install/nav2_msgs:/Pav-S_ws/install/libuvc:/Pav-S_ws/install/fast_lio:/Pav-S_ws/install/astra_camera:/Pav-S_ws/install/astra_camera_msgs:/Pav-S_ws/install/yolo_detector:/Pav-S_ws/install/yolov5_lib:/Pav-S_ws/install/nav2_simple_commander:/opt/ros/humble /usr/bin/cmake --install /Pav-S_ws/build/nav2_voxel_grid
[98.454s] -- Install configuration: "Release"
[98.454s] -- Installing: /Pav-S_ws/install/nav2_voxel_grid/lib/libvoxel_grid.so
[98.455s] -- Set runtime path of "/Pav-S_ws/install/nav2_voxel_grid/lib/libvoxel_grid.so" to ""
[98.464s] -- Installing: /Pav-S_ws/install/nav2_voxel_grid/include
[98.464s] -- Installing: /Pav-S_ws/install/nav2_voxel_grid/include/nav2_voxel_grid
[98.464s] -- Installing: /Pav-S_ws/install/nav2_voxel_grid/include/nav2_voxel_grid/voxel_grid.hpp
[98.464s] -- Installing: /Pav-S_ws/install/nav2_voxel_grid/share/nav2_voxel_grid/environment/library_path.sh
[98.465s] -- Installing: /Pav-S_ws/install/nav2_voxel_grid/share/nav2_voxel_grid/environment/library_path.dsv
[98.465s] -- Installing: /Pav-S_ws/install/nav2_voxel_grid/share/ament_index/resource_index/package_run_dependencies/nav2_voxel_grid
[98.465s] -- Installing: /Pav-S_ws/install/nav2_voxel_grid/share/ament_index/resource_index/parent_prefix_path/nav2_voxel_grid
[98.465s] -- Installing: /Pav-S_ws/install/nav2_voxel_grid/share/nav2_voxel_grid/environment/ament_prefix_path.sh
[98.465s] -- Installing: /Pav-S_ws/install/nav2_voxel_grid/share/nav2_voxel_grid/environment/ament_prefix_path.dsv
[98.465s] -- Installing: /Pav-S_ws/install/nav2_voxel_grid/share/nav2_voxel_grid/environment/path.sh
[98.465s] -- Installing: /Pav-S_ws/install/nav2_voxel_grid/share/nav2_voxel_grid/environment/path.dsv
[98.465s] -- Installing: /Pav-S_ws/install/nav2_voxel_grid/share/nav2_voxel_grid/local_setup.bash
[98.466s] -- Installing: /Pav-S_ws/install/nav2_voxel_grid/share/nav2_voxel_grid/local_setup.sh
[98.466s] -- Installing: /Pav-S_ws/install/nav2_voxel_grid/share/nav2_voxel_grid/local_setup.zsh
[98.466s] -- Installing: /Pav-S_ws/install/nav2_voxel_grid/share/nav2_voxel_grid/local_setup.dsv
[98.466s] -- Installing: /Pav-S_ws/install/nav2_voxel_grid/share/nav2_voxel_grid/package.dsv
[98.466s] -- Installing: /Pav-S_ws/install/nav2_voxel_grid/share/ament_index/resource_index/packages/nav2_voxel_grid
[98.466s] -- Installing: /Pav-S_ws/install/nav2_voxel_grid/share/nav2_voxel_grid/cmake/ament_cmake_export_dependencies-extras.cmake
[98.466s] -- Installing: /Pav-S_ws/install/nav2_voxel_grid/share/nav2_voxel_grid/cmake/ament_cmake_export_include_directories-extras.cmake
[98.466s] -- Installing: /Pav-S_ws/install/nav2_voxel_grid/share/nav2_voxel_grid/cmake/ament_cmake_export_libraries-extras.cmake
[98.466s] -- Installing: /Pav-S_ws/install/nav2_voxel_grid/share/nav2_voxel_grid/cmake/nav2_voxel_gridConfig.cmake
[98.467s] -- Installing: /Pav-S_ws/install/nav2_voxel_grid/share/nav2_voxel_grid/cmake/nav2_voxel_gridConfig-version.cmake
[98.467s] -- Installing: /Pav-S_ws/install/nav2_voxel_grid/share/nav2_voxel_grid/package.xml
[98.480s] Invoked command in '/Pav-S_ws/build/nav2_voxel_grid' returned '0': CMAKE_PREFIX_PATH=/Pav-S_ws/install/nav2_common:/ws_livox/install/pointcloud_to_laserscan:/ws_livox/install/livox_ros_driver2:/Pav-S_ws/install/wheeltec_robot_urdf:/Pav-S_ws/install/turn_on_wheeltec_robot:/Pav-S_ws/install/wheeltec_robot_msg:/Pav-S_ws/install/usb_cam:/Pav-S_ws/install/serial:/Pav-S_ws/install/robot_kcf:/Pav-S_ws/install/nav2_bringup:/Pav-S_ws/install/navigation2:/Pav-S_ws/install/nav2_smoother:/Pav-S_ws/install/nav2_rotation_shim_controller:/Pav-S_ws/install/nav2_graceful_controller:/Pav-S_ws/install/nav2_dwb_controller:/Pav-S_ws/install/nav2_controller:/Pav-S_ws/install/dwb_plugins:/Pav-S_ws/install/dwb_critics:/Pav-S_ws/install/dwb_core:/Pav-S_ws/install/nav_2d_utils:/Pav-S_ws/install/dwb_msgs:/Pav-S_ws/install/nav_2d_msgs:/Pav-S_ws/install/nav2_waypoint_follower:/Pav-S_ws/install/nav2_theta_star_planner:/Pav-S_ws/install/nav2_smac_planner:/Pav-S_ws/install/nav2_regulated_pure_pursuit_controller:/Pav-S_ws/install/nav2_planner:/Pav-S_ws/install/nav2_navfn_planner:/Pav-S_ws/install/nav2_mppi_controller:/Pav-S_ws/install/nav2_constrained_smoother:/Pav-S_ws/install/nav2_bt_navigator:/Pav-S_ws/install/nav2_behaviors:/Pav-S_ws/install/nav2_core:/Pav-S_ws/install/nav2_collision_monitor:/Pav-S_ws/install/costmap_queue:/Pav-S_ws/install/nav2_costmap_2d:/Pav-S_ws/install/nav2_voxel_grid:/Pav-S_ws/install/nav2_velocity_smoother:/Pav-S_ws/install/nav2_rviz_plugins:/Pav-S_ws/install/nav2_map_server:/Pav-S_ws/install/nav2_lifecycle_manager:/Pav-S_ws/install/nav2_behavior_tree:/Pav-S_ws/install/nav2_amcl:/Pav-S_ws/install/nav2_util:/Pav-S_ws/install/nav2_msgs:/Pav-S_ws/install/libuvc:/Pav-S_ws/install/fast_lio:/Pav-S_ws/install/astra_camera:/Pav-S_ws/install/astra_camera_msgs:/Pav-S_ws/install/yolo_detector:/Pav-S_ws/install/yolov5_lib:/Pav-S_ws/install/nav2_simple_commander:/opt/ros/humble /usr/bin/cmake --install /Pav-S_ws/build/nav2_voxel_grid
