[0.151s] Invoking command in '/Pav-S_ws/build/fast_lio': CMAKE_PREFIX_PATH=${CMAKE_PREFIX_PATH}:/Pav-S_ws/install/yolo_detector:/Pav-S_ws/install/yolov5_lib:/Pav-S_ws/install/nav2_simple_commander:/opt/ros/humble /usr/bin/cmake --build /Pav-S_ws/build/fast_lio -- -j6 -l6
[0.340s] [35m[1mConsolidate compiler generated dependencies of target fast_lio__rosidl_generator_c[0m
[0.372s] [  2%] Built target fast_lio__cpp
[0.374s] [ 11%] Built target fast_lio__rosidl_generator_c
[0.417s] [ 11%] Built target ament_cmake_python_copy_fast_lio
[0.417s] [35m[1mConsolidate compiler generated dependencies of target fast_lio__rosidl_typesupport_fastrtps_cpp[0m
[0.440s] [35m[1mConsolidate compiler generated dependencies of target fast_lio__rosidl_typesupport_introspection_cpp[0m
[0.446s] [35m[1mConsolidate compiler generated dependencies of target fast_lio__rosidl_typesupport_cpp[0m
[0.447s] [35m[1mConsolidate compiler generated dependencies of target fast_lio__rosidl_typesupport_introspection_c[0m
[0.453s] [35m[1mConsolidate compiler generated dependencies of target fast_lio__rosidl_typesupport_c[0m
[0.457s] [35m[1mConsolidate compiler generated dependencies of target fast_lio__rosidl_typesupport_fastrtps_c[0m
[0.467s] [ 20%] Built target fast_lio__rosidl_typesupport_fastrtps_cpp
[0.488s] [ 28%] Built target fast_lio__rosidl_typesupport_introspection_cpp
[0.507s] [ 37%] Built target fast_lio__rosidl_typesupport_cpp
[0.523s] [ 45%] Built target fast_lio__rosidl_typesupport_fastrtps_c
[0.528s] [ 54%] Built target fast_lio__rosidl_typesupport_c
[0.544s] [ 62%] Built target fast_lio__rosidl_typesupport_introspection_c
[0.599s] [35m[1mConsolidate compiler generated dependencies of target fastlio_mapping[0m
[0.672s] [ 62%] Built target fast_lio
[0.737s] [ 74%] Built target fastlio_mapping
[0.828s] [ 77%] Built target fast_lio__py
[0.900s] [35m[1mConsolidate compiler generated dependencies of target fast_lio__rosidl_generator_py[0m
[1.006s] [ 82%] Built target fast_lio__rosidl_generator_py
[1.098s] [35m[1mConsolidate compiler generated dependencies of target fast_lio__rosidl_typesupport_c__pyext[0m
[1.130s] [35m[1mConsolidate compiler generated dependencies of target fast_lio__rosidl_typesupport_introspection_c__pyext[0m
[1.146s] [35m[1mConsolidate compiler generated dependencies of target fast_lio__rosidl_typesupport_fastrtps_c__pyext[0m
[1.230s] [ 88%] Built target fast_lio__rosidl_typesupport_c__pyext
[1.265s] [ 94%] Built target fast_lio__rosidl_typesupport_introspection_c__pyext
[1.286s] [100%] Built target fast_lio__rosidl_typesupport_fastrtps_c__pyext
[1.965s] running egg_info
[1.967s] writing fast_lio.egg-info/PKG-INFO
[1.967s] writing dependency_links to fast_lio.egg-info/dependency_links.txt
[1.968s] writing top-level names to fast_lio.egg-info/top_level.txt
[1.973s] reading manifest file 'fast_lio.egg-info/SOURCES.txt'
[1.974s] writing manifest file 'fast_lio.egg-info/SOURCES.txt'
[2.152s] [100%] Built target ament_cmake_python_build_fast_lio_egg
[2.241s] Invoked command in '/Pav-S_ws/build/fast_lio' returned '0': CMAKE_PREFIX_PATH=${CMAKE_PREFIX_PATH}:/Pav-S_ws/install/yolo_detector:/Pav-S_ws/install/yolov5_lib:/Pav-S_ws/install/nav2_simple_commander:/opt/ros/humble /usr/bin/cmake --build /Pav-S_ws/build/fast_lio -- -j6 -l6
[2.243s] Invoking command in '/Pav-S_ws/build/fast_lio': CMAKE_PREFIX_PATH=${CMAKE_PREFIX_PATH}:/Pav-S_ws/install/yolo_detector:/Pav-S_ws/install/yolov5_lib:/Pav-S_ws/install/nav2_simple_commander:/opt/ros/humble /usr/bin/cmake --install /Pav-S_ws/build/fast_lio
[2.288s] -- Install configuration: "Release"
[2.288s] -- Up-to-date: /Pav-S_ws/install/fast_lio/share/ament_index/resource_index/rosidl_interfaces/fast_lio
[2.289s] -- Up-to-date: /Pav-S_ws/install/fast_lio/include/fast_lio/fast_lio
[2.289s] -- Up-to-date: /Pav-S_ws/install/fast_lio/include/fast_lio/fast_lio/msg
[2.289s] -- Up-to-date: /Pav-S_ws/install/fast_lio/include/fast_lio/fast_lio/msg/rosidl_generator_c__visibility_control.h
[2.289s] -- Up-to-date: /Pav-S_ws/install/fast_lio/include/fast_lio/fast_lio/msg/pose6_d.h
[2.290s] -- Up-to-date: /Pav-S_ws/install/fast_lio/include/fast_lio/fast_lio/msg/detail
[2.290s] -- Up-to-date: /Pav-S_ws/install/fast_lio/include/fast_lio/fast_lio/msg/detail/pose6_d__struct.h
[2.290s] -- Up-to-date: /Pav-S_ws/install/fast_lio/include/fast_lio/fast_lio/msg/detail/pose6_d__type_support.h
[2.290s] -- Up-to-date: /Pav-S_ws/install/fast_lio/include/fast_lio/fast_lio/msg/detail/pose6_d__functions.c
[2.290s] -- Up-to-date: /Pav-S_ws/install/fast_lio/include/fast_lio/fast_lio/msg/detail/pose6_d__functions.h
[2.290s] -- Up-to-date: /Pav-S_ws/install/fast_lio/share/fast_lio/environment/library_path.sh
[2.290s] -- Up-to-date: /Pav-S_ws/install/fast_lio/share/fast_lio/environment/library_path.dsv
[2.291s] -- Up-to-date: /Pav-S_ws/install/fast_lio/lib/libfast_lio__rosidl_generator_c.so
[2.291s] -- Up-to-date: /Pav-S_ws/install/fast_lio/include/fast_lio/fast_lio
[2.291s] -- Up-to-date: /Pav-S_ws/install/fast_lio/include/fast_lio/fast_lio/msg
[2.291s] -- Up-to-date: /Pav-S_ws/install/fast_lio/include/fast_lio/fast_lio/msg/rosidl_typesupport_fastrtps_c__visibility_control.h
[2.291s] -- Up-to-date: /Pav-S_ws/install/fast_lio/include/fast_lio/fast_lio/msg/detail
[2.291s] -- Up-to-date: /Pav-S_ws/install/fast_lio/include/fast_lio/fast_lio/msg/detail/pose6_d__rosidl_typesupport_fastrtps_c.h
[2.291s] -- Up-to-date: /Pav-S_ws/install/fast_lio/lib/libfast_lio__rosidl_typesupport_fastrtps_c.so
[2.291s] -- Up-to-date: /Pav-S_ws/install/fast_lio/include/fast_lio/fast_lio
[2.292s] -- Up-to-date: /Pav-S_ws/install/fast_lio/include/fast_lio/fast_lio/msg
[2.292s] -- Up-to-date: /Pav-S_ws/install/fast_lio/include/fast_lio/fast_lio/msg/pose6_d.hpp
[2.292s] -- Up-to-date: /Pav-S_ws/install/fast_lio/include/fast_lio/fast_lio/msg/rosidl_generator_cpp__visibility_control.hpp
[2.292s] -- Up-to-date: /Pav-S_ws/install/fast_lio/include/fast_lio/fast_lio/msg/detail
[2.293s] -- Up-to-date: /Pav-S_ws/install/fast_lio/include/fast_lio/fast_lio/msg/detail/pose6_d__builder.hpp
[2.293s] -- Up-to-date: /Pav-S_ws/install/fast_lio/include/fast_lio/fast_lio/msg/detail/pose6_d__traits.hpp
[2.293s] -- Up-to-date: /Pav-S_ws/install/fast_lio/include/fast_lio/fast_lio/msg/detail/pose6_d__type_support.hpp
[2.293s] -- Up-to-date: /Pav-S_ws/install/fast_lio/include/fast_lio/fast_lio/msg/detail/pose6_d__struct.hpp
[2.307s] -- Up-to-date: /Pav-S_ws/install/fast_lio/include/fast_lio/fast_lio
[2.307s] -- Up-to-date: /Pav-S_ws/install/fast_lio/include/fast_lio/fast_lio/msg
[2.307s] -- Up-to-date: /Pav-S_ws/install/fast_lio/include/fast_lio/fast_lio/msg/detail
[2.308s] -- Up-to-date: /Pav-S_ws/install/fast_lio/include/fast_lio/fast_lio/msg/detail/pose6_d__rosidl_typesupport_fastrtps_cpp.hpp
[2.308s] -- Up-to-date: /Pav-S_ws/install/fast_lio/include/fast_lio/fast_lio/msg/detail/dds_fastrtps
[2.308s] -- Up-to-date: /Pav-S_ws/install/fast_lio/include/fast_lio/fast_lio/msg/rosidl_typesupport_fastrtps_cpp__visibility_control.h
[2.308s] -- Up-to-date: /Pav-S_ws/install/fast_lio/lib/libfast_lio__rosidl_typesupport_fastrtps_cpp.so
[2.308s] -- Up-to-date: /Pav-S_ws/install/fast_lio/include/fast_lio/fast_lio
[2.308s] -- Up-to-date: /Pav-S_ws/install/fast_lio/include/fast_lio/fast_lio/msg
[2.308s] -- Up-to-date: /Pav-S_ws/install/fast_lio/include/fast_lio/fast_lio/msg/rosidl_typesupport_introspection_c__visibility_control.h
[2.308s] -- Up-to-date: /Pav-S_ws/install/fast_lio/include/fast_lio/fast_lio/msg/detail
[2.309s] -- Up-to-date: /Pav-S_ws/install/fast_lio/include/fast_lio/fast_lio/msg/detail/pose6_d__type_support.c
[2.309s] -- Up-to-date: /Pav-S_ws/install/fast_lio/include/fast_lio/fast_lio/msg/detail/pose6_d__rosidl_typesupport_introspection_c.h
[2.309s] -- Up-to-date: /Pav-S_ws/install/fast_lio/lib/libfast_lio__rosidl_typesupport_introspection_c.so
[2.309s] -- Up-to-date: /Pav-S_ws/install/fast_lio/lib/libfast_lio__rosidl_typesupport_c.so
[2.309s] -- Up-to-date: /Pav-S_ws/install/fast_lio/include/fast_lio/fast_lio
[2.309s] -- Up-to-date: /Pav-S_ws/install/fast_lio/include/fast_lio/fast_lio/msg
[2.309s] -- Up-to-date: /Pav-S_ws/install/fast_lio/include/fast_lio/fast_lio/msg/detail
[2.309s] -- Up-to-date: /Pav-S_ws/install/fast_lio/include/fast_lio/fast_lio/msg/detail/pose6_d__rosidl_typesupport_introspection_cpp.hpp
[2.310s] -- Up-to-date: /Pav-S_ws/install/fast_lio/include/fast_lio/fast_lio/msg/detail/pose6_d__type_support.cpp
[2.310s] -- Up-to-date: /Pav-S_ws/install/fast_lio/lib/libfast_lio__rosidl_typesupport_introspection_cpp.so
[2.310s] -- Up-to-date: /Pav-S_ws/install/fast_lio/lib/libfast_lio__rosidl_typesupport_cpp.so
[2.310s] -- Up-to-date: /Pav-S_ws/install/fast_lio/share/fast_lio/environment/pythonpath.sh
[2.310s] -- Up-to-date: /Pav-S_ws/install/fast_lio/share/fast_lio/environment/pythonpath.dsv
[2.310s] -- Up-to-date: /Pav-S_ws/install/fast_lio/local/lib/python3.10/dist-packages/fast_lio-0.0.0-py3.10.egg-info
[2.310s] -- Installing: /Pav-S_ws/install/fast_lio/local/lib/python3.10/dist-packages/fast_lio-0.0.0-py3.10.egg-info/dependency_links.txt
[2.310s] -- Installing: /Pav-S_ws/install/fast_lio/local/lib/python3.10/dist-packages/fast_lio-0.0.0-py3.10.egg-info/SOURCES.txt
[2.311s] -- Installing: /Pav-S_ws/install/fast_lio/local/lib/python3.10/dist-packages/fast_lio-0.0.0-py3.10.egg-info/PKG-INFO
[2.311s] -- Installing: /Pav-S_ws/install/fast_lio/local/lib/python3.10/dist-packages/fast_lio-0.0.0-py3.10.egg-info/top_level.txt
[2.311s] -- Up-to-date: /Pav-S_ws/install/fast_lio/local/lib/python3.10/dist-packages/fast_lio
[2.311s] -- Up-to-date: /Pav-S_ws/install/fast_lio/local/lib/python3.10/dist-packages/fast_lio/fast_lio_s__rosidl_typesupport_fastrtps_c.cpython-310-aarch64-linux-gnu.so
[2.311s] -- Up-to-date: /Pav-S_ws/install/fast_lio/local/lib/python3.10/dist-packages/fast_lio/fast_lio_s__rosidl_typesupport_c.cpython-310-aarch64-linux-gnu.so
[2.311s] -- Up-to-date: /Pav-S_ws/install/fast_lio/local/lib/python3.10/dist-packages/fast_lio/_fast_lio_s.ep.rosidl_typesupport_c.c
[2.311s] -- Up-to-date: /Pav-S_ws/install/fast_lio/local/lib/python3.10/dist-packages/fast_lio/_fast_lio_s.ep.rosidl_typesupport_introspection_c.c
[2.311s] -- Up-to-date: /Pav-S_ws/install/fast_lio/local/lib/python3.10/dist-packages/fast_lio/msg
[2.312s] -- Up-to-date: /Pav-S_ws/install/fast_lio/local/lib/python3.10/dist-packages/fast_lio/msg/_pose6_d.py
[2.312s] -- Up-to-date: /Pav-S_ws/install/fast_lio/local/lib/python3.10/dist-packages/fast_lio/msg/__init__.py
[2.312s] -- Up-to-date: /Pav-S_ws/install/fast_lio/local/lib/python3.10/dist-packages/fast_lio/msg/_pose6_d_s.c
[2.312s] -- Up-to-date: /Pav-S_ws/install/fast_lio/local/lib/python3.10/dist-packages/fast_lio/__init__.py
[2.312s] -- Up-to-date: /Pav-S_ws/install/fast_lio/local/lib/python3.10/dist-packages/fast_lio/fast_lio_s__rosidl_typesupport_introspection_c.cpython-310-aarch64-linux-gnu.so
[2.312s] -- Up-to-date: /Pav-S_ws/install/fast_lio/local/lib/python3.10/dist-packages/fast_lio/libfast_lio__rosidl_generator_py.so
[2.312s] -- Up-to-date: /Pav-S_ws/install/fast_lio/local/lib/python3.10/dist-packages/fast_lio/_fast_lio_s.ep.rosidl_typesupport_fastrtps_c.c
[2.395s] Listing '/Pav-S_ws/install/fast_lio/local/lib/python3.10/dist-packages/fast_lio'...
[2.395s] Listing '/Pav-S_ws/install/fast_lio/local/lib/python3.10/dist-packages/fast_lio/msg'...
[2.413s] -- Up-to-date: /Pav-S_ws/install/fast_lio/local/lib/python3.10/dist-packages/fast_lio/fast_lio_s__rosidl_typesupport_fastrtps_c.cpython-310-aarch64-linux-gnu.so
[2.414s] -- Up-to-date: /Pav-S_ws/install/fast_lio/local/lib/python3.10/dist-packages/fast_lio/fast_lio_s__rosidl_typesupport_introspection_c.cpython-310-aarch64-linux-gnu.so
[2.414s] -- Up-to-date: /Pav-S_ws/install/fast_lio/local/lib/python3.10/dist-packages/fast_lio/fast_lio_s__rosidl_typesupport_c.cpython-310-aarch64-linux-gnu.so
[2.415s] -- Up-to-date: /Pav-S_ws/install/fast_lio/lib/libfast_lio__rosidl_generator_py.so
[2.419s] -- Up-to-date: /Pav-S_ws/install/fast_lio/share/fast_lio/msg/Pose6D.idl
[2.420s] -- Up-to-date: /Pav-S_ws/install/fast_lio/share/fast_lio/msg/Pose6D.msg
[2.421s] -- Up-to-date: /Pav-S_ws/install/fast_lio/lib/fast_lio/fastlio_mapping
[2.421s] -- Up-to-date: /Pav-S_ws/install/fast_lio/share/fast_lio/config
[2.421s] -- Up-to-date: /Pav-S_ws/install/fast_lio/share/fast_lio/config/mid360.yaml
[2.421s] -- Up-to-date: /Pav-S_ws/install/fast_lio/share/fast_lio/config/horizon.yaml
[2.422s] -- Up-to-date: /Pav-S_ws/install/fast_lio/share/fast_lio/config/ouster64.yaml
[2.422s] -- Up-to-date: /Pav-S_ws/install/fast_lio/share/fast_lio/config/avia.yaml
[2.422s] -- Up-to-date: /Pav-S_ws/install/fast_lio/share/fast_lio/config/velodyne.yaml
[2.422s] -- Up-to-date: /Pav-S_ws/install/fast_lio/share/fast_lio/launch
[2.423s] -- Up-to-date: /Pav-S_ws/install/fast_lio/share/fast_lio/launch/mapping.launch.py
[2.423s] -- Up-to-date: /Pav-S_ws/install/fast_lio/share/fast_lio/launch/gdb_debug_example.launch
[2.423s] -- Up-to-date: /Pav-S_ws/install/fast_lio/share/fast_lio/rviz
[2.423s] -- Up-to-date: /Pav-S_ws/install/fast_lio/share/fast_lio/rviz/fastlio.rviz
[2.423s] -- Up-to-date: /Pav-S_ws/install/fast_lio/share/ament_index/resource_index/package_run_dependencies/fast_lio
[2.423s] -- Up-to-date: /Pav-S_ws/install/fast_lio/share/ament_index/resource_index/parent_prefix_path/fast_lio
[2.423s] -- Up-to-date: /Pav-S_ws/install/fast_lio/share/fast_lio/environment/ament_prefix_path.sh
[2.423s] -- Up-to-date: /Pav-S_ws/install/fast_lio/share/fast_lio/environment/ament_prefix_path.dsv
[2.424s] -- Up-to-date: /Pav-S_ws/install/fast_lio/share/fast_lio/environment/path.sh
[2.424s] -- Up-to-date: /Pav-S_ws/install/fast_lio/share/fast_lio/environment/path.dsv
[2.424s] -- Up-to-date: /Pav-S_ws/install/fast_lio/share/fast_lio/local_setup.bash
[2.424s] -- Up-to-date: /Pav-S_ws/install/fast_lio/share/fast_lio/local_setup.sh
[2.424s] -- Up-to-date: /Pav-S_ws/install/fast_lio/share/fast_lio/local_setup.zsh
[2.424s] -- Up-to-date: /Pav-S_ws/install/fast_lio/share/fast_lio/local_setup.dsv
[2.424s] -- Installing: /Pav-S_ws/install/fast_lio/share/fast_lio/package.dsv
[2.424s] -- Up-to-date: /Pav-S_ws/install/fast_lio/share/ament_index/resource_index/packages/fast_lio
[2.425s] -- Up-to-date: /Pav-S_ws/install/fast_lio/share/fast_lio/cmake/export_fast_lio__rosidl_generator_cExport.cmake
[2.425s] -- Up-to-date: /Pav-S_ws/install/fast_lio/share/fast_lio/cmake/export_fast_lio__rosidl_generator_cExport-release.cmake
[2.425s] -- Up-to-date: /Pav-S_ws/install/fast_lio/share/fast_lio/cmake/export_fast_lio__rosidl_typesupport_fastrtps_cExport.cmake
[2.425s] -- Up-to-date: /Pav-S_ws/install/fast_lio/share/fast_lio/cmake/export_fast_lio__rosidl_typesupport_fastrtps_cExport-release.cmake
[2.425s] -- Up-to-date: /Pav-S_ws/install/fast_lio/share/fast_lio/cmake/export_fast_lio__rosidl_generator_cppExport.cmake
[2.425s] -- Up-to-date: /Pav-S_ws/install/fast_lio/share/fast_lio/cmake/export_fast_lio__rosidl_typesupport_fastrtps_cppExport.cmake
[2.425s] -- Up-to-date: /Pav-S_ws/install/fast_lio/share/fast_lio/cmake/export_fast_lio__rosidl_typesupport_fastrtps_cppExport-release.cmake
[2.425s] -- Up-to-date: /Pav-S_ws/install/fast_lio/share/fast_lio/cmake/fast_lio__rosidl_typesupport_introspection_cExport.cmake
[2.425s] -- Up-to-date: /Pav-S_ws/install/fast_lio/share/fast_lio/cmake/fast_lio__rosidl_typesupport_introspection_cExport-release.cmake
[2.426s] -- Up-to-date: /Pav-S_ws/install/fast_lio/share/fast_lio/cmake/fast_lio__rosidl_typesupport_cExport.cmake
[2.426s] -- Up-to-date: /Pav-S_ws/install/fast_lio/share/fast_lio/cmake/fast_lio__rosidl_typesupport_cExport-release.cmake
[2.426s] -- Up-to-date: /Pav-S_ws/install/fast_lio/share/fast_lio/cmake/fast_lio__rosidl_typesupport_introspection_cppExport.cmake
[2.426s] -- Up-to-date: /Pav-S_ws/install/fast_lio/share/fast_lio/cmake/fast_lio__rosidl_typesupport_introspection_cppExport-release.cmake
[2.426s] -- Up-to-date: /Pav-S_ws/install/fast_lio/share/fast_lio/cmake/fast_lio__rosidl_typesupport_cppExport.cmake
[2.426s] -- Up-to-date: /Pav-S_ws/install/fast_lio/share/fast_lio/cmake/fast_lio__rosidl_typesupport_cppExport-release.cmake
[2.426s] -- Up-to-date: /Pav-S_ws/install/fast_lio/share/fast_lio/cmake/export_fast_lio__rosidl_generator_pyExport.cmake
[2.427s] -- Up-to-date: /Pav-S_ws/install/fast_lio/share/fast_lio/cmake/export_fast_lio__rosidl_generator_pyExport-release.cmake
[2.428s] -- Up-to-date: /Pav-S_ws/install/fast_lio/share/fast_lio/cmake/rosidl_cmake-extras.cmake
[2.428s] -- Up-to-date: /Pav-S_ws/install/fast_lio/share/fast_lio/cmake/ament_cmake_export_include_directories-extras.cmake
[2.428s] -- Up-to-date: /Pav-S_ws/install/fast_lio/share/fast_lio/cmake/ament_cmake_export_libraries-extras.cmake
[2.429s] -- Up-to-date: /Pav-S_ws/install/fast_lio/share/fast_lio/cmake/ament_cmake_export_targets-extras.cmake
[2.430s] -- Up-to-date: /Pav-S_ws/install/fast_lio/share/fast_lio/cmake/rosidl_cmake_export_typesupport_targets-extras.cmake
[2.430s] -- Up-to-date: /Pav-S_ws/install/fast_lio/share/fast_lio/cmake/ament_cmake_export_dependencies-extras.cmake
[2.431s] -- Up-to-date: /Pav-S_ws/install/fast_lio/share/fast_lio/cmake/rosidl_cmake_export_typesupport_libraries-extras.cmake
[2.431s] -- Up-to-date: /Pav-S_ws/install/fast_lio/share/fast_lio/cmake/fast_lioConfig.cmake
[2.432s] -- Up-to-date: /Pav-S_ws/install/fast_lio/share/fast_lio/cmake/fast_lioConfig-version.cmake
[2.432s] -- Up-to-date: /Pav-S_ws/install/fast_lio/share/fast_lio/package.xml
[2.482s] Invoked command in '/Pav-S_ws/build/fast_lio' returned '0': CMAKE_PREFIX_PATH=${CMAKE_PREFIX_PATH}:/Pav-S_ws/install/yolo_detector:/Pav-S_ws/install/yolov5_lib:/Pav-S_ws/install/nav2_simple_commander:/opt/ros/humble /usr/bin/cmake --install /Pav-S_ws/build/fast_lio
