-- Found ament_cmake_core: 1.3.12 (/opt/ros/humble/share/ament_cmake_core/cmake)
-- Found ament_cmake_python: 1.3.12 (/opt/ros/humble/share/ament_cmake_python/cmake)
-- Configuring done
-- Generating done
-- Build files have been written to: /Pav-S_ws/build/nav2_common
-- Found ament_cmake_core: 1.3.12 (/opt/ros/humble/share/ament_cmake_core/cmake)
-- Found ament_cmake_python: 1.3.12 (/opt/ros/humble/share/ament_cmake_python/cmake)
-- Configuring done
-- Generating done
-- Build files have been written to: /Pav-S_ws/build/nav2_common
gmake[2]: Warning: File 'CMakeFiles/ament_cmake_python_copy_nav2_common.dir/compiler_depend.make' has modification time 1759584928 s in the future
gmake[2]: warning:  Clock skew detected.  Your build may be incomplete.
gmake[2]: Warning: File 'CMakeFiles/ament_cmake_python_copy_nav2_common.dir/compiler_depend.make' has modification time 1759584928 s in the future
gmake[2]: warning:  Clock skew detected.  Your build may be incomplete.
Built target ament_cmake_python_copy_nav2_common
gmake[2]: Warning: File 'CMakeFiles/ament_cmake_python_build_nav2_common_egg.dir/compiler_depend.make' has modification time 1759584928 s in the future
gmake[2]: warning:  Clock skew detected.  Your build may be incomplete.
gmake[2]: Warning: File 'CMakeFiles/ament_cmake_python_build_nav2_common_egg.dir/compiler_depend.make' has modification time 1759584928 s in the future
running egg_info
writing nav2_common.egg-info/PKG-INFO
writing dependency_links to nav2_common.egg-info/dependency_links.txt
writing top-level names to nav2_common.egg-info/top_level.txt
reading manifest file 'nav2_common.egg-info/SOURCES.txt'
writing manifest file 'nav2_common.egg-info/SOURCES.txt'
gmake[2]: warning:  Clock skew detected.  Your build may be incomplete.
Built target ament_cmake_python_build_nav2_common_egg
-- Install configuration: "Release"
-- Up-to-date: /Pav-S_ws/install/nav2_common/share/nav2_common/environment/pythonpath.sh
-- Installing: /Pav-S_ws/install/nav2_common/share/nav2_common/environment/pythonpath.dsv
-- Up-to-date: /Pav-S_ws/install/nav2_common/local/lib/python3.10/dist-packages/nav2_common-1.1.18-py3.10.egg-info
-- Installing: /Pav-S_ws/install/nav2_common/local/lib/python3.10/dist-packages/nav2_common-1.1.18-py3.10.egg-info/dependency_links.txt
-- Installing: /Pav-S_ws/install/nav2_common/local/lib/python3.10/dist-packages/nav2_common-1.1.18-py3.10.egg-info/SOURCES.txt
-- Installing: /Pav-S_ws/install/nav2_common/local/lib/python3.10/dist-packages/nav2_common-1.1.18-py3.10.egg-info/PKG-INFO
-- Installing: /Pav-S_ws/install/nav2_common/local/lib/python3.10/dist-packages/nav2_common-1.1.18-py3.10.egg-info/top_level.txt
-- Up-to-date: /Pav-S_ws/install/nav2_common/local/lib/python3.10/dist-packages/nav2_common
-- Up-to-date: /Pav-S_ws/install/nav2_common/local/lib/python3.10/dist-packages/nav2_common/__init__.py
-- Up-to-date: /Pav-S_ws/install/nav2_common/local/lib/python3.10/dist-packages/nav2_common/launch
-- Up-to-date: /Pav-S_ws/install/nav2_common/local/lib/python3.10/dist-packages/nav2_common/launch/rewritten_yaml.py
-- Up-to-date: /Pav-S_ws/install/nav2_common/local/lib/python3.10/dist-packages/nav2_common/launch/replace_string.py
-- Up-to-date: /Pav-S_ws/install/nav2_common/local/lib/python3.10/dist-packages/nav2_common/launch/has_node_params.py
-- Up-to-date: /Pav-S_ws/install/nav2_common/local/lib/python3.10/dist-packages/nav2_common/launch/__init__.py
-- Up-to-date: /Pav-S_ws/install/nav2_common/local/lib/python3.10/dist-packages/nav2_common/launch/parse_multirobot_pose.py
Listing '/Pav-S_ws/install/nav2_common/local/lib/python3.10/dist-packages/nav2_common'...
Listing '/Pav-S_ws/install/nav2_common/local/lib/python3.10/dist-packages/nav2_common/launch'...
-- Up-to-date: /Pav-S_ws/install/nav2_common/share/ament_index/resource_index/package_run_dependencies/nav2_common
-- Installing: /Pav-S_ws/install/nav2_common/share/ament_index/resource_index/parent_prefix_path/nav2_common
-- Up-to-date: /Pav-S_ws/install/nav2_common/share/nav2_common/environment/ament_prefix_path.sh
-- Installing: /Pav-S_ws/install/nav2_common/share/nav2_common/environment/ament_prefix_path.dsv
-- Up-to-date: /Pav-S_ws/install/nav2_common/share/nav2_common/environment/path.sh
-- Installing: /Pav-S_ws/install/nav2_common/share/nav2_common/environment/path.dsv
-- Up-to-date: /Pav-S_ws/install/nav2_common/share/nav2_common/local_setup.bash
-- Up-to-date: /Pav-S_ws/install/nav2_common/share/nav2_common/local_setup.sh
-- Up-to-date: /Pav-S_ws/install/nav2_common/share/nav2_common/local_setup.zsh
-- Installing: /Pav-S_ws/install/nav2_common/share/nav2_common/local_setup.dsv
-- Installing: /Pav-S_ws/install/nav2_common/share/nav2_common/package.dsv
-- Up-to-date: /Pav-S_ws/install/nav2_common/share/ament_index/resource_index/packages/nav2_common
-- Up-to-date: /Pav-S_ws/install/nav2_common/share/nav2_common/cmake/nav2_common-extras.cmake
-- Up-to-date: /Pav-S_ws/install/nav2_common/share/nav2_common/cmake/nav2_commonConfig.cmake
-- Up-to-date: /Pav-S_ws/install/nav2_common/share/nav2_common/cmake/nav2_commonConfig-version.cmake
-- Up-to-date: /Pav-S_ws/install/nav2_common/share/nav2_common/package.xml
-- Up-to-date: /Pav-S_ws/install/nav2_common/share/nav2_common/cmake
-- Up-to-date: /Pav-S_ws/install/nav2_common/share/nav2_common/cmake/nav2_package.cmake
