[0.084s] Invoking command in '/Pav-S_ws/build/nav2_common': CMAKE_PREFIX_PATH=${CMAKE_PREFIX_PATH}:/Pav-S_ws/install/yolo_detector:/Pav-S_ws/install/yolov5_lib:/Pav-S_ws/install/nav2_simple_commander:/opt/ros/humble /usr/bin/cmake /Pav-S_ws/src/navigation2-humble/nav2_common -DCMAKE_INSTALL_PREFIX=/Pav-S_ws/install/nav2_common
[0.145s] -- Found ament_cmake_core: 1.3.12 (/opt/ros/humble/share/ament_cmake_core/cmake)
[0.660s] -- Found ament_cmake_python: 1.3.12 (/opt/ros/humble/share/ament_cmake_python/cmake)
[1.172s] -- Configuring done
[1.193s] -- Generating done
[1.197s] -- Build files have been written to: /Pav-S_ws/build/nav2_common
[1.203s] Invoked command in '/Pav-S_ws/build/nav2_common' returned '0': CMAKE_PREFIX_PATH=${CMAKE_PREFIX_PATH}:/Pav-S_ws/install/yolo_detector:/Pav-S_ws/install/yolov5_lib:/Pav-S_ws/install/nav2_simple_commander:/opt/ros/humble /usr/bin/cmake /Pav-S_ws/src/navigation2-humble/nav2_common -DCMAKE_INSTALL_PREFIX=/Pav-S_ws/install/nav2_common
[1.215s] Invoking command in '/Pav-S_ws/build/nav2_common': CMAKE_PREFIX_PATH=${CMAKE_PREFIX_PATH}:/Pav-S_ws/install/yolo_detector:/Pav-S_ws/install/yolov5_lib:/Pav-S_ws/install/nav2_simple_commander:/opt/ros/humble /usr/bin/cmake --build /Pav-S_ws/build/nav2_common -- -j6 -l6
[1.300s] -- Found ament_cmake_core: 1.3.12 (/opt/ros/humble/share/ament_cmake_core/cmake)
[1.714s] -- Found ament_cmake_python: 1.3.12 (/opt/ros/humble/share/ament_cmake_python/cmake)
[2.107s] -- Configuring done
[2.113s] -- Generating done
[2.118s] -- Build files have been written to: /Pav-S_ws/build/nav2_common
[2.148s] gmake[2]: Warning: File 'CMakeFiles/ament_cmake_python_copy_nav2_common.dir/compiler_depend.make' has modification time 1759584928 s in the future
[2.170s] gmake[2]: warning:  Clock skew detected.  Your build may be incomplete.
[2.173s] gmake[2]: Warning: File 'CMakeFiles/ament_cmake_python_copy_nav2_common.dir/compiler_depend.make' has modification time 1759584928 s in the future
[2.196s] gmake[2]: warning:  Clock skew detected.  Your build may be incomplete.
[2.288s] Built target ament_cmake_python_copy_nav2_common
[2.303s] gmake[2]: Warning: File 'CMakeFiles/ament_cmake_python_build_nav2_common_egg.dir/compiler_depend.make' has modification time 1759584928 s in the future
[2.328s] gmake[2]: warning:  Clock skew detected.  Your build may be incomplete.
[2.331s] gmake[2]: Warning: File 'CMakeFiles/ament_cmake_python_build_nav2_common_egg.dir/compiler_depend.make' has modification time 1759584928 s in the future
[2.987s] running egg_info
[2.988s] writing nav2_common.egg-info/PKG-INFO
[2.989s] writing dependency_links to nav2_common.egg-info/dependency_links.txt
[2.989s] writing top-level names to nav2_common.egg-info/top_level.txt
[2.995s] reading manifest file 'nav2_common.egg-info/SOURCES.txt'
[3.008s] writing manifest file 'nav2_common.egg-info/SOURCES.txt'
[3.085s] gmake[2]: warning:  Clock skew detected.  Your build may be incomplete.
[3.104s] Built target ament_cmake_python_build_nav2_common_egg
[3.134s] Invoked command in '/Pav-S_ws/build/nav2_common' returned '0': CMAKE_PREFIX_PATH=${CMAKE_PREFIX_PATH}:/Pav-S_ws/install/yolo_detector:/Pav-S_ws/install/yolov5_lib:/Pav-S_ws/install/nav2_simple_commander:/opt/ros/humble /usr/bin/cmake --build /Pav-S_ws/build/nav2_common -- -j6 -l6
[3.137s] Invoking command in '/Pav-S_ws/build/nav2_common': CMAKE_PREFIX_PATH=${CMAKE_PREFIX_PATH}:/Pav-S_ws/install/yolo_detector:/Pav-S_ws/install/yolov5_lib:/Pav-S_ws/install/nav2_simple_commander:/opt/ros/humble /usr/bin/cmake --install /Pav-S_ws/build/nav2_common
[3.366s] -- Install configuration: "Release"
[3.366s] -- Up-to-date: /Pav-S_ws/install/nav2_common/share/nav2_common/environment/pythonpath.sh
[3.366s] -- Installing: /Pav-S_ws/install/nav2_common/share/nav2_common/environment/pythonpath.dsv
[3.366s] -- Up-to-date: /Pav-S_ws/install/nav2_common/local/lib/python3.10/dist-packages/nav2_common-1.1.18-py3.10.egg-info
[3.366s] -- Installing: /Pav-S_ws/install/nav2_common/local/lib/python3.10/dist-packages/nav2_common-1.1.18-py3.10.egg-info/dependency_links.txt
[3.366s] -- Installing: /Pav-S_ws/install/nav2_common/local/lib/python3.10/dist-packages/nav2_common-1.1.18-py3.10.egg-info/SOURCES.txt
[3.366s] -- Installing: /Pav-S_ws/install/nav2_common/local/lib/python3.10/dist-packages/nav2_common-1.1.18-py3.10.egg-info/PKG-INFO
[3.367s] -- Installing: /Pav-S_ws/install/nav2_common/local/lib/python3.10/dist-packages/nav2_common-1.1.18-py3.10.egg-info/top_level.txt
[3.367s] -- Up-to-date: /Pav-S_ws/install/nav2_common/local/lib/python3.10/dist-packages/nav2_common
[3.367s] -- Up-to-date: /Pav-S_ws/install/nav2_common/local/lib/python3.10/dist-packages/nav2_common/__init__.py
[3.367s] -- Up-to-date: /Pav-S_ws/install/nav2_common/local/lib/python3.10/dist-packages/nav2_common/launch
[3.367s] -- Up-to-date: /Pav-S_ws/install/nav2_common/local/lib/python3.10/dist-packages/nav2_common/launch/rewritten_yaml.py
[3.367s] -- Up-to-date: /Pav-S_ws/install/nav2_common/local/lib/python3.10/dist-packages/nav2_common/launch/replace_string.py
[3.367s] -- Up-to-date: /Pav-S_ws/install/nav2_common/local/lib/python3.10/dist-packages/nav2_common/launch/has_node_params.py
[3.367s] -- Up-to-date: /Pav-S_ws/install/nav2_common/local/lib/python3.10/dist-packages/nav2_common/launch/__init__.py
[3.368s] -- Up-to-date: /Pav-S_ws/install/nav2_common/local/lib/python3.10/dist-packages/nav2_common/launch/parse_multirobot_pose.py
[3.368s] Listing '/Pav-S_ws/install/nav2_common/local/lib/python3.10/dist-packages/nav2_common'...
[3.368s] Listing '/Pav-S_ws/install/nav2_common/local/lib/python3.10/dist-packages/nav2_common/launch'...
[3.368s] -- Up-to-date: /Pav-S_ws/install/nav2_common/share/ament_index/resource_index/package_run_dependencies/nav2_common
[3.368s] -- Installing: /Pav-S_ws/install/nav2_common/share/ament_index/resource_index/parent_prefix_path/nav2_common
[3.368s] -- Up-to-date: /Pav-S_ws/install/nav2_common/share/nav2_common/environment/ament_prefix_path.sh
[3.368s] -- Installing: /Pav-S_ws/install/nav2_common/share/nav2_common/environment/ament_prefix_path.dsv
[3.369s] -- Up-to-date: /Pav-S_ws/install/nav2_common/share/nav2_common/environment/path.sh
[3.369s] -- Installing: /Pav-S_ws/install/nav2_common/share/nav2_common/environment/path.dsv
[3.374s] -- Up-to-date: /Pav-S_ws/install/nav2_common/share/nav2_common/local_setup.bash
[3.375s] -- Up-to-date: /Pav-S_ws/install/nav2_common/share/nav2_common/local_setup.sh
[3.377s] -- Up-to-date: /Pav-S_ws/install/nav2_common/share/nav2_common/local_setup.zsh
[3.378s] -- Installing: /Pav-S_ws/install/nav2_common/share/nav2_common/local_setup.dsv
[3.378s] -- Installing: /Pav-S_ws/install/nav2_common/share/nav2_common/package.dsv
[3.378s] -- Up-to-date: /Pav-S_ws/install/nav2_common/share/ament_index/resource_index/packages/nav2_common
[3.378s] -- Up-to-date: /Pav-S_ws/install/nav2_common/share/nav2_common/cmake/nav2_common-extras.cmake
[3.378s] -- Up-to-date: /Pav-S_ws/install/nav2_common/share/nav2_common/cmake/nav2_commonConfig.cmake
[3.379s] -- Up-to-date: /Pav-S_ws/install/nav2_common/share/nav2_common/cmake/nav2_commonConfig-version.cmake
[3.379s] -- Up-to-date: /Pav-S_ws/install/nav2_common/share/nav2_common/package.xml
[3.379s] -- Up-to-date: /Pav-S_ws/install/nav2_common/share/nav2_common/cmake
[3.379s] -- Up-to-date: /Pav-S_ws/install/nav2_common/share/nav2_common/cmake/nav2_package.cmake
[3.408s] Invoked command in '/Pav-S_ws/build/nav2_common' returned '0': CMAKE_PREFIX_PATH=${CMAKE_PREFIX_PATH}:/Pav-S_ws/install/yolo_detector:/Pav-S_ws/install/yolov5_lib:/Pav-S_ws/install/nav2_simple_commander:/opt/ros/humble /usr/bin/cmake --install /Pav-S_ws/build/nav2_common
