-- The C compiler identification is GNU 11.4.0
-- The CXX compiler identification is GNU 11.4.0
-- Detecting C compiler ABI info
-- Detecting C compiler ABI info - done
-- Check for working C compiler: /usr/bin/cc - skipped
-- Detecting C compile features
-- Detecting C compile features - done
-- Detecting CXX compiler ABI info
-- Detecting CXX compiler ABI info - done
-- Check for working CXX compiler: /usr/bin/c++ - skipped
-- Detecting CXX compile features
-- Detecting CXX compile features - done
-- Found ament_cmake: 1.3.12 (/opt/ros/humble/share/ament_cmake/cmake)
-- Found Python3: /usr/bin/python3 (found version "3.10.12") found components: Interpreter 
-- Found ament_index_cpp: 1.4.0 (/opt/ros/humble/share/ament_index_cpp/cmake)
-- Found astra_camera_msgs: 1.0.1 (/Pav-S_ws/install/astra_camera_msgs/share/astra_camera_msgs/cmake)
-- Found rosidl_generator_c: 3.1.7 (/opt/ros/humble/share/rosidl_generator_c/cmake)
-- Found rosidl_adapter: 3.1.7 (/opt/ros/humble/share/rosidl_adapter/cmake)
-- Found rosidl_generator_cpp: 3.1.7 (/opt/ros/humble/share/rosidl_generator_cpp/cmake)
-- Using all available rosidl_typesupport_c: rosidl_typesupport_fastrtps_c;rosidl_typesupport_introspection_c
-- Using all available rosidl_typesupport_cpp: rosidl_typesupport_fastrtps_cpp;rosidl_typesupport_introspection_cpp
-- Found camera_info_manager: 3.1.12 (/opt/ros/humble/share/camera_info_manager/cmake)
-- Found rmw_implementation_cmake: 6.1.2 (/opt/ros/humble/share/rmw_implementation_cmake/cmake)
-- Found rmw_fastrtps_cpp: 6.2.8 (/opt/ros/humble/share/rmw_fastrtps_cpp/cmake)
-- Found OpenSSL: /usr/lib/aarch64-linux-gnu/libcrypto.so (found version "3.0.2")  
-- Found FastRTPS: /opt/ros/humble/include  
-- Using RMW implementation 'rmw_fastrtps_cpp' as default
-- Looking for pthread.h
-- Looking for pthread.h - found
-- Performing Test CMAKE_HAVE_LIBC_PTHREAD
-- Performing Test CMAKE_HAVE_LIBC_PTHREAD - Success
-- Found Threads: TRUE  
-- Found class_loader: 2.2.0 (/opt/ros/humble/share/class_loader/cmake)
-- Found cv_bridge: 3.2.1 (/opt/ros/humble/share/cv_bridge/cmake)
-- Found message_filters: 4.3.8 (/opt/ros/humble/share/message_filters/cmake)
-- Found image_geometry: 3.2.1 (/opt/ros/humble/share/image_geometry/cmake)
-- Found image_publisher: 3.0.8 (/opt/ros/humble/share/image_publisher/cmake)
-- Found OpenCV: /usr (found version "4.8.0") 
-- Found std_srvs: 4.9.0 (/opt/ros/humble/share/std_srvs/cmake)
-- Found tf2: 0.25.16 (/opt/ros/humble/share/tf2/cmake)
-- Found tf2_eigen: 0.25.16 (/opt/ros/humble/share/tf2_eigen/cmake)
-- Found tf2_sensor_msgs: 0.25.16 (/opt/ros/humble/share/tf2_sensor_msgs/cmake)
-- Found PkgConfig: /usr/bin/pkg-config (found version "0.29.2") 
-- Checking for one of the modules 'libuvc'
-- Checking for one of the modules 'libglog'
-- ORRBEC Machine : aarch64

-- ORRBEC Machine Bits : 64

-- ORRBEC : arm64
-- Found ament_lint_auto: 0.12.14 (/opt/ros/humble/share/ament_lint_auto/cmake)
-- Configuring done
-- Generating done
-- Build files have been written to: /Pav-S_ws/build/astra_camera
[  5%] [32mBuilding CXX object CMakeFiles/astra_camera.dir/src/point_cloud_proc/point_cloud_xyz.cpp.o[0m
[ 10%] [32mBuilding CXX object CMakeFiles/astra_camera.dir/src/ob_timer_filter.cpp.o[0m
[ 15%] [32mBuilding CXX object CMakeFiles/astra_camera.dir/src/ob_camera_node_factory.cpp.o[0m
[ 21%] [32mBuilding CXX object CMakeFiles/astra_camera.dir/src/ob_camera_node.cpp.o[0m
[ 26%] [32mBuilding CXX object CMakeFiles/astra_camera.dir/src/ros_param_backend.cpp.o[0m
[ 31%] [32mBuilding CXX object CMakeFiles/astra_camera.dir/src/ros_service.cpp.o[0m
[ 42%] [32mBuilding CXX object CMakeFiles/astra_camera.dir/src/utils.cpp.o[0m
[ 42%] [32mBuilding CXX object CMakeFiles/astra_camera.dir/src/ob_camera_info.cpp.o[0m
[ 47%] [32mBuilding CXX object CMakeFiles/astra_camera.dir/src/dynamic_params.cpp.o[0m
[ 52%] [32mBuilding CXX object CMakeFiles/astra_camera.dir/src/point_cloud_proc/point_cloud_xyzrgb.cpp.o[0m
[ 57%] [32mBuilding CXX object CMakeFiles/astra_camera.dir/src/ob_context.cpp.o[0m
[ 63%] [32mBuilding CXX object CMakeFiles/astra_camera.dir/src/uvc_camera_driver.cpp.o[0m
[ 68%] [32m[1mLinking CXX shared library libastra_camera.so[0m
[ 68%] Built target astra_camera
[ 78%] [32mBuilding CXX object CMakeFiles/astra_camera_node.dir/src/main.cpp.o[0m
[ 78%] [32mBuilding CXX object CMakeFiles/list_devices_node.dir/src/list_devices_node.cpp.o[0m
[ 84%] [32mBuilding CXX object CMakeFiles/clean_shm_node.dir/src/clean_up_shm_node.cpp.o[0m
[ 89%] [32m[1mLinking CXX executable clean_shm_node[0m
[ 89%] Built target clean_shm_node
[ 94%] [32m[1mLinking CXX executable list_devices_node[0m
[ 94%] Built target list_devices_node
[100%] [32m[1mLinking CXX executable astra_camera_node[0m
[100%] Built target astra_camera_node
