[0.132s] Invoking command in '/Pav-S_ws/build/astra_camera': CMAKE_PREFIX_PATH=/Pav-S_ws/install/astra_camera_msgs:/ws_livox/install/pointcloud_to_laserscan:/ws_livox/install/livox_ros_driver2:/Pav-S_ws/install/wheeltec_robot_urdf:/Pav-S_ws/install/turn_on_wheeltec_robot:/Pav-S_ws/install/wheeltec_robot_msg:/Pav-S_ws/install/usb_cam:/Pav-S_ws/install/serial:/Pav-S_ws/install/robot_kcf:/Pav-S_ws/install/nav2_bringup:/Pav-S_ws/install/navigation2:/Pav-S_ws/install/nav2_smoother:/Pav-S_ws/install/nav2_rotation_shim_controller:/Pav-S_ws/install/nav2_graceful_controller:/Pav-S_ws/install/nav2_dwb_controller:/Pav-S_ws/install/nav2_controller:/Pav-S_ws/install/dwb_plugins:/Pav-S_ws/install/dwb_critics:/Pav-S_ws/install/dwb_core:/Pav-S_ws/install/nav_2d_utils:/Pav-S_ws/install/dwb_msgs:/Pav-S_ws/install/nav_2d_msgs:/Pav-S_ws/install/nav2_waypoint_follower:/Pav-S_ws/install/nav2_theta_star_planner:/Pav-S_ws/install/nav2_smac_planner:/Pav-S_ws/install/nav2_regulated_pure_pursuit_controller:/Pav-S_ws/install/nav2_planner:/Pav-S_ws/install/nav2_navfn_planner:/Pav-S_ws/install/nav2_mppi_controller:/Pav-S_ws/install/nav2_constrained_smoother:/Pav-S_ws/install/nav2_bt_navigator:/Pav-S_ws/install/nav2_behaviors:/Pav-S_ws/install/nav2_core:/Pav-S_ws/install/nav2_collision_monitor:/Pav-S_ws/install/costmap_queue:/Pav-S_ws/install/nav2_costmap_2d:/Pav-S_ws/install/nav2_voxel_grid:/Pav-S_ws/install/nav2_velocity_smoother:/Pav-S_ws/install/nav2_rviz_plugins:/Pav-S_ws/install/nav2_map_server:/Pav-S_ws/install/nav2_lifecycle_manager:/Pav-S_ws/install/nav2_behavior_tree:/Pav-S_ws/install/nav2_amcl:/Pav-S_ws/install/nav2_util:/Pav-S_ws/install/nav2_msgs:/Pav-S_ws/install/nav2_common:/Pav-S_ws/install/libuvc:/Pav-S_ws/install/fast_lio:/Pav-S_ws/install/astra_camera:/Pav-S_ws/install/yolo_detector:/Pav-S_ws/install/yolov5_lib:/Pav-S_ws/install/nav2_simple_commander:/opt/ros/humble LD_LIBRARY_PATH=/Pav-S_ws/install/astra_camera_msgs/lib:/usr/local/cuda-12.2/lib64:/ws_livox/install/pointcloud_to_laserscan/lib:/ws_livox/install/livox_ros_driver2/lib:/Pav-S_ws/install/turn_on_wheeltec_robot/lib:/Pav-S_ws/install/wheeltec_robot_msg/lib:/Pav-S_ws/install/usb_cam/lib:/Pav-S_ws/install/serial/lib:/Pav-S_ws/install/nav2_smoother/lib:/Pav-S_ws/install/nav2_rotation_shim_controller/lib:/Pav-S_ws/install/nav2_graceful_controller/lib:/Pav-S_ws/install/nav2_controller/lib:/Pav-S_ws/install/dwb_plugins/lib:/Pav-S_ws/install/dwb_critics/lib:/Pav-S_ws/install/dwb_core/lib:/Pav-S_ws/install/nav_2d_utils/lib:/Pav-S_ws/install/dwb_msgs/lib:/Pav-S_ws/install/nav_2d_msgs/lib:/Pav-S_ws/install/nav2_waypoint_follower/lib:/Pav-S_ws/install/nav2_theta_star_planner/lib:/Pav-S_ws/install/nav2_smac_planner/lib:/Pav-S_ws/install/nav2_regulated_pure_pursuit_controller/lib:/Pav-S_ws/install/nav2_planner/lib:/Pav-S_ws/install/nav2_navfn_planner/lib:/Pav-S_ws/install/nav2_mppi_controller/lib:/Pav-S_ws/install/nav2_constrained_smoother/lib:/Pav-S_ws/install/nav2_bt_navigator/lib:/Pav-S_ws/install/nav2_behaviors/lib:/Pav-S_ws/install/nav2_collision_monitor/lib:/Pav-S_ws/install/costmap_queue/lib:/Pav-S_ws/install/nav2_costmap_2d/lib:/Pav-S_ws/install/nav2_voxel_grid/lib:/Pav-S_ws/install/nav2_velocity_smoother/lib:/Pav-S_ws/install/nav2_rviz_plugins/lib:/Pav-S_ws/install/nav2_map_server/lib:/Pav-S_ws/install/nav2_lifecycle_manager/lib:/Pav-S_ws/install/nav2_behavior_tree/lib:/Pav-S_ws/install/nav2_amcl/lib:/Pav-S_ws/install/nav2_util/lib:/Pav-S_ws/install/nav2_msgs/lib:/Pav-S_ws/install/libuvc/lib:/Pav-S_ws/install/fast_lio/lib:/Pav-S_ws/install/astra_camera/lib:/opt/ros/humble/opt/rviz_ogre_vendor/lib:/opt/ros/humble/lib/aarch64-linux-gnu:/opt/ros/humble/lib:/usr/local/cuda-12.2/lib64 /usr/bin/cmake /Pav-S_ws/src/ros2_astra_camera-master/astra_camera -DCMAKE_BUILD_TYPE=Release -DCMAKE_INSTALL_PREFIX=/Pav-S_ws/install/astra_camera
[0.884s] -- The C compiler identification is GNU 11.4.0
[0.884s] -- The CXX compiler identification is GNU 11.4.0
[0.884s] -- Detecting C compiler ABI info
[1.026s] -- Detecting C compiler ABI info - done
[1.039s] -- Check for working C compiler: /usr/bin/cc - skipped
[1.040s] -- Detecting C compile features
[1.040s] -- Detecting C compile features - done
[1.047s] -- Detecting CXX compiler ABI info
[1.508s] -- Detecting CXX compiler ABI info - done
[1.521s] -- Check for working CXX compiler: /usr/bin/c++ - skipped
[1.522s] -- Detecting CXX compile features
[1.522s] -- Detecting CXX compile features - done
[1.550s] -- Found ament_cmake: 1.3.12 (/opt/ros/humble/share/ament_cmake/cmake)
[2.314s] -- Found Python3: /usr/bin/python3 (found version "3.10.12") found components: Interpreter 
[3.106s] -- Found ament_index_cpp: 1.4.0 (/opt/ros/humble/share/ament_index_cpp/cmake)
[3.119s] -- Found astra_camera_msgs: 1.0.1 (/Pav-S_ws/install/astra_camera_msgs/share/astra_camera_msgs/cmake)
[3.412s] -- Found rosidl_generator_c: 3.1.7 (/opt/ros/humble/share/rosidl_generator_c/cmake)
[3.452s] -- Found rosidl_adapter: 3.1.7 (/opt/ros/humble/share/rosidl_adapter/cmake)
[3.525s] -- Found rosidl_generator_cpp: 3.1.7 (/opt/ros/humble/share/rosidl_generator_cpp/cmake)
[3.609s] -- Using all available rosidl_typesupport_c: rosidl_typesupport_fastrtps_c;rosidl_typesupport_introspection_c
[3.762s] -- Using all available rosidl_typesupport_cpp: rosidl_typesupport_fastrtps_cpp;rosidl_typesupport_introspection_cpp
[4.232s] -- Found camera_info_manager: 3.1.12 (/opt/ros/humble/share/camera_info_manager/cmake)
[4.502s] -- Found rmw_implementation_cmake: 6.1.2 (/opt/ros/humble/share/rmw_implementation_cmake/cmake)
[4.517s] -- Found rmw_fastrtps_cpp: 6.2.8 (/opt/ros/humble/share/rmw_fastrtps_cpp/cmake)
[5.242s] -- Found OpenSSL: /usr/lib/aarch64-linux-gnu/libcrypto.so (found version "3.0.2")  
[5.380s] -- Found FastRTPS: /opt/ros/humble/include  
[5.604s] -- Using RMW implementation 'rmw_fastrtps_cpp' as default
[5.659s] -- Looking for pthread.h
[5.855s] -- Looking for pthread.h - found
[5.855s] -- Performing Test CMAKE_HAVE_LIBC_PTHREAD
[6.329s] -- Performing Test CMAKE_HAVE_LIBC_PTHREAD - Success
[6.329s] -- Found Threads: TRUE  
[6.618s] -- Found class_loader: 2.2.0 (/opt/ros/humble/share/class_loader/cmake)
[6.666s] -- Found cv_bridge: 3.2.1 (/opt/ros/humble/share/cv_bridge/cmake)
[6.721s] -- Found message_filters: 4.3.8 (/opt/ros/humble/share/message_filters/cmake)
[6.776s] -- Found image_geometry: 3.2.1 (/opt/ros/humble/share/image_geometry/cmake)
[6.803s] -- Found image_publisher: 3.0.8 (/opt/ros/humble/share/image_publisher/cmake)
[7.050s] -- Found OpenCV: /usr (found version "4.8.0") 
[7.078s] -- Found std_srvs: 4.9.0 (/opt/ros/humble/share/std_srvs/cmake)
[7.142s] -- Found tf2: 0.25.16 (/opt/ros/humble/share/tf2/cmake)
[7.169s] -- Found tf2_eigen: 0.25.16 (/opt/ros/humble/share/tf2_eigen/cmake)
[7.589s] -- Found tf2_sensor_msgs: 0.25.16 (/opt/ros/humble/share/tf2_sensor_msgs/cmake)
[7.640s] -- Found PkgConfig: /usr/bin/pkg-config (found version "0.29.2") 
[7.641s] -- Checking for one of the modules 'libuvc'
[8.089s] -- Checking for one of the modules 'libglog'
[8.576s] -- ORRBEC Machine : aarch64
[8.577s] 
[8.577s] -- ORRBEC Machine Bits : 64
[8.577s] 
[8.578s] -- ORRBEC : arm64
[9.306s] -- Found ament_lint_auto: 0.12.14 (/opt/ros/humble/share/ament_lint_auto/cmake)
[9.662s] -- Configuring done
[9.993s] -- Generating done
[10.108s] -- Build files have been written to: /Pav-S_ws/build/astra_camera
[10.177s] Invoked command in '/Pav-S_ws/build/astra_camera' returned '0': CMAKE_PREFIX_PATH=/Pav-S_ws/install/astra_camera_msgs:/ws_livox/install/pointcloud_to_laserscan:/ws_livox/install/livox_ros_driver2:/Pav-S_ws/install/wheeltec_robot_urdf:/Pav-S_ws/install/turn_on_wheeltec_robot:/Pav-S_ws/install/wheeltec_robot_msg:/Pav-S_ws/install/usb_cam:/Pav-S_ws/install/serial:/Pav-S_ws/install/robot_kcf:/Pav-S_ws/install/nav2_bringup:/Pav-S_ws/install/navigation2:/Pav-S_ws/install/nav2_smoother:/Pav-S_ws/install/nav2_rotation_shim_controller:/Pav-S_ws/install/nav2_graceful_controller:/Pav-S_ws/install/nav2_dwb_controller:/Pav-S_ws/install/nav2_controller:/Pav-S_ws/install/dwb_plugins:/Pav-S_ws/install/dwb_critics:/Pav-S_ws/install/dwb_core:/Pav-S_ws/install/nav_2d_utils:/Pav-S_ws/install/dwb_msgs:/Pav-S_ws/install/nav_2d_msgs:/Pav-S_ws/install/nav2_waypoint_follower:/Pav-S_ws/install/nav2_theta_star_planner:/Pav-S_ws/install/nav2_smac_planner:/Pav-S_ws/install/nav2_regulated_pure_pursuit_controller:/Pav-S_ws/install/nav2_planner:/Pav-S_ws/install/nav2_navfn_planner:/Pav-S_ws/install/nav2_mppi_controller:/Pav-S_ws/install/nav2_constrained_smoother:/Pav-S_ws/install/nav2_bt_navigator:/Pav-S_ws/install/nav2_behaviors:/Pav-S_ws/install/nav2_core:/Pav-S_ws/install/nav2_collision_monitor:/Pav-S_ws/install/costmap_queue:/Pav-S_ws/install/nav2_costmap_2d:/Pav-S_ws/install/nav2_voxel_grid:/Pav-S_ws/install/nav2_velocity_smoother:/Pav-S_ws/install/nav2_rviz_plugins:/Pav-S_ws/install/nav2_map_server:/Pav-S_ws/install/nav2_lifecycle_manager:/Pav-S_ws/install/nav2_behavior_tree:/Pav-S_ws/install/nav2_amcl:/Pav-S_ws/install/nav2_util:/Pav-S_ws/install/nav2_msgs:/Pav-S_ws/install/nav2_common:/Pav-S_ws/install/libuvc:/Pav-S_ws/install/fast_lio:/Pav-S_ws/install/astra_camera:/Pav-S_ws/install/yolo_detector:/Pav-S_ws/install/yolov5_lib:/Pav-S_ws/install/nav2_simple_commander:/opt/ros/humble LD_LIBRARY_PATH=/Pav-S_ws/install/astra_camera_msgs/lib:/usr/local/cuda-12.2/lib64:/ws_livox/install/pointcloud_to_laserscan/lib:/ws_livox/install/livox_ros_driver2/lib:/Pav-S_ws/install/turn_on_wheeltec_robot/lib:/Pav-S_ws/install/wheeltec_robot_msg/lib:/Pav-S_ws/install/usb_cam/lib:/Pav-S_ws/install/serial/lib:/Pav-S_ws/install/nav2_smoother/lib:/Pav-S_ws/install/nav2_rotation_shim_controller/lib:/Pav-S_ws/install/nav2_graceful_controller/lib:/Pav-S_ws/install/nav2_controller/lib:/Pav-S_ws/install/dwb_plugins/lib:/Pav-S_ws/install/dwb_critics/lib:/Pav-S_ws/install/dwb_core/lib:/Pav-S_ws/install/nav_2d_utils/lib:/Pav-S_ws/install/dwb_msgs/lib:/Pav-S_ws/install/nav_2d_msgs/lib:/Pav-S_ws/install/nav2_waypoint_follower/lib:/Pav-S_ws/install/nav2_theta_star_planner/lib:/Pav-S_ws/install/nav2_smac_planner/lib:/Pav-S_ws/install/nav2_regulated_pure_pursuit_controller/lib:/Pav-S_ws/install/nav2_planner/lib:/Pav-S_ws/install/nav2_navfn_planner/lib:/Pav-S_ws/install/nav2_mppi_controller/lib:/Pav-S_ws/install/nav2_constrained_smoother/lib:/Pav-S_ws/install/nav2_bt_navigator/lib:/Pav-S_ws/install/nav2_behaviors/lib:/Pav-S_ws/install/nav2_collision_monitor/lib:/Pav-S_ws/install/costmap_queue/lib:/Pav-S_ws/install/nav2_costmap_2d/lib:/Pav-S_ws/install/nav2_voxel_grid/lib:/Pav-S_ws/install/nav2_velocity_smoother/lib:/Pav-S_ws/install/nav2_rviz_plugins/lib:/Pav-S_ws/install/nav2_map_server/lib:/Pav-S_ws/install/nav2_lifecycle_manager/lib:/Pav-S_ws/install/nav2_behavior_tree/lib:/Pav-S_ws/install/nav2_amcl/lib:/Pav-S_ws/install/nav2_util/lib:/Pav-S_ws/install/nav2_msgs/lib:/Pav-S_ws/install/libuvc/lib:/Pav-S_ws/install/fast_lio/lib:/Pav-S_ws/install/astra_camera/lib:/opt/ros/humble/opt/rviz_ogre_vendor/lib:/opt/ros/humble/lib/aarch64-linux-gnu:/opt/ros/humble/lib:/usr/local/cuda-12.2/lib64 /usr/bin/cmake /Pav-S_ws/src/ros2_astra_camera-master/astra_camera -DCMAKE_BUILD_TYPE=Release -DCMAKE_INSTALL_PREFIX=/Pav-S_ws/install/astra_camera
[10.188s] Invoking command in '/Pav-S_ws/build/astra_camera': CMAKE_PREFIX_PATH=/Pav-S_ws/install/astra_camera_msgs:/ws_livox/install/pointcloud_to_laserscan:/ws_livox/install/livox_ros_driver2:/Pav-S_ws/install/wheeltec_robot_urdf:/Pav-S_ws/install/turn_on_wheeltec_robot:/Pav-S_ws/install/wheeltec_robot_msg:/Pav-S_ws/install/usb_cam:/Pav-S_ws/install/serial:/Pav-S_ws/install/robot_kcf:/Pav-S_ws/install/nav2_bringup:/Pav-S_ws/install/navigation2:/Pav-S_ws/install/nav2_smoother:/Pav-S_ws/install/nav2_rotation_shim_controller:/Pav-S_ws/install/nav2_graceful_controller:/Pav-S_ws/install/nav2_dwb_controller:/Pav-S_ws/install/nav2_controller:/Pav-S_ws/install/dwb_plugins:/Pav-S_ws/install/dwb_critics:/Pav-S_ws/install/dwb_core:/Pav-S_ws/install/nav_2d_utils:/Pav-S_ws/install/dwb_msgs:/Pav-S_ws/install/nav_2d_msgs:/Pav-S_ws/install/nav2_waypoint_follower:/Pav-S_ws/install/nav2_theta_star_planner:/Pav-S_ws/install/nav2_smac_planner:/Pav-S_ws/install/nav2_regulated_pure_pursuit_controller:/Pav-S_ws/install/nav2_planner:/Pav-S_ws/install/nav2_navfn_planner:/Pav-S_ws/install/nav2_mppi_controller:/Pav-S_ws/install/nav2_constrained_smoother:/Pav-S_ws/install/nav2_bt_navigator:/Pav-S_ws/install/nav2_behaviors:/Pav-S_ws/install/nav2_core:/Pav-S_ws/install/nav2_collision_monitor:/Pav-S_ws/install/costmap_queue:/Pav-S_ws/install/nav2_costmap_2d:/Pav-S_ws/install/nav2_voxel_grid:/Pav-S_ws/install/nav2_velocity_smoother:/Pav-S_ws/install/nav2_rviz_plugins:/Pav-S_ws/install/nav2_map_server:/Pav-S_ws/install/nav2_lifecycle_manager:/Pav-S_ws/install/nav2_behavior_tree:/Pav-S_ws/install/nav2_amcl:/Pav-S_ws/install/nav2_util:/Pav-S_ws/install/nav2_msgs:/Pav-S_ws/install/nav2_common:/Pav-S_ws/install/libuvc:/Pav-S_ws/install/fast_lio:/Pav-S_ws/install/astra_camera:/Pav-S_ws/install/yolo_detector:/Pav-S_ws/install/yolov5_lib:/Pav-S_ws/install/nav2_simple_commander:/opt/ros/humble LD_LIBRARY_PATH=/Pav-S_ws/install/astra_camera_msgs/lib:/usr/local/cuda-12.2/lib64:/ws_livox/install/pointcloud_to_laserscan/lib:/ws_livox/install/livox_ros_driver2/lib:/Pav-S_ws/install/turn_on_wheeltec_robot/lib:/Pav-S_ws/install/wheeltec_robot_msg/lib:/Pav-S_ws/install/usb_cam/lib:/Pav-S_ws/install/serial/lib:/Pav-S_ws/install/nav2_smoother/lib:/Pav-S_ws/install/nav2_rotation_shim_controller/lib:/Pav-S_ws/install/nav2_graceful_controller/lib:/Pav-S_ws/install/nav2_controller/lib:/Pav-S_ws/install/dwb_plugins/lib:/Pav-S_ws/install/dwb_critics/lib:/Pav-S_ws/install/dwb_core/lib:/Pav-S_ws/install/nav_2d_utils/lib:/Pav-S_ws/install/dwb_msgs/lib:/Pav-S_ws/install/nav_2d_msgs/lib:/Pav-S_ws/install/nav2_waypoint_follower/lib:/Pav-S_ws/install/nav2_theta_star_planner/lib:/Pav-S_ws/install/nav2_smac_planner/lib:/Pav-S_ws/install/nav2_regulated_pure_pursuit_controller/lib:/Pav-S_ws/install/nav2_planner/lib:/Pav-S_ws/install/nav2_navfn_planner/lib:/Pav-S_ws/install/nav2_mppi_controller/lib:/Pav-S_ws/install/nav2_constrained_smoother/lib:/Pav-S_ws/install/nav2_bt_navigator/lib:/Pav-S_ws/install/nav2_behaviors/lib:/Pav-S_ws/install/nav2_collision_monitor/lib:/Pav-S_ws/install/costmap_queue/lib:/Pav-S_ws/install/nav2_costmap_2d/lib:/Pav-S_ws/install/nav2_voxel_grid/lib:/Pav-S_ws/install/nav2_velocity_smoother/lib:/Pav-S_ws/install/nav2_rviz_plugins/lib:/Pav-S_ws/install/nav2_map_server/lib:/Pav-S_ws/install/nav2_lifecycle_manager/lib:/Pav-S_ws/install/nav2_behavior_tree/lib:/Pav-S_ws/install/nav2_amcl/lib:/Pav-S_ws/install/nav2_util/lib:/Pav-S_ws/install/nav2_msgs/lib:/Pav-S_ws/install/libuvc/lib:/Pav-S_ws/install/fast_lio/lib:/Pav-S_ws/install/astra_camera/lib:/opt/ros/humble/opt/rviz_ogre_vendor/lib:/opt/ros/humble/lib/aarch64-linux-gnu:/opt/ros/humble/lib:/usr/local/cuda-12.2/lib64 /usr/bin/cmake --build /Pav-S_ws/build/astra_camera -- -j6 -l6
[10.520s] [  5%] [32mBuilding CXX object CMakeFiles/astra_camera.dir/src/point_cloud_proc/point_cloud_xyz.cpp.o[0m
[45.045s] [ 10%] [32mBuilding CXX object CMakeFiles/astra_camera.dir/src/ob_timer_filter.cpp.o[0m
[57.967s] [ 15%] [32mBuilding CXX object CMakeFiles/astra_camera.dir/src/ob_camera_node_factory.cpp.o[0m
[102.853s] [ 21%] [32mBuilding CXX object CMakeFiles/astra_camera.dir/src/ob_camera_node.cpp.o[0m
[304.208s] [ 26%] [32mBuilding CXX object CMakeFiles/astra_camera.dir/src/ros_param_backend.cpp.o[0m
[312.623s] [ 31%] [32mBuilding CXX object CMakeFiles/astra_camera.dir/src/ros_service.cpp.o[0m
[362.700s] [ 42%] [32mBuilding CXX object CMakeFiles/astra_camera.dir/src/utils.cpp.o[0m
[362.701s] [ 42%] [32mBuilding CXX object CMakeFiles/astra_camera.dir/src/ob_camera_info.cpp.o[0m
[363.725s] [ 47%] [32mBuilding CXX object CMakeFiles/astra_camera.dir/src/dynamic_params.cpp.o[0m
[364.752s] [ 52%] [32mBuilding CXX object CMakeFiles/astra_camera.dir/src/point_cloud_proc/point_cloud_xyzrgb.cpp.o[0m
[364.752s] [ 57%] [32mBuilding CXX object CMakeFiles/astra_camera.dir/src/ob_context.cpp.o[0m
[368.907s] [ 63%] [32mBuilding CXX object CMakeFiles/astra_camera.dir/src/uvc_camera_driver.cpp.o[0m
[428.248s] [ 68%] [32m[1mLinking CXX shared library libastra_camera.so[0m
[430.541s] [ 68%] Built target astra_camera
[430.599s] [ 78%] [32mBuilding CXX object CMakeFiles/astra_camera_node.dir/src/main.cpp.o[0m
[430.599s] [ 78%] [32mBuilding CXX object CMakeFiles/list_devices_node.dir/src/list_devices_node.cpp.o[0m
[430.601s] [ 84%] [32mBuilding CXX object CMakeFiles/clean_shm_node.dir/src/clean_up_shm_node.cpp.o[0m
[431.541s] [ 89%] [32m[1mLinking CXX executable clean_shm_node[0m
[434.757s] [ 89%] Built target clean_shm_node
[439.450s] [ 94%] [32m[1mLinking CXX executable list_devices_node[0m
[440.706s] [ 94%] Built target list_devices_node
[456.615s] [100%] [32m[1mLinking CXX executable astra_camera_node[0m
[457.930s] [100%] Built target astra_camera_node
