gmake[2]: Warning: File 'CMakeFiles/nav2_msgs__cpp.dir/compiler_depend.make' has modification time 1759584928 s in the future
gmake[2]: Warning: File 'CMakeFiles/nav2_msgs__rosidl_generator_c.dir/flags.make' has modification time 1759584928 s in the future
gmake[2]: Warning: File 'CMakeFiles/ament_cmake_python_copy_nav2_msgs.dir/compiler_depend.make' has modification time 1759584928 s in the future
gmake[2]: warning:  Clock skew detected.  Your build may be incomplete.
gmake[2]: warning:  Clock skew detected.  Your build may be incomplete.
gmake[2]: Warning: File 'CMakeFiles/ament_cmake_python_copy_nav2_msgs.dir/compiler_depend.make' has modification time 1759584928 s in the future
gmake[2]: Warning: File 'CMakeFiles/nav2_msgs__cpp.dir/compiler_depend.make' has modification time 1759584928 s in the future
gmake[2]: warning:  Clock skew detected.  Your build may be incomplete.
gmake[2]: Warning: File 'CMakeFiles/nav2_msgs__rosidl_typesupport_cpp.dir/flags.make' has modification time 1759584928 s in the future
gmake[2]: Warning: File 'CMakeFiles/nav2_msgs__rosidl_typesupport_fastrtps_cpp.dir/flags.make' has modification time 1759584928 s in the future
gmake[2]: Warning: File 'CMakeFiles/nav2_msgs__rosidl_typesupport_introspection_cpp.dir/flags.make' has modification time 1759584928 s in the future
gmake[2]: warning:  Clock skew detected.  Your build may be incomplete.
gmake[2]: Warning: File 'CMakeFiles/nav2_msgs__rosidl_generator_c.dir/flags.make' has modification time 1759584928 s in the future
gmake[2]: warning:  Clock skew detected.  Your build may be incomplete.
gmake[2]: warning:  Clock skew detected.  Your build may be incomplete.
gmake[2]: Warning: File 'CMakeFiles/nav2_msgs__rosidl_typesupport_fastrtps_c.dir/flags.make' has modification time 1759584928 s in the future
gmake[2]: Warning: File 'CMakeFiles/nav2_msgs__rosidl_typesupport_introspection_c.dir/flags.make' has modification time 1759584928 s in the future
gmake[2]: Warning: File 'CMakeFiles/nav2_msgs__rosidl_typesupport_c.dir/flags.make' has modification time 1759584928 s in the future
gmake[2]: warning:  Clock skew detected.  Your build may be incomplete.
gmake[2]: warning:  Clock skew detected.  Your build may be incomplete.
gmake[2]: Warning: File 'CMakeFiles/nav2_msgs__rosidl_typesupport_cpp.dir/flags.make' has modification time 1759584928 s in the future
gmake[2]: warning:  Clock skew detected.  Your build may be incomplete.
gmake[2]: warning:  Clock skew detected.  Your build may be incomplete.
gmake[2]: warning:  Clock skew detected.  Your build may be incomplete.
gmake[2]: Warning: File 'CMakeFiles/nav2_msgs__rosidl_typesupport_introspection_cpp.dir/flags.make' has modification time 1759584928 s in the future
gmake[2]: warning:  Clock skew detected.  Your build may be incomplete.
gmake[2]: warning:  Clock skew detected.  Your build may be incomplete.
gmake[2]: Warning: File 'CMakeFiles/nav2_msgs__rosidl_typesupport_c.dir/flags.make' has modification time 1759584928 s in the future
gmake[2]: Warning: File 'CMakeFiles/nav2_msgs__rosidl_typesupport_fastrtps_cpp.dir/flags.make' has modification time 1759584928 s in the future
gmake[2]: Warning: File 'CMakeFiles/nav2_msgs__rosidl_typesupport_introspection_c.dir/flags.make' has modification time 1759584928 s in the future
gmake[2]: warning:  Clock skew detected.  Your build may be incomplete.
gmake[2]: warning:  Clock skew detected.  Your build may be incomplete.
gmake[2]: warning:  Clock skew detected.  Your build may be incomplete.
gmake[2]: Warning: File 'CMakeFiles/ament_cmake_python_build_nav2_msgs_egg.dir/compiler_depend.make' has modification time 1759584928 s in the future
gmake[2]: warning:  Clock skew detected.  Your build may be incomplete.
gmake[2]: Warning: File 'CMakeFiles/nav2_msgs__rosidl_typesupport_fastrtps_c.dir/flags.make' has modification time 1759584928 s in the future
gmake[2]: warning:  Clock skew detected.  Your build may be incomplete.
gmake[2]: warning:  Clock skew detected.  Your build may be incomplete.
gmake[2]: Warning: File 'CMakeFiles/ament_cmake_python_build_nav2_msgs_egg.dir/compiler_depend.make' has modification time 1759584928 s in the future
gmake[2]: Warning: File 'CMakeFiles/nav2_msgs.dir/compiler_depend.make' has modification time 1759584928 s in the future
gmake[2]: warning:  Clock skew detected.  Your build may be incomplete.
gmake[2]: Warning: File 'CMakeFiles/nav2_msgs.dir/compiler_depend.make' has modification time 1759584928 s in the future
gmake[2]: warning:  Clock skew detected.  Your build may be incomplete.
gmake[2]: Warning: File 'nav2_msgs__py/CMakeFiles/nav2_msgs__py.dir/compiler_depend.make' has modification time 1759584928 s in the future
gmake[2]: warning:  Clock skew detected.  Your build may be incomplete.
gmake[2]: Warning: File 'nav2_msgs__py/CMakeFiles/nav2_msgs__py.dir/compiler_depend.make' has modification time 1759584928 s in the future
gmake[2]: warning:  Clock skew detected.  Your build may be incomplete.
gmake[2]: Warning: File 'CMakeFiles/nav2_msgs__rosidl_generator_py.dir/flags.make' has modification time 1759584927 s in the future
gmake[2]: warning:  Clock skew detected.  Your build may be incomplete.
gmake[2]: Warning: File 'CMakeFiles/nav2_msgs__rosidl_generator_py.dir/flags.make' has modification time 1759584927 s in the future
gmake[2]: warning:  Clock skew detected.  Your build may be incomplete.
gmake[2]: Warning: File 'CMakeFiles/nav2_msgs__rosidl_typesupport_fastrtps_c__pyext.dir/flags.make' has modification time 1759584927 s in the future
gmake[2]: Warning: File 'CMakeFiles/nav2_msgs__rosidl_typesupport_introspection_c__pyext.dir/flags.make' has modification time 1759584927 s in the future
gmake[2]: Warning: File 'CMakeFiles/nav2_msgs__rosidl_typesupport_c__pyext.dir/flags.make' has modification time 1759584927 s in the future
gmake[2]: warning:  Clock skew detected.  Your build may be incomplete.
gmake[2]: warning:  Clock skew detected.  Your build may be incomplete.
gmake[2]: warning:  Clock skew detected.  Your build may be incomplete.
gmake[2]: Warning: File 'CMakeFiles/nav2_msgs__rosidl_typesupport_c__pyext.dir/flags.make' has modification time 1759584927 s in the future
gmake[2]: Warning: File 'CMakeFiles/nav2_msgs__rosidl_typesupport_introspection_c__pyext.dir/flags.make' has modification time 1759584927 s in the future
gmake[2]: warning:  Clock skew detected.  Your build may be incomplete.
gmake[2]: warning:  Clock skew detected.  Your build may be incomplete.
gmake[2]: Warning: File 'CMakeFiles/nav2_msgs__rosidl_typesupport_fastrtps_c__pyext.dir/flags.make' has modification time 1759584927 s in the future
gmake[2]: warning:  Clock skew detected.  Your build may be incomplete.
gmake[2]: warning:  Clock skew detected.  Your build may be incomplete.
