[0.029s] Invoking command in '/Pav-S_ws/build/fast_lio': CMAKE_PREFIX_PATH=${CMAKE_PREFIX_PATH}:/Pav-S_ws/install/yolo_detector:/Pav-S_ws/install/yolov5_lib:/Pav-S_ws/install/nav2_simple_commander:/opt/ros/humble /usr/bin/cmake --build /Pav-S_ws/build/fast_lio -- -j6 -l6
[0.116s] [0mCurrent CPU archtecture: aarch64[0m
[0.123s] -- Found PythonLibs: /usr/lib/aarch64-linux-gnu/libpython3.10.so (found version "3.10.12") 
[0.124s] -- Found ament_cmake: 1.3.12 (/opt/ros/humble/share/ament_cmake/cmake)
[0.813s] -- Found rclcpp: 16.0.15 (/opt/ros/humble/share/rclcpp/cmake)
[0.872s] -- Found rosidl_generator_c: 3.1.7 (/opt/ros/humble/share/rosidl_generator_c/cmake)
[0.878s] -- Found rosidl_adapter: 3.1.7 (/opt/ros/humble/share/rosidl_adapter/cmake)
[0.891s] -- Found rosidl_generator_cpp: 3.1.7 (/opt/ros/humble/share/rosidl_generator_cpp/cmake)
[0.912s] -- Using all available rosidl_typesupport_c: rosidl_typesupport_fastrtps_c;rosidl_typesupport_introspection_c
[0.946s] -- Using all available rosidl_typesupport_cpp: rosidl_typesupport_fastrtps_cpp;rosidl_typesupport_introspection_cpp
[1.043s] -- Found rmw_implementation_cmake: 6.1.2 (/opt/ros/humble/share/rmw_implementation_cmake/cmake)
[1.049s] -- Found rmw_fastrtps_cpp: 6.2.8 (/opt/ros/humble/share/rmw_fastrtps_cpp/cmake)
[1.322s] -- Using RMW implementation 'rmw_fastrtps_cpp' as default
[1.429s] -- Found rclcpp_components: 16.0.15 (/opt/ros/humble/share/rclcpp_components/cmake)
[1.465s] -- Found geometry_msgs: 4.9.0 (/opt/ros/humble/share/geometry_msgs/cmake)
[1.489s] -- Found nav_msgs: 4.9.0 (/opt/ros/humble/share/nav_msgs/cmake)
[1.520s] -- Found sensor_msgs: 4.9.0 (/opt/ros/humble/share/sensor_msgs/cmake)
[1.554s] -- Found std_srvs: 4.9.0 (/opt/ros/humble/share/std_srvs/cmake)
[1.573s] -- Found visualization_msgs: 4.9.0 (/opt/ros/humble/share/visualization_msgs/cmake)
[1.611s] -- Found pcl_ros: 2.4.5 (/opt/ros/humble/share/pcl_ros/cmake)
[1.689s] -- Eigen found (include: /usr/include/eigen3, version: 3.4.0)
[1.762s] -- FLANN found (include: /usr/include, lib: /usr/lib/aarch64-linux-gnu/libflann_cpp.so)
[2.508s] -- OpenNI found (version: 1.5.4.0, include: /usr/include/ni, lib: /usr/lib/libOpenNI.so;libusb::libusb)
[2.534s] -- OpenNI2 found (version: 2.2.0.33, include: /usr/include/openni2, lib: /usr/lib/aarch64-linux-gnu/libOpenNI2.so;libusb::libusb)
[3.033s] -- Eigen found (include: /usr/include/eigen3, version: 3.4.0)
[3.063s] -- OpenNI found (version: 1.5.4.0, include: /usr/include/ni, lib: /usr/lib/libOpenNI.so;libusb::libusb)
[3.089s] -- OpenNI2 found (version: 2.2.0.33, include: /usr/include/openni2, lib: /usr/lib/aarch64-linux-gnu/libOpenNI2.so;libusb::libusb)
[3.633s] -- Found Qhull version 8.0.2
[4.007s] -- OpenNI found (version: 1.5.4.0, include: /usr/include/ni, lib: /usr/lib/libOpenNI.so;libusb::libusb)
[4.378s] -- Found eigen3_cmake_module: 0.1.1 (/opt/ros/humble/share/eigen3_cmake_module/cmake)
[4.385s] -- Ensuring Eigen3 include directory is part of orocos-kdl CMake target
[4.549s] -- Found livox_ros_driver2: 1.0.0 (/ws_livox/install/livox_ros_driver2/share/livox_ros_driver2/cmake)
[4.551s] -- Found rosidl_default_generators: 1.2.0 (/opt/ros/humble/share/rosidl_default_generators/cmake)
[4.572s] [33mCMake Warning (dev) at CMakeLists.txt:81 (find_package):
[4.572s]   Policy CMP0074 is not set: find_package uses <PackageName>_ROOT variables.
[4.572s]   Run "cmake --help-policy CMP0074" for policy details.  Use the cmake_policy
[4.572s]   command to set the policy and suppress this warning.
[4.572s] 
[4.572s]   CMake variable PCL_ROOT is set to:
[4.572s] 
[4.573s]     /usr
[4.573s] 
[4.573s]   For compatibility, CMake is ignoring the variable.
[4.573s] This warning is for project developers.  Use -Wno-dev to suppress it.
[4.573s] [0m
[4.588s] [0mEigen:/usr/include/eigen3[0m
[4.589s] -- PCL: /usr/include/pcl-1.12
[5.256s] -- Found ament_cmake_ros: 0.10.0 (/opt/ros/humble/share/ament_cmake_ros/cmake)
[6.096s] -- Using all available rosidl_typesupport_c: rosidl_typesupport_fastrtps_c;rosidl_typesupport_introspection_c
[6.442s] -- Using all available rosidl_typesupport_cpp: rosidl_typesupport_fastrtps_cpp;rosidl_typesupport_introspection_cpp
[6.551s] -- Found python_cmake_module: 0.10.0 (/opt/ros/humble/share/python_cmake_module/cmake)
[6.641s] -- Found PythonLibs: /usr/lib/aarch64-linux-gnu/libpython3.10.so (found suitable version "3.10.12", minimum required is "3.5") 
[6.642s] -- Using PYTHON_EXECUTABLE: /usr/bin/python3
[6.642s] -- Using PYTHON_INCLUDE_DIRS: /usr/include/python3.10
[6.642s] -- Using PYTHON_LIBRARIES: /usr/lib/aarch64-linux-gnu/libpython3.10.so
[6.807s] -- Configuring done
[7.057s] -- Generating done
[7.107s] -- Build files have been written to: /Pav-S_ws/build/fast_lio
[7.237s] [35m[1mConsolidate compiler generated dependencies of target fast_lio__rosidl_generator_c[0m
[7.293s] [  8%] Built target fast_lio__rosidl_generator_c
[7.315s] [ 11%] Built target fast_lio__cpp
[7.341s] [35m[1mConsolidate compiler generated dependencies of target fast_lio__rosidl_typesupport_introspection_c[0m
[7.362s] [ 11%] Built target ament_cmake_python_copy_fast_lio
[7.374s] [35m[1mConsolidate compiler generated dependencies of target fast_lio__rosidl_typesupport_cpp[0m
[7.375s] [35m[1mConsolidate compiler generated dependencies of target fast_lio__rosidl_typesupport_fastrtps_c[0m
[7.390s] [35m[1mConsolidate compiler generated dependencies of target fast_lio__rosidl_typesupport_c[0m
[7.398s] [35m[1mConsolidate compiler generated dependencies of target fast_lio__rosidl_typesupport_fastrtps_cpp[0m
[7.415s] [ 20%] Built target fast_lio__rosidl_typesupport_introspection_c
[7.431s] [35m[1mConsolidate compiler generated dependencies of target fast_lio__rosidl_typesupport_introspection_cpp[0m
[7.444s] [ 37%] Built target fast_lio__rosidl_typesupport_cpp
[7.450s] [ 37%] Built target fast_lio__rosidl_typesupport_fastrtps_c
[7.456s] [ 45%] Built target fast_lio__rosidl_typesupport_c
[7.479s] [ 54%] Built target fast_lio__rosidl_typesupport_fastrtps_cpp
[7.486s] [ 62%] Built target fast_lio__rosidl_typesupport_introspection_cpp
[7.494s] [35m[1mConsolidate compiler generated dependencies of target fastlio_mapping[0m
[7.574s] [ 62%] Built target fast_lio
[7.601s] [ 74%] Built target fastlio_mapping
[7.649s] [ 77%] Built target fast_lio__py
[7.675s] [35m[1mConsolidate compiler generated dependencies of target fast_lio__rosidl_generator_py[0m
[7.707s] [ 82%] Built target fast_lio__rosidl_generator_py
[7.732s] [35m[1mConsolidate compiler generated dependencies of target fast_lio__rosidl_typesupport_fastrtps_c__pyext[0m
[7.757s] [35m[1mConsolidate compiler generated dependencies of target fast_lio__rosidl_typesupport_introspection_c__pyext[0m
[7.779s] [ 88%] Built target fast_lio__rosidl_typesupport_fastrtps_c__pyext
[7.783s] [35m[1mConsolidate compiler generated dependencies of target fast_lio__rosidl_typesupport_c__pyext[0m
[7.847s] [ 94%] Built target fast_lio__rosidl_typesupport_c__pyext
[7.860s] [100%] Built target fast_lio__rosidl_typesupport_introspection_c__pyext
[8.199s] running egg_info
[8.201s] writing fast_lio.egg-info/PKG-INFO
[8.201s] writing dependency_links to fast_lio.egg-info/dependency_links.txt
[8.202s] writing top-level names to fast_lio.egg-info/top_level.txt
[8.208s] reading manifest file 'fast_lio.egg-info/SOURCES.txt'
[8.209s] writing manifest file 'fast_lio.egg-info/SOURCES.txt'
[8.321s] [100%] Built target ament_cmake_python_build_fast_lio_egg
[8.784s] Invoked command in '/Pav-S_ws/build/fast_lio' returned '0': CMAKE_PREFIX_PATH=${CMAKE_PREFIX_PATH}:/Pav-S_ws/install/yolo_detector:/Pav-S_ws/install/yolov5_lib:/Pav-S_ws/install/nav2_simple_commander:/opt/ros/humble /usr/bin/cmake --build /Pav-S_ws/build/fast_lio -- -j6 -l6
[8.789s] Invoking command in '/Pav-S_ws/build/fast_lio': CMAKE_PREFIX_PATH=${CMAKE_PREFIX_PATH}:/Pav-S_ws/install/yolo_detector:/Pav-S_ws/install/yolov5_lib:/Pav-S_ws/install/nav2_simple_commander:/opt/ros/humble /usr/bin/cmake --install /Pav-S_ws/build/fast_lio
[8.825s] -- Install configuration: "Release"
[8.826s] -- Up-to-date: /Pav-S_ws/install/fast_lio/share/ament_index/resource_index/rosidl_interfaces/fast_lio
[8.826s] -- Up-to-date: /Pav-S_ws/install/fast_lio/include/fast_lio/fast_lio
[8.828s] -- Up-to-date: /Pav-S_ws/install/fast_lio/include/fast_lio/fast_lio/msg
[8.828s] -- Up-to-date: /Pav-S_ws/install/fast_lio/include/fast_lio/fast_lio/msg/rosidl_generator_c__visibility_control.h
[8.829s] -- Up-to-date: /Pav-S_ws/install/fast_lio/include/fast_lio/fast_lio/msg/pose6_d.h
[8.829s] -- Up-to-date: /Pav-S_ws/install/fast_lio/include/fast_lio/fast_lio/msg/detail
[8.829s] -- Up-to-date: /Pav-S_ws/install/fast_lio/include/fast_lio/fast_lio/msg/detail/pose6_d__struct.h
[8.829s] -- Up-to-date: /Pav-S_ws/install/fast_lio/include/fast_lio/fast_lio/msg/detail/pose6_d__type_support.h
[8.829s] -- Up-to-date: /Pav-S_ws/install/fast_lio/include/fast_lio/fast_lio/msg/detail/pose6_d__functions.c
[8.829s] -- Up-to-date: /Pav-S_ws/install/fast_lio/include/fast_lio/fast_lio/msg/detail/pose6_d__functions.h
[8.829s] -- Up-to-date: /Pav-S_ws/install/fast_lio/share/fast_lio/environment/library_path.sh
[8.829s] -- Installing: /Pav-S_ws/install/fast_lio/share/fast_lio/environment/library_path.dsv
[8.830s] -- Up-to-date: /Pav-S_ws/install/fast_lio/lib/libfast_lio__rosidl_generator_c.so
[8.830s] -- Up-to-date: /Pav-S_ws/install/fast_lio/include/fast_lio/fast_lio
[8.831s] -- Up-to-date: /Pav-S_ws/install/fast_lio/include/fast_lio/fast_lio/msg
[8.832s] -- Up-to-date: /Pav-S_ws/install/fast_lio/include/fast_lio/fast_lio/msg/rosidl_typesupport_fastrtps_c__visibility_control.h
[8.833s] -- Up-to-date: /Pav-S_ws/install/fast_lio/include/fast_lio/fast_lio/msg/detail
[8.834s] -- Up-to-date: /Pav-S_ws/install/fast_lio/include/fast_lio/fast_lio/msg/detail/pose6_d__rosidl_typesupport_fastrtps_c.h
[8.834s] -- Up-to-date: /Pav-S_ws/install/fast_lio/lib/libfast_lio__rosidl_typesupport_fastrtps_c.so
[8.834s] -- Up-to-date: /Pav-S_ws/install/fast_lio/include/fast_lio/fast_lio
[8.834s] -- Up-to-date: /Pav-S_ws/install/fast_lio/include/fast_lio/fast_lio/msg
[8.835s] -- Up-to-date: /Pav-S_ws/install/fast_lio/include/fast_lio/fast_lio/msg/pose6_d.hpp
[8.835s] -- Up-to-date: /Pav-S_ws/install/fast_lio/include/fast_lio/fast_lio/msg/rosidl_generator_cpp__visibility_control.hpp
[8.836s] -- Up-to-date: /Pav-S_ws/install/fast_lio/include/fast_lio/fast_lio/msg/detail
[8.836s] -- Up-to-date: /Pav-S_ws/install/fast_lio/include/fast_lio/fast_lio/msg/detail/pose6_d__builder.hpp
[8.836s] -- Up-to-date: /Pav-S_ws/install/fast_lio/include/fast_lio/fast_lio/msg/detail/pose6_d__traits.hpp
[8.836s] -- Up-to-date: /Pav-S_ws/install/fast_lio/include/fast_lio/fast_lio/msg/detail/pose6_d__type_support.hpp
[8.836s] -- Up-to-date: /Pav-S_ws/install/fast_lio/include/fast_lio/fast_lio/msg/detail/pose6_d__struct.hpp
[8.836s] -- Up-to-date: /Pav-S_ws/install/fast_lio/include/fast_lio/fast_lio
[8.837s] -- Up-to-date: /Pav-S_ws/install/fast_lio/include/fast_lio/fast_lio/msg
[8.837s] -- Up-to-date: /Pav-S_ws/install/fast_lio/include/fast_lio/fast_lio/msg/detail
[8.837s] -- Up-to-date: /Pav-S_ws/install/fast_lio/include/fast_lio/fast_lio/msg/detail/pose6_d__rosidl_typesupport_fastrtps_cpp.hpp
[8.837s] -- Up-to-date: /Pav-S_ws/install/fast_lio/include/fast_lio/fast_lio/msg/detail/dds_fastrtps
[8.837s] -- Up-to-date: /Pav-S_ws/install/fast_lio/include/fast_lio/fast_lio/msg/rosidl_typesupport_fastrtps_cpp__visibility_control.h
[8.838s] -- Up-to-date: /Pav-S_ws/install/fast_lio/lib/libfast_lio__rosidl_typesupport_fastrtps_cpp.so
[8.838s] -- Up-to-date: /Pav-S_ws/install/fast_lio/include/fast_lio/fast_lio
[8.838s] -- Up-to-date: /Pav-S_ws/install/fast_lio/include/fast_lio/fast_lio/msg
[8.838s] -- Up-to-date: /Pav-S_ws/install/fast_lio/include/fast_lio/fast_lio/msg/rosidl_typesupport_introspection_c__visibility_control.h
[8.838s] -- Up-to-date: /Pav-S_ws/install/fast_lio/include/fast_lio/fast_lio/msg/detail
[8.838s] -- Up-to-date: /Pav-S_ws/install/fast_lio/include/fast_lio/fast_lio/msg/detail/pose6_d__type_support.c
[8.839s] -- Up-to-date: /Pav-S_ws/install/fast_lio/include/fast_lio/fast_lio/msg/detail/pose6_d__rosidl_typesupport_introspection_c.h
[8.839s] -- Up-to-date: /Pav-S_ws/install/fast_lio/lib/libfast_lio__rosidl_typesupport_introspection_c.so
[8.839s] -- Up-to-date: /Pav-S_ws/install/fast_lio/lib/libfast_lio__rosidl_typesupport_c.so
[8.839s] -- Up-to-date: /Pav-S_ws/install/fast_lio/include/fast_lio/fast_lio
[8.840s] -- Up-to-date: /Pav-S_ws/install/fast_lio/include/fast_lio/fast_lio/msg
[8.840s] -- Up-to-date: /Pav-S_ws/install/fast_lio/include/fast_lio/fast_lio/msg/detail
[8.840s] -- Up-to-date: /Pav-S_ws/install/fast_lio/include/fast_lio/fast_lio/msg/detail/pose6_d__rosidl_typesupport_introspection_cpp.hpp
[8.840s] -- Up-to-date: /Pav-S_ws/install/fast_lio/include/fast_lio/fast_lio/msg/detail/pose6_d__type_support.cpp
[8.840s] -- Up-to-date: /Pav-S_ws/install/fast_lio/lib/libfast_lio__rosidl_typesupport_introspection_cpp.so
[8.840s] -- Up-to-date: /Pav-S_ws/install/fast_lio/lib/libfast_lio__rosidl_typesupport_cpp.so
[8.840s] -- Up-to-date: /Pav-S_ws/install/fast_lio/share/fast_lio/environment/pythonpath.sh
[8.841s] -- Installing: /Pav-S_ws/install/fast_lio/share/fast_lio/environment/pythonpath.dsv
[8.841s] -- Up-to-date: /Pav-S_ws/install/fast_lio/local/lib/python3.10/dist-packages/fast_lio-0.0.0-py3.10.egg-info
[8.841s] -- Installing: /Pav-S_ws/install/fast_lio/local/lib/python3.10/dist-packages/fast_lio-0.0.0-py3.10.egg-info/dependency_links.txt
[8.841s] -- Installing: /Pav-S_ws/install/fast_lio/local/lib/python3.10/dist-packages/fast_lio-0.0.0-py3.10.egg-info/SOURCES.txt
[8.841s] -- Installing: /Pav-S_ws/install/fast_lio/local/lib/python3.10/dist-packages/fast_lio-0.0.0-py3.10.egg-info/PKG-INFO
[8.841s] -- Installing: /Pav-S_ws/install/fast_lio/local/lib/python3.10/dist-packages/fast_lio-0.0.0-py3.10.egg-info/top_level.txt
[8.841s] -- Up-to-date: /Pav-S_ws/install/fast_lio/local/lib/python3.10/dist-packages/fast_lio
[8.842s] -- Up-to-date: /Pav-S_ws/install/fast_lio/local/lib/python3.10/dist-packages/fast_lio/fast_lio_s__rosidl_typesupport_fastrtps_c.cpython-310-aarch64-linux-gnu.so
[8.842s] -- Up-to-date: /Pav-S_ws/install/fast_lio/local/lib/python3.10/dist-packages/fast_lio/fast_lio_s__rosidl_typesupport_c.cpython-310-aarch64-linux-gnu.so
[8.842s] -- Up-to-date: /Pav-S_ws/install/fast_lio/local/lib/python3.10/dist-packages/fast_lio/_fast_lio_s.ep.rosidl_typesupport_c.c
[8.842s] -- Up-to-date: /Pav-S_ws/install/fast_lio/local/lib/python3.10/dist-packages/fast_lio/_fast_lio_s.ep.rosidl_typesupport_introspection_c.c
[8.842s] -- Up-to-date: /Pav-S_ws/install/fast_lio/local/lib/python3.10/dist-packages/fast_lio/msg
[8.842s] -- Up-to-date: /Pav-S_ws/install/fast_lio/local/lib/python3.10/dist-packages/fast_lio/msg/_pose6_d.py
[8.842s] -- Up-to-date: /Pav-S_ws/install/fast_lio/local/lib/python3.10/dist-packages/fast_lio/msg/__init__.py
[8.843s] -- Up-to-date: /Pav-S_ws/install/fast_lio/local/lib/python3.10/dist-packages/fast_lio/msg/_pose6_d_s.c
[8.843s] -- Installing: /Pav-S_ws/install/fast_lio/local/lib/python3.10/dist-packages/fast_lio/__init__.py
[8.843s] -- Up-to-date: /Pav-S_ws/install/fast_lio/local/lib/python3.10/dist-packages/fast_lio/fast_lio_s__rosidl_typesupport_introspection_c.cpython-310-aarch64-linux-gnu.so
[8.843s] -- Up-to-date: /Pav-S_ws/install/fast_lio/local/lib/python3.10/dist-packages/fast_lio/libfast_lio__rosidl_generator_py.so
[8.843s] -- Up-to-date: /Pav-S_ws/install/fast_lio/local/lib/python3.10/dist-packages/fast_lio/_fast_lio_s.ep.rosidl_typesupport_fastrtps_c.c
[8.904s] Listing '/Pav-S_ws/install/fast_lio/local/lib/python3.10/dist-packages/fast_lio'...
[8.905s] Compiling '/Pav-S_ws/install/fast_lio/local/lib/python3.10/dist-packages/fast_lio/__init__.py'...
[8.905s] Listing '/Pav-S_ws/install/fast_lio/local/lib/python3.10/dist-packages/fast_lio/msg'...
[8.920s] -- Up-to-date: /Pav-S_ws/install/fast_lio/local/lib/python3.10/dist-packages/fast_lio/fast_lio_s__rosidl_typesupport_fastrtps_c.cpython-310-aarch64-linux-gnu.so
[8.921s] -- Up-to-date: /Pav-S_ws/install/fast_lio/local/lib/python3.10/dist-packages/fast_lio/fast_lio_s__rosidl_typesupport_introspection_c.cpython-310-aarch64-linux-gnu.so
[8.922s] -- Up-to-date: /Pav-S_ws/install/fast_lio/local/lib/python3.10/dist-packages/fast_lio/fast_lio_s__rosidl_typesupport_c.cpython-310-aarch64-linux-gnu.so
[8.922s] -- Up-to-date: /Pav-S_ws/install/fast_lio/lib/libfast_lio__rosidl_generator_py.so
[8.922s] -- Up-to-date: /Pav-S_ws/install/fast_lio/share/fast_lio/msg/Pose6D.idl
[8.922s] -- Up-to-date: /Pav-S_ws/install/fast_lio/share/fast_lio/msg/Pose6D.msg
[8.923s] -- Up-to-date: /Pav-S_ws/install/fast_lio/lib/fast_lio/fastlio_mapping
[8.923s] -- Up-to-date: /Pav-S_ws/install/fast_lio/share/fast_lio/config
[8.923s] -- Up-to-date: /Pav-S_ws/install/fast_lio/share/fast_lio/config/mid360.yaml
[8.923s] -- Up-to-date: /Pav-S_ws/install/fast_lio/share/fast_lio/config/horizon.yaml
[8.924s] -- Up-to-date: /Pav-S_ws/install/fast_lio/share/fast_lio/config/ouster64.yaml
[8.924s] -- Up-to-date: /Pav-S_ws/install/fast_lio/share/fast_lio/config/avia.yaml
[8.924s] -- Up-to-date: /Pav-S_ws/install/fast_lio/share/fast_lio/config/velodyne.yaml
[8.924s] -- Up-to-date: /Pav-S_ws/install/fast_lio/share/fast_lio/launch
[8.925s] -- Up-to-date: /Pav-S_ws/install/fast_lio/share/fast_lio/launch/mapping.launch.py
[8.925s] -- Up-to-date: /Pav-S_ws/install/fast_lio/share/fast_lio/launch/gdb_debug_example.launch
[8.925s] -- Up-to-date: /Pav-S_ws/install/fast_lio/share/fast_lio/rviz
[8.925s] -- Up-to-date: /Pav-S_ws/install/fast_lio/share/fast_lio/rviz/fastlio.rviz
[8.925s] -- Up-to-date: /Pav-S_ws/install/fast_lio/share/ament_index/resource_index/package_run_dependencies/fast_lio
[8.925s] -- Installing: /Pav-S_ws/install/fast_lio/share/ament_index/resource_index/parent_prefix_path/fast_lio
[8.926s] -- Up-to-date: /Pav-S_ws/install/fast_lio/share/fast_lio/environment/ament_prefix_path.sh
[8.927s] -- Installing: /Pav-S_ws/install/fast_lio/share/fast_lio/environment/ament_prefix_path.dsv
[8.927s] -- Up-to-date: /Pav-S_ws/install/fast_lio/share/fast_lio/environment/path.sh
[8.929s] -- Installing: /Pav-S_ws/install/fast_lio/share/fast_lio/environment/path.dsv
[8.929s] -- Up-to-date: /Pav-S_ws/install/fast_lio/share/fast_lio/local_setup.bash
[8.930s] -- Up-to-date: /Pav-S_ws/install/fast_lio/share/fast_lio/local_setup.sh
[8.930s] -- Up-to-date: /Pav-S_ws/install/fast_lio/share/fast_lio/local_setup.zsh
[8.931s] -- Installing: /Pav-S_ws/install/fast_lio/share/fast_lio/local_setup.dsv
[8.932s] -- Installing: /Pav-S_ws/install/fast_lio/share/fast_lio/package.dsv
[8.932s] -- Up-to-date: /Pav-S_ws/install/fast_lio/share/ament_index/resource_index/packages/fast_lio
[8.933s] -- Up-to-date: /Pav-S_ws/install/fast_lio/share/fast_lio/cmake/export_fast_lio__rosidl_generator_cExport.cmake
[8.933s] -- Up-to-date: /Pav-S_ws/install/fast_lio/share/fast_lio/cmake/export_fast_lio__rosidl_generator_cExport-release.cmake
[8.934s] -- Up-to-date: /Pav-S_ws/install/fast_lio/share/fast_lio/cmake/export_fast_lio__rosidl_typesupport_fastrtps_cExport.cmake
[8.934s] -- Up-to-date: /Pav-S_ws/install/fast_lio/share/fast_lio/cmake/export_fast_lio__rosidl_typesupport_fastrtps_cExport-release.cmake
[8.937s] -- Up-to-date: /Pav-S_ws/install/fast_lio/share/fast_lio/cmake/export_fast_lio__rosidl_generator_cppExport.cmake
[8.939s] -- Up-to-date: /Pav-S_ws/install/fast_lio/share/fast_lio/cmake/export_fast_lio__rosidl_typesupport_fastrtps_cppExport.cmake
[8.940s] -- Up-to-date: /Pav-S_ws/install/fast_lio/share/fast_lio/cmake/export_fast_lio__rosidl_typesupport_fastrtps_cppExport-release.cmake
[8.940s] -- Up-to-date: /Pav-S_ws/install/fast_lio/share/fast_lio/cmake/fast_lio__rosidl_typesupport_introspection_cExport.cmake
[8.940s] -- Up-to-date: /Pav-S_ws/install/fast_lio/share/fast_lio/cmake/fast_lio__rosidl_typesupport_introspection_cExport-release.cmake
[8.941s] -- Up-to-date: /Pav-S_ws/install/fast_lio/share/fast_lio/cmake/fast_lio__rosidl_typesupport_cExport.cmake
[8.942s] -- Up-to-date: /Pav-S_ws/install/fast_lio/share/fast_lio/cmake/fast_lio__rosidl_typesupport_cExport-release.cmake
[8.942s] -- Up-to-date: /Pav-S_ws/install/fast_lio/share/fast_lio/cmake/fast_lio__rosidl_typesupport_introspection_cppExport.cmake
[8.943s] -- Up-to-date: /Pav-S_ws/install/fast_lio/share/fast_lio/cmake/fast_lio__rosidl_typesupport_introspection_cppExport-release.cmake
[8.944s] -- Up-to-date: /Pav-S_ws/install/fast_lio/share/fast_lio/cmake/fast_lio__rosidl_typesupport_cppExport.cmake
[8.944s] -- Up-to-date: /Pav-S_ws/install/fast_lio/share/fast_lio/cmake/fast_lio__rosidl_typesupport_cppExport-release.cmake
[8.945s] -- Up-to-date: /Pav-S_ws/install/fast_lio/share/fast_lio/cmake/export_fast_lio__rosidl_generator_pyExport.cmake
[8.946s] -- Up-to-date: /Pav-S_ws/install/fast_lio/share/fast_lio/cmake/export_fast_lio__rosidl_generator_pyExport-release.cmake
[8.948s] -- Up-to-date: /Pav-S_ws/install/fast_lio/share/fast_lio/cmake/rosidl_cmake-extras.cmake
[8.948s] -- Up-to-date: /Pav-S_ws/install/fast_lio/share/fast_lio/cmake/ament_cmake_export_include_directories-extras.cmake
[8.948s] -- Up-to-date: /Pav-S_ws/install/fast_lio/share/fast_lio/cmake/ament_cmake_export_libraries-extras.cmake
[8.948s] -- Up-to-date: /Pav-S_ws/install/fast_lio/share/fast_lio/cmake/ament_cmake_export_targets-extras.cmake
[8.951s] -- Up-to-date: /Pav-S_ws/install/fast_lio/share/fast_lio/cmake/rosidl_cmake_export_typesupport_targets-extras.cmake
[8.953s] -- Up-to-date: /Pav-S_ws/install/fast_lio/share/fast_lio/cmake/ament_cmake_export_dependencies-extras.cmake
[8.954s] -- Up-to-date: /Pav-S_ws/install/fast_lio/share/fast_lio/cmake/rosidl_cmake_export_typesupport_libraries-extras.cmake
[8.954s] -- Up-to-date: /Pav-S_ws/install/fast_lio/share/fast_lio/cmake/fast_lioConfig.cmake
[8.954s] -- Up-to-date: /Pav-S_ws/install/fast_lio/share/fast_lio/cmake/fast_lioConfig-version.cmake
[8.954s] -- Up-to-date: /Pav-S_ws/install/fast_lio/share/fast_lio/package.xml
[8.959s] Invoked command in '/Pav-S_ws/build/fast_lio' returned '0': CMAKE_PREFIX_PATH=${CMAKE_PREFIX_PATH}:/Pav-S_ws/install/yolo_detector:/Pav-S_ws/install/yolov5_lib:/Pav-S_ws/install/nav2_simple_commander:/opt/ros/humble /usr/bin/cmake --install /Pav-S_ws/build/fast_lio
