-- Found ament_cmake: 1.3.12 (/opt/ros/humble/share/ament_cmake/cmake)
-- Found geometry_msgs: 4.9.0 (/opt/ros/humble/share/geometry_msgs/cmake)
-- Found rosidl_generator_c: 3.1.7 (/opt/ros/humble/share/rosidl_generator_c/cmake)
-- Found rosidl_adapter: 3.1.7 (/opt/ros/humble/share/rosidl_adapter/cmake)
-- Found rosidl_generator_cpp: 3.1.7 (/opt/ros/humble/share/rosidl_generator_cpp/cmake)
-- Using all available rosidl_typesupport_c: rosidl_typesupport_fastrtps_c;rosidl_typesupport_introspection_c
-- Using all available rosidl_typesupport_cpp: rosidl_typesupport_fastrtps_cpp;rosidl_typesupport_introspection_cpp
-- Found sensor_msgs: 4.9.0 (/opt/ros/humble/share/sensor_msgs/cmake)
-- Found vision_msgs: 4.1.1 (/opt/ros/humble/share/vision_msgs/cmake)
-- Found rclcpp: 16.0.15 (/opt/ros/humble/share/rclcpp/cmake)
-- Found rmw_implementation_cmake: 6.1.2 (/opt/ros/humble/share/rmw_implementation_cmake/cmake)
-- Found rmw_fastrtps_cpp: 6.2.8 (/opt/ros/humble/share/rmw_fastrtps_cpp/cmake)
-- Using RMW implementation 'rmw_fastrtps_cpp' as default
-- Found cv_bridge: 3.2.1 (/opt/ros/humble/share/cv_bridge/cmake)
-- Found image_transport: 3.1.12 (/opt/ros/humble/share/image_transport/cmake)
-- Found ament_lint_auto: 0.12.14 (/opt/ros/humble/share/ament_lint_auto/cmake)
-- Added test 'copyright' to check source files copyright and LICENSE
-- Added test 'cppcheck' to perform static code analysis on C / C++ code
-- Configured cppcheck include dirs: /Pav-S_ws/src/robot_kcf/include/robot_kcf
-- Configured cppcheck exclude dirs and/or files: 
-- Added test 'cpplint' to check C / C++ code against the Google style
-- Configured cpplint exclude dirs and/or files: 
-- Added test 'flake8' to check Python code syntax and style conventions
-- Added test 'lint_cmake' to check CMake code style
-- Added test 'pep257' to check Python code against some of the docstring style conventions in PEP 257
-- Added test 'uncrustify' to check C / C++ code style
-- Configured uncrustify additional arguments: 
-- Added test 'xmllint' to check XML markup files
-- Configuring done
-- Generating done
-- Build files have been written to: /Pav-S_ws/build/robot_kcf
[35m[1mConsolidate compiler generated dependencies of target run_tracker_node[0m
[100%] Built target run_tracker_node
-- Install configuration: "Release"
-- Up-to-date: /Pav-S_ws/install/robot_kcf/lib/robot_kcf/run_tracker_node
-- Up-to-date: /Pav-S_ws/install/robot_kcf/share/robot_kcf/launch
-- Up-to-date: /Pav-S_ws/install/robot_kcf/share/robot_kcf/launch/robot_kcf.launch.py
-- Up-to-date: /Pav-S_ws/install/robot_kcf/share/ament_index/resource_index/package_run_dependencies/robot_kcf
-- Up-to-date: /Pav-S_ws/install/robot_kcf/share/ament_index/resource_index/parent_prefix_path/robot_kcf
-- Up-to-date: /Pav-S_ws/install/robot_kcf/share/robot_kcf/environment/ament_prefix_path.sh
-- Installing: /Pav-S_ws/install/robot_kcf/share/robot_kcf/environment/ament_prefix_path.dsv
-- Up-to-date: /Pav-S_ws/install/robot_kcf/share/robot_kcf/environment/path.sh
-- Installing: /Pav-S_ws/install/robot_kcf/share/robot_kcf/environment/path.dsv
-- Up-to-date: /Pav-S_ws/install/robot_kcf/share/robot_kcf/local_setup.bash
-- Up-to-date: /Pav-S_ws/install/robot_kcf/share/robot_kcf/local_setup.sh
-- Up-to-date: /Pav-S_ws/install/robot_kcf/share/robot_kcf/local_setup.zsh
-- Installing: /Pav-S_ws/install/robot_kcf/share/robot_kcf/local_setup.dsv
-- Installing: /Pav-S_ws/install/robot_kcf/share/robot_kcf/package.dsv
-- Up-to-date: /Pav-S_ws/install/robot_kcf/share/ament_index/resource_index/packages/robot_kcf
-- Up-to-date: /Pav-S_ws/install/robot_kcf/share/robot_kcf/cmake/robot_kcfConfig.cmake
-- Up-to-date: /Pav-S_ws/install/robot_kcf/share/robot_kcf/cmake/robot_kcfConfig-version.cmake
-- Up-to-date: /Pav-S_ws/install/robot_kcf/share/robot_kcf/package.xml
