[0.036s] Invoking command in '/Pav-S_ws/build/robot_kcf': CMAKE_PREFIX_PATH=${CMAKE_PREFIX_PATH}:/Pav-S_ws/install/yolo_detector:/Pav-S_ws/install/yolov5_lib:/Pav-S_ws/install/nav2_simple_commander:/opt/ros/humble /usr/bin/cmake --build /Pav-S_ws/build/robot_kcf -- -j6 -l6
[0.195s] -- Found ament_cmake: 1.3.12 (/opt/ros/humble/share/ament_cmake/cmake)
[0.474s] -- Found geometry_msgs: 4.9.0 (/opt/ros/humble/share/geometry_msgs/cmake)
[0.537s] -- Found rosidl_generator_c: 3.1.7 (/opt/ros/humble/share/rosidl_generator_c/cmake)
[0.537s] -- Found rosidl_adapter: 3.1.7 (/opt/ros/humble/share/rosidl_adapter/cmake)
[0.547s] -- Found rosidl_generator_cpp: 3.1.7 (/opt/ros/humble/share/rosidl_generator_cpp/cmake)
[0.571s] -- Using all available rosidl_typesupport_c: rosidl_typesupport_fastrtps_c;rosidl_typesupport_introspection_c
[0.601s] -- Using all available rosidl_typesupport_cpp: rosidl_typesupport_fastrtps_cpp;rosidl_typesupport_introspection_cpp
[0.676s] -- Found sensor_msgs: 4.9.0 (/opt/ros/humble/share/sensor_msgs/cmake)
[0.707s] -- Found vision_msgs: 4.1.1 (/opt/ros/humble/share/vision_msgs/cmake)
[0.740s] -- Found rclcpp: 16.0.15 (/opt/ros/humble/share/rclcpp/cmake)
[0.796s] -- Found rmw_implementation_cmake: 6.1.2 (/opt/ros/humble/share/rmw_implementation_cmake/cmake)
[0.801s] -- Found rmw_fastrtps_cpp: 6.2.8 (/opt/ros/humble/share/rmw_fastrtps_cpp/cmake)
[1.054s] -- Using RMW implementation 'rmw_fastrtps_cpp' as default
[1.135s] -- Found cv_bridge: 3.2.1 (/opt/ros/humble/share/cv_bridge/cmake)
[1.139s] -- Found image_transport: 3.1.12 (/opt/ros/humble/share/image_transport/cmake)
[1.183s] -- Found ament_lint_auto: 0.12.14 (/opt/ros/humble/share/ament_lint_auto/cmake)
[1.368s] -- Added test 'copyright' to check source files copyright and LICENSE
[1.370s] -- Added test 'cppcheck' to perform static code analysis on C / C++ code
[1.370s] -- Configured cppcheck include dirs: /Pav-S_ws/src/robot_kcf/include/robot_kcf
[1.370s] -- Configured cppcheck exclude dirs and/or files: 
[1.372s] -- Added test 'cpplint' to check C / C++ code against the Google style
[1.372s] -- Configured cpplint exclude dirs and/or files: 
[1.373s] -- Added test 'flake8' to check Python code syntax and style conventions
[1.374s] -- Added test 'lint_cmake' to check CMake code style
[1.374s] -- Added test 'pep257' to check Python code against some of the docstring style conventions in PEP 257
[1.376s] -- Added test 'uncrustify' to check C / C++ code style
[1.376s] -- Configured uncrustify additional arguments: 
[1.377s] -- Added test 'xmllint' to check XML markup files
[1.378s] -- Configuring done
[1.406s] -- Generating done
[1.416s] -- Build files have been written to: /Pav-S_ws/build/robot_kcf
[1.487s] [35m[1mConsolidate compiler generated dependencies of target run_tracker_node[0m
[1.537s] [100%] Built target run_tracker_node
[1.572s] Invoked command in '/Pav-S_ws/build/robot_kcf' returned '0': CMAKE_PREFIX_PATH=${CMAKE_PREFIX_PATH}:/Pav-S_ws/install/yolo_detector:/Pav-S_ws/install/yolov5_lib:/Pav-S_ws/install/nav2_simple_commander:/opt/ros/humble /usr/bin/cmake --build /Pav-S_ws/build/robot_kcf -- -j6 -l6
[1.572s] Invoking command in '/Pav-S_ws/build/robot_kcf': CMAKE_PREFIX_PATH=${CMAKE_PREFIX_PATH}:/Pav-S_ws/install/yolo_detector:/Pav-S_ws/install/yolov5_lib:/Pav-S_ws/install/nav2_simple_commander:/opt/ros/humble /usr/bin/cmake --install /Pav-S_ws/build/robot_kcf
[1.596s] -- Install configuration: "Release"
[1.596s] -- Up-to-date: /Pav-S_ws/install/robot_kcf/lib/robot_kcf/run_tracker_node
[1.596s] -- Up-to-date: /Pav-S_ws/install/robot_kcf/share/robot_kcf/launch
[1.597s] -- Up-to-date: /Pav-S_ws/install/robot_kcf/share/robot_kcf/launch/robot_kcf.launch.py
[1.597s] -- Up-to-date: /Pav-S_ws/install/robot_kcf/share/ament_index/resource_index/package_run_dependencies/robot_kcf
[1.597s] -- Up-to-date: /Pav-S_ws/install/robot_kcf/share/ament_index/resource_index/parent_prefix_path/robot_kcf
[1.597s] -- Up-to-date: /Pav-S_ws/install/robot_kcf/share/robot_kcf/environment/ament_prefix_path.sh
[1.598s] -- Installing: /Pav-S_ws/install/robot_kcf/share/robot_kcf/environment/ament_prefix_path.dsv
[1.598s] -- Up-to-date: /Pav-S_ws/install/robot_kcf/share/robot_kcf/environment/path.sh
[1.598s] -- Installing: /Pav-S_ws/install/robot_kcf/share/robot_kcf/environment/path.dsv
[1.598s] -- Up-to-date: /Pav-S_ws/install/robot_kcf/share/robot_kcf/local_setup.bash
[1.598s] -- Up-to-date: /Pav-S_ws/install/robot_kcf/share/robot_kcf/local_setup.sh
[1.599s] -- Up-to-date: /Pav-S_ws/install/robot_kcf/share/robot_kcf/local_setup.zsh
[1.599s] -- Installing: /Pav-S_ws/install/robot_kcf/share/robot_kcf/local_setup.dsv
[1.599s] -- Installing: /Pav-S_ws/install/robot_kcf/share/robot_kcf/package.dsv
[1.599s] -- Up-to-date: /Pav-S_ws/install/robot_kcf/share/ament_index/resource_index/packages/robot_kcf
[1.599s] -- Up-to-date: /Pav-S_ws/install/robot_kcf/share/robot_kcf/cmake/robot_kcfConfig.cmake
[1.600s] -- Up-to-date: /Pav-S_ws/install/robot_kcf/share/robot_kcf/cmake/robot_kcfConfig-version.cmake
[1.600s] -- Up-to-date: /Pav-S_ws/install/robot_kcf/share/robot_kcf/package.xml
[1.617s] Invoked command in '/Pav-S_ws/build/robot_kcf' returned '0': CMAKE_PREFIX_PATH=${CMAKE_PREFIX_PATH}:/Pav-S_ws/install/yolo_detector:/Pav-S_ws/install/yolov5_lib:/Pav-S_ws/install/nav2_simple_commander:/opt/ros/humble /usr/bin/cmake --install /Pav-S_ws/build/robot_kcf
