[0.064s] Invoking command in '/Pav-S_ws/build/nav2_util': CMAKE_PREFIX_PATH=/Pav-S_ws/install/nav2_msgs:/Pav-S_ws/install/nav2_common:/ws_livox/install/pointcloud_to_laserscan:/ws_livox/install/livox_ros_driver2:/Pav-S_ws/install/wheeltec_robot_urdf:/Pav-S_ws/install/turn_on_wheeltec_robot:/Pav-S_ws/install/wheeltec_robot_msg:/Pav-S_ws/install/usb_cam:/Pav-S_ws/install/serial:/Pav-S_ws/install/robot_kcf:/Pav-S_ws/install/nav2_bringup:/Pav-S_ws/install/navigation2:/Pav-S_ws/install/nav2_smoother:/Pav-S_ws/install/nav2_rotation_shim_controller:/Pav-S_ws/install/nav2_graceful_controller:/Pav-S_ws/install/nav2_dwb_controller:/Pav-S_ws/install/nav2_controller:/Pav-S_ws/install/dwb_plugins:/Pav-S_ws/install/dwb_critics:/Pav-S_ws/install/dwb_core:/Pav-S_ws/install/nav_2d_utils:/Pav-S_ws/install/dwb_msgs:/Pav-S_ws/install/nav_2d_msgs:/Pav-S_ws/install/nav2_waypoint_follower:/Pav-S_ws/install/nav2_theta_star_planner:/Pav-S_ws/install/nav2_smac_planner:/Pav-S_ws/install/nav2_regulated_pure_pursuit_controller:/Pav-S_ws/install/nav2_planner:/Pav-S_ws/install/nav2_navfn_planner:/Pav-S_ws/install/nav2_mppi_controller:/Pav-S_ws/install/nav2_constrained_smoother:/Pav-S_ws/install/nav2_bt_navigator:/Pav-S_ws/install/nav2_behaviors:/Pav-S_ws/install/nav2_core:/Pav-S_ws/install/nav2_collision_monitor:/Pav-S_ws/install/costmap_queue:/Pav-S_ws/install/nav2_costmap_2d:/Pav-S_ws/install/nav2_voxel_grid:/Pav-S_ws/install/nav2_velocity_smoother:/Pav-S_ws/install/nav2_rviz_plugins:/Pav-S_ws/install/nav2_map_server:/Pav-S_ws/install/nav2_lifecycle_manager:/Pav-S_ws/install/nav2_behavior_tree:/Pav-S_ws/install/nav2_amcl:/Pav-S_ws/install/nav2_util:/Pav-S_ws/install/libuvc:/Pav-S_ws/install/fast_lio:/Pav-S_ws/install/astra_camera:/Pav-S_ws/install/astra_camera_msgs:/Pav-S_ws/install/yolo_detector:/Pav-S_ws/install/yolov5_lib:/Pav-S_ws/install/nav2_simple_commander:/opt/ros/humble LD_LIBRARY_PATH=/Pav-S_ws/install/nav2_msgs/lib:/usr/local/cuda-12.2/lib64:/ws_livox/install/pointcloud_to_laserscan/lib:/ws_livox/install/livox_ros_driver2/lib:/Pav-S_ws/install/turn_on_wheeltec_robot/lib:/Pav-S_ws/install/wheeltec_robot_msg/lib:/Pav-S_ws/install/usb_cam/lib:/Pav-S_ws/install/serial/lib:/Pav-S_ws/install/nav2_smoother/lib:/Pav-S_ws/install/nav2_rotation_shim_controller/lib:/Pav-S_ws/install/nav2_graceful_controller/lib:/Pav-S_ws/install/nav2_controller/lib:/Pav-S_ws/install/dwb_plugins/lib:/Pav-S_ws/install/dwb_critics/lib:/Pav-S_ws/install/dwb_core/lib:/Pav-S_ws/install/nav_2d_utils/lib:/Pav-S_ws/install/dwb_msgs/lib:/Pav-S_ws/install/nav_2d_msgs/lib:/Pav-S_ws/install/nav2_waypoint_follower/lib:/Pav-S_ws/install/nav2_theta_star_planner/lib:/Pav-S_ws/install/nav2_smac_planner/lib:/Pav-S_ws/install/nav2_regulated_pure_pursuit_controller/lib:/Pav-S_ws/install/nav2_planner/lib:/Pav-S_ws/install/nav2_navfn_planner/lib:/Pav-S_ws/install/nav2_mppi_controller/lib:/Pav-S_ws/install/nav2_constrained_smoother/lib:/Pav-S_ws/install/nav2_bt_navigator/lib:/Pav-S_ws/install/nav2_behaviors/lib:/Pav-S_ws/install/nav2_collision_monitor/lib:/Pav-S_ws/install/costmap_queue/lib:/Pav-S_ws/install/nav2_costmap_2d/lib:/Pav-S_ws/install/nav2_voxel_grid/lib:/Pav-S_ws/install/nav2_velocity_smoother/lib:/Pav-S_ws/install/nav2_rviz_plugins/lib:/Pav-S_ws/install/nav2_map_server/lib:/Pav-S_ws/install/nav2_lifecycle_manager/lib:/Pav-S_ws/install/nav2_behavior_tree/lib:/Pav-S_ws/install/nav2_amcl/lib:/Pav-S_ws/install/nav2_util/lib:/Pav-S_ws/install/libuvc/lib:/Pav-S_ws/install/fast_lio/lib:/Pav-S_ws/install/astra_camera/lib:/Pav-S_ws/install/astra_camera_msgs/lib:/opt/ros/humble/opt/rviz_ogre_vendor/lib:/opt/ros/humble/lib/aarch64-linux-gnu:/opt/ros/humble/lib:/usr/local/cuda-12.2/lib64 /usr/bin/cmake --build /Pav-S_ws/build/nav2_util -- -j6 -l6
[0.757s] [35m[1mConsolidate compiler generated dependencies of target gtest_main[0m
[0.759s] [35m[1mConsolidate compiler generated dependencies of target gtest[0m
[0.759s] [35m[1mConsolidate compiler generated dependencies of target nav2_util_core[0m
[0.760s] [  5%] Built target gtest_main
[0.760s] [ 10%] Built target gtest
[0.760s] [35m[1mConsolidate compiler generated dependencies of target test_execution_timer[0m
[0.761s] [ 35%] Built target nav2_util_core
[0.761s] [ 40%] Built target test_execution_timer
[0.761s] [35m[1mConsolidate compiler generated dependencies of target test_string_utils[0m
[0.762s] [35m[1mConsolidate compiler generated dependencies of target test_service_client[0m
[0.762s] [35m[1mConsolidate compiler generated dependencies of target test_node_utils[0m
[0.762s] [35m[1mConsolidate compiler generated dependencies of target lifecycle_bringup[0m
[0.763s] [35m[1mConsolidate compiler generated dependencies of target test_actions[0m
[0.763s] [35m[1mConsolidate compiler generated dependencies of target test_lifecycle_utils[0m
[0.763s] [ 45%] Built target test_string_utils
[0.764s] [ 50%] Built target lifecycle_bringup
[0.764s] [ 55%] Built target test_service_client
[0.764s] [ 60%] Built target test_actions
[0.764s] [ 65%] Built target test_node_utils
[0.764s] [ 70%] Built target test_lifecycle_utils
[0.765s] [35m[1mConsolidate compiler generated dependencies of target test_geometry_utils[0m
[0.765s] [35m[1mConsolidate compiler generated dependencies of target test_lifecycle_node[0m
[0.765s] [35m[1mConsolidate compiler generated dependencies of target test_odometry_utils[0m
[0.766s] [35m[1mConsolidate compiler generated dependencies of target test_robot_utils[0m
[0.767s] [35m[1mConsolidate compiler generated dependencies of target test_lifecycle_cli_node[0m
[0.767s] [ 75%] Built target test_geometry_utils
[0.767s] [ 80%] Built target test_odometry_utils
[0.769s] [ 85%] Built target test_lifecycle_node
[0.771s] [35m[1mConsolidate compiler generated dependencies of target test_validation_messages[0m
[0.771s] [ 92%] Built target test_robot_utils
[0.773s] [ 95%] Built target test_lifecycle_cli_node
[0.774s] [100%] Built target test_validation_messages
[0.896s] Invoked command in '/Pav-S_ws/build/nav2_util' returned '0': CMAKE_PREFIX_PATH=/Pav-S_ws/install/nav2_msgs:/Pav-S_ws/install/nav2_common:/ws_livox/install/pointcloud_to_laserscan:/ws_livox/install/livox_ros_driver2:/Pav-S_ws/install/wheeltec_robot_urdf:/Pav-S_ws/install/turn_on_wheeltec_robot:/Pav-S_ws/install/wheeltec_robot_msg:/Pav-S_ws/install/usb_cam:/Pav-S_ws/install/serial:/Pav-S_ws/install/robot_kcf:/Pav-S_ws/install/nav2_bringup:/Pav-S_ws/install/navigation2:/Pav-S_ws/install/nav2_smoother:/Pav-S_ws/install/nav2_rotation_shim_controller:/Pav-S_ws/install/nav2_graceful_controller:/Pav-S_ws/install/nav2_dwb_controller:/Pav-S_ws/install/nav2_controller:/Pav-S_ws/install/dwb_plugins:/Pav-S_ws/install/dwb_critics:/Pav-S_ws/install/dwb_core:/Pav-S_ws/install/nav_2d_utils:/Pav-S_ws/install/dwb_msgs:/Pav-S_ws/install/nav_2d_msgs:/Pav-S_ws/install/nav2_waypoint_follower:/Pav-S_ws/install/nav2_theta_star_planner:/Pav-S_ws/install/nav2_smac_planner:/Pav-S_ws/install/nav2_regulated_pure_pursuit_controller:/Pav-S_ws/install/nav2_planner:/Pav-S_ws/install/nav2_navfn_planner:/Pav-S_ws/install/nav2_mppi_controller:/Pav-S_ws/install/nav2_constrained_smoother:/Pav-S_ws/install/nav2_bt_navigator:/Pav-S_ws/install/nav2_behaviors:/Pav-S_ws/install/nav2_core:/Pav-S_ws/install/nav2_collision_monitor:/Pav-S_ws/install/costmap_queue:/Pav-S_ws/install/nav2_costmap_2d:/Pav-S_ws/install/nav2_voxel_grid:/Pav-S_ws/install/nav2_velocity_smoother:/Pav-S_ws/install/nav2_rviz_plugins:/Pav-S_ws/install/nav2_map_server:/Pav-S_ws/install/nav2_lifecycle_manager:/Pav-S_ws/install/nav2_behavior_tree:/Pav-S_ws/install/nav2_amcl:/Pav-S_ws/install/nav2_util:/Pav-S_ws/install/libuvc:/Pav-S_ws/install/fast_lio:/Pav-S_ws/install/astra_camera:/Pav-S_ws/install/astra_camera_msgs:/Pav-S_ws/install/yolo_detector:/Pav-S_ws/install/yolov5_lib:/Pav-S_ws/install/nav2_simple_commander:/opt/ros/humble LD_LIBRARY_PATH=/Pav-S_ws/install/nav2_msgs/lib:/usr/local/cuda-12.2/lib64:/ws_livox/install/pointcloud_to_laserscan/lib:/ws_livox/install/livox_ros_driver2/lib:/Pav-S_ws/install/turn_on_wheeltec_robot/lib:/Pav-S_ws/install/wheeltec_robot_msg/lib:/Pav-S_ws/install/usb_cam/lib:/Pav-S_ws/install/serial/lib:/Pav-S_ws/install/nav2_smoother/lib:/Pav-S_ws/install/nav2_rotation_shim_controller/lib:/Pav-S_ws/install/nav2_graceful_controller/lib:/Pav-S_ws/install/nav2_controller/lib:/Pav-S_ws/install/dwb_plugins/lib:/Pav-S_ws/install/dwb_critics/lib:/Pav-S_ws/install/dwb_core/lib:/Pav-S_ws/install/nav_2d_utils/lib:/Pav-S_ws/install/dwb_msgs/lib:/Pav-S_ws/install/nav_2d_msgs/lib:/Pav-S_ws/install/nav2_waypoint_follower/lib:/Pav-S_ws/install/nav2_theta_star_planner/lib:/Pav-S_ws/install/nav2_smac_planner/lib:/Pav-S_ws/install/nav2_regulated_pure_pursuit_controller/lib:/Pav-S_ws/install/nav2_planner/lib:/Pav-S_ws/install/nav2_navfn_planner/lib:/Pav-S_ws/install/nav2_mppi_controller/lib:/Pav-S_ws/install/nav2_constrained_smoother/lib:/Pav-S_ws/install/nav2_bt_navigator/lib:/Pav-S_ws/install/nav2_behaviors/lib:/Pav-S_ws/install/nav2_collision_monitor/lib:/Pav-S_ws/install/costmap_queue/lib:/Pav-S_ws/install/nav2_costmap_2d/lib:/Pav-S_ws/install/nav2_voxel_grid/lib:/Pav-S_ws/install/nav2_velocity_smoother/lib:/Pav-S_ws/install/nav2_rviz_plugins/lib:/Pav-S_ws/install/nav2_map_server/lib:/Pav-S_ws/install/nav2_lifecycle_manager/lib:/Pav-S_ws/install/nav2_behavior_tree/lib:/Pav-S_ws/install/nav2_amcl/lib:/Pav-S_ws/install/nav2_util/lib:/Pav-S_ws/install/libuvc/lib:/Pav-S_ws/install/fast_lio/lib:/Pav-S_ws/install/astra_camera/lib:/Pav-S_ws/install/astra_camera_msgs/lib:/opt/ros/humble/opt/rviz_ogre_vendor/lib:/opt/ros/humble/lib/aarch64-linux-gnu:/opt/ros/humble/lib:/usr/local/cuda-12.2/lib64 /usr/bin/cmake --build /Pav-S_ws/build/nav2_util -- -j6 -l6
[0.900s] Invoking command in '/Pav-S_ws/build/nav2_util': CMAKE_PREFIX_PATH=/Pav-S_ws/install/nav2_msgs:/Pav-S_ws/install/nav2_common:/ws_livox/install/pointcloud_to_laserscan:/ws_livox/install/livox_ros_driver2:/Pav-S_ws/install/wheeltec_robot_urdf:/Pav-S_ws/install/turn_on_wheeltec_robot:/Pav-S_ws/install/wheeltec_robot_msg:/Pav-S_ws/install/usb_cam:/Pav-S_ws/install/serial:/Pav-S_ws/install/robot_kcf:/Pav-S_ws/install/nav2_bringup:/Pav-S_ws/install/navigation2:/Pav-S_ws/install/nav2_smoother:/Pav-S_ws/install/nav2_rotation_shim_controller:/Pav-S_ws/install/nav2_graceful_controller:/Pav-S_ws/install/nav2_dwb_controller:/Pav-S_ws/install/nav2_controller:/Pav-S_ws/install/dwb_plugins:/Pav-S_ws/install/dwb_critics:/Pav-S_ws/install/dwb_core:/Pav-S_ws/install/nav_2d_utils:/Pav-S_ws/install/dwb_msgs:/Pav-S_ws/install/nav_2d_msgs:/Pav-S_ws/install/nav2_waypoint_follower:/Pav-S_ws/install/nav2_theta_star_planner:/Pav-S_ws/install/nav2_smac_planner:/Pav-S_ws/install/nav2_regulated_pure_pursuit_controller:/Pav-S_ws/install/nav2_planner:/Pav-S_ws/install/nav2_navfn_planner:/Pav-S_ws/install/nav2_mppi_controller:/Pav-S_ws/install/nav2_constrained_smoother:/Pav-S_ws/install/nav2_bt_navigator:/Pav-S_ws/install/nav2_behaviors:/Pav-S_ws/install/nav2_core:/Pav-S_ws/install/nav2_collision_monitor:/Pav-S_ws/install/costmap_queue:/Pav-S_ws/install/nav2_costmap_2d:/Pav-S_ws/install/nav2_voxel_grid:/Pav-S_ws/install/nav2_velocity_smoother:/Pav-S_ws/install/nav2_rviz_plugins:/Pav-S_ws/install/nav2_map_server:/Pav-S_ws/install/nav2_lifecycle_manager:/Pav-S_ws/install/nav2_behavior_tree:/Pav-S_ws/install/nav2_amcl:/Pav-S_ws/install/nav2_util:/Pav-S_ws/install/libuvc:/Pav-S_ws/install/fast_lio:/Pav-S_ws/install/astra_camera:/Pav-S_ws/install/astra_camera_msgs:/Pav-S_ws/install/yolo_detector:/Pav-S_ws/install/yolov5_lib:/Pav-S_ws/install/nav2_simple_commander:/opt/ros/humble LD_LIBRARY_PATH=/Pav-S_ws/install/nav2_msgs/lib:/usr/local/cuda-12.2/lib64:/ws_livox/install/pointcloud_to_laserscan/lib:/ws_livox/install/livox_ros_driver2/lib:/Pav-S_ws/install/turn_on_wheeltec_robot/lib:/Pav-S_ws/install/wheeltec_robot_msg/lib:/Pav-S_ws/install/usb_cam/lib:/Pav-S_ws/install/serial/lib:/Pav-S_ws/install/nav2_smoother/lib:/Pav-S_ws/install/nav2_rotation_shim_controller/lib:/Pav-S_ws/install/nav2_graceful_controller/lib:/Pav-S_ws/install/nav2_controller/lib:/Pav-S_ws/install/dwb_plugins/lib:/Pav-S_ws/install/dwb_critics/lib:/Pav-S_ws/install/dwb_core/lib:/Pav-S_ws/install/nav_2d_utils/lib:/Pav-S_ws/install/dwb_msgs/lib:/Pav-S_ws/install/nav_2d_msgs/lib:/Pav-S_ws/install/nav2_waypoint_follower/lib:/Pav-S_ws/install/nav2_theta_star_planner/lib:/Pav-S_ws/install/nav2_smac_planner/lib:/Pav-S_ws/install/nav2_regulated_pure_pursuit_controller/lib:/Pav-S_ws/install/nav2_planner/lib:/Pav-S_ws/install/nav2_navfn_planner/lib:/Pav-S_ws/install/nav2_mppi_controller/lib:/Pav-S_ws/install/nav2_constrained_smoother/lib:/Pav-S_ws/install/nav2_bt_navigator/lib:/Pav-S_ws/install/nav2_behaviors/lib:/Pav-S_ws/install/nav2_collision_monitor/lib:/Pav-S_ws/install/costmap_queue/lib:/Pav-S_ws/install/nav2_costmap_2d/lib:/Pav-S_ws/install/nav2_voxel_grid/lib:/Pav-S_ws/install/nav2_velocity_smoother/lib:/Pav-S_ws/install/nav2_rviz_plugins/lib:/Pav-S_ws/install/nav2_map_server/lib:/Pav-S_ws/install/nav2_lifecycle_manager/lib:/Pav-S_ws/install/nav2_behavior_tree/lib:/Pav-S_ws/install/nav2_amcl/lib:/Pav-S_ws/install/nav2_util/lib:/Pav-S_ws/install/libuvc/lib:/Pav-S_ws/install/fast_lio/lib:/Pav-S_ws/install/astra_camera/lib:/Pav-S_ws/install/astra_camera_msgs/lib:/opt/ros/humble/opt/rviz_ogre_vendor/lib:/opt/ros/humble/lib/aarch64-linux-gnu:/opt/ros/humble/lib:/usr/local/cuda-12.2/lib64 /usr/bin/cmake --install /Pav-S_ws/build/nav2_util
[0.939s] -- Install configuration: "Release"
[0.939s] -- Installing: /Pav-S_ws/install/nav2_util/include/
[0.940s] -- Installing: /Pav-S_ws/install/nav2_util/include//nav2_util
[0.940s] -- Installing: /Pav-S_ws/install/nav2_util/include//nav2_util/node_utils.hpp
[0.940s] -- Installing: /Pav-S_ws/install/nav2_util/include//nav2_util/costmap.hpp
[0.940s] -- Installing: /Pav-S_ws/install/nav2_util/include//nav2_util/service_client.hpp
[0.940s] -- Installing: /Pav-S_ws/install/nav2_util/include//nav2_util/node_thread.hpp
[0.940s] -- Installing: /Pav-S_ws/install/nav2_util/include//nav2_util/line_iterator.hpp
[0.940s] -- Installing: /Pav-S_ws/install/nav2_util/include//nav2_util/geometry_utils.hpp
[0.941s] -- Installing: /Pav-S_ws/install/nav2_util/include//nav2_util/lifecycle_node.hpp
[0.941s] -- Installing: /Pav-S_ws/install/nav2_util/include//nav2_util/execution_timer.hpp
[0.941s] -- Installing: /Pav-S_ws/install/nav2_util/include//nav2_util/lifecycle_utils.hpp
[0.941s] -- Installing: /Pav-S_ws/install/nav2_util/include//nav2_util/odometry_utils.hpp
[0.941s] -- Installing: /Pav-S_ws/install/nav2_util/include//nav2_util/lifecycle_service_client.hpp
[0.941s] -- Installing: /Pav-S_ws/install/nav2_util/include//nav2_util/clear_entirely_costmap_service_client.hpp
[0.942s] -- Installing: /Pav-S_ws/install/nav2_util/include//nav2_util/occ_grid_values.hpp
[0.942s] -- Installing: /Pav-S_ws/install/nav2_util/include//nav2_util/robot_utils.hpp
[0.942s] -- Installing: /Pav-S_ws/install/nav2_util/include//nav2_util/simple_action_server.hpp
[0.942s] -- Installing: /Pav-S_ws/install/nav2_util/include//nav2_util/validate_messages.hpp
[0.942s] -- Installing: /Pav-S_ws/install/nav2_util/include//nav2_util/string_utils.hpp
[0.942s] -- Installing: /Pav-S_ws/install/nav2_util/share/nav2_util/environment/library_path.sh
[0.942s] -- Installing: /Pav-S_ws/install/nav2_util/share/nav2_util/environment/library_path.dsv
[0.943s] -- Installing: /Pav-S_ws/install/nav2_util/share/ament_index/resource_index/package_run_dependencies/nav2_util
[0.943s] -- Installing: /Pav-S_ws/install/nav2_util/share/ament_index/resource_index/parent_prefix_path/nav2_util
[0.943s] -- Installing: /Pav-S_ws/install/nav2_util/share/nav2_util/environment/ament_prefix_path.sh
[0.943s] -- Installing: /Pav-S_ws/install/nav2_util/share/nav2_util/environment/ament_prefix_path.dsv
[0.943s] -- Installing: /Pav-S_ws/install/nav2_util/share/nav2_util/environment/path.sh
[0.944s] -- Installing: /Pav-S_ws/install/nav2_util/share/nav2_util/environment/path.dsv
[0.944s] -- Installing: /Pav-S_ws/install/nav2_util/share/nav2_util/local_setup.bash
[0.944s] -- Installing: /Pav-S_ws/install/nav2_util/share/nav2_util/local_setup.sh
[0.944s] -- Installing: /Pav-S_ws/install/nav2_util/share/nav2_util/local_setup.zsh
[0.944s] -- Installing: /Pav-S_ws/install/nav2_util/share/nav2_util/local_setup.dsv
[0.944s] -- Installing: /Pav-S_ws/install/nav2_util/share/nav2_util/package.dsv
[0.944s] -- Installing: /Pav-S_ws/install/nav2_util/share/ament_index/resource_index/packages/nav2_util
[0.945s] -- Installing: /Pav-S_ws/install/nav2_util/share/nav2_util/cmake/ament_cmake_export_include_directories-extras.cmake
[0.945s] -- Installing: /Pav-S_ws/install/nav2_util/share/nav2_util/cmake/ament_cmake_export_libraries-extras.cmake
[0.945s] -- Installing: /Pav-S_ws/install/nav2_util/share/nav2_util/cmake/ament_cmake_export_dependencies-extras.cmake
[0.945s] -- Installing: /Pav-S_ws/install/nav2_util/share/nav2_util/cmake/nav2_utilConfig.cmake
[0.945s] -- Installing: /Pav-S_ws/install/nav2_util/share/nav2_util/cmake/nav2_utilConfig-version.cmake
[0.945s] -- Installing: /Pav-S_ws/install/nav2_util/share/nav2_util/package.xml
[0.945s] -- Installing: /Pav-S_ws/install/nav2_util/lib/libnav2_util_core.so
[0.945s] -- Set runtime path of "/Pav-S_ws/install/nav2_util/lib/libnav2_util_core.so" to ""
[0.946s] -- Installing: /Pav-S_ws/install/nav2_util/lib/nav2_util/lifecycle_bringup
[0.946s] -- Set runtime path of "/Pav-S_ws/install/nav2_util/lib/nav2_util/lifecycle_bringup" to ""
[1.626s] Invoked command in '/Pav-S_ws/build/nav2_util' returned '0': CMAKE_PREFIX_PATH=/Pav-S_ws/install/nav2_msgs:/Pav-S_ws/install/nav2_common:/ws_livox/install/pointcloud_to_laserscan:/ws_livox/install/livox_ros_driver2:/Pav-S_ws/install/wheeltec_robot_urdf:/Pav-S_ws/install/turn_on_wheeltec_robot:/Pav-S_ws/install/wheeltec_robot_msg:/Pav-S_ws/install/usb_cam:/Pav-S_ws/install/serial:/Pav-S_ws/install/robot_kcf:/Pav-S_ws/install/nav2_bringup:/Pav-S_ws/install/navigation2:/Pav-S_ws/install/nav2_smoother:/Pav-S_ws/install/nav2_rotation_shim_controller:/Pav-S_ws/install/nav2_graceful_controller:/Pav-S_ws/install/nav2_dwb_controller:/Pav-S_ws/install/nav2_controller:/Pav-S_ws/install/dwb_plugins:/Pav-S_ws/install/dwb_critics:/Pav-S_ws/install/dwb_core:/Pav-S_ws/install/nav_2d_utils:/Pav-S_ws/install/dwb_msgs:/Pav-S_ws/install/nav_2d_msgs:/Pav-S_ws/install/nav2_waypoint_follower:/Pav-S_ws/install/nav2_theta_star_planner:/Pav-S_ws/install/nav2_smac_planner:/Pav-S_ws/install/nav2_regulated_pure_pursuit_controller:/Pav-S_ws/install/nav2_planner:/Pav-S_ws/install/nav2_navfn_planner:/Pav-S_ws/install/nav2_mppi_controller:/Pav-S_ws/install/nav2_constrained_smoother:/Pav-S_ws/install/nav2_bt_navigator:/Pav-S_ws/install/nav2_behaviors:/Pav-S_ws/install/nav2_core:/Pav-S_ws/install/nav2_collision_monitor:/Pav-S_ws/install/costmap_queue:/Pav-S_ws/install/nav2_costmap_2d:/Pav-S_ws/install/nav2_voxel_grid:/Pav-S_ws/install/nav2_velocity_smoother:/Pav-S_ws/install/nav2_rviz_plugins:/Pav-S_ws/install/nav2_map_server:/Pav-S_ws/install/nav2_lifecycle_manager:/Pav-S_ws/install/nav2_behavior_tree:/Pav-S_ws/install/nav2_amcl:/Pav-S_ws/install/nav2_util:/Pav-S_ws/install/libuvc:/Pav-S_ws/install/fast_lio:/Pav-S_ws/install/astra_camera:/Pav-S_ws/install/astra_camera_msgs:/Pav-S_ws/install/yolo_detector:/Pav-S_ws/install/yolov5_lib:/Pav-S_ws/install/nav2_simple_commander:/opt/ros/humble LD_LIBRARY_PATH=/Pav-S_ws/install/nav2_msgs/lib:/usr/local/cuda-12.2/lib64:/ws_livox/install/pointcloud_to_laserscan/lib:/ws_livox/install/livox_ros_driver2/lib:/Pav-S_ws/install/turn_on_wheeltec_robot/lib:/Pav-S_ws/install/wheeltec_robot_msg/lib:/Pav-S_ws/install/usb_cam/lib:/Pav-S_ws/install/serial/lib:/Pav-S_ws/install/nav2_smoother/lib:/Pav-S_ws/install/nav2_rotation_shim_controller/lib:/Pav-S_ws/install/nav2_graceful_controller/lib:/Pav-S_ws/install/nav2_controller/lib:/Pav-S_ws/install/dwb_plugins/lib:/Pav-S_ws/install/dwb_critics/lib:/Pav-S_ws/install/dwb_core/lib:/Pav-S_ws/install/nav_2d_utils/lib:/Pav-S_ws/install/dwb_msgs/lib:/Pav-S_ws/install/nav_2d_msgs/lib:/Pav-S_ws/install/nav2_waypoint_follower/lib:/Pav-S_ws/install/nav2_theta_star_planner/lib:/Pav-S_ws/install/nav2_smac_planner/lib:/Pav-S_ws/install/nav2_regulated_pure_pursuit_controller/lib:/Pav-S_ws/install/nav2_planner/lib:/Pav-S_ws/install/nav2_navfn_planner/lib:/Pav-S_ws/install/nav2_mppi_controller/lib:/Pav-S_ws/install/nav2_constrained_smoother/lib:/Pav-S_ws/install/nav2_bt_navigator/lib:/Pav-S_ws/install/nav2_behaviors/lib:/Pav-S_ws/install/nav2_collision_monitor/lib:/Pav-S_ws/install/costmap_queue/lib:/Pav-S_ws/install/nav2_costmap_2d/lib:/Pav-S_ws/install/nav2_voxel_grid/lib:/Pav-S_ws/install/nav2_velocity_smoother/lib:/Pav-S_ws/install/nav2_rviz_plugins/lib:/Pav-S_ws/install/nav2_map_server/lib:/Pav-S_ws/install/nav2_lifecycle_manager/lib:/Pav-S_ws/install/nav2_behavior_tree/lib:/Pav-S_ws/install/nav2_amcl/lib:/Pav-S_ws/install/nav2_util/lib:/Pav-S_ws/install/libuvc/lib:/Pav-S_ws/install/fast_lio/lib:/Pav-S_ws/install/astra_camera/lib:/Pav-S_ws/install/astra_camera_msgs/lib:/opt/ros/humble/opt/rviz_ogre_vendor/lib:/opt/ros/humble/lib/aarch64-linux-gnu:/opt/ros/humble/lib:/usr/local/cuda-12.2/lib64 /usr/bin/cmake --install /Pav-S_ws/build/nav2_util
