-- Found ament_cmake: 1.3.12 (/opt/ros/humble/share/ament_cmake/cmake)
-- Found rclcpp: 16.0.15 (/opt/ros/humble/share/rclcpp/cmake)
-- Found rosidl_generator_c: 3.1.7 (/opt/ros/humble/share/rosidl_generator_c/cmake)
-- Found rosidl_adapter: 3.1.7 (/opt/ros/humble/share/rosidl_adapter/cmake)
-- Found rosidl_generator_cpp: 3.1.7 (/opt/ros/humble/share/rosidl_generator_cpp/cmake)
-- Using all available rosidl_typesupport_c: rosidl_typesupport_fastrtps_c;rosidl_typesupport_introspection_c
-- Using all available rosidl_typesupport_cpp: rosidl_typesupport_fastrtps_cpp;rosidl_typesupport_introspection_cpp
-- Found rmw_implementation_cmake: 6.1.2 (/opt/ros/humble/share/rmw_implementation_cmake/cmake)
-- Found rmw_fastrtps_cpp: 6.2.8 (/opt/ros/humble/share/rmw_fastrtps_cpp/cmake)
-- Using RMW implementation 'rmw_fastrtps_cpp' as default
-- Found geometry_msgs: 4.9.0 (/opt/ros/humble/share/geometry_msgs/cmake)
-- Found nav2_msgs: 1.1.18 (/Pav-S_ws/install/nav2_msgs/share/nav2_msgs/cmake)
[31mCMake Error at CMakeLists.txt:15 (find_package):
  By not providing "Findnav2_costmap_2d.cmake" in CMAKE_MODULE_PATH this
  project has asked CMake to find a package configuration file provided by
  "nav2_costmap_2d", but CMake did not find one.

  Could not find a package configuration file provided by "nav2_costmap_2d"
  with any of the following names:

    nav2_costmap_2dConfig.cmake
    nav2_costmap_2d-config.cmake

  Add the installation prefix of "nav2_costmap_2d" to CMAKE_PREFIX_PATH or
  set "nav2_costmap_2d_DIR" to a directory containing one of the above files.
  If "nav2_costmap_2d" provides a separate development package or SDK, be
  sure it has been installed.

[0m
-- Configuring incomplete, errors occurred!
See also "/Pav-S_ws/build/navigation_manager/CMakeFiles/CMakeOutput.log".
