[0.265s] Invoking command in '/Pav-S_ws/build/nav2_behaviors': CMAKE_PREFIX_PATH=/Pav-S_ws/install/nav2_core:/Pav-S_ws/install/nav2_costmap_2d:/Pav-S_ws/install/nav2_map_server:/Pav-S_ws/install/nav2_lifecycle_manager:/Pav-S_ws/install/nav2_behavior_tree:/Pav-S_ws/install/nav2_util:/Pav-S_ws/install/nav2_voxel_grid:/Pav-S_ws/install/nav2_msgs:/Pav-S_ws/install/nav2_common:/Pav-S_ws/install/nav2_dwb_controller:/Pav-S_ws/install/nav2_controller:/Pav-S_ws/install/nav2_planner:/Pav-S_ws/install/dwb_plugins:/Pav-S_ws/install/dwb_critics:/Pav-S_ws/install/dwb_core:/Pav-S_ws/install/nav_2d_utils:/Pav-S_ws/install/costmap_queue:/ws_livox/install/pointcloud_to_laserscan:/ws_livox/install/livox_ros_driver2:/Pav-S_ws/install/wheeltec_robot_urdf:/Pav-S_ws/install/turn_on_wheeltec_robot:/Pav-S_ws/install/wheeltec_robot_msg:/Pav-S_ws/install/usb_cam:/Pav-S_ws/install/serial:/Pav-S_ws/install/robot_kcf:/Pav-S_ws/install/dwb_msgs:/Pav-S_ws/install/nav_2d_msgs:/Pav-S_ws/install/libuvc:/Pav-S_ws/install/fast_lio:/Pav-S_ws/install/astra_camera:/Pav-S_ws/install/astra_camera_msgs:/Pav-S_ws/install/yolo_detector:/Pav-S_ws/install/yolov5_lib:/Pav-S_ws/install/nav2_simple_commander:/opt/ros/humble LD_LIBRARY_PATH=/Pav-S_ws/install/nav2_costmap_2d/lib:/Pav-S_ws/install/nav2_map_server/lib:/Pav-S_ws/install/nav2_lifecycle_manager/lib:/Pav-S_ws/install/nav2_behavior_tree/lib:/Pav-S_ws/install/nav2_util/lib:/Pav-S_ws/install/nav2_voxel_grid/lib:/Pav-S_ws/install/nav2_msgs/lib:/Pav-S_ws/install/nav2_controller/lib:/Pav-S_ws/install/nav2_planner/lib:/Pav-S_ws/install/dwb_plugins/lib:/Pav-S_ws/install/dwb_critics/lib:/Pav-S_ws/install/dwb_core/lib:/Pav-S_ws/install/nav_2d_utils/lib:/Pav-S_ws/install/costmap_queue/lib:/usr/local/cuda-12.2/lib64:/ws_livox/install/pointcloud_to_laserscan/lib:/ws_livox/install/livox_ros_driver2/lib:/Pav-S_ws/install/turn_on_wheeltec_robot/lib:/Pav-S_ws/install/wheeltec_robot_msg/lib:/Pav-S_ws/install/usb_cam/lib:/Pav-S_ws/install/serial/lib:/Pav-S_ws/install/dwb_msgs/lib:/Pav-S_ws/install/nav_2d_msgs/lib:/Pav-S_ws/install/libuvc/lib:/Pav-S_ws/install/fast_lio/lib:/Pav-S_ws/install/astra_camera/lib:/Pav-S_ws/install/astra_camera_msgs/lib:/opt/ros/humble/opt/rviz_ogre_vendor/lib:/opt/ros/humble/lib/aarch64-linux-gnu:/opt/ros/humble/lib:/usr/local/cuda-12.2/lib64 /usr/bin/cmake /Pav-S_ws/src/navigation2-humble/nav2_behaviors -DCMAKE_INSTALL_PREFIX=/Pav-S_ws/install/nav2_behaviors
[0.446s] -- The C compiler identification is GNU 11.4.0
[0.578s] -- The CXX compiler identification is GNU 11.4.0
[0.595s] -- Detecting C compiler ABI info
[0.828s] -- Detecting C compiler ABI info - done
[0.851s] -- Check for working C compiler: /usr/bin/cc - skipped
[0.856s] -- Detecting C compile features
[0.857s] -- Detecting C compile features - done
[0.866s] -- Detecting CXX compiler ABI info
[1.245s] -- Detecting CXX compiler ABI info - done
[1.265s] -- Check for working CXX compiler: /usr/bin/c++ - skipped
[1.265s] -- Detecting CXX compile features
[1.266s] -- Detecting CXX compile features - done
[1.300s] -- Found ament_cmake: 1.3.12 (/opt/ros/humble/share/ament_cmake/cmake)
[1.743s] -- Found Python3: /usr/bin/python3 (found version "3.10.12") found components: Interpreter 
[2.103s] -- Found nav2_common: 1.1.18 (/Pav-S_ws/install/nav2_common/share/nav2_common/cmake)
[2.123s] -- Found rclcpp: 16.0.15 (/opt/ros/humble/share/rclcpp/cmake)
[2.305s] -- Found rosidl_generator_c: 3.1.7 (/opt/ros/humble/share/rosidl_generator_c/cmake)
[2.326s] -- Found rosidl_adapter: 3.1.7 (/opt/ros/humble/share/rosidl_adapter/cmake)
[2.355s] -- Found rosidl_generator_cpp: 3.1.7 (/opt/ros/humble/share/rosidl_generator_cpp/cmake)
[2.399s] -- Using all available rosidl_typesupport_c: rosidl_typesupport_fastrtps_c;rosidl_typesupport_introspection_c
[2.451s] -- Using all available rosidl_typesupport_cpp: rosidl_typesupport_fastrtps_cpp;rosidl_typesupport_introspection_cpp
[2.609s] -- Found rmw_implementation_cmake: 6.1.2 (/opt/ros/humble/share/rmw_implementation_cmake/cmake)
[2.624s] -- Found rmw_fastrtps_cpp: 6.2.8 (/opt/ros/humble/share/rmw_fastrtps_cpp/cmake)
[2.944s] -- Found OpenSSL: /usr/lib/aarch64-linux-gnu/libcrypto.so (found version "3.0.2")  
[3.020s] -- Found FastRTPS: /opt/ros/humble/include  
[3.135s] -- Using RMW implementation 'rmw_fastrtps_cpp' as default
[3.170s] -- Looking for pthread.h
[3.375s] -- Looking for pthread.h - found
[3.375s] -- Performing Test CMAKE_HAVE_LIBC_PTHREAD
[3.618s] -- Performing Test CMAKE_HAVE_LIBC_PTHREAD - Success
[3.621s] -- Found Threads: TRUE  
[3.760s] -- Found rclcpp_action: 16.0.15 (/opt/ros/humble/share/rclcpp_action/cmake)
[3.866s] -- Found rclcpp_lifecycle: 16.0.15 (/opt/ros/humble/share/rclcpp_lifecycle/cmake)
[3.937s] -- Found rclcpp_components: 16.0.15 (/opt/ros/humble/share/rclcpp_components/cmake)
[4.014s] -- Found nav2_behavior_tree: 1.1.18 (/Pav-S_ws/install/nav2_behavior_tree/share/nav2_behavior_tree/cmake)
[4.385s] -- Found eigen3_cmake_module: 0.1.1 (/opt/ros/humble/share/eigen3_cmake_module/cmake)
[4.388s] -- Found Eigen3: TRUE (found version "3.4.0") 
[4.390s] -- Ensuring Eigen3 include directory is part of orocos-kdl CMake target
[4.532s] -- Found nav2_costmap_2d: 1.1.18 (/Pav-S_ws/install/nav2_costmap_2d/share/nav2_costmap_2d/cmake)
[4.784s] -- Found nav2_core: 1.1.18 (/Pav-S_ws/install/nav2_core/share/nav2_core/cmake)
[4.812s] -- Setting build type to Release as none was specified.
[9.420s] -- Found ament_lint_auto: 0.12.14 (/opt/ros/humble/share/ament_lint_auto/cmake)
[10.287s] -- Found gtest sources under '/opt/ros/humble/src/gtest_vendor': C++ tests using 'Google Test' will be built
[11.407s] -- Added test 'copyright' to check source files copyright and LICENSE
[11.411s] -- Added test 'cppcheck' to perform static code analysis on C / C++ code
[11.429s] -- Configured cppcheck include dirs: /Pav-S_ws/src/navigation2-humble/nav2_behaviors/include
[11.437s] -- Configured cppcheck exclude dirs and/or files: 
[11.442s] -- Added test 'cpplint' to check C / C++ code against the Google style
[11.445s] -- Configured cpplint exclude dirs and/or files: 
[11.451s] -- Added test 'lint_cmake' to check CMake code style
[11.461s] -- Added test 'uncrustify' to check C / C++ code style
[11.469s] -- Configured uncrustify additional arguments: 
[11.482s] -- Added test 'xmllint' to check XML markup files
[11.502s] -- Configuring done
[14.082s] -- Generating done
[14.411s] -- Build files have been written to: /Pav-S_ws/build/nav2_behaviors
[14.570s] Invoked command in '/Pav-S_ws/build/nav2_behaviors' returned '0': CMAKE_PREFIX_PATH=/Pav-S_ws/install/nav2_core:/Pav-S_ws/install/nav2_costmap_2d:/Pav-S_ws/install/nav2_map_server:/Pav-S_ws/install/nav2_lifecycle_manager:/Pav-S_ws/install/nav2_behavior_tree:/Pav-S_ws/install/nav2_util:/Pav-S_ws/install/nav2_voxel_grid:/Pav-S_ws/install/nav2_msgs:/Pav-S_ws/install/nav2_common:/Pav-S_ws/install/nav2_dwb_controller:/Pav-S_ws/install/nav2_controller:/Pav-S_ws/install/nav2_planner:/Pav-S_ws/install/dwb_plugins:/Pav-S_ws/install/dwb_critics:/Pav-S_ws/install/dwb_core:/Pav-S_ws/install/nav_2d_utils:/Pav-S_ws/install/costmap_queue:/ws_livox/install/pointcloud_to_laserscan:/ws_livox/install/livox_ros_driver2:/Pav-S_ws/install/wheeltec_robot_urdf:/Pav-S_ws/install/turn_on_wheeltec_robot:/Pav-S_ws/install/wheeltec_robot_msg:/Pav-S_ws/install/usb_cam:/Pav-S_ws/install/serial:/Pav-S_ws/install/robot_kcf:/Pav-S_ws/install/dwb_msgs:/Pav-S_ws/install/nav_2d_msgs:/Pav-S_ws/install/libuvc:/Pav-S_ws/install/fast_lio:/Pav-S_ws/install/astra_camera:/Pav-S_ws/install/astra_camera_msgs:/Pav-S_ws/install/yolo_detector:/Pav-S_ws/install/yolov5_lib:/Pav-S_ws/install/nav2_simple_commander:/opt/ros/humble LD_LIBRARY_PATH=/Pav-S_ws/install/nav2_costmap_2d/lib:/Pav-S_ws/install/nav2_map_server/lib:/Pav-S_ws/install/nav2_lifecycle_manager/lib:/Pav-S_ws/install/nav2_behavior_tree/lib:/Pav-S_ws/install/nav2_util/lib:/Pav-S_ws/install/nav2_voxel_grid/lib:/Pav-S_ws/install/nav2_msgs/lib:/Pav-S_ws/install/nav2_controller/lib:/Pav-S_ws/install/nav2_planner/lib:/Pav-S_ws/install/dwb_plugins/lib:/Pav-S_ws/install/dwb_critics/lib:/Pav-S_ws/install/dwb_core/lib:/Pav-S_ws/install/nav_2d_utils/lib:/Pav-S_ws/install/costmap_queue/lib:/usr/local/cuda-12.2/lib64:/ws_livox/install/pointcloud_to_laserscan/lib:/ws_livox/install/livox_ros_driver2/lib:/Pav-S_ws/install/turn_on_wheeltec_robot/lib:/Pav-S_ws/install/wheeltec_robot_msg/lib:/Pav-S_ws/install/usb_cam/lib:/Pav-S_ws/install/serial/lib:/Pav-S_ws/install/dwb_msgs/lib:/Pav-S_ws/install/nav_2d_msgs/lib:/Pav-S_ws/install/libuvc/lib:/Pav-S_ws/install/fast_lio/lib:/Pav-S_ws/install/astra_camera/lib:/Pav-S_ws/install/astra_camera_msgs/lib:/opt/ros/humble/opt/rviz_ogre_vendor/lib:/opt/ros/humble/lib/aarch64-linux-gnu:/opt/ros/humble/lib:/usr/local/cuda-12.2/lib64 /usr/bin/cmake /Pav-S_ws/src/navigation2-humble/nav2_behaviors -DCMAKE_INSTALL_PREFIX=/Pav-S_ws/install/nav2_behaviors
[14.571s] Invoking command in '/Pav-S_ws/build/nav2_behaviors': CMAKE_PREFIX_PATH=/Pav-S_ws/install/nav2_core:/Pav-S_ws/install/nav2_costmap_2d:/Pav-S_ws/install/nav2_map_server:/Pav-S_ws/install/nav2_lifecycle_manager:/Pav-S_ws/install/nav2_behavior_tree:/Pav-S_ws/install/nav2_util:/Pav-S_ws/install/nav2_voxel_grid:/Pav-S_ws/install/nav2_msgs:/Pav-S_ws/install/nav2_common:/Pav-S_ws/install/nav2_dwb_controller:/Pav-S_ws/install/nav2_controller:/Pav-S_ws/install/nav2_planner:/Pav-S_ws/install/dwb_plugins:/Pav-S_ws/install/dwb_critics:/Pav-S_ws/install/dwb_core:/Pav-S_ws/install/nav_2d_utils:/Pav-S_ws/install/costmap_queue:/ws_livox/install/pointcloud_to_laserscan:/ws_livox/install/livox_ros_driver2:/Pav-S_ws/install/wheeltec_robot_urdf:/Pav-S_ws/install/turn_on_wheeltec_robot:/Pav-S_ws/install/wheeltec_robot_msg:/Pav-S_ws/install/usb_cam:/Pav-S_ws/install/serial:/Pav-S_ws/install/robot_kcf:/Pav-S_ws/install/dwb_msgs:/Pav-S_ws/install/nav_2d_msgs:/Pav-S_ws/install/libuvc:/Pav-S_ws/install/fast_lio:/Pav-S_ws/install/astra_camera:/Pav-S_ws/install/astra_camera_msgs:/Pav-S_ws/install/yolo_detector:/Pav-S_ws/install/yolov5_lib:/Pav-S_ws/install/nav2_simple_commander:/opt/ros/humble LD_LIBRARY_PATH=/Pav-S_ws/install/nav2_costmap_2d/lib:/Pav-S_ws/install/nav2_map_server/lib:/Pav-S_ws/install/nav2_lifecycle_manager/lib:/Pav-S_ws/install/nav2_behavior_tree/lib:/Pav-S_ws/install/nav2_util/lib:/Pav-S_ws/install/nav2_voxel_grid/lib:/Pav-S_ws/install/nav2_msgs/lib:/Pav-S_ws/install/nav2_controller/lib:/Pav-S_ws/install/nav2_planner/lib:/Pav-S_ws/install/dwb_plugins/lib:/Pav-S_ws/install/dwb_critics/lib:/Pav-S_ws/install/dwb_core/lib:/Pav-S_ws/install/nav_2d_utils/lib:/Pav-S_ws/install/costmap_queue/lib:/usr/local/cuda-12.2/lib64:/ws_livox/install/pointcloud_to_laserscan/lib:/ws_livox/install/livox_ros_driver2/lib:/Pav-S_ws/install/turn_on_wheeltec_robot/lib:/Pav-S_ws/install/wheeltec_robot_msg/lib:/Pav-S_ws/install/usb_cam/lib:/Pav-S_ws/install/serial/lib:/Pav-S_ws/install/dwb_msgs/lib:/Pav-S_ws/install/nav_2d_msgs/lib:/Pav-S_ws/install/libuvc/lib:/Pav-S_ws/install/fast_lio/lib:/Pav-S_ws/install/astra_camera/lib:/Pav-S_ws/install/astra_camera_msgs/lib:/opt/ros/humble/opt/rviz_ogre_vendor/lib:/opt/ros/humble/lib/aarch64-linux-gnu:/opt/ros/humble/lib:/usr/local/cuda-12.2/lib64 /usr/bin/cmake --build /Pav-S_ws/build/nav2_behaviors -- -j6 -l6
[20.006s] [  5%] [32mBuilding CXX object CMakeFiles/nav2_spin_behavior.dir/plugins/spin.cpp.o[0m
[20.008s] [ 10%] [32mBuilding CXX object CMakeFiles/nav2_assisted_teleop_behavior.dir/plugins/assisted_teleop.cpp.o[0m
[20.008s] [ 15%] [32mBuilding CXX object CMakeFiles/nav2_drive_on_heading_behavior.dir/plugins/drive_on_heading.cpp.o[0m
[20.008s] [ 20%] [32mBuilding CXX object CMakeFiles/nav2_back_up_behavior.dir/plugins/back_up.cpp.o[0m
[20.009s] [ 25%] [32mBuilding CXX object CMakeFiles/nav2_wait_behavior.dir/plugins/wait.cpp.o[0m
[20.009s] [ 30%] [32mBuilding CXX object CMakeFiles/behavior_server_core.dir/src/behavior_server.cpp.o[0m
[129.589s] [ 35%] [32m[1mLinking CXX shared library libnav2_back_up_behavior.so[0m
[133.205s] [ 35%] Built target nav2_back_up_behavior
[173.395s] [ 40%] [32m[1mLinking CXX shared library libbehavior_server_core.so[0m
[181.259s] [ 40%] Built target behavior_server_core
[186.087s] [ 45%] [32m[1mLinking CXX shared library libnav2_spin_behavior.so[0m
[186.381s] [ 50%] [32m[1mLinking CXX shared library libnav2_drive_on_heading_behavior.so[0m
[188.418s] [ 55%] [32m[1mLinking CXX shared library libnav2_wait_behavior.so[0m
[188.864s] [ 55%] Built target nav2_spin_behavior
[190.041s] [ 55%] Built target nav2_drive_on_heading_behavior
[190.580s] [ 55%] Built target nav2_wait_behavior
[238.950s] [ 60%] [32m[1mLinking CXX shared library libnav2_assisted_teleop_behavior.so[0m
[240.379s] [ 60%] Built target nav2_assisted_teleop_behavior
[240.466s] [ 65%] [32mBuilding CXX object CMakeFiles/behavior_server.dir/src/main.cpp.o[0m
[253.114s] [ 70%] [32m[1mLinking CXX executable behavior_server[0m
[253.943s] [ 70%] Built target behavior_server
[254.010s] [ 75%] [32mBuilding CXX object gtest/CMakeFiles/gtest.dir/src/gtest-all.cc.o[0m
[272.749s] [ 80%] [32m[1mLinking CXX static library libgtest.a[0m
[272.908s] [ 80%] Built target gtest
[272.971s] [ 85%] [32mBuilding CXX object gtest/CMakeFiles/gtest_main.dir/src/gtest_main.cc.o[0m
[275.156s] [ 90%] [32m[1mLinking CXX static library libgtest_main.a[0m
[275.245s] [ 90%] Built target gtest_main
[275.321s] [ 95%] [32mBuilding CXX object test/CMakeFiles/test_behaviors.dir/test_behaviors.cpp.o[0m
[313.435s] [100%] [32m[1mLinking CXX executable test_behaviors[0m
[315.557s] [100%] Built target test_behaviors
[315.625s] Invoked command in '/Pav-S_ws/build/nav2_behaviors' returned '0': CMAKE_PREFIX_PATH=/Pav-S_ws/install/nav2_core:/Pav-S_ws/install/nav2_costmap_2d:/Pav-S_ws/install/nav2_map_server:/Pav-S_ws/install/nav2_lifecycle_manager:/Pav-S_ws/install/nav2_behavior_tree:/Pav-S_ws/install/nav2_util:/Pav-S_ws/install/nav2_voxel_grid:/Pav-S_ws/install/nav2_msgs:/Pav-S_ws/install/nav2_common:/Pav-S_ws/install/nav2_dwb_controller:/Pav-S_ws/install/nav2_controller:/Pav-S_ws/install/nav2_planner:/Pav-S_ws/install/dwb_plugins:/Pav-S_ws/install/dwb_critics:/Pav-S_ws/install/dwb_core:/Pav-S_ws/install/nav_2d_utils:/Pav-S_ws/install/costmap_queue:/ws_livox/install/pointcloud_to_laserscan:/ws_livox/install/livox_ros_driver2:/Pav-S_ws/install/wheeltec_robot_urdf:/Pav-S_ws/install/turn_on_wheeltec_robot:/Pav-S_ws/install/wheeltec_robot_msg:/Pav-S_ws/install/usb_cam:/Pav-S_ws/install/serial:/Pav-S_ws/install/robot_kcf:/Pav-S_ws/install/dwb_msgs:/Pav-S_ws/install/nav_2d_msgs:/Pav-S_ws/install/libuvc:/Pav-S_ws/install/fast_lio:/Pav-S_ws/install/astra_camera:/Pav-S_ws/install/astra_camera_msgs:/Pav-S_ws/install/yolo_detector:/Pav-S_ws/install/yolov5_lib:/Pav-S_ws/install/nav2_simple_commander:/opt/ros/humble LD_LIBRARY_PATH=/Pav-S_ws/install/nav2_costmap_2d/lib:/Pav-S_ws/install/nav2_map_server/lib:/Pav-S_ws/install/nav2_lifecycle_manager/lib:/Pav-S_ws/install/nav2_behavior_tree/lib:/Pav-S_ws/install/nav2_util/lib:/Pav-S_ws/install/nav2_voxel_grid/lib:/Pav-S_ws/install/nav2_msgs/lib:/Pav-S_ws/install/nav2_controller/lib:/Pav-S_ws/install/nav2_planner/lib:/Pav-S_ws/install/dwb_plugins/lib:/Pav-S_ws/install/dwb_critics/lib:/Pav-S_ws/install/dwb_core/lib:/Pav-S_ws/install/nav_2d_utils/lib:/Pav-S_ws/install/costmap_queue/lib:/usr/local/cuda-12.2/lib64:/ws_livox/install/pointcloud_to_laserscan/lib:/ws_livox/install/livox_ros_driver2/lib:/Pav-S_ws/install/turn_on_wheeltec_robot/lib:/Pav-S_ws/install/wheeltec_robot_msg/lib:/Pav-S_ws/install/usb_cam/lib:/Pav-S_ws/install/serial/lib:/Pav-S_ws/install/dwb_msgs/lib:/Pav-S_ws/install/nav_2d_msgs/lib:/Pav-S_ws/install/libuvc/lib:/Pav-S_ws/install/fast_lio/lib:/Pav-S_ws/install/astra_camera/lib:/Pav-S_ws/install/astra_camera_msgs/lib:/opt/ros/humble/opt/rviz_ogre_vendor/lib:/opt/ros/humble/lib/aarch64-linux-gnu:/opt/ros/humble/lib:/usr/local/cuda-12.2/lib64 /usr/bin/cmake --build /Pav-S_ws/build/nav2_behaviors -- -j6 -l6
[315.637s] Invoking command in '/Pav-S_ws/build/nav2_behaviors': CMAKE_PREFIX_PATH=/Pav-S_ws/install/nav2_core:/Pav-S_ws/install/nav2_costmap_2d:/Pav-S_ws/install/nav2_map_server:/Pav-S_ws/install/nav2_lifecycle_manager:/Pav-S_ws/install/nav2_behavior_tree:/Pav-S_ws/install/nav2_util:/Pav-S_ws/install/nav2_voxel_grid:/Pav-S_ws/install/nav2_msgs:/Pav-S_ws/install/nav2_common:/Pav-S_ws/install/nav2_dwb_controller:/Pav-S_ws/install/nav2_controller:/Pav-S_ws/install/nav2_planner:/Pav-S_ws/install/dwb_plugins:/Pav-S_ws/install/dwb_critics:/Pav-S_ws/install/dwb_core:/Pav-S_ws/install/nav_2d_utils:/Pav-S_ws/install/costmap_queue:/ws_livox/install/pointcloud_to_laserscan:/ws_livox/install/livox_ros_driver2:/Pav-S_ws/install/wheeltec_robot_urdf:/Pav-S_ws/install/turn_on_wheeltec_robot:/Pav-S_ws/install/wheeltec_robot_msg:/Pav-S_ws/install/usb_cam:/Pav-S_ws/install/serial:/Pav-S_ws/install/robot_kcf:/Pav-S_ws/install/dwb_msgs:/Pav-S_ws/install/nav_2d_msgs:/Pav-S_ws/install/libuvc:/Pav-S_ws/install/fast_lio:/Pav-S_ws/install/astra_camera:/Pav-S_ws/install/astra_camera_msgs:/Pav-S_ws/install/yolo_detector:/Pav-S_ws/install/yolov5_lib:/Pav-S_ws/install/nav2_simple_commander:/opt/ros/humble LD_LIBRARY_PATH=/Pav-S_ws/install/nav2_costmap_2d/lib:/Pav-S_ws/install/nav2_map_server/lib:/Pav-S_ws/install/nav2_lifecycle_manager/lib:/Pav-S_ws/install/nav2_behavior_tree/lib:/Pav-S_ws/install/nav2_util/lib:/Pav-S_ws/install/nav2_voxel_grid/lib:/Pav-S_ws/install/nav2_msgs/lib:/Pav-S_ws/install/nav2_controller/lib:/Pav-S_ws/install/nav2_planner/lib:/Pav-S_ws/install/dwb_plugins/lib:/Pav-S_ws/install/dwb_critics/lib:/Pav-S_ws/install/dwb_core/lib:/Pav-S_ws/install/nav_2d_utils/lib:/Pav-S_ws/install/costmap_queue/lib:/usr/local/cuda-12.2/lib64:/ws_livox/install/pointcloud_to_laserscan/lib:/ws_livox/install/livox_ros_driver2/lib:/Pav-S_ws/install/turn_on_wheeltec_robot/lib:/Pav-S_ws/install/wheeltec_robot_msg/lib:/Pav-S_ws/install/usb_cam/lib:/Pav-S_ws/install/serial/lib:/Pav-S_ws/install/dwb_msgs/lib:/Pav-S_ws/install/nav_2d_msgs/lib:/Pav-S_ws/install/libuvc/lib:/Pav-S_ws/install/fast_lio/lib:/Pav-S_ws/install/astra_camera/lib:/Pav-S_ws/install/astra_camera_msgs/lib:/opt/ros/humble/opt/rviz_ogre_vendor/lib:/opt/ros/humble/lib/aarch64-linux-gnu:/opt/ros/humble/lib:/usr/local/cuda-12.2/lib64 /usr/bin/cmake --install /Pav-S_ws/build/nav2_behaviors
[346.744s] -- Install configuration: "Release"
[346.744s] -- Installing: /Pav-S_ws/install/nav2_behaviors/share/nav2_behaviors/behavior_plugin.xml
[346.744s] -- Installing: /Pav-S_ws/install/nav2_behaviors/lib/libbehavior_server_core.so
[346.745s] -- Set runtime path of "/Pav-S_ws/install/nav2_behaviors/lib/libbehavior_server_core.so" to ""
[346.745s] -- Installing: /Pav-S_ws/install/nav2_behaviors/lib/libnav2_spin_behavior.so
[346.745s] -- Set runtime path of "/Pav-S_ws/install/nav2_behaviors/lib/libnav2_spin_behavior.so" to ""
[346.745s] -- Installing: /Pav-S_ws/install/nav2_behaviors/lib/libnav2_wait_behavior.so
[346.745s] -- Set runtime path of "/Pav-S_ws/install/nav2_behaviors/lib/libnav2_wait_behavior.so" to ""
[346.745s] -- Installing: /Pav-S_ws/install/nav2_behaviors/lib/libnav2_assisted_teleop_behavior.so
[346.745s] -- Set runtime path of "/Pav-S_ws/install/nav2_behaviors/lib/libnav2_assisted_teleop_behavior.so" to ""
[346.745s] -- Installing: /Pav-S_ws/install/nav2_behaviors/lib/libnav2_drive_on_heading_behavior.so
[346.746s] -- Set runtime path of "/Pav-S_ws/install/nav2_behaviors/lib/libnav2_drive_on_heading_behavior.so" to ""
[346.746s] -- Installing: /Pav-S_ws/install/nav2_behaviors/lib/libnav2_back_up_behavior.so
[346.746s] -- Set runtime path of "/Pav-S_ws/install/nav2_behaviors/lib/libnav2_back_up_behavior.so" to ""
[346.746s] -- Installing: /Pav-S_ws/install/nav2_behaviors/lib/nav2_behaviors/behavior_server
[346.746s] -- Set runtime path of "/Pav-S_ws/install/nav2_behaviors/lib/nav2_behaviors/behavior_server" to ""
[346.746s] -- Installing: /Pav-S_ws/install/nav2_behaviors/include/
[346.746s] -- Installing: /Pav-S_ws/install/nav2_behaviors/include//nav2_behaviors
[346.746s] -- Installing: /Pav-S_ws/install/nav2_behaviors/include//nav2_behaviors/timed_behavior.hpp
[346.746s] -- Installing: /Pav-S_ws/install/nav2_behaviors/include//nav2_behaviors/behavior_server.hpp
[346.747s] -- Installing: /Pav-S_ws/install/nav2_behaviors/include//nav2_behaviors/plugins
[346.747s] -- Installing: /Pav-S_ws/install/nav2_behaviors/include//nav2_behaviors/plugins/drive_on_heading.hpp
[346.747s] -- Installing: /Pav-S_ws/install/nav2_behaviors/include//nav2_behaviors/plugins/spin.hpp
[346.747s] -- Installing: /Pav-S_ws/install/nav2_behaviors/include//nav2_behaviors/plugins/wait.hpp
[346.747s] -- Installing: /Pav-S_ws/install/nav2_behaviors/include//nav2_behaviors/plugins/assisted_teleop.hpp
[346.747s] -- Installing: /Pav-S_ws/install/nav2_behaviors/include//nav2_behaviors/plugins/back_up.hpp
[346.747s] -- Up-to-date: /Pav-S_ws/install/nav2_behaviors/share/nav2_behaviors/behavior_plugin.xml
[346.747s] -- Installing: /Pav-S_ws/install/nav2_behaviors/share/nav2_behaviors/plugins/
[346.748s] -- Installing: /Pav-S_ws/install/nav2_behaviors/share/nav2_behaviors/plugins//spin.cpp
[346.748s] -- Installing: /Pav-S_ws/install/nav2_behaviors/share/nav2_behaviors/plugins//assisted_teleop.cpp
[346.748s] -- Installing: /Pav-S_ws/install/nav2_behaviors/share/nav2_behaviors/plugins//drive_on_heading.cpp
[346.748s] -- Installing: /Pav-S_ws/install/nav2_behaviors/share/nav2_behaviors/plugins//wait.cpp
[346.748s] -- Installing: /Pav-S_ws/install/nav2_behaviors/share/nav2_behaviors/plugins//back_up.cpp
[346.748s] -- Installing: /Pav-S_ws/install/nav2_behaviors/share/nav2_behaviors/environment/library_path.sh
[346.748s] -- Installing: /Pav-S_ws/install/nav2_behaviors/share/nav2_behaviors/environment/library_path.dsv
[346.748s] -- Installing: /Pav-S_ws/install/nav2_behaviors/share/ament_index/resource_index/package_run_dependencies/nav2_behaviors
[346.749s] -- Installing: /Pav-S_ws/install/nav2_behaviors/share/ament_index/resource_index/parent_prefix_path/nav2_behaviors
[346.749s] -- Installing: /Pav-S_ws/install/nav2_behaviors/share/nav2_behaviors/environment/ament_prefix_path.sh
[346.749s] -- Installing: /Pav-S_ws/install/nav2_behaviors/share/nav2_behaviors/environment/ament_prefix_path.dsv
[346.749s] -- Installing: /Pav-S_ws/install/nav2_behaviors/share/nav2_behaviors/environment/path.sh
[346.749s] -- Installing: /Pav-S_ws/install/nav2_behaviors/share/nav2_behaviors/environment/path.dsv
[346.749s] -- Installing: /Pav-S_ws/install/nav2_behaviors/share/nav2_behaviors/local_setup.bash
[346.749s] -- Installing: /Pav-S_ws/install/nav2_behaviors/share/nav2_behaviors/local_setup.sh
[346.749s] -- Installing: /Pav-S_ws/install/nav2_behaviors/share/nav2_behaviors/local_setup.zsh
[346.750s] -- Installing: /Pav-S_ws/install/nav2_behaviors/share/nav2_behaviors/local_setup.dsv
[346.750s] -- Installing: /Pav-S_ws/install/nav2_behaviors/share/nav2_behaviors/package.dsv
[346.750s] -- Installing: /Pav-S_ws/install/nav2_behaviors/share/ament_index/resource_index/packages/nav2_behaviors
[346.750s] -- Installing: /Pav-S_ws/install/nav2_behaviors/share/ament_index/resource_index/nav2_core__pluginlib__plugin/nav2_behaviors
[346.750s] -- Installing: /Pav-S_ws/install/nav2_behaviors/share/ament_index/resource_index/rclcpp_components/nav2_behaviors
[346.750s] -- Installing: /Pav-S_ws/install/nav2_behaviors/share/nav2_behaviors/cmake/ament_cmake_export_include_directories-extras.cmake
[346.750s] -- Installing: /Pav-S_ws/install/nav2_behaviors/share/nav2_behaviors/cmake/ament_cmake_export_libraries-extras.cmake
[346.750s] -- Installing: /Pav-S_ws/install/nav2_behaviors/share/nav2_behaviors/cmake/ament_cmake_export_dependencies-extras.cmake
[346.750s] -- Installing: /Pav-S_ws/install/nav2_behaviors/share/nav2_behaviors/cmake/nav2_behaviorsConfig.cmake
[346.751s] -- Installing: /Pav-S_ws/install/nav2_behaviors/share/nav2_behaviors/cmake/nav2_behaviorsConfig-version.cmake
[346.751s] -- Installing: /Pav-S_ws/install/nav2_behaviors/share/nav2_behaviors/package.xml
[346.755s] Invoked command in '/Pav-S_ws/build/nav2_behaviors' returned '0': CMAKE_PREFIX_PATH=/Pav-S_ws/install/nav2_core:/Pav-S_ws/install/nav2_costmap_2d:/Pav-S_ws/install/nav2_map_server:/Pav-S_ws/install/nav2_lifecycle_manager:/Pav-S_ws/install/nav2_behavior_tree:/Pav-S_ws/install/nav2_util:/Pav-S_ws/install/nav2_voxel_grid:/Pav-S_ws/install/nav2_msgs:/Pav-S_ws/install/nav2_common:/Pav-S_ws/install/nav2_dwb_controller:/Pav-S_ws/install/nav2_controller:/Pav-S_ws/install/nav2_planner:/Pav-S_ws/install/dwb_plugins:/Pav-S_ws/install/dwb_critics:/Pav-S_ws/install/dwb_core:/Pav-S_ws/install/nav_2d_utils:/Pav-S_ws/install/costmap_queue:/ws_livox/install/pointcloud_to_laserscan:/ws_livox/install/livox_ros_driver2:/Pav-S_ws/install/wheeltec_robot_urdf:/Pav-S_ws/install/turn_on_wheeltec_robot:/Pav-S_ws/install/wheeltec_robot_msg:/Pav-S_ws/install/usb_cam:/Pav-S_ws/install/serial:/Pav-S_ws/install/robot_kcf:/Pav-S_ws/install/dwb_msgs:/Pav-S_ws/install/nav_2d_msgs:/Pav-S_ws/install/libuvc:/Pav-S_ws/install/fast_lio:/Pav-S_ws/install/astra_camera:/Pav-S_ws/install/astra_camera_msgs:/Pav-S_ws/install/yolo_detector:/Pav-S_ws/install/yolov5_lib:/Pav-S_ws/install/nav2_simple_commander:/opt/ros/humble LD_LIBRARY_PATH=/Pav-S_ws/install/nav2_costmap_2d/lib:/Pav-S_ws/install/nav2_map_server/lib:/Pav-S_ws/install/nav2_lifecycle_manager/lib:/Pav-S_ws/install/nav2_behavior_tree/lib:/Pav-S_ws/install/nav2_util/lib:/Pav-S_ws/install/nav2_voxel_grid/lib:/Pav-S_ws/install/nav2_msgs/lib:/Pav-S_ws/install/nav2_controller/lib:/Pav-S_ws/install/nav2_planner/lib:/Pav-S_ws/install/dwb_plugins/lib:/Pav-S_ws/install/dwb_critics/lib:/Pav-S_ws/install/dwb_core/lib:/Pav-S_ws/install/nav_2d_utils/lib:/Pav-S_ws/install/costmap_queue/lib:/usr/local/cuda-12.2/lib64:/ws_livox/install/pointcloud_to_laserscan/lib:/ws_livox/install/livox_ros_driver2/lib:/Pav-S_ws/install/turn_on_wheeltec_robot/lib:/Pav-S_ws/install/wheeltec_robot_msg/lib:/Pav-S_ws/install/usb_cam/lib:/Pav-S_ws/install/serial/lib:/Pav-S_ws/install/dwb_msgs/lib:/Pav-S_ws/install/nav_2d_msgs/lib:/Pav-S_ws/install/libuvc/lib:/Pav-S_ws/install/fast_lio/lib:/Pav-S_ws/install/astra_camera/lib:/Pav-S_ws/install/astra_camera_msgs/lib:/opt/ros/humble/opt/rviz_ogre_vendor/lib:/opt/ros/humble/lib/aarch64-linux-gnu:/opt/ros/humble/lib:/usr/local/cuda-12.2/lib64 /usr/bin/cmake --install /Pav-S_ws/build/nav2_behaviors
