[0.053s] Invoking command in '/Pav-S_ws/build/dwb_msgs': CMAKE_PREFIX_PATH=/Pav-S_ws/install/nav_2d_msgs:/ws_livox/install/pointcloud_to_laserscan:/ws_livox/install/livox_ros_driver2:/Pav-S_ws/install/wheeltec_robot_urdf:/Pav-S_ws/install/turn_on_wheeltec_robot:/Pav-S_ws/install/wheeltec_robot_msg:/Pav-S_ws/install/usb_cam:/Pav-S_ws/install/serial:/Pav-S_ws/install/robot_kcf:/Pav-S_ws/install/dwb_msgs:/Pav-S_ws/install/nav2_voxel_grid:/Pav-S_ws/install/nav2_util:/Pav-S_ws/install/nav2_msgs:/Pav-S_ws/install/nav2_common:/Pav-S_ws/install/libuvc:/Pav-S_ws/install/fast_lio:/Pav-S_ws/install/astra_camera:/Pav-S_ws/install/astra_camera_msgs:/Pav-S_ws/install/yolo_detector:/Pav-S_ws/install/yolov5_lib:/Pav-S_ws/install/nav2_simple_commander:/opt/ros/humble LD_LIBRARY_PATH=/Pav-S_ws/install/nav_2d_msgs/lib:/usr/local/cuda-12.2/lib64:/ws_livox/install/pointcloud_to_laserscan/lib:/ws_livox/install/livox_ros_driver2/lib:/Pav-S_ws/install/turn_on_wheeltec_robot/lib:/Pav-S_ws/install/wheeltec_robot_msg/lib:/Pav-S_ws/install/usb_cam/lib:/Pav-S_ws/install/serial/lib:/Pav-S_ws/install/dwb_msgs/lib:/Pav-S_ws/install/nav2_voxel_grid/lib:/Pav-S_ws/install/nav2_util/lib:/Pav-S_ws/install/nav2_msgs/lib:/Pav-S_ws/install/libuvc/lib:/Pav-S_ws/install/fast_lio/lib:/Pav-S_ws/install/astra_camera/lib:/Pav-S_ws/install/astra_camera_msgs/lib:/opt/ros/humble/opt/rviz_ogre_vendor/lib:/opt/ros/humble/lib/aarch64-linux-gnu:/opt/ros/humble/lib:/usr/local/cuda-12.2/lib64 /usr/bin/cmake /Pav-S_ws/src/navigation2-humble/nav2_dwb_controller/dwb_msgs -DCMAKE_INSTALL_PREFIX=/Pav-S_ws/install/dwb_msgs
[0.146s] -- Found builtin_interfaces: 1.2.2 (/opt/ros/humble/share/builtin_interfaces/cmake)
[0.584s] -- Found rosidl_generator_c: 3.1.7 (/opt/ros/humble/share/rosidl_generator_c/cmake)
[0.590s] -- Found rosidl_adapter: 3.1.7 (/opt/ros/humble/share/rosidl_adapter/cmake)
[0.608s] -- Found rosidl_generator_cpp: 3.1.7 (/opt/ros/humble/share/rosidl_generator_cpp/cmake)
[0.633s] -- Using all available rosidl_typesupport_c: rosidl_typesupport_fastrtps_c;rosidl_typesupport_introspection_c
[0.673s] -- Using all available rosidl_typesupport_cpp: rosidl_typesupport_fastrtps_cpp;rosidl_typesupport_introspection_cpp
[0.699s] -- Found geometry_msgs: 4.9.0 (/opt/ros/humble/share/geometry_msgs/cmake)
[0.765s] -- Found nav_2d_msgs: 1.1.18 (/Pav-S_ws/install/nav_2d_msgs/share/nav_2d_msgs/cmake)
[0.819s] -- Found nav_msgs: 4.9.0 (/opt/ros/humble/share/nav_msgs/cmake)
[0.854s] -- Found rosidl_default_generators: 1.2.0 (/opt/ros/humble/share/rosidl_default_generators/cmake)
[1.968s] -- Found ament_cmake_ros: 0.10.0 (/opt/ros/humble/share/ament_cmake_ros/cmake)
[3.324s] -- Using all available rosidl_typesupport_c: rosidl_typesupport_fastrtps_c;rosidl_typesupport_introspection_c
[3.863s] -- Using all available rosidl_typesupport_cpp: rosidl_typesupport_fastrtps_cpp;rosidl_typesupport_introspection_cpp
[3.943s] -- Found python_cmake_module: 0.10.0 (/opt/ros/humble/share/python_cmake_module/cmake)
[4.019s] -- Using PYTHON_EXECUTABLE: /usr/bin/python3
[4.020s] -- Using PYTHON_INCLUDE_DIRS: /usr/include/python3.10
[4.020s] -- Using PYTHON_LIBRARIES: /usr/lib/aarch64-linux-gnu/libpython3.10.so
[4.179s] -- Configuring done
[4.345s] -- Generating done
[4.382s] -- Build files have been written to: /Pav-S_ws/build/dwb_msgs
[4.419s] Invoked command in '/Pav-S_ws/build/dwb_msgs' returned '0': CMAKE_PREFIX_PATH=/Pav-S_ws/install/nav_2d_msgs:/ws_livox/install/pointcloud_to_laserscan:/ws_livox/install/livox_ros_driver2:/Pav-S_ws/install/wheeltec_robot_urdf:/Pav-S_ws/install/turn_on_wheeltec_robot:/Pav-S_ws/install/wheeltec_robot_msg:/Pav-S_ws/install/usb_cam:/Pav-S_ws/install/serial:/Pav-S_ws/install/robot_kcf:/Pav-S_ws/install/dwb_msgs:/Pav-S_ws/install/nav2_voxel_grid:/Pav-S_ws/install/nav2_util:/Pav-S_ws/install/nav2_msgs:/Pav-S_ws/install/nav2_common:/Pav-S_ws/install/libuvc:/Pav-S_ws/install/fast_lio:/Pav-S_ws/install/astra_camera:/Pav-S_ws/install/astra_camera_msgs:/Pav-S_ws/install/yolo_detector:/Pav-S_ws/install/yolov5_lib:/Pav-S_ws/install/nav2_simple_commander:/opt/ros/humble LD_LIBRARY_PATH=/Pav-S_ws/install/nav_2d_msgs/lib:/usr/local/cuda-12.2/lib64:/ws_livox/install/pointcloud_to_laserscan/lib:/ws_livox/install/livox_ros_driver2/lib:/Pav-S_ws/install/turn_on_wheeltec_robot/lib:/Pav-S_ws/install/wheeltec_robot_msg/lib:/Pav-S_ws/install/usb_cam/lib:/Pav-S_ws/install/serial/lib:/Pav-S_ws/install/dwb_msgs/lib:/Pav-S_ws/install/nav2_voxel_grid/lib:/Pav-S_ws/install/nav2_util/lib:/Pav-S_ws/install/nav2_msgs/lib:/Pav-S_ws/install/libuvc/lib:/Pav-S_ws/install/fast_lio/lib:/Pav-S_ws/install/astra_camera/lib:/Pav-S_ws/install/astra_camera_msgs/lib:/opt/ros/humble/opt/rviz_ogre_vendor/lib:/opt/ros/humble/lib/aarch64-linux-gnu:/opt/ros/humble/lib:/usr/local/cuda-12.2/lib64 /usr/bin/cmake /Pav-S_ws/src/navigation2-humble/nav2_dwb_controller/dwb_msgs -DCMAKE_INSTALL_PREFIX=/Pav-S_ws/install/dwb_msgs
[4.420s] Invoking command in '/Pav-S_ws/build/dwb_msgs': CMAKE_PREFIX_PATH=/Pav-S_ws/install/nav_2d_msgs:/ws_livox/install/pointcloud_to_laserscan:/ws_livox/install/livox_ros_driver2:/Pav-S_ws/install/wheeltec_robot_urdf:/Pav-S_ws/install/turn_on_wheeltec_robot:/Pav-S_ws/install/wheeltec_robot_msg:/Pav-S_ws/install/usb_cam:/Pav-S_ws/install/serial:/Pav-S_ws/install/robot_kcf:/Pav-S_ws/install/dwb_msgs:/Pav-S_ws/install/nav2_voxel_grid:/Pav-S_ws/install/nav2_util:/Pav-S_ws/install/nav2_msgs:/Pav-S_ws/install/nav2_common:/Pav-S_ws/install/libuvc:/Pav-S_ws/install/fast_lio:/Pav-S_ws/install/astra_camera:/Pav-S_ws/install/astra_camera_msgs:/Pav-S_ws/install/yolo_detector:/Pav-S_ws/install/yolov5_lib:/Pav-S_ws/install/nav2_simple_commander:/opt/ros/humble LD_LIBRARY_PATH=/Pav-S_ws/install/nav_2d_msgs/lib:/usr/local/cuda-12.2/lib64:/ws_livox/install/pointcloud_to_laserscan/lib:/ws_livox/install/livox_ros_driver2/lib:/Pav-S_ws/install/turn_on_wheeltec_robot/lib:/Pav-S_ws/install/wheeltec_robot_msg/lib:/Pav-S_ws/install/usb_cam/lib:/Pav-S_ws/install/serial/lib:/Pav-S_ws/install/dwb_msgs/lib:/Pav-S_ws/install/nav2_voxel_grid/lib:/Pav-S_ws/install/nav2_util/lib:/Pav-S_ws/install/nav2_msgs/lib:/Pav-S_ws/install/libuvc/lib:/Pav-S_ws/install/fast_lio/lib:/Pav-S_ws/install/astra_camera/lib:/Pav-S_ws/install/astra_camera_msgs/lib:/opt/ros/humble/opt/rviz_ogre_vendor/lib:/opt/ros/humble/lib/aarch64-linux-gnu:/opt/ros/humble/lib:/usr/local/cuda-12.2/lib64 /usr/bin/cmake --build /Pav-S_ws/build/dwb_msgs -- -j6 -l6
[4.492s] -- Found builtin_interfaces: 1.2.2 (/opt/ros/humble/share/builtin_interfaces/cmake)
[4.900s] -- Found rosidl_generator_c: 3.1.7 (/opt/ros/humble/share/rosidl_generator_c/cmake)
[4.907s] -- Found rosidl_adapter: 3.1.7 (/opt/ros/humble/share/rosidl_adapter/cmake)
[4.919s] -- Found rosidl_generator_cpp: 3.1.7 (/opt/ros/humble/share/rosidl_generator_cpp/cmake)
[4.950s] -- Using all available rosidl_typesupport_c: rosidl_typesupport_fastrtps_c;rosidl_typesupport_introspection_c
[4.977s] -- Using all available rosidl_typesupport_cpp: rosidl_typesupport_fastrtps_cpp;rosidl_typesupport_introspection_cpp
[5.005s] -- Found geometry_msgs: 4.9.0 (/opt/ros/humble/share/geometry_msgs/cmake)
[5.074s] -- Found nav_2d_msgs: 1.1.18 (/Pav-S_ws/install/nav_2d_msgs/share/nav_2d_msgs/cmake)
[5.107s] -- Found nav_msgs: 4.9.0 (/opt/ros/humble/share/nav_msgs/cmake)
[5.146s] -- Found rosidl_default_generators: 1.2.0 (/opt/ros/humble/share/rosidl_default_generators/cmake)
[6.227s] -- Found ament_cmake_ros: 0.10.0 (/opt/ros/humble/share/ament_cmake_ros/cmake)
[7.430s] -- Using all available rosidl_typesupport_c: rosidl_typesupport_fastrtps_c;rosidl_typesupport_introspection_c
[7.854s] -- Using all available rosidl_typesupport_cpp: rosidl_typesupport_fastrtps_cpp;rosidl_typesupport_introspection_cpp
[7.941s] -- Found python_cmake_module: 0.10.0 (/opt/ros/humble/share/python_cmake_module/cmake)
[8.029s] -- Using PYTHON_EXECUTABLE: /usr/bin/python3
[8.029s] -- Using PYTHON_INCLUDE_DIRS: /usr/include/python3.10
[8.029s] -- Using PYTHON_LIBRARIES: /usr/lib/aarch64-linux-gnu/libpython3.10.so
[8.173s] -- Configuring done
[8.305s] -- Generating done
[8.347s] -- Build files have been written to: /Pav-S_ws/build/dwb_msgs
[8.402s] gmake[2]: Warning: File 'CMakeFiles/ament_cmake_python_copy_dwb_msgs.dir/compiler_depend.make' has modification time 1759585003 s in the future
[8.402s] gmake[2]: Warning: File 'CMakeFiles/dwb_msgs__rosidl_generator_c.dir/flags.make' has modification time 1759585003 s in the future
[8.402s] gmake[2]: Warning: File 'CMakeFiles/dwb_msgs__cpp.dir/compiler_depend.make' has modification time 1759585003 s in the future
[8.430s] gmake[2]: warning:  Clock skew detected.  Your build may be incomplete.
[8.431s] gmake[2]: warning:  Clock skew detected.  Your build may be incomplete.
[8.432s] [35m[1mConsolidate compiler generated dependencies of target dwb_msgs__rosidl_generator_c[0m
[8.436s] gmake[2]: Warning: File 'CMakeFiles/dwb_msgs__cpp.dir/compiler_depend.make' has modification time 1759585003 s in the future
[8.437s] gmake[2]: Warning: File 'CMakeFiles/ament_cmake_python_copy_dwb_msgs.dir/compiler_depend.make' has modification time 1759585003 s in the future
[8.437s] gmake[2]: warning:  Clock skew detected.  Your build may be incomplete.
[8.442s] gmake[2]: warning:  Clock skew detected.  Your build may be incomplete.
[8.452s] gmake[2]: Warning: File 'CMakeFiles/dwb_msgs__rosidl_generator_c.dir/flags.make' has modification time 1759585003 s in the future
[8.453s] [  1%] Built target dwb_msgs__cpp
[8.454s] gmake[2]: warning:  Clock skew detected.  Your build may be incomplete.
[8.461s] gmake[2]: Warning: File 'CMakeFiles/dwb_msgs__rosidl_typesupport_cpp.dir/flags.make' has modification time 1759585003 s in the future
[8.470s] gmake[2]: warning:  Clock skew detected.  Your build may be incomplete.
[8.472s] gmake[2]: Warning: File 'CMakeFiles/dwb_msgs__rosidl_typesupport_fastrtps_cpp.dir/flags.make' has modification time 1759585003 s in the future
[8.480s] gmake[2]: Warning: File 'CMakeFiles/dwb_msgs__rosidl_typesupport_introspection_cpp.dir/flags.make' has modification time 1759585003 s in the future
[8.487s] [ 12%] Built target dwb_msgs__rosidl_generator_c
[8.509s] gmake[2]: Warning: File 'CMakeFiles/dwb_msgs__rosidl_typesupport_fastrtps_c.dir/flags.make' has modification time 1759585003 s in the future
[8.513s] gmake[2]: Warning: File 'CMakeFiles/dwb_msgs__rosidl_typesupport_introspection_c.dir/flags.make' has modification time 1759585003 s in the future
[8.519s] [35m[1mConsolidate compiler generated dependencies of target dwb_msgs__rosidl_typesupport_cpp[0m
[8.530s] gmake[2]: warning:  Clock skew detected.  Your build may be incomplete.
[8.535s] [ 12%] Built target ament_cmake_python_copy_dwb_msgs
[8.537s] [35m[1mConsolidate compiler generated dependencies of target dwb_msgs__rosidl_typesupport_fastrtps_c[0m
[8.545s] [35m[1mConsolidate compiler generated dependencies of target dwb_msgs__rosidl_typesupport_introspection_cpp[0m
[8.546s] gmake[2]: Warning: File 'CMakeFiles/dwb_msgs__rosidl_typesupport_cpp.dir/flags.make' has modification time 1759585003 s in the future
[8.553s] [35m[1mConsolidate compiler generated dependencies of target dwb_msgs__rosidl_typesupport_fastrtps_cpp[0m
[8.556s] gmake[2]: Warning: File 'CMakeFiles/dwb_msgs__rosidl_typesupport_c.dir/flags.make' has modification time 1759585003 s in the future
[8.556s] gmake[2]: warning:  Clock skew detected.  Your build may be incomplete.
[8.564s] [35m[1mConsolidate compiler generated dependencies of target dwb_msgs__rosidl_typesupport_introspection_c[0m
[8.571s] gmake[2]: warning:  Clock skew detected.  Your build may be incomplete.
[8.572s] gmake[2]: warning:  Clock skew detected.  Your build may be incomplete.
[8.574s] gmake[2]: warning:  Clock skew detected.  Your build may be incomplete.
[8.577s] gmake[2]: warning:  Clock skew detected.  Your build may be incomplete.
[8.584s] gmake[2]: Warning: File 'CMakeFiles/dwb_msgs__rosidl_typesupport_fastrtps_c.dir/flags.make' has modification time 1759585002 s in the future
[8.584s] gmake[2]: Warning: File 'CMakeFiles/dwb_msgs__rosidl_typesupport_introspection_cpp.dir/flags.make' has modification time 1759585003 s in the future
[8.587s] gmake[2]: warning:  Clock skew detected.  Your build may be incomplete.
[8.597s] gmake[2]: warning:  Clock skew detected.  Your build may be incomplete.
[8.598s] gmake[2]: Warning: File 'CMakeFiles/dwb_msgs__rosidl_typesupport_introspection_c.dir/flags.make' has modification time 1759585002 s in the future
[8.599s] gmake[2]: warning:  Clock skew detected.  Your build may be incomplete.
[8.605s] [ 24%] Built target dwb_msgs__rosidl_typesupport_cpp
[8.610s] gmake[2]: Warning: File 'CMakeFiles/dwb_msgs__rosidl_typesupport_fastrtps_cpp.dir/flags.make' has modification time 1759585002 s in the future
[8.610s] [35m[1mConsolidate compiler generated dependencies of target dwb_msgs__rosidl_typesupport_c[0m
[8.612s] gmake[2]: warning:  Clock skew detected.  Your build may be incomplete.
[8.616s] gmake[2]: warning:  Clock skew detected.  Your build may be incomplete.
[8.619s] gmake[2]: Warning: File 'CMakeFiles/ament_cmake_python_build_dwb_msgs_egg.dir/compiler_depend.make' has modification time 1759585002 s in the future
[8.631s] [ 35%] Built target dwb_msgs__rosidl_typesupport_fastrtps_c
[8.632s] [ 49%] Built target dwb_msgs__rosidl_typesupport_introspection_c
[8.633s] [ 58%] Built target dwb_msgs__rosidl_typesupport_introspection_cpp
[8.634s] gmake[2]: Warning: File 'CMakeFiles/dwb_msgs__rosidl_typesupport_c.dir/flags.make' has modification time 1759585002 s in the future
[8.635s] gmake[2]: warning:  Clock skew detected.  Your build may be incomplete.
[8.639s] [ 70%] Built target dwb_msgs__rosidl_typesupport_fastrtps_cpp
[8.654s] [ 82%] Built target dwb_msgs__rosidl_typesupport_c
[8.656s] gmake[2]: warning:  Clock skew detected.  Your build may be incomplete.
[8.660s] gmake[2]: Warning: File 'CMakeFiles/ament_cmake_python_build_dwb_msgs_egg.dir/compiler_depend.make' has modification time 1759585002 s in the future
[8.661s] gmake[2]: Warning: File 'CMakeFiles/dwb_msgs.dir/compiler_depend.make' has modification time 1759585002 s in the future
[8.685s] gmake[2]: warning:  Clock skew detected.  Your build may be incomplete.
[8.689s] gmake[2]: Warning: File 'CMakeFiles/dwb_msgs.dir/compiler_depend.make' has modification time 1759585002 s in the future
[8.690s] gmake[2]: warning:  Clock skew detected.  Your build may be incomplete.
[8.710s] [ 82%] Built target dwb_msgs
[8.717s] gmake[2]: Warning: File 'dwb_msgs__py/CMakeFiles/dwb_msgs__py.dir/compiler_depend.make' has modification time 1759585002 s in the future
[8.737s] gmake[2]: warning:  Clock skew detected.  Your build may be incomplete.
[8.741s] gmake[2]: Warning: File 'dwb_msgs__py/CMakeFiles/dwb_msgs__py.dir/compiler_depend.make' has modification time 1759585002 s in the future
[8.742s] gmake[2]: warning:  Clock skew detected.  Your build may be incomplete.
[8.761s] [ 83%] Built target dwb_msgs__py
[8.774s] gmake[2]: Warning: File 'CMakeFiles/dwb_msgs__rosidl_generator_py.dir/flags.make' has modification time 1759585002 s in the future
[8.798s] [35m[1mConsolidate compiler generated dependencies of target dwb_msgs__rosidl_generator_py[0m
[8.812s] gmake[2]: warning:  Clock skew detected.  Your build may be incomplete.
[8.819s] gmake[2]: Warning: File 'CMakeFiles/dwb_msgs__rosidl_generator_py.dir/flags.make' has modification time 1759585002 s in the future
[8.822s] gmake[2]: warning:  Clock skew detected.  Your build may be incomplete.
[8.844s] [ 93%] Built target dwb_msgs__rosidl_generator_py
[8.850s] gmake[2]: Warning: File 'CMakeFiles/dwb_msgs__rosidl_typesupport_fastrtps_c__pyext.dir/flags.make' has modification time 1759585002 s in the future
[8.850s] gmake[2]: Warning: File 'CMakeFiles/dwb_msgs__rosidl_typesupport_introspection_c__pyext.dir/flags.make' has modification time 1759585002 s in the future
[8.851s] gmake[2]: Warning: File 'CMakeFiles/dwb_msgs__rosidl_typesupport_c__pyext.dir/flags.make' has modification time 1759585002 s in the future
[8.877s] [35m[1mConsolidate compiler generated dependencies of target dwb_msgs__rosidl_typesupport_c__pyext[0m
[8.877s] [35m[1mConsolidate compiler generated dependencies of target dwb_msgs__rosidl_typesupport_introspection_c__pyext[0m
[8.880s] [35m[1mConsolidate compiler generated dependencies of target dwb_msgs__rosidl_typesupport_fastrtps_c__pyext[0m
[8.881s] gmake[2]: warning:  Clock skew detected.  Your build may be incomplete.
[8.884s] gmake[2]: warning:  Clock skew detected.  Your build may be incomplete.
[8.887s] gmake[2]: warning:  Clock skew detected.  Your build may be incomplete.
[8.887s] gmake[2]: Warning: File 'CMakeFiles/dwb_msgs__rosidl_typesupport_c__pyext.dir/flags.make' has modification time 1759585002 s in the future
[8.889s] gmake[2]: warning:  Clock skew detected.  Your build may be incomplete.
[8.893s] gmake[2]: Warning: File 'CMakeFiles/dwb_msgs__rosidl_typesupport_introspection_c__pyext.dir/flags.make' has modification time 1759585002 s in the future
[8.894s] gmake[2]: Warning: File 'CMakeFiles/dwb_msgs__rosidl_typesupport_fastrtps_c__pyext.dir/flags.make' has modification time 1759585002 s in the future
[8.894s] gmake[2]: warning:  Clock skew detected.  Your build may be incomplete.
[8.896s] gmake[2]: warning:  Clock skew detected.  Your build may be incomplete.
[8.913s] [ 95%] Built target dwb_msgs__rosidl_typesupport_c__pyext
[8.914s] [ 97%] Built target dwb_msgs__rosidl_typesupport_introspection_c__pyext
[8.926s] [100%] Built target dwb_msgs__rosidl_typesupport_fastrtps_c__pyext
[9.275s] running egg_info
[9.277s] writing dwb_msgs.egg-info/PKG-INFO
[9.277s] writing dependency_links to dwb_msgs.egg-info/dependency_links.txt
[9.278s] writing top-level names to dwb_msgs.egg-info/top_level.txt
[9.283s] reading manifest file 'dwb_msgs.egg-info/SOURCES.txt'
[9.285s] writing manifest file 'dwb_msgs.egg-info/SOURCES.txt'
[9.342s] gmake[2]: warning:  Clock skew detected.  Your build may be incomplete.
[9.367s] [100%] Built target ament_cmake_python_build_dwb_msgs_egg
