[0.064s] Invoking command in '/Pav-S_ws/build/fast_lio': CMAKE_PREFIX_PATH=${CMAKE_PREFIX_PATH}:/Pav-S_ws/install/yolo_detector:/Pav-S_ws/install/yolov5_lib:/Pav-S_ws/install/nav2_simple_commander:/opt/ros/humble /usr/bin/cmake /Pav-S_ws/src/FAST_LIO_ROS2 -DCMAKE_BUILD_TYPE=Release -DCMAKE_INSTALL_PREFIX=/Pav-S_ws/install/fast_lio
[30.726s] -- The C compiler identification is GNU 11.4.0
[30.727s] -- The CXX compiler identification is GNU 11.4.0
[30.727s] -- Detecting C compiler ABI info
[30.727s] -- Detecting C compiler ABI info - done
[30.727s] -- Check for working C compiler: /usr/bin/cc - skipped
[30.727s] -- Detecting C compile features
[30.728s] -- Detecting C compile features - done
[30.728s] -- Detecting CXX compiler ABI info
[30.728s] -- Detecting CXX compiler ABI info - done
[30.728s] -- Check for working CXX compiler: /usr/bin/c++ - skipped
[30.728s] -- Detecting CXX compile features
[30.728s] -- Detecting CXX compile features - done
[30.728s] -- Found PythonLibs: /usr/lib/aarch64-linux-gnu/libpython3.10.so (found version "3.10.12") 
[30.728s] -- Found ament_cmake: 1.3.12 (/opt/ros/humble/share/ament_cmake/cmake)
[30.728s] -- Found Python3: /usr/bin/python3 (found version "3.10.12") found components: Interpreter 
[30.729s] -- Found rclcpp: 16.0.15 (/opt/ros/humble/share/rclcpp/cmake)
[30.729s] -- Found rosidl_generator_c: 3.1.7 (/opt/ros/humble/share/rosidl_generator_c/cmake)
[30.729s] -- Found rosidl_adapter: 3.1.7 (/opt/ros/humble/share/rosidl_adapter/cmake)
[30.729s] -- Found rosidl_generator_cpp: 3.1.7 (/opt/ros/humble/share/rosidl_generator_cpp/cmake)
[30.729s] -- Using all available rosidl_typesupport_c: rosidl_typesupport_fastrtps_c;rosidl_typesupport_introspection_c
[30.729s] -- Using all available rosidl_typesupport_cpp: rosidl_typesupport_fastrtps_cpp;rosidl_typesupport_introspection_cpp
[30.729s] -- Found rmw_implementation_cmake: 6.1.2 (/opt/ros/humble/share/rmw_implementation_cmake/cmake)
[30.729s] -- Found rmw_fastrtps_cpp: 6.2.8 (/opt/ros/humble/share/rmw_fastrtps_cpp/cmake)
[30.729s] -- Found OpenSSL: /usr/lib/aarch64-linux-gnu/libcrypto.so (found version "3.0.2")  
[30.730s] -- Found FastRTPS: /opt/ros/humble/include  
[30.730s] -- Using RMW implementation 'rmw_fastrtps_cpp' as default
[30.730s] -- Looking for pthread.h
[30.730s] -- Looking for pthread.h - found
[30.730s] -- Performing Test CMAKE_HAVE_LIBC_PTHREAD
[30.735s] -- Performing Test CMAKE_HAVE_LIBC_PTHREAD - Success
[30.735s] -- Found Threads: TRUE  
[30.735s] -- Found rclcpp_components: 16.0.15 (/opt/ros/humble/share/rclcpp_components/cmake)
[30.736s] -- Found geometry_msgs: 4.9.0 (/opt/ros/humble/share/geometry_msgs/cmake)
[30.736s] -- Found nav_msgs: 4.9.0 (/opt/ros/humble/share/nav_msgs/cmake)
[30.736s] -- Found sensor_msgs: 4.9.0 (/opt/ros/humble/share/sensor_msgs/cmake)
[30.736s] -- Found std_srvs: 4.9.0 (/opt/ros/humble/share/std_srvs/cmake)
[30.736s] -- Found visualization_msgs: 4.9.0 (/opt/ros/humble/share/visualization_msgs/cmake)
[30.737s] -- Found pcl_ros: 2.4.5 (/opt/ros/humble/share/pcl_ros/cmake)
[30.737s] -- Checking for module 'eigen3'
[30.738s] --   Found eigen3, version 3.4.0
[30.738s] -- Found Eigen: /usr/include/eigen3 (Required is at least version "3.1") 
[30.738s] -- Eigen found (include: /usr/include/eigen3, version: 3.4.0)
[30.738s] -- Checking for module 'flann'
[30.739s] --   Found flann, version 1.9.1
[30.739s] -- Found FLANN: /usr/lib/aarch64-linux-gnu/libflann_cpp.so  
[30.741s] -- FLANN found (include: /usr/include, lib: /usr/lib/aarch64-linux-gnu/libflann_cpp.so)
[30.741s] -- Checking for module 'libusb-1.0'
[30.741s] --   Found libusb-1.0, version 1.0.25
[30.741s] -- Found libusb: /usr/lib/aarch64-linux-gnu/libusb-1.0.so  
[30.742s] -- OpenNI found (version: 1.5.4.0, include: /usr/include/ni, lib: /usr/lib/libOpenNI.so;libusb::libusb)
[30.742s] -- OpenNI2 found (version: 2.2.0.33, include: /usr/include/openni2, lib: /usr/lib/aarch64-linux-gnu/libOpenNI2.so;libusb::libusb)
[30.742s] -- Eigen found (include: /usr/include/eigen3, version: 3.4.0)
[30.742s] -- OpenNI found (version: 1.5.4.0, include: /usr/include/ni, lib: /usr/lib/libOpenNI.so;libusb::libusb)
[30.742s] -- OpenNI2 found (version: 2.2.0.33, include: /usr/include/openni2, lib: /usr/lib/aarch64-linux-gnu/libOpenNI2.so;libusb::libusb)
[30.742s] -- Found Qhull version 8.0.2
[30.742s] -- OpenNI found (version: 1.5.4.0, include: /usr/include/ni, lib: /usr/lib/libOpenNI.so;libusb::libusb)
[30.743s] -- Found PCL_COMMON: /usr/lib/aarch64-linux-gnu/libpcl_common.so  
[30.743s] -- Found PCL_KDTREE: /usr/lib/aarch64-linux-gnu/libpcl_kdtree.so  
[30.743s] -- Found PCL_OCTREE: /usr/lib/aarch64-linux-gnu/libpcl_octree.so  
[30.743s] -- Found PCL_SEARCH: /usr/lib/aarch64-linux-gnu/libpcl_search.so  
[30.744s] -- Found PCL_SAMPLE_CONSENSUS: /usr/lib/aarch64-linux-gnu/libpcl_sample_consensus.so  
[30.744s] -- Found PCL_FILTERS: /usr/lib/aarch64-linux-gnu/libpcl_filters.so  
[30.744s] -- Found PCL_2D: /usr/include/pcl-1.12  
[30.744s] -- Found PCL_GEOMETRY: /usr/include/pcl-1.12  
[30.744s] -- Found PCL_IO: /usr/lib/aarch64-linux-gnu/libpcl_io.so  
[30.744s] -- Found PCL_FEATURES: /usr/lib/aarch64-linux-gnu/libpcl_features.so  
[30.745s] -- Found PCL_ML: /usr/lib/aarch64-linux-gnu/libpcl_ml.so  
[30.745s] -- Found PCL_SEGMENTATION: /usr/lib/aarch64-linux-gnu/libpcl_segmentation.so  
[30.745s] -- Found PCL_VISUALIZATION: /usr/lib/aarch64-linux-gnu/libpcl_visualization.so  
[30.745s] -- Found PCL_SURFACE: /usr/lib/aarch64-linux-gnu/libpcl_surface.so  
[30.745s] -- Found PCL_REGISTRATION: /usr/lib/aarch64-linux-gnu/libpcl_registration.so  
[30.745s] -- Found PCL_KEYPOINTS: /usr/lib/aarch64-linux-gnu/libpcl_keypoints.so  
[30.746s] -- Found PCL_TRACKING: /usr/lib/aarch64-linux-gnu/libpcl_tracking.so  
[30.746s] -- Found PCL_RECOGNITION: /usr/lib/aarch64-linux-gnu/libpcl_recognition.so  
[30.746s] -- Found PCL_STEREO: /usr/lib/aarch64-linux-gnu/libpcl_stereo.so  
[30.746s] -- Found PCL_APPS: /usr/lib/aarch64-linux-gnu/libpcl_apps.so  
[30.748s] -- Found PCL_IN_HAND_SCANNER: /usr/include/pcl-1.12  
[30.748s] -- Found PCL_MODELER: /usr/include/pcl-1.12  
[30.748s] -- Found PCL_POINT_CLOUD_EDITOR: /usr/include/pcl-1.12  
[30.749s] -- Found PCL_OUTOFCORE: /usr/lib/aarch64-linux-gnu/libpcl_outofcore.so  
[30.749s] -- Found PCL_PEOPLE: /usr/lib/aarch64-linux-gnu/libpcl_people.so  
[30.749s] -- Found eigen3_cmake_module: 0.1.1 (/opt/ros/humble/share/eigen3_cmake_module/cmake)
[30.749s] -- Found Eigen3: TRUE (found version "3.4.0") 
[30.749s] -- Ensuring Eigen3 include directory is part of orocos-kdl CMake target
[30.749s] -- Found livox_ros_driver2: 1.0.0 (/ws_livox/install/livox_ros_driver2/share/livox_ros_driver2/cmake)
[30.749s] -- Found rosidl_default_generators: 1.2.0 (/opt/ros/humble/share/rosidl_default_generators/cmake)
[30.750s] -- PCL: /usr/include/pcl-1.12
[30.750s] -- Found ament_cmake_ros: 0.10.0 (/opt/ros/humble/share/ament_cmake_ros/cmake)
[30.765s] -- Using all available rosidl_typesupport_c: rosidl_typesupport_fastrtps_c;rosidl_typesupport_introspection_c
[30.766s] -- Using all available rosidl_typesupport_cpp: rosidl_typesupport_fastrtps_cpp;rosidl_typesupport_introspection_cpp
[30.766s] -- Found PythonInterp: /usr/bin/python3 (found suitable version "3.10.12", minimum required is "3.6") 
[30.766s] -- Found python_cmake_module: 0.10.0 (/opt/ros/humble/share/python_cmake_module/cmake)
[30.766s] -- Found PythonLibs: /usr/lib/aarch64-linux-gnu/libpython3.10.so (found suitable version "3.10.12", minimum required is "3.5") 
[30.766s] -- Using PYTHON_EXECUTABLE: /usr/bin/python3
[30.766s] -- Using PYTHON_INCLUDE_DIRS: /usr/include/python3.10
[30.766s] -- Using PYTHON_LIBRARIES: /usr/lib/aarch64-linux-gnu/libpython3.10.so
[30.767s] -- Found PythonExtra: .so  
[30.767s] -- Configuring done
[30.767s] -- Generating done
[30.767s] -- Build files have been written to: /Pav-S_ws/build/fast_lio
[30.767s] [0mCurrent CPU archtecture: aarch64[0m
[30.767s] [33mCMake Warning (dev) at CMakeLists.txt:81 (find_package):
[30.768s]   Policy CMP0074 is not set: find_package uses <PackageName>_ROOT variables.
[30.768s]   Run "cmake --help-policy CMP0074" for policy details.  Use the cmake_policy
[30.768s]   command to set the policy and suppress this warning.
[30.768s] 
[30.768s]   CMake variable PCL_ROOT is set to:
[30.768s] 
[30.768s]     /usr
[30.768s] 
[30.768s]   For compatibility, CMake is ignoring the variable.
[30.769s] This warning is for project developers.  Use -Wno-dev to suppress it.
[30.769s] [0m
[30.769s] [0mEigen:/usr/include/eigen3[0m
[30.785s] Invoked command in '/Pav-S_ws/build/fast_lio' returned '0': CMAKE_PREFIX_PATH=${CMAKE_PREFIX_PATH}:/Pav-S_ws/install/yolo_detector:/Pav-S_ws/install/yolov5_lib:/Pav-S_ws/install/nav2_simple_commander:/opt/ros/humble /usr/bin/cmake /Pav-S_ws/src/FAST_LIO_ROS2 -DCMAKE_BUILD_TYPE=Release -DCMAKE_INSTALL_PREFIX=/Pav-S_ws/install/fast_lio
[30.808s] Invoking command in '/Pav-S_ws/build/fast_lio': CMAKE_PREFIX_PATH=${CMAKE_PREFIX_PATH}:/Pav-S_ws/install/yolo_detector:/Pav-S_ws/install/yolov5_lib:/Pav-S_ws/install/nav2_simple_commander:/opt/ros/humble /usr/bin/cmake --build /Pav-S_ws/build/fast_lio -- -j6 -l6
[31.227s] [  2%] [34m[1mGenerating C++ code for ROS interfaces[0m
[32.888s] [  2%] Built target fast_lio__cpp
[33.103s] [  2%] Built target ament_cmake_python_copy_fast_lio
[33.180s] [  5%] [34m[1mGenerating C++ introspection for ROS interfaces[0m
[34.739s] [  8%] [32mBuilding CXX object CMakeFiles/fast_lio__rosidl_typesupport_introspection_cpp.dir/rosidl_typesupport_introspection_cpp/fast_lio/msg/detail/pose6_d__type_support.cpp.o[0m
[36.551s] [ 11%] [32m[1mLinking CXX shared library libfast_lio__rosidl_typesupport_introspection_cpp.so[0m
[36.783s] [ 11%] Built target fast_lio__rosidl_typesupport_introspection_cpp
[37.877s] running egg_info
[37.879s] creating fast_lio.egg-info
[37.880s] writing fast_lio.egg-info/PKG-INFO
[37.882s] writing dependency_links to fast_lio.egg-info/dependency_links.txt
[37.884s] writing top-level names to fast_lio.egg-info/top_level.txt
[37.885s] writing manifest file 'fast_lio.egg-info/SOURCES.txt'
[37.890s] reading manifest file 'fast_lio.egg-info/SOURCES.txt'
[37.892s] writing manifest file 'fast_lio.egg-info/SOURCES.txt'
[38.015s] [ 11%] Built target ament_cmake_python_build_fast_lio_egg
[38.044s] [ 14%] [34m[1mGenerating C++ type support for eProsima Fast-RTPS[0m
[39.446s] [ 17%] [32mBuilding CXX object CMakeFiles/fast_lio__rosidl_typesupport_fastrtps_cpp.dir/rosidl_typesupport_fastrtps_cpp/fast_lio/msg/detail/dds_fastrtps/pose6_d__type_support.cpp.o[0m
[41.353s] [ 20%] [32m[1mLinking CXX shared library libfast_lio__rosidl_typesupport_fastrtps_cpp.so[0m
[41.724s] [ 20%] Built target fast_lio__rosidl_typesupport_fastrtps_cpp
[41.778s] [ 22%] [34m[1mGenerating C++ type support dispatch for ROS interfaces[0m
[42.925s] [ 25%] [32mBuilding CXX object CMakeFiles/fast_lio__rosidl_typesupport_cpp.dir/rosidl_typesupport_cpp/fast_lio/msg/pose6_d__type_support.cpp.o[0m
[44.099s] [ 28%] [32m[1mLinking CXX shared library libfast_lio__rosidl_typesupport_cpp.so[0m
[44.356s] [ 28%] Built target fast_lio__rosidl_typesupport_cpp
[44.443s] [ 31%] [34m[1mGenerating C code for ROS interfaces[0m
[45.656s] [ 34%] [32mBuilding C object CMakeFiles/fast_lio__rosidl_generator_c.dir/rosidl_generator_c/fast_lio/msg/detail/pose6_d__functions.c.o[0m
[46.217s] [ 37%] [32m[1mLinking C shared library libfast_lio__rosidl_generator_c.so[0m
[46.399s] [ 37%] Built target fast_lio__rosidl_generator_c
[46.543s] [ 40%] [32mBuilding CXX object CMakeFiles/fastlio_mapping.dir/src/laserMapping.cpp.o[0m
[76.396s] In file included from [01m[K/usr/include/boost/smart_ptr/detail/sp_thread_sleep.hpp:22[m[K,
[76.396s]                  from [01m[K/usr/include/boost/smart_ptr/detail/yield_k.hpp:23[m[K,
[76.397s]                  from [01m[K/usr/include/boost/smart_ptr/detail/spinlock_gcc_atomic.hpp:14[m[K,
[76.397s]                  from [01m[K/usr/include/boost/smart_ptr/detail/spinlock.hpp:42[m[K,
[76.397s]                  from [01m[K/usr/include/boost/smart_ptr/detail/spinlock_pool.hpp:25[m[K,
[76.397s]                  from [01m[K/usr/include/boost/smart_ptr/shared_ptr.hpp:29[m[K,
[76.397s]                  from [01m[K/usr/include/boost/shared_ptr.hpp:17[m[K,
[76.397s]                  from [01m[K/usr/include/boost/date_time/microsec_time_clock.hpp:18[m[K,
[76.397s]                  from [01m[K/usr/include/boost/interprocess/detail/posix_time_types_wrk.hpp:31[m[K,
[76.397s]                  from [01m[K/usr/include/boost/interprocess/detail/os_thread_functions.hpp:36[m[K,
[76.397s]                  from [01m[K/usr/include/boost/interprocess/sync/file_lock.hpp:26[m[K,
[76.398s]                  from [01m[K/usr/include/pcl-1.12/pcl/io/pcd_io.h:46[m[K,
[76.398s]                  from [01m[K/opt/ros/humble/include/pcl_conversions/pcl_conversions/pcl_conversions.h:73[m[K,
[76.398s]                  from [01m[K/Pav-S_ws/src/FAST_LIO_ROS2/src/IMU_Processing.hpp:18[m[K,
[76.398s]                  from [01m[K/Pav-S_ws/src/FAST_LIO_ROS2/src/laserMapping.cpp:47[m[K:
[76.398s] [01m[K/usr/include/boost/bind.hpp:36:1:[m[K [01;36m[Knote: [m[K‘[01m[K#pragma message: The practice of declaring the Bind placeholders (_1, _2, ...) in the global namespace is deprecated. Please use <boost/bind/bind.hpp> + using namespace boost::placeholders, or define BOOST_BIND_GLOBAL_PLACEHOLDERS to retain the current behavior.[m[K’
[76.398s]    36 | [01;36m[KBOOST_PRAGMA_MESSAGE[m[K(
[76.398s]       | [01;36m[K^~~~~~~~~~~~~~~~~~~~[m[K
[102.957s] In file included from [01m[K/Pav-S_ws/src/FAST_LIO_ROS2/include/IKFoM_toolkit/esekfom/../mtk/types/SOn.hpp:83[m[K,
[102.958s]                  from [01m[K/Pav-S_ws/src/FAST_LIO_ROS2/include/IKFoM_toolkit/esekfom/esekfom.hpp:49[m[K,
[102.958s]                  from [01m[K/Pav-S_ws/src/FAST_LIO_ROS2/include/use-ikfom.hpp:4[m[K,
[102.958s]                  from [01m[K/Pav-S_ws/src/FAST_LIO_ROS2/src/IMU_Processing.hpp:22[m[K,
[102.958s]                  from [01m[K/Pav-S_ws/src/FAST_LIO_ROS2/src/laserMapping.cpp:47[m[K:
[102.958s] /Pav-S_ws/src/FAST_LIO_ROS2/include/IKFoM_toolkit/esekfom/../mtk/types/../src/mtkmath.hpp: In instantiation of ‘[01m[Kstd::pair<_FIter, _FIter> MTK::cos_sinc_sqrt(const scalar&) [with scalar = double][m[K’:
[102.959s] [01m[K/Pav-S_ws/src/FAST_LIO_ROS2/include/IKFoM_toolkit/esekfom/../mtk/types/../src/mtkmath.hpp:252:52:[m[K   required from ‘[01m[Kscalar MTK::exp(MTK::vectview<scalar, dim>, MTK::vectview<const scalar, dim>, const scalar&) [with scalar = double; int n = 3][m[K’
[102.959s] [01m[K/Pav-S_ws/src/FAST_LIO_ROS2/include/IKFoM_toolkit/esekfom/../mtk/types/S2.hpp:140:32:[m[K   required from ‘[01m[Kvoid MTK::S2<_scalar, den, num, S2_typ>::boxplus(MTK::vectview<const _scalar, 2>, MTK::S2<_scalar, den, num, S2_typ>::scalar) [with _scalar = double; int den = 98090; int num = 10000; int S2_typ = 1; MTK::S2<_scalar, den, num, S2_typ>::scalar = double][m[K’
[102.959s] [01m[K/Pav-S_ws/src/FAST_LIO_ROS2/include/use-ikfom.hpp:12:1:[m[K   required from here
[102.959s] [01m[K/Pav-S_ws/src/FAST_LIO_ROS2/include/IKFoM_toolkit/esekfom/../mtk/types/../src/mtkmath.hpp:143:27:[m[K [01;36m[Knote: [m[Kparameter passing for argument of type ‘[01m[Kstd::pair<double, double>[m[K’ when C++17 is enabled changed to match C++14 ]8;;https://gcc.gnu.org/gcc-10/changes.html#empty_basein GCC 10.1]8;;
[102.959s]   143 | std::pair<scalar, scalar> [01;36m[Kcos_sinc_sqrt[m[K(const scalar &x2){
[102.959s]       |                           [01;36m[K^~~~~~~~~~~~~[m[K
[481.984s] [ 42%] [32mBuilding CXX object CMakeFiles/fastlio_mapping.dir/src/preprocess.cpp.o[0m
[501.105s] [ 45%] [32mBuilding CXX object CMakeFiles/fastlio_mapping.dir/include/ikd-Tree/ikd_Tree.cpp.o[0m
[512.399s] [ 48%] [32m[1mLinking CXX executable fastlio_mapping[0m
[515.744s] [ 48%] Built target fastlio_mapping
[515.772s] [ 51%] [34m[1mGenerating C type support dispatch for ROS interfaces[0m
[516.396s] [ 54%] [32mBuilding CXX object CMakeFiles/fast_lio__rosidl_typesupport_c.dir/rosidl_typesupport_c/fast_lio/msg/pose6_d__type_support.cpp.o[0m
[516.478s] [ 57%] [32m[1mLinking CXX shared library libfast_lio__rosidl_typesupport_c.so[0m
[516.566s] [ 57%] Built target fast_lio__rosidl_typesupport_c
[516.594s] [ 60%] [34m[1mGenerating C introspection for ROS interfaces[0m
[517.267s] [ 62%] [32mBuilding C object CMakeFiles/fast_lio__rosidl_typesupport_introspection_c.dir/rosidl_typesupport_introspection_c/fast_lio/msg/detail/pose6_d__type_support.c.o[0m
[517.406s] [ 65%] [32m[1mLinking C shared library libfast_lio__rosidl_typesupport_introspection_c.so[0m
[517.478s] [ 65%] Built target fast_lio__rosidl_typesupport_introspection_c
[517.506s] [ 68%] [34m[1mGenerating C type support for eProsima Fast-RTPS[0m
[518.182s] [ 71%] [32mBuilding CXX object CMakeFiles/fast_lio__rosidl_typesupport_fastrtps_c.dir/rosidl_typesupport_fastrtps_c/fast_lio/msg/detail/pose6_d__type_support_c.cpp.o[0m
[518.983s] [ 74%] [32m[1mLinking CXX shared library libfast_lio__rosidl_typesupport_fastrtps_c.so[0m
[519.161s] [ 74%] Built target fast_lio__rosidl_typesupport_fastrtps_c
[519.214s] [ 74%] Built target fast_lio
[519.268s] [ 77%] [34m[1mGenerating Python code for ROS interfaces[0m
[520.262s] [ 77%] Built target fast_lio__py
[520.317s] [ 80%] [32mBuilding C object CMakeFiles/fast_lio__rosidl_generator_py.dir/rosidl_generator_py/fast_lio/msg/_pose6_d_s.c.o[0m
[520.640s] [ 82%] [32m[1mLinking C shared library rosidl_generator_py/fast_lio/libfast_lio__rosidl_generator_py.so[0m
[520.726s] [ 82%] Built target fast_lio__rosidl_generator_py
[520.781s] [ 85%] [32mBuilding C object CMakeFiles/fast_lio__rosidl_typesupport_fastrtps_c__pyext.dir/rosidl_generator_py/fast_lio/_fast_lio_s.ep.rosidl_typesupport_fastrtps_c.c.o[0m
[521.035s] [ 88%] [32m[1mLinking C shared library rosidl_generator_py/fast_lio/fast_lio_s__rosidl_typesupport_fastrtps_c.cpython-310-aarch64-linux-gnu.so[0m
[521.113s] [ 88%] Built target fast_lio__rosidl_typesupport_fastrtps_c__pyext
[521.166s] [ 91%] [32mBuilding C object CMakeFiles/fast_lio__rosidl_typesupport_c__pyext.dir/rosidl_generator_py/fast_lio/_fast_lio_s.ep.rosidl_typesupport_c.c.o[0m
[521.410s] [ 94%] [32m[1mLinking C shared library rosidl_generator_py/fast_lio/fast_lio_s__rosidl_typesupport_c.cpython-310-aarch64-linux-gnu.so[0m
[521.486s] [ 94%] Built target fast_lio__rosidl_typesupport_c__pyext
[521.541s] [ 97%] [32mBuilding C object CMakeFiles/fast_lio__rosidl_typesupport_introspection_c__pyext.dir/rosidl_generator_py/fast_lio/_fast_lio_s.ep.rosidl_typesupport_introspection_c.c.o[0m
[521.787s] [100%] [32m[1mLinking C shared library rosidl_generator_py/fast_lio/fast_lio_s__rosidl_typesupport_introspection_c.cpython-310-aarch64-linux-gnu.so[0m
[521.864s] [100%] Built target fast_lio__rosidl_typesupport_introspection_c__pyext
[522.035s] Invoked command in '/Pav-S_ws/build/fast_lio' returned '0': CMAKE_PREFIX_PATH=${CMAKE_PREFIX_PATH}:/Pav-S_ws/install/yolo_detector:/Pav-S_ws/install/yolov5_lib:/Pav-S_ws/install/nav2_simple_commander:/opt/ros/humble /usr/bin/cmake --build /Pav-S_ws/build/fast_lio -- -j6 -l6
[522.068s] Invoking command in '/Pav-S_ws/build/fast_lio': CMAKE_PREFIX_PATH=${CMAKE_PREFIX_PATH}:/Pav-S_ws/install/yolo_detector:/Pav-S_ws/install/yolov5_lib:/Pav-S_ws/install/nav2_simple_commander:/opt/ros/humble /usr/bin/cmake --install /Pav-S_ws/build/fast_lio
[522.092s] -- Install configuration: "Release"
[522.094s] -- Installing: /Pav-S_ws/install/fast_lio/share/ament_index/resource_index/rosidl_interfaces/fast_lio
[522.094s] -- Installing: /Pav-S_ws/install/fast_lio/include/fast_lio/fast_lio
[522.095s] -- Installing: /Pav-S_ws/install/fast_lio/include/fast_lio/fast_lio/msg
[522.095s] -- Installing: /Pav-S_ws/install/fast_lio/include/fast_lio/fast_lio/msg/rosidl_generator_c__visibility_control.h
[522.095s] -- Installing: /Pav-S_ws/install/fast_lio/include/fast_lio/fast_lio/msg/pose6_d.h
[522.095s] -- Installing: /Pav-S_ws/install/fast_lio/include/fast_lio/fast_lio/msg/detail
[522.096s] -- Installing: /Pav-S_ws/install/fast_lio/include/fast_lio/fast_lio/msg/detail/pose6_d__struct.h
[522.096s] -- Installing: /Pav-S_ws/install/fast_lio/include/fast_lio/fast_lio/msg/detail/pose6_d__type_support.h
[522.096s] -- Installing: /Pav-S_ws/install/fast_lio/include/fast_lio/fast_lio/msg/detail/pose6_d__functions.c
[522.096s] -- Installing: /Pav-S_ws/install/fast_lio/include/fast_lio/fast_lio/msg/detail/pose6_d__functions.h
[522.097s] -- Installing: /Pav-S_ws/install/fast_lio/share/fast_lio/environment/library_path.sh
[522.098s] -- Installing: /Pav-S_ws/install/fast_lio/share/fast_lio/environment/library_path.dsv
[522.098s] -- Installing: /Pav-S_ws/install/fast_lio/lib/libfast_lio__rosidl_generator_c.so
[522.099s] -- Set runtime path of "/Pav-S_ws/install/fast_lio/lib/libfast_lio__rosidl_generator_c.so" to ""
[522.099s] -- Up-to-date: /Pav-S_ws/install/fast_lio/include/fast_lio/fast_lio
[522.099s] -- Up-to-date: /Pav-S_ws/install/fast_lio/include/fast_lio/fast_lio/msg
[522.099s] -- Installing: /Pav-S_ws/install/fast_lio/include/fast_lio/fast_lio/msg/rosidl_typesupport_fastrtps_c__visibility_control.h
[522.100s] -- Up-to-date: /Pav-S_ws/install/fast_lio/include/fast_lio/fast_lio/msg/detail
[522.100s] -- Installing: /Pav-S_ws/install/fast_lio/include/fast_lio/fast_lio/msg/detail/pose6_d__rosidl_typesupport_fastrtps_c.h
[522.100s] -- Installing: /Pav-S_ws/install/fast_lio/lib/libfast_lio__rosidl_typesupport_fastrtps_c.so
[522.100s] -- Set runtime path of "/Pav-S_ws/install/fast_lio/lib/libfast_lio__rosidl_typesupport_fastrtps_c.so" to ""
[522.100s] -- Up-to-date: /Pav-S_ws/install/fast_lio/include/fast_lio/fast_lio
[522.101s] -- Up-to-date: /Pav-S_ws/install/fast_lio/include/fast_lio/fast_lio/msg
[522.101s] -- Installing: /Pav-S_ws/install/fast_lio/include/fast_lio/fast_lio/msg/pose6_d.hpp
[522.101s] -- Installing: /Pav-S_ws/install/fast_lio/include/fast_lio/fast_lio/msg/rosidl_generator_cpp__visibility_control.hpp
[522.102s] -- Up-to-date: /Pav-S_ws/install/fast_lio/include/fast_lio/fast_lio/msg/detail
[522.102s] -- Installing: /Pav-S_ws/install/fast_lio/include/fast_lio/fast_lio/msg/detail/pose6_d__builder.hpp
[522.102s] -- Installing: /Pav-S_ws/install/fast_lio/include/fast_lio/fast_lio/msg/detail/pose6_d__traits.hpp
[522.103s] -- Installing: /Pav-S_ws/install/fast_lio/include/fast_lio/fast_lio/msg/detail/pose6_d__type_support.hpp
[522.103s] -- Installing: /Pav-S_ws/install/fast_lio/include/fast_lio/fast_lio/msg/detail/pose6_d__struct.hpp
[522.103s] -- Up-to-date: /Pav-S_ws/install/fast_lio/include/fast_lio/fast_lio
[522.103s] -- Up-to-date: /Pav-S_ws/install/fast_lio/include/fast_lio/fast_lio/msg
[522.104s] -- Up-to-date: /Pav-S_ws/install/fast_lio/include/fast_lio/fast_lio/msg/detail
[522.104s] -- Installing: /Pav-S_ws/install/fast_lio/include/fast_lio/fast_lio/msg/detail/pose6_d__rosidl_typesupport_fastrtps_cpp.hpp
[522.104s] -- Installing: /Pav-S_ws/install/fast_lio/include/fast_lio/fast_lio/msg/detail/dds_fastrtps
[522.104s] -- Installing: /Pav-S_ws/install/fast_lio/include/fast_lio/fast_lio/msg/rosidl_typesupport_fastrtps_cpp__visibility_control.h
[522.105s] -- Installing: /Pav-S_ws/install/fast_lio/lib/libfast_lio__rosidl_typesupport_fastrtps_cpp.so
[522.106s] -- Set runtime path of "/Pav-S_ws/install/fast_lio/lib/libfast_lio__rosidl_typesupport_fastrtps_cpp.so" to ""
[522.106s] -- Up-to-date: /Pav-S_ws/install/fast_lio/include/fast_lio/fast_lio
[522.107s] -- Up-to-date: /Pav-S_ws/install/fast_lio/include/fast_lio/fast_lio/msg
[522.107s] -- Installing: /Pav-S_ws/install/fast_lio/include/fast_lio/fast_lio/msg/rosidl_typesupport_introspection_c__visibility_control.h
[522.107s] -- Up-to-date: /Pav-S_ws/install/fast_lio/include/fast_lio/fast_lio/msg/detail
[522.107s] -- Installing: /Pav-S_ws/install/fast_lio/include/fast_lio/fast_lio/msg/detail/pose6_d__type_support.c
[522.107s] -- Installing: /Pav-S_ws/install/fast_lio/include/fast_lio/fast_lio/msg/detail/pose6_d__rosidl_typesupport_introspection_c.h
[522.108s] -- Installing: /Pav-S_ws/install/fast_lio/lib/libfast_lio__rosidl_typesupport_introspection_c.so
[522.108s] -- Set runtime path of "/Pav-S_ws/install/fast_lio/lib/libfast_lio__rosidl_typesupport_introspection_c.so" to ""
[522.108s] -- Installing: /Pav-S_ws/install/fast_lio/lib/libfast_lio__rosidl_typesupport_c.so
[522.108s] -- Set runtime path of "/Pav-S_ws/install/fast_lio/lib/libfast_lio__rosidl_typesupport_c.so" to ""
[522.108s] -- Up-to-date: /Pav-S_ws/install/fast_lio/include/fast_lio/fast_lio
[522.109s] -- Up-to-date: /Pav-S_ws/install/fast_lio/include/fast_lio/fast_lio/msg
[522.109s] -- Up-to-date: /Pav-S_ws/install/fast_lio/include/fast_lio/fast_lio/msg/detail
[522.109s] -- Installing: /Pav-S_ws/install/fast_lio/include/fast_lio/fast_lio/msg/detail/pose6_d__rosidl_typesupport_introspection_cpp.hpp
[522.109s] -- Installing: /Pav-S_ws/install/fast_lio/include/fast_lio/fast_lio/msg/detail/pose6_d__type_support.cpp
[522.110s] -- Installing: /Pav-S_ws/install/fast_lio/lib/libfast_lio__rosidl_typesupport_introspection_cpp.so
[522.111s] -- Set runtime path of "/Pav-S_ws/install/fast_lio/lib/libfast_lio__rosidl_typesupport_introspection_cpp.so" to ""
[522.111s] -- Installing: /Pav-S_ws/install/fast_lio/lib/libfast_lio__rosidl_typesupport_cpp.so
[522.112s] -- Set runtime path of "/Pav-S_ws/install/fast_lio/lib/libfast_lio__rosidl_typesupport_cpp.so" to ""
[522.112s] -- Installing: /Pav-S_ws/install/fast_lio/share/fast_lio/environment/pythonpath.sh
[522.112s] -- Installing: /Pav-S_ws/install/fast_lio/share/fast_lio/environment/pythonpath.dsv
[522.113s] -- Installing: /Pav-S_ws/install/fast_lio/local/lib/python3.10/dist-packages/fast_lio-0.0.0-py3.10.egg-info
[522.113s] -- Installing: /Pav-S_ws/install/fast_lio/local/lib/python3.10/dist-packages/fast_lio-0.0.0-py3.10.egg-info/dependency_links.txt
[522.114s] -- Installing: /Pav-S_ws/install/fast_lio/local/lib/python3.10/dist-packages/fast_lio-0.0.0-py3.10.egg-info/SOURCES.txt
[522.114s] -- Installing: /Pav-S_ws/install/fast_lio/local/lib/python3.10/dist-packages/fast_lio-0.0.0-py3.10.egg-info/PKG-INFO
[522.114s] -- Installing: /Pav-S_ws/install/fast_lio/local/lib/python3.10/dist-packages/fast_lio-0.0.0-py3.10.egg-info/top_level.txt
[522.115s] -- Installing: /Pav-S_ws/install/fast_lio/local/lib/python3.10/dist-packages/fast_lio
[522.115s] -- Installing: /Pav-S_ws/install/fast_lio/local/lib/python3.10/dist-packages/fast_lio/fast_lio_s__rosidl_typesupport_fastrtps_c.cpython-310-aarch64-linux-gnu.so
[522.115s] -- Installing: /Pav-S_ws/install/fast_lio/local/lib/python3.10/dist-packages/fast_lio/fast_lio_s__rosidl_typesupport_c.cpython-310-aarch64-linux-gnu.so
[522.115s] -- Installing: /Pav-S_ws/install/fast_lio/local/lib/python3.10/dist-packages/fast_lio/_fast_lio_s.ep.rosidl_typesupport_c.c
[522.115s] -- Installing: /Pav-S_ws/install/fast_lio/local/lib/python3.10/dist-packages/fast_lio/_fast_lio_s.ep.rosidl_typesupport_introspection_c.c
[522.116s] -- Installing: /Pav-S_ws/install/fast_lio/local/lib/python3.10/dist-packages/fast_lio/msg
[522.116s] -- Installing: /Pav-S_ws/install/fast_lio/local/lib/python3.10/dist-packages/fast_lio/msg/_pose6_d.py
[522.116s] -- Installing: /Pav-S_ws/install/fast_lio/local/lib/python3.10/dist-packages/fast_lio/msg/__init__.py
[522.116s] -- Installing: /Pav-S_ws/install/fast_lio/local/lib/python3.10/dist-packages/fast_lio/msg/_pose6_d_s.c
[522.116s] -- Installing: /Pav-S_ws/install/fast_lio/local/lib/python3.10/dist-packages/fast_lio/__init__.py
[522.117s] -- Installing: /Pav-S_ws/install/fast_lio/local/lib/python3.10/dist-packages/fast_lio/fast_lio_s__rosidl_typesupport_introspection_c.cpython-310-aarch64-linux-gnu.so
[522.117s] -- Installing: /Pav-S_ws/install/fast_lio/local/lib/python3.10/dist-packages/fast_lio/libfast_lio__rosidl_generator_py.so
[522.117s] -- Installing: /Pav-S_ws/install/fast_lio/local/lib/python3.10/dist-packages/fast_lio/_fast_lio_s.ep.rosidl_typesupport_fastrtps_c.c
[522.204s] Listing '/Pav-S_ws/install/fast_lio/local/lib/python3.10/dist-packages/fast_lio'...
[522.204s] Compiling '/Pav-S_ws/install/fast_lio/local/lib/python3.10/dist-packages/fast_lio/__init__.py'...
[522.204s] Listing '/Pav-S_ws/install/fast_lio/local/lib/python3.10/dist-packages/fast_lio/msg'...
[522.204s] Compiling '/Pav-S_ws/install/fast_lio/local/lib/python3.10/dist-packages/fast_lio/msg/__init__.py'...
[522.205s] Compiling '/Pav-S_ws/install/fast_lio/local/lib/python3.10/dist-packages/fast_lio/msg/_pose6_d.py'...
[522.216s] -- Installing: /Pav-S_ws/install/fast_lio/local/lib/python3.10/dist-packages/fast_lio/fast_lio_s__rosidl_typesupport_fastrtps_c.cpython-310-aarch64-linux-gnu.so
[522.216s] -- Set runtime path of "/Pav-S_ws/install/fast_lio/local/lib/python3.10/dist-packages/fast_lio/fast_lio_s__rosidl_typesupport_fastrtps_c.cpython-310-aarch64-linux-gnu.so" to ""
[522.217s] -- Installing: /Pav-S_ws/install/fast_lio/local/lib/python3.10/dist-packages/fast_lio/fast_lio_s__rosidl_typesupport_introspection_c.cpython-310-aarch64-linux-gnu.so
[522.217s] -- Set runtime path of "/Pav-S_ws/install/fast_lio/local/lib/python3.10/dist-packages/fast_lio/fast_lio_s__rosidl_typesupport_introspection_c.cpython-310-aarch64-linux-gnu.so" to ""
[522.218s] -- Installing: /Pav-S_ws/install/fast_lio/local/lib/python3.10/dist-packages/fast_lio/fast_lio_s__rosidl_typesupport_c.cpython-310-aarch64-linux-gnu.so
[522.218s] -- Set runtime path of "/Pav-S_ws/install/fast_lio/local/lib/python3.10/dist-packages/fast_lio/fast_lio_s__rosidl_typesupport_c.cpython-310-aarch64-linux-gnu.so" to ""
[522.219s] -- Installing: /Pav-S_ws/install/fast_lio/lib/libfast_lio__rosidl_generator_py.so
[522.220s] -- Set runtime path of "/Pav-S_ws/install/fast_lio/lib/libfast_lio__rosidl_generator_py.so" to ""
[522.220s] -- Installing: /Pav-S_ws/install/fast_lio/share/fast_lio/msg/Pose6D.idl
[522.220s] -- Installing: /Pav-S_ws/install/fast_lio/share/fast_lio/msg/Pose6D.msg
[522.221s] -- Installing: /Pav-S_ws/install/fast_lio/lib/fast_lio/fastlio_mapping
[522.229s] -- Set runtime path of "/Pav-S_ws/install/fast_lio/lib/fast_lio/fastlio_mapping" to ""
[522.229s] -- Installing: /Pav-S_ws/install/fast_lio/share/fast_lio/config
[522.230s] -- Installing: /Pav-S_ws/install/fast_lio/share/fast_lio/config/mid360.yaml
[522.230s] -- Installing: /Pav-S_ws/install/fast_lio/share/fast_lio/config/horizon.yaml
[522.231s] -- Installing: /Pav-S_ws/install/fast_lio/share/fast_lio/config/ouster64.yaml
[522.231s] -- Installing: /Pav-S_ws/install/fast_lio/share/fast_lio/config/avia.yaml
[522.232s] -- Installing: /Pav-S_ws/install/fast_lio/share/fast_lio/config/velodyne.yaml
[522.232s] -- Installing: /Pav-S_ws/install/fast_lio/share/fast_lio/launch
[522.233s] -- Installing: /Pav-S_ws/install/fast_lio/share/fast_lio/launch/mapping.launch.py
[522.234s] -- Installing: /Pav-S_ws/install/fast_lio/share/fast_lio/launch/gdb_debug_example.launch
[522.234s] -- Installing: /Pav-S_ws/install/fast_lio/share/fast_lio/rviz
[522.234s] -- Installing: /Pav-S_ws/install/fast_lio/share/fast_lio/rviz/fastlio.rviz
[522.236s] -- Installing: /Pav-S_ws/install/fast_lio/share/ament_index/resource_index/package_run_dependencies/fast_lio
[522.236s] -- Installing: /Pav-S_ws/install/fast_lio/share/ament_index/resource_index/parent_prefix_path/fast_lio
[522.238s] -- Installing: /Pav-S_ws/install/fast_lio/share/fast_lio/environment/ament_prefix_path.sh
[522.239s] -- Installing: /Pav-S_ws/install/fast_lio/share/fast_lio/environment/ament_prefix_path.dsv
[522.239s] -- Installing: /Pav-S_ws/install/fast_lio/share/fast_lio/environment/path.sh
[522.240s] -- Installing: /Pav-S_ws/install/fast_lio/share/fast_lio/environment/path.dsv
[522.240s] -- Installing: /Pav-S_ws/install/fast_lio/share/fast_lio/local_setup.bash
[522.241s] -- Installing: /Pav-S_ws/install/fast_lio/share/fast_lio/local_setup.sh
[522.241s] -- Installing: /Pav-S_ws/install/fast_lio/share/fast_lio/local_setup.zsh
[522.241s] -- Installing: /Pav-S_ws/install/fast_lio/share/fast_lio/local_setup.dsv
[522.242s] -- Installing: /Pav-S_ws/install/fast_lio/share/fast_lio/package.dsv
[522.243s] -- Installing: /Pav-S_ws/install/fast_lio/share/ament_index/resource_index/packages/fast_lio
[522.244s] -- Installing: /Pav-S_ws/install/fast_lio/share/fast_lio/cmake/export_fast_lio__rosidl_generator_cExport.cmake
[522.244s] -- Installing: /Pav-S_ws/install/fast_lio/share/fast_lio/cmake/export_fast_lio__rosidl_generator_cExport-release.cmake
[522.245s] -- Installing: /Pav-S_ws/install/fast_lio/share/fast_lio/cmake/export_fast_lio__rosidl_typesupport_fastrtps_cExport.cmake
[522.246s] -- Installing: /Pav-S_ws/install/fast_lio/share/fast_lio/cmake/export_fast_lio__rosidl_typesupport_fastrtps_cExport-release.cmake
[522.246s] -- Installing: /Pav-S_ws/install/fast_lio/share/fast_lio/cmake/export_fast_lio__rosidl_generator_cppExport.cmake
[522.247s] -- Installing: /Pav-S_ws/install/fast_lio/share/fast_lio/cmake/export_fast_lio__rosidl_typesupport_fastrtps_cppExport.cmake
[522.247s] -- Installing: /Pav-S_ws/install/fast_lio/share/fast_lio/cmake/export_fast_lio__rosidl_typesupport_fastrtps_cppExport-release.cmake
[522.248s] -- Installing: /Pav-S_ws/install/fast_lio/share/fast_lio/cmake/fast_lio__rosidl_typesupport_introspection_cExport.cmake
[522.248s] -- Installing: /Pav-S_ws/install/fast_lio/share/fast_lio/cmake/fast_lio__rosidl_typesupport_introspection_cExport-release.cmake
[522.249s] -- Installing: /Pav-S_ws/install/fast_lio/share/fast_lio/cmake/fast_lio__rosidl_typesupport_cExport.cmake
[522.249s] -- Installing: /Pav-S_ws/install/fast_lio/share/fast_lio/cmake/fast_lio__rosidl_typesupport_cExport-release.cmake
[522.249s] -- Installing: /Pav-S_ws/install/fast_lio/share/fast_lio/cmake/fast_lio__rosidl_typesupport_introspection_cppExport.cmake
[522.250s] -- Installing: /Pav-S_ws/install/fast_lio/share/fast_lio/cmake/fast_lio__rosidl_typesupport_introspection_cppExport-release.cmake
[522.250s] -- Installing: /Pav-S_ws/install/fast_lio/share/fast_lio/cmake/fast_lio__rosidl_typesupport_cppExport.cmake
[522.251s] -- Installing: /Pav-S_ws/install/fast_lio/share/fast_lio/cmake/fast_lio__rosidl_typesupport_cppExport-release.cmake
[522.251s] -- Installing: /Pav-S_ws/install/fast_lio/share/fast_lio/cmake/export_fast_lio__rosidl_generator_pyExport.cmake
[522.252s] -- Installing: /Pav-S_ws/install/fast_lio/share/fast_lio/cmake/export_fast_lio__rosidl_generator_pyExport-release.cmake
[522.252s] -- Installing: /Pav-S_ws/install/fast_lio/share/fast_lio/cmake/rosidl_cmake-extras.cmake
[522.253s] -- Installing: /Pav-S_ws/install/fast_lio/share/fast_lio/cmake/ament_cmake_export_include_directories-extras.cmake
[522.253s] -- Installing: /Pav-S_ws/install/fast_lio/share/fast_lio/cmake/ament_cmake_export_libraries-extras.cmake
[522.254s] -- Installing: /Pav-S_ws/install/fast_lio/share/fast_lio/cmake/ament_cmake_export_targets-extras.cmake
[522.254s] -- Installing: /Pav-S_ws/install/fast_lio/share/fast_lio/cmake/rosidl_cmake_export_typesupport_targets-extras.cmake
[522.254s] -- Installing: /Pav-S_ws/install/fast_lio/share/fast_lio/cmake/ament_cmake_export_dependencies-extras.cmake
[522.255s] -- Installing: /Pav-S_ws/install/fast_lio/share/fast_lio/cmake/rosidl_cmake_export_typesupport_libraries-extras.cmake
[522.255s] -- Installing: /Pav-S_ws/install/fast_lio/share/fast_lio/cmake/fast_lioConfig.cmake
[522.256s] -- Installing: /Pav-S_ws/install/fast_lio/share/fast_lio/cmake/fast_lioConfig-version.cmake
[522.256s] -- Installing: /Pav-S_ws/install/fast_lio/share/fast_lio/package.xml
[522.275s] Invoked command in '/Pav-S_ws/build/fast_lio' returned '0': CMAKE_PREFIX_PATH=${CMAKE_PREFIX_PATH}:/Pav-S_ws/install/yolo_detector:/Pav-S_ws/install/yolov5_lib:/Pav-S_ws/install/nav2_simple_commander:/opt/ros/humble /usr/bin/cmake --install /Pav-S_ws/build/fast_lio
