[0.794s] Invoking command in '/Pav-S_ws/build/navigation_manager': CMAKE_PREFIX_PATH=/Pav-S_ws/install/nav2_msgs:/Pav-S_ws/install/nav2_common:/Pav-S_ws/install/nav2_behavior_tree:/Pav-S_ws/install/nav2_dwb_controller:/Pav-S_ws/install/nav2_controller:/Pav-S_ws/install/nav2_planner:/Pav-S_ws/install/dwb_plugins:/Pav-S_ws/install/dwb_critics:/Pav-S_ws/install/dwb_core:/Pav-S_ws/install/nav_2d_utils:/Pav-S_ws/install/nav2_core:/Pav-S_ws/install/costmap_queue:/Pav-S_ws/install/nav2_costmap_2d:/Pav-S_ws/install/nav2_map_server:/Pav-S_ws/install/nav2_lifecycle_manager:/ws_livox/install/pointcloud_to_laserscan:/ws_livox/install/livox_ros_driver2:/Pav-S_ws/install/wheeltec_robot_urdf:/Pav-S_ws/install/turn_on_wheeltec_robot:/Pav-S_ws/install/wheeltec_robot_msg:/Pav-S_ws/install/usb_cam:/Pav-S_ws/install/serial:/Pav-S_ws/install/robot_kcf:/Pav-S_ws/install/dwb_msgs:/Pav-S_ws/install/nav_2d_msgs:/Pav-S_ws/install/nav2_voxel_grid:/Pav-S_ws/install/nav2_util:/Pav-S_ws/install/libuvc:/Pav-S_ws/install/fast_lio:/Pav-S_ws/install/astra_camera:/Pav-S_ws/install/astra_camera_msgs:/Pav-S_ws/install/yolo_detector:/Pav-S_ws/install/yolov5_lib:/Pav-S_ws/install/nav2_simple_commander:/opt/ros/humble LD_LIBRARY_PATH=/Pav-S_ws/install/nav2_msgs/lib:/Pav-S_ws/install/nav2_behavior_tree/lib:/Pav-S_ws/install/nav2_controller/lib:/Pav-S_ws/install/nav2_planner/lib:/Pav-S_ws/install/dwb_plugins/lib:/Pav-S_ws/install/dwb_critics/lib:/Pav-S_ws/install/dwb_core/lib:/Pav-S_ws/install/nav_2d_utils/lib:/Pav-S_ws/install/costmap_queue/lib:/Pav-S_ws/install/nav2_costmap_2d/lib:/Pav-S_ws/install/nav2_map_server/lib:/Pav-S_ws/install/nav2_lifecycle_manager/lib:/usr/local/cuda-12.2/lib64:/ws_livox/install/pointcloud_to_laserscan/lib:/ws_livox/install/livox_ros_driver2/lib:/Pav-S_ws/install/turn_on_wheeltec_robot/lib:/Pav-S_ws/install/wheeltec_robot_msg/lib:/Pav-S_ws/install/usb_cam/lib:/Pav-S_ws/install/serial/lib:/Pav-S_ws/install/dwb_msgs/lib:/Pav-S_ws/install/nav_2d_msgs/lib:/Pav-S_ws/install/nav2_voxel_grid/lib:/Pav-S_ws/install/nav2_util/lib:/Pav-S_ws/install/libuvc/lib:/Pav-S_ws/install/fast_lio/lib:/Pav-S_ws/install/astra_camera/lib:/Pav-S_ws/install/astra_camera_msgs/lib:/opt/ros/humble/opt/rviz_ogre_vendor/lib:/opt/ros/humble/lib/aarch64-linux-gnu:/opt/ros/humble/lib:/usr/local/cuda-12.2/lib64 /usr/bin/cmake /Pav-S_ws/src/navigation2-humble/navigation_manager -DCMAKE_INSTALL_PREFIX=/Pav-S_ws/install/navigation_manager
[0.829s] -- Found ament_cmake: 1.3.12 (/opt/ros/humble/share/ament_cmake/cmake)
[1.146s] -- Found rclcpp: 16.0.15 (/opt/ros/humble/share/rclcpp/cmake)
[1.227s] -- Found rosidl_generator_c: 3.1.7 (/opt/ros/humble/share/rosidl_generator_c/cmake)
[1.231s] -- Found rosidl_adapter: 3.1.7 (/opt/ros/humble/share/rosidl_adapter/cmake)
[1.242s] -- Found rosidl_generator_cpp: 3.1.7 (/opt/ros/humble/share/rosidl_generator_cpp/cmake)
[1.262s] -- Using all available rosidl_typesupport_c: rosidl_typesupport_fastrtps_c;rosidl_typesupport_introspection_c
[1.286s] -- Using all available rosidl_typesupport_cpp: rosidl_typesupport_fastrtps_cpp;rosidl_typesupport_introspection_cpp
[1.347s] -- Found rmw_implementation_cmake: 6.1.2 (/opt/ros/humble/share/rmw_implementation_cmake/cmake)
[1.351s] -- Found rmw_fastrtps_cpp: 6.2.8 (/opt/ros/humble/share/rmw_fastrtps_cpp/cmake)
[1.587s] -- Using RMW implementation 'rmw_fastrtps_cpp' as default
[1.701s] -- Found geometry_msgs: 4.9.0 (/opt/ros/humble/share/geometry_msgs/cmake)
[1.727s] -- Found nav2_msgs: 1.1.18 (/Pav-S_ws/install/nav2_msgs/share/nav2_msgs/cmake)
[1.890s] -- Found nav2_costmap_2d: 1.1.18 (/Pav-S_ws/install/nav2_costmap_2d/share/nav2_costmap_2d/cmake)
[2.210s] -- Ensuring Eigen3 include directory is part of orocos-kdl CMake target
[2.481s] -- Found nav2_dwb_controller: 1.1.18 (/Pav-S_ws/install/nav2_dwb_controller/share/nav2_dwb_controller/cmake)
[2.481s] -- Found nav2_behavior_tree: 1.1.18 (/Pav-S_ws/install/nav2_behavior_tree/share/nav2_behavior_tree/cmake)
[2.581s] [31mCMake Error at /opt/ros/humble/share/ament_cmake_target_dependencies/cmake/ament_target_dependencies.cmake:77 (message):
[2.582s]   ament_target_dependencies() the passed package name 'behaviortree_timing'
[2.582s]   was not found before
[2.582s] Call Stack (most recent call first):
[2.582s]   CMakeLists.txt:41 (ament_target_dependencies)
[2.582s] 
[2.582s] [0m
[2.582s] -- Configuring incomplete, errors occurred!
[2.583s] See also "/Pav-S_ws/build/navigation_manager/CMakeFiles/CMakeOutput.log".
[2.615s] Invoked command in '/Pav-S_ws/build/navigation_manager' returned '1': CMAKE_PREFIX_PATH=/Pav-S_ws/install/nav2_msgs:/Pav-S_ws/install/nav2_common:/Pav-S_ws/install/nav2_behavior_tree:/Pav-S_ws/install/nav2_dwb_controller:/Pav-S_ws/install/nav2_controller:/Pav-S_ws/install/nav2_planner:/Pav-S_ws/install/dwb_plugins:/Pav-S_ws/install/dwb_critics:/Pav-S_ws/install/dwb_core:/Pav-S_ws/install/nav_2d_utils:/Pav-S_ws/install/nav2_core:/Pav-S_ws/install/costmap_queue:/Pav-S_ws/install/nav2_costmap_2d:/Pav-S_ws/install/nav2_map_server:/Pav-S_ws/install/nav2_lifecycle_manager:/ws_livox/install/pointcloud_to_laserscan:/ws_livox/install/livox_ros_driver2:/Pav-S_ws/install/wheeltec_robot_urdf:/Pav-S_ws/install/turn_on_wheeltec_robot:/Pav-S_ws/install/wheeltec_robot_msg:/Pav-S_ws/install/usb_cam:/Pav-S_ws/install/serial:/Pav-S_ws/install/robot_kcf:/Pav-S_ws/install/dwb_msgs:/Pav-S_ws/install/nav_2d_msgs:/Pav-S_ws/install/nav2_voxel_grid:/Pav-S_ws/install/nav2_util:/Pav-S_ws/install/libuvc:/Pav-S_ws/install/fast_lio:/Pav-S_ws/install/astra_camera:/Pav-S_ws/install/astra_camera_msgs:/Pav-S_ws/install/yolo_detector:/Pav-S_ws/install/yolov5_lib:/Pav-S_ws/install/nav2_simple_commander:/opt/ros/humble LD_LIBRARY_PATH=/Pav-S_ws/install/nav2_msgs/lib:/Pav-S_ws/install/nav2_behavior_tree/lib:/Pav-S_ws/install/nav2_controller/lib:/Pav-S_ws/install/nav2_planner/lib:/Pav-S_ws/install/dwb_plugins/lib:/Pav-S_ws/install/dwb_critics/lib:/Pav-S_ws/install/dwb_core/lib:/Pav-S_ws/install/nav_2d_utils/lib:/Pav-S_ws/install/costmap_queue/lib:/Pav-S_ws/install/nav2_costmap_2d/lib:/Pav-S_ws/install/nav2_map_server/lib:/Pav-S_ws/install/nav2_lifecycle_manager/lib:/usr/local/cuda-12.2/lib64:/ws_livox/install/pointcloud_to_laserscan/lib:/ws_livox/install/livox_ros_driver2/lib:/Pav-S_ws/install/turn_on_wheeltec_robot/lib:/Pav-S_ws/install/wheeltec_robot_msg/lib:/Pav-S_ws/install/usb_cam/lib:/Pav-S_ws/install/serial/lib:/Pav-S_ws/install/dwb_msgs/lib:/Pav-S_ws/install/nav_2d_msgs/lib:/Pav-S_ws/install/nav2_voxel_grid/lib:/Pav-S_ws/install/nav2_util/lib:/Pav-S_ws/install/libuvc/lib:/Pav-S_ws/install/fast_lio/lib:/Pav-S_ws/install/astra_camera/lib:/Pav-S_ws/install/astra_camera_msgs/lib:/opt/ros/humble/opt/rviz_ogre_vendor/lib:/opt/ros/humble/lib/aarch64-linux-gnu:/opt/ros/humble/lib:/usr/local/cuda-12.2/lib64 /usr/bin/cmake /Pav-S_ws/src/navigation2-humble/navigation_manager -DCMAKE_INSTALL_PREFIX=/Pav-S_ws/install/navigation_manager
