[0.103s] Invoking command in '/Pav-S_ws/build/nav2_controller': CMAKE_PREFIX_PATH=/Pav-S_ws/install/nav2_core:/Pav-S_ws/install/nav2_costmap_2d:/Pav-S_ws/install/nav_2d_utils:/Pav-S_ws/install/nav2_map_server:/Pav-S_ws/install/nav2_lifecycle_manager:/Pav-S_ws/install/nav2_util:/Pav-S_ws/install/nav2_voxel_grid:/Pav-S_ws/install/nav2_msgs:/Pav-S_ws/install/nav_2d_msgs:/Pav-S_ws/install/nav2_common:/Pav-S_ws/install/nav2_behavior_tree:/Pav-S_ws/install/nav2_dwb_controller:/Pav-S_ws/install/nav2_controller:/Pav-S_ws/install/nav2_planner:/Pav-S_ws/install/dwb_plugins:/Pav-S_ws/install/dwb_critics:/Pav-S_ws/install/dwb_core:/Pav-S_ws/install/costmap_queue:/ws_livox/install/pointcloud_to_laserscan:/ws_livox/install/livox_ros_driver2:/Pav-S_ws/install/wheeltec_robot_urdf:/Pav-S_ws/install/turn_on_wheeltec_robot:/Pav-S_ws/install/wheeltec_robot_msg:/Pav-S_ws/install/usb_cam:/Pav-S_ws/install/serial:/Pav-S_ws/install/robot_kcf:/Pav-S_ws/install/dwb_msgs:/Pav-S_ws/install/libuvc:/Pav-S_ws/install/fast_lio:/Pav-S_ws/install/astra_camera:/Pav-S_ws/install/astra_camera_msgs:/Pav-S_ws/install/yolo_detector:/Pav-S_ws/install/yolov5_lib:/Pav-S_ws/install/nav2_simple_commander:/opt/ros/humble LD_LIBRARY_PATH=/Pav-S_ws/install/nav2_costmap_2d/lib:/Pav-S_ws/install/nav_2d_utils/lib:/Pav-S_ws/install/nav2_map_server/lib:/Pav-S_ws/install/nav2_lifecycle_manager/lib:/Pav-S_ws/install/nav2_util/lib:/Pav-S_ws/install/nav2_voxel_grid/lib:/Pav-S_ws/install/nav2_msgs/lib:/Pav-S_ws/install/nav_2d_msgs/lib:/Pav-S_ws/install/nav2_behavior_tree/lib:/Pav-S_ws/install/nav2_controller/lib:/Pav-S_ws/install/nav2_planner/lib:/Pav-S_ws/install/dwb_plugins/lib:/Pav-S_ws/install/dwb_critics/lib:/Pav-S_ws/install/dwb_core/lib:/Pav-S_ws/install/costmap_queue/lib:/usr/local/cuda-12.2/lib64:/ws_livox/install/pointcloud_to_laserscan/lib:/ws_livox/install/livox_ros_driver2/lib:/Pav-S_ws/install/turn_on_wheeltec_robot/lib:/Pav-S_ws/install/wheeltec_robot_msg/lib:/Pav-S_ws/install/usb_cam/lib:/Pav-S_ws/install/serial/lib:/Pav-S_ws/install/dwb_msgs/lib:/Pav-S_ws/install/libuvc/lib:/Pav-S_ws/install/fast_lio/lib:/Pav-S_ws/install/astra_camera/lib:/Pav-S_ws/install/astra_camera_msgs/lib:/opt/ros/humble/opt/rviz_ogre_vendor/lib:/opt/ros/humble/lib/aarch64-linux-gnu:/opt/ros/humble/lib:/usr/local/cuda-12.2/lib64 /usr/bin/cmake --build /Pav-S_ws/build/nav2_controller -- -j6 -l6
[0.382s] [  8%] Built target simple_progress_checker
[0.386s] [ 16%] Built target simple_goal_checker
[0.398s] [ 25%] Built target controller_server_core
[0.415s] [ 33%] Built target gtest
[0.422s] [ 41%] Built target gtest_main
[0.424s] [ 50%] Built target position_goal_checker
[0.502s] [ 58%] Built target pose_progress_checker
[0.537s] [ 66%] Built target stopped_goal_checker
[0.576s] [ 75%] Built target test_dynamic_parameters
[0.596s] [ 83%] Built target controller_server
[0.651s] [ 91%] Built target pctest
[0.653s] [100%] Built target gctest
[0.763s] Invoked command in '/Pav-S_ws/build/nav2_controller' returned '0': CMAKE_PREFIX_PATH=/Pav-S_ws/install/nav2_core:/Pav-S_ws/install/nav2_costmap_2d:/Pav-S_ws/install/nav_2d_utils:/Pav-S_ws/install/nav2_map_server:/Pav-S_ws/install/nav2_lifecycle_manager:/Pav-S_ws/install/nav2_util:/Pav-S_ws/install/nav2_voxel_grid:/Pav-S_ws/install/nav2_msgs:/Pav-S_ws/install/nav_2d_msgs:/Pav-S_ws/install/nav2_common:/Pav-S_ws/install/nav2_behavior_tree:/Pav-S_ws/install/nav2_dwb_controller:/Pav-S_ws/install/nav2_controller:/Pav-S_ws/install/nav2_planner:/Pav-S_ws/install/dwb_plugins:/Pav-S_ws/install/dwb_critics:/Pav-S_ws/install/dwb_core:/Pav-S_ws/install/costmap_queue:/ws_livox/install/pointcloud_to_laserscan:/ws_livox/install/livox_ros_driver2:/Pav-S_ws/install/wheeltec_robot_urdf:/Pav-S_ws/install/turn_on_wheeltec_robot:/Pav-S_ws/install/wheeltec_robot_msg:/Pav-S_ws/install/usb_cam:/Pav-S_ws/install/serial:/Pav-S_ws/install/robot_kcf:/Pav-S_ws/install/dwb_msgs:/Pav-S_ws/install/libuvc:/Pav-S_ws/install/fast_lio:/Pav-S_ws/install/astra_camera:/Pav-S_ws/install/astra_camera_msgs:/Pav-S_ws/install/yolo_detector:/Pav-S_ws/install/yolov5_lib:/Pav-S_ws/install/nav2_simple_commander:/opt/ros/humble LD_LIBRARY_PATH=/Pav-S_ws/install/nav2_costmap_2d/lib:/Pav-S_ws/install/nav_2d_utils/lib:/Pav-S_ws/install/nav2_map_server/lib:/Pav-S_ws/install/nav2_lifecycle_manager/lib:/Pav-S_ws/install/nav2_util/lib:/Pav-S_ws/install/nav2_voxel_grid/lib:/Pav-S_ws/install/nav2_msgs/lib:/Pav-S_ws/install/nav_2d_msgs/lib:/Pav-S_ws/install/nav2_behavior_tree/lib:/Pav-S_ws/install/nav2_controller/lib:/Pav-S_ws/install/nav2_planner/lib:/Pav-S_ws/install/dwb_plugins/lib:/Pav-S_ws/install/dwb_critics/lib:/Pav-S_ws/install/dwb_core/lib:/Pav-S_ws/install/costmap_queue/lib:/usr/local/cuda-12.2/lib64:/ws_livox/install/pointcloud_to_laserscan/lib:/ws_livox/install/livox_ros_driver2/lib:/Pav-S_ws/install/turn_on_wheeltec_robot/lib:/Pav-S_ws/install/wheeltec_robot_msg/lib:/Pav-S_ws/install/usb_cam/lib:/Pav-S_ws/install/serial/lib:/Pav-S_ws/install/dwb_msgs/lib:/Pav-S_ws/install/libuvc/lib:/Pav-S_ws/install/fast_lio/lib:/Pav-S_ws/install/astra_camera/lib:/Pav-S_ws/install/astra_camera_msgs/lib:/opt/ros/humble/opt/rviz_ogre_vendor/lib:/opt/ros/humble/lib/aarch64-linux-gnu:/opt/ros/humble/lib:/usr/local/cuda-12.2/lib64 /usr/bin/cmake --build /Pav-S_ws/build/nav2_controller -- -j6 -l6
[0.766s] Invoking command in '/Pav-S_ws/build/nav2_controller': CMAKE_PREFIX_PATH=/Pav-S_ws/install/nav2_core:/Pav-S_ws/install/nav2_costmap_2d:/Pav-S_ws/install/nav_2d_utils:/Pav-S_ws/install/nav2_map_server:/Pav-S_ws/install/nav2_lifecycle_manager:/Pav-S_ws/install/nav2_util:/Pav-S_ws/install/nav2_voxel_grid:/Pav-S_ws/install/nav2_msgs:/Pav-S_ws/install/nav_2d_msgs:/Pav-S_ws/install/nav2_common:/Pav-S_ws/install/nav2_behavior_tree:/Pav-S_ws/install/nav2_dwb_controller:/Pav-S_ws/install/nav2_controller:/Pav-S_ws/install/nav2_planner:/Pav-S_ws/install/dwb_plugins:/Pav-S_ws/install/dwb_critics:/Pav-S_ws/install/dwb_core:/Pav-S_ws/install/costmap_queue:/ws_livox/install/pointcloud_to_laserscan:/ws_livox/install/livox_ros_driver2:/Pav-S_ws/install/wheeltec_robot_urdf:/Pav-S_ws/install/turn_on_wheeltec_robot:/Pav-S_ws/install/wheeltec_robot_msg:/Pav-S_ws/install/usb_cam:/Pav-S_ws/install/serial:/Pav-S_ws/install/robot_kcf:/Pav-S_ws/install/dwb_msgs:/Pav-S_ws/install/libuvc:/Pav-S_ws/install/fast_lio:/Pav-S_ws/install/astra_camera:/Pav-S_ws/install/astra_camera_msgs:/Pav-S_ws/install/yolo_detector:/Pav-S_ws/install/yolov5_lib:/Pav-S_ws/install/nav2_simple_commander:/opt/ros/humble LD_LIBRARY_PATH=/Pav-S_ws/install/nav2_costmap_2d/lib:/Pav-S_ws/install/nav_2d_utils/lib:/Pav-S_ws/install/nav2_map_server/lib:/Pav-S_ws/install/nav2_lifecycle_manager/lib:/Pav-S_ws/install/nav2_util/lib:/Pav-S_ws/install/nav2_voxel_grid/lib:/Pav-S_ws/install/nav2_msgs/lib:/Pav-S_ws/install/nav_2d_msgs/lib:/Pav-S_ws/install/nav2_behavior_tree/lib:/Pav-S_ws/install/nav2_controller/lib:/Pav-S_ws/install/nav2_planner/lib:/Pav-S_ws/install/dwb_plugins/lib:/Pav-S_ws/install/dwb_critics/lib:/Pav-S_ws/install/dwb_core/lib:/Pav-S_ws/install/costmap_queue/lib:/usr/local/cuda-12.2/lib64:/ws_livox/install/pointcloud_to_laserscan/lib:/ws_livox/install/livox_ros_driver2/lib:/Pav-S_ws/install/turn_on_wheeltec_robot/lib:/Pav-S_ws/install/wheeltec_robot_msg/lib:/Pav-S_ws/install/usb_cam/lib:/Pav-S_ws/install/serial/lib:/Pav-S_ws/install/dwb_msgs/lib:/Pav-S_ws/install/libuvc/lib:/Pav-S_ws/install/fast_lio/lib:/Pav-S_ws/install/astra_camera/lib:/Pav-S_ws/install/astra_camera_msgs/lib:/opt/ros/humble/opt/rviz_ogre_vendor/lib:/opt/ros/humble/lib/aarch64-linux-gnu:/opt/ros/humble/lib:/usr/local/cuda-12.2/lib64 /usr/bin/cmake --install /Pav-S_ws/build/nav2_controller
[0.790s] -- Install configuration: "Release"
[0.792s] -- Up-to-date: /Pav-S_ws/install/nav2_controller/lib/libsimple_progress_checker.so
[0.794s] -- Up-to-date: /Pav-S_ws/install/nav2_controller/lib/libpose_progress_checker.so
[0.795s] -- Up-to-date: /Pav-S_ws/install/nav2_controller/lib/libsimple_goal_checker.so
[0.795s] -- Up-to-date: /Pav-S_ws/install/nav2_controller/lib/libstopped_goal_checker.so
[0.796s] -- Up-to-date: /Pav-S_ws/install/nav2_controller/lib/libposition_goal_checker.so
[0.797s] -- Up-to-date: /Pav-S_ws/install/nav2_controller/lib/libcontroller_server_core.so
[0.798s] -- Up-to-date: /Pav-S_ws/install/nav2_controller/lib/nav2_controller/controller_server
[0.799s] -- Up-to-date: /Pav-S_ws/install/nav2_controller/include/
[0.799s] -- Up-to-date: /Pav-S_ws/install/nav2_controller/include//nav2_controller
[0.799s] -- Up-to-date: /Pav-S_ws/install/nav2_controller/include//nav2_controller/controller_server.hpp
[0.799s] -- Up-to-date: /Pav-S_ws/install/nav2_controller/include//nav2_controller/plugins
[0.799s] -- Up-to-date: /Pav-S_ws/install/nav2_controller/include//nav2_controller/plugins/simple_progress_checker.hpp
[0.800s] -- Up-to-date: /Pav-S_ws/install/nav2_controller/include//nav2_controller/plugins/stopped_goal_checker.hpp
[0.802s] -- Up-to-date: /Pav-S_ws/install/nav2_controller/include//nav2_controller/plugins/simple_goal_checker.hpp
[0.802s] -- Up-to-date: /Pav-S_ws/install/nav2_controller/include//nav2_controller/plugins/pose_progress_checker.hpp
[0.802s] -- Up-to-date: /Pav-S_ws/install/nav2_controller/include//nav2_controller/plugins/position_goal_checker.hpp
[0.802s] -- Up-to-date: /Pav-S_ws/install/nav2_controller/share/nav2_controller/environment/library_path.sh
[0.803s] -- Up-to-date: /Pav-S_ws/install/nav2_controller/share/nav2_controller/environment/library_path.dsv
[0.803s] -- Up-to-date: /Pav-S_ws/install/nav2_controller/share/nav2_controller/plugins.xml
[0.803s] -- Up-to-date: /Pav-S_ws/install/nav2_controller/share/ament_index/resource_index/package_run_dependencies/nav2_controller
[0.803s] -- Up-to-date: /Pav-S_ws/install/nav2_controller/share/ament_index/resource_index/parent_prefix_path/nav2_controller
[0.804s] -- Up-to-date: /Pav-S_ws/install/nav2_controller/share/nav2_controller/environment/ament_prefix_path.sh
[0.804s] -- Up-to-date: /Pav-S_ws/install/nav2_controller/share/nav2_controller/environment/ament_prefix_path.dsv
[0.804s] -- Up-to-date: /Pav-S_ws/install/nav2_controller/share/nav2_controller/environment/path.sh
[0.804s] -- Up-to-date: /Pav-S_ws/install/nav2_controller/share/nav2_controller/environment/path.dsv
[0.804s] -- Up-to-date: /Pav-S_ws/install/nav2_controller/share/nav2_controller/local_setup.bash
[0.804s] -- Up-to-date: /Pav-S_ws/install/nav2_controller/share/nav2_controller/local_setup.sh
[0.804s] -- Up-to-date: /Pav-S_ws/install/nav2_controller/share/nav2_controller/local_setup.zsh
[0.804s] -- Up-to-date: /Pav-S_ws/install/nav2_controller/share/nav2_controller/local_setup.dsv
[0.805s] -- Installing: /Pav-S_ws/install/nav2_controller/share/nav2_controller/package.dsv
[0.805s] -- Up-to-date: /Pav-S_ws/install/nav2_controller/share/ament_index/resource_index/packages/nav2_controller
[0.805s] -- Up-to-date: /Pav-S_ws/install/nav2_controller/share/ament_index/resource_index/nav2_core__pluginlib__plugin/nav2_controller
[0.805s] -- Up-to-date: /Pav-S_ws/install/nav2_controller/share/ament_index/resource_index/rclcpp_components/nav2_controller
[0.806s] -- Up-to-date: /Pav-S_ws/install/nav2_controller/share/nav2_controller/cmake/ament_cmake_export_include_directories-extras.cmake
[0.806s] -- Up-to-date: /Pav-S_ws/install/nav2_controller/share/nav2_controller/cmake/ament_cmake_export_libraries-extras.cmake
[0.806s] -- Up-to-date: /Pav-S_ws/install/nav2_controller/share/nav2_controller/cmake/ament_cmake_export_dependencies-extras.cmake
[0.807s] -- Up-to-date: /Pav-S_ws/install/nav2_controller/share/nav2_controller/cmake/nav2_controllerConfig.cmake
[0.807s] -- Up-to-date: /Pav-S_ws/install/nav2_controller/share/nav2_controller/cmake/nav2_controllerConfig-version.cmake
[0.807s] -- Up-to-date: /Pav-S_ws/install/nav2_controller/share/nav2_controller/package.xml
[0.821s] Invoked command in '/Pav-S_ws/build/nav2_controller' returned '0': CMAKE_PREFIX_PATH=/Pav-S_ws/install/nav2_core:/Pav-S_ws/install/nav2_costmap_2d:/Pav-S_ws/install/nav_2d_utils:/Pav-S_ws/install/nav2_map_server:/Pav-S_ws/install/nav2_lifecycle_manager:/Pav-S_ws/install/nav2_util:/Pav-S_ws/install/nav2_voxel_grid:/Pav-S_ws/install/nav2_msgs:/Pav-S_ws/install/nav_2d_msgs:/Pav-S_ws/install/nav2_common:/Pav-S_ws/install/nav2_behavior_tree:/Pav-S_ws/install/nav2_dwb_controller:/Pav-S_ws/install/nav2_controller:/Pav-S_ws/install/nav2_planner:/Pav-S_ws/install/dwb_plugins:/Pav-S_ws/install/dwb_critics:/Pav-S_ws/install/dwb_core:/Pav-S_ws/install/costmap_queue:/ws_livox/install/pointcloud_to_laserscan:/ws_livox/install/livox_ros_driver2:/Pav-S_ws/install/wheeltec_robot_urdf:/Pav-S_ws/install/turn_on_wheeltec_robot:/Pav-S_ws/install/wheeltec_robot_msg:/Pav-S_ws/install/usb_cam:/Pav-S_ws/install/serial:/Pav-S_ws/install/robot_kcf:/Pav-S_ws/install/dwb_msgs:/Pav-S_ws/install/libuvc:/Pav-S_ws/install/fast_lio:/Pav-S_ws/install/astra_camera:/Pav-S_ws/install/astra_camera_msgs:/Pav-S_ws/install/yolo_detector:/Pav-S_ws/install/yolov5_lib:/Pav-S_ws/install/nav2_simple_commander:/opt/ros/humble LD_LIBRARY_PATH=/Pav-S_ws/install/nav2_costmap_2d/lib:/Pav-S_ws/install/nav_2d_utils/lib:/Pav-S_ws/install/nav2_map_server/lib:/Pav-S_ws/install/nav2_lifecycle_manager/lib:/Pav-S_ws/install/nav2_util/lib:/Pav-S_ws/install/nav2_voxel_grid/lib:/Pav-S_ws/install/nav2_msgs/lib:/Pav-S_ws/install/nav_2d_msgs/lib:/Pav-S_ws/install/nav2_behavior_tree/lib:/Pav-S_ws/install/nav2_controller/lib:/Pav-S_ws/install/nav2_planner/lib:/Pav-S_ws/install/dwb_plugins/lib:/Pav-S_ws/install/dwb_critics/lib:/Pav-S_ws/install/dwb_core/lib:/Pav-S_ws/install/costmap_queue/lib:/usr/local/cuda-12.2/lib64:/ws_livox/install/pointcloud_to_laserscan/lib:/ws_livox/install/livox_ros_driver2/lib:/Pav-S_ws/install/turn_on_wheeltec_robot/lib:/Pav-S_ws/install/wheeltec_robot_msg/lib:/Pav-S_ws/install/usb_cam/lib:/Pav-S_ws/install/serial/lib:/Pav-S_ws/install/dwb_msgs/lib:/Pav-S_ws/install/libuvc/lib:/Pav-S_ws/install/fast_lio/lib:/Pav-S_ws/install/astra_camera/lib:/Pav-S_ws/install/astra_camera_msgs/lib:/opt/ros/humble/opt/rviz_ogre_vendor/lib:/opt/ros/humble/lib/aarch64-linux-gnu:/opt/ros/humble/lib:/usr/local/cuda-12.2/lib64 /usr/bin/cmake --install /Pav-S_ws/build/nav2_controller
