[0.125s] Invoking command in '/Pav-S_ws/build/nav2_behavior_tree': CMAKE_PREFIX_PATH=/Pav-S_ws/install/nav2_util:/Pav-S_ws/install/nav2_msgs:/Pav-S_ws/install/nav2_common:/Pav-S_ws/install/nav2_behavior_tree:/Pav-S_ws/install/nav2_dwb_controller:/Pav-S_ws/install/nav2_controller:/Pav-S_ws/install/nav2_planner:/Pav-S_ws/install/dwb_plugins:/Pav-S_ws/install/dwb_critics:/Pav-S_ws/install/dwb_core:/Pav-S_ws/install/nav_2d_utils:/Pav-S_ws/install/nav2_core:/Pav-S_ws/install/costmap_queue:/Pav-S_ws/install/nav2_costmap_2d:/Pav-S_ws/install/nav2_map_server:/Pav-S_ws/install/nav2_lifecycle_manager:/ws_livox/install/pointcloud_to_laserscan:/ws_livox/install/livox_ros_driver2:/Pav-S_ws/install/wheeltec_robot_urdf:/Pav-S_ws/install/turn_on_wheeltec_robot:/Pav-S_ws/install/wheeltec_robot_msg:/Pav-S_ws/install/usb_cam:/Pav-S_ws/install/serial:/Pav-S_ws/install/robot_kcf:/Pav-S_ws/install/dwb_msgs:/Pav-S_ws/install/nav_2d_msgs:/Pav-S_ws/install/nav2_voxel_grid:/Pav-S_ws/install/libuvc:/Pav-S_ws/install/fast_lio:/Pav-S_ws/install/astra_camera:/Pav-S_ws/install/astra_camera_msgs:/Pav-S_ws/install/yolo_detector:/Pav-S_ws/install/yolov5_lib:/Pav-S_ws/install/nav2_simple_commander:/opt/ros/humble LD_LIBRARY_PATH=/Pav-S_ws/install/nav2_util/lib:/Pav-S_ws/install/nav2_msgs/lib:/Pav-S_ws/install/nav2_behavior_tree/lib:/Pav-S_ws/install/nav2_controller/lib:/Pav-S_ws/install/nav2_planner/lib:/Pav-S_ws/install/dwb_plugins/lib:/Pav-S_ws/install/dwb_critics/lib:/Pav-S_ws/install/dwb_core/lib:/Pav-S_ws/install/nav_2d_utils/lib:/Pav-S_ws/install/costmap_queue/lib:/Pav-S_ws/install/nav2_costmap_2d/lib:/Pav-S_ws/install/nav2_map_server/lib:/Pav-S_ws/install/nav2_lifecycle_manager/lib:/usr/local/cuda-12.2/lib64:/ws_livox/install/pointcloud_to_laserscan/lib:/ws_livox/install/livox_ros_driver2/lib:/Pav-S_ws/install/turn_on_wheeltec_robot/lib:/Pav-S_ws/install/wheeltec_robot_msg/lib:/Pav-S_ws/install/usb_cam/lib:/Pav-S_ws/install/serial/lib:/Pav-S_ws/install/dwb_msgs/lib:/Pav-S_ws/install/nav_2d_msgs/lib:/Pav-S_ws/install/nav2_voxel_grid/lib:/Pav-S_ws/install/libuvc/lib:/Pav-S_ws/install/fast_lio/lib:/Pav-S_ws/install/astra_camera/lib:/Pav-S_ws/install/astra_camera_msgs/lib:/opt/ros/humble/opt/rviz_ogre_vendor/lib:/opt/ros/humble/lib/aarch64-linux-gnu:/opt/ros/humble/lib:/usr/local/cuda-12.2/lib64 /usr/bin/cmake --build /Pav-S_ws/build/nav2_behavior_tree -- -j6 -l6
[0.435s] [  1%] Built target nav2_behavior_tree
[0.473s] [  2%] Built target nav2_controller_cancel_bt_node
[0.518s] [  3%] Built target nav2_compute_path_to_pose_action_bt_node
[0.520s] [  4%] Built target nav2_compute_path_through_poses_action_bt_node
[0.523s] [  5%] Built target nav2_spin_cancel_bt_node
[0.547s] [  6%] Built target nav2_wait_cancel_bt_node
[0.633s] [  7%] Built target nav2_back_up_cancel_bt_node
[0.639s] [  7%] Built target nav2_smooth_path_action_bt_node
[0.679s] [  8%] Built target nav2_drive_on_heading_cancel_bt_node
[0.690s] [  9%] Built target nav2_assisted_teleop_cancel_bt_node
[0.713s] [ 10%] Built target nav2_back_up_action_bt_node
[0.721s] [ 11%] Built target nav2_follow_path_action_bt_node
[0.821s] [ 12%] Built target nav2_wait_action_bt_node
[0.844s] [ 13%] Built target nav2_spin_action_bt_node
[0.858s] [ 14%] Built target nav2_drive_on_heading_bt_node
[0.863s] [ 15%] Built target nav2_assisted_teleop_action_bt_node
[0.866s] [ 16%] Built target nav2_clear_costmap_service_bt_node
[0.892s] [ 17%] Built target nav2_is_stuck_condition_bt_node
[1.001s] [ 18%] Built target nav2_transform_available_condition_bt_node
[1.013s] [ 19%] Built target nav2_goal_reached_condition_bt_node
[1.040s] [ 20%] Built target nav2_is_path_valid_condition_bt_node
[1.046s] [ 21%] Built target nav2_globally_updated_goal_condition_bt_node
[1.053s] [ 22%] Built target nav2_time_expired_condition_bt_node
[1.070s] [ 22%] Built target nav2_goal_updated_condition_bt_node
[1.201s] [ 23%] Built target nav2_distance_traveled_condition_bt_node
[1.209s] [ 24%] Built target nav2_path_expiring_timer_condition
[1.226s] [ 26%] Built target nav2_is_battery_charging_condition_bt_node
[1.227s] [ 25%] Built target nav2_is_battery_low_condition_bt_node
[1.235s] [ 27%] Built target nav2_initial_pose_received_condition_bt_node
[1.245s] [ 28%] Built target nav2_reinitialize_global_localization_service_bt_node
[1.357s] [ 29%] Built target nav2_rate_controller_bt_node
[1.364s] [ 30%] Built target nav2_distance_controller_bt_node
[1.374s] [ 31%] Built target nav2_speed_controller_bt_node
[1.382s] [ 32%] Built target nav2_goal_updater_node_bt_node
[1.382s] [ 33%] Built target nav2_truncate_path_action_bt_node
[1.392s] [ 34%] Built target nav2_truncate_path_local_action_bt_node
[1.477s] [ 35%] Built target nav2_recovery_node_bt_node
[1.492s] [ 36%] Built target nav2_path_longer_on_approach_bt_node
[1.499s] [ 37%] Built target nav2_navigate_to_pose_action_bt_node
[1.500s] [ 38%] Built target nav2_navigate_through_poses_action_bt_node
[1.519s] [ 39%] Built target nav2_remove_passed_goals_action_bt_node
[1.550s] [ 40%] Built target nav2_get_pose_from_path_action_bt_node
[1.584s] [ 41%] Built target nav2_pipeline_sequence_bt_node
[1.610s] [ 42%] Built target nav2_round_robin_node_bt_node
[1.639s] [ 43%] Built target nav2_controller_selector_bt_node
[1.639s] [ 44%] Built target nav2_single_trigger_bt_node
[1.654s] [ 45%] Built target nav2_planner_selector_bt_node
[1.655s] [ 46%] Built target nav2_smoother_selector_bt_node
[1.725s] [ 47%] Built target gtest_main
[1.731s] [ 48%] Built target nav2_progress_checker_selector_bt_node
[1.749s] [ 49%] Built target nav2_goal_checker_selector_bt_node
[1.750s] [ 49%] Built target gtest
[1.752s] [ 50%] Built target nav2_goal_updated_controller_bt_node
[1.824s] [ 51%] Built target test_bt_conversions
[1.833s] [ 52%] Built target test_condition_distance_traveled
[1.835s] [ 52%] Built target test_condition_time_expired
[1.860s] [ 53%] Built target test_condition_path_expiring_timer
[1.864s] [ 54%] Built target test_condition_goal_reached
[1.880s] [ 55%] Built target test_condition_goal_updated
[1.910s] [ 56%] Built target test_condition_globally_updated_goal
[1.932s] [ 57%] Built target test_condition_initial_pose_received
[1.952s] [ 58%] Built target test_condition_is_stuck
[1.954s] [ 59%] Built target test_condition_transform_available
[1.962s] [ 60%] Built target test_condition_is_battery_charging
[1.969s] [ 61%] Built target test_condition_is_battery_low
[2.015s] [ 62%] Built target test_condition_is_path_valid
[2.032s] [ 63%] Built target test_decorator_speed_controller
[2.032s] [ 64%] Built target test_decorator_distance_controller
[2.052s] [ 65%] Built target test_single_trigger_node
[2.052s] [ 66%] Built target test_decorator_rate_controller
[2.063s] [ 67%] Built target test_goal_updater_node
[2.100s] [ 68%] Built target test_goal_updated_controller
[2.117s] [ 69%] Built target test_decorator_path_longer_on_approach
[2.142s] [ 70%] Built target test_control_recovery_node
[2.150s] [ 71%] Built target test_control_pipeline_sequence
[2.155s] [ 72%] Built target test_control_round_robin_node
[2.161s] [ 73%] Built target test_bt_action_node
[2.184s] [ 74%] Built target test_action_spin_action
[2.224s] [ 75%] Built target test_action_back_up_action
[2.236s] [ 76%] Built target test_action_drive_on_heading
[2.251s] [ 77%] Built target test_action_wait_action
[2.251s] [ 78%] Built target test_action_controller_cancel_action
[2.255s] [ 79%] Built target test_action_assisted_teleop_action
[2.271s] [ 80%] Built target test_action_wait_cancel_action
[2.318s] [ 81%] Built target test_action_spin_cancel_action
[2.329s] [ 82%] Built target test_action_back_up_cancel_action
[2.335s] [ 83%] Built target test_action_drive_on_heading_cancel_action
[2.338s] [ 84%] Built target test_action_assisted_teleop_cancel_action
[2.359s] [ 85%] Built target test_action_clear_costmap_service
[2.377s] [ 86%] Built target test_action_reinitialize_global_localization_service
[2.407s] [ 87%] Built target test_action_compute_path_to_pose_action
[2.423s] [ 88%] Built target test_action_compute_path_through_poses_action
[2.431s] [ 89%] Built target test_action_smooth_path_action
[2.431s] [ 89%] Built target test_action_follow_path_action
[2.446s] [ 90%] Built target test_action_navigate_to_pose_action
[2.481s] [ 91%] Built target test_action_navigate_through_poses_action
[2.506s] [ 92%] Built target test_truncate_path_action
[2.520s] [ 93%] Built target test_truncate_path_local_action
[2.537s] [ 94%] Built target test_planner_selector_node
[2.539s] [ 95%] Built target test_remove_passed_goals_action
[2.549s] [ 96%] Built target test_get_pose_from_path_action
[2.569s] [ 97%] Built target test_controller_selector_node
[2.588s] [ 98%] Built target test_smoother_selector_node
[2.614s] [100%] Built target test_progress_checker_selector_node
[2.614s] [100%] Built target test_goal_checker_selector_node
[2.650s] Invoked command in '/Pav-S_ws/build/nav2_behavior_tree' returned '0': CMAKE_PREFIX_PATH=/Pav-S_ws/install/nav2_util:/Pav-S_ws/install/nav2_msgs:/Pav-S_ws/install/nav2_common:/Pav-S_ws/install/nav2_behavior_tree:/Pav-S_ws/install/nav2_dwb_controller:/Pav-S_ws/install/nav2_controller:/Pav-S_ws/install/nav2_planner:/Pav-S_ws/install/dwb_plugins:/Pav-S_ws/install/dwb_critics:/Pav-S_ws/install/dwb_core:/Pav-S_ws/install/nav_2d_utils:/Pav-S_ws/install/nav2_core:/Pav-S_ws/install/costmap_queue:/Pav-S_ws/install/nav2_costmap_2d:/Pav-S_ws/install/nav2_map_server:/Pav-S_ws/install/nav2_lifecycle_manager:/ws_livox/install/pointcloud_to_laserscan:/ws_livox/install/livox_ros_driver2:/Pav-S_ws/install/wheeltec_robot_urdf:/Pav-S_ws/install/turn_on_wheeltec_robot:/Pav-S_ws/install/wheeltec_robot_msg:/Pav-S_ws/install/usb_cam:/Pav-S_ws/install/serial:/Pav-S_ws/install/robot_kcf:/Pav-S_ws/install/dwb_msgs:/Pav-S_ws/install/nav_2d_msgs:/Pav-S_ws/install/nav2_voxel_grid:/Pav-S_ws/install/libuvc:/Pav-S_ws/install/fast_lio:/Pav-S_ws/install/astra_camera:/Pav-S_ws/install/astra_camera_msgs:/Pav-S_ws/install/yolo_detector:/Pav-S_ws/install/yolov5_lib:/Pav-S_ws/install/nav2_simple_commander:/opt/ros/humble LD_LIBRARY_PATH=/Pav-S_ws/install/nav2_util/lib:/Pav-S_ws/install/nav2_msgs/lib:/Pav-S_ws/install/nav2_behavior_tree/lib:/Pav-S_ws/install/nav2_controller/lib:/Pav-S_ws/install/nav2_planner/lib:/Pav-S_ws/install/dwb_plugins/lib:/Pav-S_ws/install/dwb_critics/lib:/Pav-S_ws/install/dwb_core/lib:/Pav-S_ws/install/nav_2d_utils/lib:/Pav-S_ws/install/costmap_queue/lib:/Pav-S_ws/install/nav2_costmap_2d/lib:/Pav-S_ws/install/nav2_map_server/lib:/Pav-S_ws/install/nav2_lifecycle_manager/lib:/usr/local/cuda-12.2/lib64:/ws_livox/install/pointcloud_to_laserscan/lib:/ws_livox/install/livox_ros_driver2/lib:/Pav-S_ws/install/turn_on_wheeltec_robot/lib:/Pav-S_ws/install/wheeltec_robot_msg/lib:/Pav-S_ws/install/usb_cam/lib:/Pav-S_ws/install/serial/lib:/Pav-S_ws/install/dwb_msgs/lib:/Pav-S_ws/install/nav_2d_msgs/lib:/Pav-S_ws/install/nav2_voxel_grid/lib:/Pav-S_ws/install/libuvc/lib:/Pav-S_ws/install/fast_lio/lib:/Pav-S_ws/install/astra_camera/lib:/Pav-S_ws/install/astra_camera_msgs/lib:/opt/ros/humble/opt/rviz_ogre_vendor/lib:/opt/ros/humble/lib/aarch64-linux-gnu:/opt/ros/humble/lib:/usr/local/cuda-12.2/lib64 /usr/bin/cmake --build /Pav-S_ws/build/nav2_behavior_tree -- -j6 -l6
[2.658s] Invoking command in '/Pav-S_ws/build/nav2_behavior_tree': CMAKE_PREFIX_PATH=/Pav-S_ws/install/nav2_util:/Pav-S_ws/install/nav2_msgs:/Pav-S_ws/install/nav2_common:/Pav-S_ws/install/nav2_behavior_tree:/Pav-S_ws/install/nav2_dwb_controller:/Pav-S_ws/install/nav2_controller:/Pav-S_ws/install/nav2_planner:/Pav-S_ws/install/dwb_plugins:/Pav-S_ws/install/dwb_critics:/Pav-S_ws/install/dwb_core:/Pav-S_ws/install/nav_2d_utils:/Pav-S_ws/install/nav2_core:/Pav-S_ws/install/costmap_queue:/Pav-S_ws/install/nav2_costmap_2d:/Pav-S_ws/install/nav2_map_server:/Pav-S_ws/install/nav2_lifecycle_manager:/ws_livox/install/pointcloud_to_laserscan:/ws_livox/install/livox_ros_driver2:/Pav-S_ws/install/wheeltec_robot_urdf:/Pav-S_ws/install/turn_on_wheeltec_robot:/Pav-S_ws/install/wheeltec_robot_msg:/Pav-S_ws/install/usb_cam:/Pav-S_ws/install/serial:/Pav-S_ws/install/robot_kcf:/Pav-S_ws/install/dwb_msgs:/Pav-S_ws/install/nav_2d_msgs:/Pav-S_ws/install/nav2_voxel_grid:/Pav-S_ws/install/libuvc:/Pav-S_ws/install/fast_lio:/Pav-S_ws/install/astra_camera:/Pav-S_ws/install/astra_camera_msgs:/Pav-S_ws/install/yolo_detector:/Pav-S_ws/install/yolov5_lib:/Pav-S_ws/install/nav2_simple_commander:/opt/ros/humble LD_LIBRARY_PATH=/Pav-S_ws/install/nav2_util/lib:/Pav-S_ws/install/nav2_msgs/lib:/Pav-S_ws/install/nav2_behavior_tree/lib:/Pav-S_ws/install/nav2_controller/lib:/Pav-S_ws/install/nav2_planner/lib:/Pav-S_ws/install/dwb_plugins/lib:/Pav-S_ws/install/dwb_critics/lib:/Pav-S_ws/install/dwb_core/lib:/Pav-S_ws/install/nav_2d_utils/lib:/Pav-S_ws/install/costmap_queue/lib:/Pav-S_ws/install/nav2_costmap_2d/lib:/Pav-S_ws/install/nav2_map_server/lib:/Pav-S_ws/install/nav2_lifecycle_manager/lib:/usr/local/cuda-12.2/lib64:/ws_livox/install/pointcloud_to_laserscan/lib:/ws_livox/install/livox_ros_driver2/lib:/Pav-S_ws/install/turn_on_wheeltec_robot/lib:/Pav-S_ws/install/wheeltec_robot_msg/lib:/Pav-S_ws/install/usb_cam/lib:/Pav-S_ws/install/serial/lib:/Pav-S_ws/install/dwb_msgs/lib:/Pav-S_ws/install/nav_2d_msgs/lib:/Pav-S_ws/install/nav2_voxel_grid/lib:/Pav-S_ws/install/libuvc/lib:/Pav-S_ws/install/fast_lio/lib:/Pav-S_ws/install/astra_camera/lib:/Pav-S_ws/install/astra_camera_msgs/lib:/opt/ros/humble/opt/rviz_ogre_vendor/lib:/opt/ros/humble/lib/aarch64-linux-gnu:/opt/ros/humble/lib:/usr/local/cuda-12.2/lib64 /usr/bin/cmake --install /Pav-S_ws/build/nav2_behavior_tree
[2.684s] -- Install configuration: "Release"
[2.684s] -- Up-to-date: /Pav-S_ws/install/nav2_behavior_tree/lib/libnav2_behavior_tree.so
[2.685s] -- Up-to-date: /Pav-S_ws/install/nav2_behavior_tree/lib/libnav2_compute_path_to_pose_action_bt_node.so
[2.685s] -- Up-to-date: /Pav-S_ws/install/nav2_behavior_tree/lib/libnav2_compute_path_through_poses_action_bt_node.so
[2.686s] -- Up-to-date: /Pav-S_ws/install/nav2_behavior_tree/lib/libnav2_controller_cancel_bt_node.so
[2.686s] -- Up-to-date: /Pav-S_ws/install/nav2_behavior_tree/lib/libnav2_wait_cancel_bt_node.so
[2.687s] -- Up-to-date: /Pav-S_ws/install/nav2_behavior_tree/lib/libnav2_spin_cancel_bt_node.so
[2.687s] -- Up-to-date: /Pav-S_ws/install/nav2_behavior_tree/lib/libnav2_back_up_cancel_bt_node.so
[2.688s] -- Up-to-date: /Pav-S_ws/install/nav2_behavior_tree/lib/libnav2_assisted_teleop_cancel_bt_node.so
[2.688s] -- Up-to-date: /Pav-S_ws/install/nav2_behavior_tree/lib/libnav2_drive_on_heading_cancel_bt_node.so
[2.689s] -- Up-to-date: /Pav-S_ws/install/nav2_behavior_tree/lib/libnav2_smooth_path_action_bt_node.so
[2.689s] -- Up-to-date: /Pav-S_ws/install/nav2_behavior_tree/lib/libnav2_follow_path_action_bt_node.so
[2.690s] -- Up-to-date: /Pav-S_ws/install/nav2_behavior_tree/lib/libnav2_back_up_action_bt_node.so
[2.690s] -- Up-to-date: /Pav-S_ws/install/nav2_behavior_tree/lib/libnav2_drive_on_heading_bt_node.so
[2.691s] -- Up-to-date: /Pav-S_ws/install/nav2_behavior_tree/lib/libnav2_spin_action_bt_node.so
[2.691s] -- Up-to-date: /Pav-S_ws/install/nav2_behavior_tree/lib/libnav2_wait_action_bt_node.so
[2.692s] -- Up-to-date: /Pav-S_ws/install/nav2_behavior_tree/lib/libnav2_assisted_teleop_action_bt_node.so
[2.692s] -- Up-to-date: /Pav-S_ws/install/nav2_behavior_tree/lib/libnav2_clear_costmap_service_bt_node.so
[2.693s] -- Up-to-date: /Pav-S_ws/install/nav2_behavior_tree/lib/libnav2_is_stuck_condition_bt_node.so
[2.694s] -- Up-to-date: /Pav-S_ws/install/nav2_behavior_tree/lib/libnav2_transform_available_condition_bt_node.so
[2.694s] -- Up-to-date: /Pav-S_ws/install/nav2_behavior_tree/lib/libnav2_goal_reached_condition_bt_node.so
[2.696s] -- Up-to-date: /Pav-S_ws/install/nav2_behavior_tree/lib/libnav2_globally_updated_goal_condition_bt_node.so
[2.696s] -- Up-to-date: /Pav-S_ws/install/nav2_behavior_tree/lib/libnav2_goal_updated_condition_bt_node.so
[2.697s] -- Up-to-date: /Pav-S_ws/install/nav2_behavior_tree/lib/libnav2_is_path_valid_condition_bt_node.so
[2.697s] -- Up-to-date: /Pav-S_ws/install/nav2_behavior_tree/lib/libnav2_time_expired_condition_bt_node.so
[2.698s] -- Up-to-date: /Pav-S_ws/install/nav2_behavior_tree/lib/libnav2_path_expiring_timer_condition.so
[2.698s] -- Up-to-date: /Pav-S_ws/install/nav2_behavior_tree/lib/libnav2_distance_traveled_condition_bt_node.so
[2.699s] -- Up-to-date: /Pav-S_ws/install/nav2_behavior_tree/lib/libnav2_initial_pose_received_condition_bt_node.so
[2.699s] -- Up-to-date: /Pav-S_ws/install/nav2_behavior_tree/lib/libnav2_is_battery_charging_condition_bt_node.so
[2.700s] -- Up-to-date: /Pav-S_ws/install/nav2_behavior_tree/lib/libnav2_is_battery_low_condition_bt_node.so
[2.701s] -- Up-to-date: /Pav-S_ws/install/nav2_behavior_tree/lib/libnav2_reinitialize_global_localization_service_bt_node.so
[2.701s] -- Up-to-date: /Pav-S_ws/install/nav2_behavior_tree/lib/libnav2_rate_controller_bt_node.so
[2.702s] -- Up-to-date: /Pav-S_ws/install/nav2_behavior_tree/lib/libnav2_distance_controller_bt_node.so
[2.702s] -- Up-to-date: /Pav-S_ws/install/nav2_behavior_tree/lib/libnav2_speed_controller_bt_node.so
[2.703s] -- Up-to-date: /Pav-S_ws/install/nav2_behavior_tree/lib/libnav2_truncate_path_action_bt_node.so
[2.703s] -- Up-to-date: /Pav-S_ws/install/nav2_behavior_tree/lib/libnav2_truncate_path_local_action_bt_node.so
[2.704s] -- Up-to-date: /Pav-S_ws/install/nav2_behavior_tree/lib/libnav2_goal_updater_node_bt_node.so
[2.705s] -- Up-to-date: /Pav-S_ws/install/nav2_behavior_tree/lib/libnav2_path_longer_on_approach_bt_node.so
[2.705s] -- Up-to-date: /Pav-S_ws/install/nav2_behavior_tree/lib/libnav2_recovery_node_bt_node.so
[2.706s] -- Up-to-date: /Pav-S_ws/install/nav2_behavior_tree/lib/libnav2_navigate_to_pose_action_bt_node.so
[2.706s] -- Up-to-date: /Pav-S_ws/install/nav2_behavior_tree/lib/libnav2_navigate_through_poses_action_bt_node.so
[2.707s] -- Up-to-date: /Pav-S_ws/install/nav2_behavior_tree/lib/libnav2_remove_passed_goals_action_bt_node.so
[2.707s] -- Up-to-date: /Pav-S_ws/install/nav2_behavior_tree/lib/libnav2_get_pose_from_path_action_bt_node.so
[2.708s] -- Up-to-date: /Pav-S_ws/install/nav2_behavior_tree/lib/libnav2_pipeline_sequence_bt_node.so
[2.708s] -- Up-to-date: /Pav-S_ws/install/nav2_behavior_tree/lib/libnav2_round_robin_node_bt_node.so
[2.709s] -- Up-to-date: /Pav-S_ws/install/nav2_behavior_tree/lib/libnav2_single_trigger_bt_node.so
[2.709s] -- Up-to-date: /Pav-S_ws/install/nav2_behavior_tree/lib/libnav2_planner_selector_bt_node.so
[2.710s] -- Up-to-date: /Pav-S_ws/install/nav2_behavior_tree/lib/libnav2_controller_selector_bt_node.so
[2.711s] -- Up-to-date: /Pav-S_ws/install/nav2_behavior_tree/lib/libnav2_smoother_selector_bt_node.so
[2.711s] -- Up-to-date: /Pav-S_ws/install/nav2_behavior_tree/lib/libnav2_goal_checker_selector_bt_node.so
[2.712s] -- Up-to-date: /Pav-S_ws/install/nav2_behavior_tree/lib/libnav2_progress_checker_selector_bt_node.so
[2.712s] -- Up-to-date: /Pav-S_ws/install/nav2_behavior_tree/lib/libnav2_goal_updated_controller_bt_node.so
[2.713s] -- Up-to-date: /Pav-S_ws/install/nav2_behavior_tree/include/
[2.713s] -- Up-to-date: /Pav-S_ws/install/nav2_behavior_tree/include//nav2_behavior_tree
[2.713s] -- Up-to-date: /Pav-S_ws/install/nav2_behavior_tree/include//nav2_behavior_tree/behavior_tree_engine.hpp
[2.713s] -- Up-to-date: /Pav-S_ws/install/nav2_behavior_tree/include//nav2_behavior_tree/ros_topic_logger.hpp
[2.714s] -- Up-to-date: /Pav-S_ws/install/nav2_behavior_tree/include//nav2_behavior_tree/bt_service_node.hpp
[2.714s] -- Up-to-date: /Pav-S_ws/install/nav2_behavior_tree/include//nav2_behavior_tree/bt_action_server.hpp
[2.714s] -- Up-to-date: /Pav-S_ws/install/nav2_behavior_tree/include//nav2_behavior_tree/bt_action_server_impl.hpp
[2.714s] -- Up-to-date: /Pav-S_ws/install/nav2_behavior_tree/include//nav2_behavior_tree/bt_action_node.hpp
[2.715s] -- Up-to-date: /Pav-S_ws/install/nav2_behavior_tree/include//nav2_behavior_tree/bt_conversions.hpp
[2.715s] -- Up-to-date: /Pav-S_ws/install/nav2_behavior_tree/include//nav2_behavior_tree/bt_cancel_action_node.hpp
[2.715s] -- Up-to-date: /Pav-S_ws/install/nav2_behavior_tree/include//nav2_behavior_tree/plugins
[2.715s] -- Up-to-date: /Pav-S_ws/install/nav2_behavior_tree/include//nav2_behavior_tree/plugins/control
[2.716s] -- Up-to-date: /Pav-S_ws/install/nav2_behavior_tree/include//nav2_behavior_tree/plugins/control/round_robin_node.hpp
[2.716s] -- Up-to-date: /Pav-S_ws/install/nav2_behavior_tree/include//nav2_behavior_tree/plugins/control/pipeline_sequence.hpp
[2.716s] -- Up-to-date: /Pav-S_ws/install/nav2_behavior_tree/include//nav2_behavior_tree/plugins/control/recovery_node.hpp
[2.716s] -- Up-to-date: /Pav-S_ws/install/nav2_behavior_tree/include//nav2_behavior_tree/plugins/condition
[2.716s] -- Up-to-date: /Pav-S_ws/install/nav2_behavior_tree/include//nav2_behavior_tree/plugins/condition/initial_pose_received_condition.hpp
[2.717s] -- Up-to-date: /Pav-S_ws/install/nav2_behavior_tree/include//nav2_behavior_tree/plugins/condition/globally_updated_goal_condition.hpp
[2.717s] -- Up-to-date: /Pav-S_ws/install/nav2_behavior_tree/include//nav2_behavior_tree/plugins/condition/is_battery_charging_condition.hpp
[2.717s] -- Up-to-date: /Pav-S_ws/install/nav2_behavior_tree/include//nav2_behavior_tree/plugins/condition/is_stuck_condition.hpp
[2.717s] -- Up-to-date: /Pav-S_ws/install/nav2_behavior_tree/include//nav2_behavior_tree/plugins/condition/time_expired_condition.hpp
[2.717s] -- Up-to-date: /Pav-S_ws/install/nav2_behavior_tree/include//nav2_behavior_tree/plugins/condition/goal_updated_condition.hpp
[2.717s] -- Up-to-date: /Pav-S_ws/install/nav2_behavior_tree/include//nav2_behavior_tree/plugins/condition/transform_available_condition.hpp
[2.717s] -- Up-to-date: /Pav-S_ws/install/nav2_behavior_tree/include//nav2_behavior_tree/plugins/condition/path_expiring_timer_condition.hpp
[2.718s] -- Up-to-date: /Pav-S_ws/install/nav2_behavior_tree/include//nav2_behavior_tree/plugins/condition/goal_reached_condition.hpp
[2.718s] -- Up-to-date: /Pav-S_ws/install/nav2_behavior_tree/include//nav2_behavior_tree/plugins/condition/distance_traveled_condition.hpp
[2.718s] -- Up-to-date: /Pav-S_ws/install/nav2_behavior_tree/include//nav2_behavior_tree/plugins/condition/is_battery_low_condition.hpp
[2.718s] -- Up-to-date: /Pav-S_ws/install/nav2_behavior_tree/include//nav2_behavior_tree/plugins/condition/is_path_valid_condition.hpp
[2.718s] -- Up-to-date: /Pav-S_ws/install/nav2_behavior_tree/include//nav2_behavior_tree/plugins/action
[2.718s] -- Up-to-date: /Pav-S_ws/install/nav2_behavior_tree/include//nav2_behavior_tree/plugins/action/navigate_through_poses_action.hpp
[2.719s] -- Up-to-date: /Pav-S_ws/install/nav2_behavior_tree/include//nav2_behavior_tree/plugins/action/wait_action.hpp
[2.719s] -- Up-to-date: /Pav-S_ws/install/nav2_behavior_tree/include//nav2_behavior_tree/plugins/action/assisted_teleop_cancel_node.hpp
[2.719s] -- Up-to-date: /Pav-S_ws/install/nav2_behavior_tree/include//nav2_behavior_tree/plugins/action/compute_path_through_poses_action.hpp
[2.719s] -- Up-to-date: /Pav-S_ws/install/nav2_behavior_tree/include//nav2_behavior_tree/plugins/action/controller_selector_node.hpp
[2.719s] -- Up-to-date: /Pav-S_ws/install/nav2_behavior_tree/include//nav2_behavior_tree/plugins/action/navigate_to_pose_action.hpp
[2.719s] -- Up-to-date: /Pav-S_ws/install/nav2_behavior_tree/include//nav2_behavior_tree/plugins/action/truncate_path_local_action.hpp
[2.719s] -- Up-to-date: /Pav-S_ws/install/nav2_behavior_tree/include//nav2_behavior_tree/plugins/action/goal_checker_selector_node.hpp
[2.719s] -- Up-to-date: /Pav-S_ws/install/nav2_behavior_tree/include//nav2_behavior_tree/plugins/action/reinitialize_global_localization_service.hpp
[2.720s] -- Up-to-date: /Pav-S_ws/install/nav2_behavior_tree/include//nav2_behavior_tree/plugins/action/spin_cancel_node.hpp
[2.720s] -- Up-to-date: /Pav-S_ws/install/nav2_behavior_tree/include//nav2_behavior_tree/plugins/action/smoother_selector_node.hpp
[2.720s] -- Up-to-date: /Pav-S_ws/install/nav2_behavior_tree/include//nav2_behavior_tree/plugins/action/back_up_cancel_node.hpp
[2.720s] -- Up-to-date: /Pav-S_ws/install/nav2_behavior_tree/include//nav2_behavior_tree/plugins/action/remove_passed_goals_action.hpp
[2.720s] -- Up-to-date: /Pav-S_ws/install/nav2_behavior_tree/include//nav2_behavior_tree/plugins/action/controller_cancel_node.hpp
[2.720s] -- Up-to-date: /Pav-S_ws/install/nav2_behavior_tree/include//nav2_behavior_tree/plugins/action/back_up_action.hpp
[2.720s] -- Up-to-date: /Pav-S_ws/install/nav2_behavior_tree/include//nav2_behavior_tree/plugins/action/assisted_teleop_action.hpp
[2.720s] -- Up-to-date: /Pav-S_ws/install/nav2_behavior_tree/include//nav2_behavior_tree/plugins/action/wait_cancel_node.hpp
[2.720s] -- Up-to-date: /Pav-S_ws/install/nav2_behavior_tree/include//nav2_behavior_tree/plugins/action/get_pose_from_path_action.hpp
[2.721s] -- Up-to-date: /Pav-S_ws/install/nav2_behavior_tree/include//nav2_behavior_tree/plugins/action/compute_path_to_pose_action.hpp
[2.721s] -- Up-to-date: /Pav-S_ws/install/nav2_behavior_tree/include//nav2_behavior_tree/plugins/action/progress_checker_selector_node.hpp
[2.721s] -- Up-to-date: /Pav-S_ws/install/nav2_behavior_tree/include//nav2_behavior_tree/plugins/action/clear_costmap_service.hpp
[2.721s] -- Up-to-date: /Pav-S_ws/install/nav2_behavior_tree/include//nav2_behavior_tree/plugins/action/truncate_path_action.hpp
[2.721s] -- Up-to-date: /Pav-S_ws/install/nav2_behavior_tree/include//nav2_behavior_tree/plugins/action/drive_on_heading_cancel_node.hpp
[2.721s] -- Up-to-date: /Pav-S_ws/install/nav2_behavior_tree/include//nav2_behavior_tree/plugins/action/drive_on_heading_action.hpp
[2.721s] -- Up-to-date: /Pav-S_ws/install/nav2_behavior_tree/include//nav2_behavior_tree/plugins/action/planner_selector_node.hpp
[2.721s] -- Up-to-date: /Pav-S_ws/install/nav2_behavior_tree/include//nav2_behavior_tree/plugins/action/follow_path_action.hpp
[2.722s] -- Up-to-date: /Pav-S_ws/install/nav2_behavior_tree/include//nav2_behavior_tree/plugins/action/spin_action.hpp
[2.722s] -- Up-to-date: /Pav-S_ws/install/nav2_behavior_tree/include//nav2_behavior_tree/plugins/action/smooth_path_action.hpp
[2.722s] -- Up-to-date: /Pav-S_ws/install/nav2_behavior_tree/include//nav2_behavior_tree/plugins/decorator
[2.722s] -- Up-to-date: /Pav-S_ws/install/nav2_behavior_tree/include//nav2_behavior_tree/plugins/decorator/rate_controller.hpp
[2.722s] -- Up-to-date: /Pav-S_ws/install/nav2_behavior_tree/include//nav2_behavior_tree/plugins/decorator/single_trigger_node.hpp
[2.722s] -- Up-to-date: /Pav-S_ws/install/nav2_behavior_tree/include//nav2_behavior_tree/plugins/decorator/path_longer_on_approach.hpp
[2.722s] -- Up-to-date: /Pav-S_ws/install/nav2_behavior_tree/include//nav2_behavior_tree/plugins/decorator/goal_updated_controller.hpp
[2.722s] -- Up-to-date: /Pav-S_ws/install/nav2_behavior_tree/include//nav2_behavior_tree/plugins/decorator/speed_controller.hpp
[2.722s] -- Up-to-date: /Pav-S_ws/install/nav2_behavior_tree/include//nav2_behavior_tree/plugins/decorator/distance_controller.hpp
[2.723s] -- Up-to-date: /Pav-S_ws/install/nav2_behavior_tree/include//nav2_behavior_tree/plugins/decorator/goal_updater_node.hpp
[2.723s] -- Up-to-date: /Pav-S_ws/install/nav2_behavior_tree/share/nav2_behavior_tree/nav2_tree_nodes.xml
[2.723s] -- Up-to-date: /Pav-S_ws/install/nav2_behavior_tree/share/nav2_behavior_tree/environment/library_path.sh
[2.723s] -- Up-to-date: /Pav-S_ws/install/nav2_behavior_tree/share/nav2_behavior_tree/environment/library_path.dsv
[2.723s] -- Up-to-date: /Pav-S_ws/install/nav2_behavior_tree/share/ament_index/resource_index/package_run_dependencies/nav2_behavior_tree
[2.723s] -- Up-to-date: /Pav-S_ws/install/nav2_behavior_tree/share/ament_index/resource_index/parent_prefix_path/nav2_behavior_tree
[2.723s] -- Up-to-date: /Pav-S_ws/install/nav2_behavior_tree/share/nav2_behavior_tree/environment/ament_prefix_path.sh
[2.724s] -- Up-to-date: /Pav-S_ws/install/nav2_behavior_tree/share/nav2_behavior_tree/environment/ament_prefix_path.dsv
[2.724s] -- Up-to-date: /Pav-S_ws/install/nav2_behavior_tree/share/nav2_behavior_tree/environment/path.sh
[2.726s] -- Up-to-date: /Pav-S_ws/install/nav2_behavior_tree/share/nav2_behavior_tree/environment/path.dsv
[2.727s] -- Up-to-date: /Pav-S_ws/install/nav2_behavior_tree/share/nav2_behavior_tree/local_setup.bash
[2.727s] -- Up-to-date: /Pav-S_ws/install/nav2_behavior_tree/share/nav2_behavior_tree/local_setup.sh
[2.727s] -- Up-to-date: /Pav-S_ws/install/nav2_behavior_tree/share/nav2_behavior_tree/local_setup.zsh
[2.728s] -- Up-to-date: /Pav-S_ws/install/nav2_behavior_tree/share/nav2_behavior_tree/local_setup.dsv
[2.728s] -- Installing: /Pav-S_ws/install/nav2_behavior_tree/share/nav2_behavior_tree/package.dsv
[2.729s] -- Up-to-date: /Pav-S_ws/install/nav2_behavior_tree/share/ament_index/resource_index/packages/nav2_behavior_tree
[2.729s] -- Up-to-date: /Pav-S_ws/install/nav2_behavior_tree/share/nav2_behavior_tree/cmake/ament_cmake_export_include_directories-extras.cmake
[2.730s] -- Up-to-date: /Pav-S_ws/install/nav2_behavior_tree/share/nav2_behavior_tree/cmake/ament_cmake_export_libraries-extras.cmake
[2.730s] -- Up-to-date: /Pav-S_ws/install/nav2_behavior_tree/share/nav2_behavior_tree/cmake/ament_cmake_export_dependencies-extras.cmake
[2.730s] -- Up-to-date: /Pav-S_ws/install/nav2_behavior_tree/share/nav2_behavior_tree/cmake/nav2_behavior_treeConfig.cmake
[2.730s] -- Up-to-date: /Pav-S_ws/install/nav2_behavior_tree/share/nav2_behavior_tree/cmake/nav2_behavior_treeConfig-version.cmake
[2.731s] -- Up-to-date: /Pav-S_ws/install/nav2_behavior_tree/share/nav2_behavior_tree/package.xml
[2.732s] Invoked command in '/Pav-S_ws/build/nav2_behavior_tree' returned '0': CMAKE_PREFIX_PATH=/Pav-S_ws/install/nav2_util:/Pav-S_ws/install/nav2_msgs:/Pav-S_ws/install/nav2_common:/Pav-S_ws/install/nav2_behavior_tree:/Pav-S_ws/install/nav2_dwb_controller:/Pav-S_ws/install/nav2_controller:/Pav-S_ws/install/nav2_planner:/Pav-S_ws/install/dwb_plugins:/Pav-S_ws/install/dwb_critics:/Pav-S_ws/install/dwb_core:/Pav-S_ws/install/nav_2d_utils:/Pav-S_ws/install/nav2_core:/Pav-S_ws/install/costmap_queue:/Pav-S_ws/install/nav2_costmap_2d:/Pav-S_ws/install/nav2_map_server:/Pav-S_ws/install/nav2_lifecycle_manager:/ws_livox/install/pointcloud_to_laserscan:/ws_livox/install/livox_ros_driver2:/Pav-S_ws/install/wheeltec_robot_urdf:/Pav-S_ws/install/turn_on_wheeltec_robot:/Pav-S_ws/install/wheeltec_robot_msg:/Pav-S_ws/install/usb_cam:/Pav-S_ws/install/serial:/Pav-S_ws/install/robot_kcf:/Pav-S_ws/install/dwb_msgs:/Pav-S_ws/install/nav_2d_msgs:/Pav-S_ws/install/nav2_voxel_grid:/Pav-S_ws/install/libuvc:/Pav-S_ws/install/fast_lio:/Pav-S_ws/install/astra_camera:/Pav-S_ws/install/astra_camera_msgs:/Pav-S_ws/install/yolo_detector:/Pav-S_ws/install/yolov5_lib:/Pav-S_ws/install/nav2_simple_commander:/opt/ros/humble LD_LIBRARY_PATH=/Pav-S_ws/install/nav2_util/lib:/Pav-S_ws/install/nav2_msgs/lib:/Pav-S_ws/install/nav2_behavior_tree/lib:/Pav-S_ws/install/nav2_controller/lib:/Pav-S_ws/install/nav2_planner/lib:/Pav-S_ws/install/dwb_plugins/lib:/Pav-S_ws/install/dwb_critics/lib:/Pav-S_ws/install/dwb_core/lib:/Pav-S_ws/install/nav_2d_utils/lib:/Pav-S_ws/install/costmap_queue/lib:/Pav-S_ws/install/nav2_costmap_2d/lib:/Pav-S_ws/install/nav2_map_server/lib:/Pav-S_ws/install/nav2_lifecycle_manager/lib:/usr/local/cuda-12.2/lib64:/ws_livox/install/pointcloud_to_laserscan/lib:/ws_livox/install/livox_ros_driver2/lib:/Pav-S_ws/install/turn_on_wheeltec_robot/lib:/Pav-S_ws/install/wheeltec_robot_msg/lib:/Pav-S_ws/install/usb_cam/lib:/Pav-S_ws/install/serial/lib:/Pav-S_ws/install/dwb_msgs/lib:/Pav-S_ws/install/nav_2d_msgs/lib:/Pav-S_ws/install/nav2_voxel_grid/lib:/Pav-S_ws/install/libuvc/lib:/Pav-S_ws/install/fast_lio/lib:/Pav-S_ws/install/astra_camera/lib:/Pav-S_ws/install/astra_camera_msgs/lib:/opt/ros/humble/opt/rviz_ogre_vendor/lib:/opt/ros/humble/lib/aarch64-linux-gnu:/opt/ros/humble/lib:/usr/local/cuda-12.2/lib64 /usr/bin/cmake --install /Pav-S_ws/build/nav2_behavior_tree
