[0.033s] Invoking command in '/Pav-S_ws/build/nav2_map_server': CMAKE_PREFIX_PATH=/Pav-S_ws/install/nav2_util:/Pav-S_ws/install/nav2_msgs:/Pav-S_ws/install/nav2_common:/Pav-S_ws/install/nav2_costmap_2d:/Pav-S_ws/install/nav2_map_server:/Pav-S_ws/install/nav2_lifecycle_manager:/ws_livox/install/pointcloud_to_laserscan:/ws_livox/install/livox_ros_driver2:/Pav-S_ws/install/wheeltec_robot_urdf:/Pav-S_ws/install/turn_on_wheeltec_robot:/Pav-S_ws/install/wheeltec_robot_msg:/Pav-S_ws/install/usb_cam:/Pav-S_ws/install/serial:/Pav-S_ws/install/robot_kcf:/Pav-S_ws/install/dwb_msgs:/Pav-S_ws/install/nav_2d_msgs:/Pav-S_ws/install/nav2_voxel_grid:/Pav-S_ws/install/libuvc:/Pav-S_ws/install/fast_lio:/Pav-S_ws/install/astra_camera:/Pav-S_ws/install/astra_camera_msgs:/Pav-S_ws/install/yolo_detector:/Pav-S_ws/install/yolov5_lib:/Pav-S_ws/install/nav2_simple_commander:/opt/ros/humble LD_LIBRARY_PATH=/Pav-S_ws/install/nav2_util/lib:/Pav-S_ws/install/nav2_msgs/lib:/Pav-S_ws/install/nav2_costmap_2d/lib:/Pav-S_ws/install/nav2_map_server/lib:/Pav-S_ws/install/nav2_lifecycle_manager/lib:/usr/local/cuda-12.2/lib64:/ws_livox/install/pointcloud_to_laserscan/lib:/ws_livox/install/livox_ros_driver2/lib:/Pav-S_ws/install/turn_on_wheeltec_robot/lib:/Pav-S_ws/install/wheeltec_robot_msg/lib:/Pav-S_ws/install/usb_cam/lib:/Pav-S_ws/install/serial/lib:/Pav-S_ws/install/dwb_msgs/lib:/Pav-S_ws/install/nav_2d_msgs/lib:/Pav-S_ws/install/nav2_voxel_grid/lib:/Pav-S_ws/install/libuvc/lib:/Pav-S_ws/install/fast_lio/lib:/Pav-S_ws/install/astra_camera/lib:/Pav-S_ws/install/astra_camera_msgs/lib:/opt/ros/humble/opt/rviz_ogre_vendor/lib:/opt/ros/humble/lib/aarch64-linux-gnu:/opt/ros/humble/lib:/usr/local/cuda-12.2/lib64 /usr/bin/cmake --build /Pav-S_ws/build/nav2_map_server -- -j6 -l6
[0.139s] [35m[1mConsolidate compiler generated dependencies of target map_io[0m
[0.140s] [35m[1mConsolidate compiler generated dependencies of target gtest_main[0m
[0.149s] [35m[1mConsolidate compiler generated dependencies of target gtest[0m
[0.192s] [ 11%] Built target gtest_main
[0.192s] [ 11%] Built target gtest
[0.202s] [ 19%] Built target map_io
[0.225s] [35m[1mConsolidate compiler generated dependencies of target test_map_saver_cli[0m
[0.246s] [35m[1mConsolidate compiler generated dependencies of target map_server_core[0m
[0.256s] [35m[1mConsolidate compiler generated dependencies of target test_map_io[0m
[0.261s] [35m[1mConsolidate compiler generated dependencies of target test_map_saver_publisher[0m
[0.287s] [ 27%] Built target test_map_saver_cli
[0.314s] [ 38%] Built target map_server_core
[0.315s] [ 47%] Built target test_map_io
[0.323s] [ 55%] Built target test_map_saver_publisher
[0.348s] [35m[1mConsolidate compiler generated dependencies of target map_server[0m
[0.349s] [35m[1mConsolidate compiler generated dependencies of target map_saver_server[0m
[0.358s] [35m[1mConsolidate compiler generated dependencies of target map_saver_cli[0m
[0.364s] [35m[1mConsolidate compiler generated dependencies of target test_map_server_node[0m
[0.364s] [35m[1mConsolidate compiler generated dependencies of target test_costmap_filter_info_server[0m
[0.377s] [35m[1mConsolidate compiler generated dependencies of target costmap_filter_info_server[0m
[0.410s] [ 66%] Built target map_saver_server
[0.410s] [ 66%] Built target map_server
[0.419s] [ 72%] Built target test_costmap_filter_info_server
[0.419s] [ 77%] Built target map_saver_cli
[0.433s] [ 86%] Built target test_map_server_node
[0.436s] [ 91%] Built target costmap_filter_info_server
[0.441s] [35m[1mConsolidate compiler generated dependencies of target test_map_saver_node[0m
[0.484s] [100%] Built target test_map_saver_node
[0.513s] Invoked command in '/Pav-S_ws/build/nav2_map_server' returned '0': CMAKE_PREFIX_PATH=/Pav-S_ws/install/nav2_util:/Pav-S_ws/install/nav2_msgs:/Pav-S_ws/install/nav2_common:/Pav-S_ws/install/nav2_costmap_2d:/Pav-S_ws/install/nav2_map_server:/Pav-S_ws/install/nav2_lifecycle_manager:/ws_livox/install/pointcloud_to_laserscan:/ws_livox/install/livox_ros_driver2:/Pav-S_ws/install/wheeltec_robot_urdf:/Pav-S_ws/install/turn_on_wheeltec_robot:/Pav-S_ws/install/wheeltec_robot_msg:/Pav-S_ws/install/usb_cam:/Pav-S_ws/install/serial:/Pav-S_ws/install/robot_kcf:/Pav-S_ws/install/dwb_msgs:/Pav-S_ws/install/nav_2d_msgs:/Pav-S_ws/install/nav2_voxel_grid:/Pav-S_ws/install/libuvc:/Pav-S_ws/install/fast_lio:/Pav-S_ws/install/astra_camera:/Pav-S_ws/install/astra_camera_msgs:/Pav-S_ws/install/yolo_detector:/Pav-S_ws/install/yolov5_lib:/Pav-S_ws/install/nav2_simple_commander:/opt/ros/humble LD_LIBRARY_PATH=/Pav-S_ws/install/nav2_util/lib:/Pav-S_ws/install/nav2_msgs/lib:/Pav-S_ws/install/nav2_costmap_2d/lib:/Pav-S_ws/install/nav2_map_server/lib:/Pav-S_ws/install/nav2_lifecycle_manager/lib:/usr/local/cuda-12.2/lib64:/ws_livox/install/pointcloud_to_laserscan/lib:/ws_livox/install/livox_ros_driver2/lib:/Pav-S_ws/install/turn_on_wheeltec_robot/lib:/Pav-S_ws/install/wheeltec_robot_msg/lib:/Pav-S_ws/install/usb_cam/lib:/Pav-S_ws/install/serial/lib:/Pav-S_ws/install/dwb_msgs/lib:/Pav-S_ws/install/nav_2d_msgs/lib:/Pav-S_ws/install/nav2_voxel_grid/lib:/Pav-S_ws/install/libuvc/lib:/Pav-S_ws/install/fast_lio/lib:/Pav-S_ws/install/astra_camera/lib:/Pav-S_ws/install/astra_camera_msgs/lib:/opt/ros/humble/opt/rviz_ogre_vendor/lib:/opt/ros/humble/lib/aarch64-linux-gnu:/opt/ros/humble/lib:/usr/local/cuda-12.2/lib64 /usr/bin/cmake --build /Pav-S_ws/build/nav2_map_server -- -j6 -l6
[0.516s] Invoking command in '/Pav-S_ws/build/nav2_map_server': CMAKE_PREFIX_PATH=/Pav-S_ws/install/nav2_util:/Pav-S_ws/install/nav2_msgs:/Pav-S_ws/install/nav2_common:/Pav-S_ws/install/nav2_costmap_2d:/Pav-S_ws/install/nav2_map_server:/Pav-S_ws/install/nav2_lifecycle_manager:/ws_livox/install/pointcloud_to_laserscan:/ws_livox/install/livox_ros_driver2:/Pav-S_ws/install/wheeltec_robot_urdf:/Pav-S_ws/install/turn_on_wheeltec_robot:/Pav-S_ws/install/wheeltec_robot_msg:/Pav-S_ws/install/usb_cam:/Pav-S_ws/install/serial:/Pav-S_ws/install/robot_kcf:/Pav-S_ws/install/dwb_msgs:/Pav-S_ws/install/nav_2d_msgs:/Pav-S_ws/install/nav2_voxel_grid:/Pav-S_ws/install/libuvc:/Pav-S_ws/install/fast_lio:/Pav-S_ws/install/astra_camera:/Pav-S_ws/install/astra_camera_msgs:/Pav-S_ws/install/yolo_detector:/Pav-S_ws/install/yolov5_lib:/Pav-S_ws/install/nav2_simple_commander:/opt/ros/humble LD_LIBRARY_PATH=/Pav-S_ws/install/nav2_util/lib:/Pav-S_ws/install/nav2_msgs/lib:/Pav-S_ws/install/nav2_costmap_2d/lib:/Pav-S_ws/install/nav2_map_server/lib:/Pav-S_ws/install/nav2_lifecycle_manager/lib:/usr/local/cuda-12.2/lib64:/ws_livox/install/pointcloud_to_laserscan/lib:/ws_livox/install/livox_ros_driver2/lib:/Pav-S_ws/install/turn_on_wheeltec_robot/lib:/Pav-S_ws/install/wheeltec_robot_msg/lib:/Pav-S_ws/install/usb_cam/lib:/Pav-S_ws/install/serial/lib:/Pav-S_ws/install/dwb_msgs/lib:/Pav-S_ws/install/nav_2d_msgs/lib:/Pav-S_ws/install/nav2_voxel_grid/lib:/Pav-S_ws/install/libuvc/lib:/Pav-S_ws/install/fast_lio/lib:/Pav-S_ws/install/astra_camera/lib:/Pav-S_ws/install/astra_camera_msgs/lib:/opt/ros/humble/opt/rviz_ogre_vendor/lib:/opt/ros/humble/lib/aarch64-linux-gnu:/opt/ros/humble/lib:/usr/local/cuda-12.2/lib64 /usr/bin/cmake --install /Pav-S_ws/build/nav2_map_server
[0.535s] -- Install configuration: "Release"
[0.535s] -- Up-to-date: /Pav-S_ws/install/nav2_map_server/lib/libmap_server_core.so
[0.535s] -- Up-to-date: /Pav-S_ws/install/nav2_map_server/lib/libmap_io.so
[0.536s] -- Up-to-date: /Pav-S_ws/install/nav2_map_server/lib/nav2_map_server/map_server
[0.536s] -- Up-to-date: /Pav-S_ws/install/nav2_map_server/lib/nav2_map_server/map_saver_cli
[0.537s] -- Up-to-date: /Pav-S_ws/install/nav2_map_server/lib/nav2_map_server/map_saver_server
[0.537s] -- Up-to-date: /Pav-S_ws/install/nav2_map_server/lib/nav2_map_server/costmap_filter_info_server
[0.537s] -- Up-to-date: /Pav-S_ws/install/nav2_map_server/include/
[0.538s] -- Up-to-date: /Pav-S_ws/install/nav2_map_server/include//nav2_map_server
[0.538s] -- Up-to-date: /Pav-S_ws/install/nav2_map_server/include//nav2_map_server/map_server.hpp
[0.538s] -- Up-to-date: /Pav-S_ws/install/nav2_map_server/include//nav2_map_server/costmap_filter_info_server.hpp
[0.539s] -- Up-to-date: /Pav-S_ws/install/nav2_map_server/include//nav2_map_server/map_saver.hpp
[0.539s] -- Up-to-date: /Pav-S_ws/install/nav2_map_server/include//nav2_map_server/map_mode.hpp
[0.539s] -- Up-to-date: /Pav-S_ws/install/nav2_map_server/include//nav2_map_server/map_io.hpp
[0.539s] -- Up-to-date: /Pav-S_ws/install/nav2_map_server/share/nav2_map_server/launch
[0.539s] -- Up-to-date: /Pav-S_ws/install/nav2_map_server/share/nav2_map_server/launch/map_saver_server.launch.py
[0.539s] -- Up-to-date: /Pav-S_ws/install/nav2_map_server/share/nav2_map_server/environment/library_path.sh
[0.540s] -- Up-to-date: /Pav-S_ws/install/nav2_map_server/share/nav2_map_server/environment/library_path.dsv
[0.540s] -- Up-to-date: /Pav-S_ws/install/nav2_map_server/share/ament_index/resource_index/package_run_dependencies/nav2_map_server
[0.540s] -- Up-to-date: /Pav-S_ws/install/nav2_map_server/share/ament_index/resource_index/parent_prefix_path/nav2_map_server
[0.540s] -- Up-to-date: /Pav-S_ws/install/nav2_map_server/share/nav2_map_server/environment/ament_prefix_path.sh
[0.540s] -- Up-to-date: /Pav-S_ws/install/nav2_map_server/share/nav2_map_server/environment/ament_prefix_path.dsv
[0.540s] -- Up-to-date: /Pav-S_ws/install/nav2_map_server/share/nav2_map_server/environment/path.sh
[0.540s] -- Up-to-date: /Pav-S_ws/install/nav2_map_server/share/nav2_map_server/environment/path.dsv
[0.541s] -- Up-to-date: /Pav-S_ws/install/nav2_map_server/share/nav2_map_server/local_setup.bash
[0.541s] -- Up-to-date: /Pav-S_ws/install/nav2_map_server/share/nav2_map_server/local_setup.sh
[0.541s] -- Up-to-date: /Pav-S_ws/install/nav2_map_server/share/nav2_map_server/local_setup.zsh
[0.541s] -- Up-to-date: /Pav-S_ws/install/nav2_map_server/share/nav2_map_server/local_setup.dsv
[0.541s] -- Installing: /Pav-S_ws/install/nav2_map_server/share/nav2_map_server/package.dsv
[0.541s] -- Up-to-date: /Pav-S_ws/install/nav2_map_server/share/ament_index/resource_index/packages/nav2_map_server
[0.541s] -- Up-to-date: /Pav-S_ws/install/nav2_map_server/share/ament_index/resource_index/rclcpp_components/nav2_map_server
[0.542s] -- Up-to-date: /Pav-S_ws/install/nav2_map_server/share/nav2_map_server/cmake/ament_cmake_export_include_directories-extras.cmake
[0.542s] -- Up-to-date: /Pav-S_ws/install/nav2_map_server/share/nav2_map_server/cmake/ament_cmake_export_libraries-extras.cmake
[0.542s] -- Up-to-date: /Pav-S_ws/install/nav2_map_server/share/nav2_map_server/cmake/ament_cmake_export_dependencies-extras.cmake
[0.542s] -- Up-to-date: /Pav-S_ws/install/nav2_map_server/share/nav2_map_server/cmake/nav2_map_serverConfig.cmake
[0.542s] -- Up-to-date: /Pav-S_ws/install/nav2_map_server/share/nav2_map_server/cmake/nav2_map_serverConfig-version.cmake
[0.542s] -- Up-to-date: /Pav-S_ws/install/nav2_map_server/share/nav2_map_server/package.xml
[0.547s] Invoked command in '/Pav-S_ws/build/nav2_map_server' returned '0': CMAKE_PREFIX_PATH=/Pav-S_ws/install/nav2_util:/Pav-S_ws/install/nav2_msgs:/Pav-S_ws/install/nav2_common:/Pav-S_ws/install/nav2_costmap_2d:/Pav-S_ws/install/nav2_map_server:/Pav-S_ws/install/nav2_lifecycle_manager:/ws_livox/install/pointcloud_to_laserscan:/ws_livox/install/livox_ros_driver2:/Pav-S_ws/install/wheeltec_robot_urdf:/Pav-S_ws/install/turn_on_wheeltec_robot:/Pav-S_ws/install/wheeltec_robot_msg:/Pav-S_ws/install/usb_cam:/Pav-S_ws/install/serial:/Pav-S_ws/install/robot_kcf:/Pav-S_ws/install/dwb_msgs:/Pav-S_ws/install/nav_2d_msgs:/Pav-S_ws/install/nav2_voxel_grid:/Pav-S_ws/install/libuvc:/Pav-S_ws/install/fast_lio:/Pav-S_ws/install/astra_camera:/Pav-S_ws/install/astra_camera_msgs:/Pav-S_ws/install/yolo_detector:/Pav-S_ws/install/yolov5_lib:/Pav-S_ws/install/nav2_simple_commander:/opt/ros/humble LD_LIBRARY_PATH=/Pav-S_ws/install/nav2_util/lib:/Pav-S_ws/install/nav2_msgs/lib:/Pav-S_ws/install/nav2_costmap_2d/lib:/Pav-S_ws/install/nav2_map_server/lib:/Pav-S_ws/install/nav2_lifecycle_manager/lib:/usr/local/cuda-12.2/lib64:/ws_livox/install/pointcloud_to_laserscan/lib:/ws_livox/install/livox_ros_driver2/lib:/Pav-S_ws/install/turn_on_wheeltec_robot/lib:/Pav-S_ws/install/wheeltec_robot_msg/lib:/Pav-S_ws/install/usb_cam/lib:/Pav-S_ws/install/serial/lib:/Pav-S_ws/install/dwb_msgs/lib:/Pav-S_ws/install/nav_2d_msgs/lib:/Pav-S_ws/install/nav2_voxel_grid/lib:/Pav-S_ws/install/libuvc/lib:/Pav-S_ws/install/fast_lio/lib:/Pav-S_ws/install/astra_camera/lib:/Pav-S_ws/install/astra_camera_msgs/lib:/opt/ros/humble/opt/rviz_ogre_vendor/lib:/opt/ros/humble/lib/aarch64-linux-gnu:/opt/ros/humble/lib:/usr/local/cuda-12.2/lib64 /usr/bin/cmake --install /Pav-S_ws/build/nav2_map_server
