[0.093s] Invoking command in '/Pav-S_ws/build/nav2_mppi_controller': CMAKE_PREFIX_PATH=/Pav-S_ws/install/nav2_core:/Pav-S_ws/install/nav2_costmap_2d:/Pav-S_ws/install/nav2_map_server:/Pav-S_ws/install/nav2_lifecycle_manager:/Pav-S_ws/install/nav2_util:/Pav-S_ws/install/nav2_voxel_grid:/Pav-S_ws/install/nav2_msgs:/Pav-S_ws/install/nav2_common:/Pav-S_ws/install/nav2_behavior_tree:/Pav-S_ws/install/nav2_dwb_controller:/Pav-S_ws/install/nav2_controller:/Pav-S_ws/install/nav2_planner:/Pav-S_ws/install/dwb_plugins:/Pav-S_ws/install/dwb_critics:/Pav-S_ws/install/dwb_core:/Pav-S_ws/install/nav_2d_utils:/Pav-S_ws/install/costmap_queue:/ws_livox/install/pointcloud_to_laserscan:/ws_livox/install/livox_ros_driver2:/Pav-S_ws/install/wheeltec_robot_urdf:/Pav-S_ws/install/turn_on_wheeltec_robot:/Pav-S_ws/install/wheeltec_robot_msg:/Pav-S_ws/install/usb_cam:/Pav-S_ws/install/serial:/Pav-S_ws/install/robot_kcf:/Pav-S_ws/install/dwb_msgs:/Pav-S_ws/install/nav_2d_msgs:/Pav-S_ws/install/libuvc:/Pav-S_ws/install/fast_lio:/Pav-S_ws/install/astra_camera:/Pav-S_ws/install/astra_camera_msgs:/Pav-S_ws/install/yolo_detector:/Pav-S_ws/install/yolov5_lib:/Pav-S_ws/install/nav2_simple_commander:/opt/ros/humble LD_LIBRARY_PATH=/Pav-S_ws/install/nav2_costmap_2d/lib:/Pav-S_ws/install/nav2_map_server/lib:/Pav-S_ws/install/nav2_lifecycle_manager/lib:/Pav-S_ws/install/nav2_util/lib:/Pav-S_ws/install/nav2_voxel_grid/lib:/Pav-S_ws/install/nav2_msgs/lib:/Pav-S_ws/install/nav2_behavior_tree/lib:/Pav-S_ws/install/nav2_controller/lib:/Pav-S_ws/install/nav2_planner/lib:/Pav-S_ws/install/dwb_plugins/lib:/Pav-S_ws/install/dwb_critics/lib:/Pav-S_ws/install/dwb_core/lib:/Pav-S_ws/install/nav_2d_utils/lib:/Pav-S_ws/install/costmap_queue/lib:/usr/local/cuda-12.2/lib64:/ws_livox/install/pointcloud_to_laserscan/lib:/ws_livox/install/livox_ros_driver2/lib:/Pav-S_ws/install/turn_on_wheeltec_robot/lib:/Pav-S_ws/install/wheeltec_robot_msg/lib:/Pav-S_ws/install/usb_cam/lib:/Pav-S_ws/install/serial/lib:/Pav-S_ws/install/dwb_msgs/lib:/Pav-S_ws/install/nav_2d_msgs/lib:/Pav-S_ws/install/libuvc/lib:/Pav-S_ws/install/fast_lio/lib:/Pav-S_ws/install/astra_camera/lib:/Pav-S_ws/install/astra_camera_msgs/lib:/opt/ros/humble/opt/rviz_ogre_vendor/lib:/opt/ros/humble/lib/aarch64-linux-gnu:/opt/ros/humble/lib:/usr/local/cuda-12.2/lib64 /usr/bin/cmake /Pav-S_ws/src/navigation2-humble/nav2_mppi_controller -DCMAKE_INSTALL_PREFIX=/Pav-S_ws/install/nav2_mppi_controller
[4.604s] -- The C compiler identification is GNU 11.4.0
[4.605s] -- The CXX compiler identification is GNU 11.4.0
[4.605s] -- Detecting C compiler ABI info
[4.605s] -- Detecting C compiler ABI info - done
[4.605s] -- Check for working C compiler: /usr/bin/cc - skipped
[4.605s] -- Detecting C compile features
[4.605s] -- Detecting C compile features - done
[4.606s] -- Detecting CXX compiler ABI info
[4.606s] -- Detecting CXX compiler ABI info - done
[4.606s] -- Check for working CXX compiler: /usr/bin/c++ - skipped
[4.606s] -- Detecting CXX compile features
[4.606s] -- Detecting CXX compile features - done
[4.606s] -- Found ament_cmake: 1.3.12 (/opt/ros/humble/share/ament_cmake/cmake)
[4.606s] -- Found Python3: /usr/bin/python3 (found version "3.10.12") found components: Interpreter 
[4.607s] -- Performing Test arch_native_supported
[4.607s] -- Performing Test arch_native_supported - Success
[4.607s] -- Found rclcpp: 16.0.15 (/opt/ros/humble/share/rclcpp/cmake)
[4.607s] -- Found rosidl_generator_c: 3.1.7 (/opt/ros/humble/share/rosidl_generator_c/cmake)
[4.607s] -- Found rosidl_adapter: 3.1.7 (/opt/ros/humble/share/rosidl_adapter/cmake)
[4.607s] -- Found rosidl_generator_cpp: 3.1.7 (/opt/ros/humble/share/rosidl_generator_cpp/cmake)
[4.607s] -- Using all available rosidl_typesupport_c: rosidl_typesupport_fastrtps_c;rosidl_typesupport_introspection_c
[4.608s] -- Using all available rosidl_typesupport_cpp: rosidl_typesupport_fastrtps_cpp;rosidl_typesupport_introspection_cpp
[4.608s] -- Found rmw_implementation_cmake: 6.1.2 (/opt/ros/humble/share/rmw_implementation_cmake/cmake)
[4.608s] -- Found rmw_fastrtps_cpp: 6.2.8 (/opt/ros/humble/share/rmw_fastrtps_cpp/cmake)
[4.608s] -- Found OpenSSL: /usr/lib/aarch64-linux-gnu/libcrypto.so (found version "3.0.2")  
[4.608s] -- Found FastRTPS: /opt/ros/humble/include  
[4.608s] -- Using RMW implementation 'rmw_fastrtps_cpp' as default
[4.609s] -- Looking for pthread.h
[4.609s] -- Looking for pthread.h - found
[4.609s] -- Performing Test CMAKE_HAVE_LIBC_PTHREAD
[4.609s] -- Performing Test CMAKE_HAVE_LIBC_PTHREAD - Success
[4.609s] -- Found Threads: TRUE  
[4.609s] -- Found nav2_common: 1.1.18 (/Pav-S_ws/install/nav2_common/share/nav2_common/cmake)
[4.609s] -- Found pluginlib: 5.1.0 (/opt/ros/humble/share/pluginlib/cmake)
[4.609s] -- Found tf2: 0.25.16 (/opt/ros/humble/share/tf2/cmake)
[4.610s] -- Found visualization_msgs: 4.9.0 (/opt/ros/humble/share/visualization_msgs/cmake)
[4.610s] -- Found nav_msgs: 4.9.0 (/opt/ros/humble/share/nav_msgs/cmake)
[4.610s] -- Found nav2_core: 1.1.18 (/Pav-S_ws/install/nav2_core/share/nav2_core/cmake)
[4.610s] -- Found Eigen3: TRUE (found version "3.4.0") 
[4.610s] -- Ensuring Eigen3 include directory is part of orocos-kdl CMake target
[4.610s] -- Found tf2_eigen: 0.25.16 (/opt/ros/humble/share/tf2_eigen/cmake)
[4.610s] -- Setting build type to Release as none was specified.
[4.611s] -- Performing Test COMPILER_SUPPORTS_AVX512
[4.611s] -- Performing Test COMPILER_SUPPORTS_AVX512 - Failed
[4.611s] -- Performing Test COMPILER_SUPPORTS_SSE4
[4.619s] -- Performing Test COMPILER_SUPPORTS_SSE4 - Failed
[4.620s] -- Performing Test COMPILER_SUPPORTS_AVX2
[4.705s] -- Performing Test COMPILER_SUPPORTS_AVX2 - Failed
[4.707s] -- Performing Test COMPILER_SUPPORTS_FMA
[4.794s] -- Performing Test COMPILER_SUPPORTS_FMA - Failed
[5.860s] -- Found ament_lint_auto: 0.12.14 (/opt/ros/humble/share/ament_lint_auto/cmake)
[5.896s] -- Found ament_cmake_gtest: 1.3.12 (/opt/ros/humble/share/ament_cmake_gtest/cmake)
[6.703s] -- Found gtest sources under '/opt/ros/humble/src/gtest_vendor': C++ tests using 'Google Test' will be built
[13.687s] -- Added test 'cppcheck' to perform static code analysis on C / C++ code
[13.693s] -- Configured cppcheck include dirs: /Pav-S_ws/src/navigation2-humble/nav2_mppi_controller/include
[13.699s] -- Configured cppcheck exclude dirs and/or files: 
[13.717s] -- Added test 'cpplint' to check C / C++ code against the Google style
[13.732s] -- Configured cpplint exclude dirs and/or files: 
[13.744s] -- Added test 'lint_cmake' to check CMake code style
[13.788s] -- Added test 'uncrustify' to check C / C++ code style
[13.795s] -- Configured uncrustify additional arguments: 
[13.799s] -- Added test 'xmllint' to check XML markup files
[13.841s] -- Configuring done
[17.611s] -- Generating done
[18.462s] -- Build files have been written to: /Pav-S_ws/build/nav2_mppi_controller
[18.597s] Invoked command in '/Pav-S_ws/build/nav2_mppi_controller' returned '0': CMAKE_PREFIX_PATH=/Pav-S_ws/install/nav2_core:/Pav-S_ws/install/nav2_costmap_2d:/Pav-S_ws/install/nav2_map_server:/Pav-S_ws/install/nav2_lifecycle_manager:/Pav-S_ws/install/nav2_util:/Pav-S_ws/install/nav2_voxel_grid:/Pav-S_ws/install/nav2_msgs:/Pav-S_ws/install/nav2_common:/Pav-S_ws/install/nav2_behavior_tree:/Pav-S_ws/install/nav2_dwb_controller:/Pav-S_ws/install/nav2_controller:/Pav-S_ws/install/nav2_planner:/Pav-S_ws/install/dwb_plugins:/Pav-S_ws/install/dwb_critics:/Pav-S_ws/install/dwb_core:/Pav-S_ws/install/nav_2d_utils:/Pav-S_ws/install/costmap_queue:/ws_livox/install/pointcloud_to_laserscan:/ws_livox/install/livox_ros_driver2:/Pav-S_ws/install/wheeltec_robot_urdf:/Pav-S_ws/install/turn_on_wheeltec_robot:/Pav-S_ws/install/wheeltec_robot_msg:/Pav-S_ws/install/usb_cam:/Pav-S_ws/install/serial:/Pav-S_ws/install/robot_kcf:/Pav-S_ws/install/dwb_msgs:/Pav-S_ws/install/nav_2d_msgs:/Pav-S_ws/install/libuvc:/Pav-S_ws/install/fast_lio:/Pav-S_ws/install/astra_camera:/Pav-S_ws/install/astra_camera_msgs:/Pav-S_ws/install/yolo_detector:/Pav-S_ws/install/yolov5_lib:/Pav-S_ws/install/nav2_simple_commander:/opt/ros/humble LD_LIBRARY_PATH=/Pav-S_ws/install/nav2_costmap_2d/lib:/Pav-S_ws/install/nav2_map_server/lib:/Pav-S_ws/install/nav2_lifecycle_manager/lib:/Pav-S_ws/install/nav2_util/lib:/Pav-S_ws/install/nav2_voxel_grid/lib:/Pav-S_ws/install/nav2_msgs/lib:/Pav-S_ws/install/nav2_behavior_tree/lib:/Pav-S_ws/install/nav2_controller/lib:/Pav-S_ws/install/nav2_planner/lib:/Pav-S_ws/install/dwb_plugins/lib:/Pav-S_ws/install/dwb_critics/lib:/Pav-S_ws/install/dwb_core/lib:/Pav-S_ws/install/nav_2d_utils/lib:/Pav-S_ws/install/costmap_queue/lib:/usr/local/cuda-12.2/lib64:/ws_livox/install/pointcloud_to_laserscan/lib:/ws_livox/install/livox_ros_driver2/lib:/Pav-S_ws/install/turn_on_wheeltec_robot/lib:/Pav-S_ws/install/wheeltec_robot_msg/lib:/Pav-S_ws/install/usb_cam/lib:/Pav-S_ws/install/serial/lib:/Pav-S_ws/install/dwb_msgs/lib:/Pav-S_ws/install/nav_2d_msgs/lib:/Pav-S_ws/install/libuvc/lib:/Pav-S_ws/install/fast_lio/lib:/Pav-S_ws/install/astra_camera/lib:/Pav-S_ws/install/astra_camera_msgs/lib:/opt/ros/humble/opt/rviz_ogre_vendor/lib:/opt/ros/humble/lib/aarch64-linux-gnu:/opt/ros/humble/lib:/usr/local/cuda-12.2/lib64 /usr/bin/cmake /Pav-S_ws/src/navigation2-humble/nav2_mppi_controller -DCMAKE_INSTALL_PREFIX=/Pav-S_ws/install/nav2_mppi_controller
[18.598s] Invoking command in '/Pav-S_ws/build/nav2_mppi_controller': CMAKE_PREFIX_PATH=/Pav-S_ws/install/nav2_core:/Pav-S_ws/install/nav2_costmap_2d:/Pav-S_ws/install/nav2_map_server:/Pav-S_ws/install/nav2_lifecycle_manager:/Pav-S_ws/install/nav2_util:/Pav-S_ws/install/nav2_voxel_grid:/Pav-S_ws/install/nav2_msgs:/Pav-S_ws/install/nav2_common:/Pav-S_ws/install/nav2_behavior_tree:/Pav-S_ws/install/nav2_dwb_controller:/Pav-S_ws/install/nav2_controller:/Pav-S_ws/install/nav2_planner:/Pav-S_ws/install/dwb_plugins:/Pav-S_ws/install/dwb_critics:/Pav-S_ws/install/dwb_core:/Pav-S_ws/install/nav_2d_utils:/Pav-S_ws/install/costmap_queue:/ws_livox/install/pointcloud_to_laserscan:/ws_livox/install/livox_ros_driver2:/Pav-S_ws/install/wheeltec_robot_urdf:/Pav-S_ws/install/turn_on_wheeltec_robot:/Pav-S_ws/install/wheeltec_robot_msg:/Pav-S_ws/install/usb_cam:/Pav-S_ws/install/serial:/Pav-S_ws/install/robot_kcf:/Pav-S_ws/install/dwb_msgs:/Pav-S_ws/install/nav_2d_msgs:/Pav-S_ws/install/libuvc:/Pav-S_ws/install/fast_lio:/Pav-S_ws/install/astra_camera:/Pav-S_ws/install/astra_camera_msgs:/Pav-S_ws/install/yolo_detector:/Pav-S_ws/install/yolov5_lib:/Pav-S_ws/install/nav2_simple_commander:/opt/ros/humble LD_LIBRARY_PATH=/Pav-S_ws/install/nav2_costmap_2d/lib:/Pav-S_ws/install/nav2_map_server/lib:/Pav-S_ws/install/nav2_lifecycle_manager/lib:/Pav-S_ws/install/nav2_util/lib:/Pav-S_ws/install/nav2_voxel_grid/lib:/Pav-S_ws/install/nav2_msgs/lib:/Pav-S_ws/install/nav2_behavior_tree/lib:/Pav-S_ws/install/nav2_controller/lib:/Pav-S_ws/install/nav2_planner/lib:/Pav-S_ws/install/dwb_plugins/lib:/Pav-S_ws/install/dwb_critics/lib:/Pav-S_ws/install/dwb_core/lib:/Pav-S_ws/install/nav_2d_utils/lib:/Pav-S_ws/install/costmap_queue/lib:/usr/local/cuda-12.2/lib64:/ws_livox/install/pointcloud_to_laserscan/lib:/ws_livox/install/livox_ros_driver2/lib:/Pav-S_ws/install/turn_on_wheeltec_robot/lib:/Pav-S_ws/install/wheeltec_robot_msg/lib:/Pav-S_ws/install/usb_cam/lib:/Pav-S_ws/install/serial/lib:/Pav-S_ws/install/dwb_msgs/lib:/Pav-S_ws/install/nav_2d_msgs/lib:/Pav-S_ws/install/libuvc/lib:/Pav-S_ws/install/fast_lio/lib:/Pav-S_ws/install/astra_camera/lib:/Pav-S_ws/install/astra_camera_msgs/lib:/opt/ros/humble/opt/rviz_ogre_vendor/lib:/opt/ros/humble/lib/aarch64-linux-gnu:/opt/ros/humble/lib:/usr/local/cuda-12.2/lib64 /usr/bin/cmake --build /Pav-S_ws/build/nav2_mppi_controller -- -j6 -l6
[30.092s] [  2%] [32mBuilding CXX object CMakeFiles/mppi_controller.dir/src/controller.cpp.o[0m
[30.093s] [  4%] [32mBuilding CXX object CMakeFiles/mppi_controller.dir/src/optimizer.cpp.o[0m
[30.093s] [  6%] [32mBuilding CXX object CMakeFiles/mppi_critics.dir/src/critics/obstacles_critic.cpp.o[0m
[30.093s] [  8%] [32mBuilding CXX object gtest/CMakeFiles/gtest.dir/src/gtest-all.cc.o[0m
[30.093s] [ 10%] [32mBuilding CXX object CMakeFiles/mppi_controller.dir/src/critic_manager.cpp.o[0m
[30.093s] [ 12%] [32mBuilding CXX object gtest/CMakeFiles/gtest_main.dir/src/gtest_main.cc.o[0m
[32.629s] [ 14%] [32m[1mLinking CXX static library libgtest_main.a[0m
[32.952s] [ 14%] Built target gtest_main
[149.486s] [ 16%] [32m[1mLinking CXX static library libgtest.a[0m
[150.084s] [ 16%] Built target gtest
[205.008s] [ 18%] [32mBuilding CXX object CMakeFiles/mppi_critics.dir/src/critics/cost_critic.cpp.o[0m
[236.318s] [ 20%] [32mBuilding CXX object CMakeFiles/mppi_controller.dir/src/parameters_handler.cpp.o[0m
[238.382s] [ 22%] [32mBuilding CXX object CMakeFiles/mppi_critics.dir/src/critics/goal_angle_critic.cpp.o[0m
[246.323s] [ 24%] [32mBuilding CXX object CMakeFiles/mppi_controller.dir/src/noise_generator.cpp.o[0m
[262.815s] [ 26%] [32mBuilding CXX object CMakeFiles/mppi_controller.dir/src/path_handler.cpp.o[0m
[266.743s] [ 28%] [32mBuilding CXX object CMakeFiles/mppi_critics.dir/src/critics/path_align_legacy_critic.cpp.o[0m
[287.538s] [ 30%] [32mBuilding CXX object CMakeFiles/mppi_controller.dir/src/trajectory_visualizer.cpp.o[0m
[293.465s] [ 32%] [32mBuilding CXX object CMakeFiles/mppi_critics.dir/src/critics/path_angle_critic.cpp.o[0m
[320.919s] [ 34%] [32m[1mLinking CXX shared library libmppi_controller.so[0m
[321.929s] [ 34%] Built target mppi_controller
[326.480s] [ 36%] [32mBuilding CXX object CMakeFiles/mppi_critics.dir/src/critics/twirling_critic.cpp.o[0m
[349.052s] [ 38%] [32mBuilding CXX object CMakeFiles/mppi_critics.dir/src/critics/prefer_forward_critic.cpp.o[0m
[372.473s] [ 40%] [32mBuilding CXX object CMakeFiles/mppi_critics.dir/src/critics/path_follow_critic.cpp.o[0m
[398.094s] [ 42%] [32mBuilding CXX object CMakeFiles/mppi_critics.dir/src/critics/path_align_critic.cpp.o[0m
[424.232s] [ 44%] [32mBuilding CXX object CMakeFiles/mppi_critics.dir/src/critics/goal_critic.cpp.o[0m
[444.424s] [ 46%] [32mBuilding CXX object test/CMakeFiles/parameter_handler_test.dir/parameter_handler_test.cpp.o[0m
[446.503s] [ 48%] [32mBuilding CXX object test/CMakeFiles/noise_generator_test.dir/noise_generator_test.cpp.o[0m
[448.625s] [ 51%] [32mBuilding CXX object test/CMakeFiles/models_test.dir/models_test.cpp.o[0m
[450.815s] [ 53%] [32mBuilding CXX object CMakeFiles/mppi_critics.dir/src/critics/constraint_critic.cpp.o[0m
[465.233s] [ 55%] [32m[1mLinking CXX executable parameter_handler_test[0m
[466.665s] [ 55%] Built target parameter_handler_test
[470.012s] [ 57%] [32m[1mLinking CXX executable noise_generator_test[0m
[471.195s] [ 57%] Built target noise_generator_test
[472.464s] [ 59%] [32m[1mLinking CXX executable models_test[0m
[473.307s] [ 59%] Built target models_test
[484.715s] [ 61%] [32mBuilding CXX object CMakeFiles/mppi_critics.dir/src/critics/velocity_deadband_critic.cpp.o[0m
[509.904s] [ 63%] [32m[1mLinking CXX shared library libmppi_critics.so[0m
[510.905s] [ 63%] Built target mppi_critics
[510.969s] [ 65%] [32mBuilding CXX object test/CMakeFiles/utils_test.dir/utils_test.cpp.o[0m
[529.032s] [ 67%] [32mBuilding CXX object test/CMakeFiles/path_handler_test.dir/path_handler_test.cpp.o[0m
[531.184s] [ 69%] [32mBuilding CXX object test/CMakeFiles/trajectory_visualizer_tests.dir/trajectory_visualizer_tests.cpp.o[0m
[533.284s] [ 71%] [32mBuilding CXX object test/CMakeFiles/motion_model_tests.dir/motion_model_tests.cpp.o[0m
[564.708s] [ 73%] [32m[1mLinking CXX executable utils_test[0m
[567.639s] [ 73%] Built target utils_test
[572.329s] [ 75%] [32m[1mLinking CXX executable path_handler_test[0m
[574.018s] [ 75%] Built target path_handler_test
[576.355s] [ 77%] [32m[1mLinking CXX executable motion_model_tests[0m
[577.377s] [ 77%] Built target motion_model_tests
[609.357s] [ 79%] [32m[1mLinking CXX executable trajectory_visualizer_tests[0m
[610.308s] [ 79%] Built target trajectory_visualizer_tests
[610.380s] [ 81%] [32mBuilding CXX object test/CMakeFiles/critics_tests.dir/critics_tests.cpp.o[0m
[660.627s] [ 83%] [32m[1mLinking CXX executable critics_tests[0m
[661.648s] [ 83%] Built target critics_tests
[661.712s] [ 85%] [32mBuilding CXX object test/CMakeFiles/optimizer_unit_tests.dir/optimizer_unit_tests.cpp.o[0m
[676.257s] [01m[K/Pav-S_ws/src/navigation2-humble/nav2_mppi_controller/test/optimizer_unit_tests.cpp:[m[K In member function ‘[01m[Kstd::pair<double, double> OptimizerTester::getVelLimits()[m[K’:
[676.257s] [01m[K/Pav-S_ws/src/navigation2-humble/nav2_mppi_controller/test/optimizer_unit_tests.cpp:149:3:[m[K [01;36m[Knote: [m[Kparameter passing for argument of type ‘[01m[Kstd::pair<double, double>[m[K’ when C++17 is enabled changed to match C++14 ]8;;https://gcc.gnu.org/gcc-10/changes.html#empty_basein GCC 10.1]8;;
[676.257s]   149 |   [01;36m[K{[m[K
[676.257s]       |   [01;36m[K^[m[K
[703.341s] [ 87%] [32m[1mLinking CXX executable optimizer_unit_tests[0m
[704.569s] [ 87%] Built target optimizer_unit_tests
[704.667s] [ 89%] [32mBuilding CXX object test/CMakeFiles/controller_state_transition_test.dir/controller_state_transition_test.cpp.o[0m
[704.719s] [ 91%] [32mBuilding CXX object test/CMakeFiles/critic_manager_test.dir/critic_manager_test.cpp.o[0m
[740.002s] [ 93%] [32m[1mLinking CXX executable critic_manager_test[0m
[740.818s] [ 95%] [32m[1mLinking CXX executable controller_state_transition_test[0m
[741.048s] [ 95%] Built target critic_manager_test
[741.121s] [ 97%] [32mBuilding CXX object test/CMakeFiles/optimizer_smoke_test.dir/optimizer_smoke_test.cpp.o[0m
[741.889s] [ 97%] Built target controller_state_transition_test
[775.404s] [100%] [32m[1mLinking CXX executable optimizer_smoke_test[0m
[776.289s] [100%] Built target optimizer_smoke_test
[776.336s] Invoked command in '/Pav-S_ws/build/nav2_mppi_controller' returned '0': CMAKE_PREFIX_PATH=/Pav-S_ws/install/nav2_core:/Pav-S_ws/install/nav2_costmap_2d:/Pav-S_ws/install/nav2_map_server:/Pav-S_ws/install/nav2_lifecycle_manager:/Pav-S_ws/install/nav2_util:/Pav-S_ws/install/nav2_voxel_grid:/Pav-S_ws/install/nav2_msgs:/Pav-S_ws/install/nav2_common:/Pav-S_ws/install/nav2_behavior_tree:/Pav-S_ws/install/nav2_dwb_controller:/Pav-S_ws/install/nav2_controller:/Pav-S_ws/install/nav2_planner:/Pav-S_ws/install/dwb_plugins:/Pav-S_ws/install/dwb_critics:/Pav-S_ws/install/dwb_core:/Pav-S_ws/install/nav_2d_utils:/Pav-S_ws/install/costmap_queue:/ws_livox/install/pointcloud_to_laserscan:/ws_livox/install/livox_ros_driver2:/Pav-S_ws/install/wheeltec_robot_urdf:/Pav-S_ws/install/turn_on_wheeltec_robot:/Pav-S_ws/install/wheeltec_robot_msg:/Pav-S_ws/install/usb_cam:/Pav-S_ws/install/serial:/Pav-S_ws/install/robot_kcf:/Pav-S_ws/install/dwb_msgs:/Pav-S_ws/install/nav_2d_msgs:/Pav-S_ws/install/libuvc:/Pav-S_ws/install/fast_lio:/Pav-S_ws/install/astra_camera:/Pav-S_ws/install/astra_camera_msgs:/Pav-S_ws/install/yolo_detector:/Pav-S_ws/install/yolov5_lib:/Pav-S_ws/install/nav2_simple_commander:/opt/ros/humble LD_LIBRARY_PATH=/Pav-S_ws/install/nav2_costmap_2d/lib:/Pav-S_ws/install/nav2_map_server/lib:/Pav-S_ws/install/nav2_lifecycle_manager/lib:/Pav-S_ws/install/nav2_util/lib:/Pav-S_ws/install/nav2_voxel_grid/lib:/Pav-S_ws/install/nav2_msgs/lib:/Pav-S_ws/install/nav2_behavior_tree/lib:/Pav-S_ws/install/nav2_controller/lib:/Pav-S_ws/install/nav2_planner/lib:/Pav-S_ws/install/dwb_plugins/lib:/Pav-S_ws/install/dwb_critics/lib:/Pav-S_ws/install/dwb_core/lib:/Pav-S_ws/install/nav_2d_utils/lib:/Pav-S_ws/install/costmap_queue/lib:/usr/local/cuda-12.2/lib64:/ws_livox/install/pointcloud_to_laserscan/lib:/ws_livox/install/livox_ros_driver2/lib:/Pav-S_ws/install/turn_on_wheeltec_robot/lib:/Pav-S_ws/install/wheeltec_robot_msg/lib:/Pav-S_ws/install/usb_cam/lib:/Pav-S_ws/install/serial/lib:/Pav-S_ws/install/dwb_msgs/lib:/Pav-S_ws/install/nav_2d_msgs/lib:/Pav-S_ws/install/libuvc/lib:/Pav-S_ws/install/fast_lio/lib:/Pav-S_ws/install/astra_camera/lib:/Pav-S_ws/install/astra_camera_msgs/lib:/opt/ros/humble/opt/rviz_ogre_vendor/lib:/opt/ros/humble/lib/aarch64-linux-gnu:/opt/ros/humble/lib:/usr/local/cuda-12.2/lib64 /usr/bin/cmake --build /Pav-S_ws/build/nav2_mppi_controller -- -j6 -l6
[776.342s] Invoking command in '/Pav-S_ws/build/nav2_mppi_controller': CMAKE_PREFIX_PATH=/Pav-S_ws/install/nav2_core:/Pav-S_ws/install/nav2_costmap_2d:/Pav-S_ws/install/nav2_map_server:/Pav-S_ws/install/nav2_lifecycle_manager:/Pav-S_ws/install/nav2_util:/Pav-S_ws/install/nav2_voxel_grid:/Pav-S_ws/install/nav2_msgs:/Pav-S_ws/install/nav2_common:/Pav-S_ws/install/nav2_behavior_tree:/Pav-S_ws/install/nav2_dwb_controller:/Pav-S_ws/install/nav2_controller:/Pav-S_ws/install/nav2_planner:/Pav-S_ws/install/dwb_plugins:/Pav-S_ws/install/dwb_critics:/Pav-S_ws/install/dwb_core:/Pav-S_ws/install/nav_2d_utils:/Pav-S_ws/install/costmap_queue:/ws_livox/install/pointcloud_to_laserscan:/ws_livox/install/livox_ros_driver2:/Pav-S_ws/install/wheeltec_robot_urdf:/Pav-S_ws/install/turn_on_wheeltec_robot:/Pav-S_ws/install/wheeltec_robot_msg:/Pav-S_ws/install/usb_cam:/Pav-S_ws/install/serial:/Pav-S_ws/install/robot_kcf:/Pav-S_ws/install/dwb_msgs:/Pav-S_ws/install/nav_2d_msgs:/Pav-S_ws/install/libuvc:/Pav-S_ws/install/fast_lio:/Pav-S_ws/install/astra_camera:/Pav-S_ws/install/astra_camera_msgs:/Pav-S_ws/install/yolo_detector:/Pav-S_ws/install/yolov5_lib:/Pav-S_ws/install/nav2_simple_commander:/opt/ros/humble LD_LIBRARY_PATH=/Pav-S_ws/install/nav2_costmap_2d/lib:/Pav-S_ws/install/nav2_map_server/lib:/Pav-S_ws/install/nav2_lifecycle_manager/lib:/Pav-S_ws/install/nav2_util/lib:/Pav-S_ws/install/nav2_voxel_grid/lib:/Pav-S_ws/install/nav2_msgs/lib:/Pav-S_ws/install/nav2_behavior_tree/lib:/Pav-S_ws/install/nav2_controller/lib:/Pav-S_ws/install/nav2_planner/lib:/Pav-S_ws/install/dwb_plugins/lib:/Pav-S_ws/install/dwb_critics/lib:/Pav-S_ws/install/dwb_core/lib:/Pav-S_ws/install/nav_2d_utils/lib:/Pav-S_ws/install/costmap_queue/lib:/usr/local/cuda-12.2/lib64:/ws_livox/install/pointcloud_to_laserscan/lib:/ws_livox/install/livox_ros_driver2/lib:/Pav-S_ws/install/turn_on_wheeltec_robot/lib:/Pav-S_ws/install/wheeltec_robot_msg/lib:/Pav-S_ws/install/usb_cam/lib:/Pav-S_ws/install/serial/lib:/Pav-S_ws/install/dwb_msgs/lib:/Pav-S_ws/install/nav_2d_msgs/lib:/Pav-S_ws/install/libuvc/lib:/Pav-S_ws/install/fast_lio/lib:/Pav-S_ws/install/astra_camera/lib:/Pav-S_ws/install/astra_camera_msgs/lib:/opt/ros/humble/opt/rviz_ogre_vendor/lib:/opt/ros/humble/lib/aarch64-linux-gnu:/opt/ros/humble/lib:/usr/local/cuda-12.2/lib64 /usr/bin/cmake --install /Pav-S_ws/build/nav2_mppi_controller
[776.366s] -- Install configuration: "Release"
[776.367s] -- Installing: /Pav-S_ws/install/nav2_mppi_controller/lib/libmppi_controller.so
[776.371s] -- Set runtime path of "/Pav-S_ws/install/nav2_mppi_controller/lib/libmppi_controller.so" to ""
[776.372s] -- Installing: /Pav-S_ws/install/nav2_mppi_controller/lib/libmppi_critics.so
[776.375s] -- Set runtime path of "/Pav-S_ws/install/nav2_mppi_controller/lib/libmppi_critics.so" to ""
[776.375s] -- Installing: /Pav-S_ws/install/nav2_mppi_controller/include/
[776.375s] -- Installing: /Pav-S_ws/install/nav2_mppi_controller/include//nav2_mppi_controller
[776.376s] -- Installing: /Pav-S_ws/install/nav2_mppi_controller/include//nav2_mppi_controller/critic_function.hpp
[776.376s] -- Installing: /Pav-S_ws/install/nav2_mppi_controller/include//nav2_mppi_controller/controller.hpp
[776.376s] -- Installing: /Pav-S_ws/install/nav2_mppi_controller/include//nav2_mppi_controller/critic_data.hpp
[776.377s] -- Installing: /Pav-S_ws/install/nav2_mppi_controller/include//nav2_mppi_controller/optimizer.hpp
[776.377s] -- Installing: /Pav-S_ws/install/nav2_mppi_controller/include//nav2_mppi_controller/critics
[776.377s] -- Installing: /Pav-S_ws/install/nav2_mppi_controller/include//nav2_mppi_controller/critics/prefer_forward_critic.hpp
[776.378s] -- Installing: /Pav-S_ws/install/nav2_mppi_controller/include//nav2_mppi_controller/critics/path_align_legacy_critic.hpp
[776.378s] -- Installing: /Pav-S_ws/install/nav2_mppi_controller/include//nav2_mppi_controller/critics/constraint_critic.hpp
[776.378s] -- Installing: /Pav-S_ws/install/nav2_mppi_controller/include//nav2_mppi_controller/critics/goal_angle_critic.hpp
[776.379s] -- Installing: /Pav-S_ws/install/nav2_mppi_controller/include//nav2_mppi_controller/critics/obstacles_critic.hpp
[776.379s] -- Installing: /Pav-S_ws/install/nav2_mppi_controller/include//nav2_mppi_controller/critics/path_angle_critic.hpp
[776.379s] -- Installing: /Pav-S_ws/install/nav2_mppi_controller/include//nav2_mppi_controller/critics/cost_critic.hpp
[776.379s] -- Installing: /Pav-S_ws/install/nav2_mppi_controller/include//nav2_mppi_controller/critics/twirling_critic.hpp
[776.380s] -- Installing: /Pav-S_ws/install/nav2_mppi_controller/include//nav2_mppi_controller/critics/velocity_deadband_critic.hpp
[776.380s] -- Installing: /Pav-S_ws/install/nav2_mppi_controller/include//nav2_mppi_controller/critics/path_align_critic.hpp
[776.380s] -- Installing: /Pav-S_ws/install/nav2_mppi_controller/include//nav2_mppi_controller/critics/goal_critic.hpp
[776.381s] -- Installing: /Pav-S_ws/install/nav2_mppi_controller/include//nav2_mppi_controller/critics/path_follow_critic.hpp
[776.381s] -- Installing: /Pav-S_ws/install/nav2_mppi_controller/include//nav2_mppi_controller/tools
[776.381s] -- Installing: /Pav-S_ws/install/nav2_mppi_controller/include//nav2_mppi_controller/tools/utils.hpp
[776.382s] -- Installing: /Pav-S_ws/install/nav2_mppi_controller/include//nav2_mppi_controller/tools/path_handler.hpp
[776.382s] -- Installing: /Pav-S_ws/install/nav2_mppi_controller/include//nav2_mppi_controller/tools/trajectory_visualizer.hpp
[776.382s] -- Installing: /Pav-S_ws/install/nav2_mppi_controller/include//nav2_mppi_controller/tools/parameters_handler.hpp
[776.383s] -- Installing: /Pav-S_ws/install/nav2_mppi_controller/include//nav2_mppi_controller/tools/noise_generator.hpp
[776.383s] -- Installing: /Pav-S_ws/install/nav2_mppi_controller/include//nav2_mppi_controller/models
[776.383s] -- Installing: /Pav-S_ws/install/nav2_mppi_controller/include//nav2_mppi_controller/models/optimizer_settings.hpp
[776.383s] -- Installing: /Pav-S_ws/install/nav2_mppi_controller/include//nav2_mppi_controller/models/constraints.hpp
[776.384s] -- Installing: /Pav-S_ws/install/nav2_mppi_controller/include//nav2_mppi_controller/models/path.hpp
[776.384s] -- Installing: /Pav-S_ws/install/nav2_mppi_controller/include//nav2_mppi_controller/models/state.hpp
[776.384s] -- Installing: /Pav-S_ws/install/nav2_mppi_controller/include//nav2_mppi_controller/models/control_sequence.hpp
[776.384s] -- Installing: /Pav-S_ws/install/nav2_mppi_controller/include//nav2_mppi_controller/models/trajectories.hpp
[776.385s] -- Installing: /Pav-S_ws/install/nav2_mppi_controller/include//nav2_mppi_controller/motion_models.hpp
[776.385s] -- Installing: /Pav-S_ws/install/nav2_mppi_controller/include//nav2_mppi_controller/critic_manager.hpp
[776.385s] -- Installing: /Pav-S_ws/install/nav2_mppi_controller/share/nav2_mppi_controller/environment/library_path.sh
[776.385s] -- Installing: /Pav-S_ws/install/nav2_mppi_controller/share/nav2_mppi_controller/environment/library_path.dsv
[776.386s] -- Installing: /Pav-S_ws/install/nav2_mppi_controller/share/nav2_mppi_controller/mppic.xml
[776.386s] -- Installing: /Pav-S_ws/install/nav2_mppi_controller/share/nav2_mppi_controller/critics.xml
[776.386s] -- Installing: /Pav-S_ws/install/nav2_mppi_controller/share/ament_index/resource_index/package_run_dependencies/nav2_mppi_controller
[776.386s] -- Installing: /Pav-S_ws/install/nav2_mppi_controller/share/ament_index/resource_index/parent_prefix_path/nav2_mppi_controller
[776.387s] -- Installing: /Pav-S_ws/install/nav2_mppi_controller/share/nav2_mppi_controller/environment/ament_prefix_path.sh
[776.387s] -- Installing: /Pav-S_ws/install/nav2_mppi_controller/share/nav2_mppi_controller/environment/ament_prefix_path.dsv
[776.388s] -- Installing: /Pav-S_ws/install/nav2_mppi_controller/share/nav2_mppi_controller/environment/path.sh
[776.388s] -- Installing: /Pav-S_ws/install/nav2_mppi_controller/share/nav2_mppi_controller/environment/path.dsv
[776.389s] -- Installing: /Pav-S_ws/install/nav2_mppi_controller/share/nav2_mppi_controller/local_setup.bash
[776.389s] -- Installing: /Pav-S_ws/install/nav2_mppi_controller/share/nav2_mppi_controller/local_setup.sh
[776.389s] -- Installing: /Pav-S_ws/install/nav2_mppi_controller/share/nav2_mppi_controller/local_setup.zsh
[776.390s] -- Installing: /Pav-S_ws/install/nav2_mppi_controller/share/nav2_mppi_controller/local_setup.dsv
[776.390s] -- Installing: /Pav-S_ws/install/nav2_mppi_controller/share/nav2_mppi_controller/package.dsv
[776.391s] -- Installing: /Pav-S_ws/install/nav2_mppi_controller/share/ament_index/resource_index/packages/nav2_mppi_controller
[776.392s] -- Installing: /Pav-S_ws/install/nav2_mppi_controller/share/ament_index/resource_index/nav2_core__pluginlib__plugin/nav2_mppi_controller
[776.393s] -- Installing: /Pav-S_ws/install/nav2_mppi_controller/share/ament_index/resource_index/nav2_mppi_controller__pluginlib__plugin/nav2_mppi_controller
[776.393s] -- Installing: /Pav-S_ws/install/nav2_mppi_controller/share/nav2_mppi_controller/cmake/ament_cmake_export_libraries-extras.cmake
[776.394s] -- Installing: /Pav-S_ws/install/nav2_mppi_controller/share/nav2_mppi_controller/cmake/ament_cmake_export_dependencies-extras.cmake
[776.394s] -- Installing: /Pav-S_ws/install/nav2_mppi_controller/share/nav2_mppi_controller/cmake/ament_cmake_export_include_directories-extras.cmake
[776.396s] -- Installing: /Pav-S_ws/install/nav2_mppi_controller/share/nav2_mppi_controller/cmake/nav2_mppi_controllerConfig.cmake
[776.396s] -- Installing: /Pav-S_ws/install/nav2_mppi_controller/share/nav2_mppi_controller/cmake/nav2_mppi_controllerConfig-version.cmake
[776.396s] -- Installing: /Pav-S_ws/install/nav2_mppi_controller/share/nav2_mppi_controller/package.xml
[776.405s] Invoked command in '/Pav-S_ws/build/nav2_mppi_controller' returned '0': CMAKE_PREFIX_PATH=/Pav-S_ws/install/nav2_core:/Pav-S_ws/install/nav2_costmap_2d:/Pav-S_ws/install/nav2_map_server:/Pav-S_ws/install/nav2_lifecycle_manager:/Pav-S_ws/install/nav2_util:/Pav-S_ws/install/nav2_voxel_grid:/Pav-S_ws/install/nav2_msgs:/Pav-S_ws/install/nav2_common:/Pav-S_ws/install/nav2_behavior_tree:/Pav-S_ws/install/nav2_dwb_controller:/Pav-S_ws/install/nav2_controller:/Pav-S_ws/install/nav2_planner:/Pav-S_ws/install/dwb_plugins:/Pav-S_ws/install/dwb_critics:/Pav-S_ws/install/dwb_core:/Pav-S_ws/install/nav_2d_utils:/Pav-S_ws/install/costmap_queue:/ws_livox/install/pointcloud_to_laserscan:/ws_livox/install/livox_ros_driver2:/Pav-S_ws/install/wheeltec_robot_urdf:/Pav-S_ws/install/turn_on_wheeltec_robot:/Pav-S_ws/install/wheeltec_robot_msg:/Pav-S_ws/install/usb_cam:/Pav-S_ws/install/serial:/Pav-S_ws/install/robot_kcf:/Pav-S_ws/install/dwb_msgs:/Pav-S_ws/install/nav_2d_msgs:/Pav-S_ws/install/libuvc:/Pav-S_ws/install/fast_lio:/Pav-S_ws/install/astra_camera:/Pav-S_ws/install/astra_camera_msgs:/Pav-S_ws/install/yolo_detector:/Pav-S_ws/install/yolov5_lib:/Pav-S_ws/install/nav2_simple_commander:/opt/ros/humble LD_LIBRARY_PATH=/Pav-S_ws/install/nav2_costmap_2d/lib:/Pav-S_ws/install/nav2_map_server/lib:/Pav-S_ws/install/nav2_lifecycle_manager/lib:/Pav-S_ws/install/nav2_util/lib:/Pav-S_ws/install/nav2_voxel_grid/lib:/Pav-S_ws/install/nav2_msgs/lib:/Pav-S_ws/install/nav2_behavior_tree/lib:/Pav-S_ws/install/nav2_controller/lib:/Pav-S_ws/install/nav2_planner/lib:/Pav-S_ws/install/dwb_plugins/lib:/Pav-S_ws/install/dwb_critics/lib:/Pav-S_ws/install/dwb_core/lib:/Pav-S_ws/install/nav_2d_utils/lib:/Pav-S_ws/install/costmap_queue/lib:/usr/local/cuda-12.2/lib64:/ws_livox/install/pointcloud_to_laserscan/lib:/ws_livox/install/livox_ros_driver2/lib:/Pav-S_ws/install/turn_on_wheeltec_robot/lib:/Pav-S_ws/install/wheeltec_robot_msg/lib:/Pav-S_ws/install/usb_cam/lib:/Pav-S_ws/install/serial/lib:/Pav-S_ws/install/dwb_msgs/lib:/Pav-S_ws/install/nav_2d_msgs/lib:/Pav-S_ws/install/libuvc/lib:/Pav-S_ws/install/fast_lio/lib:/Pav-S_ws/install/astra_camera/lib:/Pav-S_ws/install/astra_camera_msgs/lib:/opt/ros/humble/opt/rviz_ogre_vendor/lib:/opt/ros/humble/lib/aarch64-linux-gnu:/opt/ros/humble/lib:/usr/local/cuda-12.2/lib64 /usr/bin/cmake --install /Pav-S_ws/build/nav2_mppi_controller
