[0.157s] Invoking command in '/Pav-S_ws/build/dwb_msgs': CMAKE_PREFIX_PATH=/Pav-S_ws/install/nav_2d_msgs:/Pav-S_ws/install/nav2_behavior_tree:/Pav-S_ws/install/nav2_dwb_controller:/Pav-S_ws/install/nav2_controller:/Pav-S_ws/install/nav2_planner:/Pav-S_ws/install/dwb_plugins:/Pav-S_ws/install/dwb_critics:/Pav-S_ws/install/dwb_core:/Pav-S_ws/install/nav_2d_utils:/Pav-S_ws/install/nav2_core:/Pav-S_ws/install/costmap_queue:/Pav-S_ws/install/nav2_costmap_2d:/Pav-S_ws/install/nav2_map_server:/Pav-S_ws/install/nav2_lifecycle_manager:/ws_livox/install/pointcloud_to_laserscan:/ws_livox/install/livox_ros_driver2:/Pav-S_ws/install/wheeltec_robot_urdf:/Pav-S_ws/install/turn_on_wheeltec_robot:/Pav-S_ws/install/wheeltec_robot_msg:/Pav-S_ws/install/usb_cam:/Pav-S_ws/install/serial:/Pav-S_ws/install/robot_kcf:/Pav-S_ws/install/dwb_msgs:/Pav-S_ws/install/nav2_voxel_grid:/Pav-S_ws/install/nav2_util:/Pav-S_ws/install/nav2_msgs:/Pav-S_ws/install/nav2_common:/Pav-S_ws/install/libuvc:/Pav-S_ws/install/fast_lio:/Pav-S_ws/install/astra_camera:/Pav-S_ws/install/astra_camera_msgs:/Pav-S_ws/install/yolo_detector:/Pav-S_ws/install/yolov5_lib:/Pav-S_ws/install/nav2_simple_commander:/opt/ros/humble LD_LIBRARY_PATH=/Pav-S_ws/install/nav_2d_msgs/lib:/Pav-S_ws/install/nav2_behavior_tree/lib:/Pav-S_ws/install/nav2_controller/lib:/Pav-S_ws/install/nav2_planner/lib:/Pav-S_ws/install/dwb_plugins/lib:/Pav-S_ws/install/dwb_critics/lib:/Pav-S_ws/install/dwb_core/lib:/Pav-S_ws/install/nav_2d_utils/lib:/Pav-S_ws/install/costmap_queue/lib:/Pav-S_ws/install/nav2_costmap_2d/lib:/Pav-S_ws/install/nav2_map_server/lib:/Pav-S_ws/install/nav2_lifecycle_manager/lib:/usr/local/cuda-12.2/lib64:/ws_livox/install/pointcloud_to_laserscan/lib:/ws_livox/install/livox_ros_driver2/lib:/Pav-S_ws/install/turn_on_wheeltec_robot/lib:/Pav-S_ws/install/wheeltec_robot_msg/lib:/Pav-S_ws/install/usb_cam/lib:/Pav-S_ws/install/serial/lib:/Pav-S_ws/install/dwb_msgs/lib:/Pav-S_ws/install/nav2_voxel_grid/lib:/Pav-S_ws/install/nav2_util/lib:/Pav-S_ws/install/nav2_msgs/lib:/Pav-S_ws/install/libuvc/lib:/Pav-S_ws/install/fast_lio/lib:/Pav-S_ws/install/astra_camera/lib:/Pav-S_ws/install/astra_camera_msgs/lib:/opt/ros/humble/opt/rviz_ogre_vendor/lib:/opt/ros/humble/lib/aarch64-linux-gnu:/opt/ros/humble/lib:/usr/local/cuda-12.2/lib64 /usr/bin/cmake --build /Pav-S_ws/build/dwb_msgs -- -j6 -l6
[0.470s] [  1%] Built target dwb_msgs__cpp
[0.512s] [ 12%] Built target dwb_msgs__rosidl_generator_c
[0.618s] [ 12%] Built target ament_cmake_python_copy_dwb_msgs
[0.635s] [ 24%] Built target dwb_msgs__rosidl_typesupport_cpp
[0.667s] [ 35%] Built target dwb_msgs__rosidl_typesupport_fastrtps_c
[0.690s] [ 47%] Built target dwb_msgs__rosidl_typesupport_fastrtps_cpp
[0.708s] [ 58%] Built target dwb_msgs__rosidl_typesupport_introspection_c
[0.709s] [ 70%] Built target dwb_msgs__rosidl_typesupport_introspection_cpp
[0.758s] [ 82%] Built target dwb_msgs__rosidl_typesupport_c
[0.893s] [ 82%] Built target dwb_msgs
[0.981s] [ 83%] Built target dwb_msgs__py
[1.063s] [ 93%] Built target dwb_msgs__rosidl_generator_py
[1.176s] [ 95%] Built target dwb_msgs__rosidl_typesupport_fastrtps_c__pyext
[1.202s] [ 97%] Built target dwb_msgs__rosidl_typesupport_c__pyext
[1.210s] [100%] Built target dwb_msgs__rosidl_typesupport_introspection_c__pyext
[1.543s] running egg_info
[1.543s] writing dwb_msgs.egg-info/PKG-INFO
[1.544s] writing dependency_links to dwb_msgs.egg-info/dependency_links.txt
[1.544s] writing top-level names to dwb_msgs.egg-info/top_level.txt
[1.544s] reading manifest file 'dwb_msgs.egg-info/SOURCES.txt'
[1.544s] writing manifest file 'dwb_msgs.egg-info/SOURCES.txt'
[1.589s] [100%] Built target ament_cmake_python_build_dwb_msgs_egg
[1.706s] Invoked command in '/Pav-S_ws/build/dwb_msgs' returned '0': CMAKE_PREFIX_PATH=/Pav-S_ws/install/nav_2d_msgs:/Pav-S_ws/install/nav2_behavior_tree:/Pav-S_ws/install/nav2_dwb_controller:/Pav-S_ws/install/nav2_controller:/Pav-S_ws/install/nav2_planner:/Pav-S_ws/install/dwb_plugins:/Pav-S_ws/install/dwb_critics:/Pav-S_ws/install/dwb_core:/Pav-S_ws/install/nav_2d_utils:/Pav-S_ws/install/nav2_core:/Pav-S_ws/install/costmap_queue:/Pav-S_ws/install/nav2_costmap_2d:/Pav-S_ws/install/nav2_map_server:/Pav-S_ws/install/nav2_lifecycle_manager:/ws_livox/install/pointcloud_to_laserscan:/ws_livox/install/livox_ros_driver2:/Pav-S_ws/install/wheeltec_robot_urdf:/Pav-S_ws/install/turn_on_wheeltec_robot:/Pav-S_ws/install/wheeltec_robot_msg:/Pav-S_ws/install/usb_cam:/Pav-S_ws/install/serial:/Pav-S_ws/install/robot_kcf:/Pav-S_ws/install/dwb_msgs:/Pav-S_ws/install/nav2_voxel_grid:/Pav-S_ws/install/nav2_util:/Pav-S_ws/install/nav2_msgs:/Pav-S_ws/install/nav2_common:/Pav-S_ws/install/libuvc:/Pav-S_ws/install/fast_lio:/Pav-S_ws/install/astra_camera:/Pav-S_ws/install/astra_camera_msgs:/Pav-S_ws/install/yolo_detector:/Pav-S_ws/install/yolov5_lib:/Pav-S_ws/install/nav2_simple_commander:/opt/ros/humble LD_LIBRARY_PATH=/Pav-S_ws/install/nav_2d_msgs/lib:/Pav-S_ws/install/nav2_behavior_tree/lib:/Pav-S_ws/install/nav2_controller/lib:/Pav-S_ws/install/nav2_planner/lib:/Pav-S_ws/install/dwb_plugins/lib:/Pav-S_ws/install/dwb_critics/lib:/Pav-S_ws/install/dwb_core/lib:/Pav-S_ws/install/nav_2d_utils/lib:/Pav-S_ws/install/costmap_queue/lib:/Pav-S_ws/install/nav2_costmap_2d/lib:/Pav-S_ws/install/nav2_map_server/lib:/Pav-S_ws/install/nav2_lifecycle_manager/lib:/usr/local/cuda-12.2/lib64:/ws_livox/install/pointcloud_to_laserscan/lib:/ws_livox/install/livox_ros_driver2/lib:/Pav-S_ws/install/turn_on_wheeltec_robot/lib:/Pav-S_ws/install/wheeltec_robot_msg/lib:/Pav-S_ws/install/usb_cam/lib:/Pav-S_ws/install/serial/lib:/Pav-S_ws/install/dwb_msgs/lib:/Pav-S_ws/install/nav2_voxel_grid/lib:/Pav-S_ws/install/nav2_util/lib:/Pav-S_ws/install/nav2_msgs/lib:/Pav-S_ws/install/libuvc/lib:/Pav-S_ws/install/fast_lio/lib:/Pav-S_ws/install/astra_camera/lib:/Pav-S_ws/install/astra_camera_msgs/lib:/opt/ros/humble/opt/rviz_ogre_vendor/lib:/opt/ros/humble/lib/aarch64-linux-gnu:/opt/ros/humble/lib:/usr/local/cuda-12.2/lib64 /usr/bin/cmake --build /Pav-S_ws/build/dwb_msgs -- -j6 -l6
[1.708s] Invoking command in '/Pav-S_ws/build/dwb_msgs': CMAKE_PREFIX_PATH=/Pav-S_ws/install/nav_2d_msgs:/Pav-S_ws/install/nav2_behavior_tree:/Pav-S_ws/install/nav2_dwb_controller:/Pav-S_ws/install/nav2_controller:/Pav-S_ws/install/nav2_planner:/Pav-S_ws/install/dwb_plugins:/Pav-S_ws/install/dwb_critics:/Pav-S_ws/install/dwb_core:/Pav-S_ws/install/nav_2d_utils:/Pav-S_ws/install/nav2_core:/Pav-S_ws/install/costmap_queue:/Pav-S_ws/install/nav2_costmap_2d:/Pav-S_ws/install/nav2_map_server:/Pav-S_ws/install/nav2_lifecycle_manager:/ws_livox/install/pointcloud_to_laserscan:/ws_livox/install/livox_ros_driver2:/Pav-S_ws/install/wheeltec_robot_urdf:/Pav-S_ws/install/turn_on_wheeltec_robot:/Pav-S_ws/install/wheeltec_robot_msg:/Pav-S_ws/install/usb_cam:/Pav-S_ws/install/serial:/Pav-S_ws/install/robot_kcf:/Pav-S_ws/install/dwb_msgs:/Pav-S_ws/install/nav2_voxel_grid:/Pav-S_ws/install/nav2_util:/Pav-S_ws/install/nav2_msgs:/Pav-S_ws/install/nav2_common:/Pav-S_ws/install/libuvc:/Pav-S_ws/install/fast_lio:/Pav-S_ws/install/astra_camera:/Pav-S_ws/install/astra_camera_msgs:/Pav-S_ws/install/yolo_detector:/Pav-S_ws/install/yolov5_lib:/Pav-S_ws/install/nav2_simple_commander:/opt/ros/humble LD_LIBRARY_PATH=/Pav-S_ws/install/nav_2d_msgs/lib:/Pav-S_ws/install/nav2_behavior_tree/lib:/Pav-S_ws/install/nav2_controller/lib:/Pav-S_ws/install/nav2_planner/lib:/Pav-S_ws/install/dwb_plugins/lib:/Pav-S_ws/install/dwb_critics/lib:/Pav-S_ws/install/dwb_core/lib:/Pav-S_ws/install/nav_2d_utils/lib:/Pav-S_ws/install/costmap_queue/lib:/Pav-S_ws/install/nav2_costmap_2d/lib:/Pav-S_ws/install/nav2_map_server/lib:/Pav-S_ws/install/nav2_lifecycle_manager/lib:/usr/local/cuda-12.2/lib64:/ws_livox/install/pointcloud_to_laserscan/lib:/ws_livox/install/livox_ros_driver2/lib:/Pav-S_ws/install/turn_on_wheeltec_robot/lib:/Pav-S_ws/install/wheeltec_robot_msg/lib:/Pav-S_ws/install/usb_cam/lib:/Pav-S_ws/install/serial/lib:/Pav-S_ws/install/dwb_msgs/lib:/Pav-S_ws/install/nav2_voxel_grid/lib:/Pav-S_ws/install/nav2_util/lib:/Pav-S_ws/install/nav2_msgs/lib:/Pav-S_ws/install/libuvc/lib:/Pav-S_ws/install/fast_lio/lib:/Pav-S_ws/install/astra_camera/lib:/Pav-S_ws/install/astra_camera_msgs/lib:/opt/ros/humble/opt/rviz_ogre_vendor/lib:/opt/ros/humble/lib/aarch64-linux-gnu:/opt/ros/humble/lib:/usr/local/cuda-12.2/lib64 /usr/bin/cmake --install /Pav-S_ws/build/dwb_msgs
[1.733s] -- Install configuration: "Release"
[1.734s] -- Up-to-date: /Pav-S_ws/install/dwb_msgs/share/ament_index/resource_index/rosidl_interfaces/dwb_msgs
[1.734s] -- Up-to-date: /Pav-S_ws/install/dwb_msgs/include/dwb_msgs/dwb_msgs
[1.734s] -- Up-to-date: /Pav-S_ws/install/dwb_msgs/include/dwb_msgs/dwb_msgs/srv
[1.734s] -- Up-to-date: /Pav-S_ws/install/dwb_msgs/include/dwb_msgs/dwb_msgs/srv/get_critic_score.h
[1.734s] -- Up-to-date: /Pav-S_ws/install/dwb_msgs/include/dwb_msgs/dwb_msgs/srv/generate_twists.h
[1.734s] -- Up-to-date: /Pav-S_ws/install/dwb_msgs/include/dwb_msgs/dwb_msgs/srv/debug_local_plan.h
[1.734s] -- Up-to-date: /Pav-S_ws/install/dwb_msgs/include/dwb_msgs/dwb_msgs/srv/score_trajectory.h
[1.735s] -- Up-to-date: /Pav-S_ws/install/dwb_msgs/include/dwb_msgs/dwb_msgs/srv/generate_trajectory.h
[1.735s] -- Up-to-date: /Pav-S_ws/install/dwb_msgs/include/dwb_msgs/dwb_msgs/srv/detail
[1.737s] -- Up-to-date: /Pav-S_ws/install/dwb_msgs/include/dwb_msgs/dwb_msgs/srv/detail/debug_local_plan__functions.h
[1.737s] -- Up-to-date: /Pav-S_ws/install/dwb_msgs/include/dwb_msgs/dwb_msgs/srv/detail/generate_trajectory__struct.h
[1.738s] -- Up-to-date: /Pav-S_ws/install/dwb_msgs/include/dwb_msgs/dwb_msgs/srv/detail/score_trajectory__functions.h
[1.738s] -- Up-to-date: /Pav-S_ws/install/dwb_msgs/include/dwb_msgs/dwb_msgs/srv/detail/debug_local_plan__struct.h
[1.738s] -- Up-to-date: /Pav-S_ws/install/dwb_msgs/include/dwb_msgs/dwb_msgs/srv/detail/debug_local_plan__functions.c
[1.738s] -- Up-to-date: /Pav-S_ws/install/dwb_msgs/include/dwb_msgs/dwb_msgs/srv/detail/generate_trajectory__functions.h
[1.738s] -- Up-to-date: /Pav-S_ws/install/dwb_msgs/include/dwb_msgs/dwb_msgs/srv/detail/generate_twists__type_support.h
[1.739s] -- Up-to-date: /Pav-S_ws/install/dwb_msgs/include/dwb_msgs/dwb_msgs/srv/detail/get_critic_score__functions.c
[1.739s] -- Up-to-date: /Pav-S_ws/install/dwb_msgs/include/dwb_msgs/dwb_msgs/srv/detail/debug_local_plan__type_support.h
[1.739s] -- Up-to-date: /Pav-S_ws/install/dwb_msgs/include/dwb_msgs/dwb_msgs/srv/detail/generate_twists__functions.c
[1.739s] -- Up-to-date: /Pav-S_ws/install/dwb_msgs/include/dwb_msgs/dwb_msgs/srv/detail/score_trajectory__functions.c
[1.739s] -- Up-to-date: /Pav-S_ws/install/dwb_msgs/include/dwb_msgs/dwb_msgs/srv/detail/generate_trajectory__type_support.h
[1.739s] -- Up-to-date: /Pav-S_ws/install/dwb_msgs/include/dwb_msgs/dwb_msgs/srv/detail/generate_twists__struct.h
[1.739s] -- Up-to-date: /Pav-S_ws/install/dwb_msgs/include/dwb_msgs/dwb_msgs/srv/detail/score_trajectory__struct.h
[1.739s] -- Up-to-date: /Pav-S_ws/install/dwb_msgs/include/dwb_msgs/dwb_msgs/srv/detail/get_critic_score__type_support.h
[1.739s] -- Up-to-date: /Pav-S_ws/install/dwb_msgs/include/dwb_msgs/dwb_msgs/srv/detail/score_trajectory__type_support.h
[1.740s] -- Up-to-date: /Pav-S_ws/install/dwb_msgs/include/dwb_msgs/dwb_msgs/srv/detail/get_critic_score__struct.h
[1.740s] -- Up-to-date: /Pav-S_ws/install/dwb_msgs/include/dwb_msgs/dwb_msgs/srv/detail/get_critic_score__functions.h
[1.740s] -- Up-to-date: /Pav-S_ws/install/dwb_msgs/include/dwb_msgs/dwb_msgs/srv/detail/generate_twists__functions.h
[1.740s] -- Up-to-date: /Pav-S_ws/install/dwb_msgs/include/dwb_msgs/dwb_msgs/srv/detail/generate_trajectory__functions.c
[1.740s] -- Up-to-date: /Pav-S_ws/install/dwb_msgs/include/dwb_msgs/dwb_msgs/msg
[1.740s] -- Up-to-date: /Pav-S_ws/install/dwb_msgs/include/dwb_msgs/dwb_msgs/msg/rosidl_generator_c__visibility_control.h
[1.740s] -- Up-to-date: /Pav-S_ws/install/dwb_msgs/include/dwb_msgs/dwb_msgs/msg/trajectory_score.h
[1.740s] -- Up-to-date: /Pav-S_ws/install/dwb_msgs/include/dwb_msgs/dwb_msgs/msg/critic_score.h
[1.741s] -- Up-to-date: /Pav-S_ws/install/dwb_msgs/include/dwb_msgs/dwb_msgs/msg/trajectory2_d.h
[1.741s] -- Up-to-date: /Pav-S_ws/install/dwb_msgs/include/dwb_msgs/dwb_msgs/msg/detail
[1.741s] -- Up-to-date: /Pav-S_ws/install/dwb_msgs/include/dwb_msgs/dwb_msgs/msg/detail/local_plan_evaluation__functions.c
[1.741s] -- Up-to-date: /Pav-S_ws/install/dwb_msgs/include/dwb_msgs/dwb_msgs/msg/detail/critic_score__type_support.h
[1.741s] -- Up-to-date: /Pav-S_ws/install/dwb_msgs/include/dwb_msgs/dwb_msgs/msg/detail/critic_score__functions.c
[1.741s] -- Up-to-date: /Pav-S_ws/install/dwb_msgs/include/dwb_msgs/dwb_msgs/msg/detail/critic_score__struct.h
[1.741s] -- Up-to-date: /Pav-S_ws/install/dwb_msgs/include/dwb_msgs/dwb_msgs/msg/detail/trajectory2_d__functions.c
[1.745s] -- Up-to-date: /Pav-S_ws/install/dwb_msgs/include/dwb_msgs/dwb_msgs/msg/detail/trajectory_score__type_support.h
[1.746s] -- Up-to-date: /Pav-S_ws/install/dwb_msgs/include/dwb_msgs/dwb_msgs/msg/detail/local_plan_evaluation__functions.h
[1.747s] -- Up-to-date: /Pav-S_ws/install/dwb_msgs/include/dwb_msgs/dwb_msgs/msg/detail/trajectory_score__struct.h
[1.747s] -- Up-to-date: /Pav-S_ws/install/dwb_msgs/include/dwb_msgs/dwb_msgs/msg/detail/local_plan_evaluation__type_support.h
[1.748s] -- Up-to-date: /Pav-S_ws/install/dwb_msgs/include/dwb_msgs/dwb_msgs/msg/detail/trajectory2_d__struct.h
[1.748s] -- Up-to-date: /Pav-S_ws/install/dwb_msgs/include/dwb_msgs/dwb_msgs/msg/detail/trajectory_score__functions.h
[1.749s] -- Up-to-date: /Pav-S_ws/install/dwb_msgs/include/dwb_msgs/dwb_msgs/msg/detail/local_plan_evaluation__struct.h
[1.749s] -- Up-to-date: /Pav-S_ws/install/dwb_msgs/include/dwb_msgs/dwb_msgs/msg/detail/critic_score__functions.h
[1.750s] -- Up-to-date: /Pav-S_ws/install/dwb_msgs/include/dwb_msgs/dwb_msgs/msg/detail/trajectory2_d__functions.h
[1.750s] -- Up-to-date: /Pav-S_ws/install/dwb_msgs/include/dwb_msgs/dwb_msgs/msg/detail/trajectory2_d__type_support.h
[1.751s] -- Up-to-date: /Pav-S_ws/install/dwb_msgs/include/dwb_msgs/dwb_msgs/msg/detail/trajectory_score__functions.c
[1.751s] -- Up-to-date: /Pav-S_ws/install/dwb_msgs/include/dwb_msgs/dwb_msgs/msg/local_plan_evaluation.h
[1.751s] -- Up-to-date: /Pav-S_ws/install/dwb_msgs/share/dwb_msgs/environment/library_path.sh
[1.751s] -- Up-to-date: /Pav-S_ws/install/dwb_msgs/share/dwb_msgs/environment/library_path.dsv
[1.751s] -- Up-to-date: /Pav-S_ws/install/dwb_msgs/lib/libdwb_msgs__rosidl_generator_c.so
[1.751s] -- Up-to-date: /Pav-S_ws/install/dwb_msgs/include/dwb_msgs/dwb_msgs
[1.751s] -- Up-to-date: /Pav-S_ws/install/dwb_msgs/include/dwb_msgs/dwb_msgs/srv
[1.752s] -- Up-to-date: /Pav-S_ws/install/dwb_msgs/include/dwb_msgs/dwb_msgs/srv/detail
[1.752s] -- Up-to-date: /Pav-S_ws/install/dwb_msgs/include/dwb_msgs/dwb_msgs/srv/detail/generate_twists__rosidl_typesupport_fastrtps_c.h
[1.752s] -- Up-to-date: /Pav-S_ws/install/dwb_msgs/include/dwb_msgs/dwb_msgs/srv/detail/score_trajectory__rosidl_typesupport_fastrtps_c.h
[1.752s] -- Up-to-date: /Pav-S_ws/install/dwb_msgs/include/dwb_msgs/dwb_msgs/srv/detail/get_critic_score__rosidl_typesupport_fastrtps_c.h
[1.752s] -- Up-to-date: /Pav-S_ws/install/dwb_msgs/include/dwb_msgs/dwb_msgs/srv/detail/debug_local_plan__rosidl_typesupport_fastrtps_c.h
[1.753s] -- Up-to-date: /Pav-S_ws/install/dwb_msgs/include/dwb_msgs/dwb_msgs/srv/detail/generate_trajectory__rosidl_typesupport_fastrtps_c.h
[1.753s] -- Up-to-date: /Pav-S_ws/install/dwb_msgs/include/dwb_msgs/dwb_msgs/msg
[1.753s] -- Up-to-date: /Pav-S_ws/install/dwb_msgs/include/dwb_msgs/dwb_msgs/msg/rosidl_typesupport_fastrtps_c__visibility_control.h
[1.753s] -- Up-to-date: /Pav-S_ws/install/dwb_msgs/include/dwb_msgs/dwb_msgs/msg/detail
[1.753s] -- Up-to-date: /Pav-S_ws/install/dwb_msgs/include/dwb_msgs/dwb_msgs/msg/detail/trajectory2_d__rosidl_typesupport_fastrtps_c.h
[1.753s] -- Up-to-date: /Pav-S_ws/install/dwb_msgs/include/dwb_msgs/dwb_msgs/msg/detail/critic_score__rosidl_typesupport_fastrtps_c.h
[1.753s] -- Up-to-date: /Pav-S_ws/install/dwb_msgs/include/dwb_msgs/dwb_msgs/msg/detail/local_plan_evaluation__rosidl_typesupport_fastrtps_c.h
[1.754s] -- Up-to-date: /Pav-S_ws/install/dwb_msgs/include/dwb_msgs/dwb_msgs/msg/detail/trajectory_score__rosidl_typesupport_fastrtps_c.h
[1.754s] -- Up-to-date: /Pav-S_ws/install/dwb_msgs/lib/libdwb_msgs__rosidl_typesupport_fastrtps_c.so
[1.754s] -- Up-to-date: /Pav-S_ws/install/dwb_msgs/include/dwb_msgs/dwb_msgs
[1.754s] -- Up-to-date: /Pav-S_ws/install/dwb_msgs/include/dwb_msgs/dwb_msgs/srv
[1.754s] -- Up-to-date: /Pav-S_ws/install/dwb_msgs/include/dwb_msgs/dwb_msgs/srv/get_critic_score.hpp
[1.755s] -- Up-to-date: /Pav-S_ws/install/dwb_msgs/include/dwb_msgs/dwb_msgs/srv/debug_local_plan.hpp
[1.755s] -- Up-to-date: /Pav-S_ws/install/dwb_msgs/include/dwb_msgs/dwb_msgs/srv/generate_trajectory.hpp
[1.755s] -- Up-to-date: /Pav-S_ws/install/dwb_msgs/include/dwb_msgs/dwb_msgs/srv/detail
[1.755s] -- Up-to-date: /Pav-S_ws/install/dwb_msgs/include/dwb_msgs/dwb_msgs/srv/detail/get_critic_score__traits.hpp
[1.755s] -- Up-to-date: /Pav-S_ws/install/dwb_msgs/include/dwb_msgs/dwb_msgs/srv/detail/generate_twists__traits.hpp
[1.755s] -- Up-to-date: /Pav-S_ws/install/dwb_msgs/include/dwb_msgs/dwb_msgs/srv/detail/score_trajectory__struct.hpp
[1.756s] -- Up-to-date: /Pav-S_ws/install/dwb_msgs/include/dwb_msgs/dwb_msgs/srv/detail/debug_local_plan__traits.hpp
[1.756s] -- Up-to-date: /Pav-S_ws/install/dwb_msgs/include/dwb_msgs/dwb_msgs/srv/detail/generate_trajectory__traits.hpp
[1.756s] -- Up-to-date: /Pav-S_ws/install/dwb_msgs/include/dwb_msgs/dwb_msgs/srv/detail/debug_local_plan__type_support.hpp
[1.756s] -- Up-to-date: /Pav-S_ws/install/dwb_msgs/include/dwb_msgs/dwb_msgs/srv/detail/score_trajectory__traits.hpp
[1.756s] -- Up-to-date: /Pav-S_ws/install/dwb_msgs/include/dwb_msgs/dwb_msgs/srv/detail/generate_trajectory__builder.hpp
[1.756s] -- Up-to-date: /Pav-S_ws/install/dwb_msgs/include/dwb_msgs/dwb_msgs/srv/detail/generate_twists__type_support.hpp
[1.757s] -- Up-to-date: /Pav-S_ws/install/dwb_msgs/include/dwb_msgs/dwb_msgs/srv/detail/generate_twists__builder.hpp
[1.757s] -- Up-to-date: /Pav-S_ws/install/dwb_msgs/include/dwb_msgs/dwb_msgs/srv/detail/get_critic_score__type_support.hpp
[1.757s] -- Up-to-date: /Pav-S_ws/install/dwb_msgs/include/dwb_msgs/dwb_msgs/srv/detail/debug_local_plan__struct.hpp
[1.757s] -- Up-to-date: /Pav-S_ws/install/dwb_msgs/include/dwb_msgs/dwb_msgs/srv/detail/get_critic_score__struct.hpp
[1.757s] -- Up-to-date: /Pav-S_ws/install/dwb_msgs/include/dwb_msgs/dwb_msgs/srv/detail/generate_trajectory__type_support.hpp
[1.757s] -- Up-to-date: /Pav-S_ws/install/dwb_msgs/include/dwb_msgs/dwb_msgs/srv/detail/score_trajectory__type_support.hpp
[1.757s] -- Up-to-date: /Pav-S_ws/install/dwb_msgs/include/dwb_msgs/dwb_msgs/srv/detail/generate_trajectory__struct.hpp
[1.757s] -- Up-to-date: /Pav-S_ws/install/dwb_msgs/include/dwb_msgs/dwb_msgs/srv/detail/score_trajectory__builder.hpp
[1.758s] -- Up-to-date: /Pav-S_ws/install/dwb_msgs/include/dwb_msgs/dwb_msgs/srv/detail/debug_local_plan__builder.hpp
[1.758s] -- Up-to-date: /Pav-S_ws/install/dwb_msgs/include/dwb_msgs/dwb_msgs/srv/detail/generate_twists__struct.hpp
[1.758s] -- Up-to-date: /Pav-S_ws/install/dwb_msgs/include/dwb_msgs/dwb_msgs/srv/detail/get_critic_score__builder.hpp
[1.758s] -- Up-to-date: /Pav-S_ws/install/dwb_msgs/include/dwb_msgs/dwb_msgs/srv/score_trajectory.hpp
[1.758s] -- Up-to-date: /Pav-S_ws/install/dwb_msgs/include/dwb_msgs/dwb_msgs/srv/generate_twists.hpp
[1.759s] -- Up-to-date: /Pav-S_ws/install/dwb_msgs/include/dwb_msgs/dwb_msgs/msg
[1.759s] -- Up-to-date: /Pav-S_ws/install/dwb_msgs/include/dwb_msgs/dwb_msgs/msg/rosidl_generator_cpp__visibility_control.hpp
[1.759s] -- Up-to-date: /Pav-S_ws/install/dwb_msgs/include/dwb_msgs/dwb_msgs/msg/critic_score.hpp
[1.759s] -- Up-to-date: /Pav-S_ws/install/dwb_msgs/include/dwb_msgs/dwb_msgs/msg/local_plan_evaluation.hpp
[1.759s] -- Up-to-date: /Pav-S_ws/install/dwb_msgs/include/dwb_msgs/dwb_msgs/msg/detail
[1.759s] -- Up-to-date: /Pav-S_ws/install/dwb_msgs/include/dwb_msgs/dwb_msgs/msg/detail/trajectory2_d__struct.hpp
[1.759s] -- Up-to-date: /Pav-S_ws/install/dwb_msgs/include/dwb_msgs/dwb_msgs/msg/detail/critic_score__type_support.hpp
[1.760s] -- Up-to-date: /Pav-S_ws/install/dwb_msgs/include/dwb_msgs/dwb_msgs/msg/detail/local_plan_evaluation__builder.hpp
[1.760s] -- Up-to-date: /Pav-S_ws/install/dwb_msgs/include/dwb_msgs/dwb_msgs/msg/detail/local_plan_evaluation__traits.hpp
[1.760s] -- Up-to-date: /Pav-S_ws/install/dwb_msgs/include/dwb_msgs/dwb_msgs/msg/detail/trajectory_score__traits.hpp
[1.760s] -- Up-to-date: /Pav-S_ws/install/dwb_msgs/include/dwb_msgs/dwb_msgs/msg/detail/critic_score__builder.hpp
[1.761s] -- Up-to-date: /Pav-S_ws/install/dwb_msgs/include/dwb_msgs/dwb_msgs/msg/detail/trajectory_score__builder.hpp
[1.761s] -- Up-to-date: /Pav-S_ws/install/dwb_msgs/include/dwb_msgs/dwb_msgs/msg/detail/trajectory2_d__builder.hpp
[1.761s] -- Up-to-date: /Pav-S_ws/install/dwb_msgs/include/dwb_msgs/dwb_msgs/msg/detail/local_plan_evaluation__struct.hpp
[1.761s] -- Up-to-date: /Pav-S_ws/install/dwb_msgs/include/dwb_msgs/dwb_msgs/msg/detail/trajectory2_d__traits.hpp
[1.761s] -- Up-to-date: /Pav-S_ws/install/dwb_msgs/include/dwb_msgs/dwb_msgs/msg/detail/trajectory_score__type_support.hpp
[1.761s] -- Up-to-date: /Pav-S_ws/install/dwb_msgs/include/dwb_msgs/dwb_msgs/msg/detail/trajectory_score__struct.hpp
[1.761s] -- Up-to-date: /Pav-S_ws/install/dwb_msgs/include/dwb_msgs/dwb_msgs/msg/detail/trajectory2_d__type_support.hpp
[1.762s] -- Up-to-date: /Pav-S_ws/install/dwb_msgs/include/dwb_msgs/dwb_msgs/msg/detail/critic_score__struct.hpp
[1.762s] -- Up-to-date: /Pav-S_ws/install/dwb_msgs/include/dwb_msgs/dwb_msgs/msg/detail/local_plan_evaluation__type_support.hpp
[1.762s] -- Up-to-date: /Pav-S_ws/install/dwb_msgs/include/dwb_msgs/dwb_msgs/msg/detail/critic_score__traits.hpp
[1.762s] -- Up-to-date: /Pav-S_ws/install/dwb_msgs/include/dwb_msgs/dwb_msgs/msg/trajectory_score.hpp
[1.762s] -- Up-to-date: /Pav-S_ws/install/dwb_msgs/include/dwb_msgs/dwb_msgs/msg/trajectory2_d.hpp
[1.762s] -- Up-to-date: /Pav-S_ws/install/dwb_msgs/include/dwb_msgs/dwb_msgs
[1.762s] -- Up-to-date: /Pav-S_ws/install/dwb_msgs/include/dwb_msgs/dwb_msgs/srv
[1.762s] -- Up-to-date: /Pav-S_ws/install/dwb_msgs/include/dwb_msgs/dwb_msgs/srv/detail
[1.763s] -- Up-to-date: /Pav-S_ws/install/dwb_msgs/include/dwb_msgs/dwb_msgs/srv/detail/get_critic_score__rosidl_typesupport_fastrtps_cpp.hpp
[1.763s] -- Up-to-date: /Pav-S_ws/install/dwb_msgs/include/dwb_msgs/dwb_msgs/srv/detail/generate_trajectory__rosidl_typesupport_fastrtps_cpp.hpp
[1.763s] -- Up-to-date: /Pav-S_ws/install/dwb_msgs/include/dwb_msgs/dwb_msgs/srv/detail/dds_fastrtps
[1.763s] -- Up-to-date: /Pav-S_ws/install/dwb_msgs/include/dwb_msgs/dwb_msgs/srv/detail/score_trajectory__rosidl_typesupport_fastrtps_cpp.hpp
[1.763s] -- Up-to-date: /Pav-S_ws/install/dwb_msgs/include/dwb_msgs/dwb_msgs/srv/detail/generate_twists__rosidl_typesupport_fastrtps_cpp.hpp
[1.763s] -- Up-to-date: /Pav-S_ws/install/dwb_msgs/include/dwb_msgs/dwb_msgs/srv/detail/debug_local_plan__rosidl_typesupport_fastrtps_cpp.hpp
[1.763s] -- Up-to-date: /Pav-S_ws/install/dwb_msgs/include/dwb_msgs/dwb_msgs/msg
[1.763s] -- Up-to-date: /Pav-S_ws/install/dwb_msgs/include/dwb_msgs/dwb_msgs/msg/detail
[1.763s] -- Up-to-date: /Pav-S_ws/install/dwb_msgs/include/dwb_msgs/dwb_msgs/msg/detail/local_plan_evaluation__rosidl_typesupport_fastrtps_cpp.hpp
[1.764s] -- Up-to-date: /Pav-S_ws/install/dwb_msgs/include/dwb_msgs/dwb_msgs/msg/detail/trajectory_score__rosidl_typesupport_fastrtps_cpp.hpp
[1.764s] -- Up-to-date: /Pav-S_ws/install/dwb_msgs/include/dwb_msgs/dwb_msgs/msg/detail/trajectory2_d__rosidl_typesupport_fastrtps_cpp.hpp
[1.764s] -- Up-to-date: /Pav-S_ws/install/dwb_msgs/include/dwb_msgs/dwb_msgs/msg/detail/dds_fastrtps
[1.764s] -- Up-to-date: /Pav-S_ws/install/dwb_msgs/include/dwb_msgs/dwb_msgs/msg/detail/critic_score__rosidl_typesupport_fastrtps_cpp.hpp
[1.764s] -- Up-to-date: /Pav-S_ws/install/dwb_msgs/include/dwb_msgs/dwb_msgs/msg/rosidl_typesupport_fastrtps_cpp__visibility_control.h
[1.764s] -- Up-to-date: /Pav-S_ws/install/dwb_msgs/lib/libdwb_msgs__rosidl_typesupport_fastrtps_cpp.so
[1.764s] -- Up-to-date: /Pav-S_ws/install/dwb_msgs/include/dwb_msgs/dwb_msgs
[1.764s] -- Up-to-date: /Pav-S_ws/install/dwb_msgs/include/dwb_msgs/dwb_msgs/srv
[1.764s] -- Up-to-date: /Pav-S_ws/install/dwb_msgs/include/dwb_msgs/dwb_msgs/srv/detail
[1.765s] -- Up-to-date: /Pav-S_ws/install/dwb_msgs/include/dwb_msgs/dwb_msgs/srv/detail/debug_local_plan__type_support.c
[1.765s] -- Up-to-date: /Pav-S_ws/install/dwb_msgs/include/dwb_msgs/dwb_msgs/srv/detail/debug_local_plan__rosidl_typesupport_introspection_c.h
[1.765s] -- Up-to-date: /Pav-S_ws/install/dwb_msgs/include/dwb_msgs/dwb_msgs/srv/detail/generate_twists__type_support.c
[1.765s] -- Up-to-date: /Pav-S_ws/install/dwb_msgs/include/dwb_msgs/dwb_msgs/srv/detail/generate_trajectory__type_support.c
[1.765s] -- Up-to-date: /Pav-S_ws/install/dwb_msgs/include/dwb_msgs/dwb_msgs/srv/detail/score_trajectory__type_support.c
[1.765s] -- Up-to-date: /Pav-S_ws/install/dwb_msgs/include/dwb_msgs/dwb_msgs/srv/detail/get_critic_score__type_support.c
[1.765s] -- Up-to-date: /Pav-S_ws/install/dwb_msgs/include/dwb_msgs/dwb_msgs/srv/detail/get_critic_score__rosidl_typesupport_introspection_c.h
[1.765s] -- Up-to-date: /Pav-S_ws/install/dwb_msgs/include/dwb_msgs/dwb_msgs/srv/detail/generate_twists__rosidl_typesupport_introspection_c.h
[1.765s] -- Up-to-date: /Pav-S_ws/install/dwb_msgs/include/dwb_msgs/dwb_msgs/srv/detail/score_trajectory__rosidl_typesupport_introspection_c.h
[1.766s] -- Up-to-date: /Pav-S_ws/install/dwb_msgs/include/dwb_msgs/dwb_msgs/srv/detail/generate_trajectory__rosidl_typesupport_introspection_c.h
[1.766s] -- Up-to-date: /Pav-S_ws/install/dwb_msgs/include/dwb_msgs/dwb_msgs/msg
[1.766s] -- Up-to-date: /Pav-S_ws/install/dwb_msgs/include/dwb_msgs/dwb_msgs/msg/rosidl_typesupport_introspection_c__visibility_control.h
[1.766s] -- Up-to-date: /Pav-S_ws/install/dwb_msgs/include/dwb_msgs/dwb_msgs/msg/detail
[1.766s] -- Up-to-date: /Pav-S_ws/install/dwb_msgs/include/dwb_msgs/dwb_msgs/msg/detail/trajectory2_d__type_support.c
[1.766s] -- Up-to-date: /Pav-S_ws/install/dwb_msgs/include/dwb_msgs/dwb_msgs/msg/detail/trajectory2_d__rosidl_typesupport_introspection_c.h
[1.767s] -- Up-to-date: /Pav-S_ws/install/dwb_msgs/include/dwb_msgs/dwb_msgs/msg/detail/local_plan_evaluation__rosidl_typesupport_introspection_c.h
[1.767s] -- Up-to-date: /Pav-S_ws/install/dwb_msgs/include/dwb_msgs/dwb_msgs/msg/detail/critic_score__type_support.c
[1.767s] -- Up-to-date: /Pav-S_ws/install/dwb_msgs/include/dwb_msgs/dwb_msgs/msg/detail/trajectory_score__rosidl_typesupport_introspection_c.h
[1.767s] -- Up-to-date: /Pav-S_ws/install/dwb_msgs/include/dwb_msgs/dwb_msgs/msg/detail/critic_score__rosidl_typesupport_introspection_c.h
[1.767s] -- Up-to-date: /Pav-S_ws/install/dwb_msgs/include/dwb_msgs/dwb_msgs/msg/detail/local_plan_evaluation__type_support.c
[1.767s] -- Up-to-date: /Pav-S_ws/install/dwb_msgs/include/dwb_msgs/dwb_msgs/msg/detail/trajectory_score__type_support.c
[1.767s] -- Up-to-date: /Pav-S_ws/install/dwb_msgs/lib/libdwb_msgs__rosidl_typesupport_introspection_c.so
[1.767s] -- Up-to-date: /Pav-S_ws/install/dwb_msgs/lib/libdwb_msgs__rosidl_typesupport_c.so
[1.768s] -- Up-to-date: /Pav-S_ws/install/dwb_msgs/include/dwb_msgs/dwb_msgs
[1.768s] -- Up-to-date: /Pav-S_ws/install/dwb_msgs/include/dwb_msgs/dwb_msgs/srv
[1.768s] -- Up-to-date: /Pav-S_ws/install/dwb_msgs/include/dwb_msgs/dwb_msgs/srv/detail
[1.768s] -- Up-to-date: /Pav-S_ws/install/dwb_msgs/include/dwb_msgs/dwb_msgs/srv/detail/score_trajectory__type_support.cpp
[1.768s] -- Up-to-date: /Pav-S_ws/install/dwb_msgs/include/dwb_msgs/dwb_msgs/srv/detail/score_trajectory__rosidl_typesupport_introspection_cpp.hpp
[1.768s] -- Up-to-date: /Pav-S_ws/install/dwb_msgs/include/dwb_msgs/dwb_msgs/srv/detail/generate_trajectory__type_support.cpp
[1.768s] -- Up-to-date: /Pav-S_ws/install/dwb_msgs/include/dwb_msgs/dwb_msgs/srv/detail/generate_trajectory__rosidl_typesupport_introspection_cpp.hpp
[1.768s] -- Up-to-date: /Pav-S_ws/install/dwb_msgs/include/dwb_msgs/dwb_msgs/srv/detail/generate_twists__type_support.cpp
[1.768s] -- Up-to-date: /Pav-S_ws/install/dwb_msgs/include/dwb_msgs/dwb_msgs/srv/detail/debug_local_plan__type_support.cpp
[1.769s] -- Up-to-date: /Pav-S_ws/install/dwb_msgs/include/dwb_msgs/dwb_msgs/srv/detail/debug_local_plan__rosidl_typesupport_introspection_cpp.hpp
[1.769s] -- Up-to-date: /Pav-S_ws/install/dwb_msgs/include/dwb_msgs/dwb_msgs/srv/detail/get_critic_score__rosidl_typesupport_introspection_cpp.hpp
[1.769s] -- Up-to-date: /Pav-S_ws/install/dwb_msgs/include/dwb_msgs/dwb_msgs/srv/detail/get_critic_score__type_support.cpp
[1.769s] -- Up-to-date: /Pav-S_ws/install/dwb_msgs/include/dwb_msgs/dwb_msgs/srv/detail/generate_twists__rosidl_typesupport_introspection_cpp.hpp
[1.769s] -- Up-to-date: /Pav-S_ws/install/dwb_msgs/include/dwb_msgs/dwb_msgs/msg
[1.769s] -- Up-to-date: /Pav-S_ws/install/dwb_msgs/include/dwb_msgs/dwb_msgs/msg/detail
[1.769s] -- Up-to-date: /Pav-S_ws/install/dwb_msgs/include/dwb_msgs/dwb_msgs/msg/detail/trajectory2_d__type_support.cpp
[1.769s] -- Up-to-date: /Pav-S_ws/install/dwb_msgs/include/dwb_msgs/dwb_msgs/msg/detail/trajectory_score__rosidl_typesupport_introspection_cpp.hpp
[1.769s] -- Up-to-date: /Pav-S_ws/install/dwb_msgs/include/dwb_msgs/dwb_msgs/msg/detail/local_plan_evaluation__rosidl_typesupport_introspection_cpp.hpp
[1.770s] -- Up-to-date: /Pav-S_ws/install/dwb_msgs/include/dwb_msgs/dwb_msgs/msg/detail/trajectory_score__type_support.cpp
[1.770s] -- Up-to-date: /Pav-S_ws/install/dwb_msgs/include/dwb_msgs/dwb_msgs/msg/detail/critic_score__type_support.cpp
[1.770s] -- Up-to-date: /Pav-S_ws/install/dwb_msgs/include/dwb_msgs/dwb_msgs/msg/detail/critic_score__rosidl_typesupport_introspection_cpp.hpp
[1.770s] -- Up-to-date: /Pav-S_ws/install/dwb_msgs/include/dwb_msgs/dwb_msgs/msg/detail/trajectory2_d__rosidl_typesupport_introspection_cpp.hpp
[1.770s] -- Up-to-date: /Pav-S_ws/install/dwb_msgs/include/dwb_msgs/dwb_msgs/msg/detail/local_plan_evaluation__type_support.cpp
[1.770s] -- Up-to-date: /Pav-S_ws/install/dwb_msgs/lib/libdwb_msgs__rosidl_typesupport_introspection_cpp.so
[1.770s] -- Up-to-date: /Pav-S_ws/install/dwb_msgs/lib/libdwb_msgs__rosidl_typesupport_cpp.so
[1.770s] -- Up-to-date: /Pav-S_ws/install/dwb_msgs/share/dwb_msgs/environment/pythonpath.sh
[1.771s] -- Up-to-date: /Pav-S_ws/install/dwb_msgs/share/dwb_msgs/environment/pythonpath.dsv
[1.771s] -- Up-to-date: /Pav-S_ws/install/dwb_msgs/local/lib/python3.10/dist-packages/dwb_msgs-1.1.18-py3.10.egg-info
[1.771s] -- Installing: /Pav-S_ws/install/dwb_msgs/local/lib/python3.10/dist-packages/dwb_msgs-1.1.18-py3.10.egg-info/dependency_links.txt
[1.771s] -- Installing: /Pav-S_ws/install/dwb_msgs/local/lib/python3.10/dist-packages/dwb_msgs-1.1.18-py3.10.egg-info/SOURCES.txt
[1.771s] -- Installing: /Pav-S_ws/install/dwb_msgs/local/lib/python3.10/dist-packages/dwb_msgs-1.1.18-py3.10.egg-info/PKG-INFO
[1.771s] -- Installing: /Pav-S_ws/install/dwb_msgs/local/lib/python3.10/dist-packages/dwb_msgs-1.1.18-py3.10.egg-info/top_level.txt
[1.771s] -- Up-to-date: /Pav-S_ws/install/dwb_msgs/local/lib/python3.10/dist-packages/dwb_msgs
[1.771s] -- Up-to-date: /Pav-S_ws/install/dwb_msgs/local/lib/python3.10/dist-packages/dwb_msgs/_dwb_msgs_s.ep.rosidl_typesupport_fastrtps_c.c
[1.771s] -- Up-to-date: /Pav-S_ws/install/dwb_msgs/local/lib/python3.10/dist-packages/dwb_msgs/dwb_msgs_s__rosidl_typesupport_c.cpython-310-aarch64-linux-gnu.so
[1.772s] -- Up-to-date: /Pav-S_ws/install/dwb_msgs/local/lib/python3.10/dist-packages/dwb_msgs/_dwb_msgs_s.ep.rosidl_typesupport_c.c
[1.772s] -- Up-to-date: /Pav-S_ws/install/dwb_msgs/local/lib/python3.10/dist-packages/dwb_msgs/_dwb_msgs_s.ep.rosidl_typesupport_introspection_c.c
[1.772s] -- Up-to-date: /Pav-S_ws/install/dwb_msgs/local/lib/python3.10/dist-packages/dwb_msgs/srv
[1.772s] -- Up-to-date: /Pav-S_ws/install/dwb_msgs/local/lib/python3.10/dist-packages/dwb_msgs/srv/_debug_local_plan.py
[1.772s] -- Up-to-date: /Pav-S_ws/install/dwb_msgs/local/lib/python3.10/dist-packages/dwb_msgs/srv/_get_critic_score.py
[1.772s] -- Up-to-date: /Pav-S_ws/install/dwb_msgs/local/lib/python3.10/dist-packages/dwb_msgs/srv/_generate_trajectory.py
[1.772s] -- Up-to-date: /Pav-S_ws/install/dwb_msgs/local/lib/python3.10/dist-packages/dwb_msgs/srv/_generate_twists.py
[1.772s] -- Up-to-date: /Pav-S_ws/install/dwb_msgs/local/lib/python3.10/dist-packages/dwb_msgs/srv/_score_trajectory.py
[1.773s] -- Up-to-date: /Pav-S_ws/install/dwb_msgs/local/lib/python3.10/dist-packages/dwb_msgs/srv/__init__.py
[1.773s] -- Up-to-date: /Pav-S_ws/install/dwb_msgs/local/lib/python3.10/dist-packages/dwb_msgs/srv/_score_trajectory_s.c
[1.773s] -- Up-to-date: /Pav-S_ws/install/dwb_msgs/local/lib/python3.10/dist-packages/dwb_msgs/srv/_generate_twists_s.c
[1.773s] -- Up-to-date: /Pav-S_ws/install/dwb_msgs/local/lib/python3.10/dist-packages/dwb_msgs/srv/_debug_local_plan_s.c
[1.773s] -- Up-to-date: /Pav-S_ws/install/dwb_msgs/local/lib/python3.10/dist-packages/dwb_msgs/srv/_get_critic_score_s.c
[1.773s] -- Up-to-date: /Pav-S_ws/install/dwb_msgs/local/lib/python3.10/dist-packages/dwb_msgs/srv/_generate_trajectory_s.c
[1.773s] -- Up-to-date: /Pav-S_ws/install/dwb_msgs/local/lib/python3.10/dist-packages/dwb_msgs/dwb_msgs_s__rosidl_typesupport_fastrtps_c.cpython-310-aarch64-linux-gnu.so
[1.773s] -- Up-to-date: /Pav-S_ws/install/dwb_msgs/local/lib/python3.10/dist-packages/dwb_msgs/msg
[1.774s] -- Up-to-date: /Pav-S_ws/install/dwb_msgs/local/lib/python3.10/dist-packages/dwb_msgs/msg/_critic_score.py
[1.774s] -- Up-to-date: /Pav-S_ws/install/dwb_msgs/local/lib/python3.10/dist-packages/dwb_msgs/msg/_local_plan_evaluation_s.c
[1.774s] -- Up-to-date: /Pav-S_ws/install/dwb_msgs/local/lib/python3.10/dist-packages/dwb_msgs/msg/_critic_score_s.c
[1.774s] -- Up-to-date: /Pav-S_ws/install/dwb_msgs/local/lib/python3.10/dist-packages/dwb_msgs/msg/_local_plan_evaluation.py
[1.774s] -- Up-to-date: /Pav-S_ws/install/dwb_msgs/local/lib/python3.10/dist-packages/dwb_msgs/msg/__init__.py
[1.774s] -- Up-to-date: /Pav-S_ws/install/dwb_msgs/local/lib/python3.10/dist-packages/dwb_msgs/msg/_trajectory2_d_s.c
[1.774s] -- Up-to-date: /Pav-S_ws/install/dwb_msgs/local/lib/python3.10/dist-packages/dwb_msgs/msg/_trajectory2_d.py
[1.775s] -- Up-to-date: /Pav-S_ws/install/dwb_msgs/local/lib/python3.10/dist-packages/dwb_msgs/msg/_trajectory_score.py
[1.775s] -- Up-to-date: /Pav-S_ws/install/dwb_msgs/local/lib/python3.10/dist-packages/dwb_msgs/msg/_trajectory_score_s.c
[1.775s] -- Up-to-date: /Pav-S_ws/install/dwb_msgs/local/lib/python3.10/dist-packages/dwb_msgs/__init__.py
[1.775s] -- Up-to-date: /Pav-S_ws/install/dwb_msgs/local/lib/python3.10/dist-packages/dwb_msgs/libdwb_msgs__rosidl_generator_py.so
[1.775s] -- Up-to-date: /Pav-S_ws/install/dwb_msgs/local/lib/python3.10/dist-packages/dwb_msgs/dwb_msgs_s__rosidl_typesupport_introspection_c.cpython-310-aarch64-linux-gnu.so
[1.849s] Listing '/Pav-S_ws/install/dwb_msgs/local/lib/python3.10/dist-packages/dwb_msgs'...
[1.850s] Listing '/Pav-S_ws/install/dwb_msgs/local/lib/python3.10/dist-packages/dwb_msgs/msg'...
[1.850s] Listing '/Pav-S_ws/install/dwb_msgs/local/lib/python3.10/dist-packages/dwb_msgs/srv'...
[1.863s] -- Up-to-date: /Pav-S_ws/install/dwb_msgs/local/lib/python3.10/dist-packages/dwb_msgs/dwb_msgs_s__rosidl_typesupport_fastrtps_c.cpython-310-aarch64-linux-gnu.so
[1.864s] -- Up-to-date: /Pav-S_ws/install/dwb_msgs/local/lib/python3.10/dist-packages/dwb_msgs/dwb_msgs_s__rosidl_typesupport_introspection_c.cpython-310-aarch64-linux-gnu.so
[1.865s] -- Up-to-date: /Pav-S_ws/install/dwb_msgs/local/lib/python3.10/dist-packages/dwb_msgs/dwb_msgs_s__rosidl_typesupport_c.cpython-310-aarch64-linux-gnu.so
[1.869s] -- Up-to-date: /Pav-S_ws/install/dwb_msgs/lib/libdwb_msgs__rosidl_generator_py.so
[1.870s] -- Up-to-date: /Pav-S_ws/install/dwb_msgs/share/dwb_msgs/msg/CriticScore.idl
[1.870s] -- Up-to-date: /Pav-S_ws/install/dwb_msgs/share/dwb_msgs/msg/LocalPlanEvaluation.idl
[1.870s] -- Up-to-date: /Pav-S_ws/install/dwb_msgs/share/dwb_msgs/msg/Trajectory2D.idl
[1.870s] -- Up-to-date: /Pav-S_ws/install/dwb_msgs/share/dwb_msgs/msg/TrajectoryScore.idl
[1.871s] -- Up-to-date: /Pav-S_ws/install/dwb_msgs/share/dwb_msgs/srv/DebugLocalPlan.idl
[1.871s] -- Up-to-date: /Pav-S_ws/install/dwb_msgs/share/dwb_msgs/srv/GenerateTrajectory.idl
[1.871s] -- Up-to-date: /Pav-S_ws/install/dwb_msgs/share/dwb_msgs/srv/GenerateTwists.idl
[1.871s] -- Up-to-date: /Pav-S_ws/install/dwb_msgs/share/dwb_msgs/srv/GetCriticScore.idl
[1.871s] -- Up-to-date: /Pav-S_ws/install/dwb_msgs/share/dwb_msgs/srv/ScoreTrajectory.idl
[1.872s] -- Up-to-date: /Pav-S_ws/install/dwb_msgs/share/dwb_msgs/msg/CriticScore.msg
[1.872s] -- Up-to-date: /Pav-S_ws/install/dwb_msgs/share/dwb_msgs/msg/LocalPlanEvaluation.msg
[1.872s] -- Up-to-date: /Pav-S_ws/install/dwb_msgs/share/dwb_msgs/msg/Trajectory2D.msg
[1.872s] -- Up-to-date: /Pav-S_ws/install/dwb_msgs/share/dwb_msgs/msg/TrajectoryScore.msg
[1.872s] -- Up-to-date: /Pav-S_ws/install/dwb_msgs/share/dwb_msgs/srv/DebugLocalPlan.srv
[1.873s] -- Up-to-date: /Pav-S_ws/install/dwb_msgs/share/dwb_msgs/srv/DebugLocalPlan_Request.msg
[1.873s] -- Up-to-date: /Pav-S_ws/install/dwb_msgs/share/dwb_msgs/srv/DebugLocalPlan_Response.msg
[1.873s] -- Up-to-date: /Pav-S_ws/install/dwb_msgs/share/dwb_msgs/srv/GenerateTrajectory.srv
[1.873s] -- Up-to-date: /Pav-S_ws/install/dwb_msgs/share/dwb_msgs/srv/GenerateTrajectory_Request.msg
[1.873s] -- Up-to-date: /Pav-S_ws/install/dwb_msgs/share/dwb_msgs/srv/GenerateTrajectory_Response.msg
[1.873s] -- Up-to-date: /Pav-S_ws/install/dwb_msgs/share/dwb_msgs/srv/GenerateTwists.srv
[1.874s] -- Up-to-date: /Pav-S_ws/install/dwb_msgs/share/dwb_msgs/srv/GenerateTwists_Request.msg
[1.874s] -- Up-to-date: /Pav-S_ws/install/dwb_msgs/share/dwb_msgs/srv/GenerateTwists_Response.msg
[1.874s] -- Up-to-date: /Pav-S_ws/install/dwb_msgs/share/dwb_msgs/srv/GetCriticScore.srv
[1.874s] -- Up-to-date: /Pav-S_ws/install/dwb_msgs/share/dwb_msgs/srv/GetCriticScore_Request.msg
[1.874s] -- Up-to-date: /Pav-S_ws/install/dwb_msgs/share/dwb_msgs/srv/GetCriticScore_Response.msg
[1.875s] -- Up-to-date: /Pav-S_ws/install/dwb_msgs/share/dwb_msgs/srv/ScoreTrajectory.srv
[1.875s] -- Up-to-date: /Pav-S_ws/install/dwb_msgs/share/dwb_msgs/srv/ScoreTrajectory_Request.msg
[1.875s] -- Up-to-date: /Pav-S_ws/install/dwb_msgs/share/dwb_msgs/srv/ScoreTrajectory_Response.msg
[1.875s] -- Up-to-date: /Pav-S_ws/install/dwb_msgs/share/ament_index/resource_index/package_run_dependencies/dwb_msgs
[1.875s] -- Up-to-date: /Pav-S_ws/install/dwb_msgs/share/ament_index/resource_index/parent_prefix_path/dwb_msgs
[1.875s] -- Up-to-date: /Pav-S_ws/install/dwb_msgs/share/dwb_msgs/environment/ament_prefix_path.sh
[1.875s] -- Up-to-date: /Pav-S_ws/install/dwb_msgs/share/dwb_msgs/environment/ament_prefix_path.dsv
[1.876s] -- Up-to-date: /Pav-S_ws/install/dwb_msgs/share/dwb_msgs/environment/path.sh
[1.876s] -- Up-to-date: /Pav-S_ws/install/dwb_msgs/share/dwb_msgs/environment/path.dsv
[1.876s] -- Up-to-date: /Pav-S_ws/install/dwb_msgs/share/dwb_msgs/local_setup.bash
[1.876s] -- Up-to-date: /Pav-S_ws/install/dwb_msgs/share/dwb_msgs/local_setup.sh
[1.876s] -- Up-to-date: /Pav-S_ws/install/dwb_msgs/share/dwb_msgs/local_setup.zsh
[1.877s] -- Up-to-date: /Pav-S_ws/install/dwb_msgs/share/dwb_msgs/local_setup.dsv
[1.877s] -- Installing: /Pav-S_ws/install/dwb_msgs/share/dwb_msgs/package.dsv
[1.877s] -- Up-to-date: /Pav-S_ws/install/dwb_msgs/share/ament_index/resource_index/packages/dwb_msgs
[1.877s] -- Up-to-date: /Pav-S_ws/install/dwb_msgs/share/dwb_msgs/cmake/export_dwb_msgs__rosidl_generator_cExport.cmake
[1.877s] -- Up-to-date: /Pav-S_ws/install/dwb_msgs/share/dwb_msgs/cmake/export_dwb_msgs__rosidl_generator_cExport-release.cmake
[1.878s] -- Up-to-date: /Pav-S_ws/install/dwb_msgs/share/dwb_msgs/cmake/export_dwb_msgs__rosidl_typesupport_fastrtps_cExport.cmake
[1.878s] -- Up-to-date: /Pav-S_ws/install/dwb_msgs/share/dwb_msgs/cmake/export_dwb_msgs__rosidl_typesupport_fastrtps_cExport-release.cmake
[1.878s] -- Up-to-date: /Pav-S_ws/install/dwb_msgs/share/dwb_msgs/cmake/export_dwb_msgs__rosidl_generator_cppExport.cmake
[1.878s] -- Up-to-date: /Pav-S_ws/install/dwb_msgs/share/dwb_msgs/cmake/export_dwb_msgs__rosidl_typesupport_fastrtps_cppExport.cmake
[1.878s] -- Up-to-date: /Pav-S_ws/install/dwb_msgs/share/dwb_msgs/cmake/export_dwb_msgs__rosidl_typesupport_fastrtps_cppExport-release.cmake
[1.879s] -- Up-to-date: /Pav-S_ws/install/dwb_msgs/share/dwb_msgs/cmake/dwb_msgs__rosidl_typesupport_introspection_cExport.cmake
[1.879s] -- Up-to-date: /Pav-S_ws/install/dwb_msgs/share/dwb_msgs/cmake/dwb_msgs__rosidl_typesupport_introspection_cExport-release.cmake
[1.879s] -- Up-to-date: /Pav-S_ws/install/dwb_msgs/share/dwb_msgs/cmake/dwb_msgs__rosidl_typesupport_cExport.cmake
[1.880s] -- Up-to-date: /Pav-S_ws/install/dwb_msgs/share/dwb_msgs/cmake/dwb_msgs__rosidl_typesupport_cExport-release.cmake
[1.880s] -- Up-to-date: /Pav-S_ws/install/dwb_msgs/share/dwb_msgs/cmake/dwb_msgs__rosidl_typesupport_introspection_cppExport.cmake
[1.880s] -- Up-to-date: /Pav-S_ws/install/dwb_msgs/share/dwb_msgs/cmake/dwb_msgs__rosidl_typesupport_introspection_cppExport-release.cmake
[1.880s] -- Up-to-date: /Pav-S_ws/install/dwb_msgs/share/dwb_msgs/cmake/dwb_msgs__rosidl_typesupport_cppExport.cmake
[1.881s] -- Up-to-date: /Pav-S_ws/install/dwb_msgs/share/dwb_msgs/cmake/dwb_msgs__rosidl_typesupport_cppExport-release.cmake
[1.881s] -- Up-to-date: /Pav-S_ws/install/dwb_msgs/share/dwb_msgs/cmake/export_dwb_msgs__rosidl_generator_pyExport.cmake
[1.881s] -- Up-to-date: /Pav-S_ws/install/dwb_msgs/share/dwb_msgs/cmake/export_dwb_msgs__rosidl_generator_pyExport-release.cmake
[1.881s] -- Up-to-date: /Pav-S_ws/install/dwb_msgs/share/dwb_msgs/cmake/rosidl_cmake-extras.cmake
[1.881s] -- Up-to-date: /Pav-S_ws/install/dwb_msgs/share/dwb_msgs/cmake/ament_cmake_export_dependencies-extras.cmake
[1.881s] -- Up-to-date: /Pav-S_ws/install/dwb_msgs/share/dwb_msgs/cmake/ament_cmake_export_include_directories-extras.cmake
[1.881s] -- Up-to-date: /Pav-S_ws/install/dwb_msgs/share/dwb_msgs/cmake/ament_cmake_export_libraries-extras.cmake
[1.882s] -- Up-to-date: /Pav-S_ws/install/dwb_msgs/share/dwb_msgs/cmake/ament_cmake_export_targets-extras.cmake
[1.882s] -- Up-to-date: /Pav-S_ws/install/dwb_msgs/share/dwb_msgs/cmake/rosidl_cmake_export_typesupport_targets-extras.cmake
[1.883s] -- Up-to-date: /Pav-S_ws/install/dwb_msgs/share/dwb_msgs/cmake/rosidl_cmake_export_typesupport_libraries-extras.cmake
[1.883s] -- Up-to-date: /Pav-S_ws/install/dwb_msgs/share/dwb_msgs/cmake/dwb_msgsConfig.cmake
[1.883s] -- Up-to-date: /Pav-S_ws/install/dwb_msgs/share/dwb_msgs/cmake/dwb_msgsConfig-version.cmake
[1.883s] -- Up-to-date: /Pav-S_ws/install/dwb_msgs/share/dwb_msgs/package.xml
[2.436s] Invoked command in '/Pav-S_ws/build/dwb_msgs' returned '0': CMAKE_PREFIX_PATH=/Pav-S_ws/install/nav_2d_msgs:/Pav-S_ws/install/nav2_behavior_tree:/Pav-S_ws/install/nav2_dwb_controller:/Pav-S_ws/install/nav2_controller:/Pav-S_ws/install/nav2_planner:/Pav-S_ws/install/dwb_plugins:/Pav-S_ws/install/dwb_critics:/Pav-S_ws/install/dwb_core:/Pav-S_ws/install/nav_2d_utils:/Pav-S_ws/install/nav2_core:/Pav-S_ws/install/costmap_queue:/Pav-S_ws/install/nav2_costmap_2d:/Pav-S_ws/install/nav2_map_server:/Pav-S_ws/install/nav2_lifecycle_manager:/ws_livox/install/pointcloud_to_laserscan:/ws_livox/install/livox_ros_driver2:/Pav-S_ws/install/wheeltec_robot_urdf:/Pav-S_ws/install/turn_on_wheeltec_robot:/Pav-S_ws/install/wheeltec_robot_msg:/Pav-S_ws/install/usb_cam:/Pav-S_ws/install/serial:/Pav-S_ws/install/robot_kcf:/Pav-S_ws/install/dwb_msgs:/Pav-S_ws/install/nav2_voxel_grid:/Pav-S_ws/install/nav2_util:/Pav-S_ws/install/nav2_msgs:/Pav-S_ws/install/nav2_common:/Pav-S_ws/install/libuvc:/Pav-S_ws/install/fast_lio:/Pav-S_ws/install/astra_camera:/Pav-S_ws/install/astra_camera_msgs:/Pav-S_ws/install/yolo_detector:/Pav-S_ws/install/yolov5_lib:/Pav-S_ws/install/nav2_simple_commander:/opt/ros/humble LD_LIBRARY_PATH=/Pav-S_ws/install/nav_2d_msgs/lib:/Pav-S_ws/install/nav2_behavior_tree/lib:/Pav-S_ws/install/nav2_controller/lib:/Pav-S_ws/install/nav2_planner/lib:/Pav-S_ws/install/dwb_plugins/lib:/Pav-S_ws/install/dwb_critics/lib:/Pav-S_ws/install/dwb_core/lib:/Pav-S_ws/install/nav_2d_utils/lib:/Pav-S_ws/install/costmap_queue/lib:/Pav-S_ws/install/nav2_costmap_2d/lib:/Pav-S_ws/install/nav2_map_server/lib:/Pav-S_ws/install/nav2_lifecycle_manager/lib:/usr/local/cuda-12.2/lib64:/ws_livox/install/pointcloud_to_laserscan/lib:/ws_livox/install/livox_ros_driver2/lib:/Pav-S_ws/install/turn_on_wheeltec_robot/lib:/Pav-S_ws/install/wheeltec_robot_msg/lib:/Pav-S_ws/install/usb_cam/lib:/Pav-S_ws/install/serial/lib:/Pav-S_ws/install/dwb_msgs/lib:/Pav-S_ws/install/nav2_voxel_grid/lib:/Pav-S_ws/install/nav2_util/lib:/Pav-S_ws/install/nav2_msgs/lib:/Pav-S_ws/install/libuvc/lib:/Pav-S_ws/install/fast_lio/lib:/Pav-S_ws/install/astra_camera/lib:/Pav-S_ws/install/astra_camera_msgs/lib:/opt/ros/humble/opt/rviz_ogre_vendor/lib:/opt/ros/humble/lib/aarch64-linux-gnu:/opt/ros/humble/lib:/usr/local/cuda-12.2/lib64 /usr/bin/cmake --install /Pav-S_ws/build/dwb_msgs
