[0.988s] Invoking command in '/Pav-S_ws/build/turn_on_wheeltec_robot': CMAKE_PREFIX_PATH=/Pav-S_ws/install/nav2_msgs:/Pav-S_ws/install/wheeltec_robot_msg:/Pav-S_ws/install/serial:/Pav-S_ws/install/nav2_common:/ws_livox/install/pointcloud_to_laserscan:/ws_livox/install/livox_ros_driver2:/Pav-S_ws/install/wheeltec_robot_urdf:/Pav-S_ws/install/turn_on_wheeltec_robot:/Pav-S_ws/install/usb_cam:/Pav-S_ws/install/robot_kcf:/Pav-S_ws/install/nav2_bringup:/Pav-S_ws/install/navigation2:/Pav-S_ws/install/nav2_smoother:/Pav-S_ws/install/nav2_rotation_shim_controller:/Pav-S_ws/install/nav2_graceful_controller:/Pav-S_ws/install/nav2_dwb_controller:/Pav-S_ws/install/nav2_controller:/Pav-S_ws/install/dwb_plugins:/Pav-S_ws/install/dwb_critics:/Pav-S_ws/install/dwb_core:/Pav-S_ws/install/nav_2d_utils:/Pav-S_ws/install/dwb_msgs:/Pav-S_ws/install/nav_2d_msgs:/Pav-S_ws/install/nav2_waypoint_follower:/Pav-S_ws/install/nav2_theta_star_planner:/Pav-S_ws/install/nav2_smac_planner:/Pav-S_ws/install/nav2_regulated_pure_pursuit_controller:/Pav-S_ws/install/nav2_planner:/Pav-S_ws/install/nav2_navfn_planner:/Pav-S_ws/install/nav2_mppi_controller:/Pav-S_ws/install/nav2_constrained_smoother:/Pav-S_ws/install/nav2_bt_navigator:/Pav-S_ws/install/nav2_behaviors:/Pav-S_ws/install/nav2_core:/Pav-S_ws/install/nav2_collision_monitor:/Pav-S_ws/install/costmap_queue:/Pav-S_ws/install/nav2_costmap_2d:/Pav-S_ws/install/nav2_voxel_grid:/Pav-S_ws/install/nav2_velocity_smoother:/Pav-S_ws/install/nav2_rviz_plugins:/Pav-S_ws/install/nav2_map_server:/Pav-S_ws/install/nav2_lifecycle_manager:/Pav-S_ws/install/nav2_behavior_tree:/Pav-S_ws/install/nav2_amcl:/Pav-S_ws/install/nav2_util:/Pav-S_ws/install/libuvc:/Pav-S_ws/install/fast_lio:/Pav-S_ws/install/astra_camera:/Pav-S_ws/install/astra_camera_msgs:/Pav-S_ws/install/yolo_detector:/Pav-S_ws/install/yolov5_lib:/Pav-S_ws/install/nav2_simple_commander:/opt/ros/humble LD_LIBRARY_PATH=/Pav-S_ws/install/nav2_msgs/lib:/Pav-S_ws/install/wheeltec_robot_msg/lib:/usr/local/cuda-12.2/lib64:/ws_livox/install/pointcloud_to_laserscan/lib:/ws_livox/install/livox_ros_driver2/lib:/Pav-S_ws/install/turn_on_wheeltec_robot/lib:/Pav-S_ws/install/usb_cam/lib:/Pav-S_ws/install/serial/lib:/Pav-S_ws/install/nav2_smoother/lib:/Pav-S_ws/install/nav2_rotation_shim_controller/lib:/Pav-S_ws/install/nav2_graceful_controller/lib:/Pav-S_ws/install/nav2_controller/lib:/Pav-S_ws/install/dwb_plugins/lib:/Pav-S_ws/install/dwb_critics/lib:/Pav-S_ws/install/dwb_core/lib:/Pav-S_ws/install/nav_2d_utils/lib:/Pav-S_ws/install/dwb_msgs/lib:/Pav-S_ws/install/nav_2d_msgs/lib:/Pav-S_ws/install/nav2_waypoint_follower/lib:/Pav-S_ws/install/nav2_theta_star_planner/lib:/Pav-S_ws/install/nav2_smac_planner/lib:/Pav-S_ws/install/nav2_regulated_pure_pursuit_controller/lib:/Pav-S_ws/install/nav2_planner/lib:/Pav-S_ws/install/nav2_navfn_planner/lib:/Pav-S_ws/install/nav2_mppi_controller/lib:/Pav-S_ws/install/nav2_constrained_smoother/lib:/Pav-S_ws/install/nav2_bt_navigator/lib:/Pav-S_ws/install/nav2_behaviors/lib:/Pav-S_ws/install/nav2_collision_monitor/lib:/Pav-S_ws/install/costmap_queue/lib:/Pav-S_ws/install/nav2_costmap_2d/lib:/Pav-S_ws/install/nav2_voxel_grid/lib:/Pav-S_ws/install/nav2_velocity_smoother/lib:/Pav-S_ws/install/nav2_rviz_plugins/lib:/Pav-S_ws/install/nav2_map_server/lib:/Pav-S_ws/install/nav2_lifecycle_manager/lib:/Pav-S_ws/install/nav2_behavior_tree/lib:/Pav-S_ws/install/nav2_amcl/lib:/Pav-S_ws/install/nav2_util/lib:/Pav-S_ws/install/libuvc/lib:/Pav-S_ws/install/fast_lio/lib:/Pav-S_ws/install/astra_camera/lib:/Pav-S_ws/install/astra_camera_msgs/lib:/opt/ros/humble/opt/rviz_ogre_vendor/lib:/opt/ros/humble/lib/aarch64-linux-gnu:/opt/ros/humble/lib:/usr/local/cuda-12.2/lib64 /usr/bin/cmake /Pav-S_ws/src/turn_on_wheeltec_robot -DCMAKE_BUILD_TYPE=Release -DCMAKE_INSTALL_PREFIX=/Pav-S_ws/install/turn_on_wheeltec_robot
[1.122s] -- The C compiler identification is GNU 11.4.0
[1.236s] -- The CXX compiler identification is GNU 11.4.0
[1.253s] -- Detecting C compiler ABI info
[1.412s] -- Detecting C compiler ABI info - done
[1.424s] -- Check for working C compiler: /usr/bin/cc - skipped
[1.425s] -- Detecting C compile features
[1.425s] -- Detecting C compile features - done
[1.431s] -- Detecting CXX compiler ABI info
[1.605s] -- Detecting CXX compiler ABI info - done
[1.618s] -- Check for working CXX compiler: /usr/bin/c++ - skipped
[1.618s] -- Detecting CXX compile features
[1.619s] -- Detecting CXX compile features - done
[1.626s] -- Found ament_cmake: 1.3.12 (/opt/ros/humble/share/ament_cmake/cmake)
[2.005s] -- Found Python3: /usr/bin/python3 (found version "3.10.12") found components: Interpreter 
[2.243s] -- Found geometry_msgs: 4.9.0 (/opt/ros/humble/share/geometry_msgs/cmake)
[2.343s] -- Found rosidl_generator_c: 3.1.7 (/opt/ros/humble/share/rosidl_generator_c/cmake)
[2.358s] -- Found rosidl_adapter: 3.1.7 (/opt/ros/humble/share/rosidl_adapter/cmake)
[2.379s] -- Found rosidl_generator_cpp: 3.1.7 (/opt/ros/humble/share/rosidl_generator_cpp/cmake)
[2.411s] -- Using all available rosidl_typesupport_c: rosidl_typesupport_fastrtps_c;rosidl_typesupport_introspection_c
[2.454s] -- Using all available rosidl_typesupport_cpp: rosidl_typesupport_fastrtps_cpp;rosidl_typesupport_introspection_cpp
[2.542s] -- Found tf2_geometry_msgs: 0.25.16 (/opt/ros/humble/share/tf2_geometry_msgs/cmake)
[2.586s] -- Found eigen3_cmake_module: 0.1.1 (/opt/ros/humble/share/eigen3_cmake_module/cmake)
[2.589s] -- Found Eigen3: TRUE (found version "3.4.0") 
[2.589s] -- Ensuring Eigen3 include directory is part of orocos-kdl CMake target
[2.785s] -- Found rmw_implementation_cmake: 6.1.2 (/opt/ros/humble/share/rmw_implementation_cmake/cmake)
[2.796s] -- Found rmw_fastrtps_cpp: 6.2.8 (/opt/ros/humble/share/rmw_fastrtps_cpp/cmake)
[3.006s] -- Found OpenSSL: /usr/lib/aarch64-linux-gnu/libcrypto.so (found version "3.0.2")  
[3.070s] -- Found FastRTPS: /opt/ros/humble/include  
[3.165s] -- Using RMW implementation 'rmw_fastrtps_cpp' as default
[3.189s] -- Looking for pthread.h
[3.349s] -- Looking for pthread.h - found
[3.350s] -- Performing Test CMAKE_HAVE_LIBC_PTHREAD
[3.520s] -- Performing Test CMAKE_HAVE_LIBC_PTHREAD - Success
[3.523s] -- Found Threads: TRUE  
[3.754s] -- Found turtlesim: 1.4.2 (/opt/ros/humble/share/turtlesim/cmake)
[3.784s] -- Found nav2_msgs: 1.1.18 (/Pav-S_ws/install/nav2_msgs/share/nav2_msgs/cmake)
[3.870s] -- Found rclpy: 3.3.17 (/opt/ros/humble/share/rclpy/cmake)
[3.876s] -- Found sensor_msgs: 4.9.0 (/opt/ros/humble/share/sensor_msgs/cmake)
[3.918s] -- Found std_srvs: 4.9.0 (/opt/ros/humble/share/std_srvs/cmake)
[3.936s] -- Found wheeltec_robot_msg: 0.0.0 (/Pav-S_ws/install/wheeltec_robot_msg/share/wheeltec_robot_msg/cmake)
[3.963s] -- Found serial: 1.2.1 (/Pav-S_ws/install/serial/share/serial/cmake)
[3.973s] -- Found rosidl_default_generators: 1.2.0 (/opt/ros/humble/share/rosidl_default_generators/cmake)
[4.617s] -- Found ament_cmake_ros: 0.10.0 (/opt/ros/humble/share/ament_cmake_ros/cmake)
[5.448s] -- Using all available rosidl_typesupport_c: rosidl_typesupport_fastrtps_c;rosidl_typesupport_introspection_c
[5.768s] -- Using all available rosidl_typesupport_cpp: rosidl_typesupport_fastrtps_cpp;rosidl_typesupport_introspection_cpp
[5.837s] -- Found PythonInterp: /usr/bin/python3 (found suitable version "3.10.12", minimum required is "3.6") 
[5.847s] -- Found python_cmake_module: 0.10.0 (/opt/ros/humble/share/python_cmake_module/cmake)
[5.925s] -- Found PythonLibs: /usr/lib/aarch64-linux-gnu/libpython3.10.so (found suitable version "3.10.12", minimum required is "3.5") 
[5.926s] -- Using PYTHON_EXECUTABLE: /usr/bin/python3
[5.926s] -- Using PYTHON_INCLUDE_DIRS: /usr/include/python3.10
[5.926s] -- Using PYTHON_LIBRARIES: /usr/lib/aarch64-linux-gnu/libpython3.10.so
[5.986s] -- Found PythonExtra: .so  
[6.151s] -- Found ament_lint_auto: 0.12.14 (/opt/ros/humble/share/ament_lint_auto/cmake)
[6.299s] -- Added test 'copyright' to check source files copyright and LICENSE
[6.305s] -- Added test 'cppcheck' to perform static code analysis on C / C++ code
[6.307s] -- Configured cppcheck include dirs: /Pav-S_ws/src/turn_on_wheeltec_robot/include
[6.307s] -- Configured cppcheck exclude dirs and/or files: 
[6.311s] -- Added test 'cpplint' to check C / C++ code against the Google style
[6.311s] -- Configured cpplint exclude dirs and/or files: 
[6.313s] -- Added test 'flake8' to check Python code syntax and style conventions
[6.316s] -- Added test 'lint_cmake' to check CMake code style
[6.319s] -- Added test 'pep257' to check Python code against some of the docstring style conventions in PEP 257
[6.323s] -- Added test 'uncrustify' to check C / C++ code style
[6.323s] -- Configured uncrustify additional arguments: 
[6.325s] -- Added test 'xmllint' to check XML markup files
[6.333s] -- Configuring done
[6.412s] -- Generating done
[6.438s] -- Build files have been written to: /Pav-S_ws/build/turn_on_wheeltec_robot
