[0.072s] Invoking command in '/Pav-S_ws/build/wheeltec_robot_msg': CMAKE_PREFIX_PATH=${CMAKE_PREFIX_PATH}:/Pav-S_ws/install/yolo_detector:/Pav-S_ws/install/yolov5_lib:/Pav-S_ws/install/nav2_simple_commander:/opt/ros/humble /usr/bin/cmake --build /Pav-S_ws/build/wheeltec_robot_msg -- -j6 -l6
[0.326s] [35m[1mConsolidate compiler generated dependencies of target wheeltec_robot_msg__rosidl_generator_c[0m
[0.418s] [  2%] Built target wheeltec_robot_msg__cpp
[0.566s] [ 12%] Built target wheeltec_robot_msg__rosidl_generator_c
[0.661s] [35m[1mConsolidate compiler generated dependencies of target wheeltec_robot_msg__rosidl_typesupport_fastrtps_cpp[0m
[0.661s] [35m[1mConsolidate compiler generated dependencies of target wheeltec_robot_msg__rosidl_typesupport_introspection_cpp[0m
[0.671s] [35m[1mConsolidate compiler generated dependencies of target wheeltec_robot_msg__rosidl_typesupport_cpp[0m
[0.716s] [ 12%] Built target ament_cmake_python_copy_wheeltec_robot_msg
[0.754s] [35m[1mConsolidate compiler generated dependencies of target wheeltec_robot_msg__rosidl_typesupport_fastrtps_c[0m
[0.781s] [ 23%] Built target wheeltec_robot_msg__rosidl_typesupport_fastrtps_cpp
[0.791s] [35m[1mConsolidate compiler generated dependencies of target wheeltec_robot_msg__rosidl_typesupport_introspection_c[0m
[0.805s] [ 33%] Built target wheeltec_robot_msg__rosidl_typesupport_cpp
[0.820s] [ 43%] Built target wheeltec_robot_msg__rosidl_typesupport_introspection_cpp
[0.857s] [35m[1mConsolidate compiler generated dependencies of target wheeltec_robot_msg__rosidl_typesupport_c[0m
[0.866s] [ 53%] Built target wheeltec_robot_msg__rosidl_typesupport_fastrtps_c
[0.874s] [ 64%] Built target wheeltec_robot_msg__rosidl_typesupport_introspection_c
[0.980s] [ 74%] Built target wheeltec_robot_msg__rosidl_typesupport_c
[1.195s] [ 74%] Built target wheeltec_robot_msg
[1.360s] [ 76%] Built target wheeltec_robot_msg__py
[1.454s] [35m[1mConsolidate compiler generated dependencies of target wheeltec_robot_msg__rosidl_generator_py[0m
[1.514s] [ 84%] Built target wheeltec_robot_msg__rosidl_generator_py
[1.677s] [35m[1mConsolidate compiler generated dependencies of target wheeltec_robot_msg__rosidl_typesupport_fastrtps_c__pyext[0m
[1.689s] [35m[1mConsolidate compiler generated dependencies of target wheeltec_robot_msg__rosidl_typesupport_c__pyext[0m
[1.745s] [35m[1mConsolidate compiler generated dependencies of target wheeltec_robot_msg__rosidl_typesupport_introspection_c__pyext[0m
[1.763s] [ 89%] Built target wheeltec_robot_msg__rosidl_typesupport_fastrtps_c__pyext
[1.801s] [ 94%] Built target wheeltec_robot_msg__rosidl_typesupport_c__pyext
[1.859s] [100%] Built target wheeltec_robot_msg__rosidl_typesupport_introspection_c__pyext
[2.125s] running egg_info
[2.126s] writing wheeltec_robot_msg.egg-info/PKG-INFO
[2.128s] writing dependency_links to wheeltec_robot_msg.egg-info/dependency_links.txt
[2.131s] writing top-level names to wheeltec_robot_msg.egg-info/top_level.txt
[2.157s] reading manifest file 'wheeltec_robot_msg.egg-info/SOURCES.txt'
[2.158s] writing manifest file 'wheeltec_robot_msg.egg-info/SOURCES.txt'
[2.270s] [100%] Built target ament_cmake_python_build_wheeltec_robot_msg_egg
[2.443s] Invoked command in '/Pav-S_ws/build/wheeltec_robot_msg' returned '0': CMAKE_PREFIX_PATH=${CMAKE_PREFIX_PATH}:/Pav-S_ws/install/yolo_detector:/Pav-S_ws/install/yolov5_lib:/Pav-S_ws/install/nav2_simple_commander:/opt/ros/humble /usr/bin/cmake --build /Pav-S_ws/build/wheeltec_robot_msg -- -j6 -l6
[2.444s] Invoking command in '/Pav-S_ws/build/wheeltec_robot_msg': CMAKE_PREFIX_PATH=${CMAKE_PREFIX_PATH}:/Pav-S_ws/install/yolo_detector:/Pav-S_ws/install/yolov5_lib:/Pav-S_ws/install/nav2_simple_commander:/opt/ros/humble /usr/bin/cmake --install /Pav-S_ws/build/wheeltec_robot_msg
[2.446s] -- Install configuration: "Release"
[2.447s] -- Up-to-date: /Pav-S_ws/install/wheeltec_robot_msg/share/ament_index/resource_index/rosidl_interfaces/wheeltec_robot_msg
[2.447s] -- Up-to-date: /Pav-S_ws/install/wheeltec_robot_msg/include/wheeltec_robot_msg/wheeltec_robot_msg
[2.447s] -- Up-to-date: /Pav-S_ws/install/wheeltec_robot_msg/include/wheeltec_robot_msg/wheeltec_robot_msg/msg
[2.447s] -- Up-to-date: /Pav-S_ws/install/wheeltec_robot_msg/include/wheeltec_robot_msg/wheeltec_robot_msg/msg/rosidl_generator_c__visibility_control.h
[2.447s] -- Up-to-date: /Pav-S_ws/install/wheeltec_robot_msg/include/wheeltec_robot_msg/wheeltec_robot_msg/msg/detail
[2.448s] -- Up-to-date: /Pav-S_ws/install/wheeltec_robot_msg/include/wheeltec_robot_msg/wheeltec_robot_msg/msg/detail/data__functions.c
[2.448s] -- Up-to-date: /Pav-S_ws/install/wheeltec_robot_msg/include/wheeltec_robot_msg/wheeltec_robot_msg/msg/detail/supersonic__type_support.h
[2.448s] -- Up-to-date: /Pav-S_ws/install/wheeltec_robot_msg/include/wheeltec_robot_msg/wheeltec_robot_msg/msg/detail/supersonic__functions.c
[2.448s] -- Up-to-date: /Pav-S_ws/install/wheeltec_robot_msg/include/wheeltec_robot_msg/wheeltec_robot_msg/msg/detail/supersonic__functions.h
[2.448s] -- Up-to-date: /Pav-S_ws/install/wheeltec_robot_msg/include/wheeltec_robot_msg/wheeltec_robot_msg/msg/detail/data__type_support.h
[2.448s] -- Up-to-date: /Pav-S_ws/install/wheeltec_robot_msg/include/wheeltec_robot_msg/wheeltec_robot_msg/msg/detail/supersonic__struct.h
[2.448s] -- Up-to-date: /Pav-S_ws/install/wheeltec_robot_msg/include/wheeltec_robot_msg/wheeltec_robot_msg/msg/detail/data__functions.h
[2.449s] -- Up-to-date: /Pav-S_ws/install/wheeltec_robot_msg/include/wheeltec_robot_msg/wheeltec_robot_msg/msg/detail/data__struct.h
[2.449s] -- Up-to-date: /Pav-S_ws/install/wheeltec_robot_msg/include/wheeltec_robot_msg/wheeltec_robot_msg/msg/supersonic.h
[2.449s] -- Up-to-date: /Pav-S_ws/install/wheeltec_robot_msg/include/wheeltec_robot_msg/wheeltec_robot_msg/msg/data.h
[2.449s] -- Up-to-date: /Pav-S_ws/install/wheeltec_robot_msg/share/wheeltec_robot_msg/environment/library_path.sh
[2.449s] -- Up-to-date: /Pav-S_ws/install/wheeltec_robot_msg/share/wheeltec_robot_msg/environment/library_path.dsv
[2.449s] -- Up-to-date: /Pav-S_ws/install/wheeltec_robot_msg/lib/libwheeltec_robot_msg__rosidl_generator_c.so
[2.450s] -- Up-to-date: /Pav-S_ws/install/wheeltec_robot_msg/include/wheeltec_robot_msg/wheeltec_robot_msg
[2.450s] -- Up-to-date: /Pav-S_ws/install/wheeltec_robot_msg/include/wheeltec_robot_msg/wheeltec_robot_msg/msg
[2.450s] -- Up-to-date: /Pav-S_ws/install/wheeltec_robot_msg/include/wheeltec_robot_msg/wheeltec_robot_msg/msg/rosidl_typesupport_fastrtps_c__visibility_control.h
[2.450s] -- Up-to-date: /Pav-S_ws/install/wheeltec_robot_msg/include/wheeltec_robot_msg/wheeltec_robot_msg/msg/detail
[2.450s] -- Up-to-date: /Pav-S_ws/install/wheeltec_robot_msg/include/wheeltec_robot_msg/wheeltec_robot_msg/msg/detail/supersonic__rosidl_typesupport_fastrtps_c.h
[2.450s] -- Up-to-date: /Pav-S_ws/install/wheeltec_robot_msg/include/wheeltec_robot_msg/wheeltec_robot_msg/msg/detail/data__rosidl_typesupport_fastrtps_c.h
[2.451s] -- Up-to-date: /Pav-S_ws/install/wheeltec_robot_msg/lib/libwheeltec_robot_msg__rosidl_typesupport_fastrtps_c.so
[2.451s] -- Up-to-date: /Pav-S_ws/install/wheeltec_robot_msg/include/wheeltec_robot_msg/wheeltec_robot_msg
[2.451s] -- Up-to-date: /Pav-S_ws/install/wheeltec_robot_msg/include/wheeltec_robot_msg/wheeltec_robot_msg/msg
[2.451s] -- Up-to-date: /Pav-S_ws/install/wheeltec_robot_msg/include/wheeltec_robot_msg/wheeltec_robot_msg/msg/rosidl_typesupport_introspection_c__visibility_control.h
[2.451s] -- Up-to-date: /Pav-S_ws/install/wheeltec_robot_msg/include/wheeltec_robot_msg/wheeltec_robot_msg/msg/detail
[2.451s] -- Up-to-date: /Pav-S_ws/install/wheeltec_robot_msg/include/wheeltec_robot_msg/wheeltec_robot_msg/msg/detail/data__type_support.c
[2.451s] -- Up-to-date: /Pav-S_ws/install/wheeltec_robot_msg/include/wheeltec_robot_msg/wheeltec_robot_msg/msg/detail/supersonic__rosidl_typesupport_introspection_c.h
[2.451s] -- Up-to-date: /Pav-S_ws/install/wheeltec_robot_msg/include/wheeltec_robot_msg/wheeltec_robot_msg/msg/detail/data__rosidl_typesupport_introspection_c.h
[2.452s] -- Up-to-date: /Pav-S_ws/install/wheeltec_robot_msg/include/wheeltec_robot_msg/wheeltec_robot_msg/msg/detail/supersonic__type_support.c
[2.452s] -- Up-to-date: /Pav-S_ws/install/wheeltec_robot_msg/lib/libwheeltec_robot_msg__rosidl_typesupport_introspection_c.so
[2.452s] -- Up-to-date: /Pav-S_ws/install/wheeltec_robot_msg/lib/libwheeltec_robot_msg__rosidl_typesupport_c.so
[2.452s] -- Up-to-date: /Pav-S_ws/install/wheeltec_robot_msg/include/wheeltec_robot_msg/wheeltec_robot_msg
[2.452s] -- Up-to-date: /Pav-S_ws/install/wheeltec_robot_msg/include/wheeltec_robot_msg/wheeltec_robot_msg/msg
[2.452s] -- Up-to-date: /Pav-S_ws/install/wheeltec_robot_msg/include/wheeltec_robot_msg/wheeltec_robot_msg/msg/rosidl_generator_cpp__visibility_control.hpp
[2.452s] -- Up-to-date: /Pav-S_ws/install/wheeltec_robot_msg/include/wheeltec_robot_msg/wheeltec_robot_msg/msg/supersonic.hpp
[2.453s] -- Up-to-date: /Pav-S_ws/install/wheeltec_robot_msg/include/wheeltec_robot_msg/wheeltec_robot_msg/msg/detail
[2.453s] -- Up-to-date: /Pav-S_ws/install/wheeltec_robot_msg/include/wheeltec_robot_msg/wheeltec_robot_msg/msg/detail/data__type_support.hpp
[2.453s] -- Up-to-date: /Pav-S_ws/install/wheeltec_robot_msg/include/wheeltec_robot_msg/wheeltec_robot_msg/msg/detail/supersonic__builder.hpp
[2.453s] -- Up-to-date: /Pav-S_ws/install/wheeltec_robot_msg/include/wheeltec_robot_msg/wheeltec_robot_msg/msg/detail/supersonic__type_support.hpp
[2.453s] -- Up-to-date: /Pav-S_ws/install/wheeltec_robot_msg/include/wheeltec_robot_msg/wheeltec_robot_msg/msg/detail/data__traits.hpp
[2.458s] -- Up-to-date: /Pav-S_ws/install/wheeltec_robot_msg/include/wheeltec_robot_msg/wheeltec_robot_msg/msg/detail/data__struct.hpp
[2.464s] -- Up-to-date: /Pav-S_ws/install/wheeltec_robot_msg/include/wheeltec_robot_msg/wheeltec_robot_msg/msg/detail/supersonic__traits.hpp
[2.464s] -- Up-to-date: /Pav-S_ws/install/wheeltec_robot_msg/include/wheeltec_robot_msg/wheeltec_robot_msg/msg/detail/supersonic__struct.hpp
[2.479s] -- Up-to-date: /Pav-S_ws/install/wheeltec_robot_msg/include/wheeltec_robot_msg/wheeltec_robot_msg/msg/detail/data__builder.hpp
[2.480s] -- Up-to-date: /Pav-S_ws/install/wheeltec_robot_msg/include/wheeltec_robot_msg/wheeltec_robot_msg/msg/data.hpp
[2.481s] -- Up-to-date: /Pav-S_ws/install/wheeltec_robot_msg/include/wheeltec_robot_msg/wheeltec_robot_msg
[2.481s] -- Up-to-date: /Pav-S_ws/install/wheeltec_robot_msg/include/wheeltec_robot_msg/wheeltec_robot_msg/msg
[2.482s] -- Up-to-date: /Pav-S_ws/install/wheeltec_robot_msg/include/wheeltec_robot_msg/wheeltec_robot_msg/msg/detail
[2.482s] -- Up-to-date: /Pav-S_ws/install/wheeltec_robot_msg/include/wheeltec_robot_msg/wheeltec_robot_msg/msg/detail/supersonic__rosidl_typesupport_fastrtps_cpp.hpp
[2.482s] -- Up-to-date: /Pav-S_ws/install/wheeltec_robot_msg/include/wheeltec_robot_msg/wheeltec_robot_msg/msg/detail/data__rosidl_typesupport_fastrtps_cpp.hpp
[2.488s] -- Up-to-date: /Pav-S_ws/install/wheeltec_robot_msg/include/wheeltec_robot_msg/wheeltec_robot_msg/msg/detail/dds_fastrtps
[2.489s] -- Up-to-date: /Pav-S_ws/install/wheeltec_robot_msg/include/wheeltec_robot_msg/wheeltec_robot_msg/msg/rosidl_typesupport_fastrtps_cpp__visibility_control.h
[2.489s] -- Up-to-date: /Pav-S_ws/install/wheeltec_robot_msg/lib/libwheeltec_robot_msg__rosidl_typesupport_fastrtps_cpp.so
[2.489s] -- Up-to-date: /Pav-S_ws/install/wheeltec_robot_msg/include/wheeltec_robot_msg/wheeltec_robot_msg
[2.489s] -- Up-to-date: /Pav-S_ws/install/wheeltec_robot_msg/include/wheeltec_robot_msg/wheeltec_robot_msg/msg
[2.490s] -- Up-to-date: /Pav-S_ws/install/wheeltec_robot_msg/include/wheeltec_robot_msg/wheeltec_robot_msg/msg/detail
[2.490s] -- Up-to-date: /Pav-S_ws/install/wheeltec_robot_msg/include/wheeltec_robot_msg/wheeltec_robot_msg/msg/detail/data__type_support.cpp
[2.490s] -- Up-to-date: /Pav-S_ws/install/wheeltec_robot_msg/include/wheeltec_robot_msg/wheeltec_robot_msg/msg/detail/data__rosidl_typesupport_introspection_cpp.hpp
[2.490s] -- Up-to-date: /Pav-S_ws/install/wheeltec_robot_msg/include/wheeltec_robot_msg/wheeltec_robot_msg/msg/detail/supersonic__rosidl_typesupport_introspection_cpp.hpp
[2.491s] -- Up-to-date: /Pav-S_ws/install/wheeltec_robot_msg/include/wheeltec_robot_msg/wheeltec_robot_msg/msg/detail/supersonic__type_support.cpp
[2.491s] -- Up-to-date: /Pav-S_ws/install/wheeltec_robot_msg/lib/libwheeltec_robot_msg__rosidl_typesupport_introspection_cpp.so
[2.491s] -- Up-to-date: /Pav-S_ws/install/wheeltec_robot_msg/lib/libwheeltec_robot_msg__rosidl_typesupport_cpp.so
[2.500s] -- Up-to-date: /Pav-S_ws/install/wheeltec_robot_msg/share/wheeltec_robot_msg/environment/pythonpath.sh
[2.501s] -- Up-to-date: /Pav-S_ws/install/wheeltec_robot_msg/share/wheeltec_robot_msg/environment/pythonpath.dsv
[2.501s] -- Up-to-date: /Pav-S_ws/install/wheeltec_robot_msg/local/lib/python3.10/dist-packages/wheeltec_robot_msg-0.0.0-py3.10.egg-info
[2.501s] -- Installing: /Pav-S_ws/install/wheeltec_robot_msg/local/lib/python3.10/dist-packages/wheeltec_robot_msg-0.0.0-py3.10.egg-info/dependency_links.txt
[2.501s] -- Installing: /Pav-S_ws/install/wheeltec_robot_msg/local/lib/python3.10/dist-packages/wheeltec_robot_msg-0.0.0-py3.10.egg-info/SOURCES.txt
[2.501s] -- Installing: /Pav-S_ws/install/wheeltec_robot_msg/local/lib/python3.10/dist-packages/wheeltec_robot_msg-0.0.0-py3.10.egg-info/PKG-INFO
[2.502s] -- Installing: /Pav-S_ws/install/wheeltec_robot_msg/local/lib/python3.10/dist-packages/wheeltec_robot_msg-0.0.0-py3.10.egg-info/top_level.txt
[2.502s] -- Up-to-date: /Pav-S_ws/install/wheeltec_robot_msg/local/lib/python3.10/dist-packages/wheeltec_robot_msg
[2.502s] -- Up-to-date: /Pav-S_ws/install/wheeltec_robot_msg/local/lib/python3.10/dist-packages/wheeltec_robot_msg/_wheeltec_robot_msg_s.ep.rosidl_typesupport_fastrtps_c.c
[2.502s] -- Up-to-date: /Pav-S_ws/install/wheeltec_robot_msg/local/lib/python3.10/dist-packages/wheeltec_robot_msg/libwheeltec_robot_msg__rosidl_generator_py.so
[2.502s] -- Up-to-date: /Pav-S_ws/install/wheeltec_robot_msg/local/lib/python3.10/dist-packages/wheeltec_robot_msg/wheeltec_robot_msg_s__rosidl_typesupport_c.cpython-310-aarch64-linux-gnu.so
[2.502s] -- Up-to-date: /Pav-S_ws/install/wheeltec_robot_msg/local/lib/python3.10/dist-packages/wheeltec_robot_msg/_wheeltec_robot_msg_s.ep.rosidl_typesupport_c.c
[2.502s] -- Up-to-date: /Pav-S_ws/install/wheeltec_robot_msg/local/lib/python3.10/dist-packages/wheeltec_robot_msg/wheeltec_robot_msg_s__rosidl_typesupport_introspection_c.cpython-310-aarch64-linux-gnu.so
[2.503s] -- Up-to-date: /Pav-S_ws/install/wheeltec_robot_msg/local/lib/python3.10/dist-packages/wheeltec_robot_msg/msg
[2.503s] -- Up-to-date: /Pav-S_ws/install/wheeltec_robot_msg/local/lib/python3.10/dist-packages/wheeltec_robot_msg/msg/_supersonic_s.c
[2.503s] -- Up-to-date: /Pav-S_ws/install/wheeltec_robot_msg/local/lib/python3.10/dist-packages/wheeltec_robot_msg/msg/_data.py
[2.503s] -- Up-to-date: /Pav-S_ws/install/wheeltec_robot_msg/local/lib/python3.10/dist-packages/wheeltec_robot_msg/msg/_data_s.c
[2.503s] -- Up-to-date: /Pav-S_ws/install/wheeltec_robot_msg/local/lib/python3.10/dist-packages/wheeltec_robot_msg/msg/__init__.py
[2.503s] -- Up-to-date: /Pav-S_ws/install/wheeltec_robot_msg/local/lib/python3.10/dist-packages/wheeltec_robot_msg/msg/_supersonic.py
[2.503s] -- Up-to-date: /Pav-S_ws/install/wheeltec_robot_msg/local/lib/python3.10/dist-packages/wheeltec_robot_msg/__init__.py
[2.503s] -- Up-to-date: /Pav-S_ws/install/wheeltec_robot_msg/local/lib/python3.10/dist-packages/wheeltec_robot_msg/wheeltec_robot_msg_s__rosidl_typesupport_fastrtps_c.cpython-310-aarch64-linux-gnu.so
[2.503s] -- Up-to-date: /Pav-S_ws/install/wheeltec_robot_msg/local/lib/python3.10/dist-packages/wheeltec_robot_msg/_wheeltec_robot_msg_s.ep.rosidl_typesupport_introspection_c.c
[2.622s] Listing '/Pav-S_ws/install/wheeltec_robot_msg/local/lib/python3.10/dist-packages/wheeltec_robot_msg'...
[2.622s] Listing '/Pav-S_ws/install/wheeltec_robot_msg/local/lib/python3.10/dist-packages/wheeltec_robot_msg/msg'...
[2.623s] -- Up-to-date: /Pav-S_ws/install/wheeltec_robot_msg/local/lib/python3.10/dist-packages/wheeltec_robot_msg/wheeltec_robot_msg_s__rosidl_typesupport_fastrtps_c.cpython-310-aarch64-linux-gnu.so
[2.623s] -- Up-to-date: /Pav-S_ws/install/wheeltec_robot_msg/local/lib/python3.10/dist-packages/wheeltec_robot_msg/wheeltec_robot_msg_s__rosidl_typesupport_introspection_c.cpython-310-aarch64-linux-gnu.so
[2.623s] -- Up-to-date: /Pav-S_ws/install/wheeltec_robot_msg/local/lib/python3.10/dist-packages/wheeltec_robot_msg/wheeltec_robot_msg_s__rosidl_typesupport_c.cpython-310-aarch64-linux-gnu.so
[2.623s] -- Up-to-date: /Pav-S_ws/install/wheeltec_robot_msg/lib/libwheeltec_robot_msg__rosidl_generator_py.so
[2.623s] -- Up-to-date: /Pav-S_ws/install/wheeltec_robot_msg/share/wheeltec_robot_msg/msg/Data.idl
[2.623s] -- Up-to-date: /Pav-S_ws/install/wheeltec_robot_msg/share/wheeltec_robot_msg/msg/Supersonic.idl
[2.623s] -- Up-to-date: /Pav-S_ws/install/wheeltec_robot_msg/share/wheeltec_robot_msg/msg/Data.msg
[2.624s] -- Up-to-date: /Pav-S_ws/install/wheeltec_robot_msg/share/wheeltec_robot_msg/msg/Supersonic.msg
[2.624s] -- Up-to-date: /Pav-S_ws/install/wheeltec_robot_msg/share/ament_index/resource_index/package_run_dependencies/wheeltec_robot_msg
[2.624s] -- Up-to-date: /Pav-S_ws/install/wheeltec_robot_msg/share/ament_index/resource_index/parent_prefix_path/wheeltec_robot_msg
[2.624s] -- Up-to-date: /Pav-S_ws/install/wheeltec_robot_msg/share/wheeltec_robot_msg/environment/ament_prefix_path.sh
[2.624s] -- Up-to-date: /Pav-S_ws/install/wheeltec_robot_msg/share/wheeltec_robot_msg/environment/ament_prefix_path.dsv
[2.624s] -- Up-to-date: /Pav-S_ws/install/wheeltec_robot_msg/share/wheeltec_robot_msg/environment/path.sh
[2.624s] -- Up-to-date: /Pav-S_ws/install/wheeltec_robot_msg/share/wheeltec_robot_msg/environment/path.dsv
[2.624s] -- Up-to-date: /Pav-S_ws/install/wheeltec_robot_msg/share/wheeltec_robot_msg/local_setup.bash
[2.625s] -- Up-to-date: /Pav-S_ws/install/wheeltec_robot_msg/share/wheeltec_robot_msg/local_setup.sh
[2.625s] -- Up-to-date: /Pav-S_ws/install/wheeltec_robot_msg/share/wheeltec_robot_msg/local_setup.zsh
[2.625s] -- Up-to-date: /Pav-S_ws/install/wheeltec_robot_msg/share/wheeltec_robot_msg/local_setup.dsv
[2.625s] -- Installing: /Pav-S_ws/install/wheeltec_robot_msg/share/wheeltec_robot_msg/package.dsv
[2.625s] -- Up-to-date: /Pav-S_ws/install/wheeltec_robot_msg/share/ament_index/resource_index/packages/wheeltec_robot_msg
[2.625s] -- Up-to-date: /Pav-S_ws/install/wheeltec_robot_msg/share/wheeltec_robot_msg/cmake/export_wheeltec_robot_msg__rosidl_generator_cExport.cmake
[2.625s] -- Up-to-date: /Pav-S_ws/install/wheeltec_robot_msg/share/wheeltec_robot_msg/cmake/export_wheeltec_robot_msg__rosidl_generator_cExport-release.cmake
[2.625s] -- Up-to-date: /Pav-S_ws/install/wheeltec_robot_msg/share/wheeltec_robot_msg/cmake/export_wheeltec_robot_msg__rosidl_typesupport_fastrtps_cExport.cmake
[2.626s] -- Up-to-date: /Pav-S_ws/install/wheeltec_robot_msg/share/wheeltec_robot_msg/cmake/export_wheeltec_robot_msg__rosidl_typesupport_fastrtps_cExport-release.cmake
[2.626s] -- Up-to-date: /Pav-S_ws/install/wheeltec_robot_msg/share/wheeltec_robot_msg/cmake/wheeltec_robot_msg__rosidl_typesupport_introspection_cExport.cmake
[2.626s] -- Up-to-date: /Pav-S_ws/install/wheeltec_robot_msg/share/wheeltec_robot_msg/cmake/wheeltec_robot_msg__rosidl_typesupport_introspection_cExport-release.cmake
[2.626s] -- Up-to-date: /Pav-S_ws/install/wheeltec_robot_msg/share/wheeltec_robot_msg/cmake/wheeltec_robot_msg__rosidl_typesupport_cExport.cmake
[2.626s] -- Up-to-date: /Pav-S_ws/install/wheeltec_robot_msg/share/wheeltec_robot_msg/cmake/wheeltec_robot_msg__rosidl_typesupport_cExport-release.cmake
[2.626s] -- Up-to-date: /Pav-S_ws/install/wheeltec_robot_msg/share/wheeltec_robot_msg/cmake/export_wheeltec_robot_msg__rosidl_generator_cppExport.cmake
[2.626s] -- Up-to-date: /Pav-S_ws/install/wheeltec_robot_msg/share/wheeltec_robot_msg/cmake/export_wheeltec_robot_msg__rosidl_typesupport_fastrtps_cppExport.cmake
[2.626s] -- Up-to-date: /Pav-S_ws/install/wheeltec_robot_msg/share/wheeltec_robot_msg/cmake/export_wheeltec_robot_msg__rosidl_typesupport_fastrtps_cppExport-release.cmake
[2.627s] -- Up-to-date: /Pav-S_ws/install/wheeltec_robot_msg/share/wheeltec_robot_msg/cmake/wheeltec_robot_msg__rosidl_typesupport_introspection_cppExport.cmake
[2.627s] -- Up-to-date: /Pav-S_ws/install/wheeltec_robot_msg/share/wheeltec_robot_msg/cmake/wheeltec_robot_msg__rosidl_typesupport_introspection_cppExport-release.cmake
[2.627s] -- Up-to-date: /Pav-S_ws/install/wheeltec_robot_msg/share/wheeltec_robot_msg/cmake/wheeltec_robot_msg__rosidl_typesupport_cppExport.cmake
[2.627s] -- Up-to-date: /Pav-S_ws/install/wheeltec_robot_msg/share/wheeltec_robot_msg/cmake/wheeltec_robot_msg__rosidl_typesupport_cppExport-release.cmake
[2.627s] -- Up-to-date: /Pav-S_ws/install/wheeltec_robot_msg/share/wheeltec_robot_msg/cmake/export_wheeltec_robot_msg__rosidl_generator_pyExport.cmake
[2.627s] -- Up-to-date: /Pav-S_ws/install/wheeltec_robot_msg/share/wheeltec_robot_msg/cmake/export_wheeltec_robot_msg__rosidl_generator_pyExport-release.cmake
[2.627s] -- Up-to-date: /Pav-S_ws/install/wheeltec_robot_msg/share/wheeltec_robot_msg/cmake/rosidl_cmake-extras.cmake
[2.627s] -- Up-to-date: /Pav-S_ws/install/wheeltec_robot_msg/share/wheeltec_robot_msg/cmake/ament_cmake_export_dependencies-extras.cmake
[2.627s] -- Up-to-date: /Pav-S_ws/install/wheeltec_robot_msg/share/wheeltec_robot_msg/cmake/ament_cmake_export_include_directories-extras.cmake
[2.633s] -- Up-to-date: /Pav-S_ws/install/wheeltec_robot_msg/share/wheeltec_robot_msg/cmake/ament_cmake_export_libraries-extras.cmake
[2.634s] -- Up-to-date: /Pav-S_ws/install/wheeltec_robot_msg/share/wheeltec_robot_msg/cmake/ament_cmake_export_targets-extras.cmake
[2.634s] -- Up-to-date: /Pav-S_ws/install/wheeltec_robot_msg/share/wheeltec_robot_msg/cmake/rosidl_cmake_export_typesupport_targets-extras.cmake
[2.635s] -- Up-to-date: /Pav-S_ws/install/wheeltec_robot_msg/share/wheeltec_robot_msg/cmake/rosidl_cmake_export_typesupport_libraries-extras.cmake
[2.635s] -- Up-to-date: /Pav-S_ws/install/wheeltec_robot_msg/share/wheeltec_robot_msg/cmake/wheeltec_robot_msgConfig.cmake
[2.636s] -- Up-to-date: /Pav-S_ws/install/wheeltec_robot_msg/share/wheeltec_robot_msg/cmake/wheeltec_robot_msgConfig-version.cmake
[2.636s] -- Up-to-date: /Pav-S_ws/install/wheeltec_robot_msg/share/wheeltec_robot_msg/package.xml
[2.780s] Invoked command in '/Pav-S_ws/build/wheeltec_robot_msg' returned '0': CMAKE_PREFIX_PATH=${CMAKE_PREFIX_PATH}:/Pav-S_ws/install/yolo_detector:/Pav-S_ws/install/yolov5_lib:/Pav-S_ws/install/nav2_simple_commander:/opt/ros/humble /usr/bin/cmake --install /Pav-S_ws/build/wheeltec_robot_msg
