-- Found ament_cmake: 1.3.12 (/opt/ros/humble/share/ament_cmake/cmake)
-- Found rclcpp: 16.0.15 (/opt/ros/humble/share/rclcpp/cmake)
-- Found rosidl_generator_c: 3.1.7 (/opt/ros/humble/share/rosidl_generator_c/cmake)
-- Found rosidl_adapter: 3.1.7 (/opt/ros/humble/share/rosidl_adapter/cmake)
-- Found rosidl_generator_cpp: 3.1.7 (/opt/ros/humble/share/rosidl_generator_cpp/cmake)
-- Using all available rosidl_typesupport_c: rosidl_typesupport_fastrtps_c;rosidl_typesupport_introspection_c
-- Using all available rosidl_typesupport_cpp: rosidl_typesupport_fastrtps_cpp;rosidl_typesupport_introspection_cpp
-- Found rmw_implementation_cmake: 6.1.2 (/opt/ros/humble/share/rmw_implementation_cmake/cmake)
-- Found rmw_fastrtps_cpp: 6.2.8 (/opt/ros/humble/share/rmw_fastrtps_cpp/cmake)
-- Using RMW implementation 'rmw_fastrtps_cpp' as default
-- Found geometry_msgs: 4.9.0 (/opt/ros/humble/share/geometry_msgs/cmake)
-- Found nav2_msgs: 1.1.18 (/Pav-S_ws/install/nav2_msgs/share/nav2_msgs/cmake)
-- Found nav2_costmap_2d: 1.1.18 (/Pav-S_ws/install/nav2_costmap_2d/share/nav2_costmap_2d/cmake)
-- Ensuring Eigen3 include directory is part of orocos-kdl CMake target
-- Found nav2_dwb_controller: 1.1.18 (/Pav-S_ws/install/nav2_dwb_controller/share/nav2_dwb_controller/cmake)
-- Found nav2_behavior_tree: 1.1.18 (/Pav-S_ws/install/nav2_behavior_tree/share/nav2_behavior_tree/cmake)
-- Configuring done
-- Generating done
-- Build files have been written to: /Pav-S_ws/build/navigation_manager
[ 12%] [32mBuilding CXX object CMakeFiles/dynamic_speed_controller.dir/src/dynamic_speed_controller.cpp.o[0m
[ 25%] [32mBuilding CXX object CMakeFiles/cruise_perception_navigator.dir/src/cruise_perception_navigator.cpp.o[0m
[ 37%] [32mBuilding CXX object CMakeFiles/stop_line_detection.dir/src/stop_line_detection.cpp.o[0m
[ 50%] [32mBuilding CXX object CMakeFiles/navigation_behavior_nodes.dir/src/navigation_behavior_nodes.cpp.o[0m
