[0.096s] Invoking command in '/Pav-S_ws/build/dwb_critics': AMENT_PREFIX_PATH=/Pav-S_ws/install/dwb_core:/Pav-S_ws/install/nav2_core:/Pav-S_ws/install/costmap_queue:/Pav-S_ws/install/nav_2d_utils:${AMENT_PREFIX_PATH} CMAKE_PREFIX_PATH=/Pav-S_ws/install/dwb_core:/Pav-S_ws/install/nav2_core:/Pav-S_ws/install/costmap_queue:/Pav-S_ws/install/nav2_costmap_2d:/Pav-S_ws/install/nav_2d_utils:/Pav-S_ws/install/nav2_map_server:/Pav-S_ws/install/nav2_lifecycle_manager:/Pav-S_ws/install/nav2_util:/Pav-S_ws/install/nav2_voxel_grid:/Pav-S_ws/install/nav2_msgs:/Pav-S_ws/install/dwb_msgs:/Pav-S_ws/install/nav_2d_msgs:/Pav-S_ws/install/nav2_common:/ws_livox/install/pointcloud_to_laserscan:/ws_livox/install/livox_ros_driver2:/Pav-S_ws/install/wheeltec_robot_urdf:/Pav-S_ws/install/turn_on_wheeltec_robot:/Pav-S_ws/install/wheeltec_robot_msg:/Pav-S_ws/install/usb_cam:/Pav-S_ws/install/serial:/Pav-S_ws/install/robot_kcf:/Pav-S_ws/install/libuvc:/Pav-S_ws/install/fast_lio:/Pav-S_ws/install/astra_camera:/Pav-S_ws/install/astra_camera_msgs:/Pav-S_ws/install/yolo_detector:/Pav-S_ws/install/yolov5_lib:/Pav-S_ws/install/nav2_simple_commander:/opt/ros/humble LD_LIBRARY_PATH=/Pav-S_ws/install/dwb_core/lib:/Pav-S_ws/install/costmap_queue/lib:/Pav-S_ws/install/nav2_costmap_2d/lib:/Pav-S_ws/install/nav_2d_utils/lib:/Pav-S_ws/install/nav2_map_server/lib:/Pav-S_ws/install/nav2_lifecycle_manager/lib:/Pav-S_ws/install/nav2_util/lib:/Pav-S_ws/install/nav2_voxel_grid/lib:/Pav-S_ws/install/nav2_msgs/lib:/Pav-S_ws/install/dwb_msgs/lib:/Pav-S_ws/install/nav_2d_msgs/lib:/usr/local/cuda-12.2/lib64:/ws_livox/install/pointcloud_to_laserscan/lib:/ws_livox/install/livox_ros_driver2/lib:/Pav-S_ws/install/turn_on_wheeltec_robot/lib:/Pav-S_ws/install/wheeltec_robot_msg/lib:/Pav-S_ws/install/usb_cam/lib:/Pav-S_ws/install/serial/lib:/Pav-S_ws/install/libuvc/lib:/Pav-S_ws/install/fast_lio/lib:/Pav-S_ws/install/astra_camera/lib:/Pav-S_ws/install/astra_camera_msgs/lib:/opt/ros/humble/opt/rviz_ogre_vendor/lib:/opt/ros/humble/lib/aarch64-linux-gnu:/opt/ros/humble/lib:/usr/local/cuda-12.2/lib64 /usr/bin/cmake /Pav-S_ws/src/navigation2-humble/nav2_dwb_controller/dwb_critics -DCMAKE_INSTALL_PREFIX=/Pav-S_ws/install/dwb_critics
[0.215s] -- The C compiler identification is GNU 11.4.0
[0.346s] -- The CXX compiler identification is GNU 11.4.0
[0.371s] -- Detecting C compiler ABI info
[0.534s] -- Detecting C compiler ABI info - done
[0.559s] -- Check for working C compiler: /usr/bin/cc - skipped
[0.559s] -- Detecting C compile features
[0.561s] -- Detecting C compile features - done
[0.571s] -- Detecting CXX compiler ABI info
[0.756s] -- Detecting CXX compiler ABI info - done
[0.781s] -- Check for working CXX compiler: /usr/bin/c++ - skipped
[0.782s] -- Detecting CXX compile features
[0.784s] -- Detecting CXX compile features - done
[0.800s] -- Found ament_cmake: 1.3.12 (/opt/ros/humble/share/ament_cmake/cmake)
[1.230s] -- Found Python3: /usr/bin/python3 (found version "3.10.12") found components: Interpreter 
[1.528s] -- Found nav2_common: 1.1.18 (/Pav-S_ws/install/nav2_common/share/nav2_common/cmake)
[1.536s] -- Found angles: 1.15.0 (/opt/ros/humble/share/angles/cmake)
[1.542s] -- Found nav2_costmap_2d: 1.1.18 (/Pav-S_ws/install/nav2_costmap_2d/share/nav2_costmap_2d/cmake)
[1.671s] -- Found rosidl_generator_c: 3.1.7 (/opt/ros/humble/share/rosidl_generator_c/cmake)
[1.687s] -- Found rosidl_adapter: 3.1.7 (/opt/ros/humble/share/rosidl_adapter/cmake)
[1.711s] -- Found rosidl_generator_cpp: 3.1.7 (/opt/ros/humble/share/rosidl_generator_cpp/cmake)
[1.743s] -- Using all available rosidl_typesupport_c: rosidl_typesupport_fastrtps_c;rosidl_typesupport_introspection_c
[1.787s] -- Using all available rosidl_typesupport_cpp: rosidl_typesupport_fastrtps_cpp;rosidl_typesupport_introspection_cpp
[2.018s] -- Found rmw_implementation_cmake: 6.1.2 (/opt/ros/humble/share/rmw_implementation_cmake/cmake)
[2.029s] -- Found rmw_fastrtps_cpp: 6.2.8 (/opt/ros/humble/share/rmw_fastrtps_cpp/cmake)
[2.241s] -- Found OpenSSL: /usr/lib/aarch64-linux-gnu/libcrypto.so (found version "3.0.2")  
[2.309s] -- Found FastRTPS: /opt/ros/humble/include  
[2.405s] -- Using RMW implementation 'rmw_fastrtps_cpp' as default
[2.437s] -- Looking for pthread.h
[2.599s] -- Looking for pthread.h - found
[2.599s] -- Performing Test CMAKE_HAVE_LIBC_PTHREAD
[2.774s] -- Performing Test CMAKE_HAVE_LIBC_PTHREAD - Success
[2.776s] -- Found Threads: TRUE  
[3.300s] -- Found Eigen3: TRUE (found version "3.4.0") 
[3.300s] -- Ensuring Eigen3 include directory is part of orocos-kdl CMake target
[3.567s] -- Found costmap_queue: 1.1.18 (/Pav-S_ws/install/costmap_queue/share/costmap_queue/cmake)
[3.570s] -- Found dwb_core: 1.1.18 (/Pav-S_ws/install/dwb_core/share/dwb_core/cmake)
[3.734s] -- Setting build type to Release as none was specified.
[4.421s] -- Found ament_lint_auto: 0.12.14 (/opt/ros/humble/share/ament_lint_auto/cmake)
[4.652s] -- Found gtest sources under '/opt/ros/humble/src/gtest_vendor': C++ tests using 'Google Test' will be built
[4.683s] -- Added test 'cppcheck' to perform static code analysis on C / C++ code
[4.684s] -- Configured cppcheck include dirs: /Pav-S_ws/src/navigation2-humble/nav2_dwb_controller/dwb_critics/include
[4.684s] -- Configured cppcheck exclude dirs and/or files: 
[4.688s] -- Added test 'cpplint' to check C / C++ code against the Google style
[4.688s] -- Configured cpplint exclude dirs and/or files: 
[4.690s] -- Added test 'lint_cmake' to check CMake code style
[4.694s] -- Added test 'uncrustify' to check C / C++ code style
[4.695s] -- Configured uncrustify additional arguments: 
[4.696s] -- Added test 'xmllint' to check XML markup files
[4.703s] -- Configuring done
[5.142s] -- Generating done
[5.202s] -- Build files have been written to: /Pav-S_ws/build/dwb_critics
[5.293s] Invoked command in '/Pav-S_ws/build/dwb_critics' returned '0': AMENT_PREFIX_PATH=/Pav-S_ws/install/dwb_core:/Pav-S_ws/install/nav2_core:/Pav-S_ws/install/costmap_queue:/Pav-S_ws/install/nav_2d_utils:${AMENT_PREFIX_PATH} CMAKE_PREFIX_PATH=/Pav-S_ws/install/dwb_core:/Pav-S_ws/install/nav2_core:/Pav-S_ws/install/costmap_queue:/Pav-S_ws/install/nav2_costmap_2d:/Pav-S_ws/install/nav_2d_utils:/Pav-S_ws/install/nav2_map_server:/Pav-S_ws/install/nav2_lifecycle_manager:/Pav-S_ws/install/nav2_util:/Pav-S_ws/install/nav2_voxel_grid:/Pav-S_ws/install/nav2_msgs:/Pav-S_ws/install/dwb_msgs:/Pav-S_ws/install/nav_2d_msgs:/Pav-S_ws/install/nav2_common:/ws_livox/install/pointcloud_to_laserscan:/ws_livox/install/livox_ros_driver2:/Pav-S_ws/install/wheeltec_robot_urdf:/Pav-S_ws/install/turn_on_wheeltec_robot:/Pav-S_ws/install/wheeltec_robot_msg:/Pav-S_ws/install/usb_cam:/Pav-S_ws/install/serial:/Pav-S_ws/install/robot_kcf:/Pav-S_ws/install/libuvc:/Pav-S_ws/install/fast_lio:/Pav-S_ws/install/astra_camera:/Pav-S_ws/install/astra_camera_msgs:/Pav-S_ws/install/yolo_detector:/Pav-S_ws/install/yolov5_lib:/Pav-S_ws/install/nav2_simple_commander:/opt/ros/humble LD_LIBRARY_PATH=/Pav-S_ws/install/dwb_core/lib:/Pav-S_ws/install/costmap_queue/lib:/Pav-S_ws/install/nav2_costmap_2d/lib:/Pav-S_ws/install/nav_2d_utils/lib:/Pav-S_ws/install/nav2_map_server/lib:/Pav-S_ws/install/nav2_lifecycle_manager/lib:/Pav-S_ws/install/nav2_util/lib:/Pav-S_ws/install/nav2_voxel_grid/lib:/Pav-S_ws/install/nav2_msgs/lib:/Pav-S_ws/install/dwb_msgs/lib:/Pav-S_ws/install/nav_2d_msgs/lib:/usr/local/cuda-12.2/lib64:/ws_livox/install/pointcloud_to_laserscan/lib:/ws_livox/install/livox_ros_driver2/lib:/Pav-S_ws/install/turn_on_wheeltec_robot/lib:/Pav-S_ws/install/wheeltec_robot_msg/lib:/Pav-S_ws/install/usb_cam/lib:/Pav-S_ws/install/serial/lib:/Pav-S_ws/install/libuvc/lib:/Pav-S_ws/install/fast_lio/lib:/Pav-S_ws/install/astra_camera/lib:/Pav-S_ws/install/astra_camera_msgs/lib:/opt/ros/humble/opt/rviz_ogre_vendor/lib:/opt/ros/humble/lib/aarch64-linux-gnu:/opt/ros/humble/lib:/usr/local/cuda-12.2/lib64 /usr/bin/cmake /Pav-S_ws/src/navigation2-humble/nav2_dwb_controller/dwb_critics -DCMAKE_INSTALL_PREFIX=/Pav-S_ws/install/dwb_critics
[5.294s] Invoking command in '/Pav-S_ws/build/dwb_critics': AMENT_PREFIX_PATH=/Pav-S_ws/install/dwb_core:/Pav-S_ws/install/nav2_core:/Pav-S_ws/install/costmap_queue:/Pav-S_ws/install/nav_2d_utils:${AMENT_PREFIX_PATH} CMAKE_PREFIX_PATH=/Pav-S_ws/install/dwb_core:/Pav-S_ws/install/nav2_core:/Pav-S_ws/install/costmap_queue:/Pav-S_ws/install/nav2_costmap_2d:/Pav-S_ws/install/nav_2d_utils:/Pav-S_ws/install/nav2_map_server:/Pav-S_ws/install/nav2_lifecycle_manager:/Pav-S_ws/install/nav2_util:/Pav-S_ws/install/nav2_voxel_grid:/Pav-S_ws/install/nav2_msgs:/Pav-S_ws/install/dwb_msgs:/Pav-S_ws/install/nav_2d_msgs:/Pav-S_ws/install/nav2_common:/ws_livox/install/pointcloud_to_laserscan:/ws_livox/install/livox_ros_driver2:/Pav-S_ws/install/wheeltec_robot_urdf:/Pav-S_ws/install/turn_on_wheeltec_robot:/Pav-S_ws/install/wheeltec_robot_msg:/Pav-S_ws/install/usb_cam:/Pav-S_ws/install/serial:/Pav-S_ws/install/robot_kcf:/Pav-S_ws/install/libuvc:/Pav-S_ws/install/fast_lio:/Pav-S_ws/install/astra_camera:/Pav-S_ws/install/astra_camera_msgs:/Pav-S_ws/install/yolo_detector:/Pav-S_ws/install/yolov5_lib:/Pav-S_ws/install/nav2_simple_commander:/opt/ros/humble LD_LIBRARY_PATH=/Pav-S_ws/install/dwb_core/lib:/Pav-S_ws/install/costmap_queue/lib:/Pav-S_ws/install/nav2_costmap_2d/lib:/Pav-S_ws/install/nav_2d_utils/lib:/Pav-S_ws/install/nav2_map_server/lib:/Pav-S_ws/install/nav2_lifecycle_manager/lib:/Pav-S_ws/install/nav2_util/lib:/Pav-S_ws/install/nav2_voxel_grid/lib:/Pav-S_ws/install/nav2_msgs/lib:/Pav-S_ws/install/dwb_msgs/lib:/Pav-S_ws/install/nav_2d_msgs/lib:/usr/local/cuda-12.2/lib64:/ws_livox/install/pointcloud_to_laserscan/lib:/ws_livox/install/livox_ros_driver2/lib:/Pav-S_ws/install/turn_on_wheeltec_robot/lib:/Pav-S_ws/install/wheeltec_robot_msg/lib:/Pav-S_ws/install/usb_cam/lib:/Pav-S_ws/install/serial/lib:/Pav-S_ws/install/libuvc/lib:/Pav-S_ws/install/fast_lio/lib:/Pav-S_ws/install/astra_camera/lib:/Pav-S_ws/install/astra_camera_msgs/lib:/opt/ros/humble/opt/rviz_ogre_vendor/lib:/opt/ros/humble/lib/aarch64-linux-gnu:/opt/ros/humble/lib:/usr/local/cuda-12.2/lib64 /usr/bin/cmake --build /Pav-S_ws/build/dwb_critics -- -j6 -l6
[5.678s] [  3%] [32mBuilding CXX object CMakeFiles/dwb_critics.dir/src/alignment_util.cpp.o[0m
[5.680s] [  7%] [32mBuilding CXX object CMakeFiles/dwb_critics.dir/src/map_grid.cpp.o[0m
[5.692s] [ 11%] [32mBuilding CXX object gtest/CMakeFiles/gtest_main.dir/src/gtest_main.cc.o[0m
[5.693s] [ 14%] [32mBuilding CXX object CMakeFiles/dwb_critics.dir/src/goal_dist.cpp.o[0m
[5.694s] [ 18%] [32mBuilding CXX object CMakeFiles/dwb_critics.dir/src/path_dist.cpp.o[0m
[5.710s] [ 22%] [32mBuilding CXX object gtest/CMakeFiles/gtest.dir/src/gtest-all.cc.o[0m
[9.576s] [ 25%] [32mBuilding CXX object CMakeFiles/dwb_critics.dir/src/goal_align.cpp.o[0m
[10.584s] [ 29%] [32m[1mLinking CXX static library libgtest_main.a[0m
[10.825s] [ 29%] Built target gtest_main
[10.893s] [ 33%] [32mBuilding CXX object CMakeFiles/dwb_critics.dir/src/path_align.cpp.o[0m
[28.104s] [ 37%] [32mBuilding CXX object CMakeFiles/dwb_critics.dir/src/base_obstacle.cpp.o[0m
[28.640s] [ 40%] [32mBuilding CXX object CMakeFiles/dwb_critics.dir/src/obstacle_footprint.cpp.o[0m
[30.060s] [ 44%] [32mBuilding CXX object CMakeFiles/dwb_critics.dir/src/oscillation.cpp.o[0m
[31.136s] [ 48%] [32mBuilding CXX object CMakeFiles/dwb_critics.dir/src/prefer_forward.cpp.o[0m
[32.283s] [ 51%] [32mBuilding CXX object CMakeFiles/dwb_critics.dir/src/rotate_to_goal.cpp.o[0m
[35.880s] [ 55%] [32m[1mLinking CXX static library libgtest.a[0m
[36.012s] [ 55%] Built target gtest
[36.059s] [ 59%] [32mBuilding CXX object CMakeFiles/dwb_critics.dir/src/twirling.cpp.o[0m
[53.411s] [ 62%] [32m[1mLinking CXX shared library libdwb_critics.so[0m
[54.061s] [ 62%] Built target dwb_critics
[54.120s] [ 70%] [32mBuilding CXX object test/CMakeFiles/prefer_forward_tests.dir/prefer_forward_test.cpp.o[0m
[54.121s] [ 70%] [32mBuilding CXX object test/CMakeFiles/base_obstacle_tests.dir/base_obstacle_test.cpp.o[0m
[68.131s] [ 74%] [32m[1mLinking CXX executable base_obstacle_tests[0m
[68.782s] [ 74%] Built target base_obstacle_tests
[68.836s] [ 85%] [32mBuilding CXX object test/CMakeFiles/twirling_tests.dir/twirling_test.cpp.o[0m
[68.836s] [ 85%] [32mBuilding CXX object test/CMakeFiles/obstacle_footprint_tests.dir/obstacle_footprint_test.cpp.o[0m
[68.836s] [ 85%] [32mBuilding CXX object test/CMakeFiles/alignment_util_tests.dir/alignment_util_test.cpp.o[0m
[69.396s] [ 88%] [32m[1mLinking CXX executable prefer_forward_tests[0m
[70.072s] [ 88%] Built target prefer_forward_tests
[77.691s] [ 92%] [32m[1mLinking CXX executable alignment_util_tests[0m
[78.218s] [ 92%] Built target alignment_util_tests
[82.840s] [ 96%] [32m[1mLinking CXX executable twirling_tests[0m
[83.472s] [ 96%] Built target twirling_tests
[84.239s] [100%] [32m[1mLinking CXX executable obstacle_footprint_tests[0m
[84.889s] [100%] Built target obstacle_footprint_tests
[84.921s] Invoked command in '/Pav-S_ws/build/dwb_critics' returned '0': AMENT_PREFIX_PATH=/Pav-S_ws/install/dwb_core:/Pav-S_ws/install/nav2_core:/Pav-S_ws/install/costmap_queue:/Pav-S_ws/install/nav_2d_utils:${AMENT_PREFIX_PATH} CMAKE_PREFIX_PATH=/Pav-S_ws/install/dwb_core:/Pav-S_ws/install/nav2_core:/Pav-S_ws/install/costmap_queue:/Pav-S_ws/install/nav2_costmap_2d:/Pav-S_ws/install/nav_2d_utils:/Pav-S_ws/install/nav2_map_server:/Pav-S_ws/install/nav2_lifecycle_manager:/Pav-S_ws/install/nav2_util:/Pav-S_ws/install/nav2_voxel_grid:/Pav-S_ws/install/nav2_msgs:/Pav-S_ws/install/dwb_msgs:/Pav-S_ws/install/nav_2d_msgs:/Pav-S_ws/install/nav2_common:/ws_livox/install/pointcloud_to_laserscan:/ws_livox/install/livox_ros_driver2:/Pav-S_ws/install/wheeltec_robot_urdf:/Pav-S_ws/install/turn_on_wheeltec_robot:/Pav-S_ws/install/wheeltec_robot_msg:/Pav-S_ws/install/usb_cam:/Pav-S_ws/install/serial:/Pav-S_ws/install/robot_kcf:/Pav-S_ws/install/libuvc:/Pav-S_ws/install/fast_lio:/Pav-S_ws/install/astra_camera:/Pav-S_ws/install/astra_camera_msgs:/Pav-S_ws/install/yolo_detector:/Pav-S_ws/install/yolov5_lib:/Pav-S_ws/install/nav2_simple_commander:/opt/ros/humble LD_LIBRARY_PATH=/Pav-S_ws/install/dwb_core/lib:/Pav-S_ws/install/costmap_queue/lib:/Pav-S_ws/install/nav2_costmap_2d/lib:/Pav-S_ws/install/nav_2d_utils/lib:/Pav-S_ws/install/nav2_map_server/lib:/Pav-S_ws/install/nav2_lifecycle_manager/lib:/Pav-S_ws/install/nav2_util/lib:/Pav-S_ws/install/nav2_voxel_grid/lib:/Pav-S_ws/install/nav2_msgs/lib:/Pav-S_ws/install/dwb_msgs/lib:/Pav-S_ws/install/nav_2d_msgs/lib:/usr/local/cuda-12.2/lib64:/ws_livox/install/pointcloud_to_laserscan/lib:/ws_livox/install/livox_ros_driver2/lib:/Pav-S_ws/install/turn_on_wheeltec_robot/lib:/Pav-S_ws/install/wheeltec_robot_msg/lib:/Pav-S_ws/install/usb_cam/lib:/Pav-S_ws/install/serial/lib:/Pav-S_ws/install/libuvc/lib:/Pav-S_ws/install/fast_lio/lib:/Pav-S_ws/install/astra_camera/lib:/Pav-S_ws/install/astra_camera_msgs/lib:/opt/ros/humble/opt/rviz_ogre_vendor/lib:/opt/ros/humble/lib/aarch64-linux-gnu:/opt/ros/humble/lib:/usr/local/cuda-12.2/lib64 /usr/bin/cmake --build /Pav-S_ws/build/dwb_critics -- -j6 -l6
[84.926s] Invoking command in '/Pav-S_ws/build/dwb_critics': AMENT_PREFIX_PATH=/Pav-S_ws/install/dwb_core:/Pav-S_ws/install/nav2_core:/Pav-S_ws/install/costmap_queue:/Pav-S_ws/install/nav_2d_utils:${AMENT_PREFIX_PATH} CMAKE_PREFIX_PATH=/Pav-S_ws/install/dwb_core:/Pav-S_ws/install/nav2_core:/Pav-S_ws/install/costmap_queue:/Pav-S_ws/install/nav2_costmap_2d:/Pav-S_ws/install/nav_2d_utils:/Pav-S_ws/install/nav2_map_server:/Pav-S_ws/install/nav2_lifecycle_manager:/Pav-S_ws/install/nav2_util:/Pav-S_ws/install/nav2_voxel_grid:/Pav-S_ws/install/nav2_msgs:/Pav-S_ws/install/dwb_msgs:/Pav-S_ws/install/nav_2d_msgs:/Pav-S_ws/install/nav2_common:/ws_livox/install/pointcloud_to_laserscan:/ws_livox/install/livox_ros_driver2:/Pav-S_ws/install/wheeltec_robot_urdf:/Pav-S_ws/install/turn_on_wheeltec_robot:/Pav-S_ws/install/wheeltec_robot_msg:/Pav-S_ws/install/usb_cam:/Pav-S_ws/install/serial:/Pav-S_ws/install/robot_kcf:/Pav-S_ws/install/libuvc:/Pav-S_ws/install/fast_lio:/Pav-S_ws/install/astra_camera:/Pav-S_ws/install/astra_camera_msgs:/Pav-S_ws/install/yolo_detector:/Pav-S_ws/install/yolov5_lib:/Pav-S_ws/install/nav2_simple_commander:/opt/ros/humble LD_LIBRARY_PATH=/Pav-S_ws/install/dwb_core/lib:/Pav-S_ws/install/costmap_queue/lib:/Pav-S_ws/install/nav2_costmap_2d/lib:/Pav-S_ws/install/nav_2d_utils/lib:/Pav-S_ws/install/nav2_map_server/lib:/Pav-S_ws/install/nav2_lifecycle_manager/lib:/Pav-S_ws/install/nav2_util/lib:/Pav-S_ws/install/nav2_voxel_grid/lib:/Pav-S_ws/install/nav2_msgs/lib:/Pav-S_ws/install/dwb_msgs/lib:/Pav-S_ws/install/nav_2d_msgs/lib:/usr/local/cuda-12.2/lib64:/ws_livox/install/pointcloud_to_laserscan/lib:/ws_livox/install/livox_ros_driver2/lib:/Pav-S_ws/install/turn_on_wheeltec_robot/lib:/Pav-S_ws/install/wheeltec_robot_msg/lib:/Pav-S_ws/install/usb_cam/lib:/Pav-S_ws/install/serial/lib:/Pav-S_ws/install/libuvc/lib:/Pav-S_ws/install/fast_lio/lib:/Pav-S_ws/install/astra_camera/lib:/Pav-S_ws/install/astra_camera_msgs/lib:/opt/ros/humble/opt/rviz_ogre_vendor/lib:/opt/ros/humble/lib/aarch64-linux-gnu:/opt/ros/humble/lib:/usr/local/cuda-12.2/lib64 /usr/bin/cmake --install /Pav-S_ws/build/dwb_critics
[84.949s] -- Install configuration: "Release"
[84.949s] -- Installing: /Pav-S_ws/install/dwb_critics/lib/libdwb_critics.so
[84.950s] -- Set runtime path of "/Pav-S_ws/install/dwb_critics/lib/libdwb_critics.so" to ""
[84.951s] -- Installing: /Pav-S_ws/install/dwb_critics/include/
[84.951s] -- Installing: /Pav-S_ws/install/dwb_critics/include//dwb_critics
[84.951s] -- Installing: /Pav-S_ws/install/dwb_critics/include//dwb_critics/alignment_util.hpp
[84.951s] -- Installing: /Pav-S_ws/install/dwb_critics/include//dwb_critics/twirling.hpp
[84.951s] -- Installing: /Pav-S_ws/install/dwb_critics/include//dwb_critics/goal_align.hpp
[84.952s] -- Installing: /Pav-S_ws/install/dwb_critics/include//dwb_critics/line_iterator.hpp
[84.952s] -- Installing: /Pav-S_ws/install/dwb_critics/include//dwb_critics/goal_dist.hpp
[84.952s] -- Installing: /Pav-S_ws/install/dwb_critics/include//dwb_critics/path_align.hpp
[84.952s] -- Installing: /Pav-S_ws/install/dwb_critics/include//dwb_critics/base_obstacle.hpp
[84.952s] -- Installing: /Pav-S_ws/install/dwb_critics/include//dwb_critics/oscillation.hpp
[84.953s] -- Installing: /Pav-S_ws/install/dwb_critics/include//dwb_critics/map_grid.hpp
[84.953s] -- Installing: /Pav-S_ws/install/dwb_critics/include//dwb_critics/prefer_forward.hpp
[84.953s] -- Installing: /Pav-S_ws/install/dwb_critics/include//dwb_critics/obstacle_footprint.hpp
[84.953s] -- Installing: /Pav-S_ws/install/dwb_critics/include//dwb_critics/path_dist.hpp
[84.953s] -- Installing: /Pav-S_ws/install/dwb_critics/include//dwb_critics/rotate_to_goal.hpp
[84.954s] -- Installing: /Pav-S_ws/install/dwb_critics/share/dwb_critics/default_critics.xml
[84.954s] -- Installing: /Pav-S_ws/install/dwb_critics/share/dwb_critics/environment/library_path.sh
[84.955s] -- Installing: /Pav-S_ws/install/dwb_critics/share/dwb_critics/environment/library_path.dsv
[84.955s] -- Up-to-date: /Pav-S_ws/install/dwb_critics/share/dwb_critics/default_critics.xml
[84.955s] -- Installing: /Pav-S_ws/install/dwb_critics/share/ament_index/resource_index/package_run_dependencies/dwb_critics
[84.956s] -- Installing: /Pav-S_ws/install/dwb_critics/share/ament_index/resource_index/parent_prefix_path/dwb_critics
[84.956s] -- Installing: /Pav-S_ws/install/dwb_critics/share/dwb_critics/environment/ament_prefix_path.sh
[84.956s] -- Installing: /Pav-S_ws/install/dwb_critics/share/dwb_critics/environment/ament_prefix_path.dsv
[84.956s] -- Installing: /Pav-S_ws/install/dwb_critics/share/dwb_critics/environment/path.sh
[84.957s] -- Installing: /Pav-S_ws/install/dwb_critics/share/dwb_critics/environment/path.dsv
[84.957s] -- Installing: /Pav-S_ws/install/dwb_critics/share/dwb_critics/local_setup.bash
[84.957s] -- Installing: /Pav-S_ws/install/dwb_critics/share/dwb_critics/local_setup.sh
[84.957s] -- Installing: /Pav-S_ws/install/dwb_critics/share/dwb_critics/local_setup.zsh
[84.958s] -- Installing: /Pav-S_ws/install/dwb_critics/share/dwb_critics/local_setup.dsv
[84.958s] -- Installing: /Pav-S_ws/install/dwb_critics/share/dwb_critics/package.dsv
[84.958s] -- Installing: /Pav-S_ws/install/dwb_critics/share/ament_index/resource_index/packages/dwb_critics
[84.959s] -- Installing: /Pav-S_ws/install/dwb_critics/share/ament_index/resource_index/dwb_core__pluginlib__plugin/dwb_critics
[84.959s] -- Installing: /Pav-S_ws/install/dwb_critics/share/dwb_critics/cmake/ament_cmake_export_include_directories-extras.cmake
[84.959s] -- Installing: /Pav-S_ws/install/dwb_critics/share/dwb_critics/cmake/ament_cmake_export_libraries-extras.cmake
[84.959s] -- Installing: /Pav-S_ws/install/dwb_critics/share/dwb_critics/cmake/ament_cmake_export_dependencies-extras.cmake
[84.960s] -- Installing: /Pav-S_ws/install/dwb_critics/share/dwb_critics/cmake/dwb_criticsConfig.cmake
[84.960s] -- Installing: /Pav-S_ws/install/dwb_critics/share/dwb_critics/cmake/dwb_criticsConfig-version.cmake
[84.960s] -- Installing: /Pav-S_ws/install/dwb_critics/share/dwb_critics/package.xml
[84.966s] Invoked command in '/Pav-S_ws/build/dwb_critics' returned '0': AMENT_PREFIX_PATH=/Pav-S_ws/install/dwb_core:/Pav-S_ws/install/nav2_core:/Pav-S_ws/install/costmap_queue:/Pav-S_ws/install/nav_2d_utils:${AMENT_PREFIX_PATH} CMAKE_PREFIX_PATH=/Pav-S_ws/install/dwb_core:/Pav-S_ws/install/nav2_core:/Pav-S_ws/install/costmap_queue:/Pav-S_ws/install/nav2_costmap_2d:/Pav-S_ws/install/nav_2d_utils:/Pav-S_ws/install/nav2_map_server:/Pav-S_ws/install/nav2_lifecycle_manager:/Pav-S_ws/install/nav2_util:/Pav-S_ws/install/nav2_voxel_grid:/Pav-S_ws/install/nav2_msgs:/Pav-S_ws/install/dwb_msgs:/Pav-S_ws/install/nav_2d_msgs:/Pav-S_ws/install/nav2_common:/ws_livox/install/pointcloud_to_laserscan:/ws_livox/install/livox_ros_driver2:/Pav-S_ws/install/wheeltec_robot_urdf:/Pav-S_ws/install/turn_on_wheeltec_robot:/Pav-S_ws/install/wheeltec_robot_msg:/Pav-S_ws/install/usb_cam:/Pav-S_ws/install/serial:/Pav-S_ws/install/robot_kcf:/Pav-S_ws/install/libuvc:/Pav-S_ws/install/fast_lio:/Pav-S_ws/install/astra_camera:/Pav-S_ws/install/astra_camera_msgs:/Pav-S_ws/install/yolo_detector:/Pav-S_ws/install/yolov5_lib:/Pav-S_ws/install/nav2_simple_commander:/opt/ros/humble LD_LIBRARY_PATH=/Pav-S_ws/install/dwb_core/lib:/Pav-S_ws/install/costmap_queue/lib:/Pav-S_ws/install/nav2_costmap_2d/lib:/Pav-S_ws/install/nav_2d_utils/lib:/Pav-S_ws/install/nav2_map_server/lib:/Pav-S_ws/install/nav2_lifecycle_manager/lib:/Pav-S_ws/install/nav2_util/lib:/Pav-S_ws/install/nav2_voxel_grid/lib:/Pav-S_ws/install/nav2_msgs/lib:/Pav-S_ws/install/dwb_msgs/lib:/Pav-S_ws/install/nav_2d_msgs/lib:/usr/local/cuda-12.2/lib64:/ws_livox/install/pointcloud_to_laserscan/lib:/ws_livox/install/livox_ros_driver2/lib:/Pav-S_ws/install/turn_on_wheeltec_robot/lib:/Pav-S_ws/install/wheeltec_robot_msg/lib:/Pav-S_ws/install/usb_cam/lib:/Pav-S_ws/install/serial/lib:/Pav-S_ws/install/libuvc/lib:/Pav-S_ws/install/fast_lio/lib:/Pav-S_ws/install/astra_camera/lib:/Pav-S_ws/install/astra_camera_msgs/lib:/opt/ros/humble/opt/rviz_ogre_vendor/lib:/opt/ros/humble/lib/aarch64-linux-gnu:/opt/ros/humble/lib:/usr/local/cuda-12.2/lib64 /usr/bin/cmake --install /Pav-S_ws/build/dwb_critics
