-- Found PythonLibs: /usr/lib/aarch64-linux-gnu/libpython3.10.so (found version "3.10.12") 
-- Found ament_cmake: 1.3.12 (/opt/ros/humble/share/ament_cmake/cmake)
-- Found rclcpp: 16.0.15 (/opt/ros/humble/share/rclcpp/cmake)
-- Found rosidl_generator_c: 3.1.7 (/opt/ros/humble/share/rosidl_generator_c/cmake)
-- Found rosidl_adapter: 3.1.7 (/opt/ros/humble/share/rosidl_adapter/cmake)
-- Found rosidl_generator_cpp: 3.1.7 (/opt/ros/humble/share/rosidl_generator_cpp/cmake)
-- Using all available rosidl_typesupport_c: rosidl_typesupport_fastrtps_c;rosidl_typesupport_introspection_c
-- Using all available rosidl_typesupport_cpp: rosidl_typesupport_fastrtps_cpp;rosidl_typesupport_introspection_cpp
[0mCurrent CPU archtecture: aarch64[0m
-- Found rmw_implementation_cmake: 6.1.2 (/opt/ros/humble/share/rmw_implementation_cmake/cmake)
-- Found rmw_fastrtps_cpp: 6.2.8 (/opt/ros/humble/share/rmw_fastrtps_cpp/cmake)
-- Using RMW implementation 'rmw_fastrtps_cpp' as default
-- Found rclcpp_components: 16.0.15 (/opt/ros/humble/share/rclcpp_components/cmake)
-- Found geometry_msgs: 4.9.0 (/opt/ros/humble/share/geometry_msgs/cmake)
-- Found nav_msgs: 4.9.0 (/opt/ros/humble/share/nav_msgs/cmake)
-- Found sensor_msgs: 4.9.0 (/opt/ros/humble/share/sensor_msgs/cmake)
-- Found std_srvs: 4.9.0 (/opt/ros/humble/share/std_srvs/cmake)
-- Found visualization_msgs: 4.9.0 (/opt/ros/humble/share/visualization_msgs/cmake)
-- Found pcl_ros: 2.4.5 (/opt/ros/humble/share/pcl_ros/cmake)
-- Eigen found (include: /usr/include/eigen3, version: 3.4.0)
-- FLANN found (include: /usr/include, lib: /usr/lib/aarch64-linux-gnu/libflann_cpp.so)
-- OpenNI found (version: 1.5.4.0, include: /usr/include/ni, lib: /usr/lib/libOpenNI.so;libusb::libusb)
-- OpenNI2 found (version: 2.2.0.33, include: /usr/include/openni2, lib: /usr/lib/aarch64-linux-gnu/libOpenNI2.so;libusb::libusb)
-- Eigen found (include: /usr/include/eigen3, version: 3.4.0)
-- OpenNI found (version: 1.5.4.0, include: /usr/include/ni, lib: /usr/lib/libOpenNI.so;libusb::libusb)
-- OpenNI2 found (version: 2.2.0.33, include: /usr/include/openni2, lib: /usr/lib/aarch64-linux-gnu/libOpenNI2.so;libusb::libusb)
-- Found Qhull version 8.0.2
-- OpenNI found (version: 1.5.4.0, include: /usr/include/ni, lib: /usr/lib/libOpenNI.so;libusb::libusb)
-- Found eigen3_cmake_module: 0.1.1 (/opt/ros/humble/share/eigen3_cmake_module/cmake)
-- Ensuring Eigen3 include directory is part of orocos-kdl CMake target
-- Found livox_ros_driver2: 1.0.0 (/ws_livox/install/livox_ros_driver2/share/livox_ros_driver2/cmake)
-- Found rosidl_default_generators: 1.2.0 (/opt/ros/humble/share/rosidl_default_generators/cmake)
[33mCMake Warning (dev) at CMakeLists.txt:81 (find_package):
  Policy CMP0074 is not set: find_package uses <PackageName>_ROOT variables.
  Run "cmake --help-policy CMP0074" for policy details.  Use the cmake_policy
  command to set the policy and suppress this warning.

  CMake variable PCL_ROOT is set to:

    /usr

  For compatibility, CMake is ignoring the variable.
This warning is for project developers.  Use -Wno-dev to suppress it.
[0m
[0mEigen:/usr/include/eigen3[0m
-- PCL: /usr/include/pcl-1.12
-- Found ament_cmake_ros: 0.10.0 (/opt/ros/humble/share/ament_cmake_ros/cmake)
-- Using all available rosidl_typesupport_c: rosidl_typesupport_fastrtps_c;rosidl_typesupport_introspection_c
-- Using all available rosidl_typesupport_cpp: rosidl_typesupport_fastrtps_cpp;rosidl_typesupport_introspection_cpp
-- Found python_cmake_module: 0.10.0 (/opt/ros/humble/share/python_cmake_module/cmake)
-- Found PythonLibs: /usr/lib/aarch64-linux-gnu/libpython3.10.so (found suitable version "3.10.12", minimum required is "3.5") 
-- Using PYTHON_EXECUTABLE: /usr/bin/python3
-- Using PYTHON_INCLUDE_DIRS: /usr/include/python3.10
-- Using PYTHON_LIBRARIES: /usr/lib/aarch64-linux-gnu/libpython3.10.so
-- Configuring done
-- Generating done
-- Build files have been written to: /Pav-S_ws/build/fast_lio
-- Found PythonLibs: /usr/lib/aarch64-linux-gnu/libpython3.10.so (found version "3.10.12") 
-- Found ament_cmake: 1.3.12 (/opt/ros/humble/share/ament_cmake/cmake)
[0mCurrent CPU archtecture: aarch64[0m
-- Found rclcpp: 16.0.15 (/opt/ros/humble/share/rclcpp/cmake)
-- Found rosidl_generator_c: 3.1.7 (/opt/ros/humble/share/rosidl_generator_c/cmake)
-- Found rosidl_adapter: 3.1.7 (/opt/ros/humble/share/rosidl_adapter/cmake)
-- Found rosidl_generator_cpp: 3.1.7 (/opt/ros/humble/share/rosidl_generator_cpp/cmake)
-- Using all available rosidl_typesupport_c: rosidl_typesupport_fastrtps_c;rosidl_typesupport_introspection_c
-- Using all available rosidl_typesupport_cpp: rosidl_typesupport_fastrtps_cpp;rosidl_typesupport_introspection_cpp
-- Found rmw_implementation_cmake: 6.1.2 (/opt/ros/humble/share/rmw_implementation_cmake/cmake)
-- Found rmw_fastrtps_cpp: 6.2.8 (/opt/ros/humble/share/rmw_fastrtps_cpp/cmake)
-- Using RMW implementation 'rmw_fastrtps_cpp' as default
-- Found rclcpp_components: 16.0.15 (/opt/ros/humble/share/rclcpp_components/cmake)
-- Found geometry_msgs: 4.9.0 (/opt/ros/humble/share/geometry_msgs/cmake)
-- Found nav_msgs: 4.9.0 (/opt/ros/humble/share/nav_msgs/cmake)
-- Found sensor_msgs: 4.9.0 (/opt/ros/humble/share/sensor_msgs/cmake)
-- Found std_srvs: 4.9.0 (/opt/ros/humble/share/std_srvs/cmake)
-- Found visualization_msgs: 4.9.0 (/opt/ros/humble/share/visualization_msgs/cmake)
-- Found pcl_ros: 2.4.5 (/opt/ros/humble/share/pcl_ros/cmake)
-- Eigen found (include: /usr/include/eigen3, version: 3.4.0)
-- FLANN found (include: /usr/include, lib: /usr/lib/aarch64-linux-gnu/libflann_cpp.so)
-- OpenNI found (version: 1.5.4.0, include: /usr/include/ni, lib: /usr/lib/libOpenNI.so;libusb::libusb)
-- OpenNI2 found (version: 2.2.0.33, include: /usr/include/openni2, lib: /usr/lib/aarch64-linux-gnu/libOpenNI2.so;libusb::libusb)
-- Eigen found (include: /usr/include/eigen3, version: 3.4.0)
-- OpenNI found (version: 1.5.4.0, include: /usr/include/ni, lib: /usr/lib/libOpenNI.so;libusb::libusb)
-- OpenNI2 found (version: 2.2.0.33, include: /usr/include/openni2, lib: /usr/lib/aarch64-linux-gnu/libOpenNI2.so;libusb::libusb)
-- Found Qhull version 8.0.2
-- OpenNI found (version: 1.5.4.0, include: /usr/include/ni, lib: /usr/lib/libOpenNI.so;libusb::libusb)
-- Found eigen3_cmake_module: 0.1.1 (/opt/ros/humble/share/eigen3_cmake_module/cmake)
-- Ensuring Eigen3 include directory is part of orocos-kdl CMake target
-- Found livox_ros_driver2: 1.0.0 (/ws_livox/install/livox_ros_driver2/share/livox_ros_driver2/cmake)
-- Found rosidl_default_generators: 1.2.0 (/opt/ros/humble/share/rosidl_default_generators/cmake)
[33mCMake Warning (dev) at CMakeLists.txt:81 (find_package):
  Policy CMP0074 is not set: find_package uses <PackageName>_ROOT variables.
  Run "cmake --help-policy CMP0074" for policy details.  Use the cmake_policy
  command to set the policy and suppress this warning.

  CMake variable PCL_ROOT is set to:

    /usr

  For compatibility, CMake is ignoring the variable.
This warning is for project developers.  Use -Wno-dev to suppress it.
[0m
[0mEigen:/usr/include/eigen3[0m
-- PCL: /usr/include/pcl-1.12
-- Found ament_cmake_ros: 0.10.0 (/opt/ros/humble/share/ament_cmake_ros/cmake)
-- Using all available rosidl_typesupport_c: rosidl_typesupport_fastrtps_c;rosidl_typesupport_introspection_c
-- Using all available rosidl_typesupport_cpp: rosidl_typesupport_fastrtps_cpp;rosidl_typesupport_introspection_cpp
-- Found python_cmake_module: 0.10.0 (/opt/ros/humble/share/python_cmake_module/cmake)
-- Found PythonLibs: /usr/lib/aarch64-linux-gnu/libpython3.10.so (found suitable version "3.10.12", minimum required is "3.5") 
-- Using PYTHON_EXECUTABLE: /usr/bin/python3
-- Using PYTHON_INCLUDE_DIRS: /usr/include/python3.10
-- Using PYTHON_LIBRARIES: /usr/lib/aarch64-linux-gnu/libpython3.10.so
-- Configuring done
-- Generating done
-- Build files have been written to: /Pav-S_ws/build/fast_lio
gmake[2]: Warning: File 'CMakeFiles/fast_lio__cpp.dir/compiler_depend.make' has modification time 1759584952 s in the future
gmake[2]: Warning: File 'CMakeFiles/fast_lio__rosidl_generator_c.dir/flags.make' has modification time 1759584952 s in the future
gmake[2]: Warning: File 'CMakeFiles/ament_cmake_python_copy_fast_lio.dir/compiler_depend.make' has modification time 1759584952 s in the future
[35m[1mConsolidate compiler generated dependencies of target fast_lio__rosidl_generator_c[0m
gmake[2]: warning:  Clock skew detected.  Your build may be incomplete.
gmake[2]: Warning: File 'CMakeFiles/fast_lio__cpp.dir/compiler_depend.make' has modification time 1759584952 s in the future
gmake[2]: warning:  Clock skew detected.  Your build may be incomplete.
gmake[2]: warning:  Clock skew detected.  Your build may be incomplete.
gmake[2]: Warning: File 'CMakeFiles/fast_lio__rosidl_generator_c.dir/flags.make' has modification time 1759584952 s in the future
gmake[2]: warning:  Clock skew detected.  Your build may be incomplete.
[  2%] Built target fast_lio__cpp
[ 11%] Built target fast_lio__rosidl_generator_c
gmake[2]: warning:  Clock skew detected.  Your build may be incomplete.
gmake[2]: Warning: File 'CMakeFiles/fast_lio__rosidl_typesupport_cpp.dir/flags.make' has modification time 1759584952 s in the future
gmake[2]: Warning: File 'CMakeFiles/fast_lio__rosidl_typesupport_fastrtps_cpp.dir/flags.make' has modification time 1759584952 s in the future
gmake[2]: Warning: File 'CMakeFiles/ament_cmake_python_copy_fast_lio.dir/compiler_depend.make' has modification time 1759584952 s in the future
gmake[2]: Warning: File 'CMakeFiles/fast_lio__rosidl_typesupport_introspection_c.dir/flags.make' has modification time 1759584952 s in the future
gmake[2]: Warning: File 'CMakeFiles/fast_lio__rosidl_typesupport_c.dir/flags.make' has modification time 1759584952 s in the future
gmake[2]: Warning: File 'CMakeFiles/fast_lio__rosidl_typesupport_introspection_cpp.dir/flags.make' has modification time 1759584952 s in the future
[35m[1mConsolidate compiler generated dependencies of target fast_lio__rosidl_typesupport_cpp[0m
gmake[2]: warning:  Clock skew detected.  Your build may be incomplete.
gmake[2]: Warning: File 'CMakeFiles/fast_lio__rosidl_typesupport_cpp.dir/flags.make' has modification time 1759584952 s in the future
gmake[2]: warning:  Clock skew detected.  Your build may be incomplete.
[35m[1mConsolidate compiler generated dependencies of target fast_lio__rosidl_typesupport_introspection_cpp[0m
[35m[1mConsolidate compiler generated dependencies of target fast_lio__rosidl_typesupport_introspection_c[0m
gmake[2]: warning:  Clock skew detected.  Your build may be incomplete.
[35m[1mConsolidate compiler generated dependencies of target fast_lio__rosidl_typesupport_c[0m
gmake[2]: warning:  Clock skew detected.  Your build may be incomplete.
gmake[2]: warning:  Clock skew detected.  Your build may be incomplete.
gmake[2]: warning:  Clock skew detected.  Your build may be incomplete.
[ 20%] Built target fast_lio__rosidl_typesupport_cpp
[35m[1mConsolidate compiler generated dependencies of target fast_lio__rosidl_typesupport_fastrtps_cpp[0m
gmake[2]: Warning: File 'CMakeFiles/fast_lio__rosidl_typesupport_introspection_c.dir/flags.make' has modification time 1759584952 s in the future
gmake[2]: warning:  Clock skew detected.  Your build may be incomplete.
gmake[2]: warning:  Clock skew detected.  Your build may be incomplete.
gmake[2]: Warning: File 'CMakeFiles/fast_lio__rosidl_typesupport_c.dir/flags.make' has modification time 1759584952 s in the future
gmake[2]: warning:  Clock skew detected.  Your build may be incomplete.
gmake[2]: Warning: File 'CMakeFiles/fast_lio__rosidl_typesupport_introspection_cpp.dir/flags.make' has modification time 1759584952 s in the future
gmake[2]: warning:  Clock skew detected.  Your build may be incomplete.
gmake[2]: Warning: File 'CMakeFiles/fast_lio__rosidl_typesupport_fastrtps_cpp.dir/flags.make' has modification time 1759584952 s in the future
gmake[2]: warning:  Clock skew detected.  Your build may be incomplete.
[ 20%] Built target ament_cmake_python_copy_fast_lio
[ 28%] Built target fast_lio__rosidl_typesupport_introspection_c
gmake[2]: Warning: File 'CMakeFiles/fast_lio__rosidl_typesupport_fastrtps_c.dir/flags.make' has modification time 1759584952 s in the future
gmake[2]: Warning: File 'CMakeFiles/ament_cmake_python_build_fast_lio_egg.dir/compiler_depend.make' has modification time 1759584952 s in the future
gmake[2]: Warning: File 'CMakeFiles/fastlio_mapping.dir/flags.make' has modification time 1759584952 s in the future
[ 37%] Built target fast_lio__rosidl_typesupport_c
[ 45%] Built target fast_lio__rosidl_typesupport_fastrtps_cpp
[ 54%] Built target fast_lio__rosidl_typesupport_introspection_cpp
[35m[1mConsolidate compiler generated dependencies of target fast_lio__rosidl_typesupport_fastrtps_c[0m
gmake[2]: warning:  Clock skew detected.  Your build may be incomplete.
[35m[1mConsolidate compiler generated dependencies of target fastlio_mapping[0m
gmake[2]: warning:  Clock skew detected.  Your build may be incomplete.
gmake[2]: Warning: File 'CMakeFiles/fast_lio__rosidl_typesupport_fastrtps_c.dir/flags.make' has modification time 1759584952 s in the future
gmake[2]: Warning: File 'CMakeFiles/ament_cmake_python_build_fast_lio_egg.dir/compiler_depend.make' has modification time 1759584952 s in the future
gmake[2]: warning:  Clock skew detected.  Your build may be incomplete.
[ 62%] Built target fast_lio__rosidl_typesupport_fastrtps_c
gmake[2]: warning:  Clock skew detected.  Your build may be incomplete.
gmake[2]: Warning: File 'CMakeFiles/fast_lio.dir/compiler_depend.make' has modification time 1759584952 s in the future
gmake[2]: Warning: File 'CMakeFiles/fastlio_mapping.dir/flags.make' has modification time 1759584952 s in the future
gmake[2]: warning:  Clock skew detected.  Your build may be incomplete.
gmake[2]: warning:  Clock skew detected.  Your build may be incomplete.
gmake[2]: Warning: File 'CMakeFiles/fast_lio.dir/compiler_depend.make' has modification time 1759584952 s in the future
gmake[2]: warning:  Clock skew detected.  Your build may be incomplete.
[ 65%] Built target fast_lio
[ 74%] Built target fastlio_mapping
gmake[2]: Warning: File 'fast_lio__py/CMakeFiles/fast_lio__py.dir/compiler_depend.make' has modification time 1759584952 s in the future
gmake[2]: warning:  Clock skew detected.  Your build may be incomplete.
gmake[2]: Warning: File 'fast_lio__py/CMakeFiles/fast_lio__py.dir/compiler_depend.make' has modification time 1759584952 s in the future
gmake[2]: warning:  Clock skew detected.  Your build may be incomplete.
[ 77%] Built target fast_lio__py
gmake[2]: Warning: File 'CMakeFiles/fast_lio__rosidl_generator_py.dir/flags.make' has modification time 1759584952 s in the future
[35m[1mConsolidate compiler generated dependencies of target fast_lio__rosidl_generator_py[0m
gmake[2]: warning:  Clock skew detected.  Your build may be incomplete.
gmake[2]: Warning: File 'CMakeFiles/fast_lio__rosidl_generator_py.dir/flags.make' has modification time 1759584952 s in the future
gmake[2]: warning:  Clock skew detected.  Your build may be incomplete.
[ 82%] Built target fast_lio__rosidl_generator_py
gmake[2]: Warning: File 'CMakeFiles/fast_lio__rosidl_typesupport_introspection_c__pyext.dir/flags.make' has modification time 1759584952 s in the future
gmake[2]: Warning: File 'CMakeFiles/fast_lio__rosidl_typesupport_fastrtps_c__pyext.dir/flags.make' has modification time 1759584952 s in the future
gmake[2]: Warning: File 'CMakeFiles/fast_lio__rosidl_typesupport_c__pyext.dir/flags.make' has modification time 1759584952 s in the future
[35m[1mConsolidate compiler generated dependencies of target fast_lio__rosidl_typesupport_introspection_c__pyext[0m
gmake[2]: warning:  Clock skew detected.  Your build may be incomplete.
[35m[1mConsolidate compiler generated dependencies of target fast_lio__rosidl_typesupport_fastrtps_c__pyext[0m
gmake[2]: Warning: File 'CMakeFiles/fast_lio__rosidl_typesupport_introspection_c__pyext.dir/flags.make' has modification time 1759584952 s in the future
gmake[2]: warning:  Clock skew detected.  Your build may be incomplete.
[35m[1mConsolidate compiler generated dependencies of target fast_lio__rosidl_typesupport_c__pyext[0m
gmake[2]: warning:  Clock skew detected.  Your build may be incomplete.
gmake[2]: Warning: File 'CMakeFiles/fast_lio__rosidl_typesupport_fastrtps_c__pyext.dir/flags.make' has modification time 1759584952 s in the future
gmake[2]: warning:  Clock skew detected.  Your build may be incomplete.
gmake[2]: warning:  Clock skew detected.  Your build may be incomplete.
gmake[2]: Warning: File 'CMakeFiles/fast_lio__rosidl_typesupport_c__pyext.dir/flags.make' has modification time 1759584952 s in the future
gmake[2]: warning:  Clock skew detected.  Your build may be incomplete.
[ 88%] Built target fast_lio__rosidl_typesupport_introspection_c__pyext
[ 94%] Built target fast_lio__rosidl_typesupport_c__pyext
[100%] Built target fast_lio__rosidl_typesupport_fastrtps_c__pyext
running egg_info
writing fast_lio.egg-info/PKG-INFO
writing dependency_links to fast_lio.egg-info/dependency_links.txt
writing top-level names to fast_lio.egg-info/top_level.txt
reading manifest file 'fast_lio.egg-info/SOURCES.txt'
writing manifest file 'fast_lio.egg-info/SOURCES.txt'
gmake[2]: warning:  Clock skew detected.  Your build may be incomplete.
[100%] Built target ament_cmake_python_build_fast_lio_egg
