[0.037s] Invoking command in '/Pav-S_ws/build/fast_lio': CMAKE_PREFIX_PATH=${CMAKE_PREFIX_PATH}:/Pav-S_ws/install/yolo_detector:/Pav-S_ws/install/yolov5_lib:/Pav-S_ws/install/nav2_simple_commander:/opt/ros/humble /usr/bin/cmake /Pav-S_ws/src/FAST_LIO_ROS2 -DCMAKE_INSTALL_PREFIX=/Pav-S_ws/install/fast_lio
[0.803s] -- Found PythonLibs: /usr/lib/aarch64-linux-gnu/libpython3.10.so (found version "3.10.12") 
[0.803s] -- Found ament_cmake: 1.3.12 (/opt/ros/humble/share/ament_cmake/cmake)
[0.803s] -- Found rclcpp: 16.0.15 (/opt/ros/humble/share/rclcpp/cmake)
[0.803s] -- Found rosidl_generator_c: 3.1.7 (/opt/ros/humble/share/rosidl_generator_c/cmake)
[0.803s] -- Found rosidl_adapter: 3.1.7 (/opt/ros/humble/share/rosidl_adapter/cmake)
[0.804s] -- Found rosidl_generator_cpp: 3.1.7 (/opt/ros/humble/share/rosidl_generator_cpp/cmake)
[0.804s] -- Using all available rosidl_typesupport_c: rosidl_typesupport_fastrtps_c;rosidl_typesupport_introspection_c
[0.804s] -- Using all available rosidl_typesupport_cpp: rosidl_typesupport_fastrtps_cpp;rosidl_typesupport_introspection_cpp
[0.805s] [0mCurrent CPU archtecture: aarch64[0m
[0.850s] -- Found rmw_implementation_cmake: 6.1.2 (/opt/ros/humble/share/rmw_implementation_cmake/cmake)
[0.855s] -- Found rmw_fastrtps_cpp: 6.2.8 (/opt/ros/humble/share/rmw_fastrtps_cpp/cmake)
[1.172s] -- Using RMW implementation 'rmw_fastrtps_cpp' as default
[1.390s] -- Found rclcpp_components: 16.0.15 (/opt/ros/humble/share/rclcpp_components/cmake)
[1.443s] -- Found geometry_msgs: 4.9.0 (/opt/ros/humble/share/geometry_msgs/cmake)
[1.492s] -- Found nav_msgs: 4.9.0 (/opt/ros/humble/share/nav_msgs/cmake)
[1.529s] -- Found sensor_msgs: 4.9.0 (/opt/ros/humble/share/sensor_msgs/cmake)
[1.562s] -- Found std_srvs: 4.9.0 (/opt/ros/humble/share/std_srvs/cmake)
[1.607s] -- Found visualization_msgs: 4.9.0 (/opt/ros/humble/share/visualization_msgs/cmake)
[1.691s] -- Found pcl_ros: 2.4.5 (/opt/ros/humble/share/pcl_ros/cmake)
[1.815s] -- Eigen found (include: /usr/include/eigen3, version: 3.4.0)
[1.927s] -- FLANN found (include: /usr/include, lib: /usr/lib/aarch64-linux-gnu/libflann_cpp.so)
[3.086s] -- OpenNI found (version: 1.5.4.0, include: /usr/include/ni, lib: /usr/lib/libOpenNI.so;libusb::libusb)
[3.121s] -- OpenNI2 found (version: 2.2.0.33, include: /usr/include/openni2, lib: /usr/lib/aarch64-linux-gnu/libOpenNI2.so;libusb::libusb)
[3.563s] -- Eigen found (include: /usr/include/eigen3, version: 3.4.0)
[3.598s] -- OpenNI found (version: 1.5.4.0, include: /usr/include/ni, lib: /usr/lib/libOpenNI.so;libusb::libusb)
[3.640s] -- OpenNI2 found (version: 2.2.0.33, include: /usr/include/openni2, lib: /usr/lib/aarch64-linux-gnu/libOpenNI2.so;libusb::libusb)
[4.161s] -- Found Qhull version 8.0.2
[4.602s] -- OpenNI found (version: 1.5.4.0, include: /usr/include/ni, lib: /usr/lib/libOpenNI.so;libusb::libusb)
[5.085s] -- Found eigen3_cmake_module: 0.1.1 (/opt/ros/humble/share/eigen3_cmake_module/cmake)
[5.088s] -- Ensuring Eigen3 include directory is part of orocos-kdl CMake target
[5.329s] -- Found livox_ros_driver2: 1.0.0 (/ws_livox/install/livox_ros_driver2/share/livox_ros_driver2/cmake)
[5.416s] -- Found rosidl_default_generators: 1.2.0 (/opt/ros/humble/share/rosidl_default_generators/cmake)
[5.440s] [33mCMake Warning (dev) at CMakeLists.txt:81 (find_package):
[5.441s]   Policy CMP0074 is not set: find_package uses <PackageName>_ROOT variables.
[5.441s]   Run "cmake --help-policy CMP0074" for policy details.  Use the cmake_policy
[5.441s]   command to set the policy and suppress this warning.
[5.441s] 
[5.441s]   CMake variable PCL_ROOT is set to:
[5.441s] 
[5.442s]     /usr
[5.442s] 
[5.442s]   For compatibility, CMake is ignoring the variable.
[5.442s] This warning is for project developers.  Use -Wno-dev to suppress it.
[5.442s] [0m
[5.460s] [0mEigen:/usr/include/eigen3[0m
[5.460s] -- PCL: /usr/include/pcl-1.12
[6.333s] -- Found ament_cmake_ros: 0.10.0 (/opt/ros/humble/share/ament_cmake_ros/cmake)
[7.450s] -- Using all available rosidl_typesupport_c: rosidl_typesupport_fastrtps_c;rosidl_typesupport_introspection_c
[7.801s] -- Using all available rosidl_typesupport_cpp: rosidl_typesupport_fastrtps_cpp;rosidl_typesupport_introspection_cpp
[7.880s] -- Found python_cmake_module: 0.10.0 (/opt/ros/humble/share/python_cmake_module/cmake)
[7.966s] -- Found PythonLibs: /usr/lib/aarch64-linux-gnu/libpython3.10.so (found suitable version "3.10.12", minimum required is "3.5") 
[7.966s] -- Using PYTHON_EXECUTABLE: /usr/bin/python3
[7.966s] -- Using PYTHON_INCLUDE_DIRS: /usr/include/python3.10
[7.966s] -- Using PYTHON_LIBRARIES: /usr/lib/aarch64-linux-gnu/libpython3.10.so
[8.086s] -- Configuring done
[8.487s] -- Generating done
[8.540s] -- Build files have been written to: /Pav-S_ws/build/fast_lio
[8.606s] Invoked command in '/Pav-S_ws/build/fast_lio' returned '0': CMAKE_PREFIX_PATH=${CMAKE_PREFIX_PATH}:/Pav-S_ws/install/yolo_detector:/Pav-S_ws/install/yolov5_lib:/Pav-S_ws/install/nav2_simple_commander:/opt/ros/humble /usr/bin/cmake /Pav-S_ws/src/FAST_LIO_ROS2 -DCMAKE_INSTALL_PREFIX=/Pav-S_ws/install/fast_lio
[8.607s] Invoking command in '/Pav-S_ws/build/fast_lio': CMAKE_PREFIX_PATH=${CMAKE_PREFIX_PATH}:/Pav-S_ws/install/yolo_detector:/Pav-S_ws/install/yolov5_lib:/Pav-S_ws/install/nav2_simple_commander:/opt/ros/humble /usr/bin/cmake --build /Pav-S_ws/build/fast_lio -- -j6 -l6
[8.972s] -- Found PythonLibs: /usr/lib/aarch64-linux-gnu/libpython3.10.so (found version "3.10.12") 
[8.973s] -- Found ament_cmake: 1.3.12 (/opt/ros/humble/share/ament_cmake/cmake)
[8.973s] [0mCurrent CPU archtecture: aarch64[0m
[9.016s] -- Found rclcpp: 16.0.15 (/opt/ros/humble/share/rclcpp/cmake)
[9.097s] -- Found rosidl_generator_c: 3.1.7 (/opt/ros/humble/share/rosidl_generator_c/cmake)
[9.102s] -- Found rosidl_adapter: 3.1.7 (/opt/ros/humble/share/rosidl_adapter/cmake)
[9.114s] -- Found rosidl_generator_cpp: 3.1.7 (/opt/ros/humble/share/rosidl_generator_cpp/cmake)
[9.137s] -- Using all available rosidl_typesupport_c: rosidl_typesupport_fastrtps_c;rosidl_typesupport_introspection_c
[9.164s] -- Using all available rosidl_typesupport_cpp: rosidl_typesupport_fastrtps_cpp;rosidl_typesupport_introspection_cpp
[9.251s] -- Found rmw_implementation_cmake: 6.1.2 (/opt/ros/humble/share/rmw_implementation_cmake/cmake)
[9.254s] -- Found rmw_fastrtps_cpp: 6.2.8 (/opt/ros/humble/share/rmw_fastrtps_cpp/cmake)
[9.542s] -- Using RMW implementation 'rmw_fastrtps_cpp' as default
[9.648s] -- Found rclcpp_components: 16.0.15 (/opt/ros/humble/share/rclcpp_components/cmake)
[9.684s] -- Found geometry_msgs: 4.9.0 (/opt/ros/humble/share/geometry_msgs/cmake)
[9.707s] -- Found nav_msgs: 4.9.0 (/opt/ros/humble/share/nav_msgs/cmake)
[9.755s] -- Found sensor_msgs: 4.9.0 (/opt/ros/humble/share/sensor_msgs/cmake)
[9.788s] -- Found std_srvs: 4.9.0 (/opt/ros/humble/share/std_srvs/cmake)
[9.805s] -- Found visualization_msgs: 4.9.0 (/opt/ros/humble/share/visualization_msgs/cmake)
[9.841s] -- Found pcl_ros: 2.4.5 (/opt/ros/humble/share/pcl_ros/cmake)
[9.934s] -- Eigen found (include: /usr/include/eigen3, version: 3.4.0)
[10.033s] -- FLANN found (include: /usr/include, lib: /usr/lib/aarch64-linux-gnu/libflann_cpp.so)
[10.966s] -- OpenNI found (version: 1.5.4.0, include: /usr/include/ni, lib: /usr/lib/libOpenNI.so;libusb::libusb)
[11.001s] -- OpenNI2 found (version: 2.2.0.33, include: /usr/include/openni2, lib: /usr/lib/aarch64-linux-gnu/libOpenNI2.so;libusb::libusb)
[11.540s] -- Eigen found (include: /usr/include/eigen3, version: 3.4.0)
[11.563s] -- OpenNI found (version: 1.5.4.0, include: /usr/include/ni, lib: /usr/lib/libOpenNI.so;libusb::libusb)
[11.582s] -- OpenNI2 found (version: 2.2.0.33, include: /usr/include/openni2, lib: /usr/lib/aarch64-linux-gnu/libOpenNI2.so;libusb::libusb)
[12.144s] -- Found Qhull version 8.0.2
[12.574s] -- OpenNI found (version: 1.5.4.0, include: /usr/include/ni, lib: /usr/lib/libOpenNI.so;libusb::libusb)
[13.080s] -- Found eigen3_cmake_module: 0.1.1 (/opt/ros/humble/share/eigen3_cmake_module/cmake)
[13.080s] -- Ensuring Eigen3 include directory is part of orocos-kdl CMake target
[13.195s] -- Found livox_ros_driver2: 1.0.0 (/ws_livox/install/livox_ros_driver2/share/livox_ros_driver2/cmake)
[13.235s] -- Found rosidl_default_generators: 1.2.0 (/opt/ros/humble/share/rosidl_default_generators/cmake)
[13.262s] [33mCMake Warning (dev) at CMakeLists.txt:81 (find_package):
[13.262s]   Policy CMP0074 is not set: find_package uses <PackageName>_ROOT variables.
[13.262s]   Run "cmake --help-policy CMP0074" for policy details.  Use the cmake_policy
[13.262s]   command to set the policy and suppress this warning.
[13.262s] 
[13.262s]   CMake variable PCL_ROOT is set to:
[13.263s] 
[13.263s]     /usr
[13.263s] 
[13.263s]   For compatibility, CMake is ignoring the variable.
[13.263s] This warning is for project developers.  Use -Wno-dev to suppress it.
[13.263s] [0m
[13.288s] [0mEigen:/usr/include/eigen3[0m
[13.288s] -- PCL: /usr/include/pcl-1.12
[13.999s] -- Found ament_cmake_ros: 0.10.0 (/opt/ros/humble/share/ament_cmake_ros/cmake)
[15.146s] -- Using all available rosidl_typesupport_c: rosidl_typesupport_fastrtps_c;rosidl_typesupport_introspection_c
[15.511s] -- Using all available rosidl_typesupport_cpp: rosidl_typesupport_fastrtps_cpp;rosidl_typesupport_introspection_cpp
[15.568s] -- Found python_cmake_module: 0.10.0 (/opt/ros/humble/share/python_cmake_module/cmake)
[15.631s] -- Found PythonLibs: /usr/lib/aarch64-linux-gnu/libpython3.10.so (found suitable version "3.10.12", minimum required is "3.5") 
[15.632s] -- Using PYTHON_EXECUTABLE: /usr/bin/python3
[15.632s] -- Using PYTHON_INCLUDE_DIRS: /usr/include/python3.10
[15.632s] -- Using PYTHON_LIBRARIES: /usr/lib/aarch64-linux-gnu/libpython3.10.so
[15.732s] -- Configuring done
[15.889s] -- Generating done
[15.934s] -- Build files have been written to: /Pav-S_ws/build/fast_lio
[16.017s] gmake[2]: Warning: File 'CMakeFiles/fast_lio__cpp.dir/compiler_depend.make' has modification time 1759584952 s in the future
[16.020s] gmake[2]: Warning: File 'CMakeFiles/fast_lio__rosidl_generator_c.dir/flags.make' has modification time 1759584952 s in the future
[16.029s] gmake[2]: Warning: File 'CMakeFiles/ament_cmake_python_copy_fast_lio.dir/compiler_depend.make' has modification time 1759584952 s in the future
[16.043s] [35m[1mConsolidate compiler generated dependencies of target fast_lio__rosidl_generator_c[0m
[16.046s] gmake[2]: warning:  Clock skew detected.  Your build may be incomplete.
[16.050s] gmake[2]: Warning: File 'CMakeFiles/fast_lio__cpp.dir/compiler_depend.make' has modification time 1759584952 s in the future
[16.050s] gmake[2]: warning:  Clock skew detected.  Your build may be incomplete.
[16.051s] gmake[2]: warning:  Clock skew detected.  Your build may be incomplete.
[16.055s] gmake[2]: Warning: File 'CMakeFiles/fast_lio__rosidl_generator_c.dir/flags.make' has modification time 1759584952 s in the future
[16.055s] gmake[2]: warning:  Clock skew detected.  Your build may be incomplete.
[16.071s] [  2%] Built target fast_lio__cpp
[16.076s] [ 11%] Built target fast_lio__rosidl_generator_c
[16.083s] gmake[2]: warning:  Clock skew detected.  Your build may be incomplete.
[16.083s] gmake[2]: Warning: File 'CMakeFiles/fast_lio__rosidl_typesupport_cpp.dir/flags.make' has modification time 1759584952 s in the future
[16.087s] gmake[2]: Warning: File 'CMakeFiles/fast_lio__rosidl_typesupport_fastrtps_cpp.dir/flags.make' has modification time 1759584952 s in the future
[16.089s] gmake[2]: Warning: File 'CMakeFiles/ament_cmake_python_copy_fast_lio.dir/compiler_depend.make' has modification time 1759584952 s in the future
[16.093s] gmake[2]: Warning: File 'CMakeFiles/fast_lio__rosidl_typesupport_introspection_c.dir/flags.make' has modification time 1759584952 s in the future
[16.097s] gmake[2]: Warning: File 'CMakeFiles/fast_lio__rosidl_typesupport_c.dir/flags.make' has modification time 1759584952 s in the future
[16.103s] gmake[2]: Warning: File 'CMakeFiles/fast_lio__rosidl_typesupport_introspection_cpp.dir/flags.make' has modification time 1759584952 s in the future
[16.106s] [35m[1mConsolidate compiler generated dependencies of target fast_lio__rosidl_typesupport_cpp[0m
[16.112s] gmake[2]: warning:  Clock skew detected.  Your build may be incomplete.
[16.130s] gmake[2]: Warning: File 'CMakeFiles/fast_lio__rosidl_typesupport_cpp.dir/flags.make' has modification time 1759584952 s in the future
[16.132s] gmake[2]: warning:  Clock skew detected.  Your build may be incomplete.
[16.143s] [35m[1mConsolidate compiler generated dependencies of target fast_lio__rosidl_typesupport_introspection_cpp[0m
[16.144s] [35m[1mConsolidate compiler generated dependencies of target fast_lio__rosidl_typesupport_introspection_c[0m
[16.146s] gmake[2]: warning:  Clock skew detected.  Your build may be incomplete.
[16.149s] [35m[1mConsolidate compiler generated dependencies of target fast_lio__rosidl_typesupport_c[0m
[16.152s] gmake[2]: warning:  Clock skew detected.  Your build may be incomplete.
[16.153s] gmake[2]: warning:  Clock skew detected.  Your build may be incomplete.
[16.154s] gmake[2]: warning:  Clock skew detected.  Your build may be incomplete.
[16.155s] [ 20%] Built target fast_lio__rosidl_typesupport_cpp
[16.158s] [35m[1mConsolidate compiler generated dependencies of target fast_lio__rosidl_typesupport_fastrtps_cpp[0m
[16.161s] gmake[2]: Warning: File 'CMakeFiles/fast_lio__rosidl_typesupport_introspection_c.dir/flags.make' has modification time 1759584952 s in the future
[16.162s] gmake[2]: warning:  Clock skew detected.  Your build may be incomplete.
[16.164s] gmake[2]: warning:  Clock skew detected.  Your build may be incomplete.
[16.165s] gmake[2]: Warning: File 'CMakeFiles/fast_lio__rosidl_typesupport_c.dir/flags.make' has modification time 1759584952 s in the future
[16.166s] gmake[2]: warning:  Clock skew detected.  Your build may be incomplete.
[16.167s] gmake[2]: Warning: File 'CMakeFiles/fast_lio__rosidl_typesupport_introspection_cpp.dir/flags.make' has modification time 1759584952 s in the future
[16.168s] gmake[2]: warning:  Clock skew detected.  Your build may be incomplete.
[16.172s] gmake[2]: Warning: File 'CMakeFiles/fast_lio__rosidl_typesupport_fastrtps_cpp.dir/flags.make' has modification time 1759584952 s in the future
[16.173s] gmake[2]: warning:  Clock skew detected.  Your build may be incomplete.
[16.182s] [ 20%] Built target ament_cmake_python_copy_fast_lio
[16.186s] [ 28%] Built target fast_lio__rosidl_typesupport_introspection_c
[16.192s] gmake[2]: Warning: File 'CMakeFiles/fast_lio__rosidl_typesupport_fastrtps_c.dir/flags.make' has modification time 1759584952 s in the future
[16.195s] gmake[2]: Warning: File 'CMakeFiles/ament_cmake_python_build_fast_lio_egg.dir/compiler_depend.make' has modification time 1759584952 s in the future
[16.201s] gmake[2]: Warning: File 'CMakeFiles/fastlio_mapping.dir/flags.make' has modification time 1759584952 s in the future
[16.204s] [ 37%] Built target fast_lio__rosidl_typesupport_c
[16.212s] [ 45%] Built target fast_lio__rosidl_typesupport_fastrtps_cpp
[16.222s] [ 54%] Built target fast_lio__rosidl_typesupport_introspection_cpp
[16.239s] [35m[1mConsolidate compiler generated dependencies of target fast_lio__rosidl_typesupport_fastrtps_c[0m
[16.245s] gmake[2]: warning:  Clock skew detected.  Your build may be incomplete.
[16.246s] [35m[1mConsolidate compiler generated dependencies of target fastlio_mapping[0m
[16.248s] gmake[2]: warning:  Clock skew detected.  Your build may be incomplete.
[16.251s] gmake[2]: Warning: File 'CMakeFiles/fast_lio__rosidl_typesupport_fastrtps_c.dir/flags.make' has modification time 1759584952 s in the future
[16.251s] gmake[2]: Warning: File 'CMakeFiles/ament_cmake_python_build_fast_lio_egg.dir/compiler_depend.make' has modification time 1759584952 s in the future
[16.252s] gmake[2]: warning:  Clock skew detected.  Your build may be incomplete.
[16.272s] [ 62%] Built target fast_lio__rosidl_typesupport_fastrtps_c
[16.288s] gmake[2]: warning:  Clock skew detected.  Your build may be incomplete.
[16.288s] gmake[2]: Warning: File 'CMakeFiles/fast_lio.dir/compiler_depend.make' has modification time 1759584952 s in the future
[16.307s] gmake[2]: Warning: File 'CMakeFiles/fastlio_mapping.dir/flags.make' has modification time 1759584952 s in the future
[16.324s] gmake[2]: warning:  Clock skew detected.  Your build may be incomplete.
[16.326s] gmake[2]: warning:  Clock skew detected.  Your build may be incomplete.
[16.328s] gmake[2]: Warning: File 'CMakeFiles/fast_lio.dir/compiler_depend.make' has modification time 1759584952 s in the future
[16.328s] gmake[2]: warning:  Clock skew detected.  Your build may be incomplete.
[16.349s] [ 65%] Built target fast_lio
[16.350s] [ 74%] Built target fastlio_mapping
[16.355s] gmake[2]: Warning: File 'fast_lio__py/CMakeFiles/fast_lio__py.dir/compiler_depend.make' has modification time 1759584952 s in the future
[16.385s] gmake[2]: warning:  Clock skew detected.  Your build may be incomplete.
[16.389s] gmake[2]: Warning: File 'fast_lio__py/CMakeFiles/fast_lio__py.dir/compiler_depend.make' has modification time 1759584952 s in the future
[16.389s] gmake[2]: warning:  Clock skew detected.  Your build may be incomplete.
[16.414s] [ 77%] Built target fast_lio__py
[16.420s] gmake[2]: Warning: File 'CMakeFiles/fast_lio__rosidl_generator_py.dir/flags.make' has modification time 1759584952 s in the future
[16.442s] [35m[1mConsolidate compiler generated dependencies of target fast_lio__rosidl_generator_py[0m
[16.447s] gmake[2]: warning:  Clock skew detected.  Your build may be incomplete.
[16.452s] gmake[2]: Warning: File 'CMakeFiles/fast_lio__rosidl_generator_py.dir/flags.make' has modification time 1759584952 s in the future
[16.453s] gmake[2]: warning:  Clock skew detected.  Your build may be incomplete.
[16.473s] [ 82%] Built target fast_lio__rosidl_generator_py
[16.478s] gmake[2]: Warning: File 'CMakeFiles/fast_lio__rosidl_typesupport_introspection_c__pyext.dir/flags.make' has modification time 1759584952 s in the future
[16.478s] gmake[2]: Warning: File 'CMakeFiles/fast_lio__rosidl_typesupport_fastrtps_c__pyext.dir/flags.make' has modification time 1759584952 s in the future
[16.482s] gmake[2]: Warning: File 'CMakeFiles/fast_lio__rosidl_typesupport_c__pyext.dir/flags.make' has modification time 1759584952 s in the future
[16.499s] [35m[1mConsolidate compiler generated dependencies of target fast_lio__rosidl_typesupport_introspection_c__pyext[0m
[16.504s] gmake[2]: warning:  Clock skew detected.  Your build may be incomplete.
[16.516s] [35m[1mConsolidate compiler generated dependencies of target fast_lio__rosidl_typesupport_fastrtps_c__pyext[0m
[16.516s] gmake[2]: Warning: File 'CMakeFiles/fast_lio__rosidl_typesupport_introspection_c__pyext.dir/flags.make' has modification time 1759584952 s in the future
[16.522s] gmake[2]: warning:  Clock skew detected.  Your build may be incomplete.
[16.522s] [35m[1mConsolidate compiler generated dependencies of target fast_lio__rosidl_typesupport_c__pyext[0m
[16.522s] gmake[2]: warning:  Clock skew detected.  Your build may be incomplete.
[16.527s] gmake[2]: Warning: File 'CMakeFiles/fast_lio__rosidl_typesupport_fastrtps_c__pyext.dir/flags.make' has modification time 1759584952 s in the future
[16.528s] gmake[2]: warning:  Clock skew detected.  Your build may be incomplete.
[16.528s] gmake[2]: warning:  Clock skew detected.  Your build may be incomplete.
[16.533s] gmake[2]: Warning: File 'CMakeFiles/fast_lio__rosidl_typesupport_c__pyext.dir/flags.make' has modification time 1759584952 s in the future
[16.534s] gmake[2]: warning:  Clock skew detected.  Your build may be incomplete.
[16.550s] [ 88%] Built target fast_lio__rosidl_typesupport_introspection_c__pyext
[16.558s] [ 94%] Built target fast_lio__rosidl_typesupport_c__pyext
[16.570s] [100%] Built target fast_lio__rosidl_typesupport_fastrtps_c__pyext
[16.973s] running egg_info
[16.974s] writing fast_lio.egg-info/PKG-INFO
[16.976s] writing dependency_links to fast_lio.egg-info/dependency_links.txt
[16.976s] writing top-level names to fast_lio.egg-info/top_level.txt
[16.981s] reading manifest file 'fast_lio.egg-info/SOURCES.txt'
[16.983s] writing manifest file 'fast_lio.egg-info/SOURCES.txt'
[17.046s] gmake[2]: warning:  Clock skew detected.  Your build may be incomplete.
[17.066s] [100%] Built target ament_cmake_python_build_fast_lio_egg
