/Pav-S_ws/install/yolov5_lib/lib/python3.10/site-packages/export.py
/Pav-S_ws/install/yolov5_lib/lib/python3.10/site-packages/models/yolo.py
/Pav-S_ws/install/yolov5_lib/lib/python3.10/site-packages/models/common.py
/Pav-S_ws/install/yolov5_lib/lib/python3.10/site-packages/models/__init__.py
/Pav-S_ws/install/yolov5_lib/lib/python3.10/site-packages/models/tf.py
/Pav-S_ws/install/yolov5_lib/lib/python3.10/site-packages/models/experimental.py
/Pav-S_ws/install/yolov5_lib/lib/python3.10/site-packages/utils/plots.py
/Pav-S_ws/install/yolov5_lib/lib/python3.10/site-packages/utils/activations.py
/Pav-S_ws/install/yolov5_lib/lib/python3.10/site-packages/utils/torch_utils.py
/Pav-S_ws/install/yolov5_lib/lib/python3.10/site-packages/utils/loss.py
/Pav-S_ws/install/yolov5_lib/lib/python3.10/site-packages/utils/callbacks.py
/Pav-S_ws/install/yolov5_lib/lib/python3.10/site-packages/utils/metrics.py
/Pav-S_ws/install/yolov5_lib/lib/python3.10/site-packages/utils/autobatch.py
/Pav-S_ws/install/yolov5_lib/lib/python3.10/site-packages/utils/triton.py
/Pav-S_ws/install/yolov5_lib/lib/python3.10/site-packages/utils/dataloaders.py
/Pav-S_ws/install/yolov5_lib/lib/python3.10/site-packages/utils/autoanchor.py
/Pav-S_ws/install/yolov5_lib/lib/python3.10/site-packages/utils/__init__.py
/Pav-S_ws/install/yolov5_lib/lib/python3.10/site-packages/utils/augmentations.py
/Pav-S_ws/install/yolov5_lib/lib/python3.10/site-packages/utils/general.py
/Pav-S_ws/install/yolov5_lib/lib/python3.10/site-packages/utils/downloads.py
/Pav-S_ws/install/yolov5_lib/lib/python3.10/site-packages/utils/aws/__init__.py
/Pav-S_ws/install/yolov5_lib/lib/python3.10/site-packages/utils/aws/resume.py
/Pav-S_ws/install/yolov5_lib/lib/python3.10/site-packages/utils/loggers/__init__.py
/Pav-S_ws/install/yolov5_lib/lib/python3.10/site-packages/utils/segment/plots.py
/Pav-S_ws/install/yolov5_lib/lib/python3.10/site-packages/utils/segment/loss.py
/Pav-S_ws/install/yolov5_lib/lib/python3.10/site-packages/utils/segment/metrics.py
/Pav-S_ws/install/yolov5_lib/lib/python3.10/site-packages/utils/segment/dataloaders.py
/Pav-S_ws/install/yolov5_lib/lib/python3.10/site-packages/utils/segment/__init__.py
/Pav-S_ws/install/yolov5_lib/lib/python3.10/site-packages/utils/segment/augmentations.py
/Pav-S_ws/install/yolov5_lib/lib/python3.10/site-packages/utils/segment/general.py
/Pav-S_ws/install/yolov5_lib/lib/python3.10/site-packages/utils/models/yolo.py
/Pav-S_ws/install/yolov5_lib/lib/python3.10/site-packages/utils/models/common.py
/Pav-S_ws/install/yolov5_lib/lib/python3.10/site-packages/utils/models/__init__.py
/Pav-S_ws/install/yolov5_lib/lib/python3.10/site-packages/utils/models/tf.py
/Pav-S_ws/install/yolov5_lib/lib/python3.10/site-packages/utils/models/experimental.py
/Pav-S_ws/install/yolov5_lib/lib/python3.10/site-packages/utils/loggers/wandb/wandb_utils.py
/Pav-S_ws/install/yolov5_lib/lib/python3.10/site-packages/utils/loggers/wandb/__init__.py
/Pav-S_ws/install/yolov5_lib/lib/python3.10/site-packages/utils/loggers/clearml/hpo.py
/Pav-S_ws/install/yolov5_lib/lib/python3.10/site-packages/utils/loggers/clearml/__init__.py
/Pav-S_ws/install/yolov5_lib/lib/python3.10/site-packages/utils/loggers/clearml/clearml_utils.py
/Pav-S_ws/install/yolov5_lib/lib/python3.10/site-packages/utils/loggers/comet/hpo.py
/Pav-S_ws/install/yolov5_lib/lib/python3.10/site-packages/utils/loggers/comet/comet_utils.py
/Pav-S_ws/install/yolov5_lib/lib/python3.10/site-packages/utils/loggers/comet/__init__.py
/Pav-S_ws/install/yolov5_lib/lib/python3.10/site-packages/__pycache__/export.cpython-310.pyc
/Pav-S_ws/install/yolov5_lib/lib/python3.10/site-packages/models/__pycache__/yolo.cpython-310.pyc
/Pav-S_ws/install/yolov5_lib/lib/python3.10/site-packages/models/__pycache__/common.cpython-310.pyc
/Pav-S_ws/install/yolov5_lib/lib/python3.10/site-packages/models/__pycache__/__init__.cpython-310.pyc
/Pav-S_ws/install/yolov5_lib/lib/python3.10/site-packages/models/__pycache__/tf.cpython-310.pyc
/Pav-S_ws/install/yolov5_lib/lib/python3.10/site-packages/models/__pycache__/experimental.cpython-310.pyc
/Pav-S_ws/install/yolov5_lib/lib/python3.10/site-packages/utils/__pycache__/plots.cpython-310.pyc
/Pav-S_ws/install/yolov5_lib/lib/python3.10/site-packages/utils/__pycache__/activations.cpython-310.pyc
/Pav-S_ws/install/yolov5_lib/lib/python3.10/site-packages/utils/__pycache__/torch_utils.cpython-310.pyc
/Pav-S_ws/install/yolov5_lib/lib/python3.10/site-packages/utils/__pycache__/loss.cpython-310.pyc
/Pav-S_ws/install/yolov5_lib/lib/python3.10/site-packages/utils/__pycache__/callbacks.cpython-310.pyc
/Pav-S_ws/install/yolov5_lib/lib/python3.10/site-packages/utils/__pycache__/metrics.cpython-310.pyc
/Pav-S_ws/install/yolov5_lib/lib/python3.10/site-packages/utils/__pycache__/autobatch.cpython-310.pyc
/Pav-S_ws/install/yolov5_lib/lib/python3.10/site-packages/utils/__pycache__/triton.cpython-310.pyc
/Pav-S_ws/install/yolov5_lib/lib/python3.10/site-packages/utils/__pycache__/dataloaders.cpython-310.pyc
/Pav-S_ws/install/yolov5_lib/lib/python3.10/site-packages/utils/__pycache__/autoanchor.cpython-310.pyc
/Pav-S_ws/install/yolov5_lib/lib/python3.10/site-packages/utils/__pycache__/__init__.cpython-310.pyc
/Pav-S_ws/install/yolov5_lib/lib/python3.10/site-packages/utils/__pycache__/augmentations.cpython-310.pyc
/Pav-S_ws/install/yolov5_lib/lib/python3.10/site-packages/utils/__pycache__/general.cpython-310.pyc
/Pav-S_ws/install/yolov5_lib/lib/python3.10/site-packages/utils/__pycache__/downloads.cpython-310.pyc
/Pav-S_ws/install/yolov5_lib/lib/python3.10/site-packages/utils/aws/__pycache__/__init__.cpython-310.pyc
/Pav-S_ws/install/yolov5_lib/lib/python3.10/site-packages/utils/aws/__pycache__/resume.cpython-310.pyc
/Pav-S_ws/install/yolov5_lib/lib/python3.10/site-packages/utils/loggers/__pycache__/__init__.cpython-310.pyc
/Pav-S_ws/install/yolov5_lib/lib/python3.10/site-packages/utils/segment/__pycache__/plots.cpython-310.pyc
/Pav-S_ws/install/yolov5_lib/lib/python3.10/site-packages/utils/segment/__pycache__/loss.cpython-310.pyc
/Pav-S_ws/install/yolov5_lib/lib/python3.10/site-packages/utils/segment/__pycache__/metrics.cpython-310.pyc
/Pav-S_ws/install/yolov5_lib/lib/python3.10/site-packages/utils/segment/__pycache__/dataloaders.cpython-310.pyc
/Pav-S_ws/install/yolov5_lib/lib/python3.10/site-packages/utils/segment/__pycache__/__init__.cpython-310.pyc
/Pav-S_ws/install/yolov5_lib/lib/python3.10/site-packages/utils/segment/__pycache__/augmentations.cpython-310.pyc
/Pav-S_ws/install/yolov5_lib/lib/python3.10/site-packages/utils/segment/__pycache__/general.cpython-310.pyc
/Pav-S_ws/install/yolov5_lib/lib/python3.10/site-packages/utils/models/__pycache__/yolo.cpython-310.pyc
/Pav-S_ws/install/yolov5_lib/lib/python3.10/site-packages/utils/models/__pycache__/common.cpython-310.pyc
/Pav-S_ws/install/yolov5_lib/lib/python3.10/site-packages/utils/models/__pycache__/__init__.cpython-310.pyc
/Pav-S_ws/install/yolov5_lib/lib/python3.10/site-packages/utils/models/__pycache__/tf.cpython-310.pyc
/Pav-S_ws/install/yolov5_lib/lib/python3.10/site-packages/utils/models/__pycache__/experimental.cpython-310.pyc
/Pav-S_ws/install/yolov5_lib/lib/python3.10/site-packages/utils/loggers/wandb/__pycache__/wandb_utils.cpython-310.pyc
/Pav-S_ws/install/yolov5_lib/lib/python3.10/site-packages/utils/loggers/wandb/__pycache__/__init__.cpython-310.pyc
/Pav-S_ws/install/yolov5_lib/lib/python3.10/site-packages/utils/loggers/clearml/__pycache__/hpo.cpython-310.pyc
/Pav-S_ws/install/yolov5_lib/lib/python3.10/site-packages/utils/loggers/clearml/__pycache__/__init__.cpython-310.pyc
/Pav-S_ws/install/yolov5_lib/lib/python3.10/site-packages/utils/loggers/clearml/__pycache__/clearml_utils.cpython-310.pyc
/Pav-S_ws/install/yolov5_lib/lib/python3.10/site-packages/utils/loggers/comet/__pycache__/hpo.cpython-310.pyc
/Pav-S_ws/install/yolov5_lib/lib/python3.10/site-packages/utils/loggers/comet/__pycache__/comet_utils.cpython-310.pyc
/Pav-S_ws/install/yolov5_lib/lib/python3.10/site-packages/utils/loggers/comet/__pycache__/__init__.cpython-310.pyc
/Pav-S_ws/install/yolov5_lib/share/ament_index/resource_index/packages/yolov5_lib
/Pav-S_ws/install/yolov5_lib/share/yolov5_lib/package.xml
/Pav-S_ws/install/yolov5_lib/share/yolov5_lib/config/competition_dataset.yaml
/Pav-S_ws/install/yolov5_lib/share/yolov5_lib/weights/best.pt
/Pav-S_ws/install/yolov5_lib/lib/python3.10/site-packages/yolov5_lib-0.0.0-py3.10.egg-info/requires.txt
/Pav-S_ws/install/yolov5_lib/lib/python3.10/site-packages/yolov5_lib-0.0.0-py3.10.egg-info/dependency_links.txt
/Pav-S_ws/install/yolov5_lib/lib/python3.10/site-packages/yolov5_lib-0.0.0-py3.10.egg-info/zip-safe
/Pav-S_ws/install/yolov5_lib/lib/python3.10/site-packages/yolov5_lib-0.0.0-py3.10.egg-info/SOURCES.txt
/Pav-S_ws/install/yolov5_lib/lib/python3.10/site-packages/yolov5_lib-0.0.0-py3.10.egg-info/entry_points.txt
/Pav-S_ws/install/yolov5_lib/lib/python3.10/site-packages/yolov5_lib-0.0.0-py3.10.egg-info/PKG-INFO
/Pav-S_ws/install/yolov5_lib/lib/python3.10/site-packages/yolov5_lib-0.0.0-py3.10.egg-info/top_level.txt
