[0.053s] Invoking command in '/Pav-S_ws/build/nav2_costmap_2d': AMENT_PREFIX_PATH=/Pav-S_ws/install/nav2_map_server:/Pav-S_ws/install/nav2_lifecycle_manager:${AMENT_PREFIX_PATH} CMAKE_PREFIX_PATH=/Pav-S_ws/install/nav2_map_server:/Pav-S_ws/install/nav2_lifecycle_manager:/Pav-S_ws/install/nav2_util:/Pav-S_ws/install/nav2_voxel_grid:/Pav-S_ws/install/nav2_msgs:/Pav-S_ws/install/nav2_common:/ws_livox/install/pointcloud_to_laserscan:/ws_livox/install/livox_ros_driver2:/Pav-S_ws/install/wheeltec_robot_urdf:/Pav-S_ws/install/turn_on_wheeltec_robot:/Pav-S_ws/install/wheeltec_robot_msg:/Pav-S_ws/install/usb_cam:/Pav-S_ws/install/serial:/Pav-S_ws/install/robot_kcf:/Pav-S_ws/install/dwb_msgs:/Pav-S_ws/install/nav_2d_msgs:/Pav-S_ws/install/libuvc:/Pav-S_ws/install/fast_lio:/Pav-S_ws/install/astra_camera:/Pav-S_ws/install/astra_camera_msgs:/Pav-S_ws/install/yolo_detector:/Pav-S_ws/install/yolov5_lib:/Pav-S_ws/install/nav2_simple_commander:/opt/ros/humble LD_LIBRARY_PATH=/Pav-S_ws/install/nav2_map_server/lib:/Pav-S_ws/install/nav2_lifecycle_manager/lib:/Pav-S_ws/install/nav2_util/lib:/Pav-S_ws/install/nav2_voxel_grid/lib:/Pav-S_ws/install/nav2_msgs/lib:/usr/local/cuda-12.2/lib64:/ws_livox/install/pointcloud_to_laserscan/lib:/ws_livox/install/livox_ros_driver2/lib:/Pav-S_ws/install/turn_on_wheeltec_robot/lib:/Pav-S_ws/install/wheeltec_robot_msg/lib:/Pav-S_ws/install/usb_cam/lib:/Pav-S_ws/install/serial/lib:/Pav-S_ws/install/dwb_msgs/lib:/Pav-S_ws/install/nav_2d_msgs/lib:/Pav-S_ws/install/libuvc/lib:/Pav-S_ws/install/fast_lio/lib:/Pav-S_ws/install/astra_camera/lib:/Pav-S_ws/install/astra_camera_msgs/lib:/opt/ros/humble/opt/rviz_ogre_vendor/lib:/opt/ros/humble/lib/aarch64-linux-gnu:/opt/ros/humble/lib:/usr/local/cuda-12.2/lib64 /usr/bin/cmake /Pav-S_ws/src/navigation2-humble/nav2_costmap_2d -DCMAKE_INSTALL_PREFIX=/Pav-S_ws/install/nav2_costmap_2d
[0.258s] -- The C compiler identification is GNU 11.4.0
[0.395s] -- The CXX compiler identification is GNU 11.4.0
[0.420s] -- Detecting C compiler ABI info
[0.599s] -- Detecting C compiler ABI info - done
[0.624s] -- Check for working C compiler: /usr/bin/cc - skipped
[0.625s] -- Detecting C compile features
[0.627s] -- Detecting C compile features - done
[0.639s] -- Detecting CXX compiler ABI info
[0.828s] -- Detecting CXX compiler ABI info - done
[0.854s] -- Check for working CXX compiler: /usr/bin/c++ - skipped
[0.854s] -- Detecting CXX compile features
[0.856s] -- Detecting CXX compile features - done
[0.877s] -- Found ament_cmake: 1.3.12 (/opt/ros/humble/share/ament_cmake/cmake)
[1.283s] -- Found Python3: /usr/bin/python3 (found version "3.10.12") found components: Interpreter 
[1.608s] -- Found geometry_msgs: 4.9.0 (/opt/ros/humble/share/geometry_msgs/cmake)
[1.735s] -- Found rosidl_generator_c: 3.1.7 (/opt/ros/humble/share/rosidl_generator_c/cmake)
[1.753s] -- Found rosidl_adapter: 3.1.7 (/opt/ros/humble/share/rosidl_adapter/cmake)
[1.779s] -- Found rosidl_generator_cpp: 3.1.7 (/opt/ros/humble/share/rosidl_generator_cpp/cmake)
[1.816s] -- Using all available rosidl_typesupport_c: rosidl_typesupport_fastrtps_c;rosidl_typesupport_introspection_c
[1.861s] -- Using all available rosidl_typesupport_cpp: rosidl_typesupport_fastrtps_cpp;rosidl_typesupport_introspection_cpp
[1.956s] -- Found laser_geometry: 2.4.0 (/opt/ros/humble/share/laser_geometry/cmake)
[2.112s] -- Found rmw_implementation_cmake: 6.1.2 (/opt/ros/humble/share/rmw_implementation_cmake/cmake)
[2.122s] -- Found rmw_fastrtps_cpp: 6.2.8 (/opt/ros/humble/share/rmw_fastrtps_cpp/cmake)
[2.351s] -- Found OpenSSL: /usr/lib/aarch64-linux-gnu/libcrypto.so (found version "3.0.2")  
[2.433s] -- Found FastRTPS: /opt/ros/humble/include  
[2.532s] -- Using RMW implementation 'rmw_fastrtps_cpp' as default
[2.563s] -- Looking for pthread.h
[2.730s] -- Looking for pthread.h - found
[2.730s] -- Performing Test CMAKE_HAVE_LIBC_PTHREAD
[2.915s] -- Performing Test CMAKE_HAVE_LIBC_PTHREAD - Success
[2.919s] -- Found Threads: TRUE  
[3.142s] -- Found map_msgs: 2.1.0 (/opt/ros/humble/share/map_msgs/cmake)
[3.232s] -- Found message_filters: 4.3.8 (/opt/ros/humble/share/message_filters/cmake)
[3.239s] -- Found nav2_common: 1.1.18 (/Pav-S_ws/install/nav2_common/share/nav2_common/cmake)
[3.242s] -- Found nav2_msgs: 1.1.18 (/Pav-S_ws/install/nav2_msgs/share/nav2_msgs/cmake)
[3.347s] -- Found nav2_util: 1.1.18 (/Pav-S_ws/install/nav2_util/share/nav2_util/cmake)
[3.542s] -- Found Eigen3: TRUE (found version "3.4.0") 
[3.542s] -- Ensuring Eigen3 include directory is part of orocos-kdl CMake target
[3.672s] -- Found nav2_voxel_grid: 1.1.18 (/Pav-S_ws/install/nav2_voxel_grid/share/nav2_voxel_grid/cmake)
[3.683s] -- Found pluginlib: 5.1.0 (/opt/ros/humble/share/pluginlib/cmake)
[3.732s] -- Found std_srvs: 4.9.0 (/opt/ros/humble/share/std_srvs/cmake)
[3.760s] -- Found tf2_sensor_msgs: 0.25.16 (/opt/ros/humble/share/tf2_sensor_msgs/cmake)
[3.775s] -- Found visualization_msgs: 4.9.0 (/opt/ros/humble/share/visualization_msgs/cmake)
[3.821s] -- Found angles: 1.15.0 (/opt/ros/humble/share/angles/cmake)
[3.826s] -- Found Eigen3: TRUE (found suitable version "3.4.0", minimum required is "3.3") 
[3.826s] -- Setting build type to Release as none was specified.
[4.302s] -- Found ament_lint_auto: 0.12.14 (/opt/ros/humble/share/ament_lint_auto/cmake)
[4.764s] -- Found gtest sources under '/opt/ros/humble/src/gtest_vendor': C++ tests using 'Google Test' will be built
[4.808s] -- Found gtest sources under '/opt/ros/humble/src/gtest_vendor': C++ tests using 'Google Test' will be built
[4.831s] -- Found gtest sources under '/opt/ros/humble/src/gtest_vendor': C++ tests using 'Google Test' will be built
[4.934s] -- Added test 'cppcheck' to perform static code analysis on C / C++ code
[4.937s] -- Configured cppcheck include dirs: $<BUILD_INTERFACE:/Pav-S_ws/src/navigation2-humble/nav2_costmap_2d/include>
[4.937s] -- Configured cppcheck exclude dirs and/or files: 
[4.940s] -- Added test 'flake8' to check Python code syntax and style conventions
[4.944s] -- Added test 'lint_cmake' to check CMake code style
[4.946s] -- Added test 'pep257' to check Python code against some of the docstring style conventions in PEP 257
[4.954s] -- Added test 'uncrustify' to check C / C++ code style
[4.954s] -- Configured uncrustify additional arguments: 
[4.957s] -- Added test 'xmllint' to check XML markup files
[4.964s] -- Configuring done
[6.193s] -- Generating done
[6.378s] -- Build files have been written to: /Pav-S_ws/build/nav2_costmap_2d
[6.429s] Invoked command in '/Pav-S_ws/build/nav2_costmap_2d' returned '0': AMENT_PREFIX_PATH=/Pav-S_ws/install/nav2_map_server:/Pav-S_ws/install/nav2_lifecycle_manager:${AMENT_PREFIX_PATH} CMAKE_PREFIX_PATH=/Pav-S_ws/install/nav2_map_server:/Pav-S_ws/install/nav2_lifecycle_manager:/Pav-S_ws/install/nav2_util:/Pav-S_ws/install/nav2_voxel_grid:/Pav-S_ws/install/nav2_msgs:/Pav-S_ws/install/nav2_common:/ws_livox/install/pointcloud_to_laserscan:/ws_livox/install/livox_ros_driver2:/Pav-S_ws/install/wheeltec_robot_urdf:/Pav-S_ws/install/turn_on_wheeltec_robot:/Pav-S_ws/install/wheeltec_robot_msg:/Pav-S_ws/install/usb_cam:/Pav-S_ws/install/serial:/Pav-S_ws/install/robot_kcf:/Pav-S_ws/install/dwb_msgs:/Pav-S_ws/install/nav_2d_msgs:/Pav-S_ws/install/libuvc:/Pav-S_ws/install/fast_lio:/Pav-S_ws/install/astra_camera:/Pav-S_ws/install/astra_camera_msgs:/Pav-S_ws/install/yolo_detector:/Pav-S_ws/install/yolov5_lib:/Pav-S_ws/install/nav2_simple_commander:/opt/ros/humble LD_LIBRARY_PATH=/Pav-S_ws/install/nav2_map_server/lib:/Pav-S_ws/install/nav2_lifecycle_manager/lib:/Pav-S_ws/install/nav2_util/lib:/Pav-S_ws/install/nav2_voxel_grid/lib:/Pav-S_ws/install/nav2_msgs/lib:/usr/local/cuda-12.2/lib64:/ws_livox/install/pointcloud_to_laserscan/lib:/ws_livox/install/livox_ros_driver2/lib:/Pav-S_ws/install/turn_on_wheeltec_robot/lib:/Pav-S_ws/install/wheeltec_robot_msg/lib:/Pav-S_ws/install/usb_cam/lib:/Pav-S_ws/install/serial/lib:/Pav-S_ws/install/dwb_msgs/lib:/Pav-S_ws/install/nav_2d_msgs/lib:/Pav-S_ws/install/libuvc/lib:/Pav-S_ws/install/fast_lio/lib:/Pav-S_ws/install/astra_camera/lib:/Pav-S_ws/install/astra_camera_msgs/lib:/opt/ros/humble/opt/rviz_ogre_vendor/lib:/opt/ros/humble/lib/aarch64-linux-gnu:/opt/ros/humble/lib:/usr/local/cuda-12.2/lib64 /usr/bin/cmake /Pav-S_ws/src/navigation2-humble/nav2_costmap_2d -DCMAKE_INSTALL_PREFIX=/Pav-S_ws/install/nav2_costmap_2d
[6.436s] Invoking command in '/Pav-S_ws/build/nav2_costmap_2d': AMENT_PREFIX_PATH=/Pav-S_ws/install/nav2_map_server:/Pav-S_ws/install/nav2_lifecycle_manager:${AMENT_PREFIX_PATH} CMAKE_PREFIX_PATH=/Pav-S_ws/install/nav2_map_server:/Pav-S_ws/install/nav2_lifecycle_manager:/Pav-S_ws/install/nav2_util:/Pav-S_ws/install/nav2_voxel_grid:/Pav-S_ws/install/nav2_msgs:/Pav-S_ws/install/nav2_common:/ws_livox/install/pointcloud_to_laserscan:/ws_livox/install/livox_ros_driver2:/Pav-S_ws/install/wheeltec_robot_urdf:/Pav-S_ws/install/turn_on_wheeltec_robot:/Pav-S_ws/install/wheeltec_robot_msg:/Pav-S_ws/install/usb_cam:/Pav-S_ws/install/serial:/Pav-S_ws/install/robot_kcf:/Pav-S_ws/install/dwb_msgs:/Pav-S_ws/install/nav_2d_msgs:/Pav-S_ws/install/libuvc:/Pav-S_ws/install/fast_lio:/Pav-S_ws/install/astra_camera:/Pav-S_ws/install/astra_camera_msgs:/Pav-S_ws/install/yolo_detector:/Pav-S_ws/install/yolov5_lib:/Pav-S_ws/install/nav2_simple_commander:/opt/ros/humble LD_LIBRARY_PATH=/Pav-S_ws/install/nav2_map_server/lib:/Pav-S_ws/install/nav2_lifecycle_manager/lib:/Pav-S_ws/install/nav2_util/lib:/Pav-S_ws/install/nav2_voxel_grid/lib:/Pav-S_ws/install/nav2_msgs/lib:/usr/local/cuda-12.2/lib64:/ws_livox/install/pointcloud_to_laserscan/lib:/ws_livox/install/livox_ros_driver2/lib:/Pav-S_ws/install/turn_on_wheeltec_robot/lib:/Pav-S_ws/install/wheeltec_robot_msg/lib:/Pav-S_ws/install/usb_cam/lib:/Pav-S_ws/install/serial/lib:/Pav-S_ws/install/dwb_msgs/lib:/Pav-S_ws/install/nav_2d_msgs/lib:/Pav-S_ws/install/libuvc/lib:/Pav-S_ws/install/fast_lio/lib:/Pav-S_ws/install/astra_camera/lib:/Pav-S_ws/install/astra_camera_msgs/lib:/opt/ros/humble/opt/rviz_ogre_vendor/lib:/opt/ros/humble/lib/aarch64-linux-gnu:/opt/ros/humble/lib:/usr/local/cuda-12.2/lib64 /usr/bin/cmake --build /Pav-S_ws/build/nav2_costmap_2d -- -j6 -l6
[6.573s] [  6%] [32mBuilding CXX object gtest/CMakeFiles/gtest_main.dir/src/gtest_main.cc.o[0m
[6.573s] [  6%] [32mBuilding CXX object CMakeFiles/nav2_costmap_2d_core.dir/src/costmap_2d.cpp.o[0m
[6.573s] [  6%] [32mBuilding CXX object CMakeFiles/nav2_costmap_2d_core.dir/src/layer.cpp.o[0m
[6.574s] [  6%] [32mBuilding CXX object gtest/CMakeFiles/gtest.dir/src/gtest-all.cc.o[0m
[6.574s] [  6%] [32mBuilding CXX object CMakeFiles/nav2_costmap_2d_core.dir/src/array_parser.cpp.o[0m
[6.575s] [  7%] [32mBuilding CXX object CMakeFiles/nav2_costmap_2d_core.dir/src/layered_costmap.cpp.o[0m
[8.011s] [  8%] [32mBuilding CXX object CMakeFiles/nav2_costmap_2d_core.dir/src/costmap_2d_ros.cpp.o[0m
[8.979s] [  9%] [32m[1mLinking CXX static library libgtest_main.a[0m
[9.088s] [  9%] Built target gtest_main
[9.111s] [ 10%] [32mBuilding CXX object CMakeFiles/nav2_costmap_2d_core.dir/src/costmap_2d_publisher.cpp.o[0m
[9.124s] [ 12%] [32mBuilding CXX object CMakeFiles/nav2_costmap_2d_core.dir/src/costmap_math.cpp.o[0m
[10.848s] [ 13%] [32mBuilding CXX object CMakeFiles/nav2_costmap_2d_core.dir/src/footprint.cpp.o[0m
[16.814s] [ 14%] [32mBuilding CXX object CMakeFiles/nav2_costmap_2d_core.dir/src/costmap_layer.cpp.o[0m
[16.858s] [ 15%] [32mBuilding CXX object CMakeFiles/nav2_costmap_2d_core.dir/src/observation_buffer.cpp.o[0m
[19.814s] [ 17%] [32mBuilding CXX object CMakeFiles/nav2_costmap_2d_core.dir/src/clear_costmap_service.cpp.o[0m
[25.944s] [ 18%] [32mBuilding CXX object CMakeFiles/nav2_costmap_2d_core.dir/src/footprint_collision_checker.cpp.o[0m
[26.367s] [ 19%] [32m[1mLinking CXX static library libgtest.a[0m
[26.459s] [ 19%] Built target gtest
[26.482s] [ 20%] [32mBuilding CXX object CMakeFiles/nav2_costmap_2d_core.dir/plugins/costmap_filters/costmap_filter.cpp.o[0m
[55.181s] [ 21%] [32m[1mLinking CXX shared library libnav2_costmap_2d_core.so[0m
[55.964s] [ 21%] Built target nav2_costmap_2d_core
[56.018s] [ 24%] [32mBuilding CXX object CMakeFiles/nav2_costmap_2d_markers.dir/src/costmap_2d_markers.cpp.o[0m
[56.018s] [ 24%] [32mBuilding CXX object test/unit/CMakeFiles/array_parser_test.dir/array_parser_test.cpp.o[0m
[56.019s] [ 25%] [32mBuilding CXX object CMakeFiles/layers.dir/plugins/inflation_layer.cpp.o[0m
[56.022s] [ 26%] [32mBuilding CXX object CMakeFiles/nav2_costmap_2d_cloud.dir/src/costmap_2d_cloud.cpp.o[0m
[56.024s] [ 28%] [32mBuilding CXX object CMakeFiles/filters.dir/plugins/costmap_filters/keepout_filter.cpp.o[0m
[56.038s] [ 29%] [32mBuilding CXX object CMakeFiles/nav2_costmap_2d_client.dir/src/footprint_subscriber.cpp.o[0m
[59.609s] [ 30%] [32m[1mLinking CXX executable array_parser_test[0m
[60.132s] [ 30%] Built target array_parser_test
[60.188s] [ 31%] [32mBuilding CXX object test/unit/CMakeFiles/collision_footprint_test.dir/footprint_collision_checker_test.cpp.o[0m
[68.252s] [ 32%] [32mBuilding CXX object CMakeFiles/layers.dir/plugins/static_layer.cpp.o[0m
[72.524s] [ 34%] [32m[1mLinking CXX executable collision_footprint_test[0m
[73.056s] [ 34%] Built target collision_footprint_test
[73.108s] [ 35%] [32mBuilding CXX object test/unit/CMakeFiles/costmap_convesion_test.dir/costmap_conversion_test.cpp.o[0m
[84.790s] [ 36%] [32m[1mLinking CXX executable costmap_convesion_test[0m
[85.450s] [ 36%] Built target costmap_convesion_test
[85.473s] [ 37%] [32mBuilding CXX object CMakeFiles/layers.dir/plugins/obstacle_layer.cpp.o[0m
[85.638s] [ 39%] [32m[1mLinking CXX executable nav2_costmap_2d_markers[0m
[86.247s] [ 39%] Built target nav2_costmap_2d_markers
[86.302s] [ 40%] [32mBuilding CXX object test/unit/CMakeFiles/declare_parameter_test.dir/declare_parameter_test.cpp.o[0m
[87.308s] [ 41%] [32mBuilding CXX object CMakeFiles/nav2_costmap_2d_client.dir/src/costmap_subscriber.cpp.o[0m
[89.429s] [ 42%] [32m[1mLinking CXX executable nav2_costmap_2d_cloud[0m
[89.983s] [ 42%] Built target nav2_costmap_2d_cloud
[90.007s] [ 43%] [32mBuilding CXX object CMakeFiles/nav2_costmap_2d_client.dir/src/costmap_topic_collision_checker.cpp.o[0m
[95.682s] [ 45%] [32mBuilding CXX object CMakeFiles/filters.dir/plugins/costmap_filters/speed_filter.cpp.o[0m
[99.261s] [ 46%] [32m[1mLinking CXX executable declare_parameter_test[0m
[99.987s] [ 46%] Built target declare_parameter_test
[100.027s] [ 47%] [32mBuilding CXX object CMakeFiles/layers.dir/src/observation_buffer.cpp.o[0m
[100.315s] [ 48%] [32mBuilding CXX object test/unit/CMakeFiles/costmap_filter_test.dir/costmap_filter_test.cpp.o[0m
[111.950s] [ 50%] [32mBuilding CXX object test/unit/CMakeFiles/copy_window_test.dir/copy_window_test.cpp.o[0m
[112.925s] [ 51%] [32m[1mLinking CXX executable costmap_filter_test[0m
[113.574s] [ 51%] Built target costmap_filter_test
[113.598s] [ 52%] [32mBuilding CXX object CMakeFiles/layers.dir/plugins/voxel_layer.cpp.o[0m
[116.085s] [ 53%] [32m[1mLinking CXX shared library libnav2_costmap_2d_client.so[0m
[117.036s] [ 54%] [32mBuilding CXX object CMakeFiles/layers.dir/plugins/range_sensor_layer.cpp.o[0m
[117.103s] [ 54%] Built target nav2_costmap_2d_client
[117.188s] [ 56%] [32mBuilding CXX object test/unit/CMakeFiles/costmap_filter_service_test.dir/costmap_filter_service_test.cpp.o[0m
[123.924s] [ 57%] [32m[1mLinking CXX executable copy_window_test[0m
[124.755s] [ 57%] Built target copy_window_test
[124.826s] [ 58%] [32mBuilding CXX object test/integration/CMakeFiles/dyn_params_tests.dir/dyn_params_tests.cpp.o[0m
[133.741s] [ 59%] [32m[1mLinking CXX executable costmap_filter_service_test[0m
[134.523s] [ 59%] Built target costmap_filter_service_test
[134.583s] [ 60%] [32mBuilding CXX object test/regression/CMakeFiles/costmap_bresenham_2d.dir/costmap_bresenham_2d.cpp.o[0m
[136.419s] [ 62%] [32mBuilding CXX object CMakeFiles/filters.dir/plugins/costmap_filters/binary_filter.cpp.o[0m
[138.555s] [ 63%] [32m[1mLinking CXX executable costmap_bresenham_2d[0m
[139.131s] [ 63%] Built target costmap_bresenham_2d
[139.192s] [ 64%] [32mBuilding CXX object test/regression/CMakeFiles/order_layer.dir/order_layer.cpp.o[0m
[140.728s] [ 65%] [32mBuilding CXX object CMakeFiles/layers.dir/plugins/denoise_layer.cpp.o[0m
[142.917s] [ 67%] [32mBuilding CXX object test/regression/CMakeFiles/plugin_api_order.dir/plugin_api_order.cpp.o[0m
[147.159s] [ 68%] [32m[1mLinking CXX executable dyn_params_tests[0m
[147.876s] [ 68%] Built target dyn_params_tests
[148.905s] [ 69%] [32m[1mLinking CXX shared library liborder_layer.so[0m
[149.405s] [ 69%] Built target order_layer
[153.395s] [ 70%] [32m[1mLinking CXX shared library liblayers.so[0m
[154.720s] [ 70%] Built target layers
[154.771s] [ 73%] [32mBuilding CXX object test/unit/CMakeFiles/denoise_layer_test.dir/denoise_layer_test.cpp.o[0m
[154.772s] [ 73%] [32mBuilding CXX object test/integration/CMakeFiles/footprint_tests_exec.dir/footprint_tests.cpp.o[0m
[155.826s] [ 74%] [32mBuilding CXX object test/integration/CMakeFiles/test_collision_checker_exec.dir/test_costmap_topic_collision_checker.cpp.o[0m
[155.827s] [ 75%] [32mBuilding CXX object test/integration/CMakeFiles/inflation_tests_exec.dir/inflation_tests.cpp.o[0m
[156.452s] [ 76%] [32m[1mLinking CXX executable plugin_api_order[0m
[157.097s] [ 76%] Built target plugin_api_order
[157.159s] [ 78%] [32mBuilding CXX object test/integration/CMakeFiles/obstacle_tests_exec.dir/obstacle_tests.cpp.o[0m
[168.392s] [ 79%] [32m[1mLinking CXX executable footprint_tests_exec[0m
[169.042s] [ 79%] Built target footprint_tests_exec
[169.110s] [ 80%] [32mBuilding CXX object test/integration/CMakeFiles/range_tests_exec.dir/range_tests.cpp.o[0m
[169.711s] [ 81%] [32mBuilding CXX object test/unit/CMakeFiles/denoise_layer_test.dir/image_test.cpp.o[0m
[173.679s] [ 82%] [32mBuilding CXX object test/unit/CMakeFiles/denoise_layer_test.dir/image_processing_test.cpp.o[0m
[178.399s] [ 84%] [32m[1mLinking CXX shared library libfilters.so[0m
[179.749s] [ 84%] Built target filters
[179.822s] [ 85%] [32mBuilding CXX object CMakeFiles/nav2_costmap_2d.dir/src/costmap_2d_node.cpp.o[0m
[182.697s] [ 86%] [32m[1mLinking CXX executable denoise_layer_test[0m
[183.719s] [ 86%] Built target denoise_layer_test
[183.742s] [ 87%] [32m[1mLinking CXX executable obstacle_tests_exec[0m
[183.767s] [ 89%] [32mBuilding CXX object test/unit/CMakeFiles/keepout_filter_test.dir/keepout_filter_test.cpp.o[0m
[184.402s] [ 90%] [32m[1mLinking CXX executable inflation_tests_exec[0m
[184.581s] [ 90%] Built target obstacle_tests_exec
[184.637s] [ 91%] [32mBuilding CXX object test/unit/CMakeFiles/speed_filter_test.dir/speed_filter_test.cpp.o[0m
[185.361s] [ 91%] Built target inflation_tests_exec
[185.425s] [ 92%] [32mBuilding CXX object test/unit/CMakeFiles/binary_filter_test.dir/binary_filter_test.cpp.o[0m
[185.676s] [ 93%] [32m[1mLinking CXX executable test_collision_checker_exec[0m
[186.738s] [ 93%] Built target test_collision_checker_exec
[191.677s] [ 95%] [32m[1mLinking CXX executable range_tests_exec[0m
[192.613s] [ 95%] Built target range_tests_exec
[192.987s] [ 96%] [32m[1mLinking CXX executable nav2_costmap_2d[0m
[193.671s] [ 96%] Built target nav2_costmap_2d
[204.340s] [ 97%] [32m[1mLinking CXX executable keepout_filter_test[0m
[205.082s] [ 97%] Built target keepout_filter_test
[220.074s] [ 98%] [32m[1mLinking CXX executable speed_filter_test[0m
[220.887s] [ 98%] Built target speed_filter_test
[220.959s] [100%] [32m[1mLinking CXX executable binary_filter_test[0m
[221.763s] [100%] Built target binary_filter_test
[221.796s] Invoked command in '/Pav-S_ws/build/nav2_costmap_2d' returned '0': AMENT_PREFIX_PATH=/Pav-S_ws/install/nav2_map_server:/Pav-S_ws/install/nav2_lifecycle_manager:${AMENT_PREFIX_PATH} CMAKE_PREFIX_PATH=/Pav-S_ws/install/nav2_map_server:/Pav-S_ws/install/nav2_lifecycle_manager:/Pav-S_ws/install/nav2_util:/Pav-S_ws/install/nav2_voxel_grid:/Pav-S_ws/install/nav2_msgs:/Pav-S_ws/install/nav2_common:/ws_livox/install/pointcloud_to_laserscan:/ws_livox/install/livox_ros_driver2:/Pav-S_ws/install/wheeltec_robot_urdf:/Pav-S_ws/install/turn_on_wheeltec_robot:/Pav-S_ws/install/wheeltec_robot_msg:/Pav-S_ws/install/usb_cam:/Pav-S_ws/install/serial:/Pav-S_ws/install/robot_kcf:/Pav-S_ws/install/dwb_msgs:/Pav-S_ws/install/nav_2d_msgs:/Pav-S_ws/install/libuvc:/Pav-S_ws/install/fast_lio:/Pav-S_ws/install/astra_camera:/Pav-S_ws/install/astra_camera_msgs:/Pav-S_ws/install/yolo_detector:/Pav-S_ws/install/yolov5_lib:/Pav-S_ws/install/nav2_simple_commander:/opt/ros/humble LD_LIBRARY_PATH=/Pav-S_ws/install/nav2_map_server/lib:/Pav-S_ws/install/nav2_lifecycle_manager/lib:/Pav-S_ws/install/nav2_util/lib:/Pav-S_ws/install/nav2_voxel_grid/lib:/Pav-S_ws/install/nav2_msgs/lib:/usr/local/cuda-12.2/lib64:/ws_livox/install/pointcloud_to_laserscan/lib:/ws_livox/install/livox_ros_driver2/lib:/Pav-S_ws/install/turn_on_wheeltec_robot/lib:/Pav-S_ws/install/wheeltec_robot_msg/lib:/Pav-S_ws/install/usb_cam/lib:/Pav-S_ws/install/serial/lib:/Pav-S_ws/install/dwb_msgs/lib:/Pav-S_ws/install/nav_2d_msgs/lib:/Pav-S_ws/install/libuvc/lib:/Pav-S_ws/install/fast_lio/lib:/Pav-S_ws/install/astra_camera/lib:/Pav-S_ws/install/astra_camera_msgs/lib:/opt/ros/humble/opt/rviz_ogre_vendor/lib:/opt/ros/humble/lib/aarch64-linux-gnu:/opt/ros/humble/lib:/usr/local/cuda-12.2/lib64 /usr/bin/cmake --build /Pav-S_ws/build/nav2_costmap_2d -- -j6 -l6
[221.829s] Invoking command in '/Pav-S_ws/build/nav2_costmap_2d': AMENT_PREFIX_PATH=/Pav-S_ws/install/nav2_map_server:/Pav-S_ws/install/nav2_lifecycle_manager:${AMENT_PREFIX_PATH} CMAKE_PREFIX_PATH=/Pav-S_ws/install/nav2_map_server:/Pav-S_ws/install/nav2_lifecycle_manager:/Pav-S_ws/install/nav2_util:/Pav-S_ws/install/nav2_voxel_grid:/Pav-S_ws/install/nav2_msgs:/Pav-S_ws/install/nav2_common:/ws_livox/install/pointcloud_to_laserscan:/ws_livox/install/livox_ros_driver2:/Pav-S_ws/install/wheeltec_robot_urdf:/Pav-S_ws/install/turn_on_wheeltec_robot:/Pav-S_ws/install/wheeltec_robot_msg:/Pav-S_ws/install/usb_cam:/Pav-S_ws/install/serial:/Pav-S_ws/install/robot_kcf:/Pav-S_ws/install/dwb_msgs:/Pav-S_ws/install/nav_2d_msgs:/Pav-S_ws/install/libuvc:/Pav-S_ws/install/fast_lio:/Pav-S_ws/install/astra_camera:/Pav-S_ws/install/astra_camera_msgs:/Pav-S_ws/install/yolo_detector:/Pav-S_ws/install/yolov5_lib:/Pav-S_ws/install/nav2_simple_commander:/opt/ros/humble LD_LIBRARY_PATH=/Pav-S_ws/install/nav2_map_server/lib:/Pav-S_ws/install/nav2_lifecycle_manager/lib:/Pav-S_ws/install/nav2_util/lib:/Pav-S_ws/install/nav2_voxel_grid/lib:/Pav-S_ws/install/nav2_msgs/lib:/usr/local/cuda-12.2/lib64:/ws_livox/install/pointcloud_to_laserscan/lib:/ws_livox/install/livox_ros_driver2/lib:/Pav-S_ws/install/turn_on_wheeltec_robot/lib:/Pav-S_ws/install/wheeltec_robot_msg/lib:/Pav-S_ws/install/usb_cam/lib:/Pav-S_ws/install/serial/lib:/Pav-S_ws/install/dwb_msgs/lib:/Pav-S_ws/install/nav_2d_msgs/lib:/Pav-S_ws/install/libuvc/lib:/Pav-S_ws/install/fast_lio/lib:/Pav-S_ws/install/astra_camera/lib:/Pav-S_ws/install/astra_camera_msgs/lib:/opt/ros/humble/opt/rviz_ogre_vendor/lib:/opt/ros/humble/lib/aarch64-linux-gnu:/opt/ros/humble/lib:/usr/local/cuda-12.2/lib64 /usr/bin/cmake --install /Pav-S_ws/build/nav2_costmap_2d
[221.853s] -- Install configuration: "Release"
[221.855s] -- Installing: /Pav-S_ws/install/nav2_costmap_2d/lib/liblayers.so
[221.867s] -- Set runtime path of "/Pav-S_ws/install/nav2_costmap_2d/lib/liblayers.so" to ""
[221.867s] -- Installing: /Pav-S_ws/install/nav2_costmap_2d/lib/libfilters.so
[221.873s] -- Set runtime path of "/Pav-S_ws/install/nav2_costmap_2d/lib/libfilters.so" to ""
[221.873s] -- Installing: /Pav-S_ws/install/nav2_costmap_2d/lib/libnav2_costmap_2d_core.so
[221.882s] -- Set runtime path of "/Pav-S_ws/install/nav2_costmap_2d/lib/libnav2_costmap_2d_core.so" to ""
[221.882s] -- Installing: /Pav-S_ws/install/nav2_costmap_2d/lib/libnav2_costmap_2d_client.so
[221.886s] -- Set runtime path of "/Pav-S_ws/install/nav2_costmap_2d/lib/libnav2_costmap_2d_client.so" to ""
[221.887s] -- Installing: /Pav-S_ws/install/nav2_costmap_2d/lib/nav2_costmap_2d/nav2_costmap_2d_markers
[221.889s] -- Set runtime path of "/Pav-S_ws/install/nav2_costmap_2d/lib/nav2_costmap_2d/nav2_costmap_2d_markers" to ""
[221.889s] -- Installing: /Pav-S_ws/install/nav2_costmap_2d/lib/nav2_costmap_2d/nav2_costmap_2d_cloud
[221.891s] -- Set runtime path of "/Pav-S_ws/install/nav2_costmap_2d/lib/nav2_costmap_2d/nav2_costmap_2d_cloud" to ""
[221.891s] -- Installing: /Pav-S_ws/install/nav2_costmap_2d/lib/nav2_costmap_2d/nav2_costmap_2d
[221.892s] -- Set runtime path of "/Pav-S_ws/install/nav2_costmap_2d/lib/nav2_costmap_2d/nav2_costmap_2d" to ""
[221.892s] -- Installing: /Pav-S_ws/install/nav2_costmap_2d/share/nav2_costmap_2d/costmap_plugins.xml
[221.892s] -- Installing: /Pav-S_ws/install/nav2_costmap_2d/include/nav2_costmap_2d
[221.893s] -- Installing: /Pav-S_ws/install/nav2_costmap_2d/include/nav2_costmap_2d/nav2_costmap_2d
[221.893s] -- Installing: /Pav-S_ws/install/nav2_costmap_2d/include/nav2_costmap_2d/nav2_costmap_2d/array_parser.hpp
[221.893s] -- Installing: /Pav-S_ws/install/nav2_costmap_2d/include/nav2_costmap_2d/nav2_costmap_2d/footprint_subscriber.hpp
[221.893s] -- Installing: /Pav-S_ws/install/nav2_costmap_2d/include/nav2_costmap_2d/nav2_costmap_2d/exceptions.hpp
[221.893s] -- Installing: /Pav-S_ws/install/nav2_costmap_2d/include/nav2_costmap_2d/nav2_costmap_2d/costmap_filters
[221.894s] -- Installing: /Pav-S_ws/install/nav2_costmap_2d/include/nav2_costmap_2d/nav2_costmap_2d/costmap_filters/speed_filter.hpp
[221.894s] -- Installing: /Pav-S_ws/install/nav2_costmap_2d/include/nav2_costmap_2d/nav2_costmap_2d/costmap_filters/costmap_filter.hpp
[221.894s] -- Installing: /Pav-S_ws/install/nav2_costmap_2d/include/nav2_costmap_2d/nav2_costmap_2d/costmap_filters/binary_filter.hpp
[221.894s] -- Installing: /Pav-S_ws/install/nav2_costmap_2d/include/nav2_costmap_2d/nav2_costmap_2d/costmap_filters/filter_values.hpp
[221.895s] -- Installing: /Pav-S_ws/install/nav2_costmap_2d/include/nav2_costmap_2d/nav2_costmap_2d/costmap_filters/keepout_filter.hpp
[221.895s] -- Installing: /Pav-S_ws/install/nav2_costmap_2d/include/nav2_costmap_2d/nav2_costmap_2d/costmap_layer.hpp
[221.895s] -- Installing: /Pav-S_ws/install/nav2_costmap_2d/include/nav2_costmap_2d/nav2_costmap_2d/costmap_2d_ros.hpp
[221.895s] -- Installing: /Pav-S_ws/install/nav2_costmap_2d/include/nav2_costmap_2d/nav2_costmap_2d/layered_costmap.hpp
[221.895s] -- Installing: /Pav-S_ws/install/nav2_costmap_2d/include/nav2_costmap_2d/nav2_costmap_2d/footprint_collision_checker.hpp
[221.896s] -- Installing: /Pav-S_ws/install/nav2_costmap_2d/include/nav2_costmap_2d/nav2_costmap_2d/obstacle_layer.hpp
[221.896s] -- Installing: /Pav-S_ws/install/nav2_costmap_2d/include/nav2_costmap_2d/nav2_costmap_2d/costmap_math.hpp
[221.896s] -- Installing: /Pav-S_ws/install/nav2_costmap_2d/include/nav2_costmap_2d/nav2_costmap_2d/denoise
[221.896s] -- Installing: /Pav-S_ws/install/nav2_costmap_2d/include/nav2_costmap_2d/nav2_costmap_2d/denoise/image_processing.hpp
[221.896s] -- Installing: /Pav-S_ws/install/nav2_costmap_2d/include/nav2_costmap_2d/nav2_costmap_2d/denoise/image.hpp
[221.897s] -- Installing: /Pav-S_ws/install/nav2_costmap_2d/include/nav2_costmap_2d/nav2_costmap_2d/range_sensor_layer.hpp
[221.897s] -- Installing: /Pav-S_ws/install/nav2_costmap_2d/include/nav2_costmap_2d/nav2_costmap_2d/denoise_layer.hpp
[221.897s] -- Installing: /Pav-S_ws/install/nav2_costmap_2d/include/nav2_costmap_2d/nav2_costmap_2d/costmap_2d.hpp
[221.897s] -- Installing: /Pav-S_ws/install/nav2_costmap_2d/include/nav2_costmap_2d/nav2_costmap_2d/layer.hpp
[221.898s] -- Installing: /Pav-S_ws/install/nav2_costmap_2d/include/nav2_costmap_2d/nav2_costmap_2d/observation_buffer.hpp
[221.898s] -- Installing: /Pav-S_ws/install/nav2_costmap_2d/include/nav2_costmap_2d/nav2_costmap_2d/static_layer.hpp
[221.898s] -- Installing: /Pav-S_ws/install/nav2_costmap_2d/include/nav2_costmap_2d/nav2_costmap_2d/inflation_layer.hpp
[221.898s] -- Installing: /Pav-S_ws/install/nav2_costmap_2d/include/nav2_costmap_2d/nav2_costmap_2d/observation.hpp
[221.899s] -- Installing: /Pav-S_ws/install/nav2_costmap_2d/include/nav2_costmap_2d/nav2_costmap_2d/clear_costmap_service.hpp
[221.899s] -- Installing: /Pav-S_ws/install/nav2_costmap_2d/include/nav2_costmap_2d/nav2_costmap_2d/footprint.hpp
[221.899s] -- Installing: /Pav-S_ws/install/nav2_costmap_2d/include/nav2_costmap_2d/nav2_costmap_2d/cost_values.hpp
[221.899s] -- Installing: /Pav-S_ws/install/nav2_costmap_2d/include/nav2_costmap_2d/nav2_costmap_2d/voxel_layer.hpp
[221.899s] -- Installing: /Pav-S_ws/install/nav2_costmap_2d/include/nav2_costmap_2d/nav2_costmap_2d/costmap_topic_collision_checker.hpp
[221.900s] -- Installing: /Pav-S_ws/install/nav2_costmap_2d/include/nav2_costmap_2d/nav2_costmap_2d/costmap_2d_publisher.hpp
[221.900s] -- Installing: /Pav-S_ws/install/nav2_costmap_2d/include/nav2_costmap_2d/nav2_costmap_2d/costmap_subscriber.hpp
[221.900s] -- Installing: /Pav-S_ws/install/nav2_costmap_2d/share/nav2_costmap_2d/test/regression/order_layer.xml
[221.901s] -- Installing: /Pav-S_ws/install/nav2_costmap_2d/share/nav2_costmap_2d/environment/library_path.sh
[221.901s] -- Installing: /Pav-S_ws/install/nav2_costmap_2d/share/nav2_costmap_2d/environment/library_path.dsv
[221.901s] -- Up-to-date: /Pav-S_ws/install/nav2_costmap_2d/share/nav2_costmap_2d/costmap_plugins.xml
[221.902s] -- Installing: /Pav-S_ws/install/nav2_costmap_2d/share/ament_index/resource_index/package_run_dependencies/nav2_costmap_2d
[221.902s] -- Installing: /Pav-S_ws/install/nav2_costmap_2d/share/ament_index/resource_index/parent_prefix_path/nav2_costmap_2d
[221.903s] -- Installing: /Pav-S_ws/install/nav2_costmap_2d/share/nav2_costmap_2d/environment/ament_prefix_path.sh
[221.903s] -- Installing: /Pav-S_ws/install/nav2_costmap_2d/share/nav2_costmap_2d/environment/ament_prefix_path.dsv
[221.903s] -- Installing: /Pav-S_ws/install/nav2_costmap_2d/share/nav2_costmap_2d/environment/path.sh
[221.903s] -- Installing: /Pav-S_ws/install/nav2_costmap_2d/share/nav2_costmap_2d/environment/path.dsv
[221.904s] -- Installing: /Pav-S_ws/install/nav2_costmap_2d/share/nav2_costmap_2d/local_setup.bash
[221.904s] -- Installing: /Pav-S_ws/install/nav2_costmap_2d/share/nav2_costmap_2d/local_setup.sh
[221.905s] -- Installing: /Pav-S_ws/install/nav2_costmap_2d/share/nav2_costmap_2d/local_setup.zsh
[221.905s] -- Installing: /Pav-S_ws/install/nav2_costmap_2d/share/nav2_costmap_2d/local_setup.dsv
[221.905s] -- Installing: /Pav-S_ws/install/nav2_costmap_2d/share/nav2_costmap_2d/package.dsv
[221.906s] -- Installing: /Pav-S_ws/install/nav2_costmap_2d/share/ament_index/resource_index/packages/nav2_costmap_2d
[221.906s] -- Installing: /Pav-S_ws/install/nav2_costmap_2d/share/ament_index/resource_index/nav2_costmap_2d__pluginlib__plugin/nav2_costmap_2d
[221.907s] -- Installing: /Pav-S_ws/install/nav2_costmap_2d/share/nav2_costmap_2d/cmake/export_nav2_costmap_2dExport.cmake
[221.907s] -- Installing: /Pav-S_ws/install/nav2_costmap_2d/share/nav2_costmap_2d/cmake/export_nav2_costmap_2dExport-release.cmake
[221.908s] -- Installing: /Pav-S_ws/install/nav2_costmap_2d/share/nav2_costmap_2d/cmake/ament_cmake_export_targets-extras.cmake
[221.908s] -- Installing: /Pav-S_ws/install/nav2_costmap_2d/share/nav2_costmap_2d/cmake/ament_cmake_export_dependencies-extras.cmake
[221.909s] -- Installing: /Pav-S_ws/install/nav2_costmap_2d/share/nav2_costmap_2d/cmake/nav2_costmap_2dConfig.cmake
[221.909s] -- Installing: /Pav-S_ws/install/nav2_costmap_2d/share/nav2_costmap_2d/cmake/nav2_costmap_2dConfig-version.cmake
[221.909s] -- Installing: /Pav-S_ws/install/nav2_costmap_2d/share/nav2_costmap_2d/package.xml
[221.911s] -- Installing: /Pav-S_ws/install/nav2_costmap_2d/lib/liborder_layer.so
[221.912s] -- Set runtime path of "/Pav-S_ws/install/nav2_costmap_2d/lib/liborder_layer.so" to ""
[221.918s] Invoked command in '/Pav-S_ws/build/nav2_costmap_2d' returned '0': AMENT_PREFIX_PATH=/Pav-S_ws/install/nav2_map_server:/Pav-S_ws/install/nav2_lifecycle_manager:${AMENT_PREFIX_PATH} CMAKE_PREFIX_PATH=/Pav-S_ws/install/nav2_map_server:/Pav-S_ws/install/nav2_lifecycle_manager:/Pav-S_ws/install/nav2_util:/Pav-S_ws/install/nav2_voxel_grid:/Pav-S_ws/install/nav2_msgs:/Pav-S_ws/install/nav2_common:/ws_livox/install/pointcloud_to_laserscan:/ws_livox/install/livox_ros_driver2:/Pav-S_ws/install/wheeltec_robot_urdf:/Pav-S_ws/install/turn_on_wheeltec_robot:/Pav-S_ws/install/wheeltec_robot_msg:/Pav-S_ws/install/usb_cam:/Pav-S_ws/install/serial:/Pav-S_ws/install/robot_kcf:/Pav-S_ws/install/dwb_msgs:/Pav-S_ws/install/nav_2d_msgs:/Pav-S_ws/install/libuvc:/Pav-S_ws/install/fast_lio:/Pav-S_ws/install/astra_camera:/Pav-S_ws/install/astra_camera_msgs:/Pav-S_ws/install/yolo_detector:/Pav-S_ws/install/yolov5_lib:/Pav-S_ws/install/nav2_simple_commander:/opt/ros/humble LD_LIBRARY_PATH=/Pav-S_ws/install/nav2_map_server/lib:/Pav-S_ws/install/nav2_lifecycle_manager/lib:/Pav-S_ws/install/nav2_util/lib:/Pav-S_ws/install/nav2_voxel_grid/lib:/Pav-S_ws/install/nav2_msgs/lib:/usr/local/cuda-12.2/lib64:/ws_livox/install/pointcloud_to_laserscan/lib:/ws_livox/install/livox_ros_driver2/lib:/Pav-S_ws/install/turn_on_wheeltec_robot/lib:/Pav-S_ws/install/wheeltec_robot_msg/lib:/Pav-S_ws/install/usb_cam/lib:/Pav-S_ws/install/serial/lib:/Pav-S_ws/install/dwb_msgs/lib:/Pav-S_ws/install/nav_2d_msgs/lib:/Pav-S_ws/install/libuvc/lib:/Pav-S_ws/install/fast_lio/lib:/Pav-S_ws/install/astra_camera/lib:/Pav-S_ws/install/astra_camera_msgs/lib:/opt/ros/humble/opt/rviz_ogre_vendor/lib:/opt/ros/humble/lib/aarch64-linux-gnu:/opt/ros/humble/lib:/usr/local/cuda-12.2/lib64 /usr/bin/cmake --install /Pav-S_ws/build/nav2_costmap_2d
