[0.141s] Invoking command in '/Pav-S_ws/build/nav2_voxel_grid': CMAKE_PREFIX_PATH=/Pav-S_ws/install/nav2_common:/Pav-S_ws/install/nav2_behavior_tree:/Pav-S_ws/install/nav2_dwb_controller:/Pav-S_ws/install/nav2_controller:/Pav-S_ws/install/nav2_planner:/Pav-S_ws/install/dwb_plugins:/Pav-S_ws/install/dwb_critics:/Pav-S_ws/install/dwb_core:/Pav-S_ws/install/nav_2d_utils:/Pav-S_ws/install/nav2_core:/Pav-S_ws/install/costmap_queue:/Pav-S_ws/install/nav2_costmap_2d:/Pav-S_ws/install/nav2_map_server:/Pav-S_ws/install/nav2_lifecycle_manager:/ws_livox/install/pointcloud_to_laserscan:/ws_livox/install/livox_ros_driver2:/Pav-S_ws/install/wheeltec_robot_urdf:/Pav-S_ws/install/turn_on_wheeltec_robot:/Pav-S_ws/install/wheeltec_robot_msg:/Pav-S_ws/install/usb_cam:/Pav-S_ws/install/serial:/Pav-S_ws/install/robot_kcf:/Pav-S_ws/install/dwb_msgs:/Pav-S_ws/install/nav_2d_msgs:/Pav-S_ws/install/nav2_voxel_grid:/Pav-S_ws/install/nav2_util:/Pav-S_ws/install/nav2_msgs:/Pav-S_ws/install/libuvc:/Pav-S_ws/install/fast_lio:/Pav-S_ws/install/astra_camera:/Pav-S_ws/install/astra_camera_msgs:/Pav-S_ws/install/yolo_detector:/Pav-S_ws/install/yolov5_lib:/Pav-S_ws/install/nav2_simple_commander:/opt/ros/humble /usr/bin/cmake --build /Pav-S_ws/build/nav2_voxel_grid -- -j6 -l6
[0.462s] [ 20%] Built target gtest_main
[0.511s] [ 40%] Built target gtest
[0.517s] [ 60%] Built target voxel_grid
[0.695s] [ 80%] Built target voxel_grid_bresenham_3d
[0.737s] [100%] Built target voxel_grid_tests
[0.806s] Invoked command in '/Pav-S_ws/build/nav2_voxel_grid' returned '0': CMAKE_PREFIX_PATH=/Pav-S_ws/install/nav2_common:/Pav-S_ws/install/nav2_behavior_tree:/Pav-S_ws/install/nav2_dwb_controller:/Pav-S_ws/install/nav2_controller:/Pav-S_ws/install/nav2_planner:/Pav-S_ws/install/dwb_plugins:/Pav-S_ws/install/dwb_critics:/Pav-S_ws/install/dwb_core:/Pav-S_ws/install/nav_2d_utils:/Pav-S_ws/install/nav2_core:/Pav-S_ws/install/costmap_queue:/Pav-S_ws/install/nav2_costmap_2d:/Pav-S_ws/install/nav2_map_server:/Pav-S_ws/install/nav2_lifecycle_manager:/ws_livox/install/pointcloud_to_laserscan:/ws_livox/install/livox_ros_driver2:/Pav-S_ws/install/wheeltec_robot_urdf:/Pav-S_ws/install/turn_on_wheeltec_robot:/Pav-S_ws/install/wheeltec_robot_msg:/Pav-S_ws/install/usb_cam:/Pav-S_ws/install/serial:/Pav-S_ws/install/robot_kcf:/Pav-S_ws/install/dwb_msgs:/Pav-S_ws/install/nav_2d_msgs:/Pav-S_ws/install/nav2_voxel_grid:/Pav-S_ws/install/nav2_util:/Pav-S_ws/install/nav2_msgs:/Pav-S_ws/install/libuvc:/Pav-S_ws/install/fast_lio:/Pav-S_ws/install/astra_camera:/Pav-S_ws/install/astra_camera_msgs:/Pav-S_ws/install/yolo_detector:/Pav-S_ws/install/yolov5_lib:/Pav-S_ws/install/nav2_simple_commander:/opt/ros/humble /usr/bin/cmake --build /Pav-S_ws/build/nav2_voxel_grid -- -j6 -l6
[0.817s] Invoking command in '/Pav-S_ws/build/nav2_voxel_grid': CMAKE_PREFIX_PATH=/Pav-S_ws/install/nav2_common:/Pav-S_ws/install/nav2_behavior_tree:/Pav-S_ws/install/nav2_dwb_controller:/Pav-S_ws/install/nav2_controller:/Pav-S_ws/install/nav2_planner:/Pav-S_ws/install/dwb_plugins:/Pav-S_ws/install/dwb_critics:/Pav-S_ws/install/dwb_core:/Pav-S_ws/install/nav_2d_utils:/Pav-S_ws/install/nav2_core:/Pav-S_ws/install/costmap_queue:/Pav-S_ws/install/nav2_costmap_2d:/Pav-S_ws/install/nav2_map_server:/Pav-S_ws/install/nav2_lifecycle_manager:/ws_livox/install/pointcloud_to_laserscan:/ws_livox/install/livox_ros_driver2:/Pav-S_ws/install/wheeltec_robot_urdf:/Pav-S_ws/install/turn_on_wheeltec_robot:/Pav-S_ws/install/wheeltec_robot_msg:/Pav-S_ws/install/usb_cam:/Pav-S_ws/install/serial:/Pav-S_ws/install/robot_kcf:/Pav-S_ws/install/dwb_msgs:/Pav-S_ws/install/nav_2d_msgs:/Pav-S_ws/install/nav2_voxel_grid:/Pav-S_ws/install/nav2_util:/Pav-S_ws/install/nav2_msgs:/Pav-S_ws/install/libuvc:/Pav-S_ws/install/fast_lio:/Pav-S_ws/install/astra_camera:/Pav-S_ws/install/astra_camera_msgs:/Pav-S_ws/install/yolo_detector:/Pav-S_ws/install/yolov5_lib:/Pav-S_ws/install/nav2_simple_commander:/opt/ros/humble /usr/bin/cmake --install /Pav-S_ws/build/nav2_voxel_grid
[0.839s] -- Install configuration: "Release"
[0.840s] -- Up-to-date: /Pav-S_ws/install/nav2_voxel_grid/lib/libvoxel_grid.so
[0.840s] -- Up-to-date: /Pav-S_ws/install/nav2_voxel_grid/include
[0.840s] -- Up-to-date: /Pav-S_ws/install/nav2_voxel_grid/include/nav2_voxel_grid
[0.841s] -- Up-to-date: /Pav-S_ws/install/nav2_voxel_grid/include/nav2_voxel_grid/voxel_grid.hpp
[0.841s] -- Up-to-date: /Pav-S_ws/install/nav2_voxel_grid/share/nav2_voxel_grid/environment/library_path.sh
[0.841s] -- Up-to-date: /Pav-S_ws/install/nav2_voxel_grid/share/nav2_voxel_grid/environment/library_path.dsv
[0.841s] -- Up-to-date: /Pav-S_ws/install/nav2_voxel_grid/share/ament_index/resource_index/package_run_dependencies/nav2_voxel_grid
[0.841s] -- Up-to-date: /Pav-S_ws/install/nav2_voxel_grid/share/ament_index/resource_index/parent_prefix_path/nav2_voxel_grid
[0.841s] -- Up-to-date: /Pav-S_ws/install/nav2_voxel_grid/share/nav2_voxel_grid/environment/ament_prefix_path.sh
[0.841s] -- Up-to-date: /Pav-S_ws/install/nav2_voxel_grid/share/nav2_voxel_grid/environment/ament_prefix_path.dsv
[0.842s] -- Up-to-date: /Pav-S_ws/install/nav2_voxel_grid/share/nav2_voxel_grid/environment/path.sh
[0.842s] -- Up-to-date: /Pav-S_ws/install/nav2_voxel_grid/share/nav2_voxel_grid/environment/path.dsv
[0.842s] -- Up-to-date: /Pav-S_ws/install/nav2_voxel_grid/share/nav2_voxel_grid/local_setup.bash
[0.842s] -- Up-to-date: /Pav-S_ws/install/nav2_voxel_grid/share/nav2_voxel_grid/local_setup.sh
[0.842s] -- Up-to-date: /Pav-S_ws/install/nav2_voxel_grid/share/nav2_voxel_grid/local_setup.zsh
[0.842s] -- Up-to-date: /Pav-S_ws/install/nav2_voxel_grid/share/nav2_voxel_grid/local_setup.dsv
[0.842s] -- Up-to-date: /Pav-S_ws/install/nav2_voxel_grid/share/nav2_voxel_grid/package.dsv
[0.843s] -- Up-to-date: /Pav-S_ws/install/nav2_voxel_grid/share/ament_index/resource_index/packages/nav2_voxel_grid
[0.843s] -- Up-to-date: /Pav-S_ws/install/nav2_voxel_grid/share/nav2_voxel_grid/cmake/ament_cmake_export_dependencies-extras.cmake
[0.843s] -- Up-to-date: /Pav-S_ws/install/nav2_voxel_grid/share/nav2_voxel_grid/cmake/ament_cmake_export_include_directories-extras.cmake
[0.843s] -- Up-to-date: /Pav-S_ws/install/nav2_voxel_grid/share/nav2_voxel_grid/cmake/ament_cmake_export_libraries-extras.cmake
[0.843s] -- Up-to-date: /Pav-S_ws/install/nav2_voxel_grid/share/nav2_voxel_grid/cmake/nav2_voxel_gridConfig.cmake
[0.843s] -- Up-to-date: /Pav-S_ws/install/nav2_voxel_grid/share/nav2_voxel_grid/cmake/nav2_voxel_gridConfig-version.cmake
[0.843s] -- Up-to-date: /Pav-S_ws/install/nav2_voxel_grid/share/nav2_voxel_grid/package.xml
[0.856s] Invoked command in '/Pav-S_ws/build/nav2_voxel_grid' returned '0': CMAKE_PREFIX_PATH=/Pav-S_ws/install/nav2_common:/Pav-S_ws/install/nav2_behavior_tree:/Pav-S_ws/install/nav2_dwb_controller:/Pav-S_ws/install/nav2_controller:/Pav-S_ws/install/nav2_planner:/Pav-S_ws/install/dwb_plugins:/Pav-S_ws/install/dwb_critics:/Pav-S_ws/install/dwb_core:/Pav-S_ws/install/nav_2d_utils:/Pav-S_ws/install/nav2_core:/Pav-S_ws/install/costmap_queue:/Pav-S_ws/install/nav2_costmap_2d:/Pav-S_ws/install/nav2_map_server:/Pav-S_ws/install/nav2_lifecycle_manager:/ws_livox/install/pointcloud_to_laserscan:/ws_livox/install/livox_ros_driver2:/Pav-S_ws/install/wheeltec_robot_urdf:/Pav-S_ws/install/turn_on_wheeltec_robot:/Pav-S_ws/install/wheeltec_robot_msg:/Pav-S_ws/install/usb_cam:/Pav-S_ws/install/serial:/Pav-S_ws/install/robot_kcf:/Pav-S_ws/install/dwb_msgs:/Pav-S_ws/install/nav_2d_msgs:/Pav-S_ws/install/nav2_voxel_grid:/Pav-S_ws/install/nav2_util:/Pav-S_ws/install/nav2_msgs:/Pav-S_ws/install/libuvc:/Pav-S_ws/install/fast_lio:/Pav-S_ws/install/astra_camera:/Pav-S_ws/install/astra_camera_msgs:/Pav-S_ws/install/yolo_detector:/Pav-S_ws/install/yolov5_lib:/Pav-S_ws/install/nav2_simple_commander:/opt/ros/humble /usr/bin/cmake --install /Pav-S_ws/build/nav2_voxel_grid
