[0.057s] Invoking command in '/Pav-S_ws/build/libuvc': /usr/bin/cmake --build /Pav-S_ws/build/libuvc -- -j6 -l6
[0.369s] [ 45%] Built target uvc
[0.376s] [ 90%] Built target uvc_static
[0.486s] [100%] Built target example
[0.576s] Invoked command in '/Pav-S_ws/build/libuvc' returned '0': /usr/bin/cmake --build /Pav-S_ws/build/libuvc -- -j6 -l6
[0.584s] Invoking command in '/Pav-S_ws/build/libuvc': /usr/bin/cmake --install /Pav-S_ws/build/libuvc
[0.619s] -- Install configuration: "Release"
[0.622s] -- Up-to-date: /Pav-S_ws/install/libuvc/lib/libuvc.so.0.0.7
[0.622s] -- Up-to-date: /Pav-S_ws/install/libuvc/lib/libuvc.so.0
[0.622s] -- Up-to-date: /Pav-S_ws/install/libuvc/lib/libuvc.so
[0.622s] -- Up-to-date: /Pav-S_ws/install/libuvc/include/libuvc/libuvc.h
[0.623s] -- Up-to-date: /Pav-S_ws/install/libuvc/include/libuvc/libuvc_config.h
[0.623s] -- Up-to-date: /Pav-S_ws/install/libuvc/lib/libuvc.a
[0.623s] -- Up-to-date: /Pav-S_ws/install/libuvc/include/libuvc/libuvc.h
[0.623s] -- Up-to-date: /Pav-S_ws/install/libuvc/include/libuvc/libuvc_config.h
[0.624s] -- Up-to-date: /Pav-S_ws/install/libuvc/lib/cmake/libuvc/libuvcTargets.cmake
[0.624s] -- Up-to-date: /Pav-S_ws/install/libuvc/lib/cmake/libuvc/libuvcTargets-release.cmake
[0.624s] -- Up-to-date: /Pav-S_ws/install/libuvc/lib/cmake/libuvc/FindLibUSB.cmake
[0.625s] -- Up-to-date: /Pav-S_ws/install/libuvc/lib/cmake/libuvc/FindJpegPkg.cmake
[0.625s] -- Up-to-date: /Pav-S_ws/install/libuvc/lib/cmake/libuvc/libuvcConfigVersion.cmake
[0.628s] -- Up-to-date: /Pav-S_ws/install/libuvc/lib/pkgconfig/libuvc.pc
[0.628s] -- Up-to-date: /Pav-S_ws/install/libuvc/lib/cmake/libuvc/libuvcConfig.cmake
[0.635s] Invoked command in '/Pav-S_ws/build/libuvc' returned '0': /usr/bin/cmake --install /Pav-S_ws/build/libuvc
