[0.062s] Invoking command in '/Pav-S_ws/build/wheeltec_robot_msg': CMAKE_PREFIX_PATH=${CMAKE_PREFIX_PATH}:/Pav-S_ws/install/yolo_detector:/Pav-S_ws/install/yolov5_lib:/Pav-S_ws/install/nav2_simple_commander:/opt/ros/humble /usr/bin/cmake --build /Pav-S_ws/build/wheeltec_robot_msg -- -j6 -l6
[0.297s] [  2%] Built target wheeltec_robot_msg__cpp
[0.407s] [ 12%] Built target wheeltec_robot_msg__rosidl_generator_c
[0.429s] [ 12%] Built target ament_cmake_python_copy_wheeltec_robot_msg
[0.471s] [ 23%] Built target wheeltec_robot_msg__rosidl_typesupport_cpp
[0.483s] [ 33%] Built target wheeltec_robot_msg__rosidl_typesupport_fastrtps_cpp
[0.498s] [ 43%] Built target wheeltec_robot_msg__rosidl_typesupport_introspection_cpp
[0.583s] [ 53%] Built target wheeltec_robot_msg__rosidl_typesupport_fastrtps_c
[0.602s] [ 64%] Built target wheeltec_robot_msg__rosidl_typesupport_introspection_c
[0.626s] [ 74%] Built target wheeltec_robot_msg__rosidl_typesupport_c
[0.715s] [ 74%] Built target wheeltec_robot_msg
[0.812s] [ 76%] Built target wheeltec_robot_msg__py
[0.943s] [ 84%] Built target wheeltec_robot_msg__rosidl_generator_py
[1.136s] [ 89%] Built target wheeltec_robot_msg__rosidl_typesupport_introspection_c__pyext
[1.145s] [ 94%] Built target wheeltec_robot_msg__rosidl_typesupport_c__pyext
[1.151s] [100%] Built target wheeltec_robot_msg__rosidl_typesupport_fastrtps_c__pyext
[1.409s] running egg_info
[1.411s] writing wheeltec_robot_msg.egg-info/PKG-INFO
[1.412s] writing dependency_links to wheeltec_robot_msg.egg-info/dependency_links.txt
[1.412s] writing top-level names to wheeltec_robot_msg.egg-info/top_level.txt
[1.418s] reading manifest file 'wheeltec_robot_msg.egg-info/SOURCES.txt'
[1.420s] writing manifest file 'wheeltec_robot_msg.egg-info/SOURCES.txt'
[1.515s] [100%] Built target ament_cmake_python_build_wheeltec_robot_msg_egg
[1.623s] Invoked command in '/Pav-S_ws/build/wheeltec_robot_msg' returned '0': CMAKE_PREFIX_PATH=${CMAKE_PREFIX_PATH}:/Pav-S_ws/install/yolo_detector:/Pav-S_ws/install/yolov5_lib:/Pav-S_ws/install/nav2_simple_commander:/opt/ros/humble /usr/bin/cmake --build /Pav-S_ws/build/wheeltec_robot_msg -- -j6 -l6
[1.634s] Invoking command in '/Pav-S_ws/build/wheeltec_robot_msg': CMAKE_PREFIX_PATH=${CMAKE_PREFIX_PATH}:/Pav-S_ws/install/yolo_detector:/Pav-S_ws/install/yolov5_lib:/Pav-S_ws/install/nav2_simple_commander:/opt/ros/humble /usr/bin/cmake --install /Pav-S_ws/build/wheeltec_robot_msg
[1.668s] -- Install configuration: "Release"
[1.669s] -- Up-to-date: /Pav-S_ws/install/wheeltec_robot_msg/share/ament_index/resource_index/rosidl_interfaces/wheeltec_robot_msg
[1.669s] -- Up-to-date: /Pav-S_ws/install/wheeltec_robot_msg/include/wheeltec_robot_msg/wheeltec_robot_msg
[1.669s] -- Up-to-date: /Pav-S_ws/install/wheeltec_robot_msg/include/wheeltec_robot_msg/wheeltec_robot_msg/msg
[1.669s] -- Up-to-date: /Pav-S_ws/install/wheeltec_robot_msg/include/wheeltec_robot_msg/wheeltec_robot_msg/msg/rosidl_generator_c__visibility_control.h
[1.669s] -- Up-to-date: /Pav-S_ws/install/wheeltec_robot_msg/include/wheeltec_robot_msg/wheeltec_robot_msg/msg/detail
[1.669s] -- Up-to-date: /Pav-S_ws/install/wheeltec_robot_msg/include/wheeltec_robot_msg/wheeltec_robot_msg/msg/detail/data__functions.c
[1.670s] -- Up-to-date: /Pav-S_ws/install/wheeltec_robot_msg/include/wheeltec_robot_msg/wheeltec_robot_msg/msg/detail/supersonic__type_support.h
[1.670s] -- Up-to-date: /Pav-S_ws/install/wheeltec_robot_msg/include/wheeltec_robot_msg/wheeltec_robot_msg/msg/detail/supersonic__functions.c
[1.670s] -- Up-to-date: /Pav-S_ws/install/wheeltec_robot_msg/include/wheeltec_robot_msg/wheeltec_robot_msg/msg/detail/supersonic__functions.h
[1.670s] -- Up-to-date: /Pav-S_ws/install/wheeltec_robot_msg/include/wheeltec_robot_msg/wheeltec_robot_msg/msg/detail/data__type_support.h
[1.672s] -- Up-to-date: /Pav-S_ws/install/wheeltec_robot_msg/include/wheeltec_robot_msg/wheeltec_robot_msg/msg/detail/supersonic__struct.h
[1.672s] -- Up-to-date: /Pav-S_ws/install/wheeltec_robot_msg/include/wheeltec_robot_msg/wheeltec_robot_msg/msg/detail/data__functions.h
[1.672s] -- Up-to-date: /Pav-S_ws/install/wheeltec_robot_msg/include/wheeltec_robot_msg/wheeltec_robot_msg/msg/detail/data__struct.h
[1.673s] -- Up-to-date: /Pav-S_ws/install/wheeltec_robot_msg/include/wheeltec_robot_msg/wheeltec_robot_msg/msg/supersonic.h
[1.673s] -- Up-to-date: /Pav-S_ws/install/wheeltec_robot_msg/include/wheeltec_robot_msg/wheeltec_robot_msg/msg/data.h
[1.673s] -- Up-to-date: /Pav-S_ws/install/wheeltec_robot_msg/share/wheeltec_robot_msg/environment/library_path.sh
[1.673s] -- Up-to-date: /Pav-S_ws/install/wheeltec_robot_msg/share/wheeltec_robot_msg/environment/library_path.dsv
[1.684s] -- Up-to-date: /Pav-S_ws/install/wheeltec_robot_msg/lib/libwheeltec_robot_msg__rosidl_generator_c.so
[1.685s] -- Up-to-date: /Pav-S_ws/install/wheeltec_robot_msg/include/wheeltec_robot_msg/wheeltec_robot_msg
[1.685s] -- Up-to-date: /Pav-S_ws/install/wheeltec_robot_msg/include/wheeltec_robot_msg/wheeltec_robot_msg/msg
[1.685s] -- Up-to-date: /Pav-S_ws/install/wheeltec_robot_msg/include/wheeltec_robot_msg/wheeltec_robot_msg/msg/rosidl_typesupport_fastrtps_c__visibility_control.h
[1.686s] -- Up-to-date: /Pav-S_ws/install/wheeltec_robot_msg/include/wheeltec_robot_msg/wheeltec_robot_msg/msg/detail
[1.686s] -- Up-to-date: /Pav-S_ws/install/wheeltec_robot_msg/include/wheeltec_robot_msg/wheeltec_robot_msg/msg/detail/supersonic__rosidl_typesupport_fastrtps_c.h
[1.686s] -- Up-to-date: /Pav-S_ws/install/wheeltec_robot_msg/include/wheeltec_robot_msg/wheeltec_robot_msg/msg/detail/data__rosidl_typesupport_fastrtps_c.h
[1.691s] -- Up-to-date: /Pav-S_ws/install/wheeltec_robot_msg/lib/libwheeltec_robot_msg__rosidl_typesupport_fastrtps_c.so
[1.692s] -- Up-to-date: /Pav-S_ws/install/wheeltec_robot_msg/include/wheeltec_robot_msg/wheeltec_robot_msg
[1.692s] -- Up-to-date: /Pav-S_ws/install/wheeltec_robot_msg/include/wheeltec_robot_msg/wheeltec_robot_msg/msg
[1.692s] -- Up-to-date: /Pav-S_ws/install/wheeltec_robot_msg/include/wheeltec_robot_msg/wheeltec_robot_msg/msg/rosidl_typesupport_introspection_c__visibility_control.h
[1.692s] -- Up-to-date: /Pav-S_ws/install/wheeltec_robot_msg/include/wheeltec_robot_msg/wheeltec_robot_msg/msg/detail
[1.692s] -- Up-to-date: /Pav-S_ws/install/wheeltec_robot_msg/include/wheeltec_robot_msg/wheeltec_robot_msg/msg/detail/data__type_support.c
[1.693s] -- Up-to-date: /Pav-S_ws/install/wheeltec_robot_msg/include/wheeltec_robot_msg/wheeltec_robot_msg/msg/detail/supersonic__rosidl_typesupport_introspection_c.h
[1.693s] -- Up-to-date: /Pav-S_ws/install/wheeltec_robot_msg/include/wheeltec_robot_msg/wheeltec_robot_msg/msg/detail/data__rosidl_typesupport_introspection_c.h
[1.693s] -- Up-to-date: /Pav-S_ws/install/wheeltec_robot_msg/include/wheeltec_robot_msg/wheeltec_robot_msg/msg/detail/supersonic__type_support.c
[1.694s] -- Up-to-date: /Pav-S_ws/install/wheeltec_robot_msg/lib/libwheeltec_robot_msg__rosidl_typesupport_introspection_c.so
[1.694s] -- Up-to-date: /Pav-S_ws/install/wheeltec_robot_msg/lib/libwheeltec_robot_msg__rosidl_typesupport_c.so
[1.694s] -- Up-to-date: /Pav-S_ws/install/wheeltec_robot_msg/include/wheeltec_robot_msg/wheeltec_robot_msg
[1.694s] -- Up-to-date: /Pav-S_ws/install/wheeltec_robot_msg/include/wheeltec_robot_msg/wheeltec_robot_msg/msg
[1.694s] -- Up-to-date: /Pav-S_ws/install/wheeltec_robot_msg/include/wheeltec_robot_msg/wheeltec_robot_msg/msg/rosidl_generator_cpp__visibility_control.hpp
[1.694s] -- Up-to-date: /Pav-S_ws/install/wheeltec_robot_msg/include/wheeltec_robot_msg/wheeltec_robot_msg/msg/supersonic.hpp
[1.695s] -- Up-to-date: /Pav-S_ws/install/wheeltec_robot_msg/include/wheeltec_robot_msg/wheeltec_robot_msg/msg/detail
[1.695s] -- Up-to-date: /Pav-S_ws/install/wheeltec_robot_msg/include/wheeltec_robot_msg/wheeltec_robot_msg/msg/detail/data__type_support.hpp
[1.695s] -- Up-to-date: /Pav-S_ws/install/wheeltec_robot_msg/include/wheeltec_robot_msg/wheeltec_robot_msg/msg/detail/supersonic__builder.hpp
[1.695s] -- Up-to-date: /Pav-S_ws/install/wheeltec_robot_msg/include/wheeltec_robot_msg/wheeltec_robot_msg/msg/detail/supersonic__type_support.hpp
[1.695s] -- Up-to-date: /Pav-S_ws/install/wheeltec_robot_msg/include/wheeltec_robot_msg/wheeltec_robot_msg/msg/detail/data__traits.hpp
[1.696s] -- Up-to-date: /Pav-S_ws/install/wheeltec_robot_msg/include/wheeltec_robot_msg/wheeltec_robot_msg/msg/detail/data__struct.hpp
[1.696s] -- Up-to-date: /Pav-S_ws/install/wheeltec_robot_msg/include/wheeltec_robot_msg/wheeltec_robot_msg/msg/detail/supersonic__traits.hpp
[1.696s] -- Up-to-date: /Pav-S_ws/install/wheeltec_robot_msg/include/wheeltec_robot_msg/wheeltec_robot_msg/msg/detail/supersonic__struct.hpp
[1.696s] -- Up-to-date: /Pav-S_ws/install/wheeltec_robot_msg/include/wheeltec_robot_msg/wheeltec_robot_msg/msg/detail/data__builder.hpp
[1.696s] -- Up-to-date: /Pav-S_ws/install/wheeltec_robot_msg/include/wheeltec_robot_msg/wheeltec_robot_msg/msg/data.hpp
[1.696s] -- Up-to-date: /Pav-S_ws/install/wheeltec_robot_msg/include/wheeltec_robot_msg/wheeltec_robot_msg
[1.696s] -- Up-to-date: /Pav-S_ws/install/wheeltec_robot_msg/include/wheeltec_robot_msg/wheeltec_robot_msg/msg
[1.697s] -- Up-to-date: /Pav-S_ws/install/wheeltec_robot_msg/include/wheeltec_robot_msg/wheeltec_robot_msg/msg/detail
[1.697s] -- Up-to-date: /Pav-S_ws/install/wheeltec_robot_msg/include/wheeltec_robot_msg/wheeltec_robot_msg/msg/detail/supersonic__rosidl_typesupport_fastrtps_cpp.hpp
[1.697s] -- Up-to-date: /Pav-S_ws/install/wheeltec_robot_msg/include/wheeltec_robot_msg/wheeltec_robot_msg/msg/detail/data__rosidl_typesupport_fastrtps_cpp.hpp
[1.697s] -- Up-to-date: /Pav-S_ws/install/wheeltec_robot_msg/include/wheeltec_robot_msg/wheeltec_robot_msg/msg/detail/dds_fastrtps
[1.697s] -- Up-to-date: /Pav-S_ws/install/wheeltec_robot_msg/include/wheeltec_robot_msg/wheeltec_robot_msg/msg/rosidl_typesupport_fastrtps_cpp__visibility_control.h
[1.697s] -- Up-to-date: /Pav-S_ws/install/wheeltec_robot_msg/lib/libwheeltec_robot_msg__rosidl_typesupport_fastrtps_cpp.so
[1.698s] -- Up-to-date: /Pav-S_ws/install/wheeltec_robot_msg/include/wheeltec_robot_msg/wheeltec_robot_msg
[1.698s] -- Up-to-date: /Pav-S_ws/install/wheeltec_robot_msg/include/wheeltec_robot_msg/wheeltec_robot_msg/msg
[1.698s] -- Up-to-date: /Pav-S_ws/install/wheeltec_robot_msg/include/wheeltec_robot_msg/wheeltec_robot_msg/msg/detail
[1.698s] -- Up-to-date: /Pav-S_ws/install/wheeltec_robot_msg/include/wheeltec_robot_msg/wheeltec_robot_msg/msg/detail/data__type_support.cpp
[1.698s] -- Up-to-date: /Pav-S_ws/install/wheeltec_robot_msg/include/wheeltec_robot_msg/wheeltec_robot_msg/msg/detail/data__rosidl_typesupport_introspection_cpp.hpp
[1.698s] -- Up-to-date: /Pav-S_ws/install/wheeltec_robot_msg/include/wheeltec_robot_msg/wheeltec_robot_msg/msg/detail/supersonic__rosidl_typesupport_introspection_cpp.hpp
[1.699s] -- Up-to-date: /Pav-S_ws/install/wheeltec_robot_msg/include/wheeltec_robot_msg/wheeltec_robot_msg/msg/detail/supersonic__type_support.cpp
[1.699s] -- Up-to-date: /Pav-S_ws/install/wheeltec_robot_msg/lib/libwheeltec_robot_msg__rosidl_typesupport_introspection_cpp.so
[1.699s] -- Up-to-date: /Pav-S_ws/install/wheeltec_robot_msg/lib/libwheeltec_robot_msg__rosidl_typesupport_cpp.so
[1.699s] -- Up-to-date: /Pav-S_ws/install/wheeltec_robot_msg/share/wheeltec_robot_msg/environment/pythonpath.sh
[1.700s] -- Up-to-date: /Pav-S_ws/install/wheeltec_robot_msg/share/wheeltec_robot_msg/environment/pythonpath.dsv
[1.700s] -- Up-to-date: /Pav-S_ws/install/wheeltec_robot_msg/local/lib/python3.10/dist-packages/wheeltec_robot_msg-0.0.0-py3.10.egg-info
[1.700s] -- Installing: /Pav-S_ws/install/wheeltec_robot_msg/local/lib/python3.10/dist-packages/wheeltec_robot_msg-0.0.0-py3.10.egg-info/dependency_links.txt
[1.700s] -- Installing: /Pav-S_ws/install/wheeltec_robot_msg/local/lib/python3.10/dist-packages/wheeltec_robot_msg-0.0.0-py3.10.egg-info/SOURCES.txt
[1.700s] -- Installing: /Pav-S_ws/install/wheeltec_robot_msg/local/lib/python3.10/dist-packages/wheeltec_robot_msg-0.0.0-py3.10.egg-info/PKG-INFO
[1.706s] -- Installing: /Pav-S_ws/install/wheeltec_robot_msg/local/lib/python3.10/dist-packages/wheeltec_robot_msg-0.0.0-py3.10.egg-info/top_level.txt
[1.707s] -- Up-to-date: /Pav-S_ws/install/wheeltec_robot_msg/local/lib/python3.10/dist-packages/wheeltec_robot_msg
[1.707s] -- Up-to-date: /Pav-S_ws/install/wheeltec_robot_msg/local/lib/python3.10/dist-packages/wheeltec_robot_msg/_wheeltec_robot_msg_s.ep.rosidl_typesupport_fastrtps_c.c
[1.707s] -- Up-to-date: /Pav-S_ws/install/wheeltec_robot_msg/local/lib/python3.10/dist-packages/wheeltec_robot_msg/libwheeltec_robot_msg__rosidl_generator_py.so
[1.707s] -- Up-to-date: /Pav-S_ws/install/wheeltec_robot_msg/local/lib/python3.10/dist-packages/wheeltec_robot_msg/wheeltec_robot_msg_s__rosidl_typesupport_c.cpython-310-aarch64-linux-gnu.so
[1.707s] -- Up-to-date: /Pav-S_ws/install/wheeltec_robot_msg/local/lib/python3.10/dist-packages/wheeltec_robot_msg/_wheeltec_robot_msg_s.ep.rosidl_typesupport_c.c
[1.708s] -- Up-to-date: /Pav-S_ws/install/wheeltec_robot_msg/local/lib/python3.10/dist-packages/wheeltec_robot_msg/wheeltec_robot_msg_s__rosidl_typesupport_introspection_c.cpython-310-aarch64-linux-gnu.so
[1.708s] -- Up-to-date: /Pav-S_ws/install/wheeltec_robot_msg/local/lib/python3.10/dist-packages/wheeltec_robot_msg/msg
[1.708s] -- Up-to-date: /Pav-S_ws/install/wheeltec_robot_msg/local/lib/python3.10/dist-packages/wheeltec_robot_msg/msg/_supersonic_s.c
[1.708s] -- Up-to-date: /Pav-S_ws/install/wheeltec_robot_msg/local/lib/python3.10/dist-packages/wheeltec_robot_msg/msg/_data.py
[1.708s] -- Up-to-date: /Pav-S_ws/install/wheeltec_robot_msg/local/lib/python3.10/dist-packages/wheeltec_robot_msg/msg/_data_s.c
[1.708s] -- Up-to-date: /Pav-S_ws/install/wheeltec_robot_msg/local/lib/python3.10/dist-packages/wheeltec_robot_msg/msg/__init__.py
[1.708s] -- Up-to-date: /Pav-S_ws/install/wheeltec_robot_msg/local/lib/python3.10/dist-packages/wheeltec_robot_msg/msg/_supersonic.py
[1.708s] -- Up-to-date: /Pav-S_ws/install/wheeltec_robot_msg/local/lib/python3.10/dist-packages/wheeltec_robot_msg/__init__.py
[1.709s] -- Up-to-date: /Pav-S_ws/install/wheeltec_robot_msg/local/lib/python3.10/dist-packages/wheeltec_robot_msg/wheeltec_robot_msg_s__rosidl_typesupport_fastrtps_c.cpython-310-aarch64-linux-gnu.so
[1.709s] -- Up-to-date: /Pav-S_ws/install/wheeltec_robot_msg/local/lib/python3.10/dist-packages/wheeltec_robot_msg/_wheeltec_robot_msg_s.ep.rosidl_typesupport_introspection_c.c
[1.820s] Listing '/Pav-S_ws/install/wheeltec_robot_msg/local/lib/python3.10/dist-packages/wheeltec_robot_msg'...
[1.822s] Listing '/Pav-S_ws/install/wheeltec_robot_msg/local/lib/python3.10/dist-packages/wheeltec_robot_msg/msg'...
[1.822s] -- Up-to-date: /Pav-S_ws/install/wheeltec_robot_msg/local/lib/python3.10/dist-packages/wheeltec_robot_msg/wheeltec_robot_msg_s__rosidl_typesupport_fastrtps_c.cpython-310-aarch64-linux-gnu.so
[1.822s] -- Up-to-date: /Pav-S_ws/install/wheeltec_robot_msg/local/lib/python3.10/dist-packages/wheeltec_robot_msg/wheeltec_robot_msg_s__rosidl_typesupport_introspection_c.cpython-310-aarch64-linux-gnu.so
[1.822s] -- Up-to-date: /Pav-S_ws/install/wheeltec_robot_msg/local/lib/python3.10/dist-packages/wheeltec_robot_msg/wheeltec_robot_msg_s__rosidl_typesupport_c.cpython-310-aarch64-linux-gnu.so
[1.824s] -- Up-to-date: /Pav-S_ws/install/wheeltec_robot_msg/lib/libwheeltec_robot_msg__rosidl_generator_py.so
[1.824s] -- Up-to-date: /Pav-S_ws/install/wheeltec_robot_msg/share/wheeltec_robot_msg/msg/Data.idl
[1.825s] -- Up-to-date: /Pav-S_ws/install/wheeltec_robot_msg/share/wheeltec_robot_msg/msg/Supersonic.idl
[1.825s] -- Up-to-date: /Pav-S_ws/install/wheeltec_robot_msg/share/wheeltec_robot_msg/msg/Data.msg
[1.825s] -- Up-to-date: /Pav-S_ws/install/wheeltec_robot_msg/share/wheeltec_robot_msg/msg/Supersonic.msg
[1.825s] -- Up-to-date: /Pav-S_ws/install/wheeltec_robot_msg/share/ament_index/resource_index/package_run_dependencies/wheeltec_robot_msg
[1.825s] -- Up-to-date: /Pav-S_ws/install/wheeltec_robot_msg/share/ament_index/resource_index/parent_prefix_path/wheeltec_robot_msg
[1.826s] -- Up-to-date: /Pav-S_ws/install/wheeltec_robot_msg/share/wheeltec_robot_msg/environment/ament_prefix_path.sh
[1.826s] -- Up-to-date: /Pav-S_ws/install/wheeltec_robot_msg/share/wheeltec_robot_msg/environment/ament_prefix_path.dsv
[1.826s] -- Up-to-date: /Pav-S_ws/install/wheeltec_robot_msg/share/wheeltec_robot_msg/environment/path.sh
[1.827s] -- Up-to-date: /Pav-S_ws/install/wheeltec_robot_msg/share/wheeltec_robot_msg/environment/path.dsv
[1.828s] -- Up-to-date: /Pav-S_ws/install/wheeltec_robot_msg/share/wheeltec_robot_msg/local_setup.bash
[1.828s] -- Up-to-date: /Pav-S_ws/install/wheeltec_robot_msg/share/wheeltec_robot_msg/local_setup.sh
[1.828s] -- Up-to-date: /Pav-S_ws/install/wheeltec_robot_msg/share/wheeltec_robot_msg/local_setup.zsh
[1.829s] -- Up-to-date: /Pav-S_ws/install/wheeltec_robot_msg/share/wheeltec_robot_msg/local_setup.dsv
[1.831s] -- Installing: /Pav-S_ws/install/wheeltec_robot_msg/share/wheeltec_robot_msg/package.dsv
[1.832s] -- Up-to-date: /Pav-S_ws/install/wheeltec_robot_msg/share/ament_index/resource_index/packages/wheeltec_robot_msg
[1.832s] -- Up-to-date: /Pav-S_ws/install/wheeltec_robot_msg/share/wheeltec_robot_msg/cmake/export_wheeltec_robot_msg__rosidl_generator_cExport.cmake
[1.833s] -- Up-to-date: /Pav-S_ws/install/wheeltec_robot_msg/share/wheeltec_robot_msg/cmake/export_wheeltec_robot_msg__rosidl_generator_cExport-release.cmake
[1.833s] -- Up-to-date: /Pav-S_ws/install/wheeltec_robot_msg/share/wheeltec_robot_msg/cmake/export_wheeltec_robot_msg__rosidl_typesupport_fastrtps_cExport.cmake
[1.833s] -- Up-to-date: /Pav-S_ws/install/wheeltec_robot_msg/share/wheeltec_robot_msg/cmake/export_wheeltec_robot_msg__rosidl_typesupport_fastrtps_cExport-release.cmake
[1.833s] -- Up-to-date: /Pav-S_ws/install/wheeltec_robot_msg/share/wheeltec_robot_msg/cmake/wheeltec_robot_msg__rosidl_typesupport_introspection_cExport.cmake
[1.833s] -- Up-to-date: /Pav-S_ws/install/wheeltec_robot_msg/share/wheeltec_robot_msg/cmake/wheeltec_robot_msg__rosidl_typesupport_introspection_cExport-release.cmake
[1.836s] -- Up-to-date: /Pav-S_ws/install/wheeltec_robot_msg/share/wheeltec_robot_msg/cmake/wheeltec_robot_msg__rosidl_typesupport_cExport.cmake
[1.836s] -- Up-to-date: /Pav-S_ws/install/wheeltec_robot_msg/share/wheeltec_robot_msg/cmake/wheeltec_robot_msg__rosidl_typesupport_cExport-release.cmake
[1.837s] -- Up-to-date: /Pav-S_ws/install/wheeltec_robot_msg/share/wheeltec_robot_msg/cmake/export_wheeltec_robot_msg__rosidl_generator_cppExport.cmake
[1.837s] -- Up-to-date: /Pav-S_ws/install/wheeltec_robot_msg/share/wheeltec_robot_msg/cmake/export_wheeltec_robot_msg__rosidl_typesupport_fastrtps_cppExport.cmake
[1.837s] -- Up-to-date: /Pav-S_ws/install/wheeltec_robot_msg/share/wheeltec_robot_msg/cmake/export_wheeltec_robot_msg__rosidl_typesupport_fastrtps_cppExport-release.cmake
[1.837s] -- Up-to-date: /Pav-S_ws/install/wheeltec_robot_msg/share/wheeltec_robot_msg/cmake/wheeltec_robot_msg__rosidl_typesupport_introspection_cppExport.cmake
[1.837s] -- Up-to-date: /Pav-S_ws/install/wheeltec_robot_msg/share/wheeltec_robot_msg/cmake/wheeltec_robot_msg__rosidl_typesupport_introspection_cppExport-release.cmake
[1.837s] -- Up-to-date: /Pav-S_ws/install/wheeltec_robot_msg/share/wheeltec_robot_msg/cmake/wheeltec_robot_msg__rosidl_typesupport_cppExport.cmake
[1.837s] -- Up-to-date: /Pav-S_ws/install/wheeltec_robot_msg/share/wheeltec_robot_msg/cmake/wheeltec_robot_msg__rosidl_typesupport_cppExport-release.cmake
[1.838s] -- Up-to-date: /Pav-S_ws/install/wheeltec_robot_msg/share/wheeltec_robot_msg/cmake/export_wheeltec_robot_msg__rosidl_generator_pyExport.cmake
[1.838s] -- Up-to-date: /Pav-S_ws/install/wheeltec_robot_msg/share/wheeltec_robot_msg/cmake/export_wheeltec_robot_msg__rosidl_generator_pyExport-release.cmake
[1.838s] -- Up-to-date: /Pav-S_ws/install/wheeltec_robot_msg/share/wheeltec_robot_msg/cmake/rosidl_cmake-extras.cmake
[1.838s] -- Up-to-date: /Pav-S_ws/install/wheeltec_robot_msg/share/wheeltec_robot_msg/cmake/ament_cmake_export_dependencies-extras.cmake
[1.838s] -- Up-to-date: /Pav-S_ws/install/wheeltec_robot_msg/share/wheeltec_robot_msg/cmake/ament_cmake_export_include_directories-extras.cmake
[1.838s] -- Up-to-date: /Pav-S_ws/install/wheeltec_robot_msg/share/wheeltec_robot_msg/cmake/ament_cmake_export_libraries-extras.cmake
[1.838s] -- Up-to-date: /Pav-S_ws/install/wheeltec_robot_msg/share/wheeltec_robot_msg/cmake/ament_cmake_export_targets-extras.cmake
[1.838s] -- Up-to-date: /Pav-S_ws/install/wheeltec_robot_msg/share/wheeltec_robot_msg/cmake/rosidl_cmake_export_typesupport_targets-extras.cmake
[1.839s] -- Up-to-date: /Pav-S_ws/install/wheeltec_robot_msg/share/wheeltec_robot_msg/cmake/rosidl_cmake_export_typesupport_libraries-extras.cmake
[1.839s] -- Up-to-date: /Pav-S_ws/install/wheeltec_robot_msg/share/wheeltec_robot_msg/cmake/wheeltec_robot_msgConfig.cmake
[1.839s] -- Up-to-date: /Pav-S_ws/install/wheeltec_robot_msg/share/wheeltec_robot_msg/cmake/wheeltec_robot_msgConfig-version.cmake
[1.839s] -- Up-to-date: /Pav-S_ws/install/wheeltec_robot_msg/share/wheeltec_robot_msg/package.xml
[1.903s] Invoked command in '/Pav-S_ws/build/wheeltec_robot_msg' returned '0': CMAKE_PREFIX_PATH=${CMAKE_PREFIX_PATH}:/Pav-S_ws/install/yolo_detector:/Pav-S_ws/install/yolov5_lib:/Pav-S_ws/install/nav2_simple_commander:/opt/ros/humble /usr/bin/cmake --install /Pav-S_ws/build/wheeltec_robot_msg
