[0.075s] Invoking command in '/Pav-S_ws/build/astra_camera_msgs': CMAKE_PREFIX_PATH=${CMAKE_PREFIX_PATH}:/Pav-S_ws/install/yolo_detector:/Pav-S_ws/install/yolov5_lib:/Pav-S_ws/install/nav2_simple_commander:/opt/ros/humble /usr/bin/cmake --build /Pav-S_ws/build/astra_camera_msgs -- -j6 -l6
[0.299s] [ 11%] Built target astra_camera_msgs__rosidl_generator_c
[0.315s] [ 12%] Built target astra_camera_msgs__cpp
[0.376s] [ 12%] Built target ament_cmake_python_copy_astra_camera_msgs
[0.532s] [ 24%] Built target astra_camera_msgs__rosidl_typesupport_introspection_c
[0.550s] [ 35%] Built target astra_camera_msgs__rosidl_typesupport_introspection_cpp
[0.562s] [ 58%] Built target astra_camera_msgs__rosidl_typesupport_c
[0.562s] [ 58%] Built target astra_camera_msgs__rosidl_typesupport_fastrtps_cpp
[0.578s] [ 70%] Built target astra_camera_msgs__rosidl_typesupport_fastrtps_c
[0.594s] [ 82%] Built target astra_camera_msgs__rosidl_typesupport_cpp
[0.744s] [ 82%] Built target astra_camera_msgs
[0.858s] [ 83%] Built target astra_camera_msgs__py
[1.044s] [ 93%] Built target astra_camera_msgs__rosidl_generator_py
[1.214s] [ 95%] Built target astra_camera_msgs__rosidl_typesupport_fastrtps_c__pyext
[1.240s] [ 97%] Built target astra_camera_msgs__rosidl_typesupport_introspection_c__pyext
[1.241s] [100%] Built target astra_camera_msgs__rosidl_typesupport_c__pyext
[1.394s] running egg_info
[1.395s] writing astra_camera_msgs.egg-info/PKG-INFO
[1.396s] writing dependency_links to astra_camera_msgs.egg-info/dependency_links.txt
[1.396s] writing top-level names to astra_camera_msgs.egg-info/top_level.txt
[1.406s] reading manifest file 'astra_camera_msgs.egg-info/SOURCES.txt'
[1.407s] writing manifest file 'astra_camera_msgs.egg-info/SOURCES.txt'
[1.514s] [100%] Built target ament_cmake_python_build_astra_camera_msgs_egg
[1.551s] Invoked command in '/Pav-S_ws/build/astra_camera_msgs' returned '0': CMAKE_PREFIX_PATH=${CMAKE_PREFIX_PATH}:/Pav-S_ws/install/yolo_detector:/Pav-S_ws/install/yolov5_lib:/Pav-S_ws/install/nav2_simple_commander:/opt/ros/humble /usr/bin/cmake --build /Pav-S_ws/build/astra_camera_msgs -- -j6 -l6
[1.567s] Invoking command in '/Pav-S_ws/build/astra_camera_msgs': CMAKE_PREFIX_PATH=${CMAKE_PREFIX_PATH}:/Pav-S_ws/install/yolo_detector:/Pav-S_ws/install/yolov5_lib:/Pav-S_ws/install/nav2_simple_commander:/opt/ros/humble /usr/bin/cmake --install /Pav-S_ws/build/astra_camera_msgs
[1.611s] -- Install configuration: "Release"
[1.611s] -- Up-to-date: /Pav-S_ws/install/astra_camera_msgs/share/ament_index/resource_index/rosidl_interfaces/astra_camera_msgs
[1.611s] -- Up-to-date: /Pav-S_ws/install/astra_camera_msgs/include/astra_camera_msgs/astra_camera_msgs
[1.611s] -- Up-to-date: /Pav-S_ws/install/astra_camera_msgs/include/astra_camera_msgs/astra_camera_msgs/srv
[1.611s] -- Up-to-date: /Pav-S_ws/install/astra_camera_msgs/include/astra_camera_msgs/astra_camera_msgs/srv/get_camera_params.h
[1.611s] -- Up-to-date: /Pav-S_ws/install/astra_camera_msgs/include/astra_camera_msgs/astra_camera_msgs/srv/get_string.h
[1.611s] -- Up-to-date: /Pav-S_ws/install/astra_camera_msgs/include/astra_camera_msgs/astra_camera_msgs/srv/set_int32.h
[1.612s] -- Up-to-date: /Pav-S_ws/install/astra_camera_msgs/include/astra_camera_msgs/astra_camera_msgs/srv/get_int32.h
[1.612s] -- Up-to-date: /Pav-S_ws/install/astra_camera_msgs/include/astra_camera_msgs/astra_camera_msgs/srv/get_device_info.h
[1.612s] -- Up-to-date: /Pav-S_ws/install/astra_camera_msgs/include/astra_camera_msgs/astra_camera_msgs/srv/detail
[1.612s] -- Up-to-date: /Pav-S_ws/install/astra_camera_msgs/include/astra_camera_msgs/astra_camera_msgs/srv/detail/get_device_info__type_support.h
[1.612s] -- Up-to-date: /Pav-S_ws/install/astra_camera_msgs/include/astra_camera_msgs/astra_camera_msgs/srv/detail/get_int32__functions.h
[1.612s] -- Up-to-date: /Pav-S_ws/install/astra_camera_msgs/include/astra_camera_msgs/astra_camera_msgs/srv/detail/get_camera_info__functions.h
[1.621s] -- Up-to-date: /Pav-S_ws/install/astra_camera_msgs/include/astra_camera_msgs/astra_camera_msgs/srv/detail/get_camera_params__functions.h
[1.621s] -- Up-to-date: /Pav-S_ws/install/astra_camera_msgs/include/astra_camera_msgs/astra_camera_msgs/srv/detail/get_camera_params__type_support.h
[1.622s] -- Up-to-date: /Pav-S_ws/install/astra_camera_msgs/include/astra_camera_msgs/astra_camera_msgs/srv/detail/set_int32__type_support.h
[1.622s] -- Up-to-date: /Pav-S_ws/install/astra_camera_msgs/include/astra_camera_msgs/astra_camera_msgs/srv/detail/get_int32__functions.c
[1.622s] -- Up-to-date: /Pav-S_ws/install/astra_camera_msgs/include/astra_camera_msgs/astra_camera_msgs/srv/detail/get_string__functions.c
[1.622s] -- Up-to-date: /Pav-S_ws/install/astra_camera_msgs/include/astra_camera_msgs/astra_camera_msgs/srv/detail/get_camera_info__type_support.h
[1.623s] -- Up-to-date: /Pav-S_ws/install/astra_camera_msgs/include/astra_camera_msgs/astra_camera_msgs/srv/detail/set_int32__functions.c
[1.623s] -- Up-to-date: /Pav-S_ws/install/astra_camera_msgs/include/astra_camera_msgs/astra_camera_msgs/srv/detail/get_device_info__functions.c
[1.623s] -- Up-to-date: /Pav-S_ws/install/astra_camera_msgs/include/astra_camera_msgs/astra_camera_msgs/srv/detail/set_int32__functions.h
[1.623s] -- Up-to-date: /Pav-S_ws/install/astra_camera_msgs/include/astra_camera_msgs/astra_camera_msgs/srv/detail/get_camera_info__functions.c
[1.623s] -- Up-to-date: /Pav-S_ws/install/astra_camera_msgs/include/astra_camera_msgs/astra_camera_msgs/srv/detail/get_int32__struct.h
[1.623s] -- Up-to-date: /Pav-S_ws/install/astra_camera_msgs/include/astra_camera_msgs/astra_camera_msgs/srv/detail/get_device_info__functions.h
[1.623s] -- Up-to-date: /Pav-S_ws/install/astra_camera_msgs/include/astra_camera_msgs/astra_camera_msgs/srv/detail/get_string__struct.h
[1.624s] -- Up-to-date: /Pav-S_ws/install/astra_camera_msgs/include/astra_camera_msgs/astra_camera_msgs/srv/detail/get_string__type_support.h
[1.624s] -- Up-to-date: /Pav-S_ws/install/astra_camera_msgs/include/astra_camera_msgs/astra_camera_msgs/srv/detail/get_int32__type_support.h
[1.624s] -- Up-to-date: /Pav-S_ws/install/astra_camera_msgs/include/astra_camera_msgs/astra_camera_msgs/srv/detail/get_device_info__struct.h
[1.624s] -- Up-to-date: /Pav-S_ws/install/astra_camera_msgs/include/astra_camera_msgs/astra_camera_msgs/srv/detail/get_camera_info__struct.h
[1.624s] -- Up-to-date: /Pav-S_ws/install/astra_camera_msgs/include/astra_camera_msgs/astra_camera_msgs/srv/detail/set_int32__struct.h
[1.624s] -- Up-to-date: /Pav-S_ws/install/astra_camera_msgs/include/astra_camera_msgs/astra_camera_msgs/srv/detail/get_camera_params__struct.h
[1.624s] -- Up-to-date: /Pav-S_ws/install/astra_camera_msgs/include/astra_camera_msgs/astra_camera_msgs/srv/detail/get_camera_params__functions.c
[1.625s] -- Up-to-date: /Pav-S_ws/install/astra_camera_msgs/include/astra_camera_msgs/astra_camera_msgs/srv/detail/get_string__functions.h
[1.625s] -- Up-to-date: /Pav-S_ws/install/astra_camera_msgs/include/astra_camera_msgs/astra_camera_msgs/srv/get_camera_info.h
[1.625s] -- Up-to-date: /Pav-S_ws/install/astra_camera_msgs/include/astra_camera_msgs/astra_camera_msgs/msg
[1.625s] -- Up-to-date: /Pav-S_ws/install/astra_camera_msgs/include/astra_camera_msgs/astra_camera_msgs/msg/rosidl_generator_c__visibility_control.h
[1.625s] -- Up-to-date: /Pav-S_ws/install/astra_camera_msgs/include/astra_camera_msgs/astra_camera_msgs/msg/extrinsics.h
[1.625s] -- Up-to-date: /Pav-S_ws/install/astra_camera_msgs/include/astra_camera_msgs/astra_camera_msgs/msg/detail
[1.626s] -- Up-to-date: /Pav-S_ws/install/astra_camera_msgs/include/astra_camera_msgs/astra_camera_msgs/msg/detail/metadata__functions.c
[1.626s] -- Up-to-date: /Pav-S_ws/install/astra_camera_msgs/include/astra_camera_msgs/astra_camera_msgs/msg/detail/device_info__type_support.h
[1.626s] -- Up-to-date: /Pav-S_ws/install/astra_camera_msgs/include/astra_camera_msgs/astra_camera_msgs/msg/detail/extrinsics__struct.h
[1.626s] -- Up-to-date: /Pav-S_ws/install/astra_camera_msgs/include/astra_camera_msgs/astra_camera_msgs/msg/detail/device_info__struct.h
[1.626s] -- Up-to-date: /Pav-S_ws/install/astra_camera_msgs/include/astra_camera_msgs/astra_camera_msgs/msg/detail/metadata__type_support.h
[1.626s] -- Up-to-date: /Pav-S_ws/install/astra_camera_msgs/include/astra_camera_msgs/astra_camera_msgs/msg/detail/extrinsics__type_support.h
[1.627s] -- Up-to-date: /Pav-S_ws/install/astra_camera_msgs/include/astra_camera_msgs/astra_camera_msgs/msg/detail/device_info__functions.h
[1.627s] -- Up-to-date: /Pav-S_ws/install/astra_camera_msgs/include/astra_camera_msgs/astra_camera_msgs/msg/detail/metadata__struct.h
[1.627s] -- Up-to-date: /Pav-S_ws/install/astra_camera_msgs/include/astra_camera_msgs/astra_camera_msgs/msg/detail/extrinsics__functions.c
[1.627s] -- Up-to-date: /Pav-S_ws/install/astra_camera_msgs/include/astra_camera_msgs/astra_camera_msgs/msg/detail/metadata__functions.h
[1.627s] -- Up-to-date: /Pav-S_ws/install/astra_camera_msgs/include/astra_camera_msgs/astra_camera_msgs/msg/detail/device_info__functions.c
[1.627s] -- Up-to-date: /Pav-S_ws/install/astra_camera_msgs/include/astra_camera_msgs/astra_camera_msgs/msg/detail/extrinsics__functions.h
[1.627s] -- Up-to-date: /Pav-S_ws/install/astra_camera_msgs/include/astra_camera_msgs/astra_camera_msgs/msg/metadata.h
[1.627s] -- Up-to-date: /Pav-S_ws/install/astra_camera_msgs/include/astra_camera_msgs/astra_camera_msgs/msg/device_info.h
[1.628s] -- Up-to-date: /Pav-S_ws/install/astra_camera_msgs/share/astra_camera_msgs/environment/library_path.sh
[1.628s] -- Up-to-date: /Pav-S_ws/install/astra_camera_msgs/share/astra_camera_msgs/environment/library_path.dsv
[1.628s] -- Up-to-date: /Pav-S_ws/install/astra_camera_msgs/lib/libastra_camera_msgs__rosidl_generator_c.so
[1.628s] -- Up-to-date: /Pav-S_ws/install/astra_camera_msgs/include/astra_camera_msgs/astra_camera_msgs
[1.628s] -- Up-to-date: /Pav-S_ws/install/astra_camera_msgs/include/astra_camera_msgs/astra_camera_msgs/srv
[1.628s] -- Up-to-date: /Pav-S_ws/install/astra_camera_msgs/include/astra_camera_msgs/astra_camera_msgs/srv/detail
[1.630s] -- Up-to-date: /Pav-S_ws/install/astra_camera_msgs/include/astra_camera_msgs/astra_camera_msgs/srv/detail/get_int32__rosidl_typesupport_fastrtps_c.h
[1.641s] -- Up-to-date: /Pav-S_ws/install/astra_camera_msgs/include/astra_camera_msgs/astra_camera_msgs/srv/detail/set_int32__rosidl_typesupport_fastrtps_c.h
[1.641s] -- Up-to-date: /Pav-S_ws/install/astra_camera_msgs/include/astra_camera_msgs/astra_camera_msgs/srv/detail/get_string__rosidl_typesupport_fastrtps_c.h
[1.641s] -- Up-to-date: /Pav-S_ws/install/astra_camera_msgs/include/astra_camera_msgs/astra_camera_msgs/srv/detail/get_camera_info__rosidl_typesupport_fastrtps_c.h
[1.642s] -- Up-to-date: /Pav-S_ws/install/astra_camera_msgs/include/astra_camera_msgs/astra_camera_msgs/srv/detail/get_camera_params__rosidl_typesupport_fastrtps_c.h
[1.642s] -- Up-to-date: /Pav-S_ws/install/astra_camera_msgs/include/astra_camera_msgs/astra_camera_msgs/srv/detail/get_device_info__rosidl_typesupport_fastrtps_c.h
[1.642s] -- Up-to-date: /Pav-S_ws/install/astra_camera_msgs/include/astra_camera_msgs/astra_camera_msgs/msg
[1.642s] -- Up-to-date: /Pav-S_ws/install/astra_camera_msgs/include/astra_camera_msgs/astra_camera_msgs/msg/rosidl_typesupport_fastrtps_c__visibility_control.h
[1.642s] -- Up-to-date: /Pav-S_ws/install/astra_camera_msgs/include/astra_camera_msgs/astra_camera_msgs/msg/detail
[1.642s] -- Up-to-date: /Pav-S_ws/install/astra_camera_msgs/include/astra_camera_msgs/astra_camera_msgs/msg/detail/metadata__rosidl_typesupport_fastrtps_c.h
[1.642s] -- Up-to-date: /Pav-S_ws/install/astra_camera_msgs/include/astra_camera_msgs/astra_camera_msgs/msg/detail/extrinsics__rosidl_typesupport_fastrtps_c.h
[1.642s] -- Up-to-date: /Pav-S_ws/install/astra_camera_msgs/include/astra_camera_msgs/astra_camera_msgs/msg/detail/device_info__rosidl_typesupport_fastrtps_c.h
[1.643s] -- Up-to-date: /Pav-S_ws/install/astra_camera_msgs/lib/libastra_camera_msgs__rosidl_typesupport_fastrtps_c.so
[1.643s] -- Up-to-date: /Pav-S_ws/install/astra_camera_msgs/include/astra_camera_msgs/astra_camera_msgs
[1.643s] -- Up-to-date: /Pav-S_ws/install/astra_camera_msgs/include/astra_camera_msgs/astra_camera_msgs/srv
[1.643s] -- Up-to-date: /Pav-S_ws/install/astra_camera_msgs/include/astra_camera_msgs/astra_camera_msgs/srv/detail
[1.643s] -- Up-to-date: /Pav-S_ws/install/astra_camera_msgs/include/astra_camera_msgs/astra_camera_msgs/srv/detail/get_device_info__rosidl_typesupport_introspection_c.h
[1.643s] -- Up-to-date: /Pav-S_ws/install/astra_camera_msgs/include/astra_camera_msgs/astra_camera_msgs/srv/detail/get_camera_params__rosidl_typesupport_introspection_c.h
[1.643s] -- Up-to-date: /Pav-S_ws/install/astra_camera_msgs/include/astra_camera_msgs/astra_camera_msgs/srv/detail/get_camera_info__type_support.c
[1.643s] -- Up-to-date: /Pav-S_ws/install/astra_camera_msgs/include/astra_camera_msgs/astra_camera_msgs/srv/detail/get_string__type_support.c
[1.644s] -- Up-to-date: /Pav-S_ws/install/astra_camera_msgs/include/astra_camera_msgs/astra_camera_msgs/srv/detail/set_int32__rosidl_typesupport_introspection_c.h
[1.644s] -- Up-to-date: /Pav-S_ws/install/astra_camera_msgs/include/astra_camera_msgs/astra_camera_msgs/srv/detail/get_camera_params__type_support.c
[1.644s] -- Up-to-date: /Pav-S_ws/install/astra_camera_msgs/include/astra_camera_msgs/astra_camera_msgs/srv/detail/get_string__rosidl_typesupport_introspection_c.h
[1.644s] -- Up-to-date: /Pav-S_ws/install/astra_camera_msgs/include/astra_camera_msgs/astra_camera_msgs/srv/detail/get_camera_info__rosidl_typesupport_introspection_c.h
[1.644s] -- Up-to-date: /Pav-S_ws/install/astra_camera_msgs/include/astra_camera_msgs/astra_camera_msgs/srv/detail/get_device_info__type_support.c
[1.644s] -- Up-to-date: /Pav-S_ws/install/astra_camera_msgs/include/astra_camera_msgs/astra_camera_msgs/srv/detail/get_int32__rosidl_typesupport_introspection_c.h
[1.644s] -- Up-to-date: /Pav-S_ws/install/astra_camera_msgs/include/astra_camera_msgs/astra_camera_msgs/srv/detail/get_int32__type_support.c
[1.644s] -- Up-to-date: /Pav-S_ws/install/astra_camera_msgs/include/astra_camera_msgs/astra_camera_msgs/srv/detail/set_int32__type_support.c
[1.645s] -- Up-to-date: /Pav-S_ws/install/astra_camera_msgs/include/astra_camera_msgs/astra_camera_msgs/msg
[1.645s] -- Up-to-date: /Pav-S_ws/install/astra_camera_msgs/include/astra_camera_msgs/astra_camera_msgs/msg/rosidl_typesupport_introspection_c__visibility_control.h
[1.645s] -- Up-to-date: /Pav-S_ws/install/astra_camera_msgs/include/astra_camera_msgs/astra_camera_msgs/msg/detail
[1.645s] -- Up-to-date: /Pav-S_ws/install/astra_camera_msgs/include/astra_camera_msgs/astra_camera_msgs/msg/detail/extrinsics__type_support.c
[1.645s] -- Up-to-date: /Pav-S_ws/install/astra_camera_msgs/include/astra_camera_msgs/astra_camera_msgs/msg/detail/extrinsics__rosidl_typesupport_introspection_c.h
[1.645s] -- Up-to-date: /Pav-S_ws/install/astra_camera_msgs/include/astra_camera_msgs/astra_camera_msgs/msg/detail/device_info__type_support.c
[1.645s] -- Up-to-date: /Pav-S_ws/install/astra_camera_msgs/include/astra_camera_msgs/astra_camera_msgs/msg/detail/metadata__type_support.c
[1.645s] -- Up-to-date: /Pav-S_ws/install/astra_camera_msgs/include/astra_camera_msgs/astra_camera_msgs/msg/detail/metadata__rosidl_typesupport_introspection_c.h
[1.646s] -- Up-to-date: /Pav-S_ws/install/astra_camera_msgs/include/astra_camera_msgs/astra_camera_msgs/msg/detail/device_info__rosidl_typesupport_introspection_c.h
[1.646s] -- Up-to-date: /Pav-S_ws/install/astra_camera_msgs/lib/libastra_camera_msgs__rosidl_typesupport_introspection_c.so
[1.646s] -- Up-to-date: /Pav-S_ws/install/astra_camera_msgs/lib/libastra_camera_msgs__rosidl_typesupport_c.so
[1.646s] -- Up-to-date: /Pav-S_ws/install/astra_camera_msgs/include/astra_camera_msgs/astra_camera_msgs
[1.646s] -- Up-to-date: /Pav-S_ws/install/astra_camera_msgs/include/astra_camera_msgs/astra_camera_msgs/srv
[1.646s] -- Up-to-date: /Pav-S_ws/install/astra_camera_msgs/include/astra_camera_msgs/astra_camera_msgs/srv/set_int32.hpp
[1.646s] -- Up-to-date: /Pav-S_ws/install/astra_camera_msgs/include/astra_camera_msgs/astra_camera_msgs/srv/get_camera_params.hpp
[1.646s] -- Up-to-date: /Pav-S_ws/install/astra_camera_msgs/include/astra_camera_msgs/astra_camera_msgs/srv/get_camera_info.hpp
[1.647s] -- Up-to-date: /Pav-S_ws/install/astra_camera_msgs/include/astra_camera_msgs/astra_camera_msgs/srv/get_string.hpp
[1.647s] -- Up-to-date: /Pav-S_ws/install/astra_camera_msgs/include/astra_camera_msgs/astra_camera_msgs/srv/detail
[1.647s] -- Up-to-date: /Pav-S_ws/install/astra_camera_msgs/include/astra_camera_msgs/astra_camera_msgs/srv/detail/get_camera_info__traits.hpp
[1.647s] -- Up-to-date: /Pav-S_ws/install/astra_camera_msgs/include/astra_camera_msgs/astra_camera_msgs/srv/detail/get_int32__struct.hpp
[1.647s] -- Up-to-date: /Pav-S_ws/install/astra_camera_msgs/include/astra_camera_msgs/astra_camera_msgs/srv/detail/get_device_info__struct.hpp
[1.647s] -- Up-to-date: /Pav-S_ws/install/astra_camera_msgs/include/astra_camera_msgs/astra_camera_msgs/srv/detail/get_camera_params__traits.hpp
[1.647s] -- Up-to-date: /Pav-S_ws/install/astra_camera_msgs/include/astra_camera_msgs/astra_camera_msgs/srv/detail/set_int32__struct.hpp
[1.647s] -- Up-to-date: /Pav-S_ws/install/astra_camera_msgs/include/astra_camera_msgs/astra_camera_msgs/srv/detail/get_int32__type_support.hpp
[1.648s] -- Up-to-date: /Pav-S_ws/install/astra_camera_msgs/include/astra_camera_msgs/astra_camera_msgs/srv/detail/set_int32__traits.hpp
[1.648s] -- Up-to-date: /Pav-S_ws/install/astra_camera_msgs/include/astra_camera_msgs/astra_camera_msgs/srv/detail/get_string__traits.hpp
[1.648s] -- Up-to-date: /Pav-S_ws/install/astra_camera_msgs/include/astra_camera_msgs/astra_camera_msgs/srv/detail/get_string__type_support.hpp
[1.648s] -- Up-to-date: /Pav-S_ws/install/astra_camera_msgs/include/astra_camera_msgs/astra_camera_msgs/srv/detail/get_camera_params__struct.hpp
[1.648s] -- Up-to-date: /Pav-S_ws/install/astra_camera_msgs/include/astra_camera_msgs/astra_camera_msgs/srv/detail/get_camera_info__type_support.hpp
[1.648s] -- Up-to-date: /Pav-S_ws/install/astra_camera_msgs/include/astra_camera_msgs/astra_camera_msgs/srv/detail/set_int32__type_support.hpp
[1.648s] -- Up-to-date: /Pav-S_ws/install/astra_camera_msgs/include/astra_camera_msgs/astra_camera_msgs/srv/detail/get_int32__builder.hpp
[1.649s] -- Up-to-date: /Pav-S_ws/install/astra_camera_msgs/include/astra_camera_msgs/astra_camera_msgs/srv/detail/get_device_info__type_support.hpp
[1.649s] -- Up-to-date: /Pav-S_ws/install/astra_camera_msgs/include/astra_camera_msgs/astra_camera_msgs/srv/detail/get_camera_info__builder.hpp
[1.649s] -- Up-to-date: /Pav-S_ws/install/astra_camera_msgs/include/astra_camera_msgs/astra_camera_msgs/srv/detail/get_device_info__builder.hpp
[1.649s] -- Up-to-date: /Pav-S_ws/install/astra_camera_msgs/include/astra_camera_msgs/astra_camera_msgs/srv/detail/get_device_info__traits.hpp
[1.649s] -- Up-to-date: /Pav-S_ws/install/astra_camera_msgs/include/astra_camera_msgs/astra_camera_msgs/srv/detail/get_camera_params__builder.hpp
[1.649s] -- Up-to-date: /Pav-S_ws/install/astra_camera_msgs/include/astra_camera_msgs/astra_camera_msgs/srv/detail/get_string__builder.hpp
[1.649s] -- Up-to-date: /Pav-S_ws/install/astra_camera_msgs/include/astra_camera_msgs/astra_camera_msgs/srv/detail/get_string__struct.hpp
[1.649s] -- Up-to-date: /Pav-S_ws/install/astra_camera_msgs/include/astra_camera_msgs/astra_camera_msgs/srv/detail/get_camera_info__struct.hpp
[1.650s] -- Up-to-date: /Pav-S_ws/install/astra_camera_msgs/include/astra_camera_msgs/astra_camera_msgs/srv/detail/get_int32__traits.hpp
[1.650s] -- Up-to-date: /Pav-S_ws/install/astra_camera_msgs/include/astra_camera_msgs/astra_camera_msgs/srv/detail/set_int32__builder.hpp
[1.650s] -- Up-to-date: /Pav-S_ws/install/astra_camera_msgs/include/astra_camera_msgs/astra_camera_msgs/srv/detail/get_camera_params__type_support.hpp
[1.650s] -- Up-to-date: /Pav-S_ws/install/astra_camera_msgs/include/astra_camera_msgs/astra_camera_msgs/srv/get_int32.hpp
[1.650s] -- Up-to-date: /Pav-S_ws/install/astra_camera_msgs/include/astra_camera_msgs/astra_camera_msgs/srv/get_device_info.hpp
[1.650s] -- Up-to-date: /Pav-S_ws/install/astra_camera_msgs/include/astra_camera_msgs/astra_camera_msgs/msg
[1.650s] -- Up-to-date: /Pav-S_ws/install/astra_camera_msgs/include/astra_camera_msgs/astra_camera_msgs/msg/rosidl_generator_cpp__visibility_control.hpp
[1.650s] -- Up-to-date: /Pav-S_ws/install/astra_camera_msgs/include/astra_camera_msgs/astra_camera_msgs/msg/device_info.hpp
[1.651s] -- Up-to-date: /Pav-S_ws/install/astra_camera_msgs/include/astra_camera_msgs/astra_camera_msgs/msg/detail
[1.651s] -- Up-to-date: /Pav-S_ws/install/astra_camera_msgs/include/astra_camera_msgs/astra_camera_msgs/msg/detail/metadata__builder.hpp
[1.651s] -- Up-to-date: /Pav-S_ws/install/astra_camera_msgs/include/astra_camera_msgs/astra_camera_msgs/msg/detail/metadata__traits.hpp
[1.651s] -- Up-to-date: /Pav-S_ws/install/astra_camera_msgs/include/astra_camera_msgs/astra_camera_msgs/msg/detail/metadata__struct.hpp
[1.651s] -- Up-to-date: /Pav-S_ws/install/astra_camera_msgs/include/astra_camera_msgs/astra_camera_msgs/msg/detail/extrinsics__struct.hpp
[1.651s] -- Up-to-date: /Pav-S_ws/install/astra_camera_msgs/include/astra_camera_msgs/astra_camera_msgs/msg/detail/device_info__builder.hpp
[1.651s] -- Up-to-date: /Pav-S_ws/install/astra_camera_msgs/include/astra_camera_msgs/astra_camera_msgs/msg/detail/extrinsics__traits.hpp
[1.651s] -- Up-to-date: /Pav-S_ws/install/astra_camera_msgs/include/astra_camera_msgs/astra_camera_msgs/msg/detail/device_info__traits.hpp
[1.652s] -- Up-to-date: /Pav-S_ws/install/astra_camera_msgs/include/astra_camera_msgs/astra_camera_msgs/msg/detail/device_info__struct.hpp
[1.652s] -- Up-to-date: /Pav-S_ws/install/astra_camera_msgs/include/astra_camera_msgs/astra_camera_msgs/msg/detail/device_info__type_support.hpp
[1.652s] -- Up-to-date: /Pav-S_ws/install/astra_camera_msgs/include/astra_camera_msgs/astra_camera_msgs/msg/detail/extrinsics__type_support.hpp
[1.652s] -- Up-to-date: /Pav-S_ws/install/astra_camera_msgs/include/astra_camera_msgs/astra_camera_msgs/msg/detail/metadata__type_support.hpp
[1.652s] -- Up-to-date: /Pav-S_ws/install/astra_camera_msgs/include/astra_camera_msgs/astra_camera_msgs/msg/detail/extrinsics__builder.hpp
[1.662s] -- Up-to-date: /Pav-S_ws/install/astra_camera_msgs/include/astra_camera_msgs/astra_camera_msgs/msg/extrinsics.hpp
[1.663s] -- Up-to-date: /Pav-S_ws/install/astra_camera_msgs/include/astra_camera_msgs/astra_camera_msgs/msg/metadata.hpp
[1.663s] -- Up-to-date: /Pav-S_ws/install/astra_camera_msgs/include/astra_camera_msgs/astra_camera_msgs
[1.663s] -- Up-to-date: /Pav-S_ws/install/astra_camera_msgs/include/astra_camera_msgs/astra_camera_msgs/srv
[1.663s] -- Up-to-date: /Pav-S_ws/install/astra_camera_msgs/include/astra_camera_msgs/astra_camera_msgs/srv/detail
[1.663s] -- Up-to-date: /Pav-S_ws/install/astra_camera_msgs/include/astra_camera_msgs/astra_camera_msgs/srv/detail/set_int32__rosidl_typesupport_fastrtps_cpp.hpp
[1.664s] -- Up-to-date: /Pav-S_ws/install/astra_camera_msgs/include/astra_camera_msgs/astra_camera_msgs/srv/detail/get_string__rosidl_typesupport_fastrtps_cpp.hpp
[1.664s] -- Up-to-date: /Pav-S_ws/install/astra_camera_msgs/include/astra_camera_msgs/astra_camera_msgs/srv/detail/get_camera_info__rosidl_typesupport_fastrtps_cpp.hpp
[1.664s] -- Up-to-date: /Pav-S_ws/install/astra_camera_msgs/include/astra_camera_msgs/astra_camera_msgs/srv/detail/get_device_info__rosidl_typesupport_fastrtps_cpp.hpp
[1.664s] -- Up-to-date: /Pav-S_ws/install/astra_camera_msgs/include/astra_camera_msgs/astra_camera_msgs/srv/detail/get_int32__rosidl_typesupport_fastrtps_cpp.hpp
[1.664s] -- Up-to-date: /Pav-S_ws/install/astra_camera_msgs/include/astra_camera_msgs/astra_camera_msgs/srv/detail/dds_fastrtps
[1.664s] -- Up-to-date: /Pav-S_ws/install/astra_camera_msgs/include/astra_camera_msgs/astra_camera_msgs/srv/detail/get_camera_params__rosidl_typesupport_fastrtps_cpp.hpp
[1.664s] -- Up-to-date: /Pav-S_ws/install/astra_camera_msgs/include/astra_camera_msgs/astra_camera_msgs/msg
[1.664s] -- Up-to-date: /Pav-S_ws/install/astra_camera_msgs/include/astra_camera_msgs/astra_camera_msgs/msg/detail
[1.665s] -- Up-to-date: /Pav-S_ws/install/astra_camera_msgs/include/astra_camera_msgs/astra_camera_msgs/msg/detail/extrinsics__rosidl_typesupport_fastrtps_cpp.hpp
[1.665s] -- Up-to-date: /Pav-S_ws/install/astra_camera_msgs/include/astra_camera_msgs/astra_camera_msgs/msg/detail/device_info__rosidl_typesupport_fastrtps_cpp.hpp
[1.665s] -- Up-to-date: /Pav-S_ws/install/astra_camera_msgs/include/astra_camera_msgs/astra_camera_msgs/msg/detail/metadata__rosidl_typesupport_fastrtps_cpp.hpp
[1.665s] -- Up-to-date: /Pav-S_ws/install/astra_camera_msgs/include/astra_camera_msgs/astra_camera_msgs/msg/detail/dds_fastrtps
[1.665s] -- Up-to-date: /Pav-S_ws/install/astra_camera_msgs/include/astra_camera_msgs/astra_camera_msgs/msg/rosidl_typesupport_fastrtps_cpp__visibility_control.h
[1.665s] -- Up-to-date: /Pav-S_ws/install/astra_camera_msgs/lib/libastra_camera_msgs__rosidl_typesupport_fastrtps_cpp.so
[1.665s] -- Up-to-date: /Pav-S_ws/install/astra_camera_msgs/include/astra_camera_msgs/astra_camera_msgs
[1.666s] -- Up-to-date: /Pav-S_ws/install/astra_camera_msgs/include/astra_camera_msgs/astra_camera_msgs/srv
[1.666s] -- Up-to-date: /Pav-S_ws/install/astra_camera_msgs/include/astra_camera_msgs/astra_camera_msgs/srv/detail
[1.666s] -- Up-to-date: /Pav-S_ws/install/astra_camera_msgs/include/astra_camera_msgs/astra_camera_msgs/srv/detail/get_camera_info__type_support.cpp
[1.666s] -- Up-to-date: /Pav-S_ws/install/astra_camera_msgs/include/astra_camera_msgs/astra_camera_msgs/srv/detail/get_device_info__type_support.cpp
[1.667s] -- Up-to-date: /Pav-S_ws/install/astra_camera_msgs/include/astra_camera_msgs/astra_camera_msgs/srv/detail/get_device_info__rosidl_typesupport_introspection_cpp.hpp
[1.667s] -- Up-to-date: /Pav-S_ws/install/astra_camera_msgs/include/astra_camera_msgs/astra_camera_msgs/srv/detail/get_int32__rosidl_typesupport_introspection_cpp.hpp
[1.667s] -- Up-to-date: /Pav-S_ws/install/astra_camera_msgs/include/astra_camera_msgs/astra_camera_msgs/srv/detail/get_camera_params__rosidl_typesupport_introspection_cpp.hpp
[1.667s] -- Up-to-date: /Pav-S_ws/install/astra_camera_msgs/include/astra_camera_msgs/astra_camera_msgs/srv/detail/get_string__rosidl_typesupport_introspection_cpp.hpp
[1.667s] -- Up-to-date: /Pav-S_ws/install/astra_camera_msgs/include/astra_camera_msgs/astra_camera_msgs/srv/detail/get_camera_info__rosidl_typesupport_introspection_cpp.hpp
[1.667s] -- Up-to-date: /Pav-S_ws/install/astra_camera_msgs/include/astra_camera_msgs/astra_camera_msgs/srv/detail/get_camera_params__type_support.cpp
[1.667s] -- Up-to-date: /Pav-S_ws/install/astra_camera_msgs/include/astra_camera_msgs/astra_camera_msgs/srv/detail/get_int32__type_support.cpp
[1.668s] -- Up-to-date: /Pav-S_ws/install/astra_camera_msgs/include/astra_camera_msgs/astra_camera_msgs/srv/detail/get_string__type_support.cpp
[1.668s] -- Up-to-date: /Pav-S_ws/install/astra_camera_msgs/include/astra_camera_msgs/astra_camera_msgs/srv/detail/set_int32__type_support.cpp
[1.668s] -- Up-to-date: /Pav-S_ws/install/astra_camera_msgs/include/astra_camera_msgs/astra_camera_msgs/srv/detail/set_int32__rosidl_typesupport_introspection_cpp.hpp
[1.668s] -- Up-to-date: /Pav-S_ws/install/astra_camera_msgs/include/astra_camera_msgs/astra_camera_msgs/msg
[1.668s] -- Up-to-date: /Pav-S_ws/install/astra_camera_msgs/include/astra_camera_msgs/astra_camera_msgs/msg/detail
[1.668s] -- Up-to-date: /Pav-S_ws/install/astra_camera_msgs/include/astra_camera_msgs/astra_camera_msgs/msg/detail/metadata__type_support.cpp
[1.668s] -- Up-to-date: /Pav-S_ws/install/astra_camera_msgs/include/astra_camera_msgs/astra_camera_msgs/msg/detail/extrinsics__rosidl_typesupport_introspection_cpp.hpp
[1.668s] -- Up-to-date: /Pav-S_ws/install/astra_camera_msgs/include/astra_camera_msgs/astra_camera_msgs/msg/detail/device_info__type_support.cpp
[1.669s] -- Up-to-date: /Pav-S_ws/install/astra_camera_msgs/include/astra_camera_msgs/astra_camera_msgs/msg/detail/device_info__rosidl_typesupport_introspection_cpp.hpp
[1.669s] -- Up-to-date: /Pav-S_ws/install/astra_camera_msgs/include/astra_camera_msgs/astra_camera_msgs/msg/detail/extrinsics__type_support.cpp
[1.669s] -- Up-to-date: /Pav-S_ws/install/astra_camera_msgs/include/astra_camera_msgs/astra_camera_msgs/msg/detail/metadata__rosidl_typesupport_introspection_cpp.hpp
[1.669s] -- Up-to-date: /Pav-S_ws/install/astra_camera_msgs/lib/libastra_camera_msgs__rosidl_typesupport_introspection_cpp.so
[1.669s] -- Up-to-date: /Pav-S_ws/install/astra_camera_msgs/lib/libastra_camera_msgs__rosidl_typesupport_cpp.so
[1.670s] -- Up-to-date: /Pav-S_ws/install/astra_camera_msgs/share/astra_camera_msgs/environment/pythonpath.sh
[1.670s] -- Up-to-date: /Pav-S_ws/install/astra_camera_msgs/share/astra_camera_msgs/environment/pythonpath.dsv
[1.670s] -- Up-to-date: /Pav-S_ws/install/astra_camera_msgs/local/lib/python3.10/dist-packages/astra_camera_msgs-1.0.1-py3.10.egg-info
[1.670s] -- Installing: /Pav-S_ws/install/astra_camera_msgs/local/lib/python3.10/dist-packages/astra_camera_msgs-1.0.1-py3.10.egg-info/dependency_links.txt
[1.671s] -- Installing: /Pav-S_ws/install/astra_camera_msgs/local/lib/python3.10/dist-packages/astra_camera_msgs-1.0.1-py3.10.egg-info/SOURCES.txt
[1.671s] -- Installing: /Pav-S_ws/install/astra_camera_msgs/local/lib/python3.10/dist-packages/astra_camera_msgs-1.0.1-py3.10.egg-info/PKG-INFO
[1.671s] -- Installing: /Pav-S_ws/install/astra_camera_msgs/local/lib/python3.10/dist-packages/astra_camera_msgs-1.0.1-py3.10.egg-info/top_level.txt
[1.671s] -- Up-to-date: /Pav-S_ws/install/astra_camera_msgs/local/lib/python3.10/dist-packages/astra_camera_msgs
[1.671s] -- Up-to-date: /Pav-S_ws/install/astra_camera_msgs/local/lib/python3.10/dist-packages/astra_camera_msgs/_astra_camera_msgs_s.ep.rosidl_typesupport_fastrtps_c.c
[1.671s] -- Up-to-date: /Pav-S_ws/install/astra_camera_msgs/local/lib/python3.10/dist-packages/astra_camera_msgs/libastra_camera_msgs__rosidl_generator_py.so
[1.671s] -- Up-to-date: /Pav-S_ws/install/astra_camera_msgs/local/lib/python3.10/dist-packages/astra_camera_msgs/srv
[1.671s] -- Up-to-date: /Pav-S_ws/install/astra_camera_msgs/local/lib/python3.10/dist-packages/astra_camera_msgs/srv/_get_camera_info_s.c
[1.671s] -- Up-to-date: /Pav-S_ws/install/astra_camera_msgs/local/lib/python3.10/dist-packages/astra_camera_msgs/srv/_get_int32.py
[1.672s] -- Up-to-date: /Pav-S_ws/install/astra_camera_msgs/local/lib/python3.10/dist-packages/astra_camera_msgs/srv/_get_int32_s.c
[1.677s] -- Up-to-date: /Pav-S_ws/install/astra_camera_msgs/local/lib/python3.10/dist-packages/astra_camera_msgs/srv/_set_int32_s.c
[1.678s] -- Up-to-date: /Pav-S_ws/install/astra_camera_msgs/local/lib/python3.10/dist-packages/astra_camera_msgs/srv/_get_camera_params.py
[1.678s] -- Up-to-date: /Pav-S_ws/install/astra_camera_msgs/local/lib/python3.10/dist-packages/astra_camera_msgs/srv/_get_device_info.py
[1.678s] -- Up-to-date: /Pav-S_ws/install/astra_camera_msgs/local/lib/python3.10/dist-packages/astra_camera_msgs/srv/_get_camera_params_s.c
[1.678s] -- Up-to-date: /Pav-S_ws/install/astra_camera_msgs/local/lib/python3.10/dist-packages/astra_camera_msgs/srv/_get_camera_info.py
[1.678s] -- Up-to-date: /Pav-S_ws/install/astra_camera_msgs/local/lib/python3.10/dist-packages/astra_camera_msgs/srv/_get_device_info_s.c
[1.678s] -- Up-to-date: /Pav-S_ws/install/astra_camera_msgs/local/lib/python3.10/dist-packages/astra_camera_msgs/srv/__init__.py
[1.679s] -- Up-to-date: /Pav-S_ws/install/astra_camera_msgs/local/lib/python3.10/dist-packages/astra_camera_msgs/srv/_get_string_s.c
[1.679s] -- Up-to-date: /Pav-S_ws/install/astra_camera_msgs/local/lib/python3.10/dist-packages/astra_camera_msgs/srv/_get_string.py
[1.679s] -- Up-to-date: /Pav-S_ws/install/astra_camera_msgs/local/lib/python3.10/dist-packages/astra_camera_msgs/srv/_set_int32.py
[1.679s] -- Up-to-date: /Pav-S_ws/install/astra_camera_msgs/local/lib/python3.10/dist-packages/astra_camera_msgs/_astra_camera_msgs_s.ep.rosidl_typesupport_introspection_c.c
[1.679s] -- Up-to-date: /Pav-S_ws/install/astra_camera_msgs/local/lib/python3.10/dist-packages/astra_camera_msgs/astra_camera_msgs_s__rosidl_typesupport_c.cpython-310-aarch64-linux-gnu.so
[1.679s] -- Up-to-date: /Pav-S_ws/install/astra_camera_msgs/local/lib/python3.10/dist-packages/astra_camera_msgs/_astra_camera_msgs_s.ep.rosidl_typesupport_c.c
[1.679s] -- Up-to-date: /Pav-S_ws/install/astra_camera_msgs/local/lib/python3.10/dist-packages/astra_camera_msgs/msg
[1.679s] -- Up-to-date: /Pav-S_ws/install/astra_camera_msgs/local/lib/python3.10/dist-packages/astra_camera_msgs/msg/_device_info.py
[1.680s] -- Up-to-date: /Pav-S_ws/install/astra_camera_msgs/local/lib/python3.10/dist-packages/astra_camera_msgs/msg/_extrinsics_s.c
[1.680s] -- Up-to-date: /Pav-S_ws/install/astra_camera_msgs/local/lib/python3.10/dist-packages/astra_camera_msgs/msg/_device_info_s.c
[1.680s] -- Up-to-date: /Pav-S_ws/install/astra_camera_msgs/local/lib/python3.10/dist-packages/astra_camera_msgs/msg/_metadata.py
[1.680s] -- Up-to-date: /Pav-S_ws/install/astra_camera_msgs/local/lib/python3.10/dist-packages/astra_camera_msgs/msg/_metadata_s.c
[1.680s] -- Up-to-date: /Pav-S_ws/install/astra_camera_msgs/local/lib/python3.10/dist-packages/astra_camera_msgs/msg/__init__.py
[1.680s] -- Up-to-date: /Pav-S_ws/install/astra_camera_msgs/local/lib/python3.10/dist-packages/astra_camera_msgs/msg/_extrinsics.py
[1.680s] -- Up-to-date: /Pav-S_ws/install/astra_camera_msgs/local/lib/python3.10/dist-packages/astra_camera_msgs/astra_camera_msgs_s__rosidl_typesupport_fastrtps_c.cpython-310-aarch64-linux-gnu.so
[1.681s] -- Up-to-date: /Pav-S_ws/install/astra_camera_msgs/local/lib/python3.10/dist-packages/astra_camera_msgs/__init__.py
[1.681s] -- Up-to-date: /Pav-S_ws/install/astra_camera_msgs/local/lib/python3.10/dist-packages/astra_camera_msgs/astra_camera_msgs_s__rosidl_typesupport_introspection_c.cpython-310-aarch64-linux-gnu.so
[1.728s] Listing '/Pav-S_ws/install/astra_camera_msgs/local/lib/python3.10/dist-packages/astra_camera_msgs'...
[1.729s] Listing '/Pav-S_ws/install/astra_camera_msgs/local/lib/python3.10/dist-packages/astra_camera_msgs/msg'...
[1.729s] Listing '/Pav-S_ws/install/astra_camera_msgs/local/lib/python3.10/dist-packages/astra_camera_msgs/srv'...
[1.741s] -- Up-to-date: /Pav-S_ws/install/astra_camera_msgs/local/lib/python3.10/dist-packages/astra_camera_msgs/astra_camera_msgs_s__rosidl_typesupport_fastrtps_c.cpython-310-aarch64-linux-gnu.so
[1.742s] -- Up-to-date: /Pav-S_ws/install/astra_camera_msgs/local/lib/python3.10/dist-packages/astra_camera_msgs/astra_camera_msgs_s__rosidl_typesupport_introspection_c.cpython-310-aarch64-linux-gnu.so
[1.754s] -- Up-to-date: /Pav-S_ws/install/astra_camera_msgs/local/lib/python3.10/dist-packages/astra_camera_msgs/astra_camera_msgs_s__rosidl_typesupport_c.cpython-310-aarch64-linux-gnu.so
[1.754s] -- Up-to-date: /Pav-S_ws/install/astra_camera_msgs/lib/libastra_camera_msgs__rosidl_generator_py.so
[1.754s] -- Up-to-date: /Pav-S_ws/install/astra_camera_msgs/share/astra_camera_msgs/msg/DeviceInfo.idl
[1.755s] -- Up-to-date: /Pav-S_ws/install/astra_camera_msgs/share/astra_camera_msgs/msg/Extrinsics.idl
[1.755s] -- Up-to-date: /Pav-S_ws/install/astra_camera_msgs/share/astra_camera_msgs/msg/Metadata.idl
[1.755s] -- Up-to-date: /Pav-S_ws/install/astra_camera_msgs/share/astra_camera_msgs/srv/GetDeviceInfo.idl
[1.755s] -- Up-to-date: /Pav-S_ws/install/astra_camera_msgs/share/astra_camera_msgs/srv/GetCameraInfo.idl
[1.755s] -- Up-to-date: /Pav-S_ws/install/astra_camera_msgs/share/astra_camera_msgs/srv/GetCameraParams.idl
[1.755s] -- Up-to-date: /Pav-S_ws/install/astra_camera_msgs/share/astra_camera_msgs/srv/GetInt32.idl
[1.755s] -- Up-to-date: /Pav-S_ws/install/astra_camera_msgs/share/astra_camera_msgs/srv/GetString.idl
[1.755s] -- Up-to-date: /Pav-S_ws/install/astra_camera_msgs/share/astra_camera_msgs/srv/SetInt32.idl
[1.756s] -- Up-to-date: /Pav-S_ws/install/astra_camera_msgs/share/astra_camera_msgs/msg/DeviceInfo.msg
[1.756s] -- Up-to-date: /Pav-S_ws/install/astra_camera_msgs/share/astra_camera_msgs/msg/Extrinsics.msg
[1.756s] -- Up-to-date: /Pav-S_ws/install/astra_camera_msgs/share/astra_camera_msgs/msg/Metadata.msg
[1.756s] -- Up-to-date: /Pav-S_ws/install/astra_camera_msgs/share/astra_camera_msgs/srv/GetDeviceInfo.srv
[1.756s] -- Up-to-date: /Pav-S_ws/install/astra_camera_msgs/share/astra_camera_msgs/srv/GetDeviceInfo_Request.msg
[1.757s] -- Up-to-date: /Pav-S_ws/install/astra_camera_msgs/share/astra_camera_msgs/srv/GetDeviceInfo_Response.msg
[1.757s] -- Up-to-date: /Pav-S_ws/install/astra_camera_msgs/share/astra_camera_msgs/srv/GetCameraInfo.srv
[1.757s] -- Up-to-date: /Pav-S_ws/install/astra_camera_msgs/share/astra_camera_msgs/srv/GetCameraInfo_Request.msg
[1.757s] -- Up-to-date: /Pav-S_ws/install/astra_camera_msgs/share/astra_camera_msgs/srv/GetCameraInfo_Response.msg
[1.757s] -- Up-to-date: /Pav-S_ws/install/astra_camera_msgs/share/astra_camera_msgs/srv/GetCameraParams.srv
[1.757s] -- Up-to-date: /Pav-S_ws/install/astra_camera_msgs/share/astra_camera_msgs/srv/GetCameraParams_Request.msg
[1.757s] -- Up-to-date: /Pav-S_ws/install/astra_camera_msgs/share/astra_camera_msgs/srv/GetCameraParams_Response.msg
[1.758s] -- Up-to-date: /Pav-S_ws/install/astra_camera_msgs/share/astra_camera_msgs/srv/GetInt32.srv
[1.758s] -- Up-to-date: /Pav-S_ws/install/astra_camera_msgs/share/astra_camera_msgs/srv/GetInt32_Request.msg
[1.758s] -- Up-to-date: /Pav-S_ws/install/astra_camera_msgs/share/astra_camera_msgs/srv/GetInt32_Response.msg
[1.758s] -- Up-to-date: /Pav-S_ws/install/astra_camera_msgs/share/astra_camera_msgs/srv/GetString.srv
[1.758s] -- Up-to-date: /Pav-S_ws/install/astra_camera_msgs/share/astra_camera_msgs/srv/GetString_Request.msg
[1.759s] -- Up-to-date: /Pav-S_ws/install/astra_camera_msgs/share/astra_camera_msgs/srv/GetString_Response.msg
[1.759s] -- Up-to-date: /Pav-S_ws/install/astra_camera_msgs/share/astra_camera_msgs/srv/SetInt32.srv
[1.759s] -- Up-to-date: /Pav-S_ws/install/astra_camera_msgs/share/astra_camera_msgs/srv/SetInt32_Request.msg
[1.759s] -- Up-to-date: /Pav-S_ws/install/astra_camera_msgs/share/astra_camera_msgs/srv/SetInt32_Response.msg
[1.759s] -- Up-to-date: /Pav-S_ws/install/astra_camera_msgs/share/ament_index/resource_index/package_run_dependencies/astra_camera_msgs
[1.759s] -- Up-to-date: /Pav-S_ws/install/astra_camera_msgs/share/ament_index/resource_index/parent_prefix_path/astra_camera_msgs
[1.759s] -- Up-to-date: /Pav-S_ws/install/astra_camera_msgs/share/astra_camera_msgs/environment/ament_prefix_path.sh
[1.760s] -- Up-to-date: /Pav-S_ws/install/astra_camera_msgs/share/astra_camera_msgs/environment/ament_prefix_path.dsv
[1.760s] -- Up-to-date: /Pav-S_ws/install/astra_camera_msgs/share/astra_camera_msgs/environment/path.sh
[1.760s] -- Up-to-date: /Pav-S_ws/install/astra_camera_msgs/share/astra_camera_msgs/environment/path.dsv
[1.760s] -- Up-to-date: /Pav-S_ws/install/astra_camera_msgs/share/astra_camera_msgs/local_setup.bash
[1.760s] -- Up-to-date: /Pav-S_ws/install/astra_camera_msgs/share/astra_camera_msgs/local_setup.sh
[1.760s] -- Up-to-date: /Pav-S_ws/install/astra_camera_msgs/share/astra_camera_msgs/local_setup.zsh
[1.760s] -- Up-to-date: /Pav-S_ws/install/astra_camera_msgs/share/astra_camera_msgs/local_setup.dsv
[1.761s] -- Installing: /Pav-S_ws/install/astra_camera_msgs/share/astra_camera_msgs/package.dsv
[1.761s] -- Up-to-date: /Pav-S_ws/install/astra_camera_msgs/share/ament_index/resource_index/packages/astra_camera_msgs
[1.761s] -- Up-to-date: /Pav-S_ws/install/astra_camera_msgs/share/astra_camera_msgs/cmake/export_astra_camera_msgs__rosidl_generator_cExport.cmake
[1.761s] -- Up-to-date: /Pav-S_ws/install/astra_camera_msgs/share/astra_camera_msgs/cmake/export_astra_camera_msgs__rosidl_generator_cExport-release.cmake
[1.761s] -- Up-to-date: /Pav-S_ws/install/astra_camera_msgs/share/astra_camera_msgs/cmake/export_astra_camera_msgs__rosidl_typesupport_fastrtps_cExport.cmake
[1.761s] -- Up-to-date: /Pav-S_ws/install/astra_camera_msgs/share/astra_camera_msgs/cmake/export_astra_camera_msgs__rosidl_typesupport_fastrtps_cExport-release.cmake
[1.762s] -- Up-to-date: /Pav-S_ws/install/astra_camera_msgs/share/astra_camera_msgs/cmake/astra_camera_msgs__rosidl_typesupport_introspection_cExport.cmake
[1.762s] -- Up-to-date: /Pav-S_ws/install/astra_camera_msgs/share/astra_camera_msgs/cmake/astra_camera_msgs__rosidl_typesupport_introspection_cExport-release.cmake
[1.762s] -- Up-to-date: /Pav-S_ws/install/astra_camera_msgs/share/astra_camera_msgs/cmake/astra_camera_msgs__rosidl_typesupport_cExport.cmake
[1.762s] -- Up-to-date: /Pav-S_ws/install/astra_camera_msgs/share/astra_camera_msgs/cmake/astra_camera_msgs__rosidl_typesupport_cExport-release.cmake
[1.762s] -- Up-to-date: /Pav-S_ws/install/astra_camera_msgs/share/astra_camera_msgs/cmake/export_astra_camera_msgs__rosidl_generator_cppExport.cmake
[1.762s] -- Up-to-date: /Pav-S_ws/install/astra_camera_msgs/share/astra_camera_msgs/cmake/export_astra_camera_msgs__rosidl_typesupport_fastrtps_cppExport.cmake
[1.763s] -- Up-to-date: /Pav-S_ws/install/astra_camera_msgs/share/astra_camera_msgs/cmake/export_astra_camera_msgs__rosidl_typesupport_fastrtps_cppExport-release.cmake
[1.763s] -- Up-to-date: /Pav-S_ws/install/astra_camera_msgs/share/astra_camera_msgs/cmake/astra_camera_msgs__rosidl_typesupport_introspection_cppExport.cmake
[1.763s] -- Up-to-date: /Pav-S_ws/install/astra_camera_msgs/share/astra_camera_msgs/cmake/astra_camera_msgs__rosidl_typesupport_introspection_cppExport-release.cmake
[1.765s] -- Up-to-date: /Pav-S_ws/install/astra_camera_msgs/share/astra_camera_msgs/cmake/astra_camera_msgs__rosidl_typesupport_cppExport.cmake
[1.771s] -- Up-to-date: /Pav-S_ws/install/astra_camera_msgs/share/astra_camera_msgs/cmake/astra_camera_msgs__rosidl_typesupport_cppExport-release.cmake
[1.772s] -- Up-to-date: /Pav-S_ws/install/astra_camera_msgs/share/astra_camera_msgs/cmake/export_astra_camera_msgs__rosidl_generator_pyExport.cmake
[1.772s] -- Up-to-date: /Pav-S_ws/install/astra_camera_msgs/share/astra_camera_msgs/cmake/export_astra_camera_msgs__rosidl_generator_pyExport-release.cmake
[1.772s] -- Up-to-date: /Pav-S_ws/install/astra_camera_msgs/share/astra_camera_msgs/cmake/rosidl_cmake-extras.cmake
[1.773s] -- Up-to-date: /Pav-S_ws/install/astra_camera_msgs/share/astra_camera_msgs/cmake/ament_cmake_export_dependencies-extras.cmake
[1.773s] -- Up-to-date: /Pav-S_ws/install/astra_camera_msgs/share/astra_camera_msgs/cmake/ament_cmake_export_include_directories-extras.cmake
[1.773s] -- Up-to-date: /Pav-S_ws/install/astra_camera_msgs/share/astra_camera_msgs/cmake/ament_cmake_export_libraries-extras.cmake
[1.773s] -- Up-to-date: /Pav-S_ws/install/astra_camera_msgs/share/astra_camera_msgs/cmake/ament_cmake_export_targets-extras.cmake
[1.773s] -- Up-to-date: /Pav-S_ws/install/astra_camera_msgs/share/astra_camera_msgs/cmake/rosidl_cmake_export_typesupport_targets-extras.cmake
[1.773s] -- Up-to-date: /Pav-S_ws/install/astra_camera_msgs/share/astra_camera_msgs/cmake/rosidl_cmake_export_typesupport_libraries-extras.cmake
[1.773s] -- Up-to-date: /Pav-S_ws/install/astra_camera_msgs/share/astra_camera_msgs/cmake/astra_camera_msgsConfig.cmake
[1.774s] -- Up-to-date: /Pav-S_ws/install/astra_camera_msgs/share/astra_camera_msgs/cmake/astra_camera_msgsConfig-version.cmake
[1.774s] -- Up-to-date: /Pav-S_ws/install/astra_camera_msgs/share/astra_camera_msgs/package.xml
[1.853s] Invoked command in '/Pav-S_ws/build/astra_camera_msgs' returned '0': CMAKE_PREFIX_PATH=${CMAKE_PREFIX_PATH}:/Pav-S_ws/install/yolo_detector:/Pav-S_ws/install/yolov5_lib:/Pav-S_ws/install/nav2_simple_commander:/opt/ros/humble /usr/bin/cmake --install /Pav-S_ws/build/astra_camera_msgs
